[2025-11-16T20:49:21.113+0000] {taskinstance.py:1956} INFO - Dependencies all met for dep_context=non-requeueable deps ti=<TaskInstance: dataset_analysis_dag.data_review manual__2025-11-16T20:48:39.714589+00:00 [queued]>
[2025-11-16T20:49:21.128+0000] {taskinstance.py:1956} INFO - Dependencies all met for dep_context=requeueable deps ti=<TaskInstance: dataset_analysis_dag.data_review manual__2025-11-16T20:48:39.714589+00:00 [queued]>
[2025-11-16T20:49:21.129+0000] {taskinstance.py:2170} INFO - Starting attempt 1 of 4
[2025-11-16T20:49:21.152+0000] {taskinstance.py:2191} INFO - Executing <Task(PythonOperator): data_review> on 2025-11-16 20:48:39.714589+00:00
[2025-11-16T20:49:21.164+0000] {standard_task_runner.py:60} INFO - Started process 603 to run task
[2025-11-16T20:49:21.170+0000] {standard_task_runner.py:87} INFO - Running: ['***', 'tasks', 'run', 'dataset_analysis_dag', 'data_review', 'manual__2025-11-16T20:48:39.714589+00:00', '--job-id', '14', '--raw', '--subdir', 'DAGS_FOLDER/dataset_analysis_dag.py', '--cfg-path', '/tmp/tmpc1j6mg9q']
[2025-11-16T20:49:21.171+0000] {standard_task_runner.py:88} INFO - Job 14: Subtask data_review
[2025-11-16T20:49:21.253+0000] {task_command.py:423} INFO - Running <TaskInstance: dataset_analysis_dag.data_review manual__2025-11-16T20:48:39.714589+00:00 [running]> on host bf501a25d773
[2025-11-16T20:49:21.375+0000] {taskinstance.py:2480} INFO - Exporting env vars: AIRFLOW_CTX_DAG_OWNER='Marin_Botina' AIRFLOW_CTX_DAG_ID='dataset_analysis_dag' AIRFLOW_CTX_TASK_ID='data_review' AIRFLOW_CTX_EXECUTION_DATE='2025-11-16T20:48:39.714589+00:00' AIRFLOW_CTX_TRY_NUMBER='1' AIRFLOW_CTX_DAG_RUN_ID='manual__2025-11-16T20:48:39.714589+00:00'
[2025-11-16T20:49:25.474+0000] {logging_mixin.py:188} INFO - 
=== CATEGORIES ===
[2025-11-16T20:49:25.477+0000] {logging_mixin.py:188} INFO - num_records: 50
[2025-11-16T20:49:25.480+0000] {logging_mixin.py:188} INFO - num_columns: 2
[2025-11-16T20:49:25.481+0000] {logging_mixin.py:188} INFO - columns: ['category_id', 'category_name']
[2025-11-16T20:49:25.481+0000] {logging_mixin.py:188} INFO - dtypes: {'category_id': 'int64', 'category_name': 'object'}
[2025-11-16T20:49:25.482+0000] {logging_mixin.py:188} INFO - nulls: {'category_id': 0, 'category_name': 0}
[2025-11-16T20:49:25.482+0000] {logging_mixin.py:188} INFO - duplicates: 0
[2025-11-16T20:49:25.483+0000] {logging_mixin.py:188} INFO - 
=== PRODUCT_CATEGORY ===
[2025-11-16T20:49:25.483+0000] {logging_mixin.py:188} INFO - num_records: 112011
[2025-11-16T20:49:25.483+0000] {logging_mixin.py:188} INFO - num_columns: 2
[2025-11-16T20:49:25.484+0000] {logging_mixin.py:188} INFO - columns: ['product_code', 'category_id']
[2025-11-16T20:49:25.484+0000] {logging_mixin.py:188} INFO - dtypes: {'product_code': 'object', 'category_id': 'object'}
[2025-11-16T20:49:25.485+0000] {logging_mixin.py:188} INFO - nulls: {'product_code': 0, 'category_id': 0}
[2025-11-16T20:49:25.485+0000] {logging_mixin.py:188} INFO - duplicates: 18473
[2025-11-16T20:49:25.485+0000] {logging_mixin.py:188} INFO - 
=== TRANSACTIONS ===
[2025-11-16T20:49:25.486+0000] {logging_mixin.py:188} INFO - num_records: 1108987
[2025-11-16T20:49:25.486+0000] {logging_mixin.py:188} INFO - num_columns: 9
[2025-11-16T20:49:25.487+0000] {logging_mixin.py:188} INFO - columns: ['date', 'store', 'customer', 'products', 'year', 'month', 'week', 'day_of_week', 'day_name']
[2025-11-16T20:49:25.487+0000] {logging_mixin.py:188} INFO - dtypes: {'date': 'datetime64[ns]', 'store': 'object', 'customer': 'object', 'products': 'object', 'year': 'int32', 'month': 'int32', 'week': 'UInt32', 'day_of_week': 'int32', 'day_name': 'object'}
[2025-11-16T20:49:25.488+0000] {logging_mixin.py:188} INFO - nulls: {'date': 0, 'store': 0, 'customer': 0, 'products': 0, 'year': 0, 'month': 0, 'week': 0, 'day_of_week': 0, 'day_name': 0}
[2025-11-16T20:49:25.489+0000] {logging_mixin.py:188} INFO - duplicates: 1
[2025-11-16T20:49:25.645+0000] {python.py:201} INFO - Done. Returned value was: None
[2025-11-16T20:49:25.665+0000] {taskinstance.py:1138} INFO - Marking task as SUCCESS. dag_id=dataset_analysis_dag, task_id=data_review, execution_date=20251116T204839, start_date=20251116T204921, end_date=20251116T204925
[2025-11-16T20:49:25.780+0000] {local_task_job_runner.py:234} INFO - Task exited with return code 0
[2025-11-16T20:49:25.848+0000] {taskinstance.py:3280} INFO - 1 downstream tasks scheduled from follow-on schedule check
