[2025-11-17T00:58:48.131+0000] {processor.py:161} INFO - Started process (PID=1888) to work on /home/airflow/.local/lib/python3.8/site-packages/airflow/example_dags/example_sensors.py
[2025-11-17T00:58:48.132+0000] {processor.py:830} INFO - Processing file /home/airflow/.local/lib/python3.8/site-packages/airflow/example_dags/example_sensors.py for tasks to queue
[2025-11-17T00:58:48.135+0000] {logging_mixin.py:188} INFO - [2025-11-17T00:58:48.134+0000] {dagbag.py:538} INFO - Filling up the DagBag from /home/airflow/.local/lib/python3.8/site-packages/airflow/example_dags/example_sensors.py
[2025-11-17T00:58:48.164+0000] {processor.py:840} INFO - DAG(s) 'example_sensors' retrieved from /home/airflow/.local/lib/python3.8/site-packages/airflow/example_dags/example_sensors.py
[2025-11-17T00:58:48.226+0000] {logging_mixin.py:188} INFO - [2025-11-17T00:58:48.225+0000] {dag.py:3036} INFO - Sync 1 DAGs
[2025-11-17T00:58:48.260+0000] {logging_mixin.py:188} INFO - [2025-11-17T00:58:48.259+0000] {dag.py:3823} INFO - Setting next_dagrun for example_sensors to None, run_after=None
[2025-11-17T00:58:48.330+0000] {processor.py:183} INFO - Processing /home/airflow/.local/lib/python3.8/site-packages/airflow/example_dags/example_sensors.py took 0.204 seconds
[2025-11-17T00:59:18.754+0000] {processor.py:161} INFO - Started process (PID=1966) to work on /home/airflow/.local/lib/python3.8/site-packages/airflow/example_dags/example_sensors.py
[2025-11-17T00:59:18.760+0000] {processor.py:830} INFO - Processing file /home/airflow/.local/lib/python3.8/site-packages/airflow/example_dags/example_sensors.py for tasks to queue
[2025-11-17T00:59:18.767+0000] {logging_mixin.py:188} INFO - [2025-11-17T00:59:18.765+0000] {dagbag.py:538} INFO - Filling up the DagBag from /home/airflow/.local/lib/python3.8/site-packages/airflow/example_dags/example_sensors.py
[2025-11-17T00:59:18.848+0000] {processor.py:840} INFO - DAG(s) 'example_sensors' retrieved from /home/airflow/.local/lib/python3.8/site-packages/airflow/example_dags/example_sensors.py
[2025-11-17T00:59:19.008+0000] {logging_mixin.py:188} INFO - [2025-11-17T00:59:19.008+0000] {dag.py:3036} INFO - Sync 1 DAGs
[2025-11-17T00:59:19.031+0000] {logging_mixin.py:188} INFO - [2025-11-17T00:59:19.030+0000] {dag.py:3823} INFO - Setting next_dagrun for example_sensors to None, run_after=None
[2025-11-17T00:59:19.079+0000] {processor.py:183} INFO - Processing /home/airflow/.local/lib/python3.8/site-packages/airflow/example_dags/example_sensors.py took 0.360 seconds
[2025-11-17T00:59:49.873+0000] {processor.py:161} INFO - Started process (PID=2047) to work on /home/airflow/.local/lib/python3.8/site-packages/airflow/example_dags/example_sensors.py
[2025-11-17T00:59:49.874+0000] {processor.py:830} INFO - Processing file /home/airflow/.local/lib/python3.8/site-packages/airflow/example_dags/example_sensors.py for tasks to queue
[2025-11-17T00:59:49.875+0000] {logging_mixin.py:188} INFO - [2025-11-17T00:59:49.874+0000] {dagbag.py:538} INFO - Filling up the DagBag from /home/airflow/.local/lib/python3.8/site-packages/airflow/example_dags/example_sensors.py
[2025-11-17T00:59:49.884+0000] {processor.py:840} INFO - DAG(s) 'example_sensors' retrieved from /home/airflow/.local/lib/python3.8/site-packages/airflow/example_dags/example_sensors.py
[2025-11-17T00:59:49.914+0000] {logging_mixin.py:188} INFO - [2025-11-17T00:59:49.914+0000] {dag.py:3036} INFO - Sync 1 DAGs
[2025-11-17T00:59:49.927+0000] {logging_mixin.py:188} INFO - [2025-11-17T00:59:49.927+0000] {dag.py:3823} INFO - Setting next_dagrun for example_sensors to None, run_after=None
[2025-11-17T00:59:49.951+0000] {processor.py:183} INFO - Processing /home/airflow/.local/lib/python3.8/site-packages/airflow/example_dags/example_sensors.py took 0.081 seconds
[2025-11-17T01:00:20.159+0000] {processor.py:161} INFO - Started process (PID=2128) to work on /home/airflow/.local/lib/python3.8/site-packages/airflow/example_dags/example_sensors.py
[2025-11-17T01:00:20.160+0000] {processor.py:830} INFO - Processing file /home/airflow/.local/lib/python3.8/site-packages/airflow/example_dags/example_sensors.py for tasks to queue
[2025-11-17T01:00:20.161+0000] {logging_mixin.py:188} INFO - [2025-11-17T01:00:20.160+0000] {dagbag.py:538} INFO - Filling up the DagBag from /home/airflow/.local/lib/python3.8/site-packages/airflow/example_dags/example_sensors.py
[2025-11-17T01:00:20.170+0000] {processor.py:840} INFO - DAG(s) 'example_sensors' retrieved from /home/airflow/.local/lib/python3.8/site-packages/airflow/example_dags/example_sensors.py
[2025-11-17T01:00:20.198+0000] {logging_mixin.py:188} INFO - [2025-11-17T01:00:20.198+0000] {dag.py:3036} INFO - Sync 1 DAGs
[2025-11-17T01:00:20.216+0000] {logging_mixin.py:188} INFO - [2025-11-17T01:00:20.216+0000] {dag.py:3823} INFO - Setting next_dagrun for example_sensors to None, run_after=None
[2025-11-17T01:00:20.241+0000] {processor.py:183} INFO - Processing /home/airflow/.local/lib/python3.8/site-packages/airflow/example_dags/example_sensors.py took 0.085 seconds
[2025-11-17T01:00:50.553+0000] {processor.py:161} INFO - Started process (PID=2224) to work on /home/airflow/.local/lib/python3.8/site-packages/airflow/example_dags/example_sensors.py
[2025-11-17T01:00:50.554+0000] {processor.py:830} INFO - Processing file /home/airflow/.local/lib/python3.8/site-packages/airflow/example_dags/example_sensors.py for tasks to queue
[2025-11-17T01:00:50.556+0000] {logging_mixin.py:188} INFO - [2025-11-17T01:00:50.555+0000] {dagbag.py:538} INFO - Filling up the DagBag from /home/airflow/.local/lib/python3.8/site-packages/airflow/example_dags/example_sensors.py
[2025-11-17T01:00:50.567+0000] {processor.py:840} INFO - DAG(s) 'example_sensors' retrieved from /home/airflow/.local/lib/python3.8/site-packages/airflow/example_dags/example_sensors.py
[2025-11-17T01:00:50.596+0000] {logging_mixin.py:188} INFO - [2025-11-17T01:00:50.596+0000] {dag.py:3036} INFO - Sync 1 DAGs
[2025-11-17T01:00:50.610+0000] {logging_mixin.py:188} INFO - [2025-11-17T01:00:50.610+0000] {dag.py:3823} INFO - Setting next_dagrun for example_sensors to None, run_after=None
[2025-11-17T01:00:50.634+0000] {processor.py:183} INFO - Processing /home/airflow/.local/lib/python3.8/site-packages/airflow/example_dags/example_sensors.py took 0.084 seconds
[2025-11-17T01:01:21.047+0000] {processor.py:161} INFO - Started process (PID=2305) to work on /home/airflow/.local/lib/python3.8/site-packages/airflow/example_dags/example_sensors.py
[2025-11-17T01:01:21.048+0000] {processor.py:830} INFO - Processing file /home/airflow/.local/lib/python3.8/site-packages/airflow/example_dags/example_sensors.py for tasks to queue
[2025-11-17T01:01:21.049+0000] {logging_mixin.py:188} INFO - [2025-11-17T01:01:21.049+0000] {dagbag.py:538} INFO - Filling up the DagBag from /home/airflow/.local/lib/python3.8/site-packages/airflow/example_dags/example_sensors.py
[2025-11-17T01:01:21.058+0000] {processor.py:840} INFO - DAG(s) 'example_sensors' retrieved from /home/airflow/.local/lib/python3.8/site-packages/airflow/example_dags/example_sensors.py
[2025-11-17T01:01:21.086+0000] {logging_mixin.py:188} INFO - [2025-11-17T01:01:21.086+0000] {dag.py:3036} INFO - Sync 1 DAGs
[2025-11-17T01:01:21.099+0000] {logging_mixin.py:188} INFO - [2025-11-17T01:01:21.099+0000] {dag.py:3823} INFO - Setting next_dagrun for example_sensors to None, run_after=None
[2025-11-17T01:01:21.122+0000] {processor.py:183} INFO - Processing /home/airflow/.local/lib/python3.8/site-packages/airflow/example_dags/example_sensors.py took 0.082 seconds
[2025-11-17T01:01:51.772+0000] {processor.py:161} INFO - Started process (PID=2394) to work on /home/airflow/.local/lib/python3.8/site-packages/airflow/example_dags/example_sensors.py
[2025-11-17T01:01:51.774+0000] {processor.py:830} INFO - Processing file /home/airflow/.local/lib/python3.8/site-packages/airflow/example_dags/example_sensors.py for tasks to queue
[2025-11-17T01:01:51.775+0000] {logging_mixin.py:188} INFO - [2025-11-17T01:01:51.775+0000] {dagbag.py:538} INFO - Filling up the DagBag from /home/airflow/.local/lib/python3.8/site-packages/airflow/example_dags/example_sensors.py
[2025-11-17T01:01:51.789+0000] {processor.py:840} INFO - DAG(s) 'example_sensors' retrieved from /home/airflow/.local/lib/python3.8/site-packages/airflow/example_dags/example_sensors.py
[2025-11-17T01:01:51.822+0000] {logging_mixin.py:188} INFO - [2025-11-17T01:01:51.822+0000] {dag.py:3036} INFO - Sync 1 DAGs
[2025-11-17T01:01:51.835+0000] {logging_mixin.py:188} INFO - [2025-11-17T01:01:51.835+0000] {dag.py:3823} INFO - Setting next_dagrun for example_sensors to None, run_after=None
[2025-11-17T01:01:51.862+0000] {processor.py:183} INFO - Processing /home/airflow/.local/lib/python3.8/site-packages/airflow/example_dags/example_sensors.py took 0.094 seconds
[2025-11-17T01:02:22.605+0000] {processor.py:161} INFO - Started process (PID=2482) to work on /home/airflow/.local/lib/python3.8/site-packages/airflow/example_dags/example_sensors.py
[2025-11-17T01:02:22.606+0000] {processor.py:830} INFO - Processing file /home/airflow/.local/lib/python3.8/site-packages/airflow/example_dags/example_sensors.py for tasks to queue
[2025-11-17T01:02:22.607+0000] {logging_mixin.py:188} INFO - [2025-11-17T01:02:22.607+0000] {dagbag.py:538} INFO - Filling up the DagBag from /home/airflow/.local/lib/python3.8/site-packages/airflow/example_dags/example_sensors.py
[2025-11-17T01:02:22.617+0000] {processor.py:840} INFO - DAG(s) 'example_sensors' retrieved from /home/airflow/.local/lib/python3.8/site-packages/airflow/example_dags/example_sensors.py
[2025-11-17T01:02:22.652+0000] {logging_mixin.py:188} INFO - [2025-11-17T01:02:22.652+0000] {dag.py:3036} INFO - Sync 1 DAGs
[2025-11-17T01:02:22.663+0000] {logging_mixin.py:188} INFO - [2025-11-17T01:02:22.663+0000] {dag.py:3823} INFO - Setting next_dagrun for example_sensors to None, run_after=None
[2025-11-17T01:02:22.700+0000] {processor.py:183} INFO - Processing /home/airflow/.local/lib/python3.8/site-packages/airflow/example_dags/example_sensors.py took 0.098 seconds
[2025-11-17T01:02:52.959+0000] {processor.py:161} INFO - Started process (PID=2563) to work on /home/airflow/.local/lib/python3.8/site-packages/airflow/example_dags/example_sensors.py
[2025-11-17T01:02:52.960+0000] {processor.py:830} INFO - Processing file /home/airflow/.local/lib/python3.8/site-packages/airflow/example_dags/example_sensors.py for tasks to queue
[2025-11-17T01:02:52.961+0000] {logging_mixin.py:188} INFO - [2025-11-17T01:02:52.961+0000] {dagbag.py:538} INFO - Filling up the DagBag from /home/airflow/.local/lib/python3.8/site-packages/airflow/example_dags/example_sensors.py
[2025-11-17T01:02:52.972+0000] {processor.py:840} INFO - DAG(s) 'example_sensors' retrieved from /home/airflow/.local/lib/python3.8/site-packages/airflow/example_dags/example_sensors.py
[2025-11-17T01:02:53.004+0000] {logging_mixin.py:188} INFO - [2025-11-17T01:02:53.004+0000] {dag.py:3036} INFO - Sync 1 DAGs
[2025-11-17T01:02:53.015+0000] {logging_mixin.py:188} INFO - [2025-11-17T01:02:53.014+0000] {dag.py:3823} INFO - Setting next_dagrun for example_sensors to None, run_after=None
[2025-11-17T01:02:53.046+0000] {processor.py:183} INFO - Processing /home/airflow/.local/lib/python3.8/site-packages/airflow/example_dags/example_sensors.py took 0.089 seconds
[2025-11-17T01:03:23.289+0000] {processor.py:161} INFO - Started process (PID=2659) to work on /home/airflow/.local/lib/python3.8/site-packages/airflow/example_dags/example_sensors.py
[2025-11-17T01:03:23.290+0000] {processor.py:830} INFO - Processing file /home/airflow/.local/lib/python3.8/site-packages/airflow/example_dags/example_sensors.py for tasks to queue
[2025-11-17T01:03:23.292+0000] {logging_mixin.py:188} INFO - [2025-11-17T01:03:23.291+0000] {dagbag.py:538} INFO - Filling up the DagBag from /home/airflow/.local/lib/python3.8/site-packages/airflow/example_dags/example_sensors.py
[2025-11-17T01:03:23.308+0000] {processor.py:840} INFO - DAG(s) 'example_sensors' retrieved from /home/airflow/.local/lib/python3.8/site-packages/airflow/example_dags/example_sensors.py
[2025-11-17T01:03:23.352+0000] {logging_mixin.py:188} INFO - [2025-11-17T01:03:23.351+0000] {dag.py:3036} INFO - Sync 1 DAGs
[2025-11-17T01:03:23.376+0000] {logging_mixin.py:188} INFO - [2025-11-17T01:03:23.376+0000] {dag.py:3823} INFO - Setting next_dagrun for example_sensors to None, run_after=None
[2025-11-17T01:03:23.411+0000] {processor.py:183} INFO - Processing /home/airflow/.local/lib/python3.8/site-packages/airflow/example_dags/example_sensors.py took 0.127 seconds
[2025-11-17T01:03:54.047+0000] {processor.py:161} INFO - Started process (PID=2741) to work on /home/airflow/.local/lib/python3.8/site-packages/airflow/example_dags/example_sensors.py
[2025-11-17T01:03:54.048+0000] {processor.py:830} INFO - Processing file /home/airflow/.local/lib/python3.8/site-packages/airflow/example_dags/example_sensors.py for tasks to queue
[2025-11-17T01:03:54.050+0000] {logging_mixin.py:188} INFO - [2025-11-17T01:03:54.049+0000] {dagbag.py:538} INFO - Filling up the DagBag from /home/airflow/.local/lib/python3.8/site-packages/airflow/example_dags/example_sensors.py
[2025-11-17T01:03:54.059+0000] {processor.py:840} INFO - DAG(s) 'example_sensors' retrieved from /home/airflow/.local/lib/python3.8/site-packages/airflow/example_dags/example_sensors.py
[2025-11-17T01:03:54.094+0000] {logging_mixin.py:188} INFO - [2025-11-17T01:03:54.094+0000] {dag.py:3036} INFO - Sync 1 DAGs
[2025-11-17T01:03:54.108+0000] {logging_mixin.py:188} INFO - [2025-11-17T01:03:54.108+0000] {dag.py:3823} INFO - Setting next_dagrun for example_sensors to None, run_after=None
[2025-11-17T01:03:54.134+0000] {processor.py:183} INFO - Processing /home/airflow/.local/lib/python3.8/site-packages/airflow/example_dags/example_sensors.py took 0.090 seconds
[2025-11-17T01:04:24.288+0000] {processor.py:161} INFO - Started process (PID=2822) to work on /home/airflow/.local/lib/python3.8/site-packages/airflow/example_dags/example_sensors.py
[2025-11-17T01:04:24.289+0000] {processor.py:830} INFO - Processing file /home/airflow/.local/lib/python3.8/site-packages/airflow/example_dags/example_sensors.py for tasks to queue
[2025-11-17T01:04:24.291+0000] {logging_mixin.py:188} INFO - [2025-11-17T01:04:24.290+0000] {dagbag.py:538} INFO - Filling up the DagBag from /home/airflow/.local/lib/python3.8/site-packages/airflow/example_dags/example_sensors.py
[2025-11-17T01:04:24.321+0000] {processor.py:840} INFO - DAG(s) 'example_sensors' retrieved from /home/airflow/.local/lib/python3.8/site-packages/airflow/example_dags/example_sensors.py
[2025-11-17T01:04:24.369+0000] {logging_mixin.py:188} INFO - [2025-11-17T01:04:24.369+0000] {dag.py:3036} INFO - Sync 1 DAGs
[2025-11-17T01:04:24.385+0000] {logging_mixin.py:188} INFO - [2025-11-17T01:04:24.385+0000] {dag.py:3823} INFO - Setting next_dagrun for example_sensors to None, run_after=None
[2025-11-17T01:04:24.429+0000] {processor.py:183} INFO - Processing /home/airflow/.local/lib/python3.8/site-packages/airflow/example_dags/example_sensors.py took 0.146 seconds
[2025-11-17T01:04:54.674+0000] {processor.py:161} INFO - Started process (PID=2920) to work on /home/airflow/.local/lib/python3.8/site-packages/airflow/example_dags/example_sensors.py
[2025-11-17T01:04:54.675+0000] {processor.py:830} INFO - Processing file /home/airflow/.local/lib/python3.8/site-packages/airflow/example_dags/example_sensors.py for tasks to queue
[2025-11-17T01:04:54.677+0000] {logging_mixin.py:188} INFO - [2025-11-17T01:04:54.676+0000] {dagbag.py:538} INFO - Filling up the DagBag from /home/airflow/.local/lib/python3.8/site-packages/airflow/example_dags/example_sensors.py
[2025-11-17T01:04:54.686+0000] {processor.py:840} INFO - DAG(s) 'example_sensors' retrieved from /home/airflow/.local/lib/python3.8/site-packages/airflow/example_dags/example_sensors.py
[2025-11-17T01:04:54.716+0000] {logging_mixin.py:188} INFO - [2025-11-17T01:04:54.715+0000] {dag.py:3036} INFO - Sync 1 DAGs
[2025-11-17T01:04:54.728+0000] {logging_mixin.py:188} INFO - [2025-11-17T01:04:54.727+0000] {dag.py:3823} INFO - Setting next_dagrun for example_sensors to None, run_after=None
[2025-11-17T01:04:54.750+0000] {processor.py:183} INFO - Processing /home/airflow/.local/lib/python3.8/site-packages/airflow/example_dags/example_sensors.py took 0.078 seconds
