[2025-11-17T00:58:50.225+0000] {processor.py:161} INFO - Started process (PID=1901) to work on /home/airflow/.local/lib/python3.8/site-packages/airflow/example_dags/example_sla_dag.py
[2025-11-17T00:58:50.226+0000] {processor.py:830} INFO - Processing file /home/airflow/.local/lib/python3.8/site-packages/airflow/example_dags/example_sla_dag.py for tasks to queue
[2025-11-17T00:58:50.228+0000] {logging_mixin.py:188} INFO - [2025-11-17T00:58:50.228+0000] {dagbag.py:538} INFO - Filling up the DagBag from /home/airflow/.local/lib/python3.8/site-packages/airflow/example_dags/example_sla_dag.py
[2025-11-17T00:58:50.243+0000] {processor.py:840} INFO - DAG(s) 'example_sla_dag' retrieved from /home/airflow/.local/lib/python3.8/site-packages/airflow/example_dags/example_sla_dag.py
[2025-11-17T00:58:50.286+0000] {logging_mixin.py:188} INFO - [2025-11-17T00:58:50.286+0000] {dag.py:3036} INFO - Sync 1 DAGs
[2025-11-17T00:58:50.322+0000] {logging_mixin.py:188} INFO - [2025-11-17T00:58:50.321+0000] {dag.py:3823} INFO - Setting next_dagrun for example_sla_dag to 2025-11-17 00:56:00+00:00, run_after=2025-11-17 00:58:00+00:00
[2025-11-17T00:58:50.353+0000] {processor.py:183} INFO - Processing /home/airflow/.local/lib/python3.8/site-packages/airflow/example_dags/example_sla_dag.py took 0.132 seconds
[2025-11-17T00:59:21.190+0000] {processor.py:161} INFO - Started process (PID=1981) to work on /home/airflow/.local/lib/python3.8/site-packages/airflow/example_dags/example_sla_dag.py
[2025-11-17T00:59:21.191+0000] {processor.py:830} INFO - Processing file /home/airflow/.local/lib/python3.8/site-packages/airflow/example_dags/example_sla_dag.py for tasks to queue
[2025-11-17T00:59:21.193+0000] {logging_mixin.py:188} INFO - [2025-11-17T00:59:21.192+0000] {dagbag.py:538} INFO - Filling up the DagBag from /home/airflow/.local/lib/python3.8/site-packages/airflow/example_dags/example_sla_dag.py
[2025-11-17T00:59:21.202+0000] {processor.py:840} INFO - DAG(s) 'example_sla_dag' retrieved from /home/airflow/.local/lib/python3.8/site-packages/airflow/example_dags/example_sla_dag.py
[2025-11-17T00:59:21.228+0000] {logging_mixin.py:188} INFO - [2025-11-17T00:59:21.227+0000] {dag.py:3036} INFO - Sync 1 DAGs
[2025-11-17T00:59:21.254+0000] {logging_mixin.py:188} INFO - [2025-11-17T00:59:21.253+0000] {dag.py:3823} INFO - Setting next_dagrun for example_sla_dag to 2025-11-17 00:56:00+00:00, run_after=2025-11-17 00:58:00+00:00
[2025-11-17T00:59:21.277+0000] {processor.py:183} INFO - Processing /home/airflow/.local/lib/python3.8/site-packages/airflow/example_dags/example_sla_dag.py took 0.090 seconds
[2025-11-17T00:59:52.081+0000] {processor.py:161} INFO - Started process (PID=2062) to work on /home/airflow/.local/lib/python3.8/site-packages/airflow/example_dags/example_sla_dag.py
[2025-11-17T00:59:52.082+0000] {processor.py:830} INFO - Processing file /home/airflow/.local/lib/python3.8/site-packages/airflow/example_dags/example_sla_dag.py for tasks to queue
[2025-11-17T00:59:52.083+0000] {logging_mixin.py:188} INFO - [2025-11-17T00:59:52.083+0000] {dagbag.py:538} INFO - Filling up the DagBag from /home/airflow/.local/lib/python3.8/site-packages/airflow/example_dags/example_sla_dag.py
[2025-11-17T00:59:52.094+0000] {processor.py:840} INFO - DAG(s) 'example_sla_dag' retrieved from /home/airflow/.local/lib/python3.8/site-packages/airflow/example_dags/example_sla_dag.py
[2025-11-17T00:59:52.124+0000] {logging_mixin.py:188} INFO - [2025-11-17T00:59:52.123+0000] {dag.py:3036} INFO - Sync 1 DAGs
[2025-11-17T00:59:52.152+0000] {logging_mixin.py:188} INFO - [2025-11-17T00:59:52.151+0000] {dag.py:3823} INFO - Setting next_dagrun for example_sla_dag to 2025-11-17 00:56:00+00:00, run_after=2025-11-17 00:58:00+00:00
[2025-11-17T00:59:52.173+0000] {processor.py:183} INFO - Processing /home/airflow/.local/lib/python3.8/site-packages/airflow/example_dags/example_sla_dag.py took 0.095 seconds
[2025-11-17T01:00:22.405+0000] {processor.py:161} INFO - Started process (PID=2150) to work on /home/airflow/.local/lib/python3.8/site-packages/airflow/example_dags/example_sla_dag.py
[2025-11-17T01:00:22.406+0000] {processor.py:830} INFO - Processing file /home/airflow/.local/lib/python3.8/site-packages/airflow/example_dags/example_sla_dag.py for tasks to queue
[2025-11-17T01:00:22.408+0000] {logging_mixin.py:188} INFO - [2025-11-17T01:00:22.408+0000] {dagbag.py:538} INFO - Filling up the DagBag from /home/airflow/.local/lib/python3.8/site-packages/airflow/example_dags/example_sla_dag.py
[2025-11-17T01:00:22.421+0000] {processor.py:840} INFO - DAG(s) 'example_sla_dag' retrieved from /home/airflow/.local/lib/python3.8/site-packages/airflow/example_dags/example_sla_dag.py
[2025-11-17T01:00:22.450+0000] {logging_mixin.py:188} INFO - [2025-11-17T01:00:22.450+0000] {dag.py:3036} INFO - Sync 1 DAGs
[2025-11-17T01:00:22.480+0000] {logging_mixin.py:188} INFO - [2025-11-17T01:00:22.479+0000] {dag.py:3823} INFO - Setting next_dagrun for example_sla_dag to 2025-11-17 00:58:00+00:00, run_after=2025-11-17 01:00:00+00:00
[2025-11-17T01:00:22.503+0000] {processor.py:183} INFO - Processing /home/airflow/.local/lib/python3.8/site-packages/airflow/example_dags/example_sla_dag.py took 0.145 seconds
[2025-11-17T01:00:52.574+0000] {processor.py:161} INFO - Started process (PID=2237) to work on /home/airflow/.local/lib/python3.8/site-packages/airflow/example_dags/example_sla_dag.py
[2025-11-17T01:00:52.575+0000] {processor.py:830} INFO - Processing file /home/airflow/.local/lib/python3.8/site-packages/airflow/example_dags/example_sla_dag.py for tasks to queue
[2025-11-17T01:00:52.577+0000] {logging_mixin.py:188} INFO - [2025-11-17T01:00:52.576+0000] {dagbag.py:538} INFO - Filling up the DagBag from /home/airflow/.local/lib/python3.8/site-packages/airflow/example_dags/example_sla_dag.py
[2025-11-17T01:00:52.585+0000] {processor.py:840} INFO - DAG(s) 'example_sla_dag' retrieved from /home/airflow/.local/lib/python3.8/site-packages/airflow/example_dags/example_sla_dag.py
[2025-11-17T01:00:52.609+0000] {logging_mixin.py:188} INFO - [2025-11-17T01:00:52.609+0000] {dag.py:3036} INFO - Sync 1 DAGs
[2025-11-17T01:00:52.632+0000] {logging_mixin.py:188} INFO - [2025-11-17T01:00:52.632+0000] {dag.py:3823} INFO - Setting next_dagrun for example_sla_dag to 2025-11-17 00:58:00+00:00, run_after=2025-11-17 01:00:00+00:00
[2025-11-17T01:00:52.653+0000] {processor.py:183} INFO - Processing /home/airflow/.local/lib/python3.8/site-packages/airflow/example_dags/example_sla_dag.py took 0.081 seconds
[2025-11-17T01:01:22.900+0000] {processor.py:161} INFO - Started process (PID=2318) to work on /home/airflow/.local/lib/python3.8/site-packages/airflow/example_dags/example_sla_dag.py
[2025-11-17T01:01:22.901+0000] {processor.py:830} INFO - Processing file /home/airflow/.local/lib/python3.8/site-packages/airflow/example_dags/example_sla_dag.py for tasks to queue
[2025-11-17T01:01:22.903+0000] {logging_mixin.py:188} INFO - [2025-11-17T01:01:22.902+0000] {dagbag.py:538} INFO - Filling up the DagBag from /home/airflow/.local/lib/python3.8/site-packages/airflow/example_dags/example_sla_dag.py
[2025-11-17T01:01:22.912+0000] {processor.py:840} INFO - DAG(s) 'example_sla_dag' retrieved from /home/airflow/.local/lib/python3.8/site-packages/airflow/example_dags/example_sla_dag.py
[2025-11-17T01:01:22.939+0000] {logging_mixin.py:188} INFO - [2025-11-17T01:01:22.939+0000] {dag.py:3036} INFO - Sync 1 DAGs
[2025-11-17T01:01:22.961+0000] {logging_mixin.py:188} INFO - [2025-11-17T01:01:22.961+0000] {dag.py:3823} INFO - Setting next_dagrun for example_sla_dag to 2025-11-17 00:58:00+00:00, run_after=2025-11-17 01:00:00+00:00
[2025-11-17T01:01:22.980+0000] {processor.py:183} INFO - Processing /home/airflow/.local/lib/python3.8/site-packages/airflow/example_dags/example_sla_dag.py took 0.083 seconds
[2025-11-17T01:01:53.816+0000] {processor.py:161} INFO - Started process (PID=2414) to work on /home/airflow/.local/lib/python3.8/site-packages/airflow/example_dags/example_sla_dag.py
[2025-11-17T01:01:53.817+0000] {processor.py:830} INFO - Processing file /home/airflow/.local/lib/python3.8/site-packages/airflow/example_dags/example_sla_dag.py for tasks to queue
[2025-11-17T01:01:53.818+0000] {logging_mixin.py:188} INFO - [2025-11-17T01:01:53.817+0000] {dagbag.py:538} INFO - Filling up the DagBag from /home/airflow/.local/lib/python3.8/site-packages/airflow/example_dags/example_sla_dag.py
[2025-11-17T01:01:53.829+0000] {processor.py:840} INFO - DAG(s) 'example_sla_dag' retrieved from /home/airflow/.local/lib/python3.8/site-packages/airflow/example_dags/example_sla_dag.py
[2025-11-17T01:01:53.851+0000] {logging_mixin.py:188} INFO - [2025-11-17T01:01:53.850+0000] {dag.py:3036} INFO - Sync 1 DAGs
[2025-11-17T01:01:53.872+0000] {logging_mixin.py:188} INFO - [2025-11-17T01:01:53.872+0000] {dag.py:3823} INFO - Setting next_dagrun for example_sla_dag to 2025-11-17 00:58:00+00:00, run_after=2025-11-17 01:00:00+00:00
[2025-11-17T01:01:53.898+0000] {processor.py:183} INFO - Processing /home/airflow/.local/lib/python3.8/site-packages/airflow/example_dags/example_sla_dag.py took 0.086 seconds
[2025-11-17T01:02:24.558+0000] {processor.py:161} INFO - Started process (PID=2495) to work on /home/airflow/.local/lib/python3.8/site-packages/airflow/example_dags/example_sla_dag.py
[2025-11-17T01:02:24.559+0000] {processor.py:830} INFO - Processing file /home/airflow/.local/lib/python3.8/site-packages/airflow/example_dags/example_sla_dag.py for tasks to queue
[2025-11-17T01:02:24.561+0000] {logging_mixin.py:188} INFO - [2025-11-17T01:02:24.560+0000] {dagbag.py:538} INFO - Filling up the DagBag from /home/airflow/.local/lib/python3.8/site-packages/airflow/example_dags/example_sla_dag.py
[2025-11-17T01:02:24.570+0000] {processor.py:840} INFO - DAG(s) 'example_sla_dag' retrieved from /home/airflow/.local/lib/python3.8/site-packages/airflow/example_dags/example_sla_dag.py
[2025-11-17T01:02:24.592+0000] {logging_mixin.py:188} INFO - [2025-11-17T01:02:24.592+0000] {dag.py:3036} INFO - Sync 1 DAGs
[2025-11-17T01:02:24.615+0000] {logging_mixin.py:188} INFO - [2025-11-17T01:02:24.615+0000] {dag.py:3823} INFO - Setting next_dagrun for example_sla_dag to 2025-11-17 01:00:00+00:00, run_after=2025-11-17 01:02:00+00:00
[2025-11-17T01:02:24.636+0000] {processor.py:183} INFO - Processing /home/airflow/.local/lib/python3.8/site-packages/airflow/example_dags/example_sla_dag.py took 0.082 seconds
[2025-11-17T01:02:54.931+0000] {processor.py:161} INFO - Started process (PID=2576) to work on /home/airflow/.local/lib/python3.8/site-packages/airflow/example_dags/example_sla_dag.py
[2025-11-17T01:02:54.932+0000] {processor.py:830} INFO - Processing file /home/airflow/.local/lib/python3.8/site-packages/airflow/example_dags/example_sla_dag.py for tasks to queue
[2025-11-17T01:02:54.934+0000] {logging_mixin.py:188} INFO - [2025-11-17T01:02:54.933+0000] {dagbag.py:538} INFO - Filling up the DagBag from /home/airflow/.local/lib/python3.8/site-packages/airflow/example_dags/example_sla_dag.py
[2025-11-17T01:02:54.944+0000] {processor.py:840} INFO - DAG(s) 'example_sla_dag' retrieved from /home/airflow/.local/lib/python3.8/site-packages/airflow/example_dags/example_sla_dag.py
[2025-11-17T01:02:54.975+0000] {logging_mixin.py:188} INFO - [2025-11-17T01:02:54.975+0000] {dag.py:3036} INFO - Sync 1 DAGs
[2025-11-17T01:02:55.000+0000] {logging_mixin.py:188} INFO - [2025-11-17T01:02:55.000+0000] {dag.py:3823} INFO - Setting next_dagrun for example_sla_dag to 2025-11-17 01:00:00+00:00, run_after=2025-11-17 01:02:00+00:00
[2025-11-17T01:02:55.027+0000] {processor.py:183} INFO - Processing /home/airflow/.local/lib/python3.8/site-packages/airflow/example_dags/example_sla_dag.py took 0.099 seconds
[2025-11-17T01:03:25.332+0000] {processor.py:161} INFO - Started process (PID=2672) to work on /home/airflow/.local/lib/python3.8/site-packages/airflow/example_dags/example_sla_dag.py
[2025-11-17T01:03:25.333+0000] {processor.py:830} INFO - Processing file /home/airflow/.local/lib/python3.8/site-packages/airflow/example_dags/example_sla_dag.py for tasks to queue
[2025-11-17T01:03:25.334+0000] {logging_mixin.py:188} INFO - [2025-11-17T01:03:25.334+0000] {dagbag.py:538} INFO - Filling up the DagBag from /home/airflow/.local/lib/python3.8/site-packages/airflow/example_dags/example_sla_dag.py
[2025-11-17T01:03:25.344+0000] {processor.py:840} INFO - DAG(s) 'example_sla_dag' retrieved from /home/airflow/.local/lib/python3.8/site-packages/airflow/example_dags/example_sla_dag.py
[2025-11-17T01:03:25.374+0000] {logging_mixin.py:188} INFO - [2025-11-17T01:03:25.374+0000] {dag.py:3036} INFO - Sync 1 DAGs
[2025-11-17T01:03:25.398+0000] {logging_mixin.py:188} INFO - [2025-11-17T01:03:25.398+0000] {dag.py:3823} INFO - Setting next_dagrun for example_sla_dag to 2025-11-17 01:00:00+00:00, run_after=2025-11-17 01:02:00+00:00
[2025-11-17T01:03:25.421+0000] {processor.py:183} INFO - Processing /home/airflow/.local/lib/python3.8/site-packages/airflow/example_dags/example_sla_dag.py took 0.092 seconds
[2025-11-17T01:03:56.049+0000] {processor.py:161} INFO - Started process (PID=2754) to work on /home/airflow/.local/lib/python3.8/site-packages/airflow/example_dags/example_sla_dag.py
[2025-11-17T01:03:56.050+0000] {processor.py:830} INFO - Processing file /home/airflow/.local/lib/python3.8/site-packages/airflow/example_dags/example_sla_dag.py for tasks to queue
[2025-11-17T01:03:56.052+0000] {logging_mixin.py:188} INFO - [2025-11-17T01:03:56.051+0000] {dagbag.py:538} INFO - Filling up the DagBag from /home/airflow/.local/lib/python3.8/site-packages/airflow/example_dags/example_sla_dag.py
[2025-11-17T01:03:56.062+0000] {processor.py:840} INFO - DAG(s) 'example_sla_dag' retrieved from /home/airflow/.local/lib/python3.8/site-packages/airflow/example_dags/example_sla_dag.py
[2025-11-17T01:03:56.088+0000] {logging_mixin.py:188} INFO - [2025-11-17T01:03:56.088+0000] {dag.py:3036} INFO - Sync 1 DAGs
[2025-11-17T01:03:56.115+0000] {logging_mixin.py:188} INFO - [2025-11-17T01:03:56.115+0000] {dag.py:3823} INFO - Setting next_dagrun for example_sla_dag to 2025-11-17 01:00:00+00:00, run_after=2025-11-17 01:02:00+00:00
[2025-11-17T01:03:56.139+0000] {processor.py:183} INFO - Processing /home/airflow/.local/lib/python3.8/site-packages/airflow/example_dags/example_sla_dag.py took 0.093 seconds
[2025-11-17T01:04:26.670+0000] {processor.py:161} INFO - Started process (PID=2843) to work on /home/airflow/.local/lib/python3.8/site-packages/airflow/example_dags/example_sla_dag.py
[2025-11-17T01:04:26.672+0000] {processor.py:830} INFO - Processing file /home/airflow/.local/lib/python3.8/site-packages/airflow/example_dags/example_sla_dag.py for tasks to queue
[2025-11-17T01:04:26.674+0000] {logging_mixin.py:188} INFO - [2025-11-17T01:04:26.673+0000] {dagbag.py:538} INFO - Filling up the DagBag from /home/airflow/.local/lib/python3.8/site-packages/airflow/example_dags/example_sla_dag.py
[2025-11-17T01:04:26.689+0000] {processor.py:840} INFO - DAG(s) 'example_sla_dag' retrieved from /home/airflow/.local/lib/python3.8/site-packages/airflow/example_dags/example_sla_dag.py
[2025-11-17T01:04:26.722+0000] {logging_mixin.py:188} INFO - [2025-11-17T01:04:26.722+0000] {dag.py:3036} INFO - Sync 1 DAGs
[2025-11-17T01:04:26.764+0000] {logging_mixin.py:188} INFO - [2025-11-17T01:04:26.763+0000] {dag.py:3823} INFO - Setting next_dagrun for example_sla_dag to 2025-11-17 01:02:00+00:00, run_after=2025-11-17 01:04:00+00:00
[2025-11-17T01:04:26.791+0000] {processor.py:183} INFO - Processing /home/airflow/.local/lib/python3.8/site-packages/airflow/example_dags/example_sla_dag.py took 0.126 seconds
[2025-11-17T01:04:57.350+0000] {processor.py:161} INFO - Started process (PID=2933) to work on /home/airflow/.local/lib/python3.8/site-packages/airflow/example_dags/example_sla_dag.py
[2025-11-17T01:04:57.351+0000] {processor.py:830} INFO - Processing file /home/airflow/.local/lib/python3.8/site-packages/airflow/example_dags/example_sla_dag.py for tasks to queue
[2025-11-17T01:04:57.352+0000] {logging_mixin.py:188} INFO - [2025-11-17T01:04:57.352+0000] {dagbag.py:538} INFO - Filling up the DagBag from /home/airflow/.local/lib/python3.8/site-packages/airflow/example_dags/example_sla_dag.py
[2025-11-17T01:04:57.371+0000] {processor.py:840} INFO - DAG(s) 'example_sla_dag' retrieved from /home/airflow/.local/lib/python3.8/site-packages/airflow/example_dags/example_sla_dag.py
[2025-11-17T01:04:57.400+0000] {logging_mixin.py:188} INFO - [2025-11-17T01:04:57.399+0000] {dag.py:3036} INFO - Sync 1 DAGs
[2025-11-17T01:04:57.423+0000] {logging_mixin.py:188} INFO - [2025-11-17T01:04:57.423+0000] {dag.py:3823} INFO - Setting next_dagrun for example_sla_dag to 2025-11-17 01:02:00+00:00, run_after=2025-11-17 01:04:00+00:00
[2025-11-17T01:04:57.444+0000] {processor.py:183} INFO - Processing /home/airflow/.local/lib/python3.8/site-packages/airflow/example_dags/example_sla_dag.py took 0.098 seconds
