[2025-11-17T00:58:50.034+0000] {processor.py:161} INFO - Started process (PID=1900) to work on /home/airflow/.local/lib/python3.8/site-packages/airflow/example_dags/example_bash_operator.py
[2025-11-17T00:58:50.036+0000] {processor.py:830} INFO - Processing file /home/airflow/.local/lib/python3.8/site-packages/airflow/example_dags/example_bash_operator.py for tasks to queue
[2025-11-17T00:58:50.038+0000] {logging_mixin.py:188} INFO - [2025-11-17T00:58:50.037+0000] {dagbag.py:538} INFO - Filling up the DagBag from /home/airflow/.local/lib/python3.8/site-packages/airflow/example_dags/example_bash_operator.py
[2025-11-17T00:58:50.071+0000] {processor.py:840} INFO - DAG(s) 'example_bash_operator' retrieved from /home/airflow/.local/lib/python3.8/site-packages/airflow/example_dags/example_bash_operator.py
[2025-11-17T00:58:50.156+0000] {logging_mixin.py:188} INFO - [2025-11-17T00:58:50.156+0000] {dag.py:3036} INFO - Sync 1 DAGs
[2025-11-17T00:58:50.199+0000] {logging_mixin.py:188} INFO - [2025-11-17T00:58:50.199+0000] {dag.py:3823} INFO - Setting next_dagrun for example_bash_operator to 2025-11-16 00:00:00+00:00, run_after=2025-11-17 00:00:00+00:00
[2025-11-17T00:58:50.232+0000] {processor.py:183} INFO - Processing /home/airflow/.local/lib/python3.8/site-packages/airflow/example_dags/example_bash_operator.py took 0.203 seconds
[2025-11-17T00:59:21.056+0000] {processor.py:161} INFO - Started process (PID=1980) to work on /home/airflow/.local/lib/python3.8/site-packages/airflow/example_dags/example_bash_operator.py
[2025-11-17T00:59:21.057+0000] {processor.py:830} INFO - Processing file /home/airflow/.local/lib/python3.8/site-packages/airflow/example_dags/example_bash_operator.py for tasks to queue
[2025-11-17T00:59:21.058+0000] {logging_mixin.py:188} INFO - [2025-11-17T00:59:21.058+0000] {dagbag.py:538} INFO - Filling up the DagBag from /home/airflow/.local/lib/python3.8/site-packages/airflow/example_dags/example_bash_operator.py
[2025-11-17T00:59:21.070+0000] {processor.py:840} INFO - DAG(s) 'example_bash_operator' retrieved from /home/airflow/.local/lib/python3.8/site-packages/airflow/example_dags/example_bash_operator.py
[2025-11-17T00:59:21.104+0000] {logging_mixin.py:188} INFO - [2025-11-17T00:59:21.104+0000] {dag.py:3036} INFO - Sync 1 DAGs
[2025-11-17T00:59:21.127+0000] {logging_mixin.py:188} INFO - [2025-11-17T00:59:21.127+0000] {dag.py:3823} INFO - Setting next_dagrun for example_bash_operator to 2025-11-16 00:00:00+00:00, run_after=2025-11-17 00:00:00+00:00
[2025-11-17T00:59:21.151+0000] {processor.py:183} INFO - Processing /home/airflow/.local/lib/python3.8/site-packages/airflow/example_dags/example_bash_operator.py took 0.098 seconds
[2025-11-17T00:59:51.946+0000] {processor.py:161} INFO - Started process (PID=2061) to work on /home/airflow/.local/lib/python3.8/site-packages/airflow/example_dags/example_bash_operator.py
[2025-11-17T00:59:51.947+0000] {processor.py:830} INFO - Processing file /home/airflow/.local/lib/python3.8/site-packages/airflow/example_dags/example_bash_operator.py for tasks to queue
[2025-11-17T00:59:51.949+0000] {logging_mixin.py:188} INFO - [2025-11-17T00:59:51.948+0000] {dagbag.py:538} INFO - Filling up the DagBag from /home/airflow/.local/lib/python3.8/site-packages/airflow/example_dags/example_bash_operator.py
[2025-11-17T00:59:51.961+0000] {processor.py:840} INFO - DAG(s) 'example_bash_operator' retrieved from /home/airflow/.local/lib/python3.8/site-packages/airflow/example_dags/example_bash_operator.py
[2025-11-17T00:59:52.001+0000] {logging_mixin.py:188} INFO - [2025-11-17T00:59:52.001+0000] {dag.py:3036} INFO - Sync 1 DAGs
[2025-11-17T00:59:52.025+0000] {logging_mixin.py:188} INFO - [2025-11-17T00:59:52.025+0000] {dag.py:3823} INFO - Setting next_dagrun for example_bash_operator to 2025-11-16 00:00:00+00:00, run_after=2025-11-17 00:00:00+00:00
[2025-11-17T00:59:52.049+0000] {processor.py:183} INFO - Processing /home/airflow/.local/lib/python3.8/site-packages/airflow/example_dags/example_bash_operator.py took 0.105 seconds
[2025-11-17T01:00:22.172+0000] {processor.py:161} INFO - Started process (PID=2148) to work on /home/airflow/.local/lib/python3.8/site-packages/airflow/example_dags/example_bash_operator.py
[2025-11-17T01:00:22.173+0000] {processor.py:830} INFO - Processing file /home/airflow/.local/lib/python3.8/site-packages/airflow/example_dags/example_bash_operator.py for tasks to queue
[2025-11-17T01:00:22.175+0000] {logging_mixin.py:188} INFO - [2025-11-17T01:00:22.174+0000] {dagbag.py:538} INFO - Filling up the DagBag from /home/airflow/.local/lib/python3.8/site-packages/airflow/example_dags/example_bash_operator.py
[2025-11-17T01:00:22.189+0000] {processor.py:840} INFO - DAG(s) 'example_bash_operator' retrieved from /home/airflow/.local/lib/python3.8/site-packages/airflow/example_dags/example_bash_operator.py
[2025-11-17T01:00:22.227+0000] {logging_mixin.py:188} INFO - [2025-11-17T01:00:22.226+0000] {dag.py:3036} INFO - Sync 1 DAGs
[2025-11-17T01:00:22.251+0000] {logging_mixin.py:188} INFO - [2025-11-17T01:00:22.251+0000] {dag.py:3823} INFO - Setting next_dagrun for example_bash_operator to 2025-11-16 00:00:00+00:00, run_after=2025-11-17 00:00:00+00:00
[2025-11-17T01:00:22.273+0000] {processor.py:183} INFO - Processing /home/airflow/.local/lib/python3.8/site-packages/airflow/example_dags/example_bash_operator.py took 0.104 seconds
[2025-11-17T01:00:52.438+0000] {processor.py:161} INFO - Started process (PID=2236) to work on /home/airflow/.local/lib/python3.8/site-packages/airflow/example_dags/example_bash_operator.py
[2025-11-17T01:00:52.440+0000] {processor.py:830} INFO - Processing file /home/airflow/.local/lib/python3.8/site-packages/airflow/example_dags/example_bash_operator.py for tasks to queue
[2025-11-17T01:00:52.441+0000] {logging_mixin.py:188} INFO - [2025-11-17T01:00:52.441+0000] {dagbag.py:538} INFO - Filling up the DagBag from /home/airflow/.local/lib/python3.8/site-packages/airflow/example_dags/example_bash_operator.py
[2025-11-17T01:00:52.454+0000] {processor.py:840} INFO - DAG(s) 'example_bash_operator' retrieved from /home/airflow/.local/lib/python3.8/site-packages/airflow/example_dags/example_bash_operator.py
[2025-11-17T01:00:52.491+0000] {logging_mixin.py:188} INFO - [2025-11-17T01:00:52.491+0000] {dag.py:3036} INFO - Sync 1 DAGs
[2025-11-17T01:00:52.516+0000] {logging_mixin.py:188} INFO - [2025-11-17T01:00:52.515+0000] {dag.py:3823} INFO - Setting next_dagrun for example_bash_operator to 2025-11-16 00:00:00+00:00, run_after=2025-11-17 00:00:00+00:00
[2025-11-17T01:00:52.541+0000] {processor.py:183} INFO - Processing /home/airflow/.local/lib/python3.8/site-packages/airflow/example_dags/example_bash_operator.py took 0.106 seconds
[2025-11-17T01:01:22.821+0000] {processor.py:161} INFO - Started process (PID=2317) to work on /home/airflow/.local/lib/python3.8/site-packages/airflow/example_dags/example_bash_operator.py
[2025-11-17T01:01:22.822+0000] {processor.py:830} INFO - Processing file /home/airflow/.local/lib/python3.8/site-packages/airflow/example_dags/example_bash_operator.py for tasks to queue
[2025-11-17T01:01:22.823+0000] {logging_mixin.py:188} INFO - [2025-11-17T01:01:22.823+0000] {dagbag.py:538} INFO - Filling up the DagBag from /home/airflow/.local/lib/python3.8/site-packages/airflow/example_dags/example_bash_operator.py
[2025-11-17T01:01:22.836+0000] {processor.py:840} INFO - DAG(s) 'example_bash_operator' retrieved from /home/airflow/.local/lib/python3.8/site-packages/airflow/example_dags/example_bash_operator.py
[2025-11-17T01:01:22.871+0000] {logging_mixin.py:188} INFO - [2025-11-17T01:01:22.871+0000] {dag.py:3036} INFO - Sync 1 DAGs
[2025-11-17T01:01:22.896+0000] {logging_mixin.py:188} INFO - [2025-11-17T01:01:22.896+0000] {dag.py:3823} INFO - Setting next_dagrun for example_bash_operator to 2025-11-16 00:00:00+00:00, run_after=2025-11-17 00:00:00+00:00
[2025-11-17T01:01:22.919+0000] {processor.py:183} INFO - Processing /home/airflow/.local/lib/python3.8/site-packages/airflow/example_dags/example_bash_operator.py took 0.102 seconds
[2025-11-17T01:01:53.722+0000] {processor.py:161} INFO - Started process (PID=2413) to work on /home/airflow/.local/lib/python3.8/site-packages/airflow/example_dags/example_bash_operator.py
[2025-11-17T01:01:53.723+0000] {processor.py:830} INFO - Processing file /home/airflow/.local/lib/python3.8/site-packages/airflow/example_dags/example_bash_operator.py for tasks to queue
[2025-11-17T01:01:53.724+0000] {logging_mixin.py:188} INFO - [2025-11-17T01:01:53.724+0000] {dagbag.py:538} INFO - Filling up the DagBag from /home/airflow/.local/lib/python3.8/site-packages/airflow/example_dags/example_bash_operator.py
[2025-11-17T01:01:53.737+0000] {processor.py:840} INFO - DAG(s) 'example_bash_operator' retrieved from /home/airflow/.local/lib/python3.8/site-packages/airflow/example_dags/example_bash_operator.py
[2025-11-17T01:01:53.768+0000] {logging_mixin.py:188} INFO - [2025-11-17T01:01:53.768+0000] {dag.py:3036} INFO - Sync 1 DAGs
[2025-11-17T01:01:53.791+0000] {logging_mixin.py:188} INFO - [2025-11-17T01:01:53.791+0000] {dag.py:3823} INFO - Setting next_dagrun for example_bash_operator to 2025-11-16 00:00:00+00:00, run_after=2025-11-17 00:00:00+00:00
[2025-11-17T01:01:53.814+0000] {processor.py:183} INFO - Processing /home/airflow/.local/lib/python3.8/site-packages/airflow/example_dags/example_bash_operator.py took 0.095 seconds
[2025-11-17T01:02:24.453+0000] {processor.py:161} INFO - Started process (PID=2494) to work on /home/airflow/.local/lib/python3.8/site-packages/airflow/example_dags/example_bash_operator.py
[2025-11-17T01:02:24.455+0000] {processor.py:830} INFO - Processing file /home/airflow/.local/lib/python3.8/site-packages/airflow/example_dags/example_bash_operator.py for tasks to queue
[2025-11-17T01:02:24.456+0000] {logging_mixin.py:188} INFO - [2025-11-17T01:02:24.455+0000] {dagbag.py:538} INFO - Filling up the DagBag from /home/airflow/.local/lib/python3.8/site-packages/airflow/example_dags/example_bash_operator.py
[2025-11-17T01:02:24.467+0000] {processor.py:840} INFO - DAG(s) 'example_bash_operator' retrieved from /home/airflow/.local/lib/python3.8/site-packages/airflow/example_dags/example_bash_operator.py
[2025-11-17T01:02:24.504+0000] {logging_mixin.py:188} INFO - [2025-11-17T01:02:24.503+0000] {dag.py:3036} INFO - Sync 1 DAGs
[2025-11-17T01:02:24.532+0000] {logging_mixin.py:188} INFO - [2025-11-17T01:02:24.531+0000] {dag.py:3823} INFO - Setting next_dagrun for example_bash_operator to 2025-11-16 00:00:00+00:00, run_after=2025-11-17 00:00:00+00:00
[2025-11-17T01:02:24.556+0000] {processor.py:183} INFO - Processing /home/airflow/.local/lib/python3.8/site-packages/airflow/example_dags/example_bash_operator.py took 0.105 seconds
[2025-11-17T01:02:54.840+0000] {processor.py:161} INFO - Started process (PID=2575) to work on /home/airflow/.local/lib/python3.8/site-packages/airflow/example_dags/example_bash_operator.py
[2025-11-17T01:02:54.841+0000] {processor.py:830} INFO - Processing file /home/airflow/.local/lib/python3.8/site-packages/airflow/example_dags/example_bash_operator.py for tasks to queue
[2025-11-17T01:02:54.842+0000] {logging_mixin.py:188} INFO - [2025-11-17T01:02:54.841+0000] {dagbag.py:538} INFO - Filling up the DagBag from /home/airflow/.local/lib/python3.8/site-packages/airflow/example_dags/example_bash_operator.py
[2025-11-17T01:02:54.854+0000] {processor.py:840} INFO - DAG(s) 'example_bash_operator' retrieved from /home/airflow/.local/lib/python3.8/site-packages/airflow/example_dags/example_bash_operator.py
[2025-11-17T01:02:54.891+0000] {logging_mixin.py:188} INFO - [2025-11-17T01:02:54.890+0000] {dag.py:3036} INFO - Sync 1 DAGs
[2025-11-17T01:02:54.917+0000] {logging_mixin.py:188} INFO - [2025-11-17T01:02:54.916+0000] {dag.py:3823} INFO - Setting next_dagrun for example_bash_operator to 2025-11-16 00:00:00+00:00, run_after=2025-11-17 00:00:00+00:00
[2025-11-17T01:02:54.941+0000] {processor.py:183} INFO - Processing /home/airflow/.local/lib/python3.8/site-packages/airflow/example_dags/example_bash_operator.py took 0.104 seconds
[2025-11-17T01:03:25.244+0000] {processor.py:161} INFO - Started process (PID=2671) to work on /home/airflow/.local/lib/python3.8/site-packages/airflow/example_dags/example_bash_operator.py
[2025-11-17T01:03:25.245+0000] {processor.py:830} INFO - Processing file /home/airflow/.local/lib/python3.8/site-packages/airflow/example_dags/example_bash_operator.py for tasks to queue
[2025-11-17T01:03:25.246+0000] {logging_mixin.py:188} INFO - [2025-11-17T01:03:25.246+0000] {dagbag.py:538} INFO - Filling up the DagBag from /home/airflow/.local/lib/python3.8/site-packages/airflow/example_dags/example_bash_operator.py
[2025-11-17T01:03:25.260+0000] {processor.py:840} INFO - DAG(s) 'example_bash_operator' retrieved from /home/airflow/.local/lib/python3.8/site-packages/airflow/example_dags/example_bash_operator.py
[2025-11-17T01:03:25.300+0000] {logging_mixin.py:188} INFO - [2025-11-17T01:03:25.300+0000] {dag.py:3036} INFO - Sync 1 DAGs
[2025-11-17T01:03:25.329+0000] {logging_mixin.py:188} INFO - [2025-11-17T01:03:25.329+0000] {dag.py:3823} INFO - Setting next_dagrun for example_bash_operator to 2025-11-16 00:00:00+00:00, run_after=2025-11-17 00:00:00+00:00
[2025-11-17T01:03:25.356+0000] {processor.py:183} INFO - Processing /home/airflow/.local/lib/python3.8/site-packages/airflow/example_dags/example_bash_operator.py took 0.116 seconds
[2025-11-17T01:03:55.954+0000] {processor.py:161} INFO - Started process (PID=2753) to work on /home/airflow/.local/lib/python3.8/site-packages/airflow/example_dags/example_bash_operator.py
[2025-11-17T01:03:55.956+0000] {processor.py:830} INFO - Processing file /home/airflow/.local/lib/python3.8/site-packages/airflow/example_dags/example_bash_operator.py for tasks to queue
[2025-11-17T01:03:55.957+0000] {logging_mixin.py:188} INFO - [2025-11-17T01:03:55.957+0000] {dagbag.py:538} INFO - Filling up the DagBag from /home/airflow/.local/lib/python3.8/site-packages/airflow/example_dags/example_bash_operator.py
[2025-11-17T01:03:55.971+0000] {processor.py:840} INFO - DAG(s) 'example_bash_operator' retrieved from /home/airflow/.local/lib/python3.8/site-packages/airflow/example_dags/example_bash_operator.py
[2025-11-17T01:03:56.007+0000] {logging_mixin.py:188} INFO - [2025-11-17T01:03:56.007+0000] {dag.py:3036} INFO - Sync 1 DAGs
[2025-11-17T01:03:56.036+0000] {logging_mixin.py:188} INFO - [2025-11-17T01:03:56.035+0000] {dag.py:3823} INFO - Setting next_dagrun for example_bash_operator to 2025-11-16 00:00:00+00:00, run_after=2025-11-17 00:00:00+00:00
[2025-11-17T01:03:56.063+0000] {processor.py:183} INFO - Processing /home/airflow/.local/lib/python3.8/site-packages/airflow/example_dags/example_bash_operator.py took 0.112 seconds
[2025-11-17T01:04:26.562+0000] {processor.py:161} INFO - Started process (PID=2842) to work on /home/airflow/.local/lib/python3.8/site-packages/airflow/example_dags/example_bash_operator.py
[2025-11-17T01:04:26.563+0000] {processor.py:830} INFO - Processing file /home/airflow/.local/lib/python3.8/site-packages/airflow/example_dags/example_bash_operator.py for tasks to queue
[2025-11-17T01:04:26.565+0000] {logging_mixin.py:188} INFO - [2025-11-17T01:04:26.565+0000] {dagbag.py:538} INFO - Filling up the DagBag from /home/airflow/.local/lib/python3.8/site-packages/airflow/example_dags/example_bash_operator.py
[2025-11-17T01:04:26.585+0000] {processor.py:840} INFO - DAG(s) 'example_bash_operator' retrieved from /home/airflow/.local/lib/python3.8/site-packages/airflow/example_dags/example_bash_operator.py
[2025-11-17T01:04:26.636+0000] {logging_mixin.py:188} INFO - [2025-11-17T01:04:26.636+0000] {dag.py:3036} INFO - Sync 1 DAGs
[2025-11-17T01:04:26.679+0000] {logging_mixin.py:188} INFO - [2025-11-17T01:04:26.679+0000] {dag.py:3823} INFO - Setting next_dagrun for example_bash_operator to 2025-11-16 00:00:00+00:00, run_after=2025-11-17 00:00:00+00:00
[2025-11-17T01:04:26.711+0000] {processor.py:183} INFO - Processing /home/airflow/.local/lib/python3.8/site-packages/airflow/example_dags/example_bash_operator.py took 0.156 seconds
[2025-11-17T01:04:57.175+0000] {processor.py:161} INFO - Started process (PID=2932) to work on /home/airflow/.local/lib/python3.8/site-packages/airflow/example_dags/example_bash_operator.py
[2025-11-17T01:04:57.179+0000] {processor.py:830} INFO - Processing file /home/airflow/.local/lib/python3.8/site-packages/airflow/example_dags/example_bash_operator.py for tasks to queue
[2025-11-17T01:04:57.180+0000] {logging_mixin.py:188} INFO - [2025-11-17T01:04:57.180+0000] {dagbag.py:538} INFO - Filling up the DagBag from /home/airflow/.local/lib/python3.8/site-packages/airflow/example_dags/example_bash_operator.py
[2025-11-17T01:04:57.195+0000] {processor.py:840} INFO - DAG(s) 'example_bash_operator' retrieved from /home/airflow/.local/lib/python3.8/site-packages/airflow/example_dags/example_bash_operator.py
[2025-11-17T01:04:57.238+0000] {logging_mixin.py:188} INFO - [2025-11-17T01:04:57.237+0000] {dag.py:3036} INFO - Sync 1 DAGs
[2025-11-17T01:04:57.273+0000] {logging_mixin.py:188} INFO - [2025-11-17T01:04:57.272+0000] {dag.py:3823} INFO - Setting next_dagrun for example_bash_operator to 2025-11-16 00:00:00+00:00, run_after=2025-11-17 00:00:00+00:00
[2025-11-17T01:04:57.305+0000] {processor.py:183} INFO - Processing /home/airflow/.local/lib/python3.8/site-packages/airflow/example_dags/example_bash_operator.py took 0.133 seconds
