[2025-11-17T00:58:46.477+0000] {processor.py:161} INFO - Started process (PID=1884) to work on /home/airflow/.local/lib/python3.8/site-packages/airflow/example_dags/example_datasets.py
[2025-11-17T00:58:46.478+0000] {processor.py:830} INFO - Processing file /home/airflow/.local/lib/python3.8/site-packages/airflow/example_dags/example_datasets.py for tasks to queue
[2025-11-17T00:58:46.481+0000] {logging_mixin.py:188} INFO - [2025-11-17T00:58:46.480+0000] {dagbag.py:538} INFO - Filling up the DagBag from /home/airflow/.local/lib/python3.8/site-packages/airflow/example_dags/example_datasets.py
[2025-11-17T00:58:46.504+0000] {processor.py:840} INFO - DAG(s) 'dataset_consumes_1_and_2', 'dataset_produces_2', 'dataset_consumes_1', 'dataset_consumes_1_never_scheduled', 'dataset_consumes_unknown_never_scheduled', 'dataset_produces_1' retrieved from /home/airflow/.local/lib/python3.8/site-packages/airflow/example_dags/example_datasets.py
[2025-11-17T00:58:46.630+0000] {logging_mixin.py:188} INFO - [2025-11-17T00:58:46.629+0000] {dag.py:3036} INFO - Sync 6 DAGs
[2025-11-17T00:58:46.667+0000] {logging_mixin.py:188} INFO - [2025-11-17T00:58:46.667+0000] {dag.py:3823} INFO - Setting next_dagrun for dataset_consumes_1 to None, run_after=None
[2025-11-17T00:58:46.674+0000] {logging_mixin.py:188} INFO - [2025-11-17T00:58:46.674+0000] {dag.py:3823} INFO - Setting next_dagrun for dataset_consumes_1_and_2 to None, run_after=None
[2025-11-17T00:58:46.677+0000] {logging_mixin.py:188} INFO - [2025-11-17T00:58:46.677+0000] {dag.py:3823} INFO - Setting next_dagrun for dataset_consumes_1_never_scheduled to None, run_after=None
[2025-11-17T00:58:46.682+0000] {logging_mixin.py:188} INFO - [2025-11-17T00:58:46.681+0000] {dag.py:3823} INFO - Setting next_dagrun for dataset_consumes_unknown_never_scheduled to None, run_after=None
[2025-11-17T00:58:46.688+0000] {logging_mixin.py:188} INFO - [2025-11-17T00:58:46.687+0000] {dag.py:3823} INFO - Setting next_dagrun for dataset_produces_1 to 2025-11-16 00:00:00+00:00, run_after=2025-11-17 00:00:00+00:00
[2025-11-17T00:58:46.690+0000] {logging_mixin.py:188} INFO - [2025-11-17T00:58:46.690+0000] {dag.py:3823} INFO - Setting next_dagrun for dataset_produces_2 to None, run_after=None
[2025-11-17T00:58:46.730+0000] {processor.py:183} INFO - Processing /home/airflow/.local/lib/python3.8/site-packages/airflow/example_dags/example_datasets.py took 0.258 seconds
[2025-11-17T00:59:17.200+0000] {processor.py:161} INFO - Started process (PID=1955) to work on /home/airflow/.local/lib/python3.8/site-packages/airflow/example_dags/example_datasets.py
[2025-11-17T00:59:17.202+0000] {processor.py:830} INFO - Processing file /home/airflow/.local/lib/python3.8/site-packages/airflow/example_dags/example_datasets.py for tasks to queue
[2025-11-17T00:59:17.204+0000] {logging_mixin.py:188} INFO - [2025-11-17T00:59:17.203+0000] {dagbag.py:538} INFO - Filling up the DagBag from /home/airflow/.local/lib/python3.8/site-packages/airflow/example_dags/example_datasets.py
[2025-11-17T00:59:17.224+0000] {processor.py:840} INFO - DAG(s) 'dataset_consumes_1_and_2', 'dataset_consumes_1', 'dataset_produces_2', 'dataset_produces_1', 'dataset_consumes_1_never_scheduled', 'dataset_consumes_unknown_never_scheduled' retrieved from /home/airflow/.local/lib/python3.8/site-packages/airflow/example_dags/example_datasets.py
[2025-11-17T00:59:17.314+0000] {logging_mixin.py:188} INFO - [2025-11-17T00:59:17.314+0000] {dag.py:3036} INFO - Sync 6 DAGs
[2025-11-17T00:59:17.371+0000] {logging_mixin.py:188} INFO - [2025-11-17T00:59:17.370+0000] {dag.py:3823} INFO - Setting next_dagrun for dataset_consumes_1 to None, run_after=None
[2025-11-17T00:59:17.385+0000] {logging_mixin.py:188} INFO - [2025-11-17T00:59:17.384+0000] {dag.py:3823} INFO - Setting next_dagrun for dataset_consumes_1_and_2 to None, run_after=None
[2025-11-17T00:59:17.388+0000] {logging_mixin.py:188} INFO - [2025-11-17T00:59:17.388+0000] {dag.py:3823} INFO - Setting next_dagrun for dataset_consumes_1_never_scheduled to None, run_after=None
[2025-11-17T00:59:17.394+0000] {logging_mixin.py:188} INFO - [2025-11-17T00:59:17.394+0000] {dag.py:3823} INFO - Setting next_dagrun for dataset_consumes_unknown_never_scheduled to None, run_after=None
[2025-11-17T00:59:17.403+0000] {logging_mixin.py:188} INFO - [2025-11-17T00:59:17.402+0000] {dag.py:3823} INFO - Setting next_dagrun for dataset_produces_1 to 2025-11-16 00:00:00+00:00, run_after=2025-11-17 00:00:00+00:00
[2025-11-17T00:59:17.406+0000] {logging_mixin.py:188} INFO - [2025-11-17T00:59:17.405+0000] {dag.py:3823} INFO - Setting next_dagrun for dataset_produces_2 to None, run_after=None
[2025-11-17T00:59:17.480+0000] {processor.py:183} INFO - Processing /home/airflow/.local/lib/python3.8/site-packages/airflow/example_dags/example_datasets.py took 0.286 seconds
[2025-11-17T00:59:47.659+0000] {processor.py:161} INFO - Started process (PID=2043) to work on /home/airflow/.local/lib/python3.8/site-packages/airflow/example_dags/example_datasets.py
[2025-11-17T00:59:47.660+0000] {processor.py:830} INFO - Processing file /home/airflow/.local/lib/python3.8/site-packages/airflow/example_dags/example_datasets.py for tasks to queue
[2025-11-17T00:59:47.661+0000] {logging_mixin.py:188} INFO - [2025-11-17T00:59:47.661+0000] {dagbag.py:538} INFO - Filling up the DagBag from /home/airflow/.local/lib/python3.8/site-packages/airflow/example_dags/example_datasets.py
[2025-11-17T00:59:47.670+0000] {processor.py:840} INFO - DAG(s) 'dataset_consumes_1_never_scheduled', 'dataset_consumes_unknown_never_scheduled', 'dataset_produces_2', 'dataset_consumes_1_and_2', 'dataset_consumes_1', 'dataset_produces_1' retrieved from /home/airflow/.local/lib/python3.8/site-packages/airflow/example_dags/example_datasets.py
[2025-11-17T00:59:47.733+0000] {logging_mixin.py:188} INFO - [2025-11-17T00:59:47.732+0000] {dag.py:3036} INFO - Sync 6 DAGs
[2025-11-17T00:59:47.754+0000] {logging_mixin.py:188} INFO - [2025-11-17T00:59:47.754+0000] {dag.py:3823} INFO - Setting next_dagrun for dataset_consumes_1 to None, run_after=None
[2025-11-17T00:59:47.758+0000] {logging_mixin.py:188} INFO - [2025-11-17T00:59:47.758+0000] {dag.py:3823} INFO - Setting next_dagrun for dataset_consumes_1_and_2 to None, run_after=None
[2025-11-17T00:59:47.760+0000] {logging_mixin.py:188} INFO - [2025-11-17T00:59:47.760+0000] {dag.py:3823} INFO - Setting next_dagrun for dataset_consumes_1_never_scheduled to None, run_after=None
[2025-11-17T00:59:47.763+0000] {logging_mixin.py:188} INFO - [2025-11-17T00:59:47.762+0000] {dag.py:3823} INFO - Setting next_dagrun for dataset_consumes_unknown_never_scheduled to None, run_after=None
[2025-11-17T00:59:47.766+0000] {logging_mixin.py:188} INFO - [2025-11-17T00:59:47.765+0000] {dag.py:3823} INFO - Setting next_dagrun for dataset_produces_1 to 2025-11-16 00:00:00+00:00, run_after=2025-11-17 00:00:00+00:00
[2025-11-17T00:59:47.767+0000] {logging_mixin.py:188} INFO - [2025-11-17T00:59:47.767+0000] {dag.py:3823} INFO - Setting next_dagrun for dataset_produces_2 to None, run_after=None
[2025-11-17T00:59:47.803+0000] {processor.py:183} INFO - Processing /home/airflow/.local/lib/python3.8/site-packages/airflow/example_dags/example_datasets.py took 0.147 seconds
[2025-11-17T01:00:17.857+0000] {processor.py:161} INFO - Started process (PID=2124) to work on /home/airflow/.local/lib/python3.8/site-packages/airflow/example_dags/example_datasets.py
[2025-11-17T01:00:17.858+0000] {processor.py:830} INFO - Processing file /home/airflow/.local/lib/python3.8/site-packages/airflow/example_dags/example_datasets.py for tasks to queue
[2025-11-17T01:00:17.859+0000] {logging_mixin.py:188} INFO - [2025-11-17T01:00:17.859+0000] {dagbag.py:538} INFO - Filling up the DagBag from /home/airflow/.local/lib/python3.8/site-packages/airflow/example_dags/example_datasets.py
[2025-11-17T01:00:17.872+0000] {processor.py:840} INFO - DAG(s) 'dataset_consumes_1_and_2', 'dataset_consumes_1_never_scheduled', 'dataset_produces_1', 'dataset_produces_2', 'dataset_consumes_unknown_never_scheduled', 'dataset_consumes_1' retrieved from /home/airflow/.local/lib/python3.8/site-packages/airflow/example_dags/example_datasets.py
[2025-11-17T01:00:17.920+0000] {logging_mixin.py:188} INFO - [2025-11-17T01:00:17.920+0000] {dag.py:3036} INFO - Sync 6 DAGs
[2025-11-17T01:00:17.947+0000] {logging_mixin.py:188} INFO - [2025-11-17T01:00:17.947+0000] {dag.py:3823} INFO - Setting next_dagrun for dataset_consumes_1 to None, run_after=None
[2025-11-17T01:00:17.952+0000] {logging_mixin.py:188} INFO - [2025-11-17T01:00:17.952+0000] {dag.py:3823} INFO - Setting next_dagrun for dataset_consumes_1_and_2 to None, run_after=None
[2025-11-17T01:00:17.955+0000] {logging_mixin.py:188} INFO - [2025-11-17T01:00:17.954+0000] {dag.py:3823} INFO - Setting next_dagrun for dataset_consumes_1_never_scheduled to None, run_after=None
[2025-11-17T01:00:17.957+0000] {logging_mixin.py:188} INFO - [2025-11-17T01:00:17.957+0000] {dag.py:3823} INFO - Setting next_dagrun for dataset_consumes_unknown_never_scheduled to None, run_after=None
[2025-11-17T01:00:17.961+0000] {logging_mixin.py:188} INFO - [2025-11-17T01:00:17.960+0000] {dag.py:3823} INFO - Setting next_dagrun for dataset_produces_1 to 2025-11-16 00:00:00+00:00, run_after=2025-11-17 00:00:00+00:00
[2025-11-17T01:00:17.963+0000] {logging_mixin.py:188} INFO - [2025-11-17T01:00:17.963+0000] {dag.py:3823} INFO - Setting next_dagrun for dataset_produces_2 to None, run_after=None
[2025-11-17T01:00:18.011+0000] {processor.py:183} INFO - Processing /home/airflow/.local/lib/python3.8/site-packages/airflow/example_dags/example_datasets.py took 0.159 seconds
[2025-11-17T01:00:48.113+0000] {processor.py:161} INFO - Started process (PID=2220) to work on /home/airflow/.local/lib/python3.8/site-packages/airflow/example_dags/example_datasets.py
[2025-11-17T01:00:48.121+0000] {processor.py:830} INFO - Processing file /home/airflow/.local/lib/python3.8/site-packages/airflow/example_dags/example_datasets.py for tasks to queue
[2025-11-17T01:00:48.124+0000] {logging_mixin.py:188} INFO - [2025-11-17T01:00:48.123+0000] {dagbag.py:538} INFO - Filling up the DagBag from /home/airflow/.local/lib/python3.8/site-packages/airflow/example_dags/example_datasets.py
[2025-11-17T01:00:48.146+0000] {processor.py:840} INFO - DAG(s) 'dataset_produces_1', 'dataset_produces_2', 'dataset_consumes_unknown_never_scheduled', 'dataset_consumes_1_and_2', 'dataset_consumes_1_never_scheduled', 'dataset_consumes_1' retrieved from /home/airflow/.local/lib/python3.8/site-packages/airflow/example_dags/example_datasets.py
[2025-11-17T01:00:48.198+0000] {logging_mixin.py:188} INFO - [2025-11-17T01:00:48.197+0000] {dag.py:3036} INFO - Sync 6 DAGs
[2025-11-17T01:00:48.226+0000] {logging_mixin.py:188} INFO - [2025-11-17T01:00:48.225+0000] {dag.py:3823} INFO - Setting next_dagrun for dataset_consumes_1 to None, run_after=None
[2025-11-17T01:00:48.231+0000] {logging_mixin.py:188} INFO - [2025-11-17T01:00:48.231+0000] {dag.py:3823} INFO - Setting next_dagrun for dataset_consumes_1_and_2 to None, run_after=None
[2025-11-17T01:00:48.233+0000] {logging_mixin.py:188} INFO - [2025-11-17T01:00:48.233+0000] {dag.py:3823} INFO - Setting next_dagrun for dataset_consumes_1_never_scheduled to None, run_after=None
[2025-11-17T01:00:48.235+0000] {logging_mixin.py:188} INFO - [2025-11-17T01:00:48.235+0000] {dag.py:3823} INFO - Setting next_dagrun for dataset_consumes_unknown_never_scheduled to None, run_after=None
[2025-11-17T01:00:48.240+0000] {logging_mixin.py:188} INFO - [2025-11-17T01:00:48.240+0000] {dag.py:3823} INFO - Setting next_dagrun for dataset_produces_1 to 2025-11-16 00:00:00+00:00, run_after=2025-11-17 00:00:00+00:00
[2025-11-17T01:00:48.243+0000] {logging_mixin.py:188} INFO - [2025-11-17T01:00:48.243+0000] {dag.py:3823} INFO - Setting next_dagrun for dataset_produces_2 to None, run_after=None
[2025-11-17T01:00:48.276+0000] {processor.py:183} INFO - Processing /home/airflow/.local/lib/python3.8/site-packages/airflow/example_dags/example_datasets.py took 0.168 seconds
[2025-11-17T01:01:18.743+0000] {processor.py:161} INFO - Started process (PID=2301) to work on /home/airflow/.local/lib/python3.8/site-packages/airflow/example_dags/example_datasets.py
[2025-11-17T01:01:18.744+0000] {processor.py:830} INFO - Processing file /home/airflow/.local/lib/python3.8/site-packages/airflow/example_dags/example_datasets.py for tasks to queue
[2025-11-17T01:01:18.745+0000] {logging_mixin.py:188} INFO - [2025-11-17T01:01:18.745+0000] {dagbag.py:538} INFO - Filling up the DagBag from /home/airflow/.local/lib/python3.8/site-packages/airflow/example_dags/example_datasets.py
[2025-11-17T01:01:18.756+0000] {processor.py:840} INFO - DAG(s) 'dataset_consumes_1_and_2', 'dataset_consumes_1_never_scheduled', 'dataset_consumes_1', 'dataset_produces_1', 'dataset_produces_2', 'dataset_consumes_unknown_never_scheduled' retrieved from /home/airflow/.local/lib/python3.8/site-packages/airflow/example_dags/example_datasets.py
[2025-11-17T01:01:18.801+0000] {logging_mixin.py:188} INFO - [2025-11-17T01:01:18.801+0000] {dag.py:3036} INFO - Sync 6 DAGs
[2025-11-17T01:01:18.830+0000] {logging_mixin.py:188} INFO - [2025-11-17T01:01:18.830+0000] {dag.py:3823} INFO - Setting next_dagrun for dataset_consumes_1 to None, run_after=None
[2025-11-17T01:01:18.835+0000] {logging_mixin.py:188} INFO - [2025-11-17T01:01:18.835+0000] {dag.py:3823} INFO - Setting next_dagrun for dataset_consumes_1_and_2 to None, run_after=None
[2025-11-17T01:01:18.837+0000] {logging_mixin.py:188} INFO - [2025-11-17T01:01:18.837+0000] {dag.py:3823} INFO - Setting next_dagrun for dataset_consumes_1_never_scheduled to None, run_after=None
[2025-11-17T01:01:18.839+0000] {logging_mixin.py:188} INFO - [2025-11-17T01:01:18.839+0000] {dag.py:3823} INFO - Setting next_dagrun for dataset_consumes_unknown_never_scheduled to None, run_after=None
[2025-11-17T01:01:18.843+0000] {logging_mixin.py:188} INFO - [2025-11-17T01:01:18.843+0000] {dag.py:3823} INFO - Setting next_dagrun for dataset_produces_1 to 2025-11-16 00:00:00+00:00, run_after=2025-11-17 00:00:00+00:00
[2025-11-17T01:01:18.845+0000] {logging_mixin.py:188} INFO - [2025-11-17T01:01:18.845+0000] {dag.py:3823} INFO - Setting next_dagrun for dataset_produces_2 to None, run_after=None
[2025-11-17T01:01:18.892+0000] {processor.py:183} INFO - Processing /home/airflow/.local/lib/python3.8/site-packages/airflow/example_dags/example_datasets.py took 0.152 seconds
[2025-11-17T01:01:49.475+0000] {processor.py:161} INFO - Started process (PID=2382) to work on /home/airflow/.local/lib/python3.8/site-packages/airflow/example_dags/example_datasets.py
[2025-11-17T01:01:49.476+0000] {processor.py:830} INFO - Processing file /home/airflow/.local/lib/python3.8/site-packages/airflow/example_dags/example_datasets.py for tasks to queue
[2025-11-17T01:01:49.477+0000] {logging_mixin.py:188} INFO - [2025-11-17T01:01:49.477+0000] {dagbag.py:538} INFO - Filling up the DagBag from /home/airflow/.local/lib/python3.8/site-packages/airflow/example_dags/example_datasets.py
[2025-11-17T01:01:49.486+0000] {processor.py:840} INFO - DAG(s) 'dataset_consumes_1', 'dataset_consumes_1_never_scheduled', 'dataset_produces_1', 'dataset_consumes_1_and_2', 'dataset_produces_2', 'dataset_consumes_unknown_never_scheduled' retrieved from /home/airflow/.local/lib/python3.8/site-packages/airflow/example_dags/example_datasets.py
[2025-11-17T01:01:49.528+0000] {logging_mixin.py:188} INFO - [2025-11-17T01:01:49.528+0000] {dag.py:3036} INFO - Sync 6 DAGs
[2025-11-17T01:01:49.555+0000] {logging_mixin.py:188} INFO - [2025-11-17T01:01:49.554+0000] {dag.py:3823} INFO - Setting next_dagrun for dataset_consumes_1 to None, run_after=None
[2025-11-17T01:01:49.560+0000] {logging_mixin.py:188} INFO - [2025-11-17T01:01:49.559+0000] {dag.py:3823} INFO - Setting next_dagrun for dataset_consumes_1_and_2 to None, run_after=None
[2025-11-17T01:01:49.562+0000] {logging_mixin.py:188} INFO - [2025-11-17T01:01:49.562+0000] {dag.py:3823} INFO - Setting next_dagrun for dataset_consumes_1_never_scheduled to None, run_after=None
[2025-11-17T01:01:49.564+0000] {logging_mixin.py:188} INFO - [2025-11-17T01:01:49.563+0000] {dag.py:3823} INFO - Setting next_dagrun for dataset_consumes_unknown_never_scheduled to None, run_after=None
[2025-11-17T01:01:49.567+0000] {logging_mixin.py:188} INFO - [2025-11-17T01:01:49.567+0000] {dag.py:3823} INFO - Setting next_dagrun for dataset_produces_1 to 2025-11-16 00:00:00+00:00, run_after=2025-11-17 00:00:00+00:00
[2025-11-17T01:01:49.569+0000] {logging_mixin.py:188} INFO - [2025-11-17T01:01:49.569+0000] {dag.py:3823} INFO - Setting next_dagrun for dataset_produces_2 to None, run_after=None
[2025-11-17T01:01:49.609+0000] {processor.py:183} INFO - Processing /home/airflow/.local/lib/python3.8/site-packages/airflow/example_dags/example_datasets.py took 0.137 seconds
[2025-11-17T01:02:20.308+0000] {processor.py:161} INFO - Started process (PID=2478) to work on /home/airflow/.local/lib/python3.8/site-packages/airflow/example_dags/example_datasets.py
[2025-11-17T01:02:20.309+0000] {processor.py:830} INFO - Processing file /home/airflow/.local/lib/python3.8/site-packages/airflow/example_dags/example_datasets.py for tasks to queue
[2025-11-17T01:02:20.310+0000] {logging_mixin.py:188} INFO - [2025-11-17T01:02:20.310+0000] {dagbag.py:538} INFO - Filling up the DagBag from /home/airflow/.local/lib/python3.8/site-packages/airflow/example_dags/example_datasets.py
[2025-11-17T01:02:20.320+0000] {processor.py:840} INFO - DAG(s) 'dataset_produces_2', 'dataset_produces_1', 'dataset_consumes_1', 'dataset_consumes_1_and_2', 'dataset_consumes_1_never_scheduled', 'dataset_consumes_unknown_never_scheduled' retrieved from /home/airflow/.local/lib/python3.8/site-packages/airflow/example_dags/example_datasets.py
[2025-11-17T01:02:20.376+0000] {logging_mixin.py:188} INFO - [2025-11-17T01:02:20.376+0000] {dag.py:3036} INFO - Sync 6 DAGs
[2025-11-17T01:02:20.402+0000] {logging_mixin.py:188} INFO - [2025-11-17T01:02:20.402+0000] {dag.py:3823} INFO - Setting next_dagrun for dataset_consumes_1 to None, run_after=None
[2025-11-17T01:02:20.407+0000] {logging_mixin.py:188} INFO - [2025-11-17T01:02:20.407+0000] {dag.py:3823} INFO - Setting next_dagrun for dataset_consumes_1_and_2 to None, run_after=None
[2025-11-17T01:02:20.409+0000] {logging_mixin.py:188} INFO - [2025-11-17T01:02:20.409+0000] {dag.py:3823} INFO - Setting next_dagrun for dataset_consumes_1_never_scheduled to None, run_after=None
[2025-11-17T01:02:20.411+0000] {logging_mixin.py:188} INFO - [2025-11-17T01:02:20.410+0000] {dag.py:3823} INFO - Setting next_dagrun for dataset_consumes_unknown_never_scheduled to None, run_after=None
[2025-11-17T01:02:20.414+0000] {logging_mixin.py:188} INFO - [2025-11-17T01:02:20.414+0000] {dag.py:3823} INFO - Setting next_dagrun for dataset_produces_1 to 2025-11-16 00:00:00+00:00, run_after=2025-11-17 00:00:00+00:00
[2025-11-17T01:02:20.417+0000] {logging_mixin.py:188} INFO - [2025-11-17T01:02:20.416+0000] {dag.py:3823} INFO - Setting next_dagrun for dataset_produces_2 to None, run_after=None
[2025-11-17T01:02:20.460+0000] {processor.py:183} INFO - Processing /home/airflow/.local/lib/python3.8/site-packages/airflow/example_dags/example_datasets.py took 0.156 seconds
[2025-11-17T01:02:50.651+0000] {processor.py:161} INFO - Started process (PID=2559) to work on /home/airflow/.local/lib/python3.8/site-packages/airflow/example_dags/example_datasets.py
[2025-11-17T01:02:50.652+0000] {processor.py:830} INFO - Processing file /home/airflow/.local/lib/python3.8/site-packages/airflow/example_dags/example_datasets.py for tasks to queue
[2025-11-17T01:02:50.653+0000] {logging_mixin.py:188} INFO - [2025-11-17T01:02:50.652+0000] {dagbag.py:538} INFO - Filling up the DagBag from /home/airflow/.local/lib/python3.8/site-packages/airflow/example_dags/example_datasets.py
[2025-11-17T01:02:50.663+0000] {processor.py:840} INFO - DAG(s) 'dataset_consumes_1_and_2', 'dataset_consumes_unknown_never_scheduled', 'dataset_consumes_1_never_scheduled', 'dataset_produces_1', 'dataset_produces_2', 'dataset_consumes_1' retrieved from /home/airflow/.local/lib/python3.8/site-packages/airflow/example_dags/example_datasets.py
[2025-11-17T01:02:50.714+0000] {logging_mixin.py:188} INFO - [2025-11-17T01:02:50.714+0000] {dag.py:3036} INFO - Sync 6 DAGs
[2025-11-17T01:02:50.742+0000] {logging_mixin.py:188} INFO - [2025-11-17T01:02:50.742+0000] {dag.py:3823} INFO - Setting next_dagrun for dataset_consumes_1 to None, run_after=None
[2025-11-17T01:02:50.747+0000] {logging_mixin.py:188} INFO - [2025-11-17T01:02:50.747+0000] {dag.py:3823} INFO - Setting next_dagrun for dataset_consumes_1_and_2 to None, run_after=None
[2025-11-17T01:02:50.749+0000] {logging_mixin.py:188} INFO - [2025-11-17T01:02:50.749+0000] {dag.py:3823} INFO - Setting next_dagrun for dataset_consumes_1_never_scheduled to None, run_after=None
[2025-11-17T01:02:50.751+0000] {logging_mixin.py:188} INFO - [2025-11-17T01:02:50.750+0000] {dag.py:3823} INFO - Setting next_dagrun for dataset_consumes_unknown_never_scheduled to None, run_after=None
[2025-11-17T01:02:50.756+0000] {logging_mixin.py:188} INFO - [2025-11-17T01:02:50.755+0000] {dag.py:3823} INFO - Setting next_dagrun for dataset_produces_1 to 2025-11-16 00:00:00+00:00, run_after=2025-11-17 00:00:00+00:00
[2025-11-17T01:02:50.758+0000] {logging_mixin.py:188} INFO - [2025-11-17T01:02:50.758+0000] {dag.py:3823} INFO - Setting next_dagrun for dataset_produces_2 to None, run_after=None
[2025-11-17T01:02:50.799+0000] {processor.py:183} INFO - Processing /home/airflow/.local/lib/python3.8/site-packages/airflow/example_dags/example_datasets.py took 0.152 seconds
[2025-11-17T01:03:20.909+0000] {processor.py:161} INFO - Started process (PID=2640) to work on /home/airflow/.local/lib/python3.8/site-packages/airflow/example_dags/example_datasets.py
[2025-11-17T01:03:20.910+0000] {processor.py:830} INFO - Processing file /home/airflow/.local/lib/python3.8/site-packages/airflow/example_dags/example_datasets.py for tasks to queue
[2025-11-17T01:03:20.911+0000] {logging_mixin.py:188} INFO - [2025-11-17T01:03:20.911+0000] {dagbag.py:538} INFO - Filling up the DagBag from /home/airflow/.local/lib/python3.8/site-packages/airflow/example_dags/example_datasets.py
[2025-11-17T01:03:20.921+0000] {processor.py:840} INFO - DAG(s) 'dataset_produces_2', 'dataset_consumes_unknown_never_scheduled', 'dataset_consumes_1_and_2', 'dataset_consumes_1_never_scheduled', 'dataset_produces_1', 'dataset_consumes_1' retrieved from /home/airflow/.local/lib/python3.8/site-packages/airflow/example_dags/example_datasets.py
[2025-11-17T01:03:20.976+0000] {logging_mixin.py:188} INFO - [2025-11-17T01:03:20.975+0000] {dag.py:3036} INFO - Sync 6 DAGs
[2025-11-17T01:03:21.009+0000] {logging_mixin.py:188} INFO - [2025-11-17T01:03:21.009+0000] {dag.py:3823} INFO - Setting next_dagrun for dataset_consumes_1 to None, run_after=None
[2025-11-17T01:03:21.016+0000] {logging_mixin.py:188} INFO - [2025-11-17T01:03:21.016+0000] {dag.py:3823} INFO - Setting next_dagrun for dataset_consumes_1_and_2 to None, run_after=None
[2025-11-17T01:03:21.018+0000] {logging_mixin.py:188} INFO - [2025-11-17T01:03:21.018+0000] {dag.py:3823} INFO - Setting next_dagrun for dataset_consumes_1_never_scheduled to None, run_after=None
[2025-11-17T01:03:21.021+0000] {logging_mixin.py:188} INFO - [2025-11-17T01:03:21.021+0000] {dag.py:3823} INFO - Setting next_dagrun for dataset_consumes_unknown_never_scheduled to None, run_after=None
[2025-11-17T01:03:21.025+0000] {logging_mixin.py:188} INFO - [2025-11-17T01:03:21.025+0000] {dag.py:3823} INFO - Setting next_dagrun for dataset_produces_1 to 2025-11-16 00:00:00+00:00, run_after=2025-11-17 00:00:00+00:00
[2025-11-17T01:03:21.028+0000] {logging_mixin.py:188} INFO - [2025-11-17T01:03:21.028+0000] {dag.py:3823} INFO - Setting next_dagrun for dataset_produces_2 to None, run_after=None
[2025-11-17T01:03:21.090+0000] {processor.py:183} INFO - Processing /home/airflow/.local/lib/python3.8/site-packages/airflow/example_dags/example_datasets.py took 0.184 seconds
[2025-11-17T01:03:51.745+0000] {processor.py:161} INFO - Started process (PID=2737) to work on /home/airflow/.local/lib/python3.8/site-packages/airflow/example_dags/example_datasets.py
[2025-11-17T01:03:51.746+0000] {processor.py:830} INFO - Processing file /home/airflow/.local/lib/python3.8/site-packages/airflow/example_dags/example_datasets.py for tasks to queue
[2025-11-17T01:03:51.748+0000] {logging_mixin.py:188} INFO - [2025-11-17T01:03:51.747+0000] {dagbag.py:538} INFO - Filling up the DagBag from /home/airflow/.local/lib/python3.8/site-packages/airflow/example_dags/example_datasets.py
[2025-11-17T01:03:51.757+0000] {processor.py:840} INFO - DAG(s) 'dataset_consumes_1_and_2', 'dataset_produces_1', 'dataset_consumes_unknown_never_scheduled', 'dataset_consumes_1_never_scheduled', 'dataset_consumes_1', 'dataset_produces_2' retrieved from /home/airflow/.local/lib/python3.8/site-packages/airflow/example_dags/example_datasets.py
[2025-11-17T01:03:51.804+0000] {logging_mixin.py:188} INFO - [2025-11-17T01:03:51.803+0000] {dag.py:3036} INFO - Sync 6 DAGs
[2025-11-17T01:03:51.828+0000] {logging_mixin.py:188} INFO - [2025-11-17T01:03:51.828+0000] {dag.py:3823} INFO - Setting next_dagrun for dataset_consumes_1 to None, run_after=None
[2025-11-17T01:03:51.833+0000] {logging_mixin.py:188} INFO - [2025-11-17T01:03:51.832+0000] {dag.py:3823} INFO - Setting next_dagrun for dataset_consumes_1_and_2 to None, run_after=None
[2025-11-17T01:03:51.835+0000] {logging_mixin.py:188} INFO - [2025-11-17T01:03:51.834+0000] {dag.py:3823} INFO - Setting next_dagrun for dataset_consumes_1_never_scheduled to None, run_after=None
[2025-11-17T01:03:51.837+0000] {logging_mixin.py:188} INFO - [2025-11-17T01:03:51.836+0000] {dag.py:3823} INFO - Setting next_dagrun for dataset_consumes_unknown_never_scheduled to None, run_after=None
[2025-11-17T01:03:51.840+0000] {logging_mixin.py:188} INFO - [2025-11-17T01:03:51.840+0000] {dag.py:3823} INFO - Setting next_dagrun for dataset_produces_1 to 2025-11-16 00:00:00+00:00, run_after=2025-11-17 00:00:00+00:00
[2025-11-17T01:03:51.843+0000] {logging_mixin.py:188} INFO - [2025-11-17T01:03:51.842+0000] {dag.py:3823} INFO - Setting next_dagrun for dataset_produces_2 to None, run_after=None
[2025-11-17T01:03:51.885+0000] {processor.py:183} INFO - Processing /home/airflow/.local/lib/python3.8/site-packages/airflow/example_dags/example_datasets.py took 0.143 seconds
[2025-11-17T01:04:21.958+0000] {processor.py:161} INFO - Started process (PID=2818) to work on /home/airflow/.local/lib/python3.8/site-packages/airflow/example_dags/example_datasets.py
[2025-11-17T01:04:21.959+0000] {processor.py:830} INFO - Processing file /home/airflow/.local/lib/python3.8/site-packages/airflow/example_dags/example_datasets.py for tasks to queue
[2025-11-17T01:04:21.960+0000] {logging_mixin.py:188} INFO - [2025-11-17T01:04:21.960+0000] {dagbag.py:538} INFO - Filling up the DagBag from /home/airflow/.local/lib/python3.8/site-packages/airflow/example_dags/example_datasets.py
[2025-11-17T01:04:21.971+0000] {processor.py:840} INFO - DAG(s) 'dataset_produces_2', 'dataset_consumes_1_never_scheduled', 'dataset_consumes_1', 'dataset_produces_1', 'dataset_consumes_unknown_never_scheduled', 'dataset_consumes_1_and_2' retrieved from /home/airflow/.local/lib/python3.8/site-packages/airflow/example_dags/example_datasets.py
[2025-11-17T01:04:22.018+0000] {logging_mixin.py:188} INFO - [2025-11-17T01:04:22.018+0000] {dag.py:3036} INFO - Sync 6 DAGs
[2025-11-17T01:04:22.044+0000] {logging_mixin.py:188} INFO - [2025-11-17T01:04:22.044+0000] {dag.py:3823} INFO - Setting next_dagrun for dataset_consumes_1 to None, run_after=None
[2025-11-17T01:04:22.049+0000] {logging_mixin.py:188} INFO - [2025-11-17T01:04:22.048+0000] {dag.py:3823} INFO - Setting next_dagrun for dataset_consumes_1_and_2 to None, run_after=None
[2025-11-17T01:04:22.052+0000] {logging_mixin.py:188} INFO - [2025-11-17T01:04:22.051+0000] {dag.py:3823} INFO - Setting next_dagrun for dataset_consumes_1_never_scheduled to None, run_after=None
[2025-11-17T01:04:22.055+0000] {logging_mixin.py:188} INFO - [2025-11-17T01:04:22.054+0000] {dag.py:3823} INFO - Setting next_dagrun for dataset_consumes_unknown_never_scheduled to None, run_after=None
[2025-11-17T01:04:22.060+0000] {logging_mixin.py:188} INFO - [2025-11-17T01:04:22.060+0000] {dag.py:3823} INFO - Setting next_dagrun for dataset_produces_1 to 2025-11-16 00:00:00+00:00, run_after=2025-11-17 00:00:00+00:00
[2025-11-17T01:04:22.063+0000] {logging_mixin.py:188} INFO - [2025-11-17T01:04:22.063+0000] {dag.py:3823} INFO - Setting next_dagrun for dataset_produces_2 to None, run_after=None
[2025-11-17T01:04:22.108+0000] {processor.py:183} INFO - Processing /home/airflow/.local/lib/python3.8/site-packages/airflow/example_dags/example_datasets.py took 0.153 seconds
[2025-11-17T01:04:52.285+0000] {processor.py:161} INFO - Started process (PID=2909) to work on /home/airflow/.local/lib/python3.8/site-packages/airflow/example_dags/example_datasets.py
[2025-11-17T01:04:52.288+0000] {processor.py:830} INFO - Processing file /home/airflow/.local/lib/python3.8/site-packages/airflow/example_dags/example_datasets.py for tasks to queue
[2025-11-17T01:04:52.291+0000] {logging_mixin.py:188} INFO - [2025-11-17T01:04:52.290+0000] {dagbag.py:538} INFO - Filling up the DagBag from /home/airflow/.local/lib/python3.8/site-packages/airflow/example_dags/example_datasets.py
[2025-11-17T01:04:52.308+0000] {processor.py:840} INFO - DAG(s) 'dataset_consumes_1', 'dataset_produces_2', 'dataset_produces_1', 'dataset_consumes_1_never_scheduled', 'dataset_consumes_unknown_never_scheduled', 'dataset_consumes_1_and_2' retrieved from /home/airflow/.local/lib/python3.8/site-packages/airflow/example_dags/example_datasets.py
[2025-11-17T01:04:52.378+0000] {logging_mixin.py:188} INFO - [2025-11-17T01:04:52.378+0000] {dag.py:3036} INFO - Sync 6 DAGs
[2025-11-17T01:04:52.416+0000] {logging_mixin.py:188} INFO - [2025-11-17T01:04:52.416+0000] {dag.py:3823} INFO - Setting next_dagrun for dataset_consumes_1 to None, run_after=None
[2025-11-17T01:04:52.424+0000] {logging_mixin.py:188} INFO - [2025-11-17T01:04:52.424+0000] {dag.py:3823} INFO - Setting next_dagrun for dataset_consumes_1_and_2 to None, run_after=None
[2025-11-17T01:04:52.426+0000] {logging_mixin.py:188} INFO - [2025-11-17T01:04:52.426+0000] {dag.py:3823} INFO - Setting next_dagrun for dataset_consumes_1_never_scheduled to None, run_after=None
[2025-11-17T01:04:52.428+0000] {logging_mixin.py:188} INFO - [2025-11-17T01:04:52.427+0000] {dag.py:3823} INFO - Setting next_dagrun for dataset_consumes_unknown_never_scheduled to None, run_after=None
[2025-11-17T01:04:52.432+0000] {logging_mixin.py:188} INFO - [2025-11-17T01:04:52.432+0000] {dag.py:3823} INFO - Setting next_dagrun for dataset_produces_1 to 2025-11-16 00:00:00+00:00, run_after=2025-11-17 00:00:00+00:00
[2025-11-17T01:04:52.434+0000] {logging_mixin.py:188} INFO - [2025-11-17T01:04:52.434+0000] {dag.py:3823} INFO - Setting next_dagrun for dataset_produces_2 to None, run_after=None
[2025-11-17T01:04:52.475+0000] {processor.py:183} INFO - Processing /home/airflow/.local/lib/python3.8/site-packages/airflow/example_dags/example_datasets.py took 0.199 seconds
