[2025-11-17T00:58:42.549+0000] {processor.py:161} INFO - Started process (PID=1868) to work on /home/airflow/.local/lib/python3.8/site-packages/airflow/example_dags/example_branch_day_of_week_operator.py
[2025-11-17T00:58:42.565+0000] {processor.py:830} INFO - Processing file /home/airflow/.local/lib/python3.8/site-packages/airflow/example_dags/example_branch_day_of_week_operator.py for tasks to queue
[2025-11-17T00:58:42.578+0000] {logging_mixin.py:188} INFO - [2025-11-17T00:58:42.577+0000] {dagbag.py:538} INFO - Filling up the DagBag from /home/airflow/.local/lib/python3.8/site-packages/airflow/example_dags/example_branch_day_of_week_operator.py
[2025-11-17T00:58:42.651+0000] {processor.py:840} INFO - DAG(s) 'example_weekday_branch_operator' retrieved from /home/airflow/.local/lib/python3.8/site-packages/airflow/example_dags/example_branch_day_of_week_operator.py
[2025-11-17T00:58:42.914+0000] {logging_mixin.py:188} INFO - [2025-11-17T00:58:42.914+0000] {dag.py:3036} INFO - Sync 1 DAGs
[2025-11-17T00:58:43.064+0000] {logging_mixin.py:188} INFO - [2025-11-17T00:58:43.063+0000] {dag.py:3823} INFO - Setting next_dagrun for example_weekday_branch_operator to 2025-11-16 00:00:00+00:00, run_after=2025-11-17 00:00:00+00:00
[2025-11-17T00:58:43.179+0000] {processor.py:183} INFO - Processing /home/airflow/.local/lib/python3.8/site-packages/airflow/example_dags/example_branch_day_of_week_operator.py took 0.665 seconds
[2025-11-17T00:59:13.801+0000] {processor.py:161} INFO - Started process (PID=1940) to work on /home/airflow/.local/lib/python3.8/site-packages/airflow/example_dags/example_branch_day_of_week_operator.py
[2025-11-17T00:59:13.802+0000] {processor.py:830} INFO - Processing file /home/airflow/.local/lib/python3.8/site-packages/airflow/example_dags/example_branch_day_of_week_operator.py for tasks to queue
[2025-11-17T00:59:13.803+0000] {logging_mixin.py:188} INFO - [2025-11-17T00:59:13.803+0000] {dagbag.py:538} INFO - Filling up the DagBag from /home/airflow/.local/lib/python3.8/site-packages/airflow/example_dags/example_branch_day_of_week_operator.py
[2025-11-17T00:59:13.815+0000] {processor.py:840} INFO - DAG(s) 'example_weekday_branch_operator' retrieved from /home/airflow/.local/lib/python3.8/site-packages/airflow/example_dags/example_branch_day_of_week_operator.py
[2025-11-17T00:59:13.843+0000] {logging_mixin.py:188} INFO - [2025-11-17T00:59:13.842+0000] {dag.py:3036} INFO - Sync 1 DAGs
[2025-11-17T00:59:13.867+0000] {logging_mixin.py:188} INFO - [2025-11-17T00:59:13.867+0000] {dag.py:3823} INFO - Setting next_dagrun for example_weekday_branch_operator to 2025-11-16 00:00:00+00:00, run_after=2025-11-17 00:00:00+00:00
[2025-11-17T00:59:13.893+0000] {processor.py:183} INFO - Processing /home/airflow/.local/lib/python3.8/site-packages/airflow/example_dags/example_branch_day_of_week_operator.py took 0.096 seconds
[2025-11-17T00:59:43.975+0000] {processor.py:161} INFO - Started process (PID=2029) to work on /home/airflow/.local/lib/python3.8/site-packages/airflow/example_dags/example_branch_day_of_week_operator.py
[2025-11-17T00:59:43.976+0000] {processor.py:830} INFO - Processing file /home/airflow/.local/lib/python3.8/site-packages/airflow/example_dags/example_branch_day_of_week_operator.py for tasks to queue
[2025-11-17T00:59:43.977+0000] {logging_mixin.py:188} INFO - [2025-11-17T00:59:43.977+0000] {dagbag.py:538} INFO - Filling up the DagBag from /home/airflow/.local/lib/python3.8/site-packages/airflow/example_dags/example_branch_day_of_week_operator.py
[2025-11-17T00:59:43.988+0000] {processor.py:840} INFO - DAG(s) 'example_weekday_branch_operator' retrieved from /home/airflow/.local/lib/python3.8/site-packages/airflow/example_dags/example_branch_day_of_week_operator.py
[2025-11-17T00:59:44.022+0000] {logging_mixin.py:188} INFO - [2025-11-17T00:59:44.021+0000] {dag.py:3036} INFO - Sync 1 DAGs
[2025-11-17T00:59:44.056+0000] {logging_mixin.py:188} INFO - [2025-11-17T00:59:44.056+0000] {dag.py:3823} INFO - Setting next_dagrun for example_weekday_branch_operator to 2025-11-16 00:00:00+00:00, run_after=2025-11-17 00:00:00+00:00
[2025-11-17T00:59:44.081+0000] {processor.py:183} INFO - Processing /home/airflow/.local/lib/python3.8/site-packages/airflow/example_dags/example_branch_day_of_week_operator.py took 0.110 seconds
[2025-11-17T01:00:14.487+0000] {processor.py:161} INFO - Started process (PID=2117) to work on /home/airflow/.local/lib/python3.8/site-packages/airflow/example_dags/example_branch_day_of_week_operator.py
[2025-11-17T01:00:14.488+0000] {processor.py:830} INFO - Processing file /home/airflow/.local/lib/python3.8/site-packages/airflow/example_dags/example_branch_day_of_week_operator.py for tasks to queue
[2025-11-17T01:00:14.489+0000] {logging_mixin.py:188} INFO - [2025-11-17T01:00:14.489+0000] {dagbag.py:538} INFO - Filling up the DagBag from /home/airflow/.local/lib/python3.8/site-packages/airflow/example_dags/example_branch_day_of_week_operator.py
[2025-11-17T01:00:14.498+0000] {processor.py:840} INFO - DAG(s) 'example_weekday_branch_operator' retrieved from /home/airflow/.local/lib/python3.8/site-packages/airflow/example_dags/example_branch_day_of_week_operator.py
[2025-11-17T01:00:14.525+0000] {logging_mixin.py:188} INFO - [2025-11-17T01:00:14.525+0000] {dag.py:3036} INFO - Sync 1 DAGs
[2025-11-17T01:00:14.551+0000] {logging_mixin.py:188} INFO - [2025-11-17T01:00:14.550+0000] {dag.py:3823} INFO - Setting next_dagrun for example_weekday_branch_operator to 2025-11-16 00:00:00+00:00, run_after=2025-11-17 00:00:00+00:00
[2025-11-17T01:00:14.576+0000] {processor.py:183} INFO - Processing /home/airflow/.local/lib/python3.8/site-packages/airflow/example_dags/example_branch_day_of_week_operator.py took 0.092 seconds
[2025-11-17T01:00:44.789+0000] {processor.py:161} INFO - Started process (PID=2198) to work on /home/airflow/.local/lib/python3.8/site-packages/airflow/example_dags/example_branch_day_of_week_operator.py
[2025-11-17T01:00:44.790+0000] {processor.py:830} INFO - Processing file /home/airflow/.local/lib/python3.8/site-packages/airflow/example_dags/example_branch_day_of_week_operator.py for tasks to queue
[2025-11-17T01:00:44.791+0000] {logging_mixin.py:188} INFO - [2025-11-17T01:00:44.791+0000] {dagbag.py:538} INFO - Filling up the DagBag from /home/airflow/.local/lib/python3.8/site-packages/airflow/example_dags/example_branch_day_of_week_operator.py
[2025-11-17T01:00:44.799+0000] {processor.py:840} INFO - DAG(s) 'example_weekday_branch_operator' retrieved from /home/airflow/.local/lib/python3.8/site-packages/airflow/example_dags/example_branch_day_of_week_operator.py
[2025-11-17T01:00:44.829+0000] {logging_mixin.py:188} INFO - [2025-11-17T01:00:44.828+0000] {dag.py:3036} INFO - Sync 1 DAGs
[2025-11-17T01:00:44.855+0000] {logging_mixin.py:188} INFO - [2025-11-17T01:00:44.854+0000] {dag.py:3823} INFO - Setting next_dagrun for example_weekday_branch_operator to 2025-11-16 00:00:00+00:00, run_after=2025-11-17 00:00:00+00:00
[2025-11-17T01:00:44.880+0000] {processor.py:183} INFO - Processing /home/airflow/.local/lib/python3.8/site-packages/airflow/example_dags/example_branch_day_of_week_operator.py took 0.094 seconds
[2025-11-17T01:01:15.442+0000] {processor.py:161} INFO - Started process (PID=2294) to work on /home/airflow/.local/lib/python3.8/site-packages/airflow/example_dags/example_branch_day_of_week_operator.py
[2025-11-17T01:01:15.443+0000] {processor.py:830} INFO - Processing file /home/airflow/.local/lib/python3.8/site-packages/airflow/example_dags/example_branch_day_of_week_operator.py for tasks to queue
[2025-11-17T01:01:15.444+0000] {logging_mixin.py:188} INFO - [2025-11-17T01:01:15.443+0000] {dagbag.py:538} INFO - Filling up the DagBag from /home/airflow/.local/lib/python3.8/site-packages/airflow/example_dags/example_branch_day_of_week_operator.py
[2025-11-17T01:01:15.451+0000] {processor.py:840} INFO - DAG(s) 'example_weekday_branch_operator' retrieved from /home/airflow/.local/lib/python3.8/site-packages/airflow/example_dags/example_branch_day_of_week_operator.py
[2025-11-17T01:01:15.478+0000] {logging_mixin.py:188} INFO - [2025-11-17T01:01:15.478+0000] {dag.py:3036} INFO - Sync 1 DAGs
[2025-11-17T01:01:15.501+0000] {logging_mixin.py:188} INFO - [2025-11-17T01:01:15.501+0000] {dag.py:3823} INFO - Setting next_dagrun for example_weekday_branch_operator to 2025-11-16 00:00:00+00:00, run_after=2025-11-17 00:00:00+00:00
[2025-11-17T01:01:15.525+0000] {processor.py:183} INFO - Processing /home/airflow/.local/lib/python3.8/site-packages/airflow/example_dags/example_branch_day_of_week_operator.py took 0.086 seconds
[2025-11-17T01:01:46.201+0000] {processor.py:161} INFO - Started process (PID=2375) to work on /home/airflow/.local/lib/python3.8/site-packages/airflow/example_dags/example_branch_day_of_week_operator.py
[2025-11-17T01:01:46.202+0000] {processor.py:830} INFO - Processing file /home/airflow/.local/lib/python3.8/site-packages/airflow/example_dags/example_branch_day_of_week_operator.py for tasks to queue
[2025-11-17T01:01:46.203+0000] {logging_mixin.py:188} INFO - [2025-11-17T01:01:46.203+0000] {dagbag.py:538} INFO - Filling up the DagBag from /home/airflow/.local/lib/python3.8/site-packages/airflow/example_dags/example_branch_day_of_week_operator.py
[2025-11-17T01:01:46.210+0000] {processor.py:840} INFO - DAG(s) 'example_weekday_branch_operator' retrieved from /home/airflow/.local/lib/python3.8/site-packages/airflow/example_dags/example_branch_day_of_week_operator.py
[2025-11-17T01:01:46.237+0000] {logging_mixin.py:188} INFO - [2025-11-17T01:01:46.236+0000] {dag.py:3036} INFO - Sync 1 DAGs
[2025-11-17T01:01:46.258+0000] {logging_mixin.py:188} INFO - [2025-11-17T01:01:46.258+0000] {dag.py:3823} INFO - Setting next_dagrun for example_weekday_branch_operator to 2025-11-16 00:00:00+00:00, run_after=2025-11-17 00:00:00+00:00
[2025-11-17T01:01:46.287+0000] {processor.py:183} INFO - Processing /home/airflow/.local/lib/python3.8/site-packages/airflow/example_dags/example_branch_day_of_week_operator.py took 0.089 seconds
[2025-11-17T01:02:16.763+0000] {processor.py:161} INFO - Started process (PID=2456) to work on /home/airflow/.local/lib/python3.8/site-packages/airflow/example_dags/example_branch_day_of_week_operator.py
[2025-11-17T01:02:16.764+0000] {processor.py:830} INFO - Processing file /home/airflow/.local/lib/python3.8/site-packages/airflow/example_dags/example_branch_day_of_week_operator.py for tasks to queue
[2025-11-17T01:02:16.765+0000] {logging_mixin.py:188} INFO - [2025-11-17T01:02:16.764+0000] {dagbag.py:538} INFO - Filling up the DagBag from /home/airflow/.local/lib/python3.8/site-packages/airflow/example_dags/example_branch_day_of_week_operator.py
[2025-11-17T01:02:16.773+0000] {processor.py:840} INFO - DAG(s) 'example_weekday_branch_operator' retrieved from /home/airflow/.local/lib/python3.8/site-packages/airflow/example_dags/example_branch_day_of_week_operator.py
[2025-11-17T01:02:16.799+0000] {logging_mixin.py:188} INFO - [2025-11-17T01:02:16.799+0000] {dag.py:3036} INFO - Sync 1 DAGs
[2025-11-17T01:02:16.824+0000] {logging_mixin.py:188} INFO - [2025-11-17T01:02:16.824+0000] {dag.py:3823} INFO - Setting next_dagrun for example_weekday_branch_operator to 2025-11-16 00:00:00+00:00, run_after=2025-11-17 00:00:00+00:00
[2025-11-17T01:02:16.847+0000] {processor.py:183} INFO - Processing /home/airflow/.local/lib/python3.8/site-packages/airflow/example_dags/example_branch_day_of_week_operator.py took 0.087 seconds
[2025-11-17T01:02:47.380+0000] {processor.py:161} INFO - Started process (PID=2552) to work on /home/airflow/.local/lib/python3.8/site-packages/airflow/example_dags/example_branch_day_of_week_operator.py
[2025-11-17T01:02:47.381+0000] {processor.py:830} INFO - Processing file /home/airflow/.local/lib/python3.8/site-packages/airflow/example_dags/example_branch_day_of_week_operator.py for tasks to queue
[2025-11-17T01:02:47.382+0000] {logging_mixin.py:188} INFO - [2025-11-17T01:02:47.382+0000] {dagbag.py:538} INFO - Filling up the DagBag from /home/airflow/.local/lib/python3.8/site-packages/airflow/example_dags/example_branch_day_of_week_operator.py
[2025-11-17T01:02:47.389+0000] {processor.py:840} INFO - DAG(s) 'example_weekday_branch_operator' retrieved from /home/airflow/.local/lib/python3.8/site-packages/airflow/example_dags/example_branch_day_of_week_operator.py
[2025-11-17T01:02:47.417+0000] {logging_mixin.py:188} INFO - [2025-11-17T01:02:47.416+0000] {dag.py:3036} INFO - Sync 1 DAGs
[2025-11-17T01:02:47.441+0000] {logging_mixin.py:188} INFO - [2025-11-17T01:02:47.440+0000] {dag.py:3823} INFO - Setting next_dagrun for example_weekday_branch_operator to 2025-11-16 00:00:00+00:00, run_after=2025-11-17 00:00:00+00:00
[2025-11-17T01:02:47.472+0000] {processor.py:183} INFO - Processing /home/airflow/.local/lib/python3.8/site-packages/airflow/example_dags/example_branch_day_of_week_operator.py took 0.094 seconds
[2025-11-17T01:03:17.533+0000] {processor.py:161} INFO - Started process (PID=2633) to work on /home/airflow/.local/lib/python3.8/site-packages/airflow/example_dags/example_branch_day_of_week_operator.py
[2025-11-17T01:03:17.534+0000] {processor.py:830} INFO - Processing file /home/airflow/.local/lib/python3.8/site-packages/airflow/example_dags/example_branch_day_of_week_operator.py for tasks to queue
[2025-11-17T01:03:17.535+0000] {logging_mixin.py:188} INFO - [2025-11-17T01:03:17.534+0000] {dagbag.py:538} INFO - Filling up the DagBag from /home/airflow/.local/lib/python3.8/site-packages/airflow/example_dags/example_branch_day_of_week_operator.py
[2025-11-17T01:03:17.543+0000] {processor.py:840} INFO - DAG(s) 'example_weekday_branch_operator' retrieved from /home/airflow/.local/lib/python3.8/site-packages/airflow/example_dags/example_branch_day_of_week_operator.py
[2025-11-17T01:03:17.568+0000] {logging_mixin.py:188} INFO - [2025-11-17T01:03:17.567+0000] {dag.py:3036} INFO - Sync 1 DAGs
[2025-11-17T01:03:17.591+0000] {logging_mixin.py:188} INFO - [2025-11-17T01:03:17.590+0000] {dag.py:3823} INFO - Setting next_dagrun for example_weekday_branch_operator to 2025-11-16 00:00:00+00:00, run_after=2025-11-17 00:00:00+00:00
[2025-11-17T01:03:17.614+0000] {processor.py:183} INFO - Processing /home/airflow/.local/lib/python3.8/site-packages/airflow/example_dags/example_branch_day_of_week_operator.py took 0.084 seconds
[2025-11-17T01:03:48.301+0000] {processor.py:161} INFO - Started process (PID=2723) to work on /home/airflow/.local/lib/python3.8/site-packages/airflow/example_dags/example_branch_day_of_week_operator.py
[2025-11-17T01:03:48.302+0000] {processor.py:830} INFO - Processing file /home/airflow/.local/lib/python3.8/site-packages/airflow/example_dags/example_branch_day_of_week_operator.py for tasks to queue
[2025-11-17T01:03:48.304+0000] {logging_mixin.py:188} INFO - [2025-11-17T01:03:48.304+0000] {dagbag.py:538} INFO - Filling up the DagBag from /home/airflow/.local/lib/python3.8/site-packages/airflow/example_dags/example_branch_day_of_week_operator.py
[2025-11-17T01:03:48.317+0000] {processor.py:840} INFO - DAG(s) 'example_weekday_branch_operator' retrieved from /home/airflow/.local/lib/python3.8/site-packages/airflow/example_dags/example_branch_day_of_week_operator.py
[2025-11-17T01:03:48.358+0000] {logging_mixin.py:188} INFO - [2025-11-17T01:03:48.357+0000] {dag.py:3036} INFO - Sync 1 DAGs
[2025-11-17T01:03:48.389+0000] {logging_mixin.py:188} INFO - [2025-11-17T01:03:48.389+0000] {dag.py:3823} INFO - Setting next_dagrun for example_weekday_branch_operator to 2025-11-16 00:00:00+00:00, run_after=2025-11-17 00:00:00+00:00
[2025-11-17T01:03:48.418+0000] {processor.py:183} INFO - Processing /home/airflow/.local/lib/python3.8/site-packages/airflow/example_dags/example_branch_day_of_week_operator.py took 0.128 seconds
[2025-11-17T01:04:18.613+0000] {processor.py:161} INFO - Started process (PID=2811) to work on /home/airflow/.local/lib/python3.8/site-packages/airflow/example_dags/example_branch_day_of_week_operator.py
[2025-11-17T01:04:18.614+0000] {processor.py:830} INFO - Processing file /home/airflow/.local/lib/python3.8/site-packages/airflow/example_dags/example_branch_day_of_week_operator.py for tasks to queue
[2025-11-17T01:04:18.615+0000] {logging_mixin.py:188} INFO - [2025-11-17T01:04:18.615+0000] {dagbag.py:538} INFO - Filling up the DagBag from /home/airflow/.local/lib/python3.8/site-packages/airflow/example_dags/example_branch_day_of_week_operator.py
[2025-11-17T01:04:18.623+0000] {processor.py:840} INFO - DAG(s) 'example_weekday_branch_operator' retrieved from /home/airflow/.local/lib/python3.8/site-packages/airflow/example_dags/example_branch_day_of_week_operator.py
[2025-11-17T01:04:18.649+0000] {logging_mixin.py:188} INFO - [2025-11-17T01:04:18.648+0000] {dag.py:3036} INFO - Sync 1 DAGs
[2025-11-17T01:04:18.679+0000] {logging_mixin.py:188} INFO - [2025-11-17T01:04:18.678+0000] {dag.py:3823} INFO - Setting next_dagrun for example_weekday_branch_operator to 2025-11-16 00:00:00+00:00, run_after=2025-11-17 00:00:00+00:00
[2025-11-17T01:04:18.708+0000] {processor.py:183} INFO - Processing /home/airflow/.local/lib/python3.8/site-packages/airflow/example_dags/example_branch_day_of_week_operator.py took 0.097 seconds
[2025-11-17T01:04:48.846+0000] {processor.py:161} INFO - Started process (PID=2894) to work on /home/airflow/.local/lib/python3.8/site-packages/airflow/example_dags/example_branch_day_of_week_operator.py
[2025-11-17T01:04:48.847+0000] {processor.py:830} INFO - Processing file /home/airflow/.local/lib/python3.8/site-packages/airflow/example_dags/example_branch_day_of_week_operator.py for tasks to queue
[2025-11-17T01:04:48.848+0000] {logging_mixin.py:188} INFO - [2025-11-17T01:04:48.848+0000] {dagbag.py:538} INFO - Filling up the DagBag from /home/airflow/.local/lib/python3.8/site-packages/airflow/example_dags/example_branch_day_of_week_operator.py
[2025-11-17T01:04:48.858+0000] {processor.py:840} INFO - DAG(s) 'example_weekday_branch_operator' retrieved from /home/airflow/.local/lib/python3.8/site-packages/airflow/example_dags/example_branch_day_of_week_operator.py
[2025-11-17T01:04:48.893+0000] {logging_mixin.py:188} INFO - [2025-11-17T01:04:48.893+0000] {dag.py:3036} INFO - Sync 1 DAGs
[2025-11-17T01:04:48.916+0000] {logging_mixin.py:188} INFO - [2025-11-17T01:04:48.916+0000] {dag.py:3823} INFO - Setting next_dagrun for example_weekday_branch_operator to 2025-11-16 00:00:00+00:00, run_after=2025-11-17 00:00:00+00:00
[2025-11-17T01:04:48.944+0000] {processor.py:183} INFO - Processing /home/airflow/.local/lib/python3.8/site-packages/airflow/example_dags/example_branch_day_of_week_operator.py took 0.104 seconds
