[2025-11-17T00:58:49.163+0000] {processor.py:161} INFO - Started process (PID=1893) to work on /home/airflow/.local/lib/python3.8/site-packages/airflow/example_dags/example_setup_teardown.py
[2025-11-17T00:58:49.164+0000] {processor.py:830} INFO - Processing file /home/airflow/.local/lib/python3.8/site-packages/airflow/example_dags/example_setup_teardown.py for tasks to queue
[2025-11-17T00:58:49.166+0000] {logging_mixin.py:188} INFO - [2025-11-17T00:58:49.166+0000] {dagbag.py:538} INFO - Filling up the DagBag from /home/airflow/.local/lib/python3.8/site-packages/airflow/example_dags/example_setup_teardown.py
[2025-11-17T00:58:49.179+0000] {processor.py:840} INFO - DAG(s) 'example_setup_teardown' retrieved from /home/airflow/.local/lib/python3.8/site-packages/airflow/example_dags/example_setup_teardown.py
[2025-11-17T00:58:49.206+0000] {logging_mixin.py:188} INFO - [2025-11-17T00:58:49.206+0000] {dag.py:3036} INFO - Sync 1 DAGs
[2025-11-17T00:58:49.253+0000] {logging_mixin.py:188} INFO - [2025-11-17T00:58:49.252+0000] {dag.py:3823} INFO - Setting next_dagrun for example_setup_teardown to 2025-11-16 00:00:00+00:00, run_after=2025-11-17 00:00:00+00:00
[2025-11-17T00:58:49.305+0000] {processor.py:183} INFO - Processing /home/airflow/.local/lib/python3.8/site-packages/airflow/example_dags/example_setup_teardown.py took 0.146 seconds
[2025-11-17T00:59:19.771+0000] {processor.py:161} INFO - Started process (PID=1973) to work on /home/airflow/.local/lib/python3.8/site-packages/airflow/example_dags/example_setup_teardown.py
[2025-11-17T00:59:19.775+0000] {processor.py:830} INFO - Processing file /home/airflow/.local/lib/python3.8/site-packages/airflow/example_dags/example_setup_teardown.py for tasks to queue
[2025-11-17T00:59:19.777+0000] {logging_mixin.py:188} INFO - [2025-11-17T00:59:19.777+0000] {dagbag.py:538} INFO - Filling up the DagBag from /home/airflow/.local/lib/python3.8/site-packages/airflow/example_dags/example_setup_teardown.py
[2025-11-17T00:59:19.787+0000] {processor.py:840} INFO - DAG(s) 'example_setup_teardown' retrieved from /home/airflow/.local/lib/python3.8/site-packages/airflow/example_dags/example_setup_teardown.py
[2025-11-17T00:59:19.824+0000] {logging_mixin.py:188} INFO - [2025-11-17T00:59:19.824+0000] {dag.py:3036} INFO - Sync 1 DAGs
[2025-11-17T00:59:19.857+0000] {logging_mixin.py:188} INFO - [2025-11-17T00:59:19.857+0000] {dag.py:3823} INFO - Setting next_dagrun for example_setup_teardown to 2025-11-16 00:00:00+00:00, run_after=2025-11-17 00:00:00+00:00
[2025-11-17T00:59:19.891+0000] {processor.py:183} INFO - Processing /home/airflow/.local/lib/python3.8/site-packages/airflow/example_dags/example_setup_teardown.py took 0.124 seconds
[2025-11-17T00:59:50.208+0000] {processor.py:161} INFO - Started process (PID=2052) to work on /home/airflow/.local/lib/python3.8/site-packages/airflow/example_dags/example_setup_teardown.py
[2025-11-17T00:59:50.209+0000] {processor.py:830} INFO - Processing file /home/airflow/.local/lib/python3.8/site-packages/airflow/example_dags/example_setup_teardown.py for tasks to queue
[2025-11-17T00:59:50.211+0000] {logging_mixin.py:188} INFO - [2025-11-17T00:59:50.210+0000] {dagbag.py:538} INFO - Filling up the DagBag from /home/airflow/.local/lib/python3.8/site-packages/airflow/example_dags/example_setup_teardown.py
[2025-11-17T00:59:50.220+0000] {processor.py:840} INFO - DAG(s) 'example_setup_teardown' retrieved from /home/airflow/.local/lib/python3.8/site-packages/airflow/example_dags/example_setup_teardown.py
[2025-11-17T00:59:50.247+0000] {logging_mixin.py:188} INFO - [2025-11-17T00:59:50.247+0000] {dag.py:3036} INFO - Sync 1 DAGs
[2025-11-17T00:59:50.271+0000] {logging_mixin.py:188} INFO - [2025-11-17T00:59:50.271+0000] {dag.py:3823} INFO - Setting next_dagrun for example_setup_teardown to 2025-11-16 00:00:00+00:00, run_after=2025-11-17 00:00:00+00:00
[2025-11-17T00:59:50.291+0000] {processor.py:183} INFO - Processing /home/airflow/.local/lib/python3.8/site-packages/airflow/example_dags/example_setup_teardown.py took 0.088 seconds
[2025-11-17T01:00:20.519+0000] {processor.py:161} INFO - Started process (PID=2133) to work on /home/airflow/.local/lib/python3.8/site-packages/airflow/example_dags/example_setup_teardown.py
[2025-11-17T01:00:20.520+0000] {processor.py:830} INFO - Processing file /home/airflow/.local/lib/python3.8/site-packages/airflow/example_dags/example_setup_teardown.py for tasks to queue
[2025-11-17T01:00:20.521+0000] {logging_mixin.py:188} INFO - [2025-11-17T01:00:20.521+0000] {dagbag.py:538} INFO - Filling up the DagBag from /home/airflow/.local/lib/python3.8/site-packages/airflow/example_dags/example_setup_teardown.py
[2025-11-17T01:00:20.528+0000] {processor.py:840} INFO - DAG(s) 'example_setup_teardown' retrieved from /home/airflow/.local/lib/python3.8/site-packages/airflow/example_dags/example_setup_teardown.py
[2025-11-17T01:00:20.555+0000] {logging_mixin.py:188} INFO - [2025-11-17T01:00:20.555+0000] {dag.py:3036} INFO - Sync 1 DAGs
[2025-11-17T01:00:20.578+0000] {logging_mixin.py:188} INFO - [2025-11-17T01:00:20.578+0000] {dag.py:3823} INFO - Setting next_dagrun for example_setup_teardown to 2025-11-16 00:00:00+00:00, run_after=2025-11-17 00:00:00+00:00
[2025-11-17T01:00:20.600+0000] {processor.py:183} INFO - Processing /home/airflow/.local/lib/python3.8/site-packages/airflow/example_dags/example_setup_teardown.py took 0.085 seconds
[2025-11-17T01:00:51.065+0000] {processor.py:161} INFO - Started process (PID=2229) to work on /home/airflow/.local/lib/python3.8/site-packages/airflow/example_dags/example_setup_teardown.py
[2025-11-17T01:00:51.066+0000] {processor.py:830} INFO - Processing file /home/airflow/.local/lib/python3.8/site-packages/airflow/example_dags/example_setup_teardown.py for tasks to queue
[2025-11-17T01:00:51.067+0000] {logging_mixin.py:188} INFO - [2025-11-17T01:00:51.067+0000] {dagbag.py:538} INFO - Filling up the DagBag from /home/airflow/.local/lib/python3.8/site-packages/airflow/example_dags/example_setup_teardown.py
[2025-11-17T01:00:51.074+0000] {processor.py:840} INFO - DAG(s) 'example_setup_teardown' retrieved from /home/airflow/.local/lib/python3.8/site-packages/airflow/example_dags/example_setup_teardown.py
[2025-11-17T01:00:51.098+0000] {logging_mixin.py:188} INFO - [2025-11-17T01:00:51.098+0000] {dag.py:3036} INFO - Sync 1 DAGs
[2025-11-17T01:00:51.122+0000] {logging_mixin.py:188} INFO - [2025-11-17T01:00:51.122+0000] {dag.py:3823} INFO - Setting next_dagrun for example_setup_teardown to 2025-11-16 00:00:00+00:00, run_after=2025-11-17 00:00:00+00:00
[2025-11-17T01:00:51.145+0000] {processor.py:183} INFO - Processing /home/airflow/.local/lib/python3.8/site-packages/airflow/example_dags/example_setup_teardown.py took 0.083 seconds
[2025-11-17T01:01:21.392+0000] {processor.py:161} INFO - Started process (PID=2310) to work on /home/airflow/.local/lib/python3.8/site-packages/airflow/example_dags/example_setup_teardown.py
[2025-11-17T01:01:21.393+0000] {processor.py:830} INFO - Processing file /home/airflow/.local/lib/python3.8/site-packages/airflow/example_dags/example_setup_teardown.py for tasks to queue
[2025-11-17T01:01:21.395+0000] {logging_mixin.py:188} INFO - [2025-11-17T01:01:21.395+0000] {dagbag.py:538} INFO - Filling up the DagBag from /home/airflow/.local/lib/python3.8/site-packages/airflow/example_dags/example_setup_teardown.py
[2025-11-17T01:01:21.403+0000] {processor.py:840} INFO - DAG(s) 'example_setup_teardown' retrieved from /home/airflow/.local/lib/python3.8/site-packages/airflow/example_dags/example_setup_teardown.py
[2025-11-17T01:01:21.430+0000] {logging_mixin.py:188} INFO - [2025-11-17T01:01:21.430+0000] {dag.py:3036} INFO - Sync 1 DAGs
[2025-11-17T01:01:21.451+0000] {logging_mixin.py:188} INFO - [2025-11-17T01:01:21.451+0000] {dag.py:3823} INFO - Setting next_dagrun for example_setup_teardown to 2025-11-16 00:00:00+00:00, run_after=2025-11-17 00:00:00+00:00
[2025-11-17T01:01:21.473+0000] {processor.py:183} INFO - Processing /home/airflow/.local/lib/python3.8/site-packages/airflow/example_dags/example_setup_teardown.py took 0.085 seconds
[2025-11-17T01:01:52.222+0000] {processor.py:161} INFO - Started process (PID=2406) to work on /home/airflow/.local/lib/python3.8/site-packages/airflow/example_dags/example_setup_teardown.py
[2025-11-17T01:01:52.223+0000] {processor.py:830} INFO - Processing file /home/airflow/.local/lib/python3.8/site-packages/airflow/example_dags/example_setup_teardown.py for tasks to queue
[2025-11-17T01:01:52.224+0000] {logging_mixin.py:188} INFO - [2025-11-17T01:01:52.223+0000] {dagbag.py:538} INFO - Filling up the DagBag from /home/airflow/.local/lib/python3.8/site-packages/airflow/example_dags/example_setup_teardown.py
[2025-11-17T01:01:52.236+0000] {processor.py:840} INFO - DAG(s) 'example_setup_teardown' retrieved from /home/airflow/.local/lib/python3.8/site-packages/airflow/example_dags/example_setup_teardown.py
[2025-11-17T01:01:52.265+0000] {logging_mixin.py:188} INFO - [2025-11-17T01:01:52.264+0000] {dag.py:3036} INFO - Sync 1 DAGs
[2025-11-17T01:01:52.289+0000] {logging_mixin.py:188} INFO - [2025-11-17T01:01:52.288+0000] {dag.py:3823} INFO - Setting next_dagrun for example_setup_teardown to 2025-11-16 00:00:00+00:00, run_after=2025-11-17 00:00:00+00:00
[2025-11-17T01:01:52.315+0000] {processor.py:183} INFO - Processing /home/airflow/.local/lib/python3.8/site-packages/airflow/example_dags/example_setup_teardown.py took 0.097 seconds
[2025-11-17T01:02:22.962+0000] {processor.py:161} INFO - Started process (PID=2487) to work on /home/airflow/.local/lib/python3.8/site-packages/airflow/example_dags/example_setup_teardown.py
[2025-11-17T01:02:22.963+0000] {processor.py:830} INFO - Processing file /home/airflow/.local/lib/python3.8/site-packages/airflow/example_dags/example_setup_teardown.py for tasks to queue
[2025-11-17T01:02:22.964+0000] {logging_mixin.py:188} INFO - [2025-11-17T01:02:22.964+0000] {dagbag.py:538} INFO - Filling up the DagBag from /home/airflow/.local/lib/python3.8/site-packages/airflow/example_dags/example_setup_teardown.py
[2025-11-17T01:02:22.971+0000] {processor.py:840} INFO - DAG(s) 'example_setup_teardown' retrieved from /home/airflow/.local/lib/python3.8/site-packages/airflow/example_dags/example_setup_teardown.py
[2025-11-17T01:02:22.995+0000] {logging_mixin.py:188} INFO - [2025-11-17T01:02:22.995+0000] {dag.py:3036} INFO - Sync 1 DAGs
[2025-11-17T01:02:23.017+0000] {logging_mixin.py:188} INFO - [2025-11-17T01:02:23.017+0000] {dag.py:3823} INFO - Setting next_dagrun for example_setup_teardown to 2025-11-16 00:00:00+00:00, run_after=2025-11-17 00:00:00+00:00
[2025-11-17T01:02:23.044+0000] {processor.py:183} INFO - Processing /home/airflow/.local/lib/python3.8/site-packages/airflow/example_dags/example_setup_teardown.py took 0.085 seconds
[2025-11-17T01:02:53.407+0000] {processor.py:161} INFO - Started process (PID=2568) to work on /home/airflow/.local/lib/python3.8/site-packages/airflow/example_dags/example_setup_teardown.py
[2025-11-17T01:02:53.408+0000] {processor.py:830} INFO - Processing file /home/airflow/.local/lib/python3.8/site-packages/airflow/example_dags/example_setup_teardown.py for tasks to queue
[2025-11-17T01:02:53.410+0000] {logging_mixin.py:188} INFO - [2025-11-17T01:02:53.409+0000] {dagbag.py:538} INFO - Filling up the DagBag from /home/airflow/.local/lib/python3.8/site-packages/airflow/example_dags/example_setup_teardown.py
[2025-11-17T01:02:53.417+0000] {processor.py:840} INFO - DAG(s) 'example_setup_teardown' retrieved from /home/airflow/.local/lib/python3.8/site-packages/airflow/example_dags/example_setup_teardown.py
[2025-11-17T01:02:53.442+0000] {logging_mixin.py:188} INFO - [2025-11-17T01:02:53.441+0000] {dag.py:3036} INFO - Sync 1 DAGs
[2025-11-17T01:02:53.464+0000] {logging_mixin.py:188} INFO - [2025-11-17T01:02:53.464+0000] {dag.py:3823} INFO - Setting next_dagrun for example_setup_teardown to 2025-11-16 00:00:00+00:00, run_after=2025-11-17 00:00:00+00:00
[2025-11-17T01:02:53.490+0000] {processor.py:183} INFO - Processing /home/airflow/.local/lib/python3.8/site-packages/airflow/example_dags/example_setup_teardown.py took 0.086 seconds
[2025-11-17T01:03:23.769+0000] {processor.py:161} INFO - Started process (PID=2664) to work on /home/airflow/.local/lib/python3.8/site-packages/airflow/example_dags/example_setup_teardown.py
[2025-11-17T01:03:23.770+0000] {processor.py:830} INFO - Processing file /home/airflow/.local/lib/python3.8/site-packages/airflow/example_dags/example_setup_teardown.py for tasks to queue
[2025-11-17T01:03:23.772+0000] {logging_mixin.py:188} INFO - [2025-11-17T01:03:23.771+0000] {dagbag.py:538} INFO - Filling up the DagBag from /home/airflow/.local/lib/python3.8/site-packages/airflow/example_dags/example_setup_teardown.py
[2025-11-17T01:03:23.782+0000] {processor.py:840} INFO - DAG(s) 'example_setup_teardown' retrieved from /home/airflow/.local/lib/python3.8/site-packages/airflow/example_dags/example_setup_teardown.py
[2025-11-17T01:03:23.815+0000] {logging_mixin.py:188} INFO - [2025-11-17T01:03:23.814+0000] {dag.py:3036} INFO - Sync 1 DAGs
[2025-11-17T01:03:23.843+0000] {logging_mixin.py:188} INFO - [2025-11-17T01:03:23.843+0000] {dag.py:3823} INFO - Setting next_dagrun for example_setup_teardown to 2025-11-16 00:00:00+00:00, run_after=2025-11-17 00:00:00+00:00
[2025-11-17T01:03:23.871+0000] {processor.py:183} INFO - Processing /home/airflow/.local/lib/python3.8/site-packages/airflow/example_dags/example_setup_teardown.py took 0.106 seconds
[2025-11-17T01:03:54.425+0000] {processor.py:161} INFO - Started process (PID=2746) to work on /home/airflow/.local/lib/python3.8/site-packages/airflow/example_dags/example_setup_teardown.py
[2025-11-17T01:03:54.426+0000] {processor.py:830} INFO - Processing file /home/airflow/.local/lib/python3.8/site-packages/airflow/example_dags/example_setup_teardown.py for tasks to queue
[2025-11-17T01:03:54.428+0000] {logging_mixin.py:188} INFO - [2025-11-17T01:03:54.427+0000] {dagbag.py:538} INFO - Filling up the DagBag from /home/airflow/.local/lib/python3.8/site-packages/airflow/example_dags/example_setup_teardown.py
[2025-11-17T01:03:54.437+0000] {processor.py:840} INFO - DAG(s) 'example_setup_teardown' retrieved from /home/airflow/.local/lib/python3.8/site-packages/airflow/example_dags/example_setup_teardown.py
[2025-11-17T01:03:54.465+0000] {logging_mixin.py:188} INFO - [2025-11-17T01:03:54.465+0000] {dag.py:3036} INFO - Sync 1 DAGs
[2025-11-17T01:03:54.489+0000] {logging_mixin.py:188} INFO - [2025-11-17T01:03:54.489+0000] {dag.py:3823} INFO - Setting next_dagrun for example_setup_teardown to 2025-11-16 00:00:00+00:00, run_after=2025-11-17 00:00:00+00:00
[2025-11-17T01:03:54.514+0000] {processor.py:183} INFO - Processing /home/airflow/.local/lib/python3.8/site-packages/airflow/example_dags/example_setup_teardown.py took 0.091 seconds
[2025-11-17T01:04:24.781+0000] {processor.py:161} INFO - Started process (PID=2827) to work on /home/airflow/.local/lib/python3.8/site-packages/airflow/example_dags/example_setup_teardown.py
[2025-11-17T01:04:24.782+0000] {processor.py:830} INFO - Processing file /home/airflow/.local/lib/python3.8/site-packages/airflow/example_dags/example_setup_teardown.py for tasks to queue
[2025-11-17T01:04:24.783+0000] {logging_mixin.py:188} INFO - [2025-11-17T01:04:24.783+0000] {dagbag.py:538} INFO - Filling up the DagBag from /home/airflow/.local/lib/python3.8/site-packages/airflow/example_dags/example_setup_teardown.py
[2025-11-17T01:04:24.790+0000] {processor.py:840} INFO - DAG(s) 'example_setup_teardown' retrieved from /home/airflow/.local/lib/python3.8/site-packages/airflow/example_dags/example_setup_teardown.py
[2025-11-17T01:04:24.826+0000] {logging_mixin.py:188} INFO - [2025-11-17T01:04:24.825+0000] {dag.py:3036} INFO - Sync 1 DAGs
[2025-11-17T01:04:24.862+0000] {logging_mixin.py:188} INFO - [2025-11-17T01:04:24.861+0000] {dag.py:3823} INFO - Setting next_dagrun for example_setup_teardown to 2025-11-16 00:00:00+00:00, run_after=2025-11-17 00:00:00+00:00
[2025-11-17T01:04:24.900+0000] {processor.py:183} INFO - Processing /home/airflow/.local/lib/python3.8/site-packages/airflow/example_dags/example_setup_teardown.py took 0.122 seconds
[2025-11-17T01:04:55.105+0000] {processor.py:161} INFO - Started process (PID=2925) to work on /home/airflow/.local/lib/python3.8/site-packages/airflow/example_dags/example_setup_teardown.py
[2025-11-17T01:04:55.114+0000] {processor.py:830} INFO - Processing file /home/airflow/.local/lib/python3.8/site-packages/airflow/example_dags/example_setup_teardown.py for tasks to queue
[2025-11-17T01:04:55.118+0000] {logging_mixin.py:188} INFO - [2025-11-17T01:04:55.117+0000] {dagbag.py:538} INFO - Filling up the DagBag from /home/airflow/.local/lib/python3.8/site-packages/airflow/example_dags/example_setup_teardown.py
[2025-11-17T01:04:55.132+0000] {processor.py:840} INFO - DAG(s) 'example_setup_teardown' retrieved from /home/airflow/.local/lib/python3.8/site-packages/airflow/example_dags/example_setup_teardown.py
[2025-11-17T01:04:55.173+0000] {logging_mixin.py:188} INFO - [2025-11-17T01:04:55.172+0000] {dag.py:3036} INFO - Sync 1 DAGs
[2025-11-17T01:04:55.205+0000] {logging_mixin.py:188} INFO - [2025-11-17T01:04:55.204+0000] {dag.py:3823} INFO - Setting next_dagrun for example_setup_teardown to 2025-11-16 00:00:00+00:00, run_after=2025-11-17 00:00:00+00:00
[2025-11-17T01:04:55.235+0000] {processor.py:183} INFO - Processing /home/airflow/.local/lib/python3.8/site-packages/airflow/example_dags/example_setup_teardown.py took 0.138 seconds
