[2025-11-17T00:58:48.990+0000] {processor.py:161} INFO - Started process (PID=1891) to work on /home/airflow/.local/lib/python3.8/site-packages/airflow/example_dags/example_trigger_controller_dag.py
[2025-11-17T00:58:48.991+0000] {processor.py:830} INFO - Processing file /home/airflow/.local/lib/python3.8/site-packages/airflow/example_dags/example_trigger_controller_dag.py for tasks to queue
[2025-11-17T00:58:48.993+0000] {logging_mixin.py:188} INFO - [2025-11-17T00:58:48.993+0000] {dagbag.py:538} INFO - Filling up the DagBag from /home/airflow/.local/lib/python3.8/site-packages/airflow/example_dags/example_trigger_controller_dag.py
[2025-11-17T00:58:49.001+0000] {processor.py:840} INFO - DAG(s) 'example_trigger_controller_dag' retrieved from /home/airflow/.local/lib/python3.8/site-packages/airflow/example_dags/example_trigger_controller_dag.py
[2025-11-17T00:58:49.046+0000] {logging_mixin.py:188} INFO - [2025-11-17T00:58:49.045+0000] {dag.py:3036} INFO - Sync 1 DAGs
[2025-11-17T00:58:49.070+0000] {logging_mixin.py:188} INFO - [2025-11-17T00:58:49.070+0000] {dag.py:3823} INFO - Setting next_dagrun for example_trigger_controller_dag to 2021-01-01 00:00:00+00:00, run_after=2021-01-01 00:00:00+00:00
[2025-11-17T00:58:49.106+0000] {processor.py:183} INFO - Processing /home/airflow/.local/lib/python3.8/site-packages/airflow/example_dags/example_trigger_controller_dag.py took 0.121 seconds
[2025-11-17T00:59:19.424+0000] {processor.py:161} INFO - Started process (PID=1970) to work on /home/airflow/.local/lib/python3.8/site-packages/airflow/example_dags/example_trigger_controller_dag.py
[2025-11-17T00:59:19.426+0000] {processor.py:830} INFO - Processing file /home/airflow/.local/lib/python3.8/site-packages/airflow/example_dags/example_trigger_controller_dag.py for tasks to queue
[2025-11-17T00:59:19.430+0000] {logging_mixin.py:188} INFO - [2025-11-17T00:59:19.429+0000] {dagbag.py:538} INFO - Filling up the DagBag from /home/airflow/.local/lib/python3.8/site-packages/airflow/example_dags/example_trigger_controller_dag.py
[2025-11-17T00:59:19.439+0000] {processor.py:840} INFO - DAG(s) 'example_trigger_controller_dag' retrieved from /home/airflow/.local/lib/python3.8/site-packages/airflow/example_dags/example_trigger_controller_dag.py
[2025-11-17T00:59:19.477+0000] {logging_mixin.py:188} INFO - [2025-11-17T00:59:19.477+0000] {dag.py:3036} INFO - Sync 1 DAGs
[2025-11-17T00:59:19.511+0000] {logging_mixin.py:188} INFO - [2025-11-17T00:59:19.510+0000] {dag.py:3823} INFO - Setting next_dagrun for example_trigger_controller_dag to 2021-01-01 00:00:00+00:00, run_after=2021-01-01 00:00:00+00:00
[2025-11-17T00:59:19.543+0000] {processor.py:183} INFO - Processing /home/airflow/.local/lib/python3.8/site-packages/airflow/example_dags/example_trigger_controller_dag.py took 0.123 seconds
[2025-11-17T00:59:50.099+0000] {processor.py:161} INFO - Started process (PID=2050) to work on /home/airflow/.local/lib/python3.8/site-packages/airflow/example_dags/example_trigger_controller_dag.py
[2025-11-17T00:59:50.100+0000] {processor.py:830} INFO - Processing file /home/airflow/.local/lib/python3.8/site-packages/airflow/example_dags/example_trigger_controller_dag.py for tasks to queue
[2025-11-17T00:59:50.101+0000] {logging_mixin.py:188} INFO - [2025-11-17T00:59:50.101+0000] {dagbag.py:538} INFO - Filling up the DagBag from /home/airflow/.local/lib/python3.8/site-packages/airflow/example_dags/example_trigger_controller_dag.py
[2025-11-17T00:59:50.108+0000] {processor.py:840} INFO - DAG(s) 'example_trigger_controller_dag' retrieved from /home/airflow/.local/lib/python3.8/site-packages/airflow/example_dags/example_trigger_controller_dag.py
[2025-11-17T00:59:50.134+0000] {logging_mixin.py:188} INFO - [2025-11-17T00:59:50.134+0000] {dag.py:3036} INFO - Sync 1 DAGs
[2025-11-17T00:59:50.155+0000] {logging_mixin.py:188} INFO - [2025-11-17T00:59:50.155+0000] {dag.py:3823} INFO - Setting next_dagrun for example_trigger_controller_dag to 2021-01-01 00:00:00+00:00, run_after=2021-01-01 00:00:00+00:00
[2025-11-17T00:59:50.176+0000] {processor.py:183} INFO - Processing /home/airflow/.local/lib/python3.8/site-packages/airflow/example_dags/example_trigger_controller_dag.py took 0.080 seconds
[2025-11-17T01:00:20.404+0000] {processor.py:161} INFO - Started process (PID=2131) to work on /home/airflow/.local/lib/python3.8/site-packages/airflow/example_dags/example_trigger_controller_dag.py
[2025-11-17T01:00:20.404+0000] {processor.py:830} INFO - Processing file /home/airflow/.local/lib/python3.8/site-packages/airflow/example_dags/example_trigger_controller_dag.py for tasks to queue
[2025-11-17T01:00:20.405+0000] {logging_mixin.py:188} INFO - [2025-11-17T01:00:20.405+0000] {dagbag.py:538} INFO - Filling up the DagBag from /home/airflow/.local/lib/python3.8/site-packages/airflow/example_dags/example_trigger_controller_dag.py
[2025-11-17T01:00:20.410+0000] {processor.py:840} INFO - DAG(s) 'example_trigger_controller_dag' retrieved from /home/airflow/.local/lib/python3.8/site-packages/airflow/example_dags/example_trigger_controller_dag.py
[2025-11-17T01:00:20.438+0000] {logging_mixin.py:188} INFO - [2025-11-17T01:00:20.438+0000] {dag.py:3036} INFO - Sync 1 DAGs
[2025-11-17T01:00:20.458+0000] {logging_mixin.py:188} INFO - [2025-11-17T01:00:20.458+0000] {dag.py:3823} INFO - Setting next_dagrun for example_trigger_controller_dag to 2021-01-01 00:00:00+00:00, run_after=2021-01-01 00:00:00+00:00
[2025-11-17T01:00:20.478+0000] {processor.py:183} INFO - Processing /home/airflow/.local/lib/python3.8/site-packages/airflow/example_dags/example_trigger_controller_dag.py took 0.078 seconds
[2025-11-17T01:00:50.785+0000] {processor.py:161} INFO - Started process (PID=2227) to work on /home/airflow/.local/lib/python3.8/site-packages/airflow/example_dags/example_trigger_controller_dag.py
[2025-11-17T01:00:50.785+0000] {processor.py:830} INFO - Processing file /home/airflow/.local/lib/python3.8/site-packages/airflow/example_dags/example_trigger_controller_dag.py for tasks to queue
[2025-11-17T01:00:50.786+0000] {logging_mixin.py:188} INFO - [2025-11-17T01:00:50.786+0000] {dagbag.py:538} INFO - Filling up the DagBag from /home/airflow/.local/lib/python3.8/site-packages/airflow/example_dags/example_trigger_controller_dag.py
[2025-11-17T01:00:50.791+0000] {processor.py:840} INFO - DAG(s) 'example_trigger_controller_dag' retrieved from /home/airflow/.local/lib/python3.8/site-packages/airflow/example_dags/example_trigger_controller_dag.py
[2025-11-17T01:00:50.819+0000] {logging_mixin.py:188} INFO - [2025-11-17T01:00:50.818+0000] {dag.py:3036} INFO - Sync 1 DAGs
[2025-11-17T01:00:50.878+0000] {logging_mixin.py:188} INFO - [2025-11-17T01:00:50.878+0000] {dag.py:3823} INFO - Setting next_dagrun for example_trigger_controller_dag to 2021-01-01 00:00:00+00:00, run_after=2021-01-01 00:00:00+00:00
[2025-11-17T01:00:50.901+0000] {processor.py:183} INFO - Processing /home/airflow/.local/lib/python3.8/site-packages/airflow/example_dags/example_trigger_controller_dag.py took 0.121 seconds
[2025-11-17T01:01:21.276+0000] {processor.py:161} INFO - Started process (PID=2308) to work on /home/airflow/.local/lib/python3.8/site-packages/airflow/example_dags/example_trigger_controller_dag.py
[2025-11-17T01:01:21.277+0000] {processor.py:830} INFO - Processing file /home/airflow/.local/lib/python3.8/site-packages/airflow/example_dags/example_trigger_controller_dag.py for tasks to queue
[2025-11-17T01:01:21.278+0000] {logging_mixin.py:188} INFO - [2025-11-17T01:01:21.278+0000] {dagbag.py:538} INFO - Filling up the DagBag from /home/airflow/.local/lib/python3.8/site-packages/airflow/example_dags/example_trigger_controller_dag.py
[2025-11-17T01:01:21.283+0000] {processor.py:840} INFO - DAG(s) 'example_trigger_controller_dag' retrieved from /home/airflow/.local/lib/python3.8/site-packages/airflow/example_dags/example_trigger_controller_dag.py
[2025-11-17T01:01:21.306+0000] {logging_mixin.py:188} INFO - [2025-11-17T01:01:21.306+0000] {dag.py:3036} INFO - Sync 1 DAGs
[2025-11-17T01:01:21.330+0000] {logging_mixin.py:188} INFO - [2025-11-17T01:01:21.330+0000] {dag.py:3823} INFO - Setting next_dagrun for example_trigger_controller_dag to 2021-01-01 00:00:00+00:00, run_after=2021-01-01 00:00:00+00:00
[2025-11-17T01:01:21.358+0000] {processor.py:183} INFO - Processing /home/airflow/.local/lib/python3.8/site-packages/airflow/example_dags/example_trigger_controller_dag.py took 0.085 seconds
[2025-11-17T01:01:52.022+0000] {processor.py:161} INFO - Started process (PID=2397) to work on /home/airflow/.local/lib/python3.8/site-packages/airflow/example_dags/example_trigger_controller_dag.py
[2025-11-17T01:01:52.023+0000] {processor.py:830} INFO - Processing file /home/airflow/.local/lib/python3.8/site-packages/airflow/example_dags/example_trigger_controller_dag.py for tasks to queue
[2025-11-17T01:01:52.025+0000] {logging_mixin.py:188} INFO - [2025-11-17T01:01:52.024+0000] {dagbag.py:538} INFO - Filling up the DagBag from /home/airflow/.local/lib/python3.8/site-packages/airflow/example_dags/example_trigger_controller_dag.py
[2025-11-17T01:01:52.030+0000] {processor.py:840} INFO - DAG(s) 'example_trigger_controller_dag' retrieved from /home/airflow/.local/lib/python3.8/site-packages/airflow/example_dags/example_trigger_controller_dag.py
[2025-11-17T01:01:52.057+0000] {logging_mixin.py:188} INFO - [2025-11-17T01:01:52.057+0000] {dag.py:3036} INFO - Sync 1 DAGs
[2025-11-17T01:01:52.081+0000] {logging_mixin.py:188} INFO - [2025-11-17T01:01:52.081+0000] {dag.py:3823} INFO - Setting next_dagrun for example_trigger_controller_dag to 2021-01-01 00:00:00+00:00, run_after=2021-01-01 00:00:00+00:00
[2025-11-17T01:01:52.136+0000] {processor.py:183} INFO - Processing /home/airflow/.local/lib/python3.8/site-packages/airflow/example_dags/example_trigger_controller_dag.py took 0.117 seconds
[2025-11-17T01:02:22.847+0000] {processor.py:161} INFO - Started process (PID=2485) to work on /home/airflow/.local/lib/python3.8/site-packages/airflow/example_dags/example_trigger_controller_dag.py
[2025-11-17T01:02:22.848+0000] {processor.py:830} INFO - Processing file /home/airflow/.local/lib/python3.8/site-packages/airflow/example_dags/example_trigger_controller_dag.py for tasks to queue
[2025-11-17T01:02:22.849+0000] {logging_mixin.py:188} INFO - [2025-11-17T01:02:22.849+0000] {dagbag.py:538} INFO - Filling up the DagBag from /home/airflow/.local/lib/python3.8/site-packages/airflow/example_dags/example_trigger_controller_dag.py
[2025-11-17T01:02:22.855+0000] {processor.py:840} INFO - DAG(s) 'example_trigger_controller_dag' retrieved from /home/airflow/.local/lib/python3.8/site-packages/airflow/example_dags/example_trigger_controller_dag.py
[2025-11-17T01:02:22.879+0000] {logging_mixin.py:188} INFO - [2025-11-17T01:02:22.879+0000] {dag.py:3036} INFO - Sync 1 DAGs
[2025-11-17T01:02:22.902+0000] {logging_mixin.py:188} INFO - [2025-11-17T01:02:22.902+0000] {dag.py:3823} INFO - Setting next_dagrun for example_trigger_controller_dag to 2021-01-01 00:00:00+00:00, run_after=2021-01-01 00:00:00+00:00
[2025-11-17T01:02:22.927+0000] {processor.py:183} INFO - Processing /home/airflow/.local/lib/python3.8/site-packages/airflow/example_dags/example_trigger_controller_dag.py took 0.082 seconds
[2025-11-17T01:02:53.297+0000] {processor.py:161} INFO - Started process (PID=2566) to work on /home/airflow/.local/lib/python3.8/site-packages/airflow/example_dags/example_trigger_controller_dag.py
[2025-11-17T01:02:53.298+0000] {processor.py:830} INFO - Processing file /home/airflow/.local/lib/python3.8/site-packages/airflow/example_dags/example_trigger_controller_dag.py for tasks to queue
[2025-11-17T01:02:53.299+0000] {logging_mixin.py:188} INFO - [2025-11-17T01:02:53.299+0000] {dagbag.py:538} INFO - Filling up the DagBag from /home/airflow/.local/lib/python3.8/site-packages/airflow/example_dags/example_trigger_controller_dag.py
[2025-11-17T01:02:53.303+0000] {processor.py:840} INFO - DAG(s) 'example_trigger_controller_dag' retrieved from /home/airflow/.local/lib/python3.8/site-packages/airflow/example_dags/example_trigger_controller_dag.py
[2025-11-17T01:02:53.327+0000] {logging_mixin.py:188} INFO - [2025-11-17T01:02:53.327+0000] {dag.py:3036} INFO - Sync 1 DAGs
[2025-11-17T01:02:53.348+0000] {logging_mixin.py:188} INFO - [2025-11-17T01:02:53.347+0000] {dag.py:3823} INFO - Setting next_dagrun for example_trigger_controller_dag to 2021-01-01 00:00:00+00:00, run_after=2021-01-01 00:00:00+00:00
[2025-11-17T01:02:53.371+0000] {processor.py:183} INFO - Processing /home/airflow/.local/lib/python3.8/site-packages/airflow/example_dags/example_trigger_controller_dag.py took 0.077 seconds
[2025-11-17T01:03:23.620+0000] {processor.py:161} INFO - Started process (PID=2662) to work on /home/airflow/.local/lib/python3.8/site-packages/airflow/example_dags/example_trigger_controller_dag.py
[2025-11-17T01:03:23.621+0000] {processor.py:830} INFO - Processing file /home/airflow/.local/lib/python3.8/site-packages/airflow/example_dags/example_trigger_controller_dag.py for tasks to queue
[2025-11-17T01:03:23.623+0000] {logging_mixin.py:188} INFO - [2025-11-17T01:03:23.623+0000] {dagbag.py:538} INFO - Filling up the DagBag from /home/airflow/.local/lib/python3.8/site-packages/airflow/example_dags/example_trigger_controller_dag.py
[2025-11-17T01:03:23.630+0000] {processor.py:840} INFO - DAG(s) 'example_trigger_controller_dag' retrieved from /home/airflow/.local/lib/python3.8/site-packages/airflow/example_dags/example_trigger_controller_dag.py
[2025-11-17T01:03:23.664+0000] {logging_mixin.py:188} INFO - [2025-11-17T01:03:23.663+0000] {dag.py:3036} INFO - Sync 1 DAGs
[2025-11-17T01:03:23.698+0000] {logging_mixin.py:188} INFO - [2025-11-17T01:03:23.697+0000] {dag.py:3823} INFO - Setting next_dagrun for example_trigger_controller_dag to 2021-01-01 00:00:00+00:00, run_after=2021-01-01 00:00:00+00:00
[2025-11-17T01:03:23.730+0000] {processor.py:183} INFO - Processing /home/airflow/.local/lib/python3.8/site-packages/airflow/example_dags/example_trigger_controller_dag.py took 0.115 seconds
[2025-11-17T01:03:54.294+0000] {processor.py:161} INFO - Started process (PID=2744) to work on /home/airflow/.local/lib/python3.8/site-packages/airflow/example_dags/example_trigger_controller_dag.py
[2025-11-17T01:03:54.296+0000] {processor.py:830} INFO - Processing file /home/airflow/.local/lib/python3.8/site-packages/airflow/example_dags/example_trigger_controller_dag.py for tasks to queue
[2025-11-17T01:03:54.297+0000] {logging_mixin.py:188} INFO - [2025-11-17T01:03:54.297+0000] {dagbag.py:538} INFO - Filling up the DagBag from /home/airflow/.local/lib/python3.8/site-packages/airflow/example_dags/example_trigger_controller_dag.py
[2025-11-17T01:03:54.303+0000] {processor.py:840} INFO - DAG(s) 'example_trigger_controller_dag' retrieved from /home/airflow/.local/lib/python3.8/site-packages/airflow/example_dags/example_trigger_controller_dag.py
[2025-11-17T01:03:54.339+0000] {logging_mixin.py:188} INFO - [2025-11-17T01:03:54.339+0000] {dag.py:3036} INFO - Sync 1 DAGs
[2025-11-17T01:03:54.361+0000] {logging_mixin.py:188} INFO - [2025-11-17T01:03:54.361+0000] {dag.py:3823} INFO - Setting next_dagrun for example_trigger_controller_dag to 2021-01-01 00:00:00+00:00, run_after=2021-01-01 00:00:00+00:00
[2025-11-17T01:03:54.387+0000] {processor.py:183} INFO - Processing /home/airflow/.local/lib/python3.8/site-packages/airflow/example_dags/example_trigger_controller_dag.py took 0.096 seconds
[2025-11-17T01:04:24.618+0000] {processor.py:161} INFO - Started process (PID=2825) to work on /home/airflow/.local/lib/python3.8/site-packages/airflow/example_dags/example_trigger_controller_dag.py
[2025-11-17T01:04:24.620+0000] {processor.py:830} INFO - Processing file /home/airflow/.local/lib/python3.8/site-packages/airflow/example_dags/example_trigger_controller_dag.py for tasks to queue
[2025-11-17T01:04:24.622+0000] {logging_mixin.py:188} INFO - [2025-11-17T01:04:24.622+0000] {dagbag.py:538} INFO - Filling up the DagBag from /home/airflow/.local/lib/python3.8/site-packages/airflow/example_dags/example_trigger_controller_dag.py
[2025-11-17T01:04:24.633+0000] {processor.py:840} INFO - DAG(s) 'example_trigger_controller_dag' retrieved from /home/airflow/.local/lib/python3.8/site-packages/airflow/example_dags/example_trigger_controller_dag.py
[2025-11-17T01:04:24.667+0000] {logging_mixin.py:188} INFO - [2025-11-17T01:04:24.667+0000] {dag.py:3036} INFO - Sync 1 DAGs
[2025-11-17T01:04:24.706+0000] {logging_mixin.py:188} INFO - [2025-11-17T01:04:24.706+0000] {dag.py:3823} INFO - Setting next_dagrun for example_trigger_controller_dag to 2021-01-01 00:00:00+00:00, run_after=2021-01-01 00:00:00+00:00
[2025-11-17T01:04:24.742+0000] {processor.py:183} INFO - Processing /home/airflow/.local/lib/python3.8/site-packages/airflow/example_dags/example_trigger_controller_dag.py took 0.129 seconds
[2025-11-17T01:04:54.898+0000] {processor.py:161} INFO - Started process (PID=2923) to work on /home/airflow/.local/lib/python3.8/site-packages/airflow/example_dags/example_trigger_controller_dag.py
[2025-11-17T01:04:54.899+0000] {processor.py:830} INFO - Processing file /home/airflow/.local/lib/python3.8/site-packages/airflow/example_dags/example_trigger_controller_dag.py for tasks to queue
[2025-11-17T01:04:54.900+0000] {logging_mixin.py:188} INFO - [2025-11-17T01:04:54.899+0000] {dagbag.py:538} INFO - Filling up the DagBag from /home/airflow/.local/lib/python3.8/site-packages/airflow/example_dags/example_trigger_controller_dag.py
[2025-11-17T01:04:54.904+0000] {processor.py:840} INFO - DAG(s) 'example_trigger_controller_dag' retrieved from /home/airflow/.local/lib/python3.8/site-packages/airflow/example_dags/example_trigger_controller_dag.py
[2025-11-17T01:04:54.926+0000] {logging_mixin.py:188} INFO - [2025-11-17T01:04:54.926+0000] {dag.py:3036} INFO - Sync 1 DAGs
[2025-11-17T01:04:54.948+0000] {logging_mixin.py:188} INFO - [2025-11-17T01:04:54.948+0000] {dag.py:3823} INFO - Setting next_dagrun for example_trigger_controller_dag to 2021-01-01 00:00:00+00:00, run_after=2021-01-01 00:00:00+00:00
[2025-11-17T01:04:54.976+0000] {processor.py:183} INFO - Processing /home/airflow/.local/lib/python3.8/site-packages/airflow/example_dags/example_trigger_controller_dag.py took 0.081 seconds
