[2025-11-17T00:58:51.267+0000] {processor.py:161} INFO - Started process (PID=1913) to work on /home/airflow/.local/lib/python3.8/site-packages/airflow/example_dags/example_branch_operator.py
[2025-11-17T00:58:51.268+0000] {processor.py:830} INFO - Processing file /home/airflow/.local/lib/python3.8/site-packages/airflow/example_dags/example_branch_operator.py for tasks to queue
[2025-11-17T00:58:51.269+0000] {logging_mixin.py:188} INFO - [2025-11-17T00:58:51.269+0000] {dagbag.py:538} INFO - Filling up the DagBag from /home/airflow/.local/lib/python3.8/site-packages/airflow/example_dags/example_branch_operator.py
[2025-11-17T00:58:51.292+0000] {processor.py:840} INFO - DAG(s) 'example_branch_operator' retrieved from /home/airflow/.local/lib/python3.8/site-packages/airflow/example_dags/example_branch_operator.py
[2025-11-17T00:58:51.337+0000] {logging_mixin.py:188} INFO - [2025-11-17T00:58:51.337+0000] {dag.py:3036} INFO - Sync 1 DAGs
[2025-11-17T00:58:51.372+0000] {logging_mixin.py:188} INFO - [2025-11-17T00:58:51.372+0000] {dag.py:3823} INFO - Setting next_dagrun for example_branch_operator to 2025-11-16 00:00:00+00:00, run_after=2025-11-17 00:00:00+00:00
[2025-11-17T00:58:51.403+0000] {processor.py:183} INFO - Processing /home/airflow/.local/lib/python3.8/site-packages/airflow/example_dags/example_branch_operator.py took 0.139 seconds
[2025-11-17T00:59:22.054+0000] {processor.py:161} INFO - Started process (PID=1993) to work on /home/airflow/.local/lib/python3.8/site-packages/airflow/example_dags/example_branch_operator.py
[2025-11-17T00:59:22.055+0000] {processor.py:830} INFO - Processing file /home/airflow/.local/lib/python3.8/site-packages/airflow/example_dags/example_branch_operator.py for tasks to queue
[2025-11-17T00:59:22.057+0000] {logging_mixin.py:188} INFO - [2025-11-17T00:59:22.056+0000] {dagbag.py:538} INFO - Filling up the DagBag from /home/airflow/.local/lib/python3.8/site-packages/airflow/example_dags/example_branch_operator.py
[2025-11-17T00:59:22.076+0000] {processor.py:840} INFO - DAG(s) 'example_branch_operator' retrieved from /home/airflow/.local/lib/python3.8/site-packages/airflow/example_dags/example_branch_operator.py
[2025-11-17T00:59:22.109+0000] {logging_mixin.py:188} INFO - [2025-11-17T00:59:22.109+0000] {dag.py:3036} INFO - Sync 1 DAGs
[2025-11-17T00:59:22.134+0000] {logging_mixin.py:188} INFO - [2025-11-17T00:59:22.134+0000] {dag.py:3823} INFO - Setting next_dagrun for example_branch_operator to 2025-11-16 00:00:00+00:00, run_after=2025-11-17 00:00:00+00:00
[2025-11-17T00:59:22.160+0000] {processor.py:183} INFO - Processing /home/airflow/.local/lib/python3.8/site-packages/airflow/example_dags/example_branch_operator.py took 0.110 seconds
[2025-11-17T00:59:52.818+0000] {processor.py:161} INFO - Started process (PID=2074) to work on /home/airflow/.local/lib/python3.8/site-packages/airflow/example_dags/example_branch_operator.py
[2025-11-17T00:59:52.819+0000] {processor.py:830} INFO - Processing file /home/airflow/.local/lib/python3.8/site-packages/airflow/example_dags/example_branch_operator.py for tasks to queue
[2025-11-17T00:59:52.821+0000] {logging_mixin.py:188} INFO - [2025-11-17T00:59:52.820+0000] {dagbag.py:538} INFO - Filling up the DagBag from /home/airflow/.local/lib/python3.8/site-packages/airflow/example_dags/example_branch_operator.py
[2025-11-17T00:59:52.839+0000] {processor.py:840} INFO - DAG(s) 'example_branch_operator' retrieved from /home/airflow/.local/lib/python3.8/site-packages/airflow/example_dags/example_branch_operator.py
[2025-11-17T00:59:52.872+0000] {logging_mixin.py:188} INFO - [2025-11-17T00:59:52.872+0000] {dag.py:3036} INFO - Sync 1 DAGs
[2025-11-17T00:59:52.897+0000] {logging_mixin.py:188} INFO - [2025-11-17T00:59:52.897+0000] {dag.py:3823} INFO - Setting next_dagrun for example_branch_operator to 2025-11-16 00:00:00+00:00, run_after=2025-11-17 00:00:00+00:00
[2025-11-17T00:59:52.925+0000] {processor.py:183} INFO - Processing /home/airflow/.local/lib/python3.8/site-packages/airflow/example_dags/example_branch_operator.py took 0.109 seconds
[2025-11-17T01:00:23.992+0000] {processor.py:161} INFO - Started process (PID=2170) to work on /home/airflow/.local/lib/python3.8/site-packages/airflow/example_dags/example_branch_operator.py
[2025-11-17T01:00:23.993+0000] {processor.py:830} INFO - Processing file /home/airflow/.local/lib/python3.8/site-packages/airflow/example_dags/example_branch_operator.py for tasks to queue
[2025-11-17T01:00:23.994+0000] {logging_mixin.py:188} INFO - [2025-11-17T01:00:23.994+0000] {dagbag.py:538} INFO - Filling up the DagBag from /home/airflow/.local/lib/python3.8/site-packages/airflow/example_dags/example_branch_operator.py
[2025-11-17T01:00:24.014+0000] {processor.py:840} INFO - DAG(s) 'example_branch_operator' retrieved from /home/airflow/.local/lib/python3.8/site-packages/airflow/example_dags/example_branch_operator.py
[2025-11-17T01:00:24.050+0000] {logging_mixin.py:188} INFO - [2025-11-17T01:00:24.049+0000] {dag.py:3036} INFO - Sync 1 DAGs
[2025-11-17T01:00:24.075+0000] {logging_mixin.py:188} INFO - [2025-11-17T01:00:24.075+0000] {dag.py:3823} INFO - Setting next_dagrun for example_branch_operator to 2025-11-16 00:00:00+00:00, run_after=2025-11-17 00:00:00+00:00
[2025-11-17T01:00:24.100+0000] {processor.py:183} INFO - Processing /home/airflow/.local/lib/python3.8/site-packages/airflow/example_dags/example_branch_operator.py took 0.111 seconds
[2025-11-17T01:00:54.719+0000] {processor.py:161} INFO - Started process (PID=2251) to work on /home/airflow/.local/lib/python3.8/site-packages/airflow/example_dags/example_branch_operator.py
[2025-11-17T01:00:54.720+0000] {processor.py:830} INFO - Processing file /home/airflow/.local/lib/python3.8/site-packages/airflow/example_dags/example_branch_operator.py for tasks to queue
[2025-11-17T01:00:54.721+0000] {logging_mixin.py:188} INFO - [2025-11-17T01:00:54.720+0000] {dagbag.py:538} INFO - Filling up the DagBag from /home/airflow/.local/lib/python3.8/site-packages/airflow/example_dags/example_branch_operator.py
[2025-11-17T01:00:54.741+0000] {processor.py:840} INFO - DAG(s) 'example_branch_operator' retrieved from /home/airflow/.local/lib/python3.8/site-packages/airflow/example_dags/example_branch_operator.py
[2025-11-17T01:00:54.773+0000] {logging_mixin.py:188} INFO - [2025-11-17T01:00:54.773+0000] {dag.py:3036} INFO - Sync 1 DAGs
[2025-11-17T01:00:54.796+0000] {logging_mixin.py:188} INFO - [2025-11-17T01:00:54.795+0000] {dag.py:3823} INFO - Setting next_dagrun for example_branch_operator to 2025-11-16 00:00:00+00:00, run_after=2025-11-17 00:00:00+00:00
[2025-11-17T01:00:54.818+0000] {processor.py:183} INFO - Processing /home/airflow/.local/lib/python3.8/site-packages/airflow/example_dags/example_branch_operator.py took 0.104 seconds
[2025-11-17T01:01:26.305+0000] {processor.py:161} INFO - Started process (PID=2340) to work on /home/airflow/.local/lib/python3.8/site-packages/airflow/example_dags/example_branch_operator.py
[2025-11-17T01:01:26.305+0000] {processor.py:830} INFO - Processing file /home/airflow/.local/lib/python3.8/site-packages/airflow/example_dags/example_branch_operator.py for tasks to queue
[2025-11-17T01:01:26.307+0000] {logging_mixin.py:188} INFO - [2025-11-17T01:01:26.306+0000] {dagbag.py:538} INFO - Filling up the DagBag from /home/airflow/.local/lib/python3.8/site-packages/airflow/example_dags/example_branch_operator.py
[2025-11-17T01:01:26.325+0000] {processor.py:840} INFO - DAG(s) 'example_branch_operator' retrieved from /home/airflow/.local/lib/python3.8/site-packages/airflow/example_dags/example_branch_operator.py
[2025-11-17T01:01:26.363+0000] {logging_mixin.py:188} INFO - [2025-11-17T01:01:26.363+0000] {dag.py:3036} INFO - Sync 1 DAGs
[2025-11-17T01:01:26.390+0000] {logging_mixin.py:188} INFO - [2025-11-17T01:01:26.390+0000] {dag.py:3823} INFO - Setting next_dagrun for example_branch_operator to 2025-11-16 00:00:00+00:00, run_after=2025-11-17 00:00:00+00:00
[2025-11-17T01:01:26.414+0000] {processor.py:183} INFO - Processing /home/airflow/.local/lib/python3.8/site-packages/airflow/example_dags/example_branch_operator.py took 0.113 seconds
[2025-11-17T01:01:56.765+0000] {processor.py:161} INFO - Started process (PID=2428) to work on /home/airflow/.local/lib/python3.8/site-packages/airflow/example_dags/example_branch_operator.py
[2025-11-17T01:01:56.766+0000] {processor.py:830} INFO - Processing file /home/airflow/.local/lib/python3.8/site-packages/airflow/example_dags/example_branch_operator.py for tasks to queue
[2025-11-17T01:01:56.767+0000] {logging_mixin.py:188} INFO - [2025-11-17T01:01:56.767+0000] {dagbag.py:538} INFO - Filling up the DagBag from /home/airflow/.local/lib/python3.8/site-packages/airflow/example_dags/example_branch_operator.py
[2025-11-17T01:01:56.791+0000] {processor.py:840} INFO - DAG(s) 'example_branch_operator' retrieved from /home/airflow/.local/lib/python3.8/site-packages/airflow/example_dags/example_branch_operator.py
[2025-11-17T01:01:56.827+0000] {logging_mixin.py:188} INFO - [2025-11-17T01:01:56.827+0000] {dag.py:3036} INFO - Sync 1 DAGs
[2025-11-17T01:01:56.851+0000] {logging_mixin.py:188} INFO - [2025-11-17T01:01:56.851+0000] {dag.py:3823} INFO - Setting next_dagrun for example_branch_operator to 2025-11-16 00:00:00+00:00, run_after=2025-11-17 00:00:00+00:00
[2025-11-17T01:01:56.877+0000] {processor.py:183} INFO - Processing /home/airflow/.local/lib/python3.8/site-packages/airflow/example_dags/example_branch_operator.py took 0.115 seconds
[2025-11-17T01:02:27.138+0000] {processor.py:161} INFO - Started process (PID=2507) to work on /home/airflow/.local/lib/python3.8/site-packages/airflow/example_dags/example_branch_operator.py
[2025-11-17T01:02:27.140+0000] {processor.py:830} INFO - Processing file /home/airflow/.local/lib/python3.8/site-packages/airflow/example_dags/example_branch_operator.py for tasks to queue
[2025-11-17T01:02:27.141+0000] {logging_mixin.py:188} INFO - [2025-11-17T01:02:27.140+0000] {dagbag.py:538} INFO - Filling up the DagBag from /home/airflow/.local/lib/python3.8/site-packages/airflow/example_dags/example_branch_operator.py
[2025-11-17T01:02:27.157+0000] {processor.py:840} INFO - DAG(s) 'example_branch_operator' retrieved from /home/airflow/.local/lib/python3.8/site-packages/airflow/example_dags/example_branch_operator.py
[2025-11-17T01:02:27.187+0000] {logging_mixin.py:188} INFO - [2025-11-17T01:02:27.187+0000] {dag.py:3036} INFO - Sync 1 DAGs
[2025-11-17T01:02:27.228+0000] {logging_mixin.py:188} INFO - [2025-11-17T01:02:27.227+0000] {dag.py:3823} INFO - Setting next_dagrun for example_branch_operator to 2025-11-16 00:00:00+00:00, run_after=2025-11-17 00:00:00+00:00
[2025-11-17T01:02:27.261+0000] {processor.py:183} INFO - Processing /home/airflow/.local/lib/python3.8/site-packages/airflow/example_dags/example_branch_operator.py took 0.125 seconds
[2025-11-17T01:02:57.824+0000] {processor.py:161} INFO - Started process (PID=2603) to work on /home/airflow/.local/lib/python3.8/site-packages/airflow/example_dags/example_branch_operator.py
[2025-11-17T01:02:57.826+0000] {processor.py:830} INFO - Processing file /home/airflow/.local/lib/python3.8/site-packages/airflow/example_dags/example_branch_operator.py for tasks to queue
[2025-11-17T01:02:57.829+0000] {logging_mixin.py:188} INFO - [2025-11-17T01:02:57.828+0000] {dagbag.py:538} INFO - Filling up the DagBag from /home/airflow/.local/lib/python3.8/site-packages/airflow/example_dags/example_branch_operator.py
[2025-11-17T01:02:57.854+0000] {processor.py:840} INFO - DAG(s) 'example_branch_operator' retrieved from /home/airflow/.local/lib/python3.8/site-packages/airflow/example_dags/example_branch_operator.py
[2025-11-17T01:02:57.906+0000] {logging_mixin.py:188} INFO - [2025-11-17T01:02:57.905+0000] {dag.py:3036} INFO - Sync 1 DAGs
[2025-11-17T01:02:57.940+0000] {logging_mixin.py:188} INFO - [2025-11-17T01:02:57.939+0000] {dag.py:3823} INFO - Setting next_dagrun for example_branch_operator to 2025-11-16 00:00:00+00:00, run_after=2025-11-17 00:00:00+00:00
[2025-11-17T01:02:57.964+0000] {processor.py:183} INFO - Processing /home/airflow/.local/lib/python3.8/site-packages/airflow/example_dags/example_branch_operator.py took 0.146 seconds
[2025-11-17T01:03:28.107+0000] {processor.py:161} INFO - Started process (PID=2684) to work on /home/airflow/.local/lib/python3.8/site-packages/airflow/example_dags/example_branch_operator.py
[2025-11-17T01:03:28.108+0000] {processor.py:830} INFO - Processing file /home/airflow/.local/lib/python3.8/site-packages/airflow/example_dags/example_branch_operator.py for tasks to queue
[2025-11-17T01:03:28.109+0000] {logging_mixin.py:188} INFO - [2025-11-17T01:03:28.109+0000] {dagbag.py:538} INFO - Filling up the DagBag from /home/airflow/.local/lib/python3.8/site-packages/airflow/example_dags/example_branch_operator.py
[2025-11-17T01:03:28.131+0000] {processor.py:840} INFO - DAG(s) 'example_branch_operator' retrieved from /home/airflow/.local/lib/python3.8/site-packages/airflow/example_dags/example_branch_operator.py
[2025-11-17T01:03:28.170+0000] {logging_mixin.py:188} INFO - [2025-11-17T01:03:28.170+0000] {dag.py:3036} INFO - Sync 1 DAGs
[2025-11-17T01:03:28.205+0000] {logging_mixin.py:188} INFO - [2025-11-17T01:03:28.205+0000] {dag.py:3823} INFO - Setting next_dagrun for example_branch_operator to 2025-11-16 00:00:00+00:00, run_after=2025-11-17 00:00:00+00:00
[2025-11-17T01:03:28.235+0000] {processor.py:183} INFO - Processing /home/airflow/.local/lib/python3.8/site-packages/airflow/example_dags/example_branch_operator.py took 0.132 seconds
[2025-11-17T01:03:58.790+0000] {processor.py:161} INFO - Started process (PID=2766) to work on /home/airflow/.local/lib/python3.8/site-packages/airflow/example_dags/example_branch_operator.py
[2025-11-17T01:03:58.791+0000] {processor.py:830} INFO - Processing file /home/airflow/.local/lib/python3.8/site-packages/airflow/example_dags/example_branch_operator.py for tasks to queue
[2025-11-17T01:03:58.792+0000] {logging_mixin.py:188} INFO - [2025-11-17T01:03:58.792+0000] {dagbag.py:538} INFO - Filling up the DagBag from /home/airflow/.local/lib/python3.8/site-packages/airflow/example_dags/example_branch_operator.py
[2025-11-17T01:03:58.811+0000] {processor.py:840} INFO - DAG(s) 'example_branch_operator' retrieved from /home/airflow/.local/lib/python3.8/site-packages/airflow/example_dags/example_branch_operator.py
[2025-11-17T01:03:58.845+0000] {logging_mixin.py:188} INFO - [2025-11-17T01:03:58.845+0000] {dag.py:3036} INFO - Sync 1 DAGs
[2025-11-17T01:03:58.883+0000] {logging_mixin.py:188} INFO - [2025-11-17T01:03:58.883+0000] {dag.py:3823} INFO - Setting next_dagrun for example_branch_operator to 2025-11-16 00:00:00+00:00, run_after=2025-11-17 00:00:00+00:00
[2025-11-17T01:03:58.919+0000] {processor.py:183} INFO - Processing /home/airflow/.local/lib/python3.8/site-packages/airflow/example_dags/example_branch_operator.py took 0.132 seconds
[2025-11-17T01:04:29.542+0000] {processor.py:161} INFO - Started process (PID=2862) to work on /home/airflow/.local/lib/python3.8/site-packages/airflow/example_dags/example_branch_operator.py
[2025-11-17T01:04:29.543+0000] {processor.py:830} INFO - Processing file /home/airflow/.local/lib/python3.8/site-packages/airflow/example_dags/example_branch_operator.py for tasks to queue
[2025-11-17T01:04:29.545+0000] {logging_mixin.py:188} INFO - [2025-11-17T01:04:29.544+0000] {dagbag.py:538} INFO - Filling up the DagBag from /home/airflow/.local/lib/python3.8/site-packages/airflow/example_dags/example_branch_operator.py
[2025-11-17T01:04:29.561+0000] {processor.py:840} INFO - DAG(s) 'example_branch_operator' retrieved from /home/airflow/.local/lib/python3.8/site-packages/airflow/example_dags/example_branch_operator.py
[2025-11-17T01:04:29.591+0000] {logging_mixin.py:188} INFO - [2025-11-17T01:04:29.591+0000] {dag.py:3036} INFO - Sync 1 DAGs
[2025-11-17T01:04:29.619+0000] {logging_mixin.py:188} INFO - [2025-11-17T01:04:29.618+0000] {dag.py:3823} INFO - Setting next_dagrun for example_branch_operator to 2025-11-16 00:00:00+00:00, run_after=2025-11-17 00:00:00+00:00
[2025-11-17T01:04:29.640+0000] {processor.py:183} INFO - Processing /home/airflow/.local/lib/python3.8/site-packages/airflow/example_dags/example_branch_operator.py took 0.101 seconds
[2025-11-17T01:05:00.393+0000] {processor.py:161} INFO - Started process (PID=2945) to work on /home/airflow/.local/lib/python3.8/site-packages/airflow/example_dags/example_branch_operator.py
[2025-11-17T01:05:00.394+0000] {processor.py:830} INFO - Processing file /home/airflow/.local/lib/python3.8/site-packages/airflow/example_dags/example_branch_operator.py for tasks to queue
[2025-11-17T01:05:00.399+0000] {logging_mixin.py:188} INFO - [2025-11-17T01:05:00.397+0000] {dagbag.py:538} INFO - Filling up the DagBag from /home/airflow/.local/lib/python3.8/site-packages/airflow/example_dags/example_branch_operator.py
[2025-11-17T01:05:00.430+0000] {processor.py:840} INFO - DAG(s) 'example_branch_operator' retrieved from /home/airflow/.local/lib/python3.8/site-packages/airflow/example_dags/example_branch_operator.py
[2025-11-17T01:05:00.470+0000] {logging_mixin.py:188} INFO - [2025-11-17T01:05:00.469+0000] {dag.py:3036} INFO - Sync 1 DAGs
[2025-11-17T01:05:00.500+0000] {logging_mixin.py:188} INFO - [2025-11-17T01:05:00.500+0000] {dag.py:3823} INFO - Setting next_dagrun for example_branch_operator to 2025-11-16 00:00:00+00:00, run_after=2025-11-17 00:00:00+00:00
[2025-11-17T01:05:00.524+0000] {processor.py:183} INFO - Processing /home/airflow/.local/lib/python3.8/site-packages/airflow/example_dags/example_branch_operator.py took 0.136 seconds
