[2025-11-17T00:59:12.607+0000] {processor.py:161} INFO - Started process (PID=1937) to work on /home/airflow/.local/lib/python3.8/site-packages/airflow/example_dags/example_short_circuit_operator.py
[2025-11-17T00:59:12.608+0000] {processor.py:830} INFO - Processing file /home/airflow/.local/lib/python3.8/site-packages/airflow/example_dags/example_short_circuit_operator.py for tasks to queue
[2025-11-17T00:59:12.611+0000] {logging_mixin.py:188} INFO - [2025-11-17T00:59:12.609+0000] {dagbag.py:538} INFO - Filling up the DagBag from /home/airflow/.local/lib/python3.8/site-packages/airflow/example_dags/example_short_circuit_operator.py
[2025-11-17T00:59:12.634+0000] {processor.py:840} INFO - DAG(s) 'example_short_circuit_operator' retrieved from /home/airflow/.local/lib/python3.8/site-packages/airflow/example_dags/example_short_circuit_operator.py
[2025-11-17T00:59:12.829+0000] {logging_mixin.py:188} INFO - [2025-11-17T00:59:12.829+0000] {dag.py:3036} INFO - Sync 1 DAGs
[2025-11-17T00:59:12.853+0000] {logging_mixin.py:188} INFO - [2025-11-17T00:59:12.852+0000] {dag.py:3823} INFO - Setting next_dagrun for example_short_circuit_operator to 2025-11-16 00:00:00+00:00, run_after=2025-11-17 00:00:00+00:00
[2025-11-17T00:59:12.884+0000] {processor.py:183} INFO - Processing /home/airflow/.local/lib/python3.8/site-packages/airflow/example_dags/example_short_circuit_operator.py took 0.287 seconds
[2025-11-17T00:59:42.963+0000] {processor.py:161} INFO - Started process (PID=2026) to work on /home/airflow/.local/lib/python3.8/site-packages/airflow/example_dags/example_short_circuit_operator.py
[2025-11-17T00:59:42.964+0000] {processor.py:830} INFO - Processing file /home/airflow/.local/lib/python3.8/site-packages/airflow/example_dags/example_short_circuit_operator.py for tasks to queue
[2025-11-17T00:59:42.965+0000] {logging_mixin.py:188} INFO - [2025-11-17T00:59:42.965+0000] {dagbag.py:538} INFO - Filling up the DagBag from /home/airflow/.local/lib/python3.8/site-packages/airflow/example_dags/example_short_circuit_operator.py
[2025-11-17T00:59:42.977+0000] {processor.py:840} INFO - DAG(s) 'example_short_circuit_operator' retrieved from /home/airflow/.local/lib/python3.8/site-packages/airflow/example_dags/example_short_circuit_operator.py
[2025-11-17T00:59:43.006+0000] {logging_mixin.py:188} INFO - [2025-11-17T00:59:43.006+0000] {dag.py:3036} INFO - Sync 1 DAGs
[2025-11-17T00:59:43.039+0000] {logging_mixin.py:188} INFO - [2025-11-17T00:59:43.039+0000] {dag.py:3823} INFO - Setting next_dagrun for example_short_circuit_operator to 2025-11-16 00:00:00+00:00, run_after=2025-11-17 00:00:00+00:00
[2025-11-17T00:59:43.072+0000] {processor.py:183} INFO - Processing /home/airflow/.local/lib/python3.8/site-packages/airflow/example_dags/example_short_circuit_operator.py took 0.114 seconds
[2025-11-17T01:00:13.472+0000] {processor.py:161} INFO - Started process (PID=2114) to work on /home/airflow/.local/lib/python3.8/site-packages/airflow/example_dags/example_short_circuit_operator.py
[2025-11-17T01:00:13.472+0000] {processor.py:830} INFO - Processing file /home/airflow/.local/lib/python3.8/site-packages/airflow/example_dags/example_short_circuit_operator.py for tasks to queue
[2025-11-17T01:00:13.474+0000] {logging_mixin.py:188} INFO - [2025-11-17T01:00:13.473+0000] {dagbag.py:538} INFO - Filling up the DagBag from /home/airflow/.local/lib/python3.8/site-packages/airflow/example_dags/example_short_circuit_operator.py
[2025-11-17T01:00:13.481+0000] {processor.py:840} INFO - DAG(s) 'example_short_circuit_operator' retrieved from /home/airflow/.local/lib/python3.8/site-packages/airflow/example_dags/example_short_circuit_operator.py
[2025-11-17T01:00:13.509+0000] {logging_mixin.py:188} INFO - [2025-11-17T01:00:13.509+0000] {dag.py:3036} INFO - Sync 1 DAGs
[2025-11-17T01:00:13.533+0000] {logging_mixin.py:188} INFO - [2025-11-17T01:00:13.533+0000] {dag.py:3823} INFO - Setting next_dagrun for example_short_circuit_operator to 2025-11-16 00:00:00+00:00, run_after=2025-11-17 00:00:00+00:00
[2025-11-17T01:00:13.556+0000] {processor.py:183} INFO - Processing /home/airflow/.local/lib/python3.8/site-packages/airflow/example_dags/example_short_circuit_operator.py took 0.088 seconds
[2025-11-17T01:00:43.770+0000] {processor.py:161} INFO - Started process (PID=2195) to work on /home/airflow/.local/lib/python3.8/site-packages/airflow/example_dags/example_short_circuit_operator.py
[2025-11-17T01:00:43.771+0000] {processor.py:830} INFO - Processing file /home/airflow/.local/lib/python3.8/site-packages/airflow/example_dags/example_short_circuit_operator.py for tasks to queue
[2025-11-17T01:00:43.772+0000] {logging_mixin.py:188} INFO - [2025-11-17T01:00:43.772+0000] {dagbag.py:538} INFO - Filling up the DagBag from /home/airflow/.local/lib/python3.8/site-packages/airflow/example_dags/example_short_circuit_operator.py
[2025-11-17T01:00:43.782+0000] {processor.py:840} INFO - DAG(s) 'example_short_circuit_operator' retrieved from /home/airflow/.local/lib/python3.8/site-packages/airflow/example_dags/example_short_circuit_operator.py
[2025-11-17T01:00:43.814+0000] {logging_mixin.py:188} INFO - [2025-11-17T01:00:43.814+0000] {dag.py:3036} INFO - Sync 1 DAGs
[2025-11-17T01:00:43.845+0000] {logging_mixin.py:188} INFO - [2025-11-17T01:00:43.844+0000] {dag.py:3823} INFO - Setting next_dagrun for example_short_circuit_operator to 2025-11-16 00:00:00+00:00, run_after=2025-11-17 00:00:00+00:00
[2025-11-17T01:00:43.873+0000] {processor.py:183} INFO - Processing /home/airflow/.local/lib/python3.8/site-packages/airflow/example_dags/example_short_circuit_operator.py took 0.107 seconds
[2025-11-17T01:01:14.301+0000] {processor.py:161} INFO - Started process (PID=2291) to work on /home/airflow/.local/lib/python3.8/site-packages/airflow/example_dags/example_short_circuit_operator.py
[2025-11-17T01:01:14.302+0000] {processor.py:830} INFO - Processing file /home/airflow/.local/lib/python3.8/site-packages/airflow/example_dags/example_short_circuit_operator.py for tasks to queue
[2025-11-17T01:01:14.304+0000] {logging_mixin.py:188} INFO - [2025-11-17T01:01:14.303+0000] {dagbag.py:538} INFO - Filling up the DagBag from /home/airflow/.local/lib/python3.8/site-packages/airflow/example_dags/example_short_circuit_operator.py
[2025-11-17T01:01:14.312+0000] {processor.py:840} INFO - DAG(s) 'example_short_circuit_operator' retrieved from /home/airflow/.local/lib/python3.8/site-packages/airflow/example_dags/example_short_circuit_operator.py
[2025-11-17T01:01:14.391+0000] {logging_mixin.py:188} INFO - [2025-11-17T01:01:14.391+0000] {dag.py:3036} INFO - Sync 1 DAGs
[2025-11-17T01:01:14.421+0000] {logging_mixin.py:188} INFO - [2025-11-17T01:01:14.421+0000] {dag.py:3823} INFO - Setting next_dagrun for example_short_circuit_operator to 2025-11-16 00:00:00+00:00, run_after=2025-11-17 00:00:00+00:00
[2025-11-17T01:01:14.443+0000] {processor.py:183} INFO - Processing /home/airflow/.local/lib/python3.8/site-packages/airflow/example_dags/example_short_circuit_operator.py took 0.146 seconds
[2025-11-17T01:01:45.072+0000] {processor.py:161} INFO - Started process (PID=2372) to work on /home/airflow/.local/lib/python3.8/site-packages/airflow/example_dags/example_short_circuit_operator.py
[2025-11-17T01:01:45.073+0000] {processor.py:830} INFO - Processing file /home/airflow/.local/lib/python3.8/site-packages/airflow/example_dags/example_short_circuit_operator.py for tasks to queue
[2025-11-17T01:01:45.075+0000] {logging_mixin.py:188} INFO - [2025-11-17T01:01:45.074+0000] {dagbag.py:538} INFO - Filling up the DagBag from /home/airflow/.local/lib/python3.8/site-packages/airflow/example_dags/example_short_circuit_operator.py
[2025-11-17T01:01:45.085+0000] {processor.py:840} INFO - DAG(s) 'example_short_circuit_operator' retrieved from /home/airflow/.local/lib/python3.8/site-packages/airflow/example_dags/example_short_circuit_operator.py
[2025-11-17T01:01:45.112+0000] {logging_mixin.py:188} INFO - [2025-11-17T01:01:45.112+0000] {dag.py:3036} INFO - Sync 1 DAGs
[2025-11-17T01:01:45.134+0000] {logging_mixin.py:188} INFO - [2025-11-17T01:01:45.133+0000] {dag.py:3823} INFO - Setting next_dagrun for example_short_circuit_operator to 2025-11-16 00:00:00+00:00, run_after=2025-11-17 00:00:00+00:00
[2025-11-17T01:01:45.156+0000] {processor.py:183} INFO - Processing /home/airflow/.local/lib/python3.8/site-packages/airflow/example_dags/example_short_circuit_operator.py took 0.088 seconds
[2025-11-17T01:02:15.732+0000] {processor.py:161} INFO - Started process (PID=2453) to work on /home/airflow/.local/lib/python3.8/site-packages/airflow/example_dags/example_short_circuit_operator.py
[2025-11-17T01:02:15.733+0000] {processor.py:830} INFO - Processing file /home/airflow/.local/lib/python3.8/site-packages/airflow/example_dags/example_short_circuit_operator.py for tasks to queue
[2025-11-17T01:02:15.734+0000] {logging_mixin.py:188} INFO - [2025-11-17T01:02:15.733+0000] {dagbag.py:538} INFO - Filling up the DagBag from /home/airflow/.local/lib/python3.8/site-packages/airflow/example_dags/example_short_circuit_operator.py
[2025-11-17T01:02:15.745+0000] {processor.py:840} INFO - DAG(s) 'example_short_circuit_operator' retrieved from /home/airflow/.local/lib/python3.8/site-packages/airflow/example_dags/example_short_circuit_operator.py
[2025-11-17T01:02:15.774+0000] {logging_mixin.py:188} INFO - [2025-11-17T01:02:15.774+0000] {dag.py:3036} INFO - Sync 1 DAGs
[2025-11-17T01:02:15.796+0000] {logging_mixin.py:188} INFO - [2025-11-17T01:02:15.796+0000] {dag.py:3823} INFO - Setting next_dagrun for example_short_circuit_operator to 2025-11-16 00:00:00+00:00, run_after=2025-11-17 00:00:00+00:00
[2025-11-17T01:02:15.820+0000] {processor.py:183} INFO - Processing /home/airflow/.local/lib/python3.8/site-packages/airflow/example_dags/example_short_circuit_operator.py took 0.091 seconds
[2025-11-17T01:02:46.339+0000] {processor.py:161} INFO - Started process (PID=2549) to work on /home/airflow/.local/lib/python3.8/site-packages/airflow/example_dags/example_short_circuit_operator.py
[2025-11-17T01:02:46.340+0000] {processor.py:830} INFO - Processing file /home/airflow/.local/lib/python3.8/site-packages/airflow/example_dags/example_short_circuit_operator.py for tasks to queue
[2025-11-17T01:02:46.341+0000] {logging_mixin.py:188} INFO - [2025-11-17T01:02:46.341+0000] {dagbag.py:538} INFO - Filling up the DagBag from /home/airflow/.local/lib/python3.8/site-packages/airflow/example_dags/example_short_circuit_operator.py
[2025-11-17T01:02:46.359+0000] {processor.py:840} INFO - DAG(s) 'example_short_circuit_operator' retrieved from /home/airflow/.local/lib/python3.8/site-packages/airflow/example_dags/example_short_circuit_operator.py
[2025-11-17T01:02:46.389+0000] {logging_mixin.py:188} INFO - [2025-11-17T01:02:46.389+0000] {dag.py:3036} INFO - Sync 1 DAGs
[2025-11-17T01:02:46.412+0000] {logging_mixin.py:188} INFO - [2025-11-17T01:02:46.412+0000] {dag.py:3823} INFO - Setting next_dagrun for example_short_circuit_operator to 2025-11-16 00:00:00+00:00, run_after=2025-11-17 00:00:00+00:00
[2025-11-17T01:02:46.433+0000] {processor.py:183} INFO - Processing /home/airflow/.local/lib/python3.8/site-packages/airflow/example_dags/example_short_circuit_operator.py took 0.099 seconds
[2025-11-17T01:03:16.507+0000] {processor.py:161} INFO - Started process (PID=2630) to work on /home/airflow/.local/lib/python3.8/site-packages/airflow/example_dags/example_short_circuit_operator.py
[2025-11-17T01:03:16.508+0000] {processor.py:830} INFO - Processing file /home/airflow/.local/lib/python3.8/site-packages/airflow/example_dags/example_short_circuit_operator.py for tasks to queue
[2025-11-17T01:03:16.509+0000] {logging_mixin.py:188} INFO - [2025-11-17T01:03:16.509+0000] {dagbag.py:538} INFO - Filling up the DagBag from /home/airflow/.local/lib/python3.8/site-packages/airflow/example_dags/example_short_circuit_operator.py
[2025-11-17T01:03:16.517+0000] {processor.py:840} INFO - DAG(s) 'example_short_circuit_operator' retrieved from /home/airflow/.local/lib/python3.8/site-packages/airflow/example_dags/example_short_circuit_operator.py
[2025-11-17T01:03:16.544+0000] {logging_mixin.py:188} INFO - [2025-11-17T01:03:16.543+0000] {dag.py:3036} INFO - Sync 1 DAGs
[2025-11-17T01:03:16.564+0000] {logging_mixin.py:188} INFO - [2025-11-17T01:03:16.564+0000] {dag.py:3823} INFO - Setting next_dagrun for example_short_circuit_operator to 2025-11-16 00:00:00+00:00, run_after=2025-11-17 00:00:00+00:00
[2025-11-17T01:03:16.588+0000] {processor.py:183} INFO - Processing /home/airflow/.local/lib/python3.8/site-packages/airflow/example_dags/example_short_circuit_operator.py took 0.083 seconds
[2025-11-17T01:03:47.263+0000] {processor.py:161} INFO - Started process (PID=2719) to work on /home/airflow/.local/lib/python3.8/site-packages/airflow/example_dags/example_short_circuit_operator.py
[2025-11-17T01:03:47.265+0000] {processor.py:830} INFO - Processing file /home/airflow/.local/lib/python3.8/site-packages/airflow/example_dags/example_short_circuit_operator.py for tasks to queue
[2025-11-17T01:03:47.266+0000] {logging_mixin.py:188} INFO - [2025-11-17T01:03:47.266+0000] {dagbag.py:538} INFO - Filling up the DagBag from /home/airflow/.local/lib/python3.8/site-packages/airflow/example_dags/example_short_circuit_operator.py
[2025-11-17T01:03:47.277+0000] {processor.py:840} INFO - DAG(s) 'example_short_circuit_operator' retrieved from /home/airflow/.local/lib/python3.8/site-packages/airflow/example_dags/example_short_circuit_operator.py
[2025-11-17T01:03:47.310+0000] {logging_mixin.py:188} INFO - [2025-11-17T01:03:47.310+0000] {dag.py:3036} INFO - Sync 1 DAGs
[2025-11-17T01:03:47.339+0000] {logging_mixin.py:188} INFO - [2025-11-17T01:03:47.339+0000] {dag.py:3823} INFO - Setting next_dagrun for example_short_circuit_operator to 2025-11-16 00:00:00+00:00, run_after=2025-11-17 00:00:00+00:00
[2025-11-17T01:03:47.366+0000] {processor.py:183} INFO - Processing /home/airflow/.local/lib/python3.8/site-packages/airflow/example_dags/example_short_circuit_operator.py took 0.107 seconds
[2025-11-17T01:04:17.480+0000] {processor.py:161} INFO - Started process (PID=2808) to work on /home/airflow/.local/lib/python3.8/site-packages/airflow/example_dags/example_short_circuit_operator.py
[2025-11-17T01:04:17.481+0000] {processor.py:830} INFO - Processing file /home/airflow/.local/lib/python3.8/site-packages/airflow/example_dags/example_short_circuit_operator.py for tasks to queue
[2025-11-17T01:04:17.482+0000] {logging_mixin.py:188} INFO - [2025-11-17T01:04:17.482+0000] {dagbag.py:538} INFO - Filling up the DagBag from /home/airflow/.local/lib/python3.8/site-packages/airflow/example_dags/example_short_circuit_operator.py
[2025-11-17T01:04:17.493+0000] {processor.py:840} INFO - DAG(s) 'example_short_circuit_operator' retrieved from /home/airflow/.local/lib/python3.8/site-packages/airflow/example_dags/example_short_circuit_operator.py
[2025-11-17T01:04:17.520+0000] {logging_mixin.py:188} INFO - [2025-11-17T01:04:17.520+0000] {dag.py:3036} INFO - Sync 1 DAGs
[2025-11-17T01:04:17.545+0000] {logging_mixin.py:188} INFO - [2025-11-17T01:04:17.544+0000] {dag.py:3823} INFO - Setting next_dagrun for example_short_circuit_operator to 2025-11-16 00:00:00+00:00, run_after=2025-11-17 00:00:00+00:00
[2025-11-17T01:04:17.567+0000] {processor.py:183} INFO - Processing /home/airflow/.local/lib/python3.8/site-packages/airflow/example_dags/example_short_circuit_operator.py took 0.091 seconds
[2025-11-17T01:04:47.917+0000] {processor.py:161} INFO - Started process (PID=2891) to work on /home/airflow/.local/lib/python3.8/site-packages/airflow/example_dags/example_short_circuit_operator.py
[2025-11-17T01:04:47.918+0000] {processor.py:830} INFO - Processing file /home/airflow/.local/lib/python3.8/site-packages/airflow/example_dags/example_short_circuit_operator.py for tasks to queue
[2025-11-17T01:04:47.922+0000] {logging_mixin.py:188} INFO - [2025-11-17T01:04:47.920+0000] {dagbag.py:538} INFO - Filling up the DagBag from /home/airflow/.local/lib/python3.8/site-packages/airflow/example_dags/example_short_circuit_operator.py
[2025-11-17T01:04:47.939+0000] {processor.py:840} INFO - DAG(s) 'example_short_circuit_operator' retrieved from /home/airflow/.local/lib/python3.8/site-packages/airflow/example_dags/example_short_circuit_operator.py
[2025-11-17T01:04:47.986+0000] {logging_mixin.py:188} INFO - [2025-11-17T01:04:47.985+0000] {dag.py:3036} INFO - Sync 1 DAGs
[2025-11-17T01:04:48.029+0000] {logging_mixin.py:188} INFO - [2025-11-17T01:04:48.029+0000] {dag.py:3823} INFO - Setting next_dagrun for example_short_circuit_operator to 2025-11-16 00:00:00+00:00, run_after=2025-11-17 00:00:00+00:00
[2025-11-17T01:04:48.072+0000] {processor.py:183} INFO - Processing /home/airflow/.local/lib/python3.8/site-packages/airflow/example_dags/example_short_circuit_operator.py took 0.158 seconds
