[2025-11-17T00:58:49.761+0000] {processor.py:161} INFO - Started process (PID=1898) to work on /home/airflow/.local/lib/python3.8/site-packages/airflow/example_dags/example_external_task_marker_dag.py
[2025-11-17T00:58:49.765+0000] {processor.py:830} INFO - Processing file /home/airflow/.local/lib/python3.8/site-packages/airflow/example_dags/example_external_task_marker_dag.py for tasks to queue
[2025-11-17T00:58:49.767+0000] {logging_mixin.py:188} INFO - [2025-11-17T00:58:49.766+0000] {dagbag.py:538} INFO - Filling up the DagBag from /home/airflow/.local/lib/python3.8/site-packages/airflow/example_dags/example_external_task_marker_dag.py
[2025-11-17T00:58:49.784+0000] {processor.py:840} INFO - DAG(s) 'example_external_task_marker_parent', 'example_external_task_marker_child' retrieved from /home/airflow/.local/lib/python3.8/site-packages/airflow/example_dags/example_external_task_marker_dag.py
[2025-11-17T00:58:49.828+0000] {logging_mixin.py:188} INFO - [2025-11-17T00:58:49.827+0000] {dag.py:3036} INFO - Sync 2 DAGs
[2025-11-17T00:58:49.854+0000] {logging_mixin.py:188} INFO - [2025-11-17T00:58:49.854+0000] {dag.py:3823} INFO - Setting next_dagrun for example_external_task_marker_child to None, run_after=None
[2025-11-17T00:58:49.866+0000] {logging_mixin.py:188} INFO - [2025-11-17T00:58:49.863+0000] {dag.py:3823} INFO - Setting next_dagrun for example_external_task_marker_parent to None, run_after=None
[2025-11-17T00:58:49.914+0000] {processor.py:183} INFO - Processing /home/airflow/.local/lib/python3.8/site-packages/airflow/example_dags/example_external_task_marker_dag.py took 0.162 seconds
[2025-11-17T00:59:20.812+0000] {processor.py:161} INFO - Started process (PID=1978) to work on /home/airflow/.local/lib/python3.8/site-packages/airflow/example_dags/example_external_task_marker_dag.py
[2025-11-17T00:59:20.814+0000] {processor.py:830} INFO - Processing file /home/airflow/.local/lib/python3.8/site-packages/airflow/example_dags/example_external_task_marker_dag.py for tasks to queue
[2025-11-17T00:59:20.815+0000] {logging_mixin.py:188} INFO - [2025-11-17T00:59:20.815+0000] {dagbag.py:538} INFO - Filling up the DagBag from /home/airflow/.local/lib/python3.8/site-packages/airflow/example_dags/example_external_task_marker_dag.py
[2025-11-17T00:59:20.823+0000] {processor.py:840} INFO - DAG(s) 'example_external_task_marker_child', 'example_external_task_marker_parent' retrieved from /home/airflow/.local/lib/python3.8/site-packages/airflow/example_dags/example_external_task_marker_dag.py
[2025-11-17T00:59:20.862+0000] {logging_mixin.py:188} INFO - [2025-11-17T00:59:20.861+0000] {dag.py:3036} INFO - Sync 2 DAGs
[2025-11-17T00:59:20.879+0000] {logging_mixin.py:188} INFO - [2025-11-17T00:59:20.879+0000] {dag.py:3823} INFO - Setting next_dagrun for example_external_task_marker_child to None, run_after=None
[2025-11-17T00:59:20.884+0000] {logging_mixin.py:188} INFO - [2025-11-17T00:59:20.883+0000] {dag.py:3823} INFO - Setting next_dagrun for example_external_task_marker_parent to None, run_after=None
[2025-11-17T00:59:20.907+0000] {processor.py:183} INFO - Processing /home/airflow/.local/lib/python3.8/site-packages/airflow/example_dags/example_external_task_marker_dag.py took 0.098 seconds
[2025-11-17T00:59:51.719+0000] {processor.py:161} INFO - Started process (PID=2059) to work on /home/airflow/.local/lib/python3.8/site-packages/airflow/example_dags/example_external_task_marker_dag.py
[2025-11-17T00:59:51.720+0000] {processor.py:830} INFO - Processing file /home/airflow/.local/lib/python3.8/site-packages/airflow/example_dags/example_external_task_marker_dag.py for tasks to queue
[2025-11-17T00:59:51.721+0000] {logging_mixin.py:188} INFO - [2025-11-17T00:59:51.721+0000] {dagbag.py:538} INFO - Filling up the DagBag from /home/airflow/.local/lib/python3.8/site-packages/airflow/example_dags/example_external_task_marker_dag.py
[2025-11-17T00:59:51.727+0000] {processor.py:840} INFO - DAG(s) 'example_external_task_marker_child', 'example_external_task_marker_parent' retrieved from /home/airflow/.local/lib/python3.8/site-packages/airflow/example_dags/example_external_task_marker_dag.py
[2025-11-17T00:59:51.757+0000] {logging_mixin.py:188} INFO - [2025-11-17T00:59:51.757+0000] {dag.py:3036} INFO - Sync 2 DAGs
[2025-11-17T00:59:51.772+0000] {logging_mixin.py:188} INFO - [2025-11-17T00:59:51.772+0000] {dag.py:3823} INFO - Setting next_dagrun for example_external_task_marker_child to None, run_after=None
[2025-11-17T00:59:51.777+0000] {logging_mixin.py:188} INFO - [2025-11-17T00:59:51.777+0000] {dag.py:3823} INFO - Setting next_dagrun for example_external_task_marker_parent to None, run_after=None
[2025-11-17T00:59:51.800+0000] {processor.py:183} INFO - Processing /home/airflow/.local/lib/python3.8/site-packages/airflow/example_dags/example_external_task_marker_dag.py took 0.084 seconds
[2025-11-17T01:00:21.917+0000] {processor.py:161} INFO - Started process (PID=2146) to work on /home/airflow/.local/lib/python3.8/site-packages/airflow/example_dags/example_external_task_marker_dag.py
[2025-11-17T01:00:21.918+0000] {processor.py:830} INFO - Processing file /home/airflow/.local/lib/python3.8/site-packages/airflow/example_dags/example_external_task_marker_dag.py for tasks to queue
[2025-11-17T01:00:21.920+0000] {logging_mixin.py:188} INFO - [2025-11-17T01:00:21.919+0000] {dagbag.py:538} INFO - Filling up the DagBag from /home/airflow/.local/lib/python3.8/site-packages/airflow/example_dags/example_external_task_marker_dag.py
[2025-11-17T01:00:21.928+0000] {processor.py:840} INFO - DAG(s) 'example_external_task_marker_child', 'example_external_task_marker_parent' retrieved from /home/airflow/.local/lib/python3.8/site-packages/airflow/example_dags/example_external_task_marker_dag.py
[2025-11-17T01:00:21.966+0000] {logging_mixin.py:188} INFO - [2025-11-17T01:00:21.966+0000] {dag.py:3036} INFO - Sync 2 DAGs
[2025-11-17T01:00:21.982+0000] {logging_mixin.py:188} INFO - [2025-11-17T01:00:21.982+0000] {dag.py:3823} INFO - Setting next_dagrun for example_external_task_marker_child to None, run_after=None
[2025-11-17T01:00:21.987+0000] {logging_mixin.py:188} INFO - [2025-11-17T01:00:21.987+0000] {dag.py:3823} INFO - Setting next_dagrun for example_external_task_marker_parent to None, run_after=None
[2025-11-17T01:00:22.011+0000] {processor.py:183} INFO - Processing /home/airflow/.local/lib/python3.8/site-packages/airflow/example_dags/example_external_task_marker_dag.py took 0.097 seconds
[2025-11-17T01:00:52.322+0000] {processor.py:161} INFO - Started process (PID=2234) to work on /home/airflow/.local/lib/python3.8/site-packages/airflow/example_dags/example_external_task_marker_dag.py
[2025-11-17T01:00:52.323+0000] {processor.py:830} INFO - Processing file /home/airflow/.local/lib/python3.8/site-packages/airflow/example_dags/example_external_task_marker_dag.py for tasks to queue
[2025-11-17T01:00:52.324+0000] {logging_mixin.py:188} INFO - [2025-11-17T01:00:52.324+0000] {dagbag.py:538} INFO - Filling up the DagBag from /home/airflow/.local/lib/python3.8/site-packages/airflow/example_dags/example_external_task_marker_dag.py
[2025-11-17T01:00:52.332+0000] {processor.py:840} INFO - DAG(s) 'example_external_task_marker_parent', 'example_external_task_marker_child' retrieved from /home/airflow/.local/lib/python3.8/site-packages/airflow/example_dags/example_external_task_marker_dag.py
[2025-11-17T01:00:52.366+0000] {logging_mixin.py:188} INFO - [2025-11-17T01:00:52.365+0000] {dag.py:3036} INFO - Sync 2 DAGs
[2025-11-17T01:00:52.380+0000] {logging_mixin.py:188} INFO - [2025-11-17T01:00:52.380+0000] {dag.py:3823} INFO - Setting next_dagrun for example_external_task_marker_child to None, run_after=None
[2025-11-17T01:00:52.385+0000] {logging_mixin.py:188} INFO - [2025-11-17T01:00:52.384+0000] {dag.py:3823} INFO - Setting next_dagrun for example_external_task_marker_parent to None, run_after=None
[2025-11-17T01:00:52.406+0000] {processor.py:183} INFO - Processing /home/airflow/.local/lib/python3.8/site-packages/airflow/example_dags/example_external_task_marker_dag.py took 0.087 seconds
[2025-11-17T01:01:22.678+0000] {processor.py:161} INFO - Started process (PID=2315) to work on /home/airflow/.local/lib/python3.8/site-packages/airflow/example_dags/example_external_task_marker_dag.py
[2025-11-17T01:01:22.679+0000] {processor.py:830} INFO - Processing file /home/airflow/.local/lib/python3.8/site-packages/airflow/example_dags/example_external_task_marker_dag.py for tasks to queue
[2025-11-17T01:01:22.680+0000] {logging_mixin.py:188} INFO - [2025-11-17T01:01:22.680+0000] {dagbag.py:538} INFO - Filling up the DagBag from /home/airflow/.local/lib/python3.8/site-packages/airflow/example_dags/example_external_task_marker_dag.py
[2025-11-17T01:01:22.686+0000] {processor.py:840} INFO - DAG(s) 'example_external_task_marker_parent', 'example_external_task_marker_child' retrieved from /home/airflow/.local/lib/python3.8/site-packages/airflow/example_dags/example_external_task_marker_dag.py
[2025-11-17T01:01:22.715+0000] {logging_mixin.py:188} INFO - [2025-11-17T01:01:22.715+0000] {dag.py:3036} INFO - Sync 2 DAGs
[2025-11-17T01:01:22.728+0000] {logging_mixin.py:188} INFO - [2025-11-17T01:01:22.728+0000] {dag.py:3823} INFO - Setting next_dagrun for example_external_task_marker_child to None, run_after=None
[2025-11-17T01:01:22.733+0000] {logging_mixin.py:188} INFO - [2025-11-17T01:01:22.732+0000] {dag.py:3823} INFO - Setting next_dagrun for example_external_task_marker_parent to None, run_after=None
[2025-11-17T01:01:22.756+0000] {processor.py:183} INFO - Processing /home/airflow/.local/lib/python3.8/site-packages/airflow/example_dags/example_external_task_marker_dag.py took 0.081 seconds
[2025-11-17T01:01:53.603+0000] {processor.py:161} INFO - Started process (PID=2411) to work on /home/airflow/.local/lib/python3.8/site-packages/airflow/example_dags/example_external_task_marker_dag.py
[2025-11-17T01:01:53.604+0000] {processor.py:830} INFO - Processing file /home/airflow/.local/lib/python3.8/site-packages/airflow/example_dags/example_external_task_marker_dag.py for tasks to queue
[2025-11-17T01:01:53.605+0000] {logging_mixin.py:188} INFO - [2025-11-17T01:01:53.605+0000] {dagbag.py:538} INFO - Filling up the DagBag from /home/airflow/.local/lib/python3.8/site-packages/airflow/example_dags/example_external_task_marker_dag.py
[2025-11-17T01:01:53.611+0000] {processor.py:840} INFO - DAG(s) 'example_external_task_marker_child', 'example_external_task_marker_parent' retrieved from /home/airflow/.local/lib/python3.8/site-packages/airflow/example_dags/example_external_task_marker_dag.py
[2025-11-17T01:01:53.640+0000] {logging_mixin.py:188} INFO - [2025-11-17T01:01:53.639+0000] {dag.py:3036} INFO - Sync 2 DAGs
[2025-11-17T01:01:53.652+0000] {logging_mixin.py:188} INFO - [2025-11-17T01:01:53.652+0000] {dag.py:3823} INFO - Setting next_dagrun for example_external_task_marker_child to None, run_after=None
[2025-11-17T01:01:53.656+0000] {logging_mixin.py:188} INFO - [2025-11-17T01:01:53.656+0000] {dag.py:3823} INFO - Setting next_dagrun for example_external_task_marker_parent to None, run_after=None
[2025-11-17T01:01:53.679+0000] {processor.py:183} INFO - Processing /home/airflow/.local/lib/python3.8/site-packages/airflow/example_dags/example_external_task_marker_dag.py took 0.079 seconds
[2025-11-17T01:02:24.326+0000] {processor.py:161} INFO - Started process (PID=2492) to work on /home/airflow/.local/lib/python3.8/site-packages/airflow/example_dags/example_external_task_marker_dag.py
[2025-11-17T01:02:24.327+0000] {processor.py:830} INFO - Processing file /home/airflow/.local/lib/python3.8/site-packages/airflow/example_dags/example_external_task_marker_dag.py for tasks to queue
[2025-11-17T01:02:24.329+0000] {logging_mixin.py:188} INFO - [2025-11-17T01:02:24.328+0000] {dagbag.py:538} INFO - Filling up the DagBag from /home/airflow/.local/lib/python3.8/site-packages/airflow/example_dags/example_external_task_marker_dag.py
[2025-11-17T01:02:24.334+0000] {processor.py:840} INFO - DAG(s) 'example_external_task_marker_parent', 'example_external_task_marker_child' retrieved from /home/airflow/.local/lib/python3.8/site-packages/airflow/example_dags/example_external_task_marker_dag.py
[2025-11-17T01:02:24.363+0000] {logging_mixin.py:188} INFO - [2025-11-17T01:02:24.363+0000] {dag.py:3036} INFO - Sync 2 DAGs
[2025-11-17T01:02:24.376+0000] {logging_mixin.py:188} INFO - [2025-11-17T01:02:24.375+0000] {dag.py:3823} INFO - Setting next_dagrun for example_external_task_marker_child to None, run_after=None
[2025-11-17T01:02:24.381+0000] {logging_mixin.py:188} INFO - [2025-11-17T01:02:24.380+0000] {dag.py:3823} INFO - Setting next_dagrun for example_external_task_marker_parent to None, run_after=None
[2025-11-17T01:02:24.409+0000] {processor.py:183} INFO - Processing /home/airflow/.local/lib/python3.8/site-packages/airflow/example_dags/example_external_task_marker_dag.py took 0.085 seconds
[2025-11-17T01:02:54.698+0000] {processor.py:161} INFO - Started process (PID=2573) to work on /home/airflow/.local/lib/python3.8/site-packages/airflow/example_dags/example_external_task_marker_dag.py
[2025-11-17T01:02:54.699+0000] {processor.py:830} INFO - Processing file /home/airflow/.local/lib/python3.8/site-packages/airflow/example_dags/example_external_task_marker_dag.py for tasks to queue
[2025-11-17T01:02:54.701+0000] {logging_mixin.py:188} INFO - [2025-11-17T01:02:54.700+0000] {dagbag.py:538} INFO - Filling up the DagBag from /home/airflow/.local/lib/python3.8/site-packages/airflow/example_dags/example_external_task_marker_dag.py
[2025-11-17T01:02:54.707+0000] {processor.py:840} INFO - DAG(s) 'example_external_task_marker_parent', 'example_external_task_marker_child' retrieved from /home/airflow/.local/lib/python3.8/site-packages/airflow/example_dags/example_external_task_marker_dag.py
[2025-11-17T01:02:54.737+0000] {logging_mixin.py:188} INFO - [2025-11-17T01:02:54.737+0000] {dag.py:3036} INFO - Sync 2 DAGs
[2025-11-17T01:02:54.752+0000] {logging_mixin.py:188} INFO - [2025-11-17T01:02:54.751+0000] {dag.py:3823} INFO - Setting next_dagrun for example_external_task_marker_child to None, run_after=None
[2025-11-17T01:02:54.757+0000] {logging_mixin.py:188} INFO - [2025-11-17T01:02:54.756+0000] {dag.py:3823} INFO - Setting next_dagrun for example_external_task_marker_parent to None, run_after=None
[2025-11-17T01:02:54.780+0000] {processor.py:183} INFO - Processing /home/airflow/.local/lib/python3.8/site-packages/airflow/example_dags/example_external_task_marker_dag.py took 0.085 seconds
[2025-11-17T01:03:25.102+0000] {processor.py:161} INFO - Started process (PID=2669) to work on /home/airflow/.local/lib/python3.8/site-packages/airflow/example_dags/example_external_task_marker_dag.py
[2025-11-17T01:03:25.102+0000] {processor.py:830} INFO - Processing file /home/airflow/.local/lib/python3.8/site-packages/airflow/example_dags/example_external_task_marker_dag.py for tasks to queue
[2025-11-17T01:03:25.104+0000] {logging_mixin.py:188} INFO - [2025-11-17T01:03:25.103+0000] {dagbag.py:538} INFO - Filling up the DagBag from /home/airflow/.local/lib/python3.8/site-packages/airflow/example_dags/example_external_task_marker_dag.py
[2025-11-17T01:03:25.110+0000] {processor.py:840} INFO - DAG(s) 'example_external_task_marker_parent', 'example_external_task_marker_child' retrieved from /home/airflow/.local/lib/python3.8/site-packages/airflow/example_dags/example_external_task_marker_dag.py
[2025-11-17T01:03:25.141+0000] {logging_mixin.py:188} INFO - [2025-11-17T01:03:25.141+0000] {dag.py:3036} INFO - Sync 2 DAGs
[2025-11-17T01:03:25.155+0000] {logging_mixin.py:188} INFO - [2025-11-17T01:03:25.154+0000] {dag.py:3823} INFO - Setting next_dagrun for example_external_task_marker_child to None, run_after=None
[2025-11-17T01:03:25.159+0000] {logging_mixin.py:188} INFO - [2025-11-17T01:03:25.159+0000] {dag.py:3823} INFO - Setting next_dagrun for example_external_task_marker_parent to None, run_after=None
[2025-11-17T01:03:25.182+0000] {processor.py:183} INFO - Processing /home/airflow/.local/lib/python3.8/site-packages/airflow/example_dags/example_external_task_marker_dag.py took 0.084 seconds
[2025-11-17T01:03:55.812+0000] {processor.py:161} INFO - Started process (PID=2751) to work on /home/airflow/.local/lib/python3.8/site-packages/airflow/example_dags/example_external_task_marker_dag.py
[2025-11-17T01:03:55.813+0000] {processor.py:830} INFO - Processing file /home/airflow/.local/lib/python3.8/site-packages/airflow/example_dags/example_external_task_marker_dag.py for tasks to queue
[2025-11-17T01:03:55.814+0000] {logging_mixin.py:188} INFO - [2025-11-17T01:03:55.814+0000] {dagbag.py:538} INFO - Filling up the DagBag from /home/airflow/.local/lib/python3.8/site-packages/airflow/example_dags/example_external_task_marker_dag.py
[2025-11-17T01:03:55.821+0000] {processor.py:840} INFO - DAG(s) 'example_external_task_marker_child', 'example_external_task_marker_parent' retrieved from /home/airflow/.local/lib/python3.8/site-packages/airflow/example_dags/example_external_task_marker_dag.py
[2025-11-17T01:03:55.850+0000] {logging_mixin.py:188} INFO - [2025-11-17T01:03:55.850+0000] {dag.py:3036} INFO - Sync 2 DAGs
[2025-11-17T01:03:55.863+0000] {logging_mixin.py:188} INFO - [2025-11-17T01:03:55.863+0000] {dag.py:3823} INFO - Setting next_dagrun for example_external_task_marker_child to None, run_after=None
[2025-11-17T01:03:55.868+0000] {logging_mixin.py:188} INFO - [2025-11-17T01:03:55.868+0000] {dag.py:3823} INFO - Setting next_dagrun for example_external_task_marker_parent to None, run_after=None
[2025-11-17T01:03:55.891+0000] {processor.py:183} INFO - Processing /home/airflow/.local/lib/python3.8/site-packages/airflow/example_dags/example_external_task_marker_dag.py took 0.083 seconds
[2025-11-17T01:04:26.333+0000] {processor.py:161} INFO - Started process (PID=2840) to work on /home/airflow/.local/lib/python3.8/site-packages/airflow/example_dags/example_external_task_marker_dag.py
[2025-11-17T01:04:26.334+0000] {processor.py:830} INFO - Processing file /home/airflow/.local/lib/python3.8/site-packages/airflow/example_dags/example_external_task_marker_dag.py for tasks to queue
[2025-11-17T01:04:26.336+0000] {logging_mixin.py:188} INFO - [2025-11-17T01:04:26.335+0000] {dagbag.py:538} INFO - Filling up the DagBag from /home/airflow/.local/lib/python3.8/site-packages/airflow/example_dags/example_external_task_marker_dag.py
[2025-11-17T01:04:26.345+0000] {processor.py:840} INFO - DAG(s) 'example_external_task_marker_parent', 'example_external_task_marker_child' retrieved from /home/airflow/.local/lib/python3.8/site-packages/airflow/example_dags/example_external_task_marker_dag.py
[2025-11-17T01:04:26.389+0000] {logging_mixin.py:188} INFO - [2025-11-17T01:04:26.388+0000] {dag.py:3036} INFO - Sync 2 DAGs
[2025-11-17T01:04:26.420+0000] {logging_mixin.py:188} INFO - [2025-11-17T01:04:26.419+0000] {dag.py:3823} INFO - Setting next_dagrun for example_external_task_marker_child to None, run_after=None
[2025-11-17T01:04:26.430+0000] {logging_mixin.py:188} INFO - [2025-11-17T01:04:26.430+0000] {dag.py:3823} INFO - Setting next_dagrun for example_external_task_marker_parent to None, run_after=None
[2025-11-17T01:04:26.463+0000] {processor.py:183} INFO - Processing /home/airflow/.local/lib/python3.8/site-packages/airflow/example_dags/example_external_task_marker_dag.py took 0.148 seconds
[2025-11-17T01:04:56.681+0000] {processor.py:161} INFO - Started process (PID=2930) to work on /home/airflow/.local/lib/python3.8/site-packages/airflow/example_dags/example_external_task_marker_dag.py
[2025-11-17T01:04:56.682+0000] {processor.py:830} INFO - Processing file /home/airflow/.local/lib/python3.8/site-packages/airflow/example_dags/example_external_task_marker_dag.py for tasks to queue
[2025-11-17T01:04:56.684+0000] {logging_mixin.py:188} INFO - [2025-11-17T01:04:56.684+0000] {dagbag.py:538} INFO - Filling up the DagBag from /home/airflow/.local/lib/python3.8/site-packages/airflow/example_dags/example_external_task_marker_dag.py
[2025-11-17T01:04:56.715+0000] {processor.py:840} INFO - DAG(s) 'example_external_task_marker_parent', 'example_external_task_marker_child' retrieved from /home/airflow/.local/lib/python3.8/site-packages/airflow/example_dags/example_external_task_marker_dag.py
[2025-11-17T01:04:56.828+0000] {logging_mixin.py:188} INFO - [2025-11-17T01:04:56.827+0000] {dag.py:3036} INFO - Sync 2 DAGs
[2025-11-17T01:04:56.909+0000] {logging_mixin.py:188} INFO - [2025-11-17T01:04:56.908+0000] {dag.py:3823} INFO - Setting next_dagrun for example_external_task_marker_child to None, run_after=None
[2025-11-17T01:04:56.930+0000] {logging_mixin.py:188} INFO - [2025-11-17T01:04:56.930+0000] {dag.py:3823} INFO - Setting next_dagrun for example_external_task_marker_parent to None, run_after=None
[2025-11-17T01:04:56.962+0000] {processor.py:183} INFO - Processing /home/airflow/.local/lib/python3.8/site-packages/airflow/example_dags/example_external_task_marker_dag.py took 0.290 seconds
