[2025-11-17T00:58:46.772+0000] {processor.py:161} INFO - Started process (PID=1885) to work on /home/airflow/.local/lib/python3.8/site-packages/airflow/example_dags/example_branch_labels.py
[2025-11-17T00:58:46.773+0000] {processor.py:830} INFO - Processing file /home/airflow/.local/lib/python3.8/site-packages/airflow/example_dags/example_branch_labels.py for tasks to queue
[2025-11-17T00:58:46.774+0000] {logging_mixin.py:188} INFO - [2025-11-17T00:58:46.774+0000] {dagbag.py:538} INFO - Filling up the DagBag from /home/airflow/.local/lib/python3.8/site-packages/airflow/example_dags/example_branch_labels.py
[2025-11-17T00:58:46.783+0000] {processor.py:840} INFO - DAG(s) 'example_branch_labels' retrieved from /home/airflow/.local/lib/python3.8/site-packages/airflow/example_dags/example_branch_labels.py
[2025-11-17T00:58:46.815+0000] {logging_mixin.py:188} INFO - [2025-11-17T00:58:46.815+0000] {dag.py:3036} INFO - Sync 1 DAGs
[2025-11-17T00:58:46.872+0000] {logging_mixin.py:188} INFO - [2025-11-17T00:58:46.872+0000] {dag.py:3823} INFO - Setting next_dagrun for example_branch_labels to 2025-11-16 00:00:00+00:00, run_after=2025-11-17 00:00:00+00:00
[2025-11-17T00:58:46.924+0000] {processor.py:183} INFO - Processing /home/airflow/.local/lib/python3.8/site-packages/airflow/example_dags/example_branch_labels.py took 0.156 seconds
[2025-11-17T00:59:17.478+0000] {processor.py:161} INFO - Started process (PID=1956) to work on /home/airflow/.local/lib/python3.8/site-packages/airflow/example_dags/example_branch_labels.py
[2025-11-17T00:59:17.480+0000] {processor.py:830} INFO - Processing file /home/airflow/.local/lib/python3.8/site-packages/airflow/example_dags/example_branch_labels.py for tasks to queue
[2025-11-17T00:59:17.482+0000] {logging_mixin.py:188} INFO - [2025-11-17T00:59:17.481+0000] {dagbag.py:538} INFO - Filling up the DagBag from /home/airflow/.local/lib/python3.8/site-packages/airflow/example_dags/example_branch_labels.py
[2025-11-17T00:59:17.495+0000] {processor.py:840} INFO - DAG(s) 'example_branch_labels' retrieved from /home/airflow/.local/lib/python3.8/site-packages/airflow/example_dags/example_branch_labels.py
[2025-11-17T00:59:17.532+0000] {logging_mixin.py:188} INFO - [2025-11-17T00:59:17.532+0000] {dag.py:3036} INFO - Sync 1 DAGs
[2025-11-17T00:59:17.583+0000] {logging_mixin.py:188} INFO - [2025-11-17T00:59:17.583+0000] {dag.py:3823} INFO - Setting next_dagrun for example_branch_labels to 2025-11-16 00:00:00+00:00, run_after=2025-11-17 00:00:00+00:00
[2025-11-17T00:59:17.617+0000] {processor.py:183} INFO - Processing /home/airflow/.local/lib/python3.8/site-packages/airflow/example_dags/example_branch_labels.py took 0.144 seconds
[2025-11-17T00:59:47.843+0000] {processor.py:161} INFO - Started process (PID=2044) to work on /home/airflow/.local/lib/python3.8/site-packages/airflow/example_dags/example_branch_labels.py
[2025-11-17T00:59:47.844+0000] {processor.py:830} INFO - Processing file /home/airflow/.local/lib/python3.8/site-packages/airflow/example_dags/example_branch_labels.py for tasks to queue
[2025-11-17T00:59:47.845+0000] {logging_mixin.py:188} INFO - [2025-11-17T00:59:47.845+0000] {dagbag.py:538} INFO - Filling up the DagBag from /home/airflow/.local/lib/python3.8/site-packages/airflow/example_dags/example_branch_labels.py
[2025-11-17T00:59:47.852+0000] {processor.py:840} INFO - DAG(s) 'example_branch_labels' retrieved from /home/airflow/.local/lib/python3.8/site-packages/airflow/example_dags/example_branch_labels.py
[2025-11-17T00:59:47.880+0000] {logging_mixin.py:188} INFO - [2025-11-17T00:59:47.879+0000] {dag.py:3036} INFO - Sync 1 DAGs
[2025-11-17T00:59:47.904+0000] {logging_mixin.py:188} INFO - [2025-11-17T00:59:47.904+0000] {dag.py:3823} INFO - Setting next_dagrun for example_branch_labels to 2025-11-16 00:00:00+00:00, run_after=2025-11-17 00:00:00+00:00
[2025-11-17T00:59:47.928+0000] {processor.py:183} INFO - Processing /home/airflow/.local/lib/python3.8/site-packages/airflow/example_dags/example_branch_labels.py took 0.088 seconds
[2025-11-17T01:00:18.013+0000] {processor.py:161} INFO - Started process (PID=2125) to work on /home/airflow/.local/lib/python3.8/site-packages/airflow/example_dags/example_branch_labels.py
[2025-11-17T01:00:18.014+0000] {processor.py:830} INFO - Processing file /home/airflow/.local/lib/python3.8/site-packages/airflow/example_dags/example_branch_labels.py for tasks to queue
[2025-11-17T01:00:18.016+0000] {logging_mixin.py:188} INFO - [2025-11-17T01:00:18.016+0000] {dagbag.py:538} INFO - Filling up the DagBag from /home/airflow/.local/lib/python3.8/site-packages/airflow/example_dags/example_branch_labels.py
[2025-11-17T01:00:18.026+0000] {processor.py:840} INFO - DAG(s) 'example_branch_labels' retrieved from /home/airflow/.local/lib/python3.8/site-packages/airflow/example_dags/example_branch_labels.py
[2025-11-17T01:00:18.057+0000] {logging_mixin.py:188} INFO - [2025-11-17T01:00:18.057+0000] {dag.py:3036} INFO - Sync 1 DAGs
[2025-11-17T01:00:18.087+0000] {logging_mixin.py:188} INFO - [2025-11-17T01:00:18.087+0000] {dag.py:3823} INFO - Setting next_dagrun for example_branch_labels to 2025-11-16 00:00:00+00:00, run_after=2025-11-17 00:00:00+00:00
[2025-11-17T01:00:18.110+0000] {processor.py:183} INFO - Processing /home/airflow/.local/lib/python3.8/site-packages/airflow/example_dags/example_branch_labels.py took 0.101 seconds
[2025-11-17T01:00:48.322+0000] {processor.py:161} INFO - Started process (PID=2221) to work on /home/airflow/.local/lib/python3.8/site-packages/airflow/example_dags/example_branch_labels.py
[2025-11-17T01:00:48.328+0000] {processor.py:830} INFO - Processing file /home/airflow/.local/lib/python3.8/site-packages/airflow/example_dags/example_branch_labels.py for tasks to queue
[2025-11-17T01:00:48.329+0000] {logging_mixin.py:188} INFO - [2025-11-17T01:00:48.329+0000] {dagbag.py:538} INFO - Filling up the DagBag from /home/airflow/.local/lib/python3.8/site-packages/airflow/example_dags/example_branch_labels.py
[2025-11-17T01:00:48.344+0000] {processor.py:840} INFO - DAG(s) 'example_branch_labels' retrieved from /home/airflow/.local/lib/python3.8/site-packages/airflow/example_dags/example_branch_labels.py
[2025-11-17T01:00:48.394+0000] {logging_mixin.py:188} INFO - [2025-11-17T01:00:48.393+0000] {dag.py:3036} INFO - Sync 1 DAGs
[2025-11-17T01:00:48.424+0000] {logging_mixin.py:188} INFO - [2025-11-17T01:00:48.424+0000] {dag.py:3823} INFO - Setting next_dagrun for example_branch_labels to 2025-11-16 00:00:00+00:00, run_after=2025-11-17 00:00:00+00:00
[2025-11-17T01:00:48.457+0000] {processor.py:183} INFO - Processing /home/airflow/.local/lib/python3.8/site-packages/airflow/example_dags/example_branch_labels.py took 0.138 seconds
[2025-11-17T01:01:18.890+0000] {processor.py:161} INFO - Started process (PID=2302) to work on /home/airflow/.local/lib/python3.8/site-packages/airflow/example_dags/example_branch_labels.py
[2025-11-17T01:01:18.891+0000] {processor.py:830} INFO - Processing file /home/airflow/.local/lib/python3.8/site-packages/airflow/example_dags/example_branch_labels.py for tasks to queue
[2025-11-17T01:01:18.892+0000] {logging_mixin.py:188} INFO - [2025-11-17T01:01:18.892+0000] {dagbag.py:538} INFO - Filling up the DagBag from /home/airflow/.local/lib/python3.8/site-packages/airflow/example_dags/example_branch_labels.py
[2025-11-17T01:01:18.901+0000] {processor.py:840} INFO - DAG(s) 'example_branch_labels' retrieved from /home/airflow/.local/lib/python3.8/site-packages/airflow/example_dags/example_branch_labels.py
[2025-11-17T01:01:18.930+0000] {logging_mixin.py:188} INFO - [2025-11-17T01:01:18.930+0000] {dag.py:3036} INFO - Sync 1 DAGs
[2025-11-17T01:01:18.961+0000] {logging_mixin.py:188} INFO - [2025-11-17T01:01:18.960+0000] {dag.py:3823} INFO - Setting next_dagrun for example_branch_labels to 2025-11-16 00:00:00+00:00, run_after=2025-11-17 00:00:00+00:00
[2025-11-17T01:01:18.991+0000] {processor.py:183} INFO - Processing /home/airflow/.local/lib/python3.8/site-packages/airflow/example_dags/example_branch_labels.py took 0.104 seconds
[2025-11-17T01:01:49.618+0000] {processor.py:161} INFO - Started process (PID=2383) to work on /home/airflow/.local/lib/python3.8/site-packages/airflow/example_dags/example_branch_labels.py
[2025-11-17T01:01:49.619+0000] {processor.py:830} INFO - Processing file /home/airflow/.local/lib/python3.8/site-packages/airflow/example_dags/example_branch_labels.py for tasks to queue
[2025-11-17T01:01:49.620+0000] {logging_mixin.py:188} INFO - [2025-11-17T01:01:49.620+0000] {dagbag.py:538} INFO - Filling up the DagBag from /home/airflow/.local/lib/python3.8/site-packages/airflow/example_dags/example_branch_labels.py
[2025-11-17T01:01:49.628+0000] {processor.py:840} INFO - DAG(s) 'example_branch_labels' retrieved from /home/airflow/.local/lib/python3.8/site-packages/airflow/example_dags/example_branch_labels.py
[2025-11-17T01:01:49.672+0000] {logging_mixin.py:188} INFO - [2025-11-17T01:01:49.671+0000] {dag.py:3036} INFO - Sync 1 DAGs
[2025-11-17T01:01:49.696+0000] {logging_mixin.py:188} INFO - [2025-11-17T01:01:49.695+0000] {dag.py:3823} INFO - Setting next_dagrun for example_branch_labels to 2025-11-16 00:00:00+00:00, run_after=2025-11-17 00:00:00+00:00
[2025-11-17T01:01:49.718+0000] {processor.py:183} INFO - Processing /home/airflow/.local/lib/python3.8/site-packages/airflow/example_dags/example_branch_labels.py took 0.104 seconds
[2025-11-17T01:02:20.467+0000] {processor.py:161} INFO - Started process (PID=2479) to work on /home/airflow/.local/lib/python3.8/site-packages/airflow/example_dags/example_branch_labels.py
[2025-11-17T01:02:20.468+0000] {processor.py:830} INFO - Processing file /home/airflow/.local/lib/python3.8/site-packages/airflow/example_dags/example_branch_labels.py for tasks to queue
[2025-11-17T01:02:20.469+0000] {logging_mixin.py:188} INFO - [2025-11-17T01:02:20.469+0000] {dagbag.py:538} INFO - Filling up the DagBag from /home/airflow/.local/lib/python3.8/site-packages/airflow/example_dags/example_branch_labels.py
[2025-11-17T01:02:20.477+0000] {processor.py:840} INFO - DAG(s) 'example_branch_labels' retrieved from /home/airflow/.local/lib/python3.8/site-packages/airflow/example_dags/example_branch_labels.py
[2025-11-17T01:02:20.502+0000] {logging_mixin.py:188} INFO - [2025-11-17T01:02:20.501+0000] {dag.py:3036} INFO - Sync 1 DAGs
[2025-11-17T01:02:20.527+0000] {logging_mixin.py:188} INFO - [2025-11-17T01:02:20.526+0000] {dag.py:3823} INFO - Setting next_dagrun for example_branch_labels to 2025-11-16 00:00:00+00:00, run_after=2025-11-17 00:00:00+00:00
[2025-11-17T01:02:20.550+0000] {processor.py:183} INFO - Processing /home/airflow/.local/lib/python3.8/site-packages/airflow/example_dags/example_branch_labels.py took 0.087 seconds
[2025-11-17T01:02:50.816+0000] {processor.py:161} INFO - Started process (PID=2560) to work on /home/airflow/.local/lib/python3.8/site-packages/airflow/example_dags/example_branch_labels.py
[2025-11-17T01:02:50.817+0000] {processor.py:830} INFO - Processing file /home/airflow/.local/lib/python3.8/site-packages/airflow/example_dags/example_branch_labels.py for tasks to queue
[2025-11-17T01:02:50.819+0000] {logging_mixin.py:188} INFO - [2025-11-17T01:02:50.818+0000] {dagbag.py:538} INFO - Filling up the DagBag from /home/airflow/.local/lib/python3.8/site-packages/airflow/example_dags/example_branch_labels.py
[2025-11-17T01:02:50.828+0000] {processor.py:840} INFO - DAG(s) 'example_branch_labels' retrieved from /home/airflow/.local/lib/python3.8/site-packages/airflow/example_dags/example_branch_labels.py
[2025-11-17T01:02:50.856+0000] {logging_mixin.py:188} INFO - [2025-11-17T01:02:50.856+0000] {dag.py:3036} INFO - Sync 1 DAGs
[2025-11-17T01:02:50.878+0000] {logging_mixin.py:188} INFO - [2025-11-17T01:02:50.878+0000] {dag.py:3823} INFO - Setting next_dagrun for example_branch_labels to 2025-11-16 00:00:00+00:00, run_after=2025-11-17 00:00:00+00:00
[2025-11-17T01:02:50.903+0000] {processor.py:183} INFO - Processing /home/airflow/.local/lib/python3.8/site-packages/airflow/example_dags/example_branch_labels.py took 0.091 seconds
[2025-11-17T01:03:21.100+0000] {processor.py:161} INFO - Started process (PID=2648) to work on /home/airflow/.local/lib/python3.8/site-packages/airflow/example_dags/example_branch_labels.py
[2025-11-17T01:03:21.101+0000] {processor.py:830} INFO - Processing file /home/airflow/.local/lib/python3.8/site-packages/airflow/example_dags/example_branch_labels.py for tasks to queue
[2025-11-17T01:03:21.103+0000] {logging_mixin.py:188} INFO - [2025-11-17T01:03:21.102+0000] {dagbag.py:538} INFO - Filling up the DagBag from /home/airflow/.local/lib/python3.8/site-packages/airflow/example_dags/example_branch_labels.py
[2025-11-17T01:03:21.117+0000] {processor.py:840} INFO - DAG(s) 'example_branch_labels' retrieved from /home/airflow/.local/lib/python3.8/site-packages/airflow/example_dags/example_branch_labels.py
[2025-11-17T01:03:21.153+0000] {logging_mixin.py:188} INFO - [2025-11-17T01:03:21.152+0000] {dag.py:3036} INFO - Sync 1 DAGs
[2025-11-17T01:03:21.192+0000] {logging_mixin.py:188} INFO - [2025-11-17T01:03:21.192+0000] {dag.py:3823} INFO - Setting next_dagrun for example_branch_labels to 2025-11-16 00:00:00+00:00, run_after=2025-11-17 00:00:00+00:00
[2025-11-17T01:03:21.226+0000] {processor.py:183} INFO - Processing /home/airflow/.local/lib/python3.8/site-packages/airflow/example_dags/example_branch_labels.py took 0.132 seconds
[2025-11-17T01:03:51.900+0000] {processor.py:161} INFO - Started process (PID=2738) to work on /home/airflow/.local/lib/python3.8/site-packages/airflow/example_dags/example_branch_labels.py
[2025-11-17T01:03:51.901+0000] {processor.py:830} INFO - Processing file /home/airflow/.local/lib/python3.8/site-packages/airflow/example_dags/example_branch_labels.py for tasks to queue
[2025-11-17T01:03:51.902+0000] {logging_mixin.py:188} INFO - [2025-11-17T01:03:51.902+0000] {dagbag.py:538} INFO - Filling up the DagBag from /home/airflow/.local/lib/python3.8/site-packages/airflow/example_dags/example_branch_labels.py
[2025-11-17T01:03:51.911+0000] {processor.py:840} INFO - DAG(s) 'example_branch_labels' retrieved from /home/airflow/.local/lib/python3.8/site-packages/airflow/example_dags/example_branch_labels.py
[2025-11-17T01:03:51.938+0000] {logging_mixin.py:188} INFO - [2025-11-17T01:03:51.938+0000] {dag.py:3036} INFO - Sync 1 DAGs
[2025-11-17T01:03:51.967+0000] {logging_mixin.py:188} INFO - [2025-11-17T01:03:51.967+0000] {dag.py:3823} INFO - Setting next_dagrun for example_branch_labels to 2025-11-16 00:00:00+00:00, run_after=2025-11-17 00:00:00+00:00
[2025-11-17T01:03:51.990+0000] {processor.py:183} INFO - Processing /home/airflow/.local/lib/python3.8/site-packages/airflow/example_dags/example_branch_labels.py took 0.093 seconds
[2025-11-17T01:04:22.119+0000] {processor.py:161} INFO - Started process (PID=2819) to work on /home/airflow/.local/lib/python3.8/site-packages/airflow/example_dags/example_branch_labels.py
[2025-11-17T01:04:22.120+0000] {processor.py:830} INFO - Processing file /home/airflow/.local/lib/python3.8/site-packages/airflow/example_dags/example_branch_labels.py for tasks to queue
[2025-11-17T01:04:22.122+0000] {logging_mixin.py:188} INFO - [2025-11-17T01:04:22.122+0000] {dagbag.py:538} INFO - Filling up the DagBag from /home/airflow/.local/lib/python3.8/site-packages/airflow/example_dags/example_branch_labels.py
[2025-11-17T01:04:22.132+0000] {processor.py:840} INFO - DAG(s) 'example_branch_labels' retrieved from /home/airflow/.local/lib/python3.8/site-packages/airflow/example_dags/example_branch_labels.py
[2025-11-17T01:04:22.167+0000] {logging_mixin.py:188} INFO - [2025-11-17T01:04:22.167+0000] {dag.py:3036} INFO - Sync 1 DAGs
[2025-11-17T01:04:22.196+0000] {logging_mixin.py:188} INFO - [2025-11-17T01:04:22.196+0000] {dag.py:3823} INFO - Setting next_dagrun for example_branch_labels to 2025-11-16 00:00:00+00:00, run_after=2025-11-17 00:00:00+00:00
[2025-11-17T01:04:22.223+0000] {processor.py:183} INFO - Processing /home/airflow/.local/lib/python3.8/site-packages/airflow/example_dags/example_branch_labels.py took 0.107 seconds
[2025-11-17T01:04:52.478+0000] {processor.py:161} INFO - Started process (PID=2910) to work on /home/airflow/.local/lib/python3.8/site-packages/airflow/example_dags/example_branch_labels.py
[2025-11-17T01:04:52.479+0000] {processor.py:830} INFO - Processing file /home/airflow/.local/lib/python3.8/site-packages/airflow/example_dags/example_branch_labels.py for tasks to queue
[2025-11-17T01:04:52.480+0000] {logging_mixin.py:188} INFO - [2025-11-17T01:04:52.479+0000] {dagbag.py:538} INFO - Filling up the DagBag from /home/airflow/.local/lib/python3.8/site-packages/airflow/example_dags/example_branch_labels.py
[2025-11-17T01:04:52.489+0000] {processor.py:840} INFO - DAG(s) 'example_branch_labels' retrieved from /home/airflow/.local/lib/python3.8/site-packages/airflow/example_dags/example_branch_labels.py
[2025-11-17T01:04:52.523+0000] {logging_mixin.py:188} INFO - [2025-11-17T01:04:52.523+0000] {dag.py:3036} INFO - Sync 1 DAGs
[2025-11-17T01:04:52.593+0000] {logging_mixin.py:188} INFO - [2025-11-17T01:04:52.592+0000] {dag.py:3823} INFO - Setting next_dagrun for example_branch_labels to 2025-11-16 00:00:00+00:00, run_after=2025-11-17 00:00:00+00:00
[2025-11-17T01:04:52.617+0000] {processor.py:183} INFO - Processing /home/airflow/.local/lib/python3.8/site-packages/airflow/example_dags/example_branch_labels.py took 0.142 seconds
