[2025-11-17T00:58:45.513+0000] {processor.py:161} INFO - Started process (PID=1882) to work on /home/airflow/.local/lib/python3.8/site-packages/airflow/example_dags/example_branch_python_dop_operator_3.py
[2025-11-17T00:58:45.514+0000] {processor.py:830} INFO - Processing file /home/airflow/.local/lib/python3.8/site-packages/airflow/example_dags/example_branch_python_dop_operator_3.py for tasks to queue
[2025-11-17T00:58:45.517+0000] {logging_mixin.py:188} INFO - [2025-11-17T00:58:45.516+0000] {dagbag.py:538} INFO - Filling up the DagBag from /home/airflow/.local/lib/python3.8/site-packages/airflow/example_dags/example_branch_python_dop_operator_3.py
[2025-11-17T00:58:45.536+0000] {processor.py:840} INFO - DAG(s) 'example_branch_dop_operator_v3' retrieved from /home/airflow/.local/lib/python3.8/site-packages/airflow/example_dags/example_branch_python_dop_operator_3.py
[2025-11-17T00:58:45.579+0000] {logging_mixin.py:188} INFO - [2025-11-17T00:58:45.578+0000] {dag.py:3036} INFO - Sync 1 DAGs
[2025-11-17T00:58:45.631+0000] {logging_mixin.py:188} INFO - [2025-11-17T00:58:45.631+0000] {dag.py:3823} INFO - Setting next_dagrun for example_branch_dop_operator_v3 to 2025-11-17 00:57:00+00:00, run_after=2025-11-17 00:58:00+00:00
[2025-11-17T00:58:45.693+0000] {processor.py:183} INFO - Processing /home/airflow/.local/lib/python3.8/site-packages/airflow/example_dags/example_branch_python_dop_operator_3.py took 0.192 seconds
[2025-11-17T00:59:16.155+0000] {processor.py:161} INFO - Started process (PID=1952) to work on /home/airflow/.local/lib/python3.8/site-packages/airflow/example_dags/example_branch_python_dop_operator_3.py
[2025-11-17T00:59:16.157+0000] {processor.py:830} INFO - Processing file /home/airflow/.local/lib/python3.8/site-packages/airflow/example_dags/example_branch_python_dop_operator_3.py for tasks to queue
[2025-11-17T00:59:16.159+0000] {logging_mixin.py:188} INFO - [2025-11-17T00:59:16.158+0000] {dagbag.py:538} INFO - Filling up the DagBag from /home/airflow/.local/lib/python3.8/site-packages/airflow/example_dags/example_branch_python_dop_operator_3.py
[2025-11-17T00:59:16.176+0000] {processor.py:840} INFO - DAG(s) 'example_branch_dop_operator_v3' retrieved from /home/airflow/.local/lib/python3.8/site-packages/airflow/example_dags/example_branch_python_dop_operator_3.py
[2025-11-17T00:59:16.219+0000] {logging_mixin.py:188} INFO - [2025-11-17T00:59:16.218+0000] {dag.py:3036} INFO - Sync 1 DAGs
[2025-11-17T00:59:16.268+0000] {logging_mixin.py:188} INFO - [2025-11-17T00:59:16.268+0000] {dag.py:3823} INFO - Setting next_dagrun for example_branch_dop_operator_v3 to 2025-11-17 00:58:00+00:00, run_after=2025-11-17 00:59:00+00:00
[2025-11-17T00:59:16.309+0000] {processor.py:183} INFO - Processing /home/airflow/.local/lib/python3.8/site-packages/airflow/example_dags/example_branch_python_dop_operator_3.py took 0.160 seconds
[2025-11-17T00:59:46.382+0000] {processor.py:161} INFO - Started process (PID=2041) to work on /home/airflow/.local/lib/python3.8/site-packages/airflow/example_dags/example_branch_python_dop_operator_3.py
[2025-11-17T00:59:46.383+0000] {processor.py:830} INFO - Processing file /home/airflow/.local/lib/python3.8/site-packages/airflow/example_dags/example_branch_python_dop_operator_3.py for tasks to queue
[2025-11-17T00:59:46.384+0000] {logging_mixin.py:188} INFO - [2025-11-17T00:59:46.384+0000] {dagbag.py:538} INFO - Filling up the DagBag from /home/airflow/.local/lib/python3.8/site-packages/airflow/example_dags/example_branch_python_dop_operator_3.py
[2025-11-17T00:59:46.392+0000] {processor.py:840} INFO - DAG(s) 'example_branch_dop_operator_v3' retrieved from /home/airflow/.local/lib/python3.8/site-packages/airflow/example_dags/example_branch_python_dop_operator_3.py
[2025-11-17T00:59:46.418+0000] {logging_mixin.py:188} INFO - [2025-11-17T00:59:46.418+0000] {dag.py:3036} INFO - Sync 1 DAGs
[2025-11-17T00:59:46.444+0000] {logging_mixin.py:188} INFO - [2025-11-17T00:59:46.444+0000] {dag.py:3823} INFO - Setting next_dagrun for example_branch_dop_operator_v3 to 2025-11-17 00:58:00+00:00, run_after=2025-11-17 00:59:00+00:00
[2025-11-17T00:59:46.468+0000] {processor.py:183} INFO - Processing /home/airflow/.local/lib/python3.8/site-packages/airflow/example_dags/example_branch_python_dop_operator_3.py took 0.089 seconds
[2025-11-17T01:00:16.840+0000] {processor.py:161} INFO - Started process (PID=2122) to work on /home/airflow/.local/lib/python3.8/site-packages/airflow/example_dags/example_branch_python_dop_operator_3.py
[2025-11-17T01:00:16.841+0000] {processor.py:830} INFO - Processing file /home/airflow/.local/lib/python3.8/site-packages/airflow/example_dags/example_branch_python_dop_operator_3.py for tasks to queue
[2025-11-17T01:00:16.843+0000] {logging_mixin.py:188} INFO - [2025-11-17T01:00:16.842+0000] {dagbag.py:538} INFO - Filling up the DagBag from /home/airflow/.local/lib/python3.8/site-packages/airflow/example_dags/example_branch_python_dop_operator_3.py
[2025-11-17T01:00:16.851+0000] {processor.py:840} INFO - DAG(s) 'example_branch_dop_operator_v3' retrieved from /home/airflow/.local/lib/python3.8/site-packages/airflow/example_dags/example_branch_python_dop_operator_3.py
[2025-11-17T01:00:16.876+0000] {logging_mixin.py:188} INFO - [2025-11-17T01:00:16.876+0000] {dag.py:3036} INFO - Sync 1 DAGs
[2025-11-17T01:00:16.901+0000] {logging_mixin.py:188} INFO - [2025-11-17T01:00:16.900+0000] {dag.py:3823} INFO - Setting next_dagrun for example_branch_dop_operator_v3 to 2025-11-17 00:59:00+00:00, run_after=2025-11-17 01:00:00+00:00
[2025-11-17T01:00:16.924+0000] {processor.py:183} INFO - Processing /home/airflow/.local/lib/python3.8/site-packages/airflow/example_dags/example_branch_python_dop_operator_3.py took 0.086 seconds
[2025-11-17T01:00:47.067+0000] {processor.py:161} INFO - Started process (PID=2211) to work on /home/airflow/.local/lib/python3.8/site-packages/airflow/example_dags/example_branch_python_dop_operator_3.py
[2025-11-17T01:00:47.068+0000] {processor.py:830} INFO - Processing file /home/airflow/.local/lib/python3.8/site-packages/airflow/example_dags/example_branch_python_dop_operator_3.py for tasks to queue
[2025-11-17T01:00:47.069+0000] {logging_mixin.py:188} INFO - [2025-11-17T01:00:47.069+0000] {dagbag.py:538} INFO - Filling up the DagBag from /home/airflow/.local/lib/python3.8/site-packages/airflow/example_dags/example_branch_python_dop_operator_3.py
[2025-11-17T01:00:47.078+0000] {processor.py:840} INFO - DAG(s) 'example_branch_dop_operator_v3' retrieved from /home/airflow/.local/lib/python3.8/site-packages/airflow/example_dags/example_branch_python_dop_operator_3.py
[2025-11-17T01:00:47.105+0000] {logging_mixin.py:188} INFO - [2025-11-17T01:00:47.105+0000] {dag.py:3036} INFO - Sync 1 DAGs
[2025-11-17T01:00:47.139+0000] {logging_mixin.py:188} INFO - [2025-11-17T01:00:47.139+0000] {dag.py:3823} INFO - Setting next_dagrun for example_branch_dop_operator_v3 to 2025-11-17 00:59:00+00:00, run_after=2025-11-17 01:00:00+00:00
[2025-11-17T01:00:47.165+0000] {processor.py:183} INFO - Processing /home/airflow/.local/lib/python3.8/site-packages/airflow/example_dags/example_branch_python_dop_operator_3.py took 0.101 seconds
[2025-11-17T01:01:17.720+0000] {processor.py:161} INFO - Started process (PID=2299) to work on /home/airflow/.local/lib/python3.8/site-packages/airflow/example_dags/example_branch_python_dop_operator_3.py
[2025-11-17T01:01:17.721+0000] {processor.py:830} INFO - Processing file /home/airflow/.local/lib/python3.8/site-packages/airflow/example_dags/example_branch_python_dop_operator_3.py for tasks to queue
[2025-11-17T01:01:17.722+0000] {logging_mixin.py:188} INFO - [2025-11-17T01:01:17.722+0000] {dagbag.py:538} INFO - Filling up the DagBag from /home/airflow/.local/lib/python3.8/site-packages/airflow/example_dags/example_branch_python_dop_operator_3.py
[2025-11-17T01:01:17.732+0000] {processor.py:840} INFO - DAG(s) 'example_branch_dop_operator_v3' retrieved from /home/airflow/.local/lib/python3.8/site-packages/airflow/example_dags/example_branch_python_dop_operator_3.py
[2025-11-17T01:01:17.753+0000] {logging_mixin.py:188} INFO - [2025-11-17T01:01:17.753+0000] {dag.py:3036} INFO - Sync 1 DAGs
[2025-11-17T01:01:17.776+0000] {logging_mixin.py:188} INFO - [2025-11-17T01:01:17.776+0000] {dag.py:3823} INFO - Setting next_dagrun for example_branch_dop_operator_v3 to 2025-11-17 01:00:00+00:00, run_after=2025-11-17 01:01:00+00:00
[2025-11-17T01:01:17.797+0000] {processor.py:183} INFO - Processing /home/airflow/.local/lib/python3.8/site-packages/airflow/example_dags/example_branch_python_dop_operator_3.py took 0.080 seconds
[2025-11-17T01:01:48.451+0000] {processor.py:161} INFO - Started process (PID=2380) to work on /home/airflow/.local/lib/python3.8/site-packages/airflow/example_dags/example_branch_python_dop_operator_3.py
[2025-11-17T01:01:48.452+0000] {processor.py:830} INFO - Processing file /home/airflow/.local/lib/python3.8/site-packages/airflow/example_dags/example_branch_python_dop_operator_3.py for tasks to queue
[2025-11-17T01:01:48.453+0000] {logging_mixin.py:188} INFO - [2025-11-17T01:01:48.452+0000] {dagbag.py:538} INFO - Filling up the DagBag from /home/airflow/.local/lib/python3.8/site-packages/airflow/example_dags/example_branch_python_dop_operator_3.py
[2025-11-17T01:01:48.461+0000] {processor.py:840} INFO - DAG(s) 'example_branch_dop_operator_v3' retrieved from /home/airflow/.local/lib/python3.8/site-packages/airflow/example_dags/example_branch_python_dop_operator_3.py
[2025-11-17T01:01:48.483+0000] {logging_mixin.py:188} INFO - [2025-11-17T01:01:48.482+0000] {dag.py:3036} INFO - Sync 1 DAGs
[2025-11-17T01:01:48.505+0000] {logging_mixin.py:188} INFO - [2025-11-17T01:01:48.505+0000] {dag.py:3823} INFO - Setting next_dagrun for example_branch_dop_operator_v3 to 2025-11-17 01:00:00+00:00, run_after=2025-11-17 01:01:00+00:00
[2025-11-17T01:01:48.528+0000] {processor.py:183} INFO - Processing /home/airflow/.local/lib/python3.8/site-packages/airflow/example_dags/example_branch_python_dop_operator_3.py took 0.079 seconds
[2025-11-17T01:02:19.298+0000] {processor.py:161} INFO - Started process (PID=2476) to work on /home/airflow/.local/lib/python3.8/site-packages/airflow/example_dags/example_branch_python_dop_operator_3.py
[2025-11-17T01:02:19.302+0000] {processor.py:830} INFO - Processing file /home/airflow/.local/lib/python3.8/site-packages/airflow/example_dags/example_branch_python_dop_operator_3.py for tasks to queue
[2025-11-17T01:02:19.304+0000] {logging_mixin.py:188} INFO - [2025-11-17T01:02:19.303+0000] {dagbag.py:538} INFO - Filling up the DagBag from /home/airflow/.local/lib/python3.8/site-packages/airflow/example_dags/example_branch_python_dop_operator_3.py
[2025-11-17T01:02:19.321+0000] {processor.py:840} INFO - DAG(s) 'example_branch_dop_operator_v3' retrieved from /home/airflow/.local/lib/python3.8/site-packages/airflow/example_dags/example_branch_python_dop_operator_3.py
[2025-11-17T01:02:19.349+0000] {logging_mixin.py:188} INFO - [2025-11-17T01:02:19.349+0000] {dag.py:3036} INFO - Sync 1 DAGs
[2025-11-17T01:02:19.380+0000] {logging_mixin.py:188} INFO - [2025-11-17T01:02:19.380+0000] {dag.py:3823} INFO - Setting next_dagrun for example_branch_dop_operator_v3 to 2025-11-17 01:01:00+00:00, run_after=2025-11-17 01:02:00+00:00
[2025-11-17T01:02:19.408+0000] {processor.py:183} INFO - Processing /home/airflow/.local/lib/python3.8/site-packages/airflow/example_dags/example_branch_python_dop_operator_3.py took 0.114 seconds
[2025-11-17T01:02:49.639+0000] {processor.py:161} INFO - Started process (PID=2557) to work on /home/airflow/.local/lib/python3.8/site-packages/airflow/example_dags/example_branch_python_dop_operator_3.py
[2025-11-17T01:02:49.640+0000] {processor.py:830} INFO - Processing file /home/airflow/.local/lib/python3.8/site-packages/airflow/example_dags/example_branch_python_dop_operator_3.py for tasks to queue
[2025-11-17T01:02:49.641+0000] {logging_mixin.py:188} INFO - [2025-11-17T01:02:49.640+0000] {dagbag.py:538} INFO - Filling up the DagBag from /home/airflow/.local/lib/python3.8/site-packages/airflow/example_dags/example_branch_python_dop_operator_3.py
[2025-11-17T01:02:49.650+0000] {processor.py:840} INFO - DAG(s) 'example_branch_dop_operator_v3' retrieved from /home/airflow/.local/lib/python3.8/site-packages/airflow/example_dags/example_branch_python_dop_operator_3.py
[2025-11-17T01:02:49.676+0000] {logging_mixin.py:188} INFO - [2025-11-17T01:02:49.676+0000] {dag.py:3036} INFO - Sync 1 DAGs
[2025-11-17T01:02:49.702+0000] {logging_mixin.py:188} INFO - [2025-11-17T01:02:49.702+0000] {dag.py:3823} INFO - Setting next_dagrun for example_branch_dop_operator_v3 to 2025-11-17 01:01:00+00:00, run_after=2025-11-17 01:02:00+00:00
[2025-11-17T01:02:49.722+0000] {processor.py:183} INFO - Processing /home/airflow/.local/lib/python3.8/site-packages/airflow/example_dags/example_branch_python_dop_operator_3.py took 0.087 seconds
[2025-11-17T01:03:19.774+0000] {processor.py:161} INFO - Started process (PID=2638) to work on /home/airflow/.local/lib/python3.8/site-packages/airflow/example_dags/example_branch_python_dop_operator_3.py
[2025-11-17T01:03:19.775+0000] {processor.py:830} INFO - Processing file /home/airflow/.local/lib/python3.8/site-packages/airflow/example_dags/example_branch_python_dop_operator_3.py for tasks to queue
[2025-11-17T01:03:19.776+0000] {logging_mixin.py:188} INFO - [2025-11-17T01:03:19.776+0000] {dagbag.py:538} INFO - Filling up the DagBag from /home/airflow/.local/lib/python3.8/site-packages/airflow/example_dags/example_branch_python_dop_operator_3.py
[2025-11-17T01:03:19.784+0000] {processor.py:840} INFO - DAG(s) 'example_branch_dop_operator_v3' retrieved from /home/airflow/.local/lib/python3.8/site-packages/airflow/example_dags/example_branch_python_dop_operator_3.py
[2025-11-17T01:03:19.812+0000] {logging_mixin.py:188} INFO - [2025-11-17T01:03:19.811+0000] {dag.py:3036} INFO - Sync 1 DAGs
[2025-11-17T01:03:19.842+0000] {logging_mixin.py:188} INFO - [2025-11-17T01:03:19.842+0000] {dag.py:3823} INFO - Setting next_dagrun for example_branch_dop_operator_v3 to 2025-11-17 01:02:00+00:00, run_after=2025-11-17 01:03:00+00:00
[2025-11-17T01:03:19.863+0000] {processor.py:183} INFO - Processing /home/airflow/.local/lib/python3.8/site-packages/airflow/example_dags/example_branch_python_dop_operator_3.py took 0.092 seconds
[2025-11-17T01:03:50.732+0000] {processor.py:161} INFO - Started process (PID=2735) to work on /home/airflow/.local/lib/python3.8/site-packages/airflow/example_dags/example_branch_python_dop_operator_3.py
[2025-11-17T01:03:50.733+0000] {processor.py:830} INFO - Processing file /home/airflow/.local/lib/python3.8/site-packages/airflow/example_dags/example_branch_python_dop_operator_3.py for tasks to queue
[2025-11-17T01:03:50.734+0000] {logging_mixin.py:188} INFO - [2025-11-17T01:03:50.734+0000] {dagbag.py:538} INFO - Filling up the DagBag from /home/airflow/.local/lib/python3.8/site-packages/airflow/example_dags/example_branch_python_dop_operator_3.py
[2025-11-17T01:03:50.744+0000] {processor.py:840} INFO - DAG(s) 'example_branch_dop_operator_v3' retrieved from /home/airflow/.local/lib/python3.8/site-packages/airflow/example_dags/example_branch_python_dop_operator_3.py
[2025-11-17T01:03:50.771+0000] {logging_mixin.py:188} INFO - [2025-11-17T01:03:50.770+0000] {dag.py:3036} INFO - Sync 1 DAGs
[2025-11-17T01:03:50.801+0000] {logging_mixin.py:188} INFO - [2025-11-17T01:03:50.801+0000] {dag.py:3823} INFO - Setting next_dagrun for example_branch_dop_operator_v3 to 2025-11-17 01:02:00+00:00, run_after=2025-11-17 01:03:00+00:00
[2025-11-17T01:03:50.822+0000] {processor.py:183} INFO - Processing /home/airflow/.local/lib/python3.8/site-packages/airflow/example_dags/example_branch_python_dop_operator_3.py took 0.093 seconds
[2025-11-17T01:04:20.948+0000] {processor.py:161} INFO - Started process (PID=2816) to work on /home/airflow/.local/lib/python3.8/site-packages/airflow/example_dags/example_branch_python_dop_operator_3.py
[2025-11-17T01:04:20.949+0000] {processor.py:830} INFO - Processing file /home/airflow/.local/lib/python3.8/site-packages/airflow/example_dags/example_branch_python_dop_operator_3.py for tasks to queue
[2025-11-17T01:04:20.950+0000] {logging_mixin.py:188} INFO - [2025-11-17T01:04:20.950+0000] {dagbag.py:538} INFO - Filling up the DagBag from /home/airflow/.local/lib/python3.8/site-packages/airflow/example_dags/example_branch_python_dop_operator_3.py
[2025-11-17T01:04:20.958+0000] {processor.py:840} INFO - DAG(s) 'example_branch_dop_operator_v3' retrieved from /home/airflow/.local/lib/python3.8/site-packages/airflow/example_dags/example_branch_python_dop_operator_3.py
[2025-11-17T01:04:20.984+0000] {logging_mixin.py:188} INFO - [2025-11-17T01:04:20.984+0000] {dag.py:3036} INFO - Sync 1 DAGs
[2025-11-17T01:04:21.007+0000] {logging_mixin.py:188} INFO - [2025-11-17T01:04:21.007+0000] {dag.py:3823} INFO - Setting next_dagrun for example_branch_dop_operator_v3 to 2025-11-17 01:03:00+00:00, run_after=2025-11-17 01:04:00+00:00
[2025-11-17T01:04:21.030+0000] {processor.py:183} INFO - Processing /home/airflow/.local/lib/python3.8/site-packages/airflow/example_dags/example_branch_python_dop_operator_3.py took 0.086 seconds
[2025-11-17T01:04:51.263+0000] {processor.py:161} INFO - Started process (PID=2907) to work on /home/airflow/.local/lib/python3.8/site-packages/airflow/example_dags/example_branch_python_dop_operator_3.py
[2025-11-17T01:04:51.268+0000] {processor.py:830} INFO - Processing file /home/airflow/.local/lib/python3.8/site-packages/airflow/example_dags/example_branch_python_dop_operator_3.py for tasks to queue
[2025-11-17T01:04:51.271+0000] {logging_mixin.py:188} INFO - [2025-11-17T01:04:51.270+0000] {dagbag.py:538} INFO - Filling up the DagBag from /home/airflow/.local/lib/python3.8/site-packages/airflow/example_dags/example_branch_python_dop_operator_3.py
[2025-11-17T01:04:51.291+0000] {processor.py:840} INFO - DAG(s) 'example_branch_dop_operator_v3' retrieved from /home/airflow/.local/lib/python3.8/site-packages/airflow/example_dags/example_branch_python_dop_operator_3.py
[2025-11-17T01:04:51.346+0000] {logging_mixin.py:188} INFO - [2025-11-17T01:04:51.345+0000] {dag.py:3036} INFO - Sync 1 DAGs
[2025-11-17T01:04:51.458+0000] {logging_mixin.py:188} INFO - [2025-11-17T01:04:51.457+0000] {dag.py:3823} INFO - Setting next_dagrun for example_branch_dop_operator_v3 to 2025-11-17 01:03:00+00:00, run_after=2025-11-17 01:04:00+00:00
[2025-11-17T01:04:51.515+0000] {processor.py:183} INFO - Processing /home/airflow/.local/lib/python3.8/site-packages/airflow/example_dags/example_branch_python_dop_operator_3.py took 0.258 seconds
