[2025-11-17T00:58:51.444+0000] {processor.py:161} INFO - Started process (PID=1915) to work on /home/airflow/.local/lib/python3.8/site-packages/airflow/example_dags/example_dynamic_task_mapping_with_no_taskflow_operators.py
[2025-11-17T00:58:51.445+0000] {processor.py:830} INFO - Processing file /home/airflow/.local/lib/python3.8/site-packages/airflow/example_dags/example_dynamic_task_mapping_with_no_taskflow_operators.py for tasks to queue
[2025-11-17T00:58:51.447+0000] {logging_mixin.py:188} INFO - [2025-11-17T00:58:51.447+0000] {dagbag.py:538} INFO - Filling up the DagBag from /home/airflow/.local/lib/python3.8/site-packages/airflow/example_dags/example_dynamic_task_mapping_with_no_taskflow_operators.py
[2025-11-17T00:58:51.456+0000] {processor.py:840} INFO - DAG(s) 'example_dynamic_task_mapping_with_no_taskflow_operators' retrieved from /home/airflow/.local/lib/python3.8/site-packages/airflow/example_dags/example_dynamic_task_mapping_with_no_taskflow_operators.py
[2025-11-17T00:58:51.488+0000] {logging_mixin.py:188} INFO - [2025-11-17T00:58:51.488+0000] {dag.py:3036} INFO - Sync 1 DAGs
[2025-11-17T00:58:51.534+0000] {logging_mixin.py:188} INFO - [2025-11-17T00:58:51.534+0000] {dag.py:3823} INFO - Setting next_dagrun for example_dynamic_task_mapping_with_no_taskflow_operators to 2025-11-16 00:00:00+00:00, run_after=2025-11-17 00:00:00+00:00
[2025-11-17T00:58:51.569+0000] {processor.py:183} INFO - Processing /home/airflow/.local/lib/python3.8/site-packages/airflow/example_dags/example_dynamic_task_mapping_with_no_taskflow_operators.py took 0.128 seconds
[2025-11-17T00:59:22.191+0000] {processor.py:161} INFO - Started process (PID=1995) to work on /home/airflow/.local/lib/python3.8/site-packages/airflow/example_dags/example_dynamic_task_mapping_with_no_taskflow_operators.py
[2025-11-17T00:59:22.192+0000] {processor.py:830} INFO - Processing file /home/airflow/.local/lib/python3.8/site-packages/airflow/example_dags/example_dynamic_task_mapping_with_no_taskflow_operators.py for tasks to queue
[2025-11-17T00:59:22.193+0000] {logging_mixin.py:188} INFO - [2025-11-17T00:59:22.193+0000] {dagbag.py:538} INFO - Filling up the DagBag from /home/airflow/.local/lib/python3.8/site-packages/airflow/example_dags/example_dynamic_task_mapping_with_no_taskflow_operators.py
[2025-11-17T00:59:22.200+0000] {processor.py:840} INFO - DAG(s) 'example_dynamic_task_mapping_with_no_taskflow_operators' retrieved from /home/airflow/.local/lib/python3.8/site-packages/airflow/example_dags/example_dynamic_task_mapping_with_no_taskflow_operators.py
[2025-11-17T00:59:22.226+0000] {logging_mixin.py:188} INFO - [2025-11-17T00:59:22.225+0000] {dag.py:3036} INFO - Sync 1 DAGs
[2025-11-17T00:59:22.250+0000] {logging_mixin.py:188} INFO - [2025-11-17T00:59:22.250+0000] {dag.py:3823} INFO - Setting next_dagrun for example_dynamic_task_mapping_with_no_taskflow_operators to 2025-11-16 00:00:00+00:00, run_after=2025-11-17 00:00:00+00:00
[2025-11-17T00:59:22.274+0000] {processor.py:183} INFO - Processing /home/airflow/.local/lib/python3.8/site-packages/airflow/example_dags/example_dynamic_task_mapping_with_no_taskflow_operators.py took 0.086 seconds
[2025-11-17T00:59:52.956+0000] {processor.py:161} INFO - Started process (PID=2076) to work on /home/airflow/.local/lib/python3.8/site-packages/airflow/example_dags/example_dynamic_task_mapping_with_no_taskflow_operators.py
[2025-11-17T00:59:52.957+0000] {processor.py:830} INFO - Processing file /home/airflow/.local/lib/python3.8/site-packages/airflow/example_dags/example_dynamic_task_mapping_with_no_taskflow_operators.py for tasks to queue
[2025-11-17T00:59:52.958+0000] {logging_mixin.py:188} INFO - [2025-11-17T00:59:52.958+0000] {dagbag.py:538} INFO - Filling up the DagBag from /home/airflow/.local/lib/python3.8/site-packages/airflow/example_dags/example_dynamic_task_mapping_with_no_taskflow_operators.py
[2025-11-17T00:59:52.966+0000] {processor.py:840} INFO - DAG(s) 'example_dynamic_task_mapping_with_no_taskflow_operators' retrieved from /home/airflow/.local/lib/python3.8/site-packages/airflow/example_dags/example_dynamic_task_mapping_with_no_taskflow_operators.py
[2025-11-17T00:59:52.990+0000] {logging_mixin.py:188} INFO - [2025-11-17T00:59:52.989+0000] {dag.py:3036} INFO - Sync 1 DAGs
[2025-11-17T00:59:53.015+0000] {logging_mixin.py:188} INFO - [2025-11-17T00:59:53.014+0000] {dag.py:3823} INFO - Setting next_dagrun for example_dynamic_task_mapping_with_no_taskflow_operators to 2025-11-16 00:00:00+00:00, run_after=2025-11-17 00:00:00+00:00
[2025-11-17T00:59:53.036+0000] {processor.py:183} INFO - Processing /home/airflow/.local/lib/python3.8/site-packages/airflow/example_dags/example_dynamic_task_mapping_with_no_taskflow_operators.py took 0.083 seconds
[2025-11-17T01:00:24.117+0000] {processor.py:161} INFO - Started process (PID=2172) to work on /home/airflow/.local/lib/python3.8/site-packages/airflow/example_dags/example_dynamic_task_mapping_with_no_taskflow_operators.py
[2025-11-17T01:00:24.118+0000] {processor.py:830} INFO - Processing file /home/airflow/.local/lib/python3.8/site-packages/airflow/example_dags/example_dynamic_task_mapping_with_no_taskflow_operators.py for tasks to queue
[2025-11-17T01:00:24.119+0000] {logging_mixin.py:188} INFO - [2025-11-17T01:00:24.119+0000] {dagbag.py:538} INFO - Filling up the DagBag from /home/airflow/.local/lib/python3.8/site-packages/airflow/example_dags/example_dynamic_task_mapping_with_no_taskflow_operators.py
[2025-11-17T01:00:24.125+0000] {processor.py:840} INFO - DAG(s) 'example_dynamic_task_mapping_with_no_taskflow_operators' retrieved from /home/airflow/.local/lib/python3.8/site-packages/airflow/example_dags/example_dynamic_task_mapping_with_no_taskflow_operators.py
[2025-11-17T01:00:24.148+0000] {logging_mixin.py:188} INFO - [2025-11-17T01:00:24.147+0000] {dag.py:3036} INFO - Sync 1 DAGs
[2025-11-17T01:00:24.170+0000] {logging_mixin.py:188} INFO - [2025-11-17T01:00:24.169+0000] {dag.py:3823} INFO - Setting next_dagrun for example_dynamic_task_mapping_with_no_taskflow_operators to 2025-11-16 00:00:00+00:00, run_after=2025-11-17 00:00:00+00:00
[2025-11-17T01:00:24.188+0000] {processor.py:183} INFO - Processing /home/airflow/.local/lib/python3.8/site-packages/airflow/example_dags/example_dynamic_task_mapping_with_no_taskflow_operators.py took 0.074 seconds
[2025-11-17T01:00:54.852+0000] {processor.py:161} INFO - Started process (PID=2253) to work on /home/airflow/.local/lib/python3.8/site-packages/airflow/example_dags/example_dynamic_task_mapping_with_no_taskflow_operators.py
[2025-11-17T01:00:54.853+0000] {processor.py:830} INFO - Processing file /home/airflow/.local/lib/python3.8/site-packages/airflow/example_dags/example_dynamic_task_mapping_with_no_taskflow_operators.py for tasks to queue
[2025-11-17T01:00:54.854+0000] {logging_mixin.py:188} INFO - [2025-11-17T01:00:54.854+0000] {dagbag.py:538} INFO - Filling up the DagBag from /home/airflow/.local/lib/python3.8/site-packages/airflow/example_dags/example_dynamic_task_mapping_with_no_taskflow_operators.py
[2025-11-17T01:00:54.863+0000] {processor.py:840} INFO - DAG(s) 'example_dynamic_task_mapping_with_no_taskflow_operators' retrieved from /home/airflow/.local/lib/python3.8/site-packages/airflow/example_dags/example_dynamic_task_mapping_with_no_taskflow_operators.py
[2025-11-17T01:00:54.890+0000] {logging_mixin.py:188} INFO - [2025-11-17T01:00:54.889+0000] {dag.py:3036} INFO - Sync 1 DAGs
[2025-11-17T01:00:54.914+0000] {logging_mixin.py:188} INFO - [2025-11-17T01:00:54.914+0000] {dag.py:3823} INFO - Setting next_dagrun for example_dynamic_task_mapping_with_no_taskflow_operators to 2025-11-16 00:00:00+00:00, run_after=2025-11-17 00:00:00+00:00
[2025-11-17T01:00:54.938+0000] {processor.py:183} INFO - Processing /home/airflow/.local/lib/python3.8/site-packages/airflow/example_dags/example_dynamic_task_mapping_with_no_taskflow_operators.py took 0.090 seconds
[2025-11-17T01:01:26.457+0000] {processor.py:161} INFO - Started process (PID=2342) to work on /home/airflow/.local/lib/python3.8/site-packages/airflow/example_dags/example_dynamic_task_mapping_with_no_taskflow_operators.py
[2025-11-17T01:01:26.458+0000] {processor.py:830} INFO - Processing file /home/airflow/.local/lib/python3.8/site-packages/airflow/example_dags/example_dynamic_task_mapping_with_no_taskflow_operators.py for tasks to queue
[2025-11-17T01:01:26.460+0000] {logging_mixin.py:188} INFO - [2025-11-17T01:01:26.459+0000] {dagbag.py:538} INFO - Filling up the DagBag from /home/airflow/.local/lib/python3.8/site-packages/airflow/example_dags/example_dynamic_task_mapping_with_no_taskflow_operators.py
[2025-11-17T01:01:26.470+0000] {processor.py:840} INFO - DAG(s) 'example_dynamic_task_mapping_with_no_taskflow_operators' retrieved from /home/airflow/.local/lib/python3.8/site-packages/airflow/example_dags/example_dynamic_task_mapping_with_no_taskflow_operators.py
[2025-11-17T01:01:26.503+0000] {logging_mixin.py:188} INFO - [2025-11-17T01:01:26.502+0000] {dag.py:3036} INFO - Sync 1 DAGs
[2025-11-17T01:01:26.529+0000] {logging_mixin.py:188} INFO - [2025-11-17T01:01:26.529+0000] {dag.py:3823} INFO - Setting next_dagrun for example_dynamic_task_mapping_with_no_taskflow_operators to 2025-11-16 00:00:00+00:00, run_after=2025-11-17 00:00:00+00:00
[2025-11-17T01:01:26.554+0000] {processor.py:183} INFO - Processing /home/airflow/.local/lib/python3.8/site-packages/airflow/example_dags/example_dynamic_task_mapping_with_no_taskflow_operators.py took 0.100 seconds
[2025-11-17T01:01:57.017+0000] {processor.py:161} INFO - Started process (PID=2430) to work on /home/airflow/.local/lib/python3.8/site-packages/airflow/example_dags/example_dynamic_task_mapping_with_no_taskflow_operators.py
[2025-11-17T01:01:57.018+0000] {processor.py:830} INFO - Processing file /home/airflow/.local/lib/python3.8/site-packages/airflow/example_dags/example_dynamic_task_mapping_with_no_taskflow_operators.py for tasks to queue
[2025-11-17T01:01:57.019+0000] {logging_mixin.py:188} INFO - [2025-11-17T01:01:57.019+0000] {dagbag.py:538} INFO - Filling up the DagBag from /home/airflow/.local/lib/python3.8/site-packages/airflow/example_dags/example_dynamic_task_mapping_with_no_taskflow_operators.py
[2025-11-17T01:01:57.028+0000] {processor.py:840} INFO - DAG(s) 'example_dynamic_task_mapping_with_no_taskflow_operators' retrieved from /home/airflow/.local/lib/python3.8/site-packages/airflow/example_dags/example_dynamic_task_mapping_with_no_taskflow_operators.py
[2025-11-17T01:01:57.051+0000] {logging_mixin.py:188} INFO - [2025-11-17T01:01:57.051+0000] {dag.py:3036} INFO - Sync 1 DAGs
[2025-11-17T01:01:57.073+0000] {logging_mixin.py:188} INFO - [2025-11-17T01:01:57.073+0000] {dag.py:3823} INFO - Setting next_dagrun for example_dynamic_task_mapping_with_no_taskflow_operators to 2025-11-16 00:00:00+00:00, run_after=2025-11-17 00:00:00+00:00
[2025-11-17T01:01:57.097+0000] {processor.py:183} INFO - Processing /home/airflow/.local/lib/python3.8/site-packages/airflow/example_dags/example_dynamic_task_mapping_with_no_taskflow_operators.py took 0.083 seconds
[2025-11-17T01:02:27.302+0000] {processor.py:161} INFO - Started process (PID=2509) to work on /home/airflow/.local/lib/python3.8/site-packages/airflow/example_dags/example_dynamic_task_mapping_with_no_taskflow_operators.py
[2025-11-17T01:02:27.303+0000] {processor.py:830} INFO - Processing file /home/airflow/.local/lib/python3.8/site-packages/airflow/example_dags/example_dynamic_task_mapping_with_no_taskflow_operators.py for tasks to queue
[2025-11-17T01:02:27.305+0000] {logging_mixin.py:188} INFO - [2025-11-17T01:02:27.304+0000] {dagbag.py:538} INFO - Filling up the DagBag from /home/airflow/.local/lib/python3.8/site-packages/airflow/example_dags/example_dynamic_task_mapping_with_no_taskflow_operators.py
[2025-11-17T01:02:27.313+0000] {processor.py:840} INFO - DAG(s) 'example_dynamic_task_mapping_with_no_taskflow_operators' retrieved from /home/airflow/.local/lib/python3.8/site-packages/airflow/example_dags/example_dynamic_task_mapping_with_no_taskflow_operators.py
[2025-11-17T01:02:27.343+0000] {logging_mixin.py:188} INFO - [2025-11-17T01:02:27.343+0000] {dag.py:3036} INFO - Sync 1 DAGs
[2025-11-17T01:02:27.366+0000] {logging_mixin.py:188} INFO - [2025-11-17T01:02:27.366+0000] {dag.py:3823} INFO - Setting next_dagrun for example_dynamic_task_mapping_with_no_taskflow_operators to 2025-11-16 00:00:00+00:00, run_after=2025-11-17 00:00:00+00:00
[2025-11-17T01:02:27.386+0000] {processor.py:183} INFO - Processing /home/airflow/.local/lib/python3.8/site-packages/airflow/example_dags/example_dynamic_task_mapping_with_no_taskflow_operators.py took 0.088 seconds
[2025-11-17T01:02:57.980+0000] {processor.py:161} INFO - Started process (PID=2605) to work on /home/airflow/.local/lib/python3.8/site-packages/airflow/example_dags/example_dynamic_task_mapping_with_no_taskflow_operators.py
[2025-11-17T01:02:57.981+0000] {processor.py:830} INFO - Processing file /home/airflow/.local/lib/python3.8/site-packages/airflow/example_dags/example_dynamic_task_mapping_with_no_taskflow_operators.py for tasks to queue
[2025-11-17T01:02:57.982+0000] {logging_mixin.py:188} INFO - [2025-11-17T01:02:57.982+0000] {dagbag.py:538} INFO - Filling up the DagBag from /home/airflow/.local/lib/python3.8/site-packages/airflow/example_dags/example_dynamic_task_mapping_with_no_taskflow_operators.py
[2025-11-17T01:02:57.990+0000] {processor.py:840} INFO - DAG(s) 'example_dynamic_task_mapping_with_no_taskflow_operators' retrieved from /home/airflow/.local/lib/python3.8/site-packages/airflow/example_dags/example_dynamic_task_mapping_with_no_taskflow_operators.py
[2025-11-17T01:02:58.015+0000] {logging_mixin.py:188} INFO - [2025-11-17T01:02:58.014+0000] {dag.py:3036} INFO - Sync 1 DAGs
[2025-11-17T01:02:58.039+0000] {logging_mixin.py:188} INFO - [2025-11-17T01:02:58.038+0000] {dag.py:3823} INFO - Setting next_dagrun for example_dynamic_task_mapping_with_no_taskflow_operators to 2025-11-16 00:00:00+00:00, run_after=2025-11-17 00:00:00+00:00
[2025-11-17T01:02:58.089+0000] {processor.py:183} INFO - Processing /home/airflow/.local/lib/python3.8/site-packages/airflow/example_dags/example_dynamic_task_mapping_with_no_taskflow_operators.py took 0.112 seconds
[2025-11-17T01:03:28.273+0000] {processor.py:161} INFO - Started process (PID=2686) to work on /home/airflow/.local/lib/python3.8/site-packages/airflow/example_dags/example_dynamic_task_mapping_with_no_taskflow_operators.py
[2025-11-17T01:03:28.274+0000] {processor.py:830} INFO - Processing file /home/airflow/.local/lib/python3.8/site-packages/airflow/example_dags/example_dynamic_task_mapping_with_no_taskflow_operators.py for tasks to queue
[2025-11-17T01:03:28.278+0000] {logging_mixin.py:188} INFO - [2025-11-17T01:03:28.277+0000] {dagbag.py:538} INFO - Filling up the DagBag from /home/airflow/.local/lib/python3.8/site-packages/airflow/example_dags/example_dynamic_task_mapping_with_no_taskflow_operators.py
[2025-11-17T01:03:28.299+0000] {processor.py:840} INFO - DAG(s) 'example_dynamic_task_mapping_with_no_taskflow_operators' retrieved from /home/airflow/.local/lib/python3.8/site-packages/airflow/example_dags/example_dynamic_task_mapping_with_no_taskflow_operators.py
[2025-11-17T01:03:28.348+0000] {logging_mixin.py:188} INFO - [2025-11-17T01:03:28.348+0000] {dag.py:3036} INFO - Sync 1 DAGs
[2025-11-17T01:03:28.379+0000] {logging_mixin.py:188} INFO - [2025-11-17T01:03:28.378+0000] {dag.py:3823} INFO - Setting next_dagrun for example_dynamic_task_mapping_with_no_taskflow_operators to 2025-11-16 00:00:00+00:00, run_after=2025-11-17 00:00:00+00:00
[2025-11-17T01:03:28.399+0000] {processor.py:183} INFO - Processing /home/airflow/.local/lib/python3.8/site-packages/airflow/example_dags/example_dynamic_task_mapping_with_no_taskflow_operators.py took 0.131 seconds
[2025-11-17T01:03:58.993+0000] {processor.py:161} INFO - Started process (PID=2768) to work on /home/airflow/.local/lib/python3.8/site-packages/airflow/example_dags/example_dynamic_task_mapping_with_no_taskflow_operators.py
[2025-11-17T01:03:58.994+0000] {processor.py:830} INFO - Processing file /home/airflow/.local/lib/python3.8/site-packages/airflow/example_dags/example_dynamic_task_mapping_with_no_taskflow_operators.py for tasks to queue
[2025-11-17T01:03:58.997+0000] {logging_mixin.py:188} INFO - [2025-11-17T01:03:58.996+0000] {dagbag.py:538} INFO - Filling up the DagBag from /home/airflow/.local/lib/python3.8/site-packages/airflow/example_dags/example_dynamic_task_mapping_with_no_taskflow_operators.py
[2025-11-17T01:03:59.005+0000] {processor.py:840} INFO - DAG(s) 'example_dynamic_task_mapping_with_no_taskflow_operators' retrieved from /home/airflow/.local/lib/python3.8/site-packages/airflow/example_dags/example_dynamic_task_mapping_with_no_taskflow_operators.py
[2025-11-17T01:03:59.035+0000] {logging_mixin.py:188} INFO - [2025-11-17T01:03:59.035+0000] {dag.py:3036} INFO - Sync 1 DAGs
[2025-11-17T01:03:59.069+0000] {logging_mixin.py:188} INFO - [2025-11-17T01:03:59.068+0000] {dag.py:3823} INFO - Setting next_dagrun for example_dynamic_task_mapping_with_no_taskflow_operators to 2025-11-16 00:00:00+00:00, run_after=2025-11-17 00:00:00+00:00
[2025-11-17T01:03:59.095+0000] {processor.py:183} INFO - Processing /home/airflow/.local/lib/python3.8/site-packages/airflow/example_dags/example_dynamic_task_mapping_with_no_taskflow_operators.py took 0.108 seconds
[2025-11-17T01:04:29.671+0000] {processor.py:161} INFO - Started process (PID=2864) to work on /home/airflow/.local/lib/python3.8/site-packages/airflow/example_dags/example_dynamic_task_mapping_with_no_taskflow_operators.py
[2025-11-17T01:04:29.672+0000] {processor.py:830} INFO - Processing file /home/airflow/.local/lib/python3.8/site-packages/airflow/example_dags/example_dynamic_task_mapping_with_no_taskflow_operators.py for tasks to queue
[2025-11-17T01:04:29.673+0000] {logging_mixin.py:188} INFO - [2025-11-17T01:04:29.672+0000] {dagbag.py:538} INFO - Filling up the DagBag from /home/airflow/.local/lib/python3.8/site-packages/airflow/example_dags/example_dynamic_task_mapping_with_no_taskflow_operators.py
[2025-11-17T01:04:29.686+0000] {processor.py:840} INFO - DAG(s) 'example_dynamic_task_mapping_with_no_taskflow_operators' retrieved from /home/airflow/.local/lib/python3.8/site-packages/airflow/example_dags/example_dynamic_task_mapping_with_no_taskflow_operators.py
[2025-11-17T01:04:29.710+0000] {logging_mixin.py:188} INFO - [2025-11-17T01:04:29.709+0000] {dag.py:3036} INFO - Sync 1 DAGs
[2025-11-17T01:04:29.732+0000] {logging_mixin.py:188} INFO - [2025-11-17T01:04:29.732+0000] {dag.py:3823} INFO - Setting next_dagrun for example_dynamic_task_mapping_with_no_taskflow_operators to 2025-11-16 00:00:00+00:00, run_after=2025-11-17 00:00:00+00:00
[2025-11-17T01:04:29.752+0000] {processor.py:183} INFO - Processing /home/airflow/.local/lib/python3.8/site-packages/airflow/example_dags/example_dynamic_task_mapping_with_no_taskflow_operators.py took 0.085 seconds
[2025-11-17T01:05:00.560+0000] {processor.py:161} INFO - Started process (PID=2947) to work on /home/airflow/.local/lib/python3.8/site-packages/airflow/example_dags/example_dynamic_task_mapping_with_no_taskflow_operators.py
[2025-11-17T01:05:00.561+0000] {processor.py:830} INFO - Processing file /home/airflow/.local/lib/python3.8/site-packages/airflow/example_dags/example_dynamic_task_mapping_with_no_taskflow_operators.py for tasks to queue
[2025-11-17T01:05:00.562+0000] {logging_mixin.py:188} INFO - [2025-11-17T01:05:00.562+0000] {dagbag.py:538} INFO - Filling up the DagBag from /home/airflow/.local/lib/python3.8/site-packages/airflow/example_dags/example_dynamic_task_mapping_with_no_taskflow_operators.py
[2025-11-17T01:05:00.571+0000] {processor.py:840} INFO - DAG(s) 'example_dynamic_task_mapping_with_no_taskflow_operators' retrieved from /home/airflow/.local/lib/python3.8/site-packages/airflow/example_dags/example_dynamic_task_mapping_with_no_taskflow_operators.py
[2025-11-17T01:05:00.604+0000] {logging_mixin.py:188} INFO - [2025-11-17T01:05:00.603+0000] {dag.py:3036} INFO - Sync 1 DAGs
[2025-11-17T01:05:00.638+0000] {logging_mixin.py:188} INFO - [2025-11-17T01:05:00.638+0000] {dag.py:3823} INFO - Setting next_dagrun for example_dynamic_task_mapping_with_no_taskflow_operators to 2025-11-16 00:00:00+00:00, run_after=2025-11-17 00:00:00+00:00
[2025-11-17T01:05:00.670+0000] {processor.py:183} INFO - Processing /home/airflow/.local/lib/python3.8/site-packages/airflow/example_dags/example_dynamic_task_mapping_with_no_taskflow_operators.py took 0.115 seconds
