[2025-11-17T00:58:51.046+0000] {processor.py:161} INFO - Started process (PID=1910) to work on /home/airflow/.local/lib/python3.8/site-packages/airflow/example_dags/example_kubernetes_executor.py
[2025-11-17T00:58:51.047+0000] {processor.py:830} INFO - Processing file /home/airflow/.local/lib/python3.8/site-packages/airflow/example_dags/example_kubernetes_executor.py for tasks to queue
[2025-11-17T00:58:51.050+0000] {logging_mixin.py:188} INFO - [2025-11-17T00:58:51.049+0000] {dagbag.py:538} INFO - Filling up the DagBag from /home/airflow/.local/lib/python3.8/site-packages/airflow/example_dags/example_kubernetes_executor.py
[2025-11-17T00:58:51.075+0000] {processor.py:840} INFO - DAG(s) 'example_kubernetes_executor' retrieved from /home/airflow/.local/lib/python3.8/site-packages/airflow/example_dags/example_kubernetes_executor.py
[2025-11-17T00:58:51.137+0000] {logging_mixin.py:188} INFO - [2025-11-17T00:58:51.136+0000] {dag.py:3036} INFO - Sync 1 DAGs
[2025-11-17T00:58:51.162+0000] {logging_mixin.py:188} INFO - [2025-11-17T00:58:51.162+0000] {dag.py:3823} INFO - Setting next_dagrun for example_kubernetes_executor to None, run_after=None
[2025-11-17T00:58:51.191+0000] {processor.py:183} INFO - Processing /home/airflow/.local/lib/python3.8/site-packages/airflow/example_dags/example_kubernetes_executor.py took 0.149 seconds
[2025-11-17T00:59:21.890+0000] {processor.py:161} INFO - Started process (PID=1990) to work on /home/airflow/.local/lib/python3.8/site-packages/airflow/example_dags/example_kubernetes_executor.py
[2025-11-17T00:59:21.892+0000] {processor.py:830} INFO - Processing file /home/airflow/.local/lib/python3.8/site-packages/airflow/example_dags/example_kubernetes_executor.py for tasks to queue
[2025-11-17T00:59:21.894+0000] {logging_mixin.py:188} INFO - [2025-11-17T00:59:21.893+0000] {dagbag.py:538} INFO - Filling up the DagBag from /home/airflow/.local/lib/python3.8/site-packages/airflow/example_dags/example_kubernetes_executor.py
[2025-11-17T00:59:21.912+0000] {processor.py:840} INFO - DAG(s) 'example_kubernetes_executor' retrieved from /home/airflow/.local/lib/python3.8/site-packages/airflow/example_dags/example_kubernetes_executor.py
[2025-11-17T00:59:21.959+0000] {logging_mixin.py:188} INFO - [2025-11-17T00:59:21.958+0000] {dag.py:3036} INFO - Sync 1 DAGs
[2025-11-17T00:59:21.972+0000] {logging_mixin.py:188} INFO - [2025-11-17T00:59:21.972+0000] {dag.py:3823} INFO - Setting next_dagrun for example_kubernetes_executor to None, run_after=None
[2025-11-17T00:59:21.998+0000] {processor.py:183} INFO - Processing /home/airflow/.local/lib/python3.8/site-packages/airflow/example_dags/example_kubernetes_executor.py took 0.111 seconds
[2025-11-17T00:59:52.687+0000] {processor.py:161} INFO - Started process (PID=2071) to work on /home/airflow/.local/lib/python3.8/site-packages/airflow/example_dags/example_kubernetes_executor.py
[2025-11-17T00:59:52.688+0000] {processor.py:830} INFO - Processing file /home/airflow/.local/lib/python3.8/site-packages/airflow/example_dags/example_kubernetes_executor.py for tasks to queue
[2025-11-17T00:59:52.689+0000] {logging_mixin.py:188} INFO - [2025-11-17T00:59:52.689+0000] {dagbag.py:538} INFO - Filling up the DagBag from /home/airflow/.local/lib/python3.8/site-packages/airflow/example_dags/example_kubernetes_executor.py
[2025-11-17T00:59:52.704+0000] {processor.py:840} INFO - DAG(s) 'example_kubernetes_executor' retrieved from /home/airflow/.local/lib/python3.8/site-packages/airflow/example_dags/example_kubernetes_executor.py
[2025-11-17T00:59:52.749+0000] {logging_mixin.py:188} INFO - [2025-11-17T00:59:52.748+0000] {dag.py:3036} INFO - Sync 1 DAGs
[2025-11-17T00:59:52.760+0000] {logging_mixin.py:188} INFO - [2025-11-17T00:59:52.760+0000] {dag.py:3823} INFO - Setting next_dagrun for example_kubernetes_executor to None, run_after=None
[2025-11-17T00:59:52.785+0000] {processor.py:183} INFO - Processing /home/airflow/.local/lib/python3.8/site-packages/airflow/example_dags/example_kubernetes_executor.py took 0.100 seconds
[2025-11-17T01:00:23.704+0000] {processor.py:161} INFO - Started process (PID=2167) to work on /home/airflow/.local/lib/python3.8/site-packages/airflow/example_dags/example_kubernetes_executor.py
[2025-11-17T01:00:23.705+0000] {processor.py:830} INFO - Processing file /home/airflow/.local/lib/python3.8/site-packages/airflow/example_dags/example_kubernetes_executor.py for tasks to queue
[2025-11-17T01:00:23.706+0000] {logging_mixin.py:188} INFO - [2025-11-17T01:00:23.706+0000] {dagbag.py:538} INFO - Filling up the DagBag from /home/airflow/.local/lib/python3.8/site-packages/airflow/example_dags/example_kubernetes_executor.py
[2025-11-17T01:00:23.727+0000] {processor.py:840} INFO - DAG(s) 'example_kubernetes_executor' retrieved from /home/airflow/.local/lib/python3.8/site-packages/airflow/example_dags/example_kubernetes_executor.py
[2025-11-17T01:00:23.777+0000] {logging_mixin.py:188} INFO - [2025-11-17T01:00:23.777+0000] {dag.py:3036} INFO - Sync 1 DAGs
[2025-11-17T01:00:23.795+0000] {logging_mixin.py:188} INFO - [2025-11-17T01:00:23.795+0000] {dag.py:3823} INFO - Setting next_dagrun for example_kubernetes_executor to None, run_after=None
[2025-11-17T01:00:23.820+0000] {processor.py:183} INFO - Processing /home/airflow/.local/lib/python3.8/site-packages/airflow/example_dags/example_kubernetes_executor.py took 0.121 seconds
[2025-11-17T01:00:54.496+0000] {processor.py:161} INFO - Started process (PID=2248) to work on /home/airflow/.local/lib/python3.8/site-packages/airflow/example_dags/example_kubernetes_executor.py
[2025-11-17T01:00:54.497+0000] {processor.py:830} INFO - Processing file /home/airflow/.local/lib/python3.8/site-packages/airflow/example_dags/example_kubernetes_executor.py for tasks to queue
[2025-11-17T01:00:54.499+0000] {logging_mixin.py:188} INFO - [2025-11-17T01:00:54.498+0000] {dagbag.py:538} INFO - Filling up the DagBag from /home/airflow/.local/lib/python3.8/site-packages/airflow/example_dags/example_kubernetes_executor.py
[2025-11-17T01:00:54.514+0000] {processor.py:840} INFO - DAG(s) 'example_kubernetes_executor' retrieved from /home/airflow/.local/lib/python3.8/site-packages/airflow/example_dags/example_kubernetes_executor.py
[2025-11-17T01:00:54.565+0000] {logging_mixin.py:188} INFO - [2025-11-17T01:00:54.565+0000] {dag.py:3036} INFO - Sync 1 DAGs
[2025-11-17T01:00:54.582+0000] {logging_mixin.py:188} INFO - [2025-11-17T01:00:54.582+0000] {dag.py:3823} INFO - Setting next_dagrun for example_kubernetes_executor to None, run_after=None
[2025-11-17T01:00:54.609+0000] {processor.py:183} INFO - Processing /home/airflow/.local/lib/python3.8/site-packages/airflow/example_dags/example_kubernetes_executor.py took 0.116 seconds
[2025-11-17T01:01:25.792+0000] {processor.py:161} INFO - Started process (PID=2337) to work on /home/airflow/.local/lib/python3.8/site-packages/airflow/example_dags/example_kubernetes_executor.py
[2025-11-17T01:01:25.793+0000] {processor.py:830} INFO - Processing file /home/airflow/.local/lib/python3.8/site-packages/airflow/example_dags/example_kubernetes_executor.py for tasks to queue
[2025-11-17T01:01:25.795+0000] {logging_mixin.py:188} INFO - [2025-11-17T01:01:25.794+0000] {dagbag.py:538} INFO - Filling up the DagBag from /home/airflow/.local/lib/python3.8/site-packages/airflow/example_dags/example_kubernetes_executor.py
[2025-11-17T01:01:25.812+0000] {processor.py:840} INFO - DAG(s) 'example_kubernetes_executor' retrieved from /home/airflow/.local/lib/python3.8/site-packages/airflow/example_dags/example_kubernetes_executor.py
[2025-11-17T01:01:25.871+0000] {logging_mixin.py:188} INFO - [2025-11-17T01:01:25.871+0000] {dag.py:3036} INFO - Sync 1 DAGs
[2025-11-17T01:01:25.900+0000] {logging_mixin.py:188} INFO - [2025-11-17T01:01:25.899+0000] {dag.py:3823} INFO - Setting next_dagrun for example_kubernetes_executor to None, run_after=None
[2025-11-17T01:01:25.943+0000] {processor.py:183} INFO - Processing /home/airflow/.local/lib/python3.8/site-packages/airflow/example_dags/example_kubernetes_executor.py took 0.155 seconds
[2025-11-17T01:01:56.336+0000] {processor.py:161} INFO - Started process (PID=2423) to work on /home/airflow/.local/lib/python3.8/site-packages/airflow/example_dags/example_kubernetes_executor.py
[2025-11-17T01:01:56.337+0000] {processor.py:830} INFO - Processing file /home/airflow/.local/lib/python3.8/site-packages/airflow/example_dags/example_kubernetes_executor.py for tasks to queue
[2025-11-17T01:01:56.339+0000] {logging_mixin.py:188} INFO - [2025-11-17T01:01:56.338+0000] {dagbag.py:538} INFO - Filling up the DagBag from /home/airflow/.local/lib/python3.8/site-packages/airflow/example_dags/example_kubernetes_executor.py
[2025-11-17T01:01:56.357+0000] {processor.py:840} INFO - DAG(s) 'example_kubernetes_executor' retrieved from /home/airflow/.local/lib/python3.8/site-packages/airflow/example_dags/example_kubernetes_executor.py
[2025-11-17T01:01:56.404+0000] {logging_mixin.py:188} INFO - [2025-11-17T01:01:56.404+0000] {dag.py:3036} INFO - Sync 1 DAGs
[2025-11-17T01:01:56.416+0000] {logging_mixin.py:188} INFO - [2025-11-17T01:01:56.416+0000] {dag.py:3823} INFO - Setting next_dagrun for example_kubernetes_executor to None, run_after=None
[2025-11-17T01:01:56.441+0000] {processor.py:183} INFO - Processing /home/airflow/.local/lib/python3.8/site-packages/airflow/example_dags/example_kubernetes_executor.py took 0.109 seconds
[2025-11-17T01:02:27.011+0000] {processor.py:161} INFO - Started process (PID=2504) to work on /home/airflow/.local/lib/python3.8/site-packages/airflow/example_dags/example_kubernetes_executor.py
[2025-11-17T01:02:27.012+0000] {processor.py:830} INFO - Processing file /home/airflow/.local/lib/python3.8/site-packages/airflow/example_dags/example_kubernetes_executor.py for tasks to queue
[2025-11-17T01:02:27.013+0000] {logging_mixin.py:188} INFO - [2025-11-17T01:02:27.012+0000] {dagbag.py:538} INFO - Filling up the DagBag from /home/airflow/.local/lib/python3.8/site-packages/airflow/example_dags/example_kubernetes_executor.py
[2025-11-17T01:02:27.026+0000] {processor.py:840} INFO - DAG(s) 'example_kubernetes_executor' retrieved from /home/airflow/.local/lib/python3.8/site-packages/airflow/example_dags/example_kubernetes_executor.py
[2025-11-17T01:02:27.068+0000] {logging_mixin.py:188} INFO - [2025-11-17T01:02:27.068+0000] {dag.py:3036} INFO - Sync 1 DAGs
[2025-11-17T01:02:27.080+0000] {logging_mixin.py:188} INFO - [2025-11-17T01:02:27.080+0000] {dag.py:3823} INFO - Setting next_dagrun for example_kubernetes_executor to None, run_after=None
[2025-11-17T01:02:27.104+0000] {processor.py:183} INFO - Processing /home/airflow/.local/lib/python3.8/site-packages/airflow/example_dags/example_kubernetes_executor.py took 0.097 seconds
[2025-11-17T01:02:57.518+0000] {processor.py:161} INFO - Started process (PID=2600) to work on /home/airflow/.local/lib/python3.8/site-packages/airflow/example_dags/example_kubernetes_executor.py
[2025-11-17T01:02:57.519+0000] {processor.py:830} INFO - Processing file /home/airflow/.local/lib/python3.8/site-packages/airflow/example_dags/example_kubernetes_executor.py for tasks to queue
[2025-11-17T01:02:57.520+0000] {logging_mixin.py:188} INFO - [2025-11-17T01:02:57.519+0000] {dagbag.py:538} INFO - Filling up the DagBag from /home/airflow/.local/lib/python3.8/site-packages/airflow/example_dags/example_kubernetes_executor.py
[2025-11-17T01:02:57.538+0000] {processor.py:840} INFO - DAG(s) 'example_kubernetes_executor' retrieved from /home/airflow/.local/lib/python3.8/site-packages/airflow/example_dags/example_kubernetes_executor.py
[2025-11-17T01:02:57.591+0000] {logging_mixin.py:188} INFO - [2025-11-17T01:02:57.590+0000] {dag.py:3036} INFO - Sync 1 DAGs
[2025-11-17T01:02:57.611+0000] {logging_mixin.py:188} INFO - [2025-11-17T01:02:57.611+0000] {dag.py:3823} INFO - Setting next_dagrun for example_kubernetes_executor to None, run_after=None
[2025-11-17T01:02:57.656+0000] {processor.py:183} INFO - Processing /home/airflow/.local/lib/python3.8/site-packages/airflow/example_dags/example_kubernetes_executor.py took 0.142 seconds
[2025-11-17T01:03:27.896+0000] {processor.py:161} INFO - Started process (PID=2681) to work on /home/airflow/.local/lib/python3.8/site-packages/airflow/example_dags/example_kubernetes_executor.py
[2025-11-17T01:03:27.897+0000] {processor.py:830} INFO - Processing file /home/airflow/.local/lib/python3.8/site-packages/airflow/example_dags/example_kubernetes_executor.py for tasks to queue
[2025-11-17T01:03:27.898+0000] {logging_mixin.py:188} INFO - [2025-11-17T01:03:27.898+0000] {dagbag.py:538} INFO - Filling up the DagBag from /home/airflow/.local/lib/python3.8/site-packages/airflow/example_dags/example_kubernetes_executor.py
[2025-11-17T01:03:27.914+0000] {processor.py:840} INFO - DAG(s) 'example_kubernetes_executor' retrieved from /home/airflow/.local/lib/python3.8/site-packages/airflow/example_dags/example_kubernetes_executor.py
[2025-11-17T01:03:27.962+0000] {logging_mixin.py:188} INFO - [2025-11-17T01:03:27.962+0000] {dag.py:3036} INFO - Sync 1 DAGs
[2025-11-17T01:03:27.979+0000] {logging_mixin.py:188} INFO - [2025-11-17T01:03:27.978+0000] {dag.py:3823} INFO - Setting next_dagrun for example_kubernetes_executor to None, run_after=None
[2025-11-17T01:03:28.014+0000] {processor.py:183} INFO - Processing /home/airflow/.local/lib/python3.8/site-packages/airflow/example_dags/example_kubernetes_executor.py took 0.122 seconds
[2025-11-17T01:03:58.627+0000] {processor.py:161} INFO - Started process (PID=2763) to work on /home/airflow/.local/lib/python3.8/site-packages/airflow/example_dags/example_kubernetes_executor.py
[2025-11-17T01:03:58.628+0000] {processor.py:830} INFO - Processing file /home/airflow/.local/lib/python3.8/site-packages/airflow/example_dags/example_kubernetes_executor.py for tasks to queue
[2025-11-17T01:03:58.629+0000] {logging_mixin.py:188} INFO - [2025-11-17T01:03:58.629+0000] {dagbag.py:538} INFO - Filling up the DagBag from /home/airflow/.local/lib/python3.8/site-packages/airflow/example_dags/example_kubernetes_executor.py
[2025-11-17T01:03:58.647+0000] {processor.py:840} INFO - DAG(s) 'example_kubernetes_executor' retrieved from /home/airflow/.local/lib/python3.8/site-packages/airflow/example_dags/example_kubernetes_executor.py
[2025-11-17T01:03:58.693+0000] {logging_mixin.py:188} INFO - [2025-11-17T01:03:58.692+0000] {dag.py:3036} INFO - Sync 1 DAGs
[2025-11-17T01:03:58.705+0000] {logging_mixin.py:188} INFO - [2025-11-17T01:03:58.705+0000] {dag.py:3823} INFO - Setting next_dagrun for example_kubernetes_executor to None, run_after=None
[2025-11-17T01:03:58.731+0000] {processor.py:183} INFO - Processing /home/airflow/.local/lib/python3.8/site-packages/airflow/example_dags/example_kubernetes_executor.py took 0.109 seconds
[2025-11-17T01:04:29.315+0000] {processor.py:161} INFO - Started process (PID=2859) to work on /home/airflow/.local/lib/python3.8/site-packages/airflow/example_dags/example_kubernetes_executor.py
[2025-11-17T01:04:29.316+0000] {processor.py:830} INFO - Processing file /home/airflow/.local/lib/python3.8/site-packages/airflow/example_dags/example_kubernetes_executor.py for tasks to queue
[2025-11-17T01:04:29.317+0000] {logging_mixin.py:188} INFO - [2025-11-17T01:04:29.317+0000] {dagbag.py:538} INFO - Filling up the DagBag from /home/airflow/.local/lib/python3.8/site-packages/airflow/example_dags/example_kubernetes_executor.py
[2025-11-17T01:04:29.337+0000] {processor.py:840} INFO - DAG(s) 'example_kubernetes_executor' retrieved from /home/airflow/.local/lib/python3.8/site-packages/airflow/example_dags/example_kubernetes_executor.py
[2025-11-17T01:04:29.449+0000] {logging_mixin.py:188} INFO - [2025-11-17T01:04:29.448+0000] {dag.py:3036} INFO - Sync 1 DAGs
[2025-11-17T01:04:29.462+0000] {logging_mixin.py:188} INFO - [2025-11-17T01:04:29.462+0000] {dag.py:3823} INFO - Setting next_dagrun for example_kubernetes_executor to None, run_after=None
[2025-11-17T01:04:29.488+0000] {processor.py:183} INFO - Processing /home/airflow/.local/lib/python3.8/site-packages/airflow/example_dags/example_kubernetes_executor.py took 0.176 seconds
[2025-11-17T01:05:00.163+0000] {processor.py:161} INFO - Started process (PID=2942) to work on /home/airflow/.local/lib/python3.8/site-packages/airflow/example_dags/example_kubernetes_executor.py
[2025-11-17T01:05:00.164+0000] {processor.py:830} INFO - Processing file /home/airflow/.local/lib/python3.8/site-packages/airflow/example_dags/example_kubernetes_executor.py for tasks to queue
[2025-11-17T01:05:00.165+0000] {logging_mixin.py:188} INFO - [2025-11-17T01:05:00.165+0000] {dagbag.py:538} INFO - Filling up the DagBag from /home/airflow/.local/lib/python3.8/site-packages/airflow/example_dags/example_kubernetes_executor.py
[2025-11-17T01:05:00.182+0000] {processor.py:840} INFO - DAG(s) 'example_kubernetes_executor' retrieved from /home/airflow/.local/lib/python3.8/site-packages/airflow/example_dags/example_kubernetes_executor.py
[2025-11-17T01:05:00.236+0000] {logging_mixin.py:188} INFO - [2025-11-17T01:05:00.235+0000] {dag.py:3036} INFO - Sync 1 DAGs
[2025-11-17T01:05:00.251+0000] {logging_mixin.py:188} INFO - [2025-11-17T01:05:00.251+0000] {dag.py:3823} INFO - Setting next_dagrun for example_kubernetes_executor to None, run_after=None
[2025-11-17T01:05:00.281+0000] {processor.py:183} INFO - Processing /home/airflow/.local/lib/python3.8/site-packages/airflow/example_dags/example_kubernetes_executor.py took 0.121 seconds
