[2025-11-17T00:58:50.605+0000] {processor.py:161} INFO - Started process (PID=1905) to work on /home/airflow/.local/lib/python3.8/site-packages/airflow/example_dags/example_skip_dag.py
[2025-11-17T00:58:50.606+0000] {processor.py:830} INFO - Processing file /home/airflow/.local/lib/python3.8/site-packages/airflow/example_dags/example_skip_dag.py for tasks to queue
[2025-11-17T00:58:50.607+0000] {logging_mixin.py:188} INFO - [2025-11-17T00:58:50.607+0000] {dagbag.py:538} INFO - Filling up the DagBag from /home/airflow/.local/lib/python3.8/site-packages/airflow/example_dags/example_skip_dag.py
[2025-11-17T00:58:50.617+0000] {processor.py:840} INFO - DAG(s) 'example_skip_dag' retrieved from /home/airflow/.local/lib/python3.8/site-packages/airflow/example_dags/example_skip_dag.py
[2025-11-17T00:58:50.648+0000] {logging_mixin.py:188} INFO - [2025-11-17T00:58:50.648+0000] {dag.py:3036} INFO - Sync 1 DAGs
[2025-11-17T00:58:50.683+0000] {logging_mixin.py:188} INFO - [2025-11-17T00:58:50.683+0000] {dag.py:3823} INFO - Setting next_dagrun for example_skip_dag to 2025-11-16 00:00:00+00:00, run_after=2025-11-17 00:00:00+00:00
[2025-11-17T00:58:50.715+0000] {processor.py:183} INFO - Processing /home/airflow/.local/lib/python3.8/site-packages/airflow/example_dags/example_skip_dag.py took 0.118 seconds
[2025-11-17T00:59:21.544+0000] {processor.py:161} INFO - Started process (PID=1985) to work on /home/airflow/.local/lib/python3.8/site-packages/airflow/example_dags/example_skip_dag.py
[2025-11-17T00:59:21.545+0000] {processor.py:830} INFO - Processing file /home/airflow/.local/lib/python3.8/site-packages/airflow/example_dags/example_skip_dag.py for tasks to queue
[2025-11-17T00:59:21.546+0000] {logging_mixin.py:188} INFO - [2025-11-17T00:59:21.545+0000] {dagbag.py:538} INFO - Filling up the DagBag from /home/airflow/.local/lib/python3.8/site-packages/airflow/example_dags/example_skip_dag.py
[2025-11-17T00:59:21.553+0000] {processor.py:840} INFO - DAG(s) 'example_skip_dag' retrieved from /home/airflow/.local/lib/python3.8/site-packages/airflow/example_dags/example_skip_dag.py
[2025-11-17T00:59:21.578+0000] {logging_mixin.py:188} INFO - [2025-11-17T00:59:21.577+0000] {dag.py:3036} INFO - Sync 1 DAGs
[2025-11-17T00:59:21.603+0000] {logging_mixin.py:188} INFO - [2025-11-17T00:59:21.603+0000] {dag.py:3823} INFO - Setting next_dagrun for example_skip_dag to 2025-11-16 00:00:00+00:00, run_after=2025-11-17 00:00:00+00:00
[2025-11-17T00:59:21.625+0000] {processor.py:183} INFO - Processing /home/airflow/.local/lib/python3.8/site-packages/airflow/example_dags/example_skip_dag.py took 0.085 seconds
[2025-11-17T00:59:52.351+0000] {processor.py:161} INFO - Started process (PID=2066) to work on /home/airflow/.local/lib/python3.8/site-packages/airflow/example_dags/example_skip_dag.py
[2025-11-17T00:59:52.353+0000] {processor.py:830} INFO - Processing file /home/airflow/.local/lib/python3.8/site-packages/airflow/example_dags/example_skip_dag.py for tasks to queue
[2025-11-17T00:59:52.354+0000] {logging_mixin.py:188} INFO - [2025-11-17T00:59:52.353+0000] {dagbag.py:538} INFO - Filling up the DagBag from /home/airflow/.local/lib/python3.8/site-packages/airflow/example_dags/example_skip_dag.py
[2025-11-17T00:59:52.361+0000] {processor.py:840} INFO - DAG(s) 'example_skip_dag' retrieved from /home/airflow/.local/lib/python3.8/site-packages/airflow/example_dags/example_skip_dag.py
[2025-11-17T00:59:52.386+0000] {logging_mixin.py:188} INFO - [2025-11-17T00:59:52.386+0000] {dag.py:3036} INFO - Sync 1 DAGs
[2025-11-17T00:59:52.411+0000] {logging_mixin.py:188} INFO - [2025-11-17T00:59:52.411+0000] {dag.py:3823} INFO - Setting next_dagrun for example_skip_dag to 2025-11-16 00:00:00+00:00, run_after=2025-11-17 00:00:00+00:00
[2025-11-17T00:59:52.435+0000] {processor.py:183} INFO - Processing /home/airflow/.local/lib/python3.8/site-packages/airflow/example_dags/example_skip_dag.py took 0.087 seconds
[2025-11-17T01:00:22.974+0000] {processor.py:161} INFO - Started process (PID=2162) to work on /home/airflow/.local/lib/python3.8/site-packages/airflow/example_dags/example_skip_dag.py
[2025-11-17T01:00:22.975+0000] {processor.py:830} INFO - Processing file /home/airflow/.local/lib/python3.8/site-packages/airflow/example_dags/example_skip_dag.py for tasks to queue
[2025-11-17T01:00:22.976+0000] {logging_mixin.py:188} INFO - [2025-11-17T01:00:22.976+0000] {dagbag.py:538} INFO - Filling up the DagBag from /home/airflow/.local/lib/python3.8/site-packages/airflow/example_dags/example_skip_dag.py
[2025-11-17T01:00:22.984+0000] {processor.py:840} INFO - DAG(s) 'example_skip_dag' retrieved from /home/airflow/.local/lib/python3.8/site-packages/airflow/example_dags/example_skip_dag.py
[2025-11-17T01:00:23.012+0000] {logging_mixin.py:188} INFO - [2025-11-17T01:00:23.012+0000] {dag.py:3036} INFO - Sync 1 DAGs
[2025-11-17T01:00:23.038+0000] {logging_mixin.py:188} INFO - [2025-11-17T01:00:23.038+0000] {dag.py:3823} INFO - Setting next_dagrun for example_skip_dag to 2025-11-16 00:00:00+00:00, run_after=2025-11-17 00:00:00+00:00
[2025-11-17T01:00:23.063+0000] {processor.py:183} INFO - Processing /home/airflow/.local/lib/python3.8/site-packages/airflow/example_dags/example_skip_dag.py took 0.092 seconds
[2025-11-17T01:00:53.949+0000] {processor.py:161} INFO - Started process (PID=2243) to work on /home/airflow/.local/lib/python3.8/site-packages/airflow/example_dags/example_skip_dag.py
[2025-11-17T01:00:53.950+0000] {processor.py:830} INFO - Processing file /home/airflow/.local/lib/python3.8/site-packages/airflow/example_dags/example_skip_dag.py for tasks to queue
[2025-11-17T01:00:53.952+0000] {logging_mixin.py:188} INFO - [2025-11-17T01:00:53.951+0000] {dagbag.py:538} INFO - Filling up the DagBag from /home/airflow/.local/lib/python3.8/site-packages/airflow/example_dags/example_skip_dag.py
[2025-11-17T01:00:53.960+0000] {processor.py:840} INFO - DAG(s) 'example_skip_dag' retrieved from /home/airflow/.local/lib/python3.8/site-packages/airflow/example_dags/example_skip_dag.py
[2025-11-17T01:00:53.993+0000] {logging_mixin.py:188} INFO - [2025-11-17T01:00:53.993+0000] {dag.py:3036} INFO - Sync 1 DAGs
[2025-11-17T01:00:54.020+0000] {logging_mixin.py:188} INFO - [2025-11-17T01:00:54.020+0000] {dag.py:3823} INFO - Setting next_dagrun for example_skip_dag to 2025-11-16 00:00:00+00:00, run_after=2025-11-17 00:00:00+00:00
[2025-11-17T01:00:54.044+0000] {processor.py:183} INFO - Processing /home/airflow/.local/lib/python3.8/site-packages/airflow/example_dags/example_skip_dag.py took 0.098 seconds
[2025-11-17T01:01:24.083+0000] {processor.py:161} INFO - Started process (PID=2322) to work on /home/airflow/.local/lib/python3.8/site-packages/airflow/example_dags/example_skip_dag.py
[2025-11-17T01:01:24.084+0000] {processor.py:830} INFO - Processing file /home/airflow/.local/lib/python3.8/site-packages/airflow/example_dags/example_skip_dag.py for tasks to queue
[2025-11-17T01:01:24.085+0000] {logging_mixin.py:188} INFO - [2025-11-17T01:01:24.085+0000] {dagbag.py:538} INFO - Filling up the DagBag from /home/airflow/.local/lib/python3.8/site-packages/airflow/example_dags/example_skip_dag.py
[2025-11-17T01:01:24.093+0000] {processor.py:840} INFO - DAG(s) 'example_skip_dag' retrieved from /home/airflow/.local/lib/python3.8/site-packages/airflow/example_dags/example_skip_dag.py
[2025-11-17T01:01:24.120+0000] {logging_mixin.py:188} INFO - [2025-11-17T01:01:24.120+0000] {dag.py:3036} INFO - Sync 1 DAGs
[2025-11-17T01:01:24.147+0000] {logging_mixin.py:188} INFO - [2025-11-17T01:01:24.146+0000] {dag.py:3823} INFO - Setting next_dagrun for example_skip_dag to 2025-11-16 00:00:00+00:00, run_after=2025-11-17 00:00:00+00:00
[2025-11-17T01:01:24.173+0000] {processor.py:183} INFO - Processing /home/airflow/.local/lib/python3.8/site-packages/airflow/example_dags/example_skip_dag.py took 0.093 seconds
[2025-11-17T01:01:54.988+0000] {processor.py:161} INFO - Started process (PID=2418) to work on /home/airflow/.local/lib/python3.8/site-packages/airflow/example_dags/example_skip_dag.py
[2025-11-17T01:01:54.989+0000] {processor.py:830} INFO - Processing file /home/airflow/.local/lib/python3.8/site-packages/airflow/example_dags/example_skip_dag.py for tasks to queue
[2025-11-17T01:01:54.991+0000] {logging_mixin.py:188} INFO - [2025-11-17T01:01:54.991+0000] {dagbag.py:538} INFO - Filling up the DagBag from /home/airflow/.local/lib/python3.8/site-packages/airflow/example_dags/example_skip_dag.py
[2025-11-17T01:01:54.999+0000] {processor.py:840} INFO - DAG(s) 'example_skip_dag' retrieved from /home/airflow/.local/lib/python3.8/site-packages/airflow/example_dags/example_skip_dag.py
[2025-11-17T01:01:55.027+0000] {logging_mixin.py:188} INFO - [2025-11-17T01:01:55.026+0000] {dag.py:3036} INFO - Sync 1 DAGs
[2025-11-17T01:01:55.050+0000] {logging_mixin.py:188} INFO - [2025-11-17T01:01:55.050+0000] {dag.py:3823} INFO - Setting next_dagrun for example_skip_dag to 2025-11-16 00:00:00+00:00, run_after=2025-11-17 00:00:00+00:00
[2025-11-17T01:01:55.075+0000] {processor.py:183} INFO - Processing /home/airflow/.local/lib/python3.8/site-packages/airflow/example_dags/example_skip_dag.py took 0.089 seconds
[2025-11-17T01:02:25.720+0000] {processor.py:161} INFO - Started process (PID=2499) to work on /home/airflow/.local/lib/python3.8/site-packages/airflow/example_dags/example_skip_dag.py
[2025-11-17T01:02:25.721+0000] {processor.py:830} INFO - Processing file /home/airflow/.local/lib/python3.8/site-packages/airflow/example_dags/example_skip_dag.py for tasks to queue
[2025-11-17T01:02:25.722+0000] {logging_mixin.py:188} INFO - [2025-11-17T01:02:25.722+0000] {dagbag.py:538} INFO - Filling up the DagBag from /home/airflow/.local/lib/python3.8/site-packages/airflow/example_dags/example_skip_dag.py
[2025-11-17T01:02:25.730+0000] {processor.py:840} INFO - DAG(s) 'example_skip_dag' retrieved from /home/airflow/.local/lib/python3.8/site-packages/airflow/example_dags/example_skip_dag.py
[2025-11-17T01:02:25.755+0000] {logging_mixin.py:188} INFO - [2025-11-17T01:02:25.755+0000] {dag.py:3036} INFO - Sync 1 DAGs
[2025-11-17T01:02:25.776+0000] {logging_mixin.py:188} INFO - [2025-11-17T01:02:25.776+0000] {dag.py:3823} INFO - Setting next_dagrun for example_skip_dag to 2025-11-16 00:00:00+00:00, run_after=2025-11-17 00:00:00+00:00
[2025-11-17T01:02:25.801+0000] {processor.py:183} INFO - Processing /home/airflow/.local/lib/python3.8/site-packages/airflow/example_dags/example_skip_dag.py took 0.084 seconds
[2025-11-17T01:02:56.151+0000] {processor.py:161} INFO - Started process (PID=2588) to work on /home/airflow/.local/lib/python3.8/site-packages/airflow/example_dags/example_skip_dag.py
[2025-11-17T01:02:56.152+0000] {processor.py:830} INFO - Processing file /home/airflow/.local/lib/python3.8/site-packages/airflow/example_dags/example_skip_dag.py for tasks to queue
[2025-11-17T01:02:56.154+0000] {logging_mixin.py:188} INFO - [2025-11-17T01:02:56.153+0000] {dagbag.py:538} INFO - Filling up the DagBag from /home/airflow/.local/lib/python3.8/site-packages/airflow/example_dags/example_skip_dag.py
[2025-11-17T01:02:56.165+0000] {processor.py:840} INFO - DAG(s) 'example_skip_dag' retrieved from /home/airflow/.local/lib/python3.8/site-packages/airflow/example_dags/example_skip_dag.py
[2025-11-17T01:02:56.198+0000] {logging_mixin.py:188} INFO - [2025-11-17T01:02:56.197+0000] {dag.py:3036} INFO - Sync 1 DAGs
[2025-11-17T01:02:56.228+0000] {logging_mixin.py:188} INFO - [2025-11-17T01:02:56.228+0000] {dag.py:3823} INFO - Setting next_dagrun for example_skip_dag to 2025-11-16 00:00:00+00:00, run_after=2025-11-17 00:00:00+00:00
[2025-11-17T01:02:56.253+0000] {processor.py:183} INFO - Processing /home/airflow/.local/lib/python3.8/site-packages/airflow/example_dags/example_skip_dag.py took 0.107 seconds
[2025-11-17T01:03:26.537+0000] {processor.py:161} INFO - Started process (PID=2676) to work on /home/airflow/.local/lib/python3.8/site-packages/airflow/example_dags/example_skip_dag.py
[2025-11-17T01:03:26.538+0000] {processor.py:830} INFO - Processing file /home/airflow/.local/lib/python3.8/site-packages/airflow/example_dags/example_skip_dag.py for tasks to queue
[2025-11-17T01:03:26.540+0000] {logging_mixin.py:188} INFO - [2025-11-17T01:03:26.539+0000] {dagbag.py:538} INFO - Filling up the DagBag from /home/airflow/.local/lib/python3.8/site-packages/airflow/example_dags/example_skip_dag.py
[2025-11-17T01:03:26.549+0000] {processor.py:840} INFO - DAG(s) 'example_skip_dag' retrieved from /home/airflow/.local/lib/python3.8/site-packages/airflow/example_dags/example_skip_dag.py
[2025-11-17T01:03:26.575+0000] {logging_mixin.py:188} INFO - [2025-11-17T01:03:26.575+0000] {dag.py:3036} INFO - Sync 1 DAGs
[2025-11-17T01:03:26.599+0000] {logging_mixin.py:188} INFO - [2025-11-17T01:03:26.598+0000] {dag.py:3823} INFO - Setting next_dagrun for example_skip_dag to 2025-11-16 00:00:00+00:00, run_after=2025-11-17 00:00:00+00:00
[2025-11-17T01:03:26.626+0000] {processor.py:183} INFO - Processing /home/airflow/.local/lib/python3.8/site-packages/airflow/example_dags/example_skip_dag.py took 0.092 seconds
[2025-11-17T01:03:57.257+0000] {processor.py:161} INFO - Started process (PID=2758) to work on /home/airflow/.local/lib/python3.8/site-packages/airflow/example_dags/example_skip_dag.py
[2025-11-17T01:03:57.258+0000] {processor.py:830} INFO - Processing file /home/airflow/.local/lib/python3.8/site-packages/airflow/example_dags/example_skip_dag.py for tasks to queue
[2025-11-17T01:03:57.260+0000] {logging_mixin.py:188} INFO - [2025-11-17T01:03:57.260+0000] {dagbag.py:538} INFO - Filling up the DagBag from /home/airflow/.local/lib/python3.8/site-packages/airflow/example_dags/example_skip_dag.py
[2025-11-17T01:03:57.269+0000] {processor.py:840} INFO - DAG(s) 'example_skip_dag' retrieved from /home/airflow/.local/lib/python3.8/site-packages/airflow/example_dags/example_skip_dag.py
[2025-11-17T01:03:57.298+0000] {logging_mixin.py:188} INFO - [2025-11-17T01:03:57.298+0000] {dag.py:3036} INFO - Sync 1 DAGs
[2025-11-17T01:03:57.324+0000] {logging_mixin.py:188} INFO - [2025-11-17T01:03:57.324+0000] {dag.py:3823} INFO - Setting next_dagrun for example_skip_dag to 2025-11-16 00:00:00+00:00, run_after=2025-11-17 00:00:00+00:00
[2025-11-17T01:03:57.348+0000] {processor.py:183} INFO - Processing /home/airflow/.local/lib/python3.8/site-packages/airflow/example_dags/example_skip_dag.py took 0.095 seconds
[2025-11-17T01:04:27.928+0000] {processor.py:161} INFO - Started process (PID=2854) to work on /home/airflow/.local/lib/python3.8/site-packages/airflow/example_dags/example_skip_dag.py
[2025-11-17T01:04:27.929+0000] {processor.py:830} INFO - Processing file /home/airflow/.local/lib/python3.8/site-packages/airflow/example_dags/example_skip_dag.py for tasks to queue
[2025-11-17T01:04:27.934+0000] {logging_mixin.py:188} INFO - [2025-11-17T01:04:27.934+0000] {dagbag.py:538} INFO - Filling up the DagBag from /home/airflow/.local/lib/python3.8/site-packages/airflow/example_dags/example_skip_dag.py
[2025-11-17T01:04:27.943+0000] {processor.py:840} INFO - DAG(s) 'example_skip_dag' retrieved from /home/airflow/.local/lib/python3.8/site-packages/airflow/example_dags/example_skip_dag.py
[2025-11-17T01:04:27.973+0000] {logging_mixin.py:188} INFO - [2025-11-17T01:04:27.973+0000] {dag.py:3036} INFO - Sync 1 DAGs
[2025-11-17T01:04:28.001+0000] {logging_mixin.py:188} INFO - [2025-11-17T01:04:28.001+0000] {dag.py:3823} INFO - Setting next_dagrun for example_skip_dag to 2025-11-16 00:00:00+00:00, run_after=2025-11-17 00:00:00+00:00
[2025-11-17T01:04:28.022+0000] {processor.py:183} INFO - Processing /home/airflow/.local/lib/python3.8/site-packages/airflow/example_dags/example_skip_dag.py took 0.099 seconds
[2025-11-17T01:04:58.648+0000] {processor.py:161} INFO - Started process (PID=2937) to work on /home/airflow/.local/lib/python3.8/site-packages/airflow/example_dags/example_skip_dag.py
[2025-11-17T01:04:58.649+0000] {processor.py:830} INFO - Processing file /home/airflow/.local/lib/python3.8/site-packages/airflow/example_dags/example_skip_dag.py for tasks to queue
[2025-11-17T01:04:58.651+0000] {logging_mixin.py:188} INFO - [2025-11-17T01:04:58.650+0000] {dagbag.py:538} INFO - Filling up the DagBag from /home/airflow/.local/lib/python3.8/site-packages/airflow/example_dags/example_skip_dag.py
[2025-11-17T01:04:58.664+0000] {processor.py:840} INFO - DAG(s) 'example_skip_dag' retrieved from /home/airflow/.local/lib/python3.8/site-packages/airflow/example_dags/example_skip_dag.py
[2025-11-17T01:04:58.706+0000] {logging_mixin.py:188} INFO - [2025-11-17T01:04:58.705+0000] {dag.py:3036} INFO - Sync 1 DAGs
[2025-11-17T01:04:58.743+0000] {logging_mixin.py:188} INFO - [2025-11-17T01:04:58.743+0000] {dag.py:3823} INFO - Setting next_dagrun for example_skip_dag to 2025-11-16 00:00:00+00:00, run_after=2025-11-17 00:00:00+00:00
[2025-11-17T01:04:58.776+0000] {processor.py:183} INFO - Processing /home/airflow/.local/lib/python3.8/site-packages/airflow/example_dags/example_skip_dag.py took 0.135 seconds
