[2025-11-17T00:58:50.644+0000] {processor.py:161} INFO - Started process (PID=1906) to work on /home/airflow/.local/lib/python3.8/site-packages/airflow/example_dags/example_subdag_operator.py
[2025-11-17T00:58:50.646+0000] {processor.py:830} INFO - Processing file /home/airflow/.local/lib/python3.8/site-packages/airflow/example_dags/example_subdag_operator.py for tasks to queue
[2025-11-17T00:58:50.647+0000] {logging_mixin.py:188} INFO - [2025-11-17T00:58:50.647+0000] {dagbag.py:538} INFO - Filling up the DagBag from /home/airflow/.local/lib/python3.8/site-packages/airflow/example_dags/example_subdag_operator.py
[2025-11-17T00:58:50.691+0000] {processor.py:840} INFO - DAG(s) 'example_subdag_operator.section-1', 'example_subdag_operator.section-2', 'example_subdag_operator' retrieved from /home/airflow/.local/lib/python3.8/site-packages/airflow/example_dags/example_subdag_operator.py
[2025-11-17T00:58:50.717+0000] {logging_mixin.py:188} INFO - [2025-11-17T00:58:50.717+0000] {dag.py:3036} INFO - Sync 3 DAGs
[2025-11-17T00:58:50.757+0000] {logging_mixin.py:188} INFO - [2025-11-17T00:58:50.756+0000] {dag.py:3823} INFO - Setting next_dagrun for example_subdag_operator to 2022-01-01 00:00:00+00:00, run_after=2022-01-01 00:00:00+00:00
[2025-11-17T00:58:50.764+0000] {logging_mixin.py:188} INFO - [2025-11-17T00:58:50.764+0000] {dag.py:3823} INFO - Setting next_dagrun for example_subdag_operator.section-1 to None, run_after=None
[2025-11-17T00:58:50.771+0000] {logging_mixin.py:188} INFO - [2025-11-17T00:58:50.770+0000] {dag.py:3823} INFO - Setting next_dagrun for example_subdag_operator.section-2 to None, run_after=None
[2025-11-17T00:58:50.789+0000] {logging_mixin.py:188} INFO - [2025-11-17T00:58:50.788+0000] {dag.py:3036} INFO - Sync 2 DAGs
[2025-11-17T00:58:50.806+0000] {logging_mixin.py:188} INFO - [2025-11-17T00:58:50.805+0000] {dag.py:3823} INFO - Setting next_dagrun for example_subdag_operator.section-1 to None, run_after=None
[2025-11-17T00:58:50.807+0000] {logging_mixin.py:188} INFO - [2025-11-17T00:58:50.806+0000] {dag.py:3823} INFO - Setting next_dagrun for example_subdag_operator.section-2 to None, run_after=None
[2025-11-17T00:58:50.832+0000] {processor.py:183} INFO - Processing /home/airflow/.local/lib/python3.8/site-packages/airflow/example_dags/example_subdag_operator.py took 0.191 seconds
[2025-11-17T00:59:21.665+0000] {processor.py:161} INFO - Started process (PID=1986) to work on /home/airflow/.local/lib/python3.8/site-packages/airflow/example_dags/example_subdag_operator.py
[2025-11-17T00:59:21.666+0000] {processor.py:830} INFO - Processing file /home/airflow/.local/lib/python3.8/site-packages/airflow/example_dags/example_subdag_operator.py for tasks to queue
[2025-11-17T00:59:21.668+0000] {logging_mixin.py:188} INFO - [2025-11-17T00:59:21.667+0000] {dagbag.py:538} INFO - Filling up the DagBag from /home/airflow/.local/lib/python3.8/site-packages/airflow/example_dags/example_subdag_operator.py
[2025-11-17T00:59:21.696+0000] {processor.py:840} INFO - DAG(s) 'example_subdag_operator.section-1', 'example_subdag_operator.section-2', 'example_subdag_operator' retrieved from /home/airflow/.local/lib/python3.8/site-packages/airflow/example_dags/example_subdag_operator.py
[2025-11-17T00:59:21.715+0000] {logging_mixin.py:188} INFO - [2025-11-17T00:59:21.714+0000] {dag.py:3036} INFO - Sync 3 DAGs
[2025-11-17T00:59:21.738+0000] {logging_mixin.py:188} INFO - [2025-11-17T00:59:21.737+0000] {dag.py:3823} INFO - Setting next_dagrun for example_subdag_operator to 2022-01-01 00:00:00+00:00, run_after=2022-01-01 00:00:00+00:00
[2025-11-17T00:59:21.742+0000] {logging_mixin.py:188} INFO - [2025-11-17T00:59:21.742+0000] {dag.py:3823} INFO - Setting next_dagrun for example_subdag_operator.section-1 to None, run_after=None
[2025-11-17T00:59:21.745+0000] {logging_mixin.py:188} INFO - [2025-11-17T00:59:21.744+0000] {dag.py:3823} INFO - Setting next_dagrun for example_subdag_operator.section-2 to None, run_after=None
[2025-11-17T00:59:21.754+0000] {logging_mixin.py:188} INFO - [2025-11-17T00:59:21.753+0000] {dag.py:3036} INFO - Sync 2 DAGs
[2025-11-17T00:59:21.761+0000] {logging_mixin.py:188} INFO - [2025-11-17T00:59:21.760+0000] {dag.py:3823} INFO - Setting next_dagrun for example_subdag_operator.section-1 to None, run_after=None
[2025-11-17T00:59:21.762+0000] {logging_mixin.py:188} INFO - [2025-11-17T00:59:21.762+0000] {dag.py:3823} INFO - Setting next_dagrun for example_subdag_operator.section-2 to None, run_after=None
[2025-11-17T00:59:21.778+0000] {processor.py:183} INFO - Processing /home/airflow/.local/lib/python3.8/site-packages/airflow/example_dags/example_subdag_operator.py took 0.117 seconds
[2025-11-17T00:59:52.426+0000] {processor.py:161} INFO - Started process (PID=2067) to work on /home/airflow/.local/lib/python3.8/site-packages/airflow/example_dags/example_subdag_operator.py
[2025-11-17T00:59:52.427+0000] {processor.py:830} INFO - Processing file /home/airflow/.local/lib/python3.8/site-packages/airflow/example_dags/example_subdag_operator.py for tasks to queue
[2025-11-17T00:59:52.428+0000] {logging_mixin.py:188} INFO - [2025-11-17T00:59:52.428+0000] {dagbag.py:538} INFO - Filling up the DagBag from /home/airflow/.local/lib/python3.8/site-packages/airflow/example_dags/example_subdag_operator.py
[2025-11-17T00:59:52.460+0000] {processor.py:840} INFO - DAG(s) 'example_subdag_operator.section-1', 'example_subdag_operator.section-2', 'example_subdag_operator' retrieved from /home/airflow/.local/lib/python3.8/site-packages/airflow/example_dags/example_subdag_operator.py
[2025-11-17T00:59:52.478+0000] {logging_mixin.py:188} INFO - [2025-11-17T00:59:52.478+0000] {dag.py:3036} INFO - Sync 3 DAGs
[2025-11-17T00:59:52.500+0000] {logging_mixin.py:188} INFO - [2025-11-17T00:59:52.500+0000] {dag.py:3823} INFO - Setting next_dagrun for example_subdag_operator to 2022-01-01 00:00:00+00:00, run_after=2022-01-01 00:00:00+00:00
[2025-11-17T00:59:52.505+0000] {logging_mixin.py:188} INFO - [2025-11-17T00:59:52.504+0000] {dag.py:3823} INFO - Setting next_dagrun for example_subdag_operator.section-1 to None, run_after=None
[2025-11-17T00:59:52.507+0000] {logging_mixin.py:188} INFO - [2025-11-17T00:59:52.507+0000] {dag.py:3823} INFO - Setting next_dagrun for example_subdag_operator.section-2 to None, run_after=None
[2025-11-17T00:59:52.515+0000] {logging_mixin.py:188} INFO - [2025-11-17T00:59:52.515+0000] {dag.py:3036} INFO - Sync 2 DAGs
[2025-11-17T00:59:52.521+0000] {logging_mixin.py:188} INFO - [2025-11-17T00:59:52.521+0000] {dag.py:3823} INFO - Setting next_dagrun for example_subdag_operator.section-1 to None, run_after=None
[2025-11-17T00:59:52.522+0000] {logging_mixin.py:188} INFO - [2025-11-17T00:59:52.522+0000] {dag.py:3823} INFO - Setting next_dagrun for example_subdag_operator.section-2 to None, run_after=None
[2025-11-17T00:59:52.535+0000] {processor.py:183} INFO - Processing /home/airflow/.local/lib/python3.8/site-packages/airflow/example_dags/example_subdag_operator.py took 0.113 seconds
[2025-11-17T01:00:23.098+0000] {processor.py:161} INFO - Started process (PID=2163) to work on /home/airflow/.local/lib/python3.8/site-packages/airflow/example_dags/example_subdag_operator.py
[2025-11-17T01:00:23.099+0000] {processor.py:830} INFO - Processing file /home/airflow/.local/lib/python3.8/site-packages/airflow/example_dags/example_subdag_operator.py for tasks to queue
[2025-11-17T01:00:23.100+0000] {logging_mixin.py:188} INFO - [2025-11-17T01:00:23.100+0000] {dagbag.py:538} INFO - Filling up the DagBag from /home/airflow/.local/lib/python3.8/site-packages/airflow/example_dags/example_subdag_operator.py
[2025-11-17T01:00:23.131+0000] {processor.py:840} INFO - DAG(s) 'example_subdag_operator.section-1', 'example_subdag_operator.section-2', 'example_subdag_operator' retrieved from /home/airflow/.local/lib/python3.8/site-packages/airflow/example_dags/example_subdag_operator.py
[2025-11-17T01:00:23.151+0000] {logging_mixin.py:188} INFO - [2025-11-17T01:00:23.151+0000] {dag.py:3036} INFO - Sync 3 DAGs
[2025-11-17T01:00:23.228+0000] {logging_mixin.py:188} INFO - [2025-11-17T01:00:23.227+0000] {dag.py:3823} INFO - Setting next_dagrun for example_subdag_operator to 2022-01-01 00:00:00+00:00, run_after=2022-01-01 00:00:00+00:00
[2025-11-17T01:00:23.235+0000] {logging_mixin.py:188} INFO - [2025-11-17T01:00:23.234+0000] {dag.py:3823} INFO - Setting next_dagrun for example_subdag_operator.section-1 to None, run_after=None
[2025-11-17T01:00:23.237+0000] {logging_mixin.py:188} INFO - [2025-11-17T01:00:23.236+0000] {dag.py:3823} INFO - Setting next_dagrun for example_subdag_operator.section-2 to None, run_after=None
[2025-11-17T01:00:23.274+0000] {logging_mixin.py:188} INFO - [2025-11-17T01:00:23.274+0000] {dag.py:3036} INFO - Sync 2 DAGs
[2025-11-17T01:00:23.288+0000] {logging_mixin.py:188} INFO - [2025-11-17T01:00:23.288+0000] {dag.py:3823} INFO - Setting next_dagrun for example_subdag_operator.section-1 to None, run_after=None
[2025-11-17T01:00:23.289+0000] {logging_mixin.py:188} INFO - [2025-11-17T01:00:23.289+0000] {dag.py:3823} INFO - Setting next_dagrun for example_subdag_operator.section-2 to None, run_after=None
[2025-11-17T01:00:23.321+0000] {processor.py:183} INFO - Processing /home/airflow/.local/lib/python3.8/site-packages/airflow/example_dags/example_subdag_operator.py took 0.227 seconds
[2025-11-17T01:00:54.078+0000] {processor.py:161} INFO - Started process (PID=2244) to work on /home/airflow/.local/lib/python3.8/site-packages/airflow/example_dags/example_subdag_operator.py
[2025-11-17T01:00:54.079+0000] {processor.py:830} INFO - Processing file /home/airflow/.local/lib/python3.8/site-packages/airflow/example_dags/example_subdag_operator.py for tasks to queue
[2025-11-17T01:00:54.080+0000] {logging_mixin.py:188} INFO - [2025-11-17T01:00:54.080+0000] {dagbag.py:538} INFO - Filling up the DagBag from /home/airflow/.local/lib/python3.8/site-packages/airflow/example_dags/example_subdag_operator.py
[2025-11-17T01:00:54.115+0000] {processor.py:840} INFO - DAG(s) 'example_subdag_operator.section-1', 'example_subdag_operator.section-2', 'example_subdag_operator' retrieved from /home/airflow/.local/lib/python3.8/site-packages/airflow/example_dags/example_subdag_operator.py
[2025-11-17T01:00:54.139+0000] {logging_mixin.py:188} INFO - [2025-11-17T01:00:54.138+0000] {dag.py:3036} INFO - Sync 3 DAGs
[2025-11-17T01:00:54.165+0000] {logging_mixin.py:188} INFO - [2025-11-17T01:00:54.165+0000] {dag.py:3823} INFO - Setting next_dagrun for example_subdag_operator to 2022-01-01 00:00:00+00:00, run_after=2022-01-01 00:00:00+00:00
[2025-11-17T01:00:54.170+0000] {logging_mixin.py:188} INFO - [2025-11-17T01:00:54.169+0000] {dag.py:3823} INFO - Setting next_dagrun for example_subdag_operator.section-1 to None, run_after=None
[2025-11-17T01:00:54.172+0000] {logging_mixin.py:188} INFO - [2025-11-17T01:00:54.171+0000] {dag.py:3823} INFO - Setting next_dagrun for example_subdag_operator.section-2 to None, run_after=None
[2025-11-17T01:00:54.180+0000] {logging_mixin.py:188} INFO - [2025-11-17T01:00:54.180+0000] {dag.py:3036} INFO - Sync 2 DAGs
[2025-11-17T01:00:54.186+0000] {logging_mixin.py:188} INFO - [2025-11-17T01:00:54.186+0000] {dag.py:3823} INFO - Setting next_dagrun for example_subdag_operator.section-1 to None, run_after=None
[2025-11-17T01:00:54.187+0000] {logging_mixin.py:188} INFO - [2025-11-17T01:00:54.187+0000] {dag.py:3823} INFO - Setting next_dagrun for example_subdag_operator.section-2 to None, run_after=None
[2025-11-17T01:00:54.203+0000] {processor.py:183} INFO - Processing /home/airflow/.local/lib/python3.8/site-packages/airflow/example_dags/example_subdag_operator.py took 0.128 seconds
[2025-11-17T01:01:25.222+0000] {processor.py:161} INFO - Started process (PID=2331) to work on /home/airflow/.local/lib/python3.8/site-packages/airflow/example_dags/example_subdag_operator.py
[2025-11-17T01:01:25.223+0000] {processor.py:830} INFO - Processing file /home/airflow/.local/lib/python3.8/site-packages/airflow/example_dags/example_subdag_operator.py for tasks to queue
[2025-11-17T01:01:25.224+0000] {logging_mixin.py:188} INFO - [2025-11-17T01:01:25.224+0000] {dagbag.py:538} INFO - Filling up the DagBag from /home/airflow/.local/lib/python3.8/site-packages/airflow/example_dags/example_subdag_operator.py
[2025-11-17T01:01:25.261+0000] {processor.py:840} INFO - DAG(s) 'example_subdag_operator.section-1', 'example_subdag_operator.section-2', 'example_subdag_operator' retrieved from /home/airflow/.local/lib/python3.8/site-packages/airflow/example_dags/example_subdag_operator.py
[2025-11-17T01:01:25.283+0000] {logging_mixin.py:188} INFO - [2025-11-17T01:01:25.283+0000] {dag.py:3036} INFO - Sync 3 DAGs
[2025-11-17T01:01:25.313+0000] {logging_mixin.py:188} INFO - [2025-11-17T01:01:25.313+0000] {dag.py:3823} INFO - Setting next_dagrun for example_subdag_operator to 2022-01-01 00:00:00+00:00, run_after=2022-01-01 00:00:00+00:00
[2025-11-17T01:01:25.318+0000] {logging_mixin.py:188} INFO - [2025-11-17T01:01:25.317+0000] {dag.py:3823} INFO - Setting next_dagrun for example_subdag_operator.section-1 to None, run_after=None
[2025-11-17T01:01:25.320+0000] {logging_mixin.py:188} INFO - [2025-11-17T01:01:25.320+0000] {dag.py:3823} INFO - Setting next_dagrun for example_subdag_operator.section-2 to None, run_after=None
[2025-11-17T01:01:25.331+0000] {logging_mixin.py:188} INFO - [2025-11-17T01:01:25.330+0000] {dag.py:3036} INFO - Sync 2 DAGs
[2025-11-17T01:01:25.338+0000] {logging_mixin.py:188} INFO - [2025-11-17T01:01:25.338+0000] {dag.py:3823} INFO - Setting next_dagrun for example_subdag_operator.section-1 to None, run_after=None
[2025-11-17T01:01:25.339+0000] {logging_mixin.py:188} INFO - [2025-11-17T01:01:25.339+0000] {dag.py:3823} INFO - Setting next_dagrun for example_subdag_operator.section-2 to None, run_after=None
[2025-11-17T01:01:25.356+0000] {processor.py:183} INFO - Processing /home/airflow/.local/lib/python3.8/site-packages/airflow/example_dags/example_subdag_operator.py took 0.138 seconds
[2025-11-17T01:01:56.097+0000] {processor.py:161} INFO - Started process (PID=2419) to work on /home/airflow/.local/lib/python3.8/site-packages/airflow/example_dags/example_subdag_operator.py
[2025-11-17T01:01:56.098+0000] {processor.py:830} INFO - Processing file /home/airflow/.local/lib/python3.8/site-packages/airflow/example_dags/example_subdag_operator.py for tasks to queue
[2025-11-17T01:01:56.100+0000] {logging_mixin.py:188} INFO - [2025-11-17T01:01:56.099+0000] {dagbag.py:538} INFO - Filling up the DagBag from /home/airflow/.local/lib/python3.8/site-packages/airflow/example_dags/example_subdag_operator.py
[2025-11-17T01:01:56.128+0000] {processor.py:840} INFO - DAG(s) 'example_subdag_operator.section-1', 'example_subdag_operator.section-2', 'example_subdag_operator' retrieved from /home/airflow/.local/lib/python3.8/site-packages/airflow/example_dags/example_subdag_operator.py
[2025-11-17T01:01:56.151+0000] {logging_mixin.py:188} INFO - [2025-11-17T01:01:56.151+0000] {dag.py:3036} INFO - Sync 3 DAGs
[2025-11-17T01:01:56.174+0000] {logging_mixin.py:188} INFO - [2025-11-17T01:01:56.174+0000] {dag.py:3823} INFO - Setting next_dagrun for example_subdag_operator to 2022-01-01 00:00:00+00:00, run_after=2022-01-01 00:00:00+00:00
[2025-11-17T01:01:56.179+0000] {logging_mixin.py:188} INFO - [2025-11-17T01:01:56.179+0000] {dag.py:3823} INFO - Setting next_dagrun for example_subdag_operator.section-1 to None, run_after=None
[2025-11-17T01:01:56.182+0000] {logging_mixin.py:188} INFO - [2025-11-17T01:01:56.181+0000] {dag.py:3823} INFO - Setting next_dagrun for example_subdag_operator.section-2 to None, run_after=None
[2025-11-17T01:01:56.193+0000] {logging_mixin.py:188} INFO - [2025-11-17T01:01:56.192+0000] {dag.py:3036} INFO - Sync 2 DAGs
[2025-11-17T01:01:56.201+0000] {logging_mixin.py:188} INFO - [2025-11-17T01:01:56.200+0000] {dag.py:3823} INFO - Setting next_dagrun for example_subdag_operator.section-1 to None, run_after=None
[2025-11-17T01:01:56.201+0000] {logging_mixin.py:188} INFO - [2025-11-17T01:01:56.201+0000] {dag.py:3823} INFO - Setting next_dagrun for example_subdag_operator.section-2 to None, run_after=None
[2025-11-17T01:01:56.216+0000] {processor.py:183} INFO - Processing /home/airflow/.local/lib/python3.8/site-packages/airflow/example_dags/example_subdag_operator.py took 0.123 seconds
[2025-11-17T01:02:26.744+0000] {processor.py:161} INFO - Started process (PID=2500) to work on /home/airflow/.local/lib/python3.8/site-packages/airflow/example_dags/example_subdag_operator.py
[2025-11-17T01:02:26.745+0000] {processor.py:830} INFO - Processing file /home/airflow/.local/lib/python3.8/site-packages/airflow/example_dags/example_subdag_operator.py for tasks to queue
[2025-11-17T01:02:26.746+0000] {logging_mixin.py:188} INFO - [2025-11-17T01:02:26.746+0000] {dagbag.py:538} INFO - Filling up the DagBag from /home/airflow/.local/lib/python3.8/site-packages/airflow/example_dags/example_subdag_operator.py
[2025-11-17T01:02:26.773+0000] {processor.py:840} INFO - DAG(s) 'example_subdag_operator.section-1', 'example_subdag_operator.section-2', 'example_subdag_operator' retrieved from /home/airflow/.local/lib/python3.8/site-packages/airflow/example_dags/example_subdag_operator.py
[2025-11-17T01:02:26.789+0000] {logging_mixin.py:188} INFO - [2025-11-17T01:02:26.789+0000] {dag.py:3036} INFO - Sync 3 DAGs
[2025-11-17T01:02:26.810+0000] {logging_mixin.py:188} INFO - [2025-11-17T01:02:26.810+0000] {dag.py:3823} INFO - Setting next_dagrun for example_subdag_operator to 2022-01-01 00:00:00+00:00, run_after=2022-01-01 00:00:00+00:00
[2025-11-17T01:02:26.815+0000] {logging_mixin.py:188} INFO - [2025-11-17T01:02:26.814+0000] {dag.py:3823} INFO - Setting next_dagrun for example_subdag_operator.section-1 to None, run_after=None
[2025-11-17T01:02:26.817+0000] {logging_mixin.py:188} INFO - [2025-11-17T01:02:26.817+0000] {dag.py:3823} INFO - Setting next_dagrun for example_subdag_operator.section-2 to None, run_after=None
[2025-11-17T01:02:26.826+0000] {logging_mixin.py:188} INFO - [2025-11-17T01:02:26.826+0000] {dag.py:3036} INFO - Sync 2 DAGs
[2025-11-17T01:02:26.833+0000] {logging_mixin.py:188} INFO - [2025-11-17T01:02:26.832+0000] {dag.py:3823} INFO - Setting next_dagrun for example_subdag_operator.section-1 to None, run_after=None
[2025-11-17T01:02:26.834+0000] {logging_mixin.py:188} INFO - [2025-11-17T01:02:26.834+0000] {dag.py:3823} INFO - Setting next_dagrun for example_subdag_operator.section-2 to None, run_after=None
[2025-11-17T01:02:26.847+0000] {processor.py:183} INFO - Processing /home/airflow/.local/lib/python3.8/site-packages/airflow/example_dags/example_subdag_operator.py took 0.106 seconds
[2025-11-17T01:02:57.262+0000] {processor.py:161} INFO - Started process (PID=2596) to work on /home/airflow/.local/lib/python3.8/site-packages/airflow/example_dags/example_subdag_operator.py
[2025-11-17T01:02:57.263+0000] {processor.py:830} INFO - Processing file /home/airflow/.local/lib/python3.8/site-packages/airflow/example_dags/example_subdag_operator.py for tasks to queue
[2025-11-17T01:02:57.264+0000] {logging_mixin.py:188} INFO - [2025-11-17T01:02:57.264+0000] {dagbag.py:538} INFO - Filling up the DagBag from /home/airflow/.local/lib/python3.8/site-packages/airflow/example_dags/example_subdag_operator.py
[2025-11-17T01:02:57.295+0000] {processor.py:840} INFO - DAG(s) 'example_subdag_operator.section-1', 'example_subdag_operator.section-2', 'example_subdag_operator' retrieved from /home/airflow/.local/lib/python3.8/site-packages/airflow/example_dags/example_subdag_operator.py
[2025-11-17T01:02:57.312+0000] {logging_mixin.py:188} INFO - [2025-11-17T01:02:57.312+0000] {dag.py:3036} INFO - Sync 3 DAGs
[2025-11-17T01:02:57.339+0000] {logging_mixin.py:188} INFO - [2025-11-17T01:02:57.338+0000] {dag.py:3823} INFO - Setting next_dagrun for example_subdag_operator to 2022-01-01 00:00:00+00:00, run_after=2022-01-01 00:00:00+00:00
[2025-11-17T01:02:57.344+0000] {logging_mixin.py:188} INFO - [2025-11-17T01:02:57.344+0000] {dag.py:3823} INFO - Setting next_dagrun for example_subdag_operator.section-1 to None, run_after=None
[2025-11-17T01:02:57.347+0000] {logging_mixin.py:188} INFO - [2025-11-17T01:02:57.346+0000] {dag.py:3823} INFO - Setting next_dagrun for example_subdag_operator.section-2 to None, run_after=None
[2025-11-17T01:02:57.357+0000] {logging_mixin.py:188} INFO - [2025-11-17T01:02:57.357+0000] {dag.py:3036} INFO - Sync 2 DAGs
[2025-11-17T01:02:57.366+0000] {logging_mixin.py:188} INFO - [2025-11-17T01:02:57.365+0000] {dag.py:3823} INFO - Setting next_dagrun for example_subdag_operator.section-1 to None, run_after=None
[2025-11-17T01:02:57.367+0000] {logging_mixin.py:188} INFO - [2025-11-17T01:02:57.366+0000] {dag.py:3823} INFO - Setting next_dagrun for example_subdag_operator.section-2 to None, run_after=None
[2025-11-17T01:02:57.384+0000] {processor.py:183} INFO - Processing /home/airflow/.local/lib/python3.8/site-packages/airflow/example_dags/example_subdag_operator.py took 0.125 seconds
[2025-11-17T01:03:27.652+0000] {processor.py:161} INFO - Started process (PID=2677) to work on /home/airflow/.local/lib/python3.8/site-packages/airflow/example_dags/example_subdag_operator.py
[2025-11-17T01:03:27.653+0000] {processor.py:830} INFO - Processing file /home/airflow/.local/lib/python3.8/site-packages/airflow/example_dags/example_subdag_operator.py for tasks to queue
[2025-11-17T01:03:27.654+0000] {logging_mixin.py:188} INFO - [2025-11-17T01:03:27.654+0000] {dagbag.py:538} INFO - Filling up the DagBag from /home/airflow/.local/lib/python3.8/site-packages/airflow/example_dags/example_subdag_operator.py
[2025-11-17T01:03:27.684+0000] {processor.py:840} INFO - DAG(s) 'example_subdag_operator.section-1', 'example_subdag_operator.section-2', 'example_subdag_operator' retrieved from /home/airflow/.local/lib/python3.8/site-packages/airflow/example_dags/example_subdag_operator.py
[2025-11-17T01:03:27.702+0000] {logging_mixin.py:188} INFO - [2025-11-17T01:03:27.702+0000] {dag.py:3036} INFO - Sync 3 DAGs
[2025-11-17T01:03:27.729+0000] {logging_mixin.py:188} INFO - [2025-11-17T01:03:27.728+0000] {dag.py:3823} INFO - Setting next_dagrun for example_subdag_operator to 2022-01-01 00:00:00+00:00, run_after=2022-01-01 00:00:00+00:00
[2025-11-17T01:03:27.734+0000] {logging_mixin.py:188} INFO - [2025-11-17T01:03:27.733+0000] {dag.py:3823} INFO - Setting next_dagrun for example_subdag_operator.section-1 to None, run_after=None
[2025-11-17T01:03:27.736+0000] {logging_mixin.py:188} INFO - [2025-11-17T01:03:27.736+0000] {dag.py:3823} INFO - Setting next_dagrun for example_subdag_operator.section-2 to None, run_after=None
[2025-11-17T01:03:27.746+0000] {logging_mixin.py:188} INFO - [2025-11-17T01:03:27.746+0000] {dag.py:3036} INFO - Sync 2 DAGs
[2025-11-17T01:03:27.755+0000] {logging_mixin.py:188} INFO - [2025-11-17T01:03:27.754+0000] {dag.py:3823} INFO - Setting next_dagrun for example_subdag_operator.section-1 to None, run_after=None
[2025-11-17T01:03:27.756+0000] {logging_mixin.py:188} INFO - [2025-11-17T01:03:27.755+0000] {dag.py:3823} INFO - Setting next_dagrun for example_subdag_operator.section-2 to None, run_after=None
[2025-11-17T01:03:27.773+0000] {processor.py:183} INFO - Processing /home/airflow/.local/lib/python3.8/site-packages/airflow/example_dags/example_subdag_operator.py took 0.124 seconds
[2025-11-17T01:03:58.383+0000] {processor.py:161} INFO - Started process (PID=2759) to work on /home/airflow/.local/lib/python3.8/site-packages/airflow/example_dags/example_subdag_operator.py
[2025-11-17T01:03:58.385+0000] {processor.py:830} INFO - Processing file /home/airflow/.local/lib/python3.8/site-packages/airflow/example_dags/example_subdag_operator.py for tasks to queue
[2025-11-17T01:03:58.387+0000] {logging_mixin.py:188} INFO - [2025-11-17T01:03:58.386+0000] {dagbag.py:538} INFO - Filling up the DagBag from /home/airflow/.local/lib/python3.8/site-packages/airflow/example_dags/example_subdag_operator.py
[2025-11-17T01:03:58.418+0000] {processor.py:840} INFO - DAG(s) 'example_subdag_operator.section-1', 'example_subdag_operator.section-2', 'example_subdag_operator' retrieved from /home/airflow/.local/lib/python3.8/site-packages/airflow/example_dags/example_subdag_operator.py
[2025-11-17T01:03:58.439+0000] {logging_mixin.py:188} INFO - [2025-11-17T01:03:58.439+0000] {dag.py:3036} INFO - Sync 3 DAGs
[2025-11-17T01:03:58.470+0000] {logging_mixin.py:188} INFO - [2025-11-17T01:03:58.470+0000] {dag.py:3823} INFO - Setting next_dagrun for example_subdag_operator to 2022-01-01 00:00:00+00:00, run_after=2022-01-01 00:00:00+00:00
[2025-11-17T01:03:58.475+0000] {logging_mixin.py:188} INFO - [2025-11-17T01:03:58.474+0000] {dag.py:3823} INFO - Setting next_dagrun for example_subdag_operator.section-1 to None, run_after=None
[2025-11-17T01:03:58.477+0000] {logging_mixin.py:188} INFO - [2025-11-17T01:03:58.477+0000] {dag.py:3823} INFO - Setting next_dagrun for example_subdag_operator.section-2 to None, run_after=None
[2025-11-17T01:03:58.488+0000] {logging_mixin.py:188} INFO - [2025-11-17T01:03:58.487+0000] {dag.py:3036} INFO - Sync 2 DAGs
[2025-11-17T01:03:58.495+0000] {logging_mixin.py:188} INFO - [2025-11-17T01:03:58.495+0000] {dag.py:3823} INFO - Setting next_dagrun for example_subdag_operator.section-1 to None, run_after=None
[2025-11-17T01:03:58.496+0000] {logging_mixin.py:188} INFO - [2025-11-17T01:03:58.496+0000] {dag.py:3823} INFO - Setting next_dagrun for example_subdag_operator.section-2 to None, run_after=None
[2025-11-17T01:03:58.512+0000] {processor.py:183} INFO - Processing /home/airflow/.local/lib/python3.8/site-packages/airflow/example_dags/example_subdag_operator.py took 0.132 seconds
[2025-11-17T01:04:29.049+0000] {processor.py:161} INFO - Started process (PID=2855) to work on /home/airflow/.local/lib/python3.8/site-packages/airflow/example_dags/example_subdag_operator.py
[2025-11-17T01:04:29.049+0000] {processor.py:830} INFO - Processing file /home/airflow/.local/lib/python3.8/site-packages/airflow/example_dags/example_subdag_operator.py for tasks to queue
[2025-11-17T01:04:29.051+0000] {logging_mixin.py:188} INFO - [2025-11-17T01:04:29.050+0000] {dagbag.py:538} INFO - Filling up the DagBag from /home/airflow/.local/lib/python3.8/site-packages/airflow/example_dags/example_subdag_operator.py
[2025-11-17T01:04:29.091+0000] {processor.py:840} INFO - DAG(s) 'example_subdag_operator.section-1', 'example_subdag_operator.section-2', 'example_subdag_operator' retrieved from /home/airflow/.local/lib/python3.8/site-packages/airflow/example_dags/example_subdag_operator.py
[2025-11-17T01:04:29.115+0000] {logging_mixin.py:188} INFO - [2025-11-17T01:04:29.114+0000] {dag.py:3036} INFO - Sync 3 DAGs
[2025-11-17T01:04:29.155+0000] {logging_mixin.py:188} INFO - [2025-11-17T01:04:29.154+0000] {dag.py:3823} INFO - Setting next_dagrun for example_subdag_operator to 2022-01-01 00:00:00+00:00, run_after=2022-01-01 00:00:00+00:00
[2025-11-17T01:04:29.166+0000] {logging_mixin.py:188} INFO - [2025-11-17T01:04:29.166+0000] {dag.py:3823} INFO - Setting next_dagrun for example_subdag_operator.section-1 to None, run_after=None
[2025-11-17T01:04:29.169+0000] {logging_mixin.py:188} INFO - [2025-11-17T01:04:29.169+0000] {dag.py:3823} INFO - Setting next_dagrun for example_subdag_operator.section-2 to None, run_after=None
[2025-11-17T01:04:29.185+0000] {logging_mixin.py:188} INFO - [2025-11-17T01:04:29.184+0000] {dag.py:3036} INFO - Sync 2 DAGs
[2025-11-17T01:04:29.193+0000] {logging_mixin.py:188} INFO - [2025-11-17T01:04:29.193+0000] {dag.py:3823} INFO - Setting next_dagrun for example_subdag_operator.section-1 to None, run_after=None
[2025-11-17T01:04:29.194+0000] {logging_mixin.py:188} INFO - [2025-11-17T01:04:29.194+0000] {dag.py:3823} INFO - Setting next_dagrun for example_subdag_operator.section-2 to None, run_after=None
[2025-11-17T01:04:29.212+0000] {processor.py:183} INFO - Processing /home/airflow/.local/lib/python3.8/site-packages/airflow/example_dags/example_subdag_operator.py took 0.166 seconds
[2025-11-17T01:04:59.822+0000] {processor.py:161} INFO - Started process (PID=2938) to work on /home/airflow/.local/lib/python3.8/site-packages/airflow/example_dags/example_subdag_operator.py
[2025-11-17T01:04:59.825+0000] {processor.py:830} INFO - Processing file /home/airflow/.local/lib/python3.8/site-packages/airflow/example_dags/example_subdag_operator.py for tasks to queue
[2025-11-17T01:04:59.826+0000] {logging_mixin.py:188} INFO - [2025-11-17T01:04:59.826+0000] {dagbag.py:538} INFO - Filling up the DagBag from /home/airflow/.local/lib/python3.8/site-packages/airflow/example_dags/example_subdag_operator.py
[2025-11-17T01:04:59.863+0000] {processor.py:840} INFO - DAG(s) 'example_subdag_operator.section-1', 'example_subdag_operator.section-2', 'example_subdag_operator' retrieved from /home/airflow/.local/lib/python3.8/site-packages/airflow/example_dags/example_subdag_operator.py
[2025-11-17T01:04:59.890+0000] {logging_mixin.py:188} INFO - [2025-11-17T01:04:59.888+0000] {dag.py:3036} INFO - Sync 3 DAGs
[2025-11-17T01:04:59.919+0000] {logging_mixin.py:188} INFO - [2025-11-17T01:04:59.918+0000] {dag.py:3823} INFO - Setting next_dagrun for example_subdag_operator to 2022-01-01 00:00:00+00:00, run_after=2022-01-01 00:00:00+00:00
[2025-11-17T01:04:59.927+0000] {logging_mixin.py:188} INFO - [2025-11-17T01:04:59.927+0000] {dag.py:3823} INFO - Setting next_dagrun for example_subdag_operator.section-1 to None, run_after=None
[2025-11-17T01:04:59.930+0000] {logging_mixin.py:188} INFO - [2025-11-17T01:04:59.929+0000] {dag.py:3823} INFO - Setting next_dagrun for example_subdag_operator.section-2 to None, run_after=None
[2025-11-17T01:04:59.948+0000] {logging_mixin.py:188} INFO - [2025-11-17T01:04:59.947+0000] {dag.py:3036} INFO - Sync 2 DAGs
[2025-11-17T01:04:59.959+0000] {logging_mixin.py:188} INFO - [2025-11-17T01:04:59.959+0000] {dag.py:3823} INFO - Setting next_dagrun for example_subdag_operator.section-1 to None, run_after=None
[2025-11-17T01:04:59.960+0000] {logging_mixin.py:188} INFO - [2025-11-17T01:04:59.960+0000] {dag.py:3823} INFO - Setting next_dagrun for example_subdag_operator.section-2 to None, run_after=None
[2025-11-17T01:04:59.985+0000] {processor.py:183} INFO - Processing /home/airflow/.local/lib/python3.8/site-packages/airflow/example_dags/example_subdag_operator.py took 0.168 seconds
