[2025-11-17T00:58:51.369+0000] {processor.py:161} INFO - Started process (PID=1914) to work on /home/airflow/.local/lib/python3.8/site-packages/airflow/example_dags/example_latest_only_with_trigger.py
[2025-11-17T00:58:51.370+0000] {processor.py:830} INFO - Processing file /home/airflow/.local/lib/python3.8/site-packages/airflow/example_dags/example_latest_only_with_trigger.py for tasks to queue
[2025-11-17T00:58:51.372+0000] {logging_mixin.py:188} INFO - [2025-11-17T00:58:51.372+0000] {dagbag.py:538} INFO - Filling up the DagBag from /home/airflow/.local/lib/python3.8/site-packages/airflow/example_dags/example_latest_only_with_trigger.py
[2025-11-17T00:58:51.382+0000] {processor.py:840} INFO - DAG(s) 'latest_only_with_trigger' retrieved from /home/airflow/.local/lib/python3.8/site-packages/airflow/example_dags/example_latest_only_with_trigger.py
[2025-11-17T00:58:51.421+0000] {logging_mixin.py:188} INFO - [2025-11-17T00:58:51.420+0000] {dag.py:3036} INFO - Sync 1 DAGs
[2025-11-17T00:58:51.453+0000] {logging_mixin.py:188} INFO - [2025-11-17T00:58:51.452+0000] {dag.py:3823} INFO - Setting next_dagrun for latest_only_with_trigger to 2025-11-16 20:00:00+00:00, run_after=2025-11-17 00:00:00+00:00
[2025-11-17T00:58:51.488+0000] {processor.py:183} INFO - Processing /home/airflow/.local/lib/python3.8/site-packages/airflow/example_dags/example_latest_only_with_trigger.py took 0.122 seconds
[2025-11-17T00:59:22.141+0000] {processor.py:161} INFO - Started process (PID=1994) to work on /home/airflow/.local/lib/python3.8/site-packages/airflow/example_dags/example_latest_only_with_trigger.py
[2025-11-17T00:59:22.143+0000] {processor.py:830} INFO - Processing file /home/airflow/.local/lib/python3.8/site-packages/airflow/example_dags/example_latest_only_with_trigger.py for tasks to queue
[2025-11-17T00:59:22.144+0000] {logging_mixin.py:188} INFO - [2025-11-17T00:59:22.143+0000] {dagbag.py:538} INFO - Filling up the DagBag from /home/airflow/.local/lib/python3.8/site-packages/airflow/example_dags/example_latest_only_with_trigger.py
[2025-11-17T00:59:22.149+0000] {processor.py:840} INFO - DAG(s) 'latest_only_with_trigger' retrieved from /home/airflow/.local/lib/python3.8/site-packages/airflow/example_dags/example_latest_only_with_trigger.py
[2025-11-17T00:59:22.178+0000] {logging_mixin.py:188} INFO - [2025-11-17T00:59:22.178+0000] {dag.py:3036} INFO - Sync 1 DAGs
[2025-11-17T00:59:22.202+0000] {logging_mixin.py:188} INFO - [2025-11-17T00:59:22.202+0000] {dag.py:3823} INFO - Setting next_dagrun for latest_only_with_trigger to 2025-11-16 20:00:00+00:00, run_after=2025-11-17 00:00:00+00:00
[2025-11-17T00:59:22.225+0000] {processor.py:183} INFO - Processing /home/airflow/.local/lib/python3.8/site-packages/airflow/example_dags/example_latest_only_with_trigger.py took 0.088 seconds
[2025-11-17T00:59:52.904+0000] {processor.py:161} INFO - Started process (PID=2075) to work on /home/airflow/.local/lib/python3.8/site-packages/airflow/example_dags/example_latest_only_with_trigger.py
[2025-11-17T00:59:52.905+0000] {processor.py:830} INFO - Processing file /home/airflow/.local/lib/python3.8/site-packages/airflow/example_dags/example_latest_only_with_trigger.py for tasks to queue
[2025-11-17T00:59:52.907+0000] {logging_mixin.py:188} INFO - [2025-11-17T00:59:52.906+0000] {dagbag.py:538} INFO - Filling up the DagBag from /home/airflow/.local/lib/python3.8/site-packages/airflow/example_dags/example_latest_only_with_trigger.py
[2025-11-17T00:59:52.913+0000] {processor.py:840} INFO - DAG(s) 'latest_only_with_trigger' retrieved from /home/airflow/.local/lib/python3.8/site-packages/airflow/example_dags/example_latest_only_with_trigger.py
[2025-11-17T00:59:52.942+0000] {logging_mixin.py:188} INFO - [2025-11-17T00:59:52.942+0000] {dag.py:3036} INFO - Sync 1 DAGs
[2025-11-17T00:59:52.965+0000] {logging_mixin.py:188} INFO - [2025-11-17T00:59:52.965+0000] {dag.py:3823} INFO - Setting next_dagrun for latest_only_with_trigger to 2025-11-16 20:00:00+00:00, run_after=2025-11-17 00:00:00+00:00
[2025-11-17T00:59:52.988+0000] {processor.py:183} INFO - Processing /home/airflow/.local/lib/python3.8/site-packages/airflow/example_dags/example_latest_only_with_trigger.py took 0.087 seconds
[2025-11-17T01:00:23.999+0000] {processor.py:161} INFO - Started process (PID=2171) to work on /home/airflow/.local/lib/python3.8/site-packages/airflow/example_dags/example_latest_only_with_trigger.py
[2025-11-17T01:00:24.000+0000] {processor.py:830} INFO - Processing file /home/airflow/.local/lib/python3.8/site-packages/airflow/example_dags/example_latest_only_with_trigger.py for tasks to queue
[2025-11-17T01:00:24.001+0000] {logging_mixin.py:188} INFO - [2025-11-17T01:00:24.001+0000] {dagbag.py:538} INFO - Filling up the DagBag from /home/airflow/.local/lib/python3.8/site-packages/airflow/example_dags/example_latest_only_with_trigger.py
[2025-11-17T01:00:24.008+0000] {processor.py:840} INFO - DAG(s) 'latest_only_with_trigger' retrieved from /home/airflow/.local/lib/python3.8/site-packages/airflow/example_dags/example_latest_only_with_trigger.py
[2025-11-17T01:00:24.035+0000] {logging_mixin.py:188} INFO - [2025-11-17T01:00:24.035+0000] {dag.py:3036} INFO - Sync 1 DAGs
[2025-11-17T01:00:24.063+0000] {logging_mixin.py:188} INFO - [2025-11-17T01:00:24.062+0000] {dag.py:3823} INFO - Setting next_dagrun for latest_only_with_trigger to 2025-11-16 20:00:00+00:00, run_after=2025-11-17 00:00:00+00:00
[2025-11-17T01:00:24.086+0000] {processor.py:183} INFO - Processing /home/airflow/.local/lib/python3.8/site-packages/airflow/example_dags/example_latest_only_with_trigger.py took 0.092 seconds
[2025-11-17T01:00:54.755+0000] {processor.py:161} INFO - Started process (PID=2252) to work on /home/airflow/.local/lib/python3.8/site-packages/airflow/example_dags/example_latest_only_with_trigger.py
[2025-11-17T01:00:54.756+0000] {processor.py:830} INFO - Processing file /home/airflow/.local/lib/python3.8/site-packages/airflow/example_dags/example_latest_only_with_trigger.py for tasks to queue
[2025-11-17T01:00:54.758+0000] {logging_mixin.py:188} INFO - [2025-11-17T01:00:54.757+0000] {dagbag.py:538} INFO - Filling up the DagBag from /home/airflow/.local/lib/python3.8/site-packages/airflow/example_dags/example_latest_only_with_trigger.py
[2025-11-17T01:00:54.764+0000] {processor.py:840} INFO - DAG(s) 'latest_only_with_trigger' retrieved from /home/airflow/.local/lib/python3.8/site-packages/airflow/example_dags/example_latest_only_with_trigger.py
[2025-11-17T01:00:54.791+0000] {logging_mixin.py:188} INFO - [2025-11-17T01:00:54.790+0000] {dag.py:3036} INFO - Sync 1 DAGs
[2025-11-17T01:00:54.814+0000] {logging_mixin.py:188} INFO - [2025-11-17T01:00:54.814+0000] {dag.py:3823} INFO - Setting next_dagrun for latest_only_with_trigger to 2025-11-16 20:00:00+00:00, run_after=2025-11-17 00:00:00+00:00
[2025-11-17T01:00:54.840+0000] {processor.py:183} INFO - Processing /home/airflow/.local/lib/python3.8/site-packages/airflow/example_dags/example_latest_only_with_trigger.py took 0.089 seconds
[2025-11-17T01:01:26.453+0000] {processor.py:161} INFO - Started process (PID=2341) to work on /home/airflow/.local/lib/python3.8/site-packages/airflow/example_dags/example_latest_only_with_trigger.py
[2025-11-17T01:01:26.454+0000] {processor.py:830} INFO - Processing file /home/airflow/.local/lib/python3.8/site-packages/airflow/example_dags/example_latest_only_with_trigger.py for tasks to queue
[2025-11-17T01:01:26.455+0000] {logging_mixin.py:188} INFO - [2025-11-17T01:01:26.455+0000] {dagbag.py:538} INFO - Filling up the DagBag from /home/airflow/.local/lib/python3.8/site-packages/airflow/example_dags/example_latest_only_with_trigger.py
[2025-11-17T01:01:26.462+0000] {processor.py:840} INFO - DAG(s) 'latest_only_with_trigger' retrieved from /home/airflow/.local/lib/python3.8/site-packages/airflow/example_dags/example_latest_only_with_trigger.py
[2025-11-17T01:01:26.497+0000] {logging_mixin.py:188} INFO - [2025-11-17T01:01:26.497+0000] {dag.py:3036} INFO - Sync 1 DAGs
[2025-11-17T01:01:26.523+0000] {logging_mixin.py:188} INFO - [2025-11-17T01:01:26.523+0000] {dag.py:3823} INFO - Setting next_dagrun for latest_only_with_trigger to 2025-11-16 20:00:00+00:00, run_after=2025-11-17 00:00:00+00:00
[2025-11-17T01:01:26.550+0000] {processor.py:183} INFO - Processing /home/airflow/.local/lib/python3.8/site-packages/airflow/example_dags/example_latest_only_with_trigger.py took 0.101 seconds
[2025-11-17T01:01:56.908+0000] {processor.py:161} INFO - Started process (PID=2429) to work on /home/airflow/.local/lib/python3.8/site-packages/airflow/example_dags/example_latest_only_with_trigger.py
[2025-11-17T01:01:56.910+0000] {processor.py:830} INFO - Processing file /home/airflow/.local/lib/python3.8/site-packages/airflow/example_dags/example_latest_only_with_trigger.py for tasks to queue
[2025-11-17T01:01:56.911+0000] {logging_mixin.py:188} INFO - [2025-11-17T01:01:56.910+0000] {dagbag.py:538} INFO - Filling up the DagBag from /home/airflow/.local/lib/python3.8/site-packages/airflow/example_dags/example_latest_only_with_trigger.py
[2025-11-17T01:01:56.917+0000] {processor.py:840} INFO - DAG(s) 'latest_only_with_trigger' retrieved from /home/airflow/.local/lib/python3.8/site-packages/airflow/example_dags/example_latest_only_with_trigger.py
[2025-11-17T01:01:56.941+0000] {logging_mixin.py:188} INFO - [2025-11-17T01:01:56.940+0000] {dag.py:3036} INFO - Sync 1 DAGs
[2025-11-17T01:01:56.962+0000] {logging_mixin.py:188} INFO - [2025-11-17T01:01:56.961+0000] {dag.py:3823} INFO - Setting next_dagrun for latest_only_with_trigger to 2025-11-16 20:00:00+00:00, run_after=2025-11-17 00:00:00+00:00
[2025-11-17T01:01:56.985+0000] {processor.py:183} INFO - Processing /home/airflow/.local/lib/python3.8/site-packages/airflow/example_dags/example_latest_only_with_trigger.py took 0.080 seconds
[2025-11-17T01:02:27.235+0000] {processor.py:161} INFO - Started process (PID=2508) to work on /home/airflow/.local/lib/python3.8/site-packages/airflow/example_dags/example_latest_only_with_trigger.py
[2025-11-17T01:02:27.236+0000] {processor.py:830} INFO - Processing file /home/airflow/.local/lib/python3.8/site-packages/airflow/example_dags/example_latest_only_with_trigger.py for tasks to queue
[2025-11-17T01:02:27.237+0000] {logging_mixin.py:188} INFO - [2025-11-17T01:02:27.237+0000] {dagbag.py:538} INFO - Filling up the DagBag from /home/airflow/.local/lib/python3.8/site-packages/airflow/example_dags/example_latest_only_with_trigger.py
[2025-11-17T01:02:27.246+0000] {processor.py:840} INFO - DAG(s) 'latest_only_with_trigger' retrieved from /home/airflow/.local/lib/python3.8/site-packages/airflow/example_dags/example_latest_only_with_trigger.py
[2025-11-17T01:02:27.284+0000] {logging_mixin.py:188} INFO - [2025-11-17T01:02:27.284+0000] {dag.py:3036} INFO - Sync 1 DAGs
[2025-11-17T01:02:27.315+0000] {logging_mixin.py:188} INFO - [2025-11-17T01:02:27.315+0000] {dag.py:3823} INFO - Setting next_dagrun for latest_only_with_trigger to 2025-11-16 20:00:00+00:00, run_after=2025-11-17 00:00:00+00:00
[2025-11-17T01:02:27.336+0000] {processor.py:183} INFO - Processing /home/airflow/.local/lib/python3.8/site-packages/airflow/example_dags/example_latest_only_with_trigger.py took 0.104 seconds
[2025-11-17T01:02:57.833+0000] {processor.py:161} INFO - Started process (PID=2604) to work on /home/airflow/.local/lib/python3.8/site-packages/airflow/example_dags/example_latest_only_with_trigger.py
[2025-11-17T01:02:57.834+0000] {processor.py:830} INFO - Processing file /home/airflow/.local/lib/python3.8/site-packages/airflow/example_dags/example_latest_only_with_trigger.py for tasks to queue
[2025-11-17T01:02:57.835+0000] {logging_mixin.py:188} INFO - [2025-11-17T01:02:57.835+0000] {dagbag.py:538} INFO - Filling up the DagBag from /home/airflow/.local/lib/python3.8/site-packages/airflow/example_dags/example_latest_only_with_trigger.py
[2025-11-17T01:02:57.845+0000] {processor.py:840} INFO - DAG(s) 'latest_only_with_trigger' retrieved from /home/airflow/.local/lib/python3.8/site-packages/airflow/example_dags/example_latest_only_with_trigger.py
[2025-11-17T01:02:57.885+0000] {logging_mixin.py:188} INFO - [2025-11-17T01:02:57.885+0000] {dag.py:3036} INFO - Sync 1 DAGs
[2025-11-17T01:02:57.920+0000] {logging_mixin.py:188} INFO - [2025-11-17T01:02:57.919+0000] {dag.py:3823} INFO - Setting next_dagrun for latest_only_with_trigger to 2025-11-16 20:00:00+00:00, run_after=2025-11-17 00:00:00+00:00
[2025-11-17T01:02:57.949+0000] {processor.py:183} INFO - Processing /home/airflow/.local/lib/python3.8/site-packages/airflow/example_dags/example_latest_only_with_trigger.py took 0.120 seconds
[2025-11-17T01:03:28.199+0000] {processor.py:161} INFO - Started process (PID=2685) to work on /home/airflow/.local/lib/python3.8/site-packages/airflow/example_dags/example_latest_only_with_trigger.py
[2025-11-17T01:03:28.200+0000] {processor.py:830} INFO - Processing file /home/airflow/.local/lib/python3.8/site-packages/airflow/example_dags/example_latest_only_with_trigger.py for tasks to queue
[2025-11-17T01:03:28.202+0000] {logging_mixin.py:188} INFO - [2025-11-17T01:03:28.201+0000] {dagbag.py:538} INFO - Filling up the DagBag from /home/airflow/.local/lib/python3.8/site-packages/airflow/example_dags/example_latest_only_with_trigger.py
[2025-11-17T01:03:28.211+0000] {processor.py:840} INFO - DAG(s) 'latest_only_with_trigger' retrieved from /home/airflow/.local/lib/python3.8/site-packages/airflow/example_dags/example_latest_only_with_trigger.py
[2025-11-17T01:03:28.250+0000] {logging_mixin.py:188} INFO - [2025-11-17T01:03:28.250+0000] {dag.py:3036} INFO - Sync 1 DAGs
[2025-11-17T01:03:28.282+0000] {logging_mixin.py:188} INFO - [2025-11-17T01:03:28.282+0000] {dag.py:3823} INFO - Setting next_dagrun for latest_only_with_trigger to 2025-11-16 20:00:00+00:00, run_after=2025-11-17 00:00:00+00:00
[2025-11-17T01:03:28.343+0000] {processor.py:183} INFO - Processing /home/airflow/.local/lib/python3.8/site-packages/airflow/example_dags/example_latest_only_with_trigger.py took 0.151 seconds
[2025-11-17T01:03:58.873+0000] {processor.py:161} INFO - Started process (PID=2767) to work on /home/airflow/.local/lib/python3.8/site-packages/airflow/example_dags/example_latest_only_with_trigger.py
[2025-11-17T01:03:58.875+0000] {processor.py:830} INFO - Processing file /home/airflow/.local/lib/python3.8/site-packages/airflow/example_dags/example_latest_only_with_trigger.py for tasks to queue
[2025-11-17T01:03:58.877+0000] {logging_mixin.py:188} INFO - [2025-11-17T01:03:58.876+0000] {dagbag.py:538} INFO - Filling up the DagBag from /home/airflow/.local/lib/python3.8/site-packages/airflow/example_dags/example_latest_only_with_trigger.py
[2025-11-17T01:03:58.888+0000] {processor.py:840} INFO - DAG(s) 'latest_only_with_trigger' retrieved from /home/airflow/.local/lib/python3.8/site-packages/airflow/example_dags/example_latest_only_with_trigger.py
[2025-11-17T01:03:58.930+0000] {logging_mixin.py:188} INFO - [2025-11-17T01:03:58.929+0000] {dag.py:3036} INFO - Sync 1 DAGs
[2025-11-17T01:03:58.990+0000] {logging_mixin.py:188} INFO - [2025-11-17T01:03:58.989+0000] {dag.py:3823} INFO - Setting next_dagrun for latest_only_with_trigger to 2025-11-16 20:00:00+00:00, run_after=2025-11-17 00:00:00+00:00
[2025-11-17T01:03:59.022+0000] {processor.py:183} INFO - Processing /home/airflow/.local/lib/python3.8/site-packages/airflow/example_dags/example_latest_only_with_trigger.py took 0.154 seconds
[2025-11-17T01:04:29.615+0000] {processor.py:161} INFO - Started process (PID=2863) to work on /home/airflow/.local/lib/python3.8/site-packages/airflow/example_dags/example_latest_only_with_trigger.py
[2025-11-17T01:04:29.615+0000] {processor.py:830} INFO - Processing file /home/airflow/.local/lib/python3.8/site-packages/airflow/example_dags/example_latest_only_with_trigger.py for tasks to queue
[2025-11-17T01:04:29.617+0000] {logging_mixin.py:188} INFO - [2025-11-17T01:04:29.616+0000] {dagbag.py:538} INFO - Filling up the DagBag from /home/airflow/.local/lib/python3.8/site-packages/airflow/example_dags/example_latest_only_with_trigger.py
[2025-11-17T01:04:29.623+0000] {processor.py:840} INFO - DAG(s) 'latest_only_with_trigger' retrieved from /home/airflow/.local/lib/python3.8/site-packages/airflow/example_dags/example_latest_only_with_trigger.py
[2025-11-17T01:04:29.648+0000] {logging_mixin.py:188} INFO - [2025-11-17T01:04:29.648+0000] {dag.py:3036} INFO - Sync 1 DAGs
[2025-11-17T01:04:29.672+0000] {logging_mixin.py:188} INFO - [2025-11-17T01:04:29.672+0000] {dag.py:3823} INFO - Setting next_dagrun for latest_only_with_trigger to 2025-11-16 20:00:00+00:00, run_after=2025-11-17 00:00:00+00:00
[2025-11-17T01:04:29.699+0000] {processor.py:183} INFO - Processing /home/airflow/.local/lib/python3.8/site-packages/airflow/example_dags/example_latest_only_with_trigger.py took 0.089 seconds
[2025-11-17T01:05:00.490+0000] {processor.py:161} INFO - Started process (PID=2946) to work on /home/airflow/.local/lib/python3.8/site-packages/airflow/example_dags/example_latest_only_with_trigger.py
[2025-11-17T01:05:00.491+0000] {processor.py:830} INFO - Processing file /home/airflow/.local/lib/python3.8/site-packages/airflow/example_dags/example_latest_only_with_trigger.py for tasks to queue
[2025-11-17T01:05:00.492+0000] {logging_mixin.py:188} INFO - [2025-11-17T01:05:00.491+0000] {dagbag.py:538} INFO - Filling up the DagBag from /home/airflow/.local/lib/python3.8/site-packages/airflow/example_dags/example_latest_only_with_trigger.py
[2025-11-17T01:05:00.499+0000] {processor.py:840} INFO - DAG(s) 'latest_only_with_trigger' retrieved from /home/airflow/.local/lib/python3.8/site-packages/airflow/example_dags/example_latest_only_with_trigger.py
[2025-11-17T01:05:00.527+0000] {logging_mixin.py:188} INFO - [2025-11-17T01:05:00.527+0000] {dag.py:3036} INFO - Sync 1 DAGs
[2025-11-17T01:05:00.563+0000] {logging_mixin.py:188} INFO - [2025-11-17T01:05:00.563+0000] {dag.py:3823} INFO - Setting next_dagrun for latest_only_with_trigger to 2025-11-16 20:00:00+00:00, run_after=2025-11-17 00:00:00+00:00
[2025-11-17T01:05:00.594+0000] {processor.py:183} INFO - Processing /home/airflow/.local/lib/python3.8/site-packages/airflow/example_dags/example_latest_only_with_trigger.py took 0.108 seconds
