[2025-11-17T00:58:50.931+0000] {processor.py:161} INFO - Started process (PID=1909) to work on /home/airflow/.local/lib/python3.8/site-packages/airflow/example_dags/tutorial.py
[2025-11-17T00:58:50.933+0000] {processor.py:830} INFO - Processing file /home/airflow/.local/lib/python3.8/site-packages/airflow/example_dags/tutorial.py for tasks to queue
[2025-11-17T00:58:50.934+0000] {logging_mixin.py:188} INFO - [2025-11-17T00:58:50.934+0000] {dagbag.py:538} INFO - Filling up the DagBag from /home/airflow/.local/lib/python3.8/site-packages/airflow/example_dags/tutorial.py
[2025-11-17T00:58:50.945+0000] {processor.py:840} INFO - DAG(s) 'tutorial' retrieved from /home/airflow/.local/lib/python3.8/site-packages/airflow/example_dags/tutorial.py
[2025-11-17T00:58:50.982+0000] {logging_mixin.py:188} INFO - [2025-11-17T00:58:50.980+0000] {dag.py:3036} INFO - Sync 1 DAGs
[2025-11-17T00:58:51.020+0000] {logging_mixin.py:188} INFO - [2025-11-17T00:58:51.020+0000] {dag.py:3823} INFO - Setting next_dagrun for tutorial to 2025-11-16 00:00:00+00:00, run_after=2025-11-17 00:00:00+00:00
[2025-11-17T00:58:51.056+0000] {processor.py:183} INFO - Processing /home/airflow/.local/lib/python3.8/site-packages/airflow/example_dags/tutorial.py took 0.132 seconds
[2025-11-17T00:59:21.812+0000] {processor.py:161} INFO - Started process (PID=1989) to work on /home/airflow/.local/lib/python3.8/site-packages/airflow/example_dags/tutorial.py
[2025-11-17T00:59:21.814+0000] {processor.py:830} INFO - Processing file /home/airflow/.local/lib/python3.8/site-packages/airflow/example_dags/tutorial.py for tasks to queue
[2025-11-17T00:59:21.815+0000] {logging_mixin.py:188} INFO - [2025-11-17T00:59:21.815+0000] {dagbag.py:538} INFO - Filling up the DagBag from /home/airflow/.local/lib/python3.8/site-packages/airflow/example_dags/tutorial.py
[2025-11-17T00:59:21.822+0000] {processor.py:840} INFO - DAG(s) 'tutorial' retrieved from /home/airflow/.local/lib/python3.8/site-packages/airflow/example_dags/tutorial.py
[2025-11-17T00:59:21.848+0000] {logging_mixin.py:188} INFO - [2025-11-17T00:59:21.847+0000] {dag.py:3036} INFO - Sync 1 DAGs
[2025-11-17T00:59:21.871+0000] {logging_mixin.py:188} INFO - [2025-11-17T00:59:21.870+0000] {dag.py:3823} INFO - Setting next_dagrun for tutorial to 2025-11-16 00:00:00+00:00, run_after=2025-11-17 00:00:00+00:00
[2025-11-17T00:59:21.895+0000] {processor.py:183} INFO - Processing /home/airflow/.local/lib/python3.8/site-packages/airflow/example_dags/tutorial.py took 0.086 seconds
[2025-11-17T00:59:52.573+0000] {processor.py:161} INFO - Started process (PID=2070) to work on /home/airflow/.local/lib/python3.8/site-packages/airflow/example_dags/tutorial.py
[2025-11-17T00:59:52.573+0000] {processor.py:830} INFO - Processing file /home/airflow/.local/lib/python3.8/site-packages/airflow/example_dags/tutorial.py for tasks to queue
[2025-11-17T00:59:52.574+0000] {logging_mixin.py:188} INFO - [2025-11-17T00:59:52.574+0000] {dagbag.py:538} INFO - Filling up the DagBag from /home/airflow/.local/lib/python3.8/site-packages/airflow/example_dags/tutorial.py
[2025-11-17T00:59:52.581+0000] {processor.py:840} INFO - DAG(s) 'tutorial' retrieved from /home/airflow/.local/lib/python3.8/site-packages/airflow/example_dags/tutorial.py
[2025-11-17T00:59:52.604+0000] {logging_mixin.py:188} INFO - [2025-11-17T00:59:52.604+0000] {dag.py:3036} INFO - Sync 1 DAGs
[2025-11-17T00:59:52.628+0000] {logging_mixin.py:188} INFO - [2025-11-17T00:59:52.627+0000] {dag.py:3823} INFO - Setting next_dagrun for tutorial to 2025-11-16 00:00:00+00:00, run_after=2025-11-17 00:00:00+00:00
[2025-11-17T00:59:52.650+0000] {processor.py:183} INFO - Processing /home/airflow/.local/lib/python3.8/site-packages/airflow/example_dags/tutorial.py took 0.080 seconds
[2025-11-17T01:00:23.593+0000] {processor.py:161} INFO - Started process (PID=2166) to work on /home/airflow/.local/lib/python3.8/site-packages/airflow/example_dags/tutorial.py
[2025-11-17T01:00:23.594+0000] {processor.py:830} INFO - Processing file /home/airflow/.local/lib/python3.8/site-packages/airflow/example_dags/tutorial.py for tasks to queue
[2025-11-17T01:00:23.596+0000] {logging_mixin.py:188} INFO - [2025-11-17T01:00:23.595+0000] {dagbag.py:538} INFO - Filling up the DagBag from /home/airflow/.local/lib/python3.8/site-packages/airflow/example_dags/tutorial.py
[2025-11-17T01:00:23.603+0000] {processor.py:840} INFO - DAG(s) 'tutorial' retrieved from /home/airflow/.local/lib/python3.8/site-packages/airflow/example_dags/tutorial.py
[2025-11-17T01:00:23.634+0000] {logging_mixin.py:188} INFO - [2025-11-17T01:00:23.634+0000] {dag.py:3036} INFO - Sync 1 DAGs
[2025-11-17T01:00:23.659+0000] {logging_mixin.py:188} INFO - [2025-11-17T01:00:23.659+0000] {dag.py:3823} INFO - Setting next_dagrun for tutorial to 2025-11-16 00:00:00+00:00, run_after=2025-11-17 00:00:00+00:00
[2025-11-17T01:00:23.684+0000] {processor.py:183} INFO - Processing /home/airflow/.local/lib/python3.8/site-packages/airflow/example_dags/tutorial.py took 0.095 seconds
[2025-11-17T01:00:54.472+0000] {processor.py:161} INFO - Started process (PID=2247) to work on /home/airflow/.local/lib/python3.8/site-packages/airflow/example_dags/tutorial.py
[2025-11-17T01:00:54.473+0000] {processor.py:830} INFO - Processing file /home/airflow/.local/lib/python3.8/site-packages/airflow/example_dags/tutorial.py for tasks to queue
[2025-11-17T01:00:54.474+0000] {logging_mixin.py:188} INFO - [2025-11-17T01:00:54.474+0000] {dagbag.py:538} INFO - Filling up the DagBag from /home/airflow/.local/lib/python3.8/site-packages/airflow/example_dags/tutorial.py
[2025-11-17T01:00:54.481+0000] {processor.py:840} INFO - DAG(s) 'tutorial' retrieved from /home/airflow/.local/lib/python3.8/site-packages/airflow/example_dags/tutorial.py
[2025-11-17T01:00:54.506+0000] {logging_mixin.py:188} INFO - [2025-11-17T01:00:54.506+0000] {dag.py:3036} INFO - Sync 1 DAGs
[2025-11-17T01:00:54.532+0000] {logging_mixin.py:188} INFO - [2025-11-17T01:00:54.532+0000] {dag.py:3823} INFO - Setting next_dagrun for tutorial to 2025-11-16 00:00:00+00:00, run_after=2025-11-17 00:00:00+00:00
[2025-11-17T01:00:54.558+0000] {processor.py:183} INFO - Processing /home/airflow/.local/lib/python3.8/site-packages/airflow/example_dags/tutorial.py took 0.090 seconds
[2025-11-17T01:01:25.653+0000] {processor.py:161} INFO - Started process (PID=2336) to work on /home/airflow/.local/lib/python3.8/site-packages/airflow/example_dags/tutorial.py
[2025-11-17T01:01:25.654+0000] {processor.py:830} INFO - Processing file /home/airflow/.local/lib/python3.8/site-packages/airflow/example_dags/tutorial.py for tasks to queue
[2025-11-17T01:01:25.655+0000] {logging_mixin.py:188} INFO - [2025-11-17T01:01:25.655+0000] {dagbag.py:538} INFO - Filling up the DagBag from /home/airflow/.local/lib/python3.8/site-packages/airflow/example_dags/tutorial.py
[2025-11-17T01:01:25.662+0000] {processor.py:840} INFO - DAG(s) 'tutorial' retrieved from /home/airflow/.local/lib/python3.8/site-packages/airflow/example_dags/tutorial.py
[2025-11-17T01:01:25.695+0000] {logging_mixin.py:188} INFO - [2025-11-17T01:01:25.694+0000] {dag.py:3036} INFO - Sync 1 DAGs
[2025-11-17T01:01:25.727+0000] {logging_mixin.py:188} INFO - [2025-11-17T01:01:25.727+0000] {dag.py:3823} INFO - Setting next_dagrun for tutorial to 2025-11-16 00:00:00+00:00, run_after=2025-11-17 00:00:00+00:00
[2025-11-17T01:01:25.753+0000] {processor.py:183} INFO - Processing /home/airflow/.local/lib/python3.8/site-packages/airflow/example_dags/tutorial.py took 0.103 seconds
[2025-11-17T01:01:56.250+0000] {processor.py:161} INFO - Started process (PID=2422) to work on /home/airflow/.local/lib/python3.8/site-packages/airflow/example_dags/tutorial.py
[2025-11-17T01:01:56.251+0000] {processor.py:830} INFO - Processing file /home/airflow/.local/lib/python3.8/site-packages/airflow/example_dags/tutorial.py for tasks to queue
[2025-11-17T01:01:56.252+0000] {logging_mixin.py:188} INFO - [2025-11-17T01:01:56.252+0000] {dagbag.py:538} INFO - Filling up the DagBag from /home/airflow/.local/lib/python3.8/site-packages/airflow/example_dags/tutorial.py
[2025-11-17T01:01:56.259+0000] {processor.py:840} INFO - DAG(s) 'tutorial' retrieved from /home/airflow/.local/lib/python3.8/site-packages/airflow/example_dags/tutorial.py
[2025-11-17T01:01:56.286+0000] {logging_mixin.py:188} INFO - [2025-11-17T01:01:56.286+0000] {dag.py:3036} INFO - Sync 1 DAGs
[2025-11-17T01:01:56.311+0000] {logging_mixin.py:188} INFO - [2025-11-17T01:01:56.311+0000] {dag.py:3823} INFO - Setting next_dagrun for tutorial to 2025-11-16 00:00:00+00:00, run_after=2025-11-17 00:00:00+00:00
[2025-11-17T01:01:56.340+0000] {processor.py:183} INFO - Processing /home/airflow/.local/lib/python3.8/site-packages/airflow/example_dags/tutorial.py took 0.093 seconds
[2025-11-17T01:02:26.885+0000] {processor.py:161} INFO - Started process (PID=2503) to work on /home/airflow/.local/lib/python3.8/site-packages/airflow/example_dags/tutorial.py
[2025-11-17T01:02:26.885+0000] {processor.py:830} INFO - Processing file /home/airflow/.local/lib/python3.8/site-packages/airflow/example_dags/tutorial.py for tasks to queue
[2025-11-17T01:02:26.886+0000] {logging_mixin.py:188} INFO - [2025-11-17T01:02:26.886+0000] {dagbag.py:538} INFO - Filling up the DagBag from /home/airflow/.local/lib/python3.8/site-packages/airflow/example_dags/tutorial.py
[2025-11-17T01:02:26.893+0000] {processor.py:840} INFO - DAG(s) 'tutorial' retrieved from /home/airflow/.local/lib/python3.8/site-packages/airflow/example_dags/tutorial.py
[2025-11-17T01:02:26.918+0000] {logging_mixin.py:188} INFO - [2025-11-17T01:02:26.917+0000] {dag.py:3036} INFO - Sync 1 DAGs
[2025-11-17T01:02:26.939+0000] {logging_mixin.py:188} INFO - [2025-11-17T01:02:26.939+0000] {dag.py:3823} INFO - Setting next_dagrun for tutorial to 2025-11-16 00:00:00+00:00, run_after=2025-11-17 00:00:00+00:00
[2025-11-17T01:02:26.969+0000] {processor.py:183} INFO - Processing /home/airflow/.local/lib/python3.8/site-packages/airflow/example_dags/tutorial.py took 0.088 seconds
[2025-11-17T01:02:57.416+0000] {processor.py:161} INFO - Started process (PID=2599) to work on /home/airflow/.local/lib/python3.8/site-packages/airflow/example_dags/tutorial.py
[2025-11-17T01:02:57.417+0000] {processor.py:830} INFO - Processing file /home/airflow/.local/lib/python3.8/site-packages/airflow/example_dags/tutorial.py for tasks to queue
[2025-11-17T01:02:57.418+0000] {logging_mixin.py:188} INFO - [2025-11-17T01:02:57.418+0000] {dagbag.py:538} INFO - Filling up the DagBag from /home/airflow/.local/lib/python3.8/site-packages/airflow/example_dags/tutorial.py
[2025-11-17T01:02:57.425+0000] {processor.py:840} INFO - DAG(s) 'tutorial' retrieved from /home/airflow/.local/lib/python3.8/site-packages/airflow/example_dags/tutorial.py
[2025-11-17T01:02:57.454+0000] {logging_mixin.py:188} INFO - [2025-11-17T01:02:57.454+0000] {dag.py:3036} INFO - Sync 1 DAGs
[2025-11-17T01:02:57.481+0000] {logging_mixin.py:188} INFO - [2025-11-17T01:02:57.480+0000] {dag.py:3823} INFO - Setting next_dagrun for tutorial to 2025-11-16 00:00:00+00:00, run_after=2025-11-17 00:00:00+00:00
[2025-11-17T01:02:57.506+0000] {processor.py:183} INFO - Processing /home/airflow/.local/lib/python3.8/site-packages/airflow/example_dags/tutorial.py took 0.093 seconds
[2025-11-17T01:03:27.807+0000] {processor.py:161} INFO - Started process (PID=2680) to work on /home/airflow/.local/lib/python3.8/site-packages/airflow/example_dags/tutorial.py
[2025-11-17T01:03:27.808+0000] {processor.py:830} INFO - Processing file /home/airflow/.local/lib/python3.8/site-packages/airflow/example_dags/tutorial.py for tasks to queue
[2025-11-17T01:03:27.810+0000] {logging_mixin.py:188} INFO - [2025-11-17T01:03:27.810+0000] {dagbag.py:538} INFO - Filling up the DagBag from /home/airflow/.local/lib/python3.8/site-packages/airflow/example_dags/tutorial.py
[2025-11-17T01:03:27.819+0000] {processor.py:840} INFO - DAG(s) 'tutorial' retrieved from /home/airflow/.local/lib/python3.8/site-packages/airflow/example_dags/tutorial.py
[2025-11-17T01:03:27.849+0000] {logging_mixin.py:188} INFO - [2025-11-17T01:03:27.849+0000] {dag.py:3036} INFO - Sync 1 DAGs
[2025-11-17T01:03:27.877+0000] {logging_mixin.py:188} INFO - [2025-11-17T01:03:27.876+0000] {dag.py:3823} INFO - Setting next_dagrun for tutorial to 2025-11-16 00:00:00+00:00, run_after=2025-11-17 00:00:00+00:00
[2025-11-17T01:03:27.904+0000] {processor.py:183} INFO - Processing /home/airflow/.local/lib/python3.8/site-packages/airflow/example_dags/tutorial.py took 0.100 seconds
[2025-11-17T01:03:58.544+0000] {processor.py:161} INFO - Started process (PID=2762) to work on /home/airflow/.local/lib/python3.8/site-packages/airflow/example_dags/tutorial.py
[2025-11-17T01:03:58.545+0000] {processor.py:830} INFO - Processing file /home/airflow/.local/lib/python3.8/site-packages/airflow/example_dags/tutorial.py for tasks to queue
[2025-11-17T01:03:58.546+0000] {logging_mixin.py:188} INFO - [2025-11-17T01:03:58.546+0000] {dagbag.py:538} INFO - Filling up the DagBag from /home/airflow/.local/lib/python3.8/site-packages/airflow/example_dags/tutorial.py
[2025-11-17T01:03:58.554+0000] {processor.py:840} INFO - DAG(s) 'tutorial' retrieved from /home/airflow/.local/lib/python3.8/site-packages/airflow/example_dags/tutorial.py
[2025-11-17T01:03:58.587+0000] {logging_mixin.py:188} INFO - [2025-11-17T01:03:58.586+0000] {dag.py:3036} INFO - Sync 1 DAGs
[2025-11-17T01:03:58.613+0000] {logging_mixin.py:188} INFO - [2025-11-17T01:03:58.613+0000] {dag.py:3823} INFO - Setting next_dagrun for tutorial to 2025-11-16 00:00:00+00:00, run_after=2025-11-17 00:00:00+00:00
[2025-11-17T01:03:58.640+0000] {processor.py:183} INFO - Processing /home/airflow/.local/lib/python3.8/site-packages/airflow/example_dags/tutorial.py took 0.100 seconds
[2025-11-17T01:04:29.243+0000] {processor.py:161} INFO - Started process (PID=2858) to work on /home/airflow/.local/lib/python3.8/site-packages/airflow/example_dags/tutorial.py
[2025-11-17T01:04:29.244+0000] {processor.py:830} INFO - Processing file /home/airflow/.local/lib/python3.8/site-packages/airflow/example_dags/tutorial.py for tasks to queue
[2025-11-17T01:04:29.245+0000] {logging_mixin.py:188} INFO - [2025-11-17T01:04:29.245+0000] {dagbag.py:538} INFO - Filling up the DagBag from /home/airflow/.local/lib/python3.8/site-packages/airflow/example_dags/tutorial.py
[2025-11-17T01:04:29.253+0000] {processor.py:840} INFO - DAG(s) 'tutorial' retrieved from /home/airflow/.local/lib/python3.8/site-packages/airflow/example_dags/tutorial.py
[2025-11-17T01:04:29.277+0000] {logging_mixin.py:188} INFO - [2025-11-17T01:04:29.277+0000] {dag.py:3036} INFO - Sync 1 DAGs
[2025-11-17T01:04:29.305+0000] {logging_mixin.py:188} INFO - [2025-11-17T01:04:29.305+0000] {dag.py:3823} INFO - Setting next_dagrun for tutorial to 2025-11-16 00:00:00+00:00, run_after=2025-11-17 00:00:00+00:00
[2025-11-17T01:04:29.328+0000] {processor.py:183} INFO - Processing /home/airflow/.local/lib/python3.8/site-packages/airflow/example_dags/tutorial.py took 0.088 seconds
[2025-11-17T01:05:00.050+0000] {processor.py:161} INFO - Started process (PID=2941) to work on /home/airflow/.local/lib/python3.8/site-packages/airflow/example_dags/tutorial.py
[2025-11-17T01:05:00.051+0000] {processor.py:830} INFO - Processing file /home/airflow/.local/lib/python3.8/site-packages/airflow/example_dags/tutorial.py for tasks to queue
[2025-11-17T01:05:00.054+0000] {logging_mixin.py:188} INFO - [2025-11-17T01:05:00.052+0000] {dagbag.py:538} INFO - Filling up the DagBag from /home/airflow/.local/lib/python3.8/site-packages/airflow/example_dags/tutorial.py
[2025-11-17T01:05:00.072+0000] {processor.py:840} INFO - DAG(s) 'tutorial' retrieved from /home/airflow/.local/lib/python3.8/site-packages/airflow/example_dags/tutorial.py
[2025-11-17T01:05:00.110+0000] {logging_mixin.py:188} INFO - [2025-11-17T01:05:00.109+0000] {dag.py:3036} INFO - Sync 1 DAGs
[2025-11-17T01:05:00.151+0000] {logging_mixin.py:188} INFO - [2025-11-17T01:05:00.151+0000] {dag.py:3823} INFO - Setting next_dagrun for tutorial to 2025-11-16 00:00:00+00:00, run_after=2025-11-17 00:00:00+00:00
[2025-11-17T01:05:00.173+0000] {processor.py:183} INFO - Processing /home/airflow/.local/lib/python3.8/site-packages/airflow/example_dags/tutorial.py took 0.131 seconds
