[2025-11-17T00:58:51.628+0000] {processor.py:161} INFO - Started process (PID=1917) to work on /home/airflow/.local/lib/python3.8/site-packages/airflow/example_dags/tutorial_dag.py
[2025-11-17T00:58:51.629+0000] {processor.py:830} INFO - Processing file /home/airflow/.local/lib/python3.8/site-packages/airflow/example_dags/tutorial_dag.py for tasks to queue
[2025-11-17T00:58:51.631+0000] {logging_mixin.py:188} INFO - [2025-11-17T00:58:51.630+0000] {dagbag.py:538} INFO - Filling up the DagBag from /home/airflow/.local/lib/python3.8/site-packages/airflow/example_dags/tutorial_dag.py
[2025-11-17T00:58:51.641+0000] {processor.py:840} INFO - DAG(s) 'tutorial_dag' retrieved from /home/airflow/.local/lib/python3.8/site-packages/airflow/example_dags/tutorial_dag.py
[2025-11-17T00:58:51.718+0000] {logging_mixin.py:188} INFO - [2025-11-17T00:58:51.717+0000] {dag.py:3036} INFO - Sync 1 DAGs
[2025-11-17T00:58:51.738+0000] {logging_mixin.py:188} INFO - [2025-11-17T00:58:51.737+0000] {dag.py:3823} INFO - Setting next_dagrun for tutorial_dag to None, run_after=None
[2025-11-17T00:58:51.773+0000] {processor.py:183} INFO - Processing /home/airflow/.local/lib/python3.8/site-packages/airflow/example_dags/tutorial_dag.py took 0.153 seconds
[2025-11-17T00:59:22.308+0000] {processor.py:161} INFO - Started process (PID=1997) to work on /home/airflow/.local/lib/python3.8/site-packages/airflow/example_dags/tutorial_dag.py
[2025-11-17T00:59:22.309+0000] {processor.py:830} INFO - Processing file /home/airflow/.local/lib/python3.8/site-packages/airflow/example_dags/tutorial_dag.py for tasks to queue
[2025-11-17T00:59:22.310+0000] {logging_mixin.py:188} INFO - [2025-11-17T00:59:22.310+0000] {dagbag.py:538} INFO - Filling up the DagBag from /home/airflow/.local/lib/python3.8/site-packages/airflow/example_dags/tutorial_dag.py
[2025-11-17T00:59:22.316+0000] {processor.py:840} INFO - DAG(s) 'tutorial_dag' retrieved from /home/airflow/.local/lib/python3.8/site-packages/airflow/example_dags/tutorial_dag.py
[2025-11-17T00:59:22.342+0000] {logging_mixin.py:188} INFO - [2025-11-17T00:59:22.342+0000] {dag.py:3036} INFO - Sync 1 DAGs
[2025-11-17T00:59:22.357+0000] {logging_mixin.py:188} INFO - [2025-11-17T00:59:22.356+0000] {dag.py:3823} INFO - Setting next_dagrun for tutorial_dag to None, run_after=None
[2025-11-17T00:59:22.382+0000] {processor.py:183} INFO - Processing /home/airflow/.local/lib/python3.8/site-packages/airflow/example_dags/tutorial_dag.py took 0.077 seconds
[2025-11-17T00:59:53.069+0000] {processor.py:161} INFO - Started process (PID=2078) to work on /home/airflow/.local/lib/python3.8/site-packages/airflow/example_dags/tutorial_dag.py
[2025-11-17T00:59:53.070+0000] {processor.py:830} INFO - Processing file /home/airflow/.local/lib/python3.8/site-packages/airflow/example_dags/tutorial_dag.py for tasks to queue
[2025-11-17T00:59:53.072+0000] {logging_mixin.py:188} INFO - [2025-11-17T00:59:53.071+0000] {dagbag.py:538} INFO - Filling up the DagBag from /home/airflow/.local/lib/python3.8/site-packages/airflow/example_dags/tutorial_dag.py
[2025-11-17T00:59:53.077+0000] {processor.py:840} INFO - DAG(s) 'tutorial_dag' retrieved from /home/airflow/.local/lib/python3.8/site-packages/airflow/example_dags/tutorial_dag.py
[2025-11-17T00:59:53.102+0000] {logging_mixin.py:188} INFO - [2025-11-17T00:59:53.102+0000] {dag.py:3036} INFO - Sync 1 DAGs
[2025-11-17T00:59:53.116+0000] {logging_mixin.py:188} INFO - [2025-11-17T00:59:53.116+0000] {dag.py:3823} INFO - Setting next_dagrun for tutorial_dag to None, run_after=None
[2025-11-17T00:59:53.142+0000] {processor.py:183} INFO - Processing /home/airflow/.local/lib/python3.8/site-packages/airflow/example_dags/tutorial_dag.py took 0.077 seconds
[2025-11-17T01:00:24.218+0000] {processor.py:161} INFO - Started process (PID=2174) to work on /home/airflow/.local/lib/python3.8/site-packages/airflow/example_dags/tutorial_dag.py
[2025-11-17T01:00:24.219+0000] {processor.py:830} INFO - Processing file /home/airflow/.local/lib/python3.8/site-packages/airflow/example_dags/tutorial_dag.py for tasks to queue
[2025-11-17T01:00:24.221+0000] {logging_mixin.py:188} INFO - [2025-11-17T01:00:24.221+0000] {dagbag.py:538} INFO - Filling up the DagBag from /home/airflow/.local/lib/python3.8/site-packages/airflow/example_dags/tutorial_dag.py
[2025-11-17T01:00:24.227+0000] {processor.py:840} INFO - DAG(s) 'tutorial_dag' retrieved from /home/airflow/.local/lib/python3.8/site-packages/airflow/example_dags/tutorial_dag.py
[2025-11-17T01:00:24.255+0000] {logging_mixin.py:188} INFO - [2025-11-17T01:00:24.254+0000] {dag.py:3036} INFO - Sync 1 DAGs
[2025-11-17T01:00:24.269+0000] {logging_mixin.py:188} INFO - [2025-11-17T01:00:24.269+0000] {dag.py:3823} INFO - Setting next_dagrun for tutorial_dag to None, run_after=None
[2025-11-17T01:00:24.292+0000] {processor.py:183} INFO - Processing /home/airflow/.local/lib/python3.8/site-packages/airflow/example_dags/tutorial_dag.py took 0.077 seconds
[2025-11-17T01:00:54.970+0000] {processor.py:161} INFO - Started process (PID=2255) to work on /home/airflow/.local/lib/python3.8/site-packages/airflow/example_dags/tutorial_dag.py
[2025-11-17T01:00:54.971+0000] {processor.py:830} INFO - Processing file /home/airflow/.local/lib/python3.8/site-packages/airflow/example_dags/tutorial_dag.py for tasks to queue
[2025-11-17T01:00:54.973+0000] {logging_mixin.py:188} INFO - [2025-11-17T01:00:54.972+0000] {dagbag.py:538} INFO - Filling up the DagBag from /home/airflow/.local/lib/python3.8/site-packages/airflow/example_dags/tutorial_dag.py
[2025-11-17T01:00:54.979+0000] {processor.py:840} INFO - DAG(s) 'tutorial_dag' retrieved from /home/airflow/.local/lib/python3.8/site-packages/airflow/example_dags/tutorial_dag.py
[2025-11-17T01:00:55.009+0000] {logging_mixin.py:188} INFO - [2025-11-17T01:00:55.009+0000] {dag.py:3036} INFO - Sync 1 DAGs
[2025-11-17T01:00:55.024+0000] {logging_mixin.py:188} INFO - [2025-11-17T01:00:55.024+0000] {dag.py:3823} INFO - Setting next_dagrun for tutorial_dag to None, run_after=None
[2025-11-17T01:00:55.049+0000] {processor.py:183} INFO - Processing /home/airflow/.local/lib/python3.8/site-packages/airflow/example_dags/tutorial_dag.py took 0.083 seconds
[2025-11-17T01:01:26.743+0000] {processor.py:161} INFO - Started process (PID=2344) to work on /home/airflow/.local/lib/python3.8/site-packages/airflow/example_dags/tutorial_dag.py
[2025-11-17T01:01:26.744+0000] {processor.py:830} INFO - Processing file /home/airflow/.local/lib/python3.8/site-packages/airflow/example_dags/tutorial_dag.py for tasks to queue
[2025-11-17T01:01:26.745+0000] {logging_mixin.py:188} INFO - [2025-11-17T01:01:26.745+0000] {dagbag.py:538} INFO - Filling up the DagBag from /home/airflow/.local/lib/python3.8/site-packages/airflow/example_dags/tutorial_dag.py
[2025-11-17T01:01:26.751+0000] {processor.py:840} INFO - DAG(s) 'tutorial_dag' retrieved from /home/airflow/.local/lib/python3.8/site-packages/airflow/example_dags/tutorial_dag.py
[2025-11-17T01:01:26.785+0000] {logging_mixin.py:188} INFO - [2025-11-17T01:01:26.785+0000] {dag.py:3036} INFO - Sync 1 DAGs
[2025-11-17T01:01:26.806+0000] {logging_mixin.py:188} INFO - [2025-11-17T01:01:26.806+0000] {dag.py:3823} INFO - Setting next_dagrun for tutorial_dag to None, run_after=None
[2025-11-17T01:01:26.836+0000] {processor.py:183} INFO - Processing /home/airflow/.local/lib/python3.8/site-packages/airflow/example_dags/tutorial_dag.py took 0.097 seconds
[2025-11-17T01:01:57.292+0000] {processor.py:161} INFO - Started process (PID=2432) to work on /home/airflow/.local/lib/python3.8/site-packages/airflow/example_dags/tutorial_dag.py
[2025-11-17T01:01:57.293+0000] {processor.py:830} INFO - Processing file /home/airflow/.local/lib/python3.8/site-packages/airflow/example_dags/tutorial_dag.py for tasks to queue
[2025-11-17T01:01:57.294+0000] {logging_mixin.py:188} INFO - [2025-11-17T01:01:57.294+0000] {dagbag.py:538} INFO - Filling up the DagBag from /home/airflow/.local/lib/python3.8/site-packages/airflow/example_dags/tutorial_dag.py
[2025-11-17T01:01:57.299+0000] {processor.py:840} INFO - DAG(s) 'tutorial_dag' retrieved from /home/airflow/.local/lib/python3.8/site-packages/airflow/example_dags/tutorial_dag.py
[2025-11-17T01:01:57.322+0000] {logging_mixin.py:188} INFO - [2025-11-17T01:01:57.322+0000] {dag.py:3036} INFO - Sync 1 DAGs
[2025-11-17T01:01:57.334+0000] {logging_mixin.py:188} INFO - [2025-11-17T01:01:57.334+0000] {dag.py:3823} INFO - Setting next_dagrun for tutorial_dag to None, run_after=None
[2025-11-17T01:01:57.357+0000] {processor.py:183} INFO - Processing /home/airflow/.local/lib/python3.8/site-packages/airflow/example_dags/tutorial_dag.py took 0.068 seconds
[2025-11-17T01:02:27.515+0000] {processor.py:161} INFO - Started process (PID=2512) to work on /home/airflow/.local/lib/python3.8/site-packages/airflow/example_dags/tutorial_dag.py
[2025-11-17T01:02:27.516+0000] {processor.py:830} INFO - Processing file /home/airflow/.local/lib/python3.8/site-packages/airflow/example_dags/tutorial_dag.py for tasks to queue
[2025-11-17T01:02:27.517+0000] {logging_mixin.py:188} INFO - [2025-11-17T01:02:27.516+0000] {dagbag.py:538} INFO - Filling up the DagBag from /home/airflow/.local/lib/python3.8/site-packages/airflow/example_dags/tutorial_dag.py
[2025-11-17T01:02:27.523+0000] {processor.py:840} INFO - DAG(s) 'tutorial_dag' retrieved from /home/airflow/.local/lib/python3.8/site-packages/airflow/example_dags/tutorial_dag.py
[2025-11-17T01:02:27.548+0000] {logging_mixin.py:188} INFO - [2025-11-17T01:02:27.548+0000] {dag.py:3036} INFO - Sync 1 DAGs
[2025-11-17T01:02:27.562+0000] {logging_mixin.py:188} INFO - [2025-11-17T01:02:27.561+0000] {dag.py:3823} INFO - Setting next_dagrun for tutorial_dag to None, run_after=None
[2025-11-17T01:02:27.585+0000] {processor.py:183} INFO - Processing /home/airflow/.local/lib/python3.8/site-packages/airflow/example_dags/tutorial_dag.py took 0.073 seconds
[2025-11-17T01:02:58.165+0000] {processor.py:161} INFO - Started process (PID=2607) to work on /home/airflow/.local/lib/python3.8/site-packages/airflow/example_dags/tutorial_dag.py
[2025-11-17T01:02:58.170+0000] {processor.py:830} INFO - Processing file /home/airflow/.local/lib/python3.8/site-packages/airflow/example_dags/tutorial_dag.py for tasks to queue
[2025-11-17T01:02:58.172+0000] {logging_mixin.py:188} INFO - [2025-11-17T01:02:58.172+0000] {dagbag.py:538} INFO - Filling up the DagBag from /home/airflow/.local/lib/python3.8/site-packages/airflow/example_dags/tutorial_dag.py
[2025-11-17T01:02:58.178+0000] {processor.py:840} INFO - DAG(s) 'tutorial_dag' retrieved from /home/airflow/.local/lib/python3.8/site-packages/airflow/example_dags/tutorial_dag.py
[2025-11-17T01:02:58.204+0000] {logging_mixin.py:188} INFO - [2025-11-17T01:02:58.204+0000] {dag.py:3036} INFO - Sync 1 DAGs
[2025-11-17T01:02:58.219+0000] {logging_mixin.py:188} INFO - [2025-11-17T01:02:58.219+0000] {dag.py:3823} INFO - Setting next_dagrun for tutorial_dag to None, run_after=None
[2025-11-17T01:02:58.243+0000] {processor.py:183} INFO - Processing /home/airflow/.local/lib/python3.8/site-packages/airflow/example_dags/tutorial_dag.py took 0.084 seconds
[2025-11-17T01:03:28.428+0000] {processor.py:161} INFO - Started process (PID=2688) to work on /home/airflow/.local/lib/python3.8/site-packages/airflow/example_dags/tutorial_dag.py
[2025-11-17T01:03:28.429+0000] {processor.py:830} INFO - Processing file /home/airflow/.local/lib/python3.8/site-packages/airflow/example_dags/tutorial_dag.py for tasks to queue
[2025-11-17T01:03:28.430+0000] {logging_mixin.py:188} INFO - [2025-11-17T01:03:28.429+0000] {dagbag.py:538} INFO - Filling up the DagBag from /home/airflow/.local/lib/python3.8/site-packages/airflow/example_dags/tutorial_dag.py
[2025-11-17T01:03:28.435+0000] {processor.py:840} INFO - DAG(s) 'tutorial_dag' retrieved from /home/airflow/.local/lib/python3.8/site-packages/airflow/example_dags/tutorial_dag.py
[2025-11-17T01:03:28.461+0000] {logging_mixin.py:188} INFO - [2025-11-17T01:03:28.461+0000] {dag.py:3036} INFO - Sync 1 DAGs
[2025-11-17T01:03:28.474+0000] {logging_mixin.py:188} INFO - [2025-11-17T01:03:28.474+0000] {dag.py:3823} INFO - Setting next_dagrun for tutorial_dag to None, run_after=None
[2025-11-17T01:03:28.500+0000] {processor.py:183} INFO - Processing /home/airflow/.local/lib/python3.8/site-packages/airflow/example_dags/tutorial_dag.py took 0.075 seconds
[2025-11-17T01:03:59.131+0000] {processor.py:161} INFO - Started process (PID=2770) to work on /home/airflow/.local/lib/python3.8/site-packages/airflow/example_dags/tutorial_dag.py
[2025-11-17T01:03:59.132+0000] {processor.py:830} INFO - Processing file /home/airflow/.local/lib/python3.8/site-packages/airflow/example_dags/tutorial_dag.py for tasks to queue
[2025-11-17T01:03:59.134+0000] {logging_mixin.py:188} INFO - [2025-11-17T01:03:59.134+0000] {dagbag.py:538} INFO - Filling up the DagBag from /home/airflow/.local/lib/python3.8/site-packages/airflow/example_dags/tutorial_dag.py
[2025-11-17T01:03:59.142+0000] {processor.py:840} INFO - DAG(s) 'tutorial_dag' retrieved from /home/airflow/.local/lib/python3.8/site-packages/airflow/example_dags/tutorial_dag.py
[2025-11-17T01:03:59.208+0000] {logging_mixin.py:188} INFO - [2025-11-17T01:03:59.208+0000] {dag.py:3036} INFO - Sync 1 DAGs
[2025-11-17T01:03:59.230+0000] {logging_mixin.py:188} INFO - [2025-11-17T01:03:59.230+0000] {dag.py:3823} INFO - Setting next_dagrun for tutorial_dag to None, run_after=None
[2025-11-17T01:03:59.252+0000] {processor.py:183} INFO - Processing /home/airflow/.local/lib/python3.8/site-packages/airflow/example_dags/tutorial_dag.py took 0.124 seconds
[2025-11-17T01:04:29.783+0000] {processor.py:161} INFO - Started process (PID=2866) to work on /home/airflow/.local/lib/python3.8/site-packages/airflow/example_dags/tutorial_dag.py
[2025-11-17T01:04:29.784+0000] {processor.py:830} INFO - Processing file /home/airflow/.local/lib/python3.8/site-packages/airflow/example_dags/tutorial_dag.py for tasks to queue
[2025-11-17T01:04:29.785+0000] {logging_mixin.py:188} INFO - [2025-11-17T01:04:29.784+0000] {dagbag.py:538} INFO - Filling up the DagBag from /home/airflow/.local/lib/python3.8/site-packages/airflow/example_dags/tutorial_dag.py
[2025-11-17T01:04:29.790+0000] {processor.py:840} INFO - DAG(s) 'tutorial_dag' retrieved from /home/airflow/.local/lib/python3.8/site-packages/airflow/example_dags/tutorial_dag.py
[2025-11-17T01:04:29.814+0000] {logging_mixin.py:188} INFO - [2025-11-17T01:04:29.814+0000] {dag.py:3036} INFO - Sync 1 DAGs
[2025-11-17T01:04:29.827+0000] {logging_mixin.py:188} INFO - [2025-11-17T01:04:29.826+0000] {dag.py:3823} INFO - Setting next_dagrun for tutorial_dag to None, run_after=None
[2025-11-17T01:04:29.850+0000] {processor.py:183} INFO - Processing /home/airflow/.local/lib/python3.8/site-packages/airflow/example_dags/tutorial_dag.py took 0.070 seconds
[2025-11-17T01:05:00.715+0000] {processor.py:161} INFO - Started process (PID=2949) to work on /home/airflow/.local/lib/python3.8/site-packages/airflow/example_dags/tutorial_dag.py
[2025-11-17T01:05:00.719+0000] {processor.py:830} INFO - Processing file /home/airflow/.local/lib/python3.8/site-packages/airflow/example_dags/tutorial_dag.py for tasks to queue
[2025-11-17T01:05:00.721+0000] {logging_mixin.py:188} INFO - [2025-11-17T01:05:00.720+0000] {dagbag.py:538} INFO - Filling up the DagBag from /home/airflow/.local/lib/python3.8/site-packages/airflow/example_dags/tutorial_dag.py
[2025-11-17T01:05:00.729+0000] {processor.py:840} INFO - DAG(s) 'tutorial_dag' retrieved from /home/airflow/.local/lib/python3.8/site-packages/airflow/example_dags/tutorial_dag.py
[2025-11-17T01:05:00.758+0000] {logging_mixin.py:188} INFO - [2025-11-17T01:05:00.757+0000] {dag.py:3036} INFO - Sync 1 DAGs
[2025-11-17T01:05:00.771+0000] {logging_mixin.py:188} INFO - [2025-11-17T01:05:00.770+0000] {dag.py:3823} INFO - Setting next_dagrun for tutorial_dag to None, run_after=None
[2025-11-17T01:05:00.791+0000] {processor.py:183} INFO - Processing /home/airflow/.local/lib/python3.8/site-packages/airflow/example_dags/tutorial_dag.py took 0.083 seconds
