[2025-11-16T20:20:41.283+0000] {processor.py:161} INFO - Started process (PID=174) to work on /home/airflow/.local/lib/python3.8/site-packages/airflow/example_dags/example_skip_dag.py
[2025-11-16T20:20:41.284+0000] {processor.py:830} INFO - Processing file /home/airflow/.local/lib/python3.8/site-packages/airflow/example_dags/example_skip_dag.py for tasks to queue
[2025-11-16T20:20:41.285+0000] {logging_mixin.py:188} INFO - [2025-11-16T20:20:41.285+0000] {dagbag.py:538} INFO - Filling up the DagBag from /home/airflow/.local/lib/python3.8/site-packages/airflow/example_dags/example_skip_dag.py
[2025-11-16T20:20:41.463+0000] {processor.py:840} INFO - DAG(s) 'example_skip_dag' retrieved from /home/airflow/.local/lib/python3.8/site-packages/airflow/example_dags/example_skip_dag.py
[2025-11-16T20:20:42.155+0000] {logging_mixin.py:188} INFO - [2025-11-16T20:20:42.154+0000] {override.py:1769} INFO - Created Permission View: can edit on DAG:example_skip_dag
[2025-11-16T20:20:42.479+0000] {logging_mixin.py:188} INFO - [2025-11-16T20:20:42.479+0000] {override.py:1769} INFO - Created Permission View: can read on DAG:example_skip_dag
[2025-11-16T20:20:42.786+0000] {logging_mixin.py:188} INFO - [2025-11-16T20:20:42.786+0000] {override.py:1769} INFO - Created Permission View: can delete on DAG:example_skip_dag
[2025-11-16T20:20:42.787+0000] {logging_mixin.py:188} INFO - [2025-11-16T20:20:42.787+0000] {dag.py:3036} INFO - Sync 1 DAGs
[2025-11-16T20:20:43.652+0000] {logging_mixin.py:188} INFO - [2025-11-16T20:20:43.651+0000] {dag.py:3058} INFO - Creating ORM DAG for example_skip_dag
[2025-11-16T20:20:43.685+0000] {logging_mixin.py:188} INFO - [2025-11-16T20:20:43.683+0000] {dag.py:3823} INFO - Setting next_dagrun for example_skip_dag to 2025-11-15 00:00:00+00:00, run_after=2025-11-16 00:00:00+00:00
[2025-11-16T20:20:43.732+0000] {processor.py:183} INFO - Processing /home/airflow/.local/lib/python3.8/site-packages/airflow/example_dags/example_skip_dag.py took 2.451 seconds
[2025-11-16T20:21:23.248+0000] {processor.py:161} INFO - Started process (PID=263) to work on /home/airflow/.local/lib/python3.8/site-packages/airflow/example_dags/example_skip_dag.py
[2025-11-16T20:21:23.249+0000] {processor.py:830} INFO - Processing file /home/airflow/.local/lib/python3.8/site-packages/airflow/example_dags/example_skip_dag.py for tasks to queue
[2025-11-16T20:21:23.251+0000] {logging_mixin.py:188} INFO - [2025-11-16T20:21:23.251+0000] {dagbag.py:538} INFO - Filling up the DagBag from /home/airflow/.local/lib/python3.8/site-packages/airflow/example_dags/example_skip_dag.py
[2025-11-16T20:21:23.272+0000] {processor.py:840} INFO - DAG(s) 'example_skip_dag' retrieved from /home/airflow/.local/lib/python3.8/site-packages/airflow/example_dags/example_skip_dag.py
[2025-11-16T20:21:23.360+0000] {logging_mixin.py:188} INFO - [2025-11-16T20:21:23.359+0000] {dag.py:3036} INFO - Sync 1 DAGs
[2025-11-16T20:21:23.422+0000] {logging_mixin.py:188} INFO - [2025-11-16T20:21:23.421+0000] {dag.py:3823} INFO - Setting next_dagrun for example_skip_dag to 2025-11-15 00:00:00+00:00, run_after=2025-11-16 00:00:00+00:00
[2025-11-16T20:21:23.710+0000] {processor.py:183} INFO - Processing /home/airflow/.local/lib/python3.8/site-packages/airflow/example_dags/example_skip_dag.py took 0.468 seconds
[2025-11-16T20:21:53.881+0000] {processor.py:161} INFO - Started process (PID=343) to work on /home/airflow/.local/lib/python3.8/site-packages/airflow/example_dags/example_skip_dag.py
[2025-11-16T20:21:53.882+0000] {processor.py:830} INFO - Processing file /home/airflow/.local/lib/python3.8/site-packages/airflow/example_dags/example_skip_dag.py for tasks to queue
[2025-11-16T20:21:53.884+0000] {logging_mixin.py:188} INFO - [2025-11-16T20:21:53.884+0000] {dagbag.py:538} INFO - Filling up the DagBag from /home/airflow/.local/lib/python3.8/site-packages/airflow/example_dags/example_skip_dag.py
[2025-11-16T20:21:53.896+0000] {processor.py:840} INFO - DAG(s) 'example_skip_dag' retrieved from /home/airflow/.local/lib/python3.8/site-packages/airflow/example_dags/example_skip_dag.py
[2025-11-16T20:21:53.933+0000] {logging_mixin.py:188} INFO - [2025-11-16T20:21:53.933+0000] {dag.py:3036} INFO - Sync 1 DAGs
[2025-11-16T20:21:53.964+0000] {logging_mixin.py:188} INFO - [2025-11-16T20:21:53.963+0000] {dag.py:3823} INFO - Setting next_dagrun for example_skip_dag to 2025-11-15 00:00:00+00:00, run_after=2025-11-16 00:00:00+00:00
[2025-11-16T20:21:53.992+0000] {processor.py:183} INFO - Processing /home/airflow/.local/lib/python3.8/site-packages/airflow/example_dags/example_skip_dag.py took 0.116 seconds
[2025-11-16T20:22:24.531+0000] {processor.py:161} INFO - Started process (PID=431) to work on /home/airflow/.local/lib/python3.8/site-packages/airflow/example_dags/example_skip_dag.py
[2025-11-16T20:22:24.549+0000] {processor.py:830} INFO - Processing file /home/airflow/.local/lib/python3.8/site-packages/airflow/example_dags/example_skip_dag.py for tasks to queue
[2025-11-16T20:22:24.563+0000] {logging_mixin.py:188} INFO - [2025-11-16T20:22:24.562+0000] {dagbag.py:538} INFO - Filling up the DagBag from /home/airflow/.local/lib/python3.8/site-packages/airflow/example_dags/example_skip_dag.py
[2025-11-16T20:22:24.600+0000] {processor.py:840} INFO - DAG(s) 'example_skip_dag' retrieved from /home/airflow/.local/lib/python3.8/site-packages/airflow/example_dags/example_skip_dag.py
[2025-11-16T20:22:24.735+0000] {logging_mixin.py:188} INFO - [2025-11-16T20:22:24.735+0000] {dag.py:3036} INFO - Sync 1 DAGs
[2025-11-16T20:22:24.844+0000] {logging_mixin.py:188} INFO - [2025-11-16T20:22:24.843+0000] {dag.py:3823} INFO - Setting next_dagrun for example_skip_dag to 2025-11-15 00:00:00+00:00, run_after=2025-11-16 00:00:00+00:00
[2025-11-16T20:22:24.922+0000] {processor.py:183} INFO - Processing /home/airflow/.local/lib/python3.8/site-packages/airflow/example_dags/example_skip_dag.py took 0.396 seconds
[2025-11-16T20:22:55.064+0000] {processor.py:161} INFO - Started process (PID=505) to work on /home/airflow/.local/lib/python3.8/site-packages/airflow/example_dags/example_skip_dag.py
[2025-11-16T20:22:55.065+0000] {processor.py:830} INFO - Processing file /home/airflow/.local/lib/python3.8/site-packages/airflow/example_dags/example_skip_dag.py for tasks to queue
[2025-11-16T20:22:55.066+0000] {logging_mixin.py:188} INFO - [2025-11-16T20:22:55.065+0000] {dagbag.py:538} INFO - Filling up the DagBag from /home/airflow/.local/lib/python3.8/site-packages/airflow/example_dags/example_skip_dag.py
[2025-11-16T20:22:55.073+0000] {processor.py:840} INFO - DAG(s) 'example_skip_dag' retrieved from /home/airflow/.local/lib/python3.8/site-packages/airflow/example_dags/example_skip_dag.py
[2025-11-16T20:22:55.106+0000] {logging_mixin.py:188} INFO - [2025-11-16T20:22:55.106+0000] {dag.py:3036} INFO - Sync 1 DAGs
[2025-11-16T20:22:55.130+0000] {logging_mixin.py:188} INFO - [2025-11-16T20:22:55.130+0000] {dag.py:3823} INFO - Setting next_dagrun for example_skip_dag to 2025-11-15 00:00:00+00:00, run_after=2025-11-16 00:00:00+00:00
[2025-11-16T20:22:55.161+0000] {processor.py:183} INFO - Processing /home/airflow/.local/lib/python3.8/site-packages/airflow/example_dags/example_skip_dag.py took 0.100 seconds
[2025-11-16T20:23:25.387+0000] {processor.py:161} INFO - Started process (PID=594) to work on /home/airflow/.local/lib/python3.8/site-packages/airflow/example_dags/example_skip_dag.py
[2025-11-16T20:23:25.388+0000] {processor.py:830} INFO - Processing file /home/airflow/.local/lib/python3.8/site-packages/airflow/example_dags/example_skip_dag.py for tasks to queue
[2025-11-16T20:23:25.389+0000] {logging_mixin.py:188} INFO - [2025-11-16T20:23:25.389+0000] {dagbag.py:538} INFO - Filling up the DagBag from /home/airflow/.local/lib/python3.8/site-packages/airflow/example_dags/example_skip_dag.py
[2025-11-16T20:23:25.397+0000] {processor.py:840} INFO - DAG(s) 'example_skip_dag' retrieved from /home/airflow/.local/lib/python3.8/site-packages/airflow/example_dags/example_skip_dag.py
[2025-11-16T20:23:25.424+0000] {logging_mixin.py:188} INFO - [2025-11-16T20:23:25.423+0000] {dag.py:3036} INFO - Sync 1 DAGs
[2025-11-16T20:23:25.450+0000] {logging_mixin.py:188} INFO - [2025-11-16T20:23:25.450+0000] {dag.py:3823} INFO - Setting next_dagrun for example_skip_dag to 2025-11-15 00:00:00+00:00, run_after=2025-11-16 00:00:00+00:00
[2025-11-16T20:23:25.474+0000] {processor.py:183} INFO - Processing /home/airflow/.local/lib/python3.8/site-packages/airflow/example_dags/example_skip_dag.py took 0.089 seconds
[2025-11-16T20:23:56.420+0000] {processor.py:161} INFO - Started process (PID=682) to work on /home/airflow/.local/lib/python3.8/site-packages/airflow/example_dags/example_skip_dag.py
[2025-11-16T20:23:56.420+0000] {processor.py:830} INFO - Processing file /home/airflow/.local/lib/python3.8/site-packages/airflow/example_dags/example_skip_dag.py for tasks to queue
[2025-11-16T20:23:56.422+0000] {logging_mixin.py:188} INFO - [2025-11-16T20:23:56.421+0000] {dagbag.py:538} INFO - Filling up the DagBag from /home/airflow/.local/lib/python3.8/site-packages/airflow/example_dags/example_skip_dag.py
[2025-11-16T20:23:56.429+0000] {processor.py:840} INFO - DAG(s) 'example_skip_dag' retrieved from /home/airflow/.local/lib/python3.8/site-packages/airflow/example_dags/example_skip_dag.py
[2025-11-16T20:23:56.478+0000] {logging_mixin.py:188} INFO - [2025-11-16T20:23:56.477+0000] {dag.py:3036} INFO - Sync 1 DAGs
[2025-11-16T20:23:56.508+0000] {logging_mixin.py:188} INFO - [2025-11-16T20:23:56.508+0000] {dag.py:3823} INFO - Setting next_dagrun for example_skip_dag to 2025-11-15 00:00:00+00:00, run_after=2025-11-16 00:00:00+00:00
[2025-11-16T20:23:56.544+0000] {processor.py:183} INFO - Processing /home/airflow/.local/lib/python3.8/site-packages/airflow/example_dags/example_skip_dag.py took 0.127 seconds
[2025-11-16T20:24:26.695+0000] {processor.py:161} INFO - Started process (PID=763) to work on /home/airflow/.local/lib/python3.8/site-packages/airflow/example_dags/example_skip_dag.py
[2025-11-16T20:24:26.696+0000] {processor.py:830} INFO - Processing file /home/airflow/.local/lib/python3.8/site-packages/airflow/example_dags/example_skip_dag.py for tasks to queue
[2025-11-16T20:24:26.698+0000] {logging_mixin.py:188} INFO - [2025-11-16T20:24:26.697+0000] {dagbag.py:538} INFO - Filling up the DagBag from /home/airflow/.local/lib/python3.8/site-packages/airflow/example_dags/example_skip_dag.py
[2025-11-16T20:24:26.705+0000] {processor.py:840} INFO - DAG(s) 'example_skip_dag' retrieved from /home/airflow/.local/lib/python3.8/site-packages/airflow/example_dags/example_skip_dag.py
[2025-11-16T20:24:26.731+0000] {logging_mixin.py:188} INFO - [2025-11-16T20:24:26.730+0000] {dag.py:3036} INFO - Sync 1 DAGs
[2025-11-16T20:24:26.753+0000] {logging_mixin.py:188} INFO - [2025-11-16T20:24:26.753+0000] {dag.py:3823} INFO - Setting next_dagrun for example_skip_dag to 2025-11-15 00:00:00+00:00, run_after=2025-11-16 00:00:00+00:00
[2025-11-16T20:24:26.776+0000] {processor.py:183} INFO - Processing /home/airflow/.local/lib/python3.8/site-packages/airflow/example_dags/example_skip_dag.py took 0.083 seconds
[2025-11-16T20:24:56.853+0000] {processor.py:161} INFO - Started process (PID=859) to work on /home/airflow/.local/lib/python3.8/site-packages/airflow/example_dags/example_skip_dag.py
[2025-11-16T20:24:56.854+0000] {processor.py:830} INFO - Processing file /home/airflow/.local/lib/python3.8/site-packages/airflow/example_dags/example_skip_dag.py for tasks to queue
[2025-11-16T20:24:56.855+0000] {logging_mixin.py:188} INFO - [2025-11-16T20:24:56.855+0000] {dagbag.py:538} INFO - Filling up the DagBag from /home/airflow/.local/lib/python3.8/site-packages/airflow/example_dags/example_skip_dag.py
[2025-11-16T20:24:56.863+0000] {processor.py:840} INFO - DAG(s) 'example_skip_dag' retrieved from /home/airflow/.local/lib/python3.8/site-packages/airflow/example_dags/example_skip_dag.py
[2025-11-16T20:24:56.889+0000] {logging_mixin.py:188} INFO - [2025-11-16T20:24:56.889+0000] {dag.py:3036} INFO - Sync 1 DAGs
[2025-11-16T20:24:56.915+0000] {logging_mixin.py:188} INFO - [2025-11-16T20:24:56.914+0000] {dag.py:3823} INFO - Setting next_dagrun for example_skip_dag to 2025-11-15 00:00:00+00:00, run_after=2025-11-16 00:00:00+00:00
[2025-11-16T20:24:56.939+0000] {processor.py:183} INFO - Processing /home/airflow/.local/lib/python3.8/site-packages/airflow/example_dags/example_skip_dag.py took 0.088 seconds
[2025-11-16T20:25:27.213+0000] {processor.py:161} INFO - Started process (PID=940) to work on /home/airflow/.local/lib/python3.8/site-packages/airflow/example_dags/example_skip_dag.py
[2025-11-16T20:25:27.218+0000] {processor.py:830} INFO - Processing file /home/airflow/.local/lib/python3.8/site-packages/airflow/example_dags/example_skip_dag.py for tasks to queue
[2025-11-16T20:25:27.220+0000] {logging_mixin.py:188} INFO - [2025-11-16T20:25:27.219+0000] {dagbag.py:538} INFO - Filling up the DagBag from /home/airflow/.local/lib/python3.8/site-packages/airflow/example_dags/example_skip_dag.py
[2025-11-16T20:25:27.227+0000] {processor.py:840} INFO - DAG(s) 'example_skip_dag' retrieved from /home/airflow/.local/lib/python3.8/site-packages/airflow/example_dags/example_skip_dag.py
[2025-11-16T20:25:27.255+0000] {logging_mixin.py:188} INFO - [2025-11-16T20:25:27.255+0000] {dag.py:3036} INFO - Sync 1 DAGs
[2025-11-16T20:25:27.279+0000] {logging_mixin.py:188} INFO - [2025-11-16T20:25:27.279+0000] {dag.py:3823} INFO - Setting next_dagrun for example_skip_dag to 2025-11-15 00:00:00+00:00, run_after=2025-11-16 00:00:00+00:00
[2025-11-16T20:25:27.304+0000] {processor.py:183} INFO - Processing /home/airflow/.local/lib/python3.8/site-packages/airflow/example_dags/example_skip_dag.py took 0.094 seconds
[2025-11-16T20:25:58.257+0000] {processor.py:161} INFO - Started process (PID=1036) to work on /home/airflow/.local/lib/python3.8/site-packages/airflow/example_dags/example_skip_dag.py
[2025-11-16T20:25:58.258+0000] {processor.py:830} INFO - Processing file /home/airflow/.local/lib/python3.8/site-packages/airflow/example_dags/example_skip_dag.py for tasks to queue
[2025-11-16T20:25:58.259+0000] {logging_mixin.py:188} INFO - [2025-11-16T20:25:58.258+0000] {dagbag.py:538} INFO - Filling up the DagBag from /home/airflow/.local/lib/python3.8/site-packages/airflow/example_dags/example_skip_dag.py
[2025-11-16T20:25:58.269+0000] {processor.py:840} INFO - DAG(s) 'example_skip_dag' retrieved from /home/airflow/.local/lib/python3.8/site-packages/airflow/example_dags/example_skip_dag.py
[2025-11-16T20:25:58.302+0000] {logging_mixin.py:188} INFO - [2025-11-16T20:25:58.301+0000] {dag.py:3036} INFO - Sync 1 DAGs
[2025-11-16T20:25:58.331+0000] {logging_mixin.py:188} INFO - [2025-11-16T20:25:58.331+0000] {dag.py:3823} INFO - Setting next_dagrun for example_skip_dag to 2025-11-15 00:00:00+00:00, run_after=2025-11-16 00:00:00+00:00
[2025-11-16T20:25:58.364+0000] {processor.py:183} INFO - Processing /home/airflow/.local/lib/python3.8/site-packages/airflow/example_dags/example_skip_dag.py took 0.110 seconds
[2025-11-16T20:26:28.545+0000] {processor.py:161} INFO - Started process (PID=1117) to work on /home/airflow/.local/lib/python3.8/site-packages/airflow/example_dags/example_skip_dag.py
[2025-11-16T20:26:28.546+0000] {processor.py:830} INFO - Processing file /home/airflow/.local/lib/python3.8/site-packages/airflow/example_dags/example_skip_dag.py for tasks to queue
[2025-11-16T20:26:28.548+0000] {logging_mixin.py:188} INFO - [2025-11-16T20:26:28.547+0000] {dagbag.py:538} INFO - Filling up the DagBag from /home/airflow/.local/lib/python3.8/site-packages/airflow/example_dags/example_skip_dag.py
[2025-11-16T20:26:28.558+0000] {processor.py:840} INFO - DAG(s) 'example_skip_dag' retrieved from /home/airflow/.local/lib/python3.8/site-packages/airflow/example_dags/example_skip_dag.py
[2025-11-16T20:26:28.592+0000] {logging_mixin.py:188} INFO - [2025-11-16T20:26:28.592+0000] {dag.py:3036} INFO - Sync 1 DAGs
[2025-11-16T20:26:28.623+0000] {logging_mixin.py:188} INFO - [2025-11-16T20:26:28.623+0000] {dag.py:3823} INFO - Setting next_dagrun for example_skip_dag to 2025-11-15 00:00:00+00:00, run_after=2025-11-16 00:00:00+00:00
[2025-11-16T20:26:28.657+0000] {processor.py:183} INFO - Processing /home/airflow/.local/lib/python3.8/site-packages/airflow/example_dags/example_skip_dag.py took 0.115 seconds
[2025-11-16T20:26:59.202+0000] {processor.py:161} INFO - Started process (PID=1213) to work on /home/airflow/.local/lib/python3.8/site-packages/airflow/example_dags/example_skip_dag.py
[2025-11-16T20:26:59.203+0000] {processor.py:830} INFO - Processing file /home/airflow/.local/lib/python3.8/site-packages/airflow/example_dags/example_skip_dag.py for tasks to queue
[2025-11-16T20:26:59.208+0000] {logging_mixin.py:188} INFO - [2025-11-16T20:26:59.207+0000] {dagbag.py:538} INFO - Filling up the DagBag from /home/airflow/.local/lib/python3.8/site-packages/airflow/example_dags/example_skip_dag.py
[2025-11-16T20:26:59.217+0000] {processor.py:840} INFO - DAG(s) 'example_skip_dag' retrieved from /home/airflow/.local/lib/python3.8/site-packages/airflow/example_dags/example_skip_dag.py
[2025-11-16T20:26:59.256+0000] {logging_mixin.py:188} INFO - [2025-11-16T20:26:59.256+0000] {dag.py:3036} INFO - Sync 1 DAGs
[2025-11-16T20:26:59.289+0000] {logging_mixin.py:188} INFO - [2025-11-16T20:26:59.289+0000] {dag.py:3823} INFO - Setting next_dagrun for example_skip_dag to 2025-11-15 00:00:00+00:00, run_after=2025-11-16 00:00:00+00:00
[2025-11-16T20:26:59.322+0000] {processor.py:183} INFO - Processing /home/airflow/.local/lib/python3.8/site-packages/airflow/example_dags/example_skip_dag.py took 0.124 seconds
[2025-11-16T20:27:29.821+0000] {processor.py:161} INFO - Started process (PID=1295) to work on /home/airflow/.local/lib/python3.8/site-packages/airflow/example_dags/example_skip_dag.py
[2025-11-16T20:27:29.821+0000] {processor.py:830} INFO - Processing file /home/airflow/.local/lib/python3.8/site-packages/airflow/example_dags/example_skip_dag.py for tasks to queue
[2025-11-16T20:27:29.822+0000] {logging_mixin.py:188} INFO - [2025-11-16T20:27:29.822+0000] {dagbag.py:538} INFO - Filling up the DagBag from /home/airflow/.local/lib/python3.8/site-packages/airflow/example_dags/example_skip_dag.py
[2025-11-16T20:27:29.830+0000] {processor.py:840} INFO - DAG(s) 'example_skip_dag' retrieved from /home/airflow/.local/lib/python3.8/site-packages/airflow/example_dags/example_skip_dag.py
[2025-11-16T20:27:29.859+0000] {logging_mixin.py:188} INFO - [2025-11-16T20:27:29.858+0000] {dag.py:3036} INFO - Sync 1 DAGs
[2025-11-16T20:27:29.881+0000] {logging_mixin.py:188} INFO - [2025-11-16T20:27:29.881+0000] {dag.py:3823} INFO - Setting next_dagrun for example_skip_dag to 2025-11-15 00:00:00+00:00, run_after=2025-11-16 00:00:00+00:00
[2025-11-16T20:27:29.905+0000] {processor.py:183} INFO - Processing /home/airflow/.local/lib/python3.8/site-packages/airflow/example_dags/example_skip_dag.py took 0.087 seconds
[2025-11-16T20:27:59.992+0000] {processor.py:161} INFO - Started process (PID=1383) to work on /home/airflow/.local/lib/python3.8/site-packages/airflow/example_dags/example_skip_dag.py
[2025-11-16T20:27:59.993+0000] {processor.py:830} INFO - Processing file /home/airflow/.local/lib/python3.8/site-packages/airflow/example_dags/example_skip_dag.py for tasks to queue
[2025-11-16T20:27:59.995+0000] {logging_mixin.py:188} INFO - [2025-11-16T20:27:59.995+0000] {dagbag.py:538} INFO - Filling up the DagBag from /home/airflow/.local/lib/python3.8/site-packages/airflow/example_dags/example_skip_dag.py
[2025-11-16T20:28:00.002+0000] {processor.py:840} INFO - DAG(s) 'example_skip_dag' retrieved from /home/airflow/.local/lib/python3.8/site-packages/airflow/example_dags/example_skip_dag.py
[2025-11-16T20:28:00.033+0000] {logging_mixin.py:188} INFO - [2025-11-16T20:28:00.033+0000] {dag.py:3036} INFO - Sync 1 DAGs
[2025-11-16T20:28:00.056+0000] {logging_mixin.py:188} INFO - [2025-11-16T20:28:00.056+0000] {dag.py:3823} INFO - Setting next_dagrun for example_skip_dag to 2025-11-15 00:00:00+00:00, run_after=2025-11-16 00:00:00+00:00
[2025-11-16T20:28:00.080+0000] {processor.py:183} INFO - Processing /home/airflow/.local/lib/python3.8/site-packages/airflow/example_dags/example_skip_dag.py took 0.091 seconds
[2025-11-16T20:28:30.446+0000] {processor.py:161} INFO - Started process (PID=1472) to work on /home/airflow/.local/lib/python3.8/site-packages/airflow/example_dags/example_skip_dag.py
[2025-11-16T20:28:30.447+0000] {processor.py:830} INFO - Processing file /home/airflow/.local/lib/python3.8/site-packages/airflow/example_dags/example_skip_dag.py for tasks to queue
[2025-11-16T20:28:30.448+0000] {logging_mixin.py:188} INFO - [2025-11-16T20:28:30.448+0000] {dagbag.py:538} INFO - Filling up the DagBag from /home/airflow/.local/lib/python3.8/site-packages/airflow/example_dags/example_skip_dag.py
[2025-11-16T20:28:30.456+0000] {processor.py:840} INFO - DAG(s) 'example_skip_dag' retrieved from /home/airflow/.local/lib/python3.8/site-packages/airflow/example_dags/example_skip_dag.py
[2025-11-16T20:28:30.483+0000] {logging_mixin.py:188} INFO - [2025-11-16T20:28:30.482+0000] {dag.py:3036} INFO - Sync 1 DAGs
[2025-11-16T20:28:30.510+0000] {logging_mixin.py:188} INFO - [2025-11-16T20:28:30.509+0000] {dag.py:3823} INFO - Setting next_dagrun for example_skip_dag to 2025-11-15 00:00:00+00:00, run_after=2025-11-16 00:00:00+00:00
[2025-11-16T20:28:30.533+0000] {processor.py:183} INFO - Processing /home/airflow/.local/lib/python3.8/site-packages/airflow/example_dags/example_skip_dag.py took 0.089 seconds
[2025-11-16T20:29:00.743+0000] {processor.py:161} INFO - Started process (PID=1553) to work on /home/airflow/.local/lib/python3.8/site-packages/airflow/example_dags/example_skip_dag.py
[2025-11-16T20:29:00.744+0000] {processor.py:830} INFO - Processing file /home/airflow/.local/lib/python3.8/site-packages/airflow/example_dags/example_skip_dag.py for tasks to queue
[2025-11-16T20:29:00.745+0000] {logging_mixin.py:188} INFO - [2025-11-16T20:29:00.745+0000] {dagbag.py:538} INFO - Filling up the DagBag from /home/airflow/.local/lib/python3.8/site-packages/airflow/example_dags/example_skip_dag.py
[2025-11-16T20:29:00.755+0000] {processor.py:840} INFO - DAG(s) 'example_skip_dag' retrieved from /home/airflow/.local/lib/python3.8/site-packages/airflow/example_dags/example_skip_dag.py
[2025-11-16T20:29:00.785+0000] {logging_mixin.py:188} INFO - [2025-11-16T20:29:00.784+0000] {dag.py:3036} INFO - Sync 1 DAGs
[2025-11-16T20:29:00.812+0000] {logging_mixin.py:188} INFO - [2025-11-16T20:29:00.812+0000] {dag.py:3823} INFO - Setting next_dagrun for example_skip_dag to 2025-11-15 00:00:00+00:00, run_after=2025-11-16 00:00:00+00:00
[2025-11-16T20:29:00.841+0000] {processor.py:183} INFO - Processing /home/airflow/.local/lib/python3.8/site-packages/airflow/example_dags/example_skip_dag.py took 0.102 seconds
[2025-11-16T20:29:31.057+0000] {processor.py:161} INFO - Started process (PID=1642) to work on /home/airflow/.local/lib/python3.8/site-packages/airflow/example_dags/example_skip_dag.py
[2025-11-16T20:29:31.059+0000] {processor.py:830} INFO - Processing file /home/airflow/.local/lib/python3.8/site-packages/airflow/example_dags/example_skip_dag.py for tasks to queue
[2025-11-16T20:29:31.063+0000] {logging_mixin.py:188} INFO - [2025-11-16T20:29:31.062+0000] {dagbag.py:538} INFO - Filling up the DagBag from /home/airflow/.local/lib/python3.8/site-packages/airflow/example_dags/example_skip_dag.py
[2025-11-16T20:29:31.098+0000] {processor.py:840} INFO - DAG(s) 'example_skip_dag' retrieved from /home/airflow/.local/lib/python3.8/site-packages/airflow/example_dags/example_skip_dag.py
[2025-11-16T20:29:31.191+0000] {logging_mixin.py:188} INFO - [2025-11-16T20:29:31.191+0000] {dag.py:3036} INFO - Sync 1 DAGs
[2025-11-16T20:29:31.285+0000] {logging_mixin.py:188} INFO - [2025-11-16T20:29:31.282+0000] {dag.py:3823} INFO - Setting next_dagrun for example_skip_dag to 2025-11-15 00:00:00+00:00, run_after=2025-11-16 00:00:00+00:00
[2025-11-16T20:29:31.882+0000] {processor.py:183} INFO - Processing /home/airflow/.local/lib/python3.8/site-packages/airflow/example_dags/example_skip_dag.py took 0.831 seconds
[2025-11-16T20:30:02.308+0000] {processor.py:161} INFO - Started process (PID=1715) to work on /home/airflow/.local/lib/python3.8/site-packages/airflow/example_dags/example_skip_dag.py
[2025-11-16T20:30:02.407+0000] {processor.py:830} INFO - Processing file /home/airflow/.local/lib/python3.8/site-packages/airflow/example_dags/example_skip_dag.py for tasks to queue
[2025-11-16T20:30:02.408+0000] {logging_mixin.py:188} INFO - [2025-11-16T20:30:02.408+0000] {dagbag.py:538} INFO - Filling up the DagBag from /home/airflow/.local/lib/python3.8/site-packages/airflow/example_dags/example_skip_dag.py
[2025-11-16T20:30:02.519+0000] {processor.py:840} INFO - DAG(s) 'example_skip_dag' retrieved from /home/airflow/.local/lib/python3.8/site-packages/airflow/example_dags/example_skip_dag.py
[2025-11-16T20:30:02.601+0000] {logging_mixin.py:188} INFO - [2025-11-16T20:30:02.601+0000] {dag.py:3036} INFO - Sync 1 DAGs
[2025-11-16T20:30:02.634+0000] {logging_mixin.py:188} INFO - [2025-11-16T20:30:02.634+0000] {dag.py:3823} INFO - Setting next_dagrun for example_skip_dag to 2025-11-15 00:00:00+00:00, run_after=2025-11-16 00:00:00+00:00
[2025-11-16T20:30:02.861+0000] {processor.py:183} INFO - Processing /home/airflow/.local/lib/python3.8/site-packages/airflow/example_dags/example_skip_dag.py took 0.558 seconds
[2025-11-16T20:30:38.556+0000] {processor.py:161} INFO - Started process (PID=1807) to work on /home/airflow/.local/lib/python3.8/site-packages/airflow/example_dags/example_skip_dag.py
[2025-11-16T20:30:38.557+0000] {processor.py:830} INFO - Processing file /home/airflow/.local/lib/python3.8/site-packages/airflow/example_dags/example_skip_dag.py for tasks to queue
[2025-11-16T20:30:38.558+0000] {logging_mixin.py:188} INFO - [2025-11-16T20:30:38.558+0000] {dagbag.py:538} INFO - Filling up the DagBag from /home/airflow/.local/lib/python3.8/site-packages/airflow/example_dags/example_skip_dag.py
[2025-11-16T20:30:38.576+0000] {processor.py:840} INFO - DAG(s) 'example_skip_dag' retrieved from /home/airflow/.local/lib/python3.8/site-packages/airflow/example_dags/example_skip_dag.py
[2025-11-16T20:30:38.621+0000] {logging_mixin.py:188} INFO - [2025-11-16T20:30:38.621+0000] {dag.py:3036} INFO - Sync 1 DAGs
[2025-11-16T20:30:38.665+0000] {logging_mixin.py:188} INFO - [2025-11-16T20:30:38.664+0000] {dag.py:3823} INFO - Setting next_dagrun for example_skip_dag to 2025-11-15 00:00:00+00:00, run_after=2025-11-16 00:00:00+00:00
[2025-11-16T20:30:38.702+0000] {processor.py:183} INFO - Processing /home/airflow/.local/lib/python3.8/site-packages/airflow/example_dags/example_skip_dag.py took 0.154 seconds
[2025-11-16T20:31:09.110+0000] {processor.py:161} INFO - Started process (PID=1883) to work on /home/airflow/.local/lib/python3.8/site-packages/airflow/example_dags/example_skip_dag.py
[2025-11-16T20:31:09.111+0000] {processor.py:830} INFO - Processing file /home/airflow/.local/lib/python3.8/site-packages/airflow/example_dags/example_skip_dag.py for tasks to queue
[2025-11-16T20:31:09.112+0000] {logging_mixin.py:188} INFO - [2025-11-16T20:31:09.112+0000] {dagbag.py:538} INFO - Filling up the DagBag from /home/airflow/.local/lib/python3.8/site-packages/airflow/example_dags/example_skip_dag.py
[2025-11-16T20:31:09.123+0000] {processor.py:840} INFO - DAG(s) 'example_skip_dag' retrieved from /home/airflow/.local/lib/python3.8/site-packages/airflow/example_dags/example_skip_dag.py
[2025-11-16T20:31:09.155+0000] {logging_mixin.py:188} INFO - [2025-11-16T20:31:09.155+0000] {dag.py:3036} INFO - Sync 1 DAGs
[2025-11-16T20:31:09.188+0000] {logging_mixin.py:188} INFO - [2025-11-16T20:31:09.188+0000] {dag.py:3823} INFO - Setting next_dagrun for example_skip_dag to 2025-11-15 00:00:00+00:00, run_after=2025-11-16 00:00:00+00:00
[2025-11-16T20:31:09.222+0000] {processor.py:183} INFO - Processing /home/airflow/.local/lib/python3.8/site-packages/airflow/example_dags/example_skip_dag.py took 0.115 seconds
[2025-11-16T20:31:40.213+0000] {processor.py:161} INFO - Started process (PID=1973) to work on /home/airflow/.local/lib/python3.8/site-packages/airflow/example_dags/example_skip_dag.py
[2025-11-16T20:31:40.214+0000] {processor.py:830} INFO - Processing file /home/airflow/.local/lib/python3.8/site-packages/airflow/example_dags/example_skip_dag.py for tasks to queue
[2025-11-16T20:31:40.219+0000] {logging_mixin.py:188} INFO - [2025-11-16T20:31:40.218+0000] {dagbag.py:538} INFO - Filling up the DagBag from /home/airflow/.local/lib/python3.8/site-packages/airflow/example_dags/example_skip_dag.py
[2025-11-16T20:31:40.238+0000] {processor.py:840} INFO - DAG(s) 'example_skip_dag' retrieved from /home/airflow/.local/lib/python3.8/site-packages/airflow/example_dags/example_skip_dag.py
[2025-11-16T20:31:40.291+0000] {logging_mixin.py:188} INFO - [2025-11-16T20:31:40.291+0000] {dag.py:3036} INFO - Sync 1 DAGs
[2025-11-16T20:31:40.342+0000] {logging_mixin.py:188} INFO - [2025-11-16T20:31:40.342+0000] {dag.py:3823} INFO - Setting next_dagrun for example_skip_dag to 2025-11-15 00:00:00+00:00, run_after=2025-11-16 00:00:00+00:00
[2025-11-16T20:31:40.377+0000] {processor.py:183} INFO - Processing /home/airflow/.local/lib/python3.8/site-packages/airflow/example_dags/example_skip_dag.py took 0.169 seconds
[2025-11-16T20:32:10.768+0000] {processor.py:161} INFO - Started process (PID=2061) to work on /home/airflow/.local/lib/python3.8/site-packages/airflow/example_dags/example_skip_dag.py
[2025-11-16T20:32:10.773+0000] {processor.py:830} INFO - Processing file /home/airflow/.local/lib/python3.8/site-packages/airflow/example_dags/example_skip_dag.py for tasks to queue
[2025-11-16T20:32:10.775+0000] {logging_mixin.py:188} INFO - [2025-11-16T20:32:10.774+0000] {dagbag.py:538} INFO - Filling up the DagBag from /home/airflow/.local/lib/python3.8/site-packages/airflow/example_dags/example_skip_dag.py
[2025-11-16T20:32:10.801+0000] {processor.py:840} INFO - DAG(s) 'example_skip_dag' retrieved from /home/airflow/.local/lib/python3.8/site-packages/airflow/example_dags/example_skip_dag.py
[2025-11-16T20:32:10.850+0000] {logging_mixin.py:188} INFO - [2025-11-16T20:32:10.847+0000] {dag.py:3036} INFO - Sync 1 DAGs
[2025-11-16T20:32:10.900+0000] {logging_mixin.py:188} INFO - [2025-11-16T20:32:10.900+0000] {dag.py:3823} INFO - Setting next_dagrun for example_skip_dag to 2025-11-15 00:00:00+00:00, run_after=2025-11-16 00:00:00+00:00
[2025-11-16T20:32:10.943+0000] {processor.py:183} INFO - Processing /home/airflow/.local/lib/python3.8/site-packages/airflow/example_dags/example_skip_dag.py took 0.179 seconds
[2025-11-16T20:32:48.478+0000] {processor.py:161} INFO - Started process (PID=2127) to work on /home/airflow/.local/lib/python3.8/site-packages/airflow/example_dags/example_skip_dag.py
[2025-11-16T20:32:48.479+0000] {processor.py:830} INFO - Processing file /home/airflow/.local/lib/python3.8/site-packages/airflow/example_dags/example_skip_dag.py for tasks to queue
[2025-11-16T20:32:48.480+0000] {logging_mixin.py:188} INFO - [2025-11-16T20:32:48.480+0000] {dagbag.py:538} INFO - Filling up the DagBag from /home/airflow/.local/lib/python3.8/site-packages/airflow/example_dags/example_skip_dag.py
[2025-11-16T20:32:48.494+0000] {processor.py:840} INFO - DAG(s) 'example_skip_dag' retrieved from /home/airflow/.local/lib/python3.8/site-packages/airflow/example_dags/example_skip_dag.py
[2025-11-16T20:32:48.543+0000] {logging_mixin.py:188} INFO - [2025-11-16T20:32:48.542+0000] {dag.py:3036} INFO - Sync 1 DAGs
[2025-11-16T20:32:48.589+0000] {logging_mixin.py:188} INFO - [2025-11-16T20:32:48.589+0000] {dag.py:3823} INFO - Setting next_dagrun for example_skip_dag to 2025-11-15 00:00:00+00:00, run_after=2025-11-16 00:00:00+00:00
[2025-11-16T20:32:48.637+0000] {processor.py:183} INFO - Processing /home/airflow/.local/lib/python3.8/site-packages/airflow/example_dags/example_skip_dag.py took 0.165 seconds
[2025-11-16T20:33:18.700+0000] {processor.py:161} INFO - Started process (PID=2210) to work on /home/airflow/.local/lib/python3.8/site-packages/airflow/example_dags/example_skip_dag.py
[2025-11-16T20:33:18.701+0000] {processor.py:830} INFO - Processing file /home/airflow/.local/lib/python3.8/site-packages/airflow/example_dags/example_skip_dag.py for tasks to queue
[2025-11-16T20:33:18.702+0000] {logging_mixin.py:188} INFO - [2025-11-16T20:33:18.702+0000] {dagbag.py:538} INFO - Filling up the DagBag from /home/airflow/.local/lib/python3.8/site-packages/airflow/example_dags/example_skip_dag.py
[2025-11-16T20:33:18.711+0000] {processor.py:840} INFO - DAG(s) 'example_skip_dag' retrieved from /home/airflow/.local/lib/python3.8/site-packages/airflow/example_dags/example_skip_dag.py
[2025-11-16T20:33:18.738+0000] {logging_mixin.py:188} INFO - [2025-11-16T20:33:18.738+0000] {dag.py:3036} INFO - Sync 1 DAGs
[2025-11-16T20:33:18.765+0000] {logging_mixin.py:188} INFO - [2025-11-16T20:33:18.765+0000] {dag.py:3823} INFO - Setting next_dagrun for example_skip_dag to 2025-11-15 00:00:00+00:00, run_after=2025-11-16 00:00:00+00:00
[2025-11-16T20:33:18.790+0000] {processor.py:183} INFO - Processing /home/airflow/.local/lib/python3.8/site-packages/airflow/example_dags/example_skip_dag.py took 0.093 seconds
[2025-11-16T20:33:49.571+0000] {processor.py:161} INFO - Started process (PID=2306) to work on /home/airflow/.local/lib/python3.8/site-packages/airflow/example_dags/example_skip_dag.py
[2025-11-16T20:33:49.572+0000] {processor.py:830} INFO - Processing file /home/airflow/.local/lib/python3.8/site-packages/airflow/example_dags/example_skip_dag.py for tasks to queue
[2025-11-16T20:33:49.573+0000] {logging_mixin.py:188} INFO - [2025-11-16T20:33:49.573+0000] {dagbag.py:538} INFO - Filling up the DagBag from /home/airflow/.local/lib/python3.8/site-packages/airflow/example_dags/example_skip_dag.py
[2025-11-16T20:33:49.581+0000] {processor.py:840} INFO - DAG(s) 'example_skip_dag' retrieved from /home/airflow/.local/lib/python3.8/site-packages/airflow/example_dags/example_skip_dag.py
[2025-11-16T20:33:49.609+0000] {logging_mixin.py:188} INFO - [2025-11-16T20:33:49.609+0000] {dag.py:3036} INFO - Sync 1 DAGs
[2025-11-16T20:33:49.639+0000] {logging_mixin.py:188} INFO - [2025-11-16T20:33:49.638+0000] {dag.py:3823} INFO - Setting next_dagrun for example_skip_dag to 2025-11-15 00:00:00+00:00, run_after=2025-11-16 00:00:00+00:00
[2025-11-16T20:33:49.664+0000] {processor.py:183} INFO - Processing /home/airflow/.local/lib/python3.8/site-packages/airflow/example_dags/example_skip_dag.py took 0.097 seconds
[2025-11-16T20:34:20.576+0000] {processor.py:161} INFO - Started process (PID=2388) to work on /home/airflow/.local/lib/python3.8/site-packages/airflow/example_dags/example_skip_dag.py
[2025-11-16T20:34:20.577+0000] {processor.py:830} INFO - Processing file /home/airflow/.local/lib/python3.8/site-packages/airflow/example_dags/example_skip_dag.py for tasks to queue
[2025-11-16T20:34:20.578+0000] {logging_mixin.py:188} INFO - [2025-11-16T20:34:20.578+0000] {dagbag.py:538} INFO - Filling up the DagBag from /home/airflow/.local/lib/python3.8/site-packages/airflow/example_dags/example_skip_dag.py
[2025-11-16T20:34:20.585+0000] {processor.py:840} INFO - DAG(s) 'example_skip_dag' retrieved from /home/airflow/.local/lib/python3.8/site-packages/airflow/example_dags/example_skip_dag.py
[2025-11-16T20:34:20.610+0000] {logging_mixin.py:188} INFO - [2025-11-16T20:34:20.610+0000] {dag.py:3036} INFO - Sync 1 DAGs
[2025-11-16T20:34:20.630+0000] {logging_mixin.py:188} INFO - [2025-11-16T20:34:20.630+0000] {dag.py:3823} INFO - Setting next_dagrun for example_skip_dag to 2025-11-15 00:00:00+00:00, run_after=2025-11-16 00:00:00+00:00
[2025-11-16T20:34:20.652+0000] {processor.py:183} INFO - Processing /home/airflow/.local/lib/python3.8/site-packages/airflow/example_dags/example_skip_dag.py took 0.079 seconds
[2025-11-16T20:34:51.109+0000] {processor.py:161} INFO - Started process (PID=2469) to work on /home/airflow/.local/lib/python3.8/site-packages/airflow/example_dags/example_skip_dag.py
[2025-11-16T20:34:51.109+0000] {processor.py:830} INFO - Processing file /home/airflow/.local/lib/python3.8/site-packages/airflow/example_dags/example_skip_dag.py for tasks to queue
[2025-11-16T20:34:51.110+0000] {logging_mixin.py:188} INFO - [2025-11-16T20:34:51.110+0000] {dagbag.py:538} INFO - Filling up the DagBag from /home/airflow/.local/lib/python3.8/site-packages/airflow/example_dags/example_skip_dag.py
[2025-11-16T20:34:51.117+0000] {processor.py:840} INFO - DAG(s) 'example_skip_dag' retrieved from /home/airflow/.local/lib/python3.8/site-packages/airflow/example_dags/example_skip_dag.py
[2025-11-16T20:34:51.143+0000] {logging_mixin.py:188} INFO - [2025-11-16T20:34:51.143+0000] {dag.py:3036} INFO - Sync 1 DAGs
[2025-11-16T20:34:51.165+0000] {logging_mixin.py:188} INFO - [2025-11-16T20:34:51.165+0000] {dag.py:3823} INFO - Setting next_dagrun for example_skip_dag to 2025-11-15 00:00:00+00:00, run_after=2025-11-16 00:00:00+00:00
[2025-11-16T20:34:51.190+0000] {processor.py:183} INFO - Processing /home/airflow/.local/lib/python3.8/site-packages/airflow/example_dags/example_skip_dag.py took 0.085 seconds
[2025-11-16T20:35:22.483+0000] {processor.py:161} INFO - Started process (PID=2565) to work on /home/airflow/.local/lib/python3.8/site-packages/airflow/example_dags/example_skip_dag.py
[2025-11-16T20:35:22.484+0000] {processor.py:830} INFO - Processing file /home/airflow/.local/lib/python3.8/site-packages/airflow/example_dags/example_skip_dag.py for tasks to queue
[2025-11-16T20:35:22.485+0000] {logging_mixin.py:188} INFO - [2025-11-16T20:35:22.485+0000] {dagbag.py:538} INFO - Filling up the DagBag from /home/airflow/.local/lib/python3.8/site-packages/airflow/example_dags/example_skip_dag.py
[2025-11-16T20:35:22.493+0000] {processor.py:840} INFO - DAG(s) 'example_skip_dag' retrieved from /home/airflow/.local/lib/python3.8/site-packages/airflow/example_dags/example_skip_dag.py
[2025-11-16T20:35:22.521+0000] {logging_mixin.py:188} INFO - [2025-11-16T20:35:22.520+0000] {dag.py:3036} INFO - Sync 1 DAGs
[2025-11-16T20:35:22.547+0000] {logging_mixin.py:188} INFO - [2025-11-16T20:35:22.546+0000] {dag.py:3823} INFO - Setting next_dagrun for example_skip_dag to 2025-11-15 00:00:00+00:00, run_after=2025-11-16 00:00:00+00:00
[2025-11-16T20:35:22.587+0000] {processor.py:183} INFO - Processing /home/airflow/.local/lib/python3.8/site-packages/airflow/example_dags/example_skip_dag.py took 0.108 seconds
[2025-11-16T20:35:53.488+0000] {processor.py:161} INFO - Started process (PID=2646) to work on /home/airflow/.local/lib/python3.8/site-packages/airflow/example_dags/example_skip_dag.py
[2025-11-16T20:35:53.489+0000] {processor.py:830} INFO - Processing file /home/airflow/.local/lib/python3.8/site-packages/airflow/example_dags/example_skip_dag.py for tasks to queue
[2025-11-16T20:35:53.490+0000] {logging_mixin.py:188} INFO - [2025-11-16T20:35:53.490+0000] {dagbag.py:538} INFO - Filling up the DagBag from /home/airflow/.local/lib/python3.8/site-packages/airflow/example_dags/example_skip_dag.py
[2025-11-16T20:35:53.502+0000] {processor.py:840} INFO - DAG(s) 'example_skip_dag' retrieved from /home/airflow/.local/lib/python3.8/site-packages/airflow/example_dags/example_skip_dag.py
[2025-11-16T20:35:53.528+0000] {logging_mixin.py:188} INFO - [2025-11-16T20:35:53.528+0000] {dag.py:3036} INFO - Sync 1 DAGs
[2025-11-16T20:35:53.553+0000] {logging_mixin.py:188} INFO - [2025-11-16T20:35:53.553+0000] {dag.py:3823} INFO - Setting next_dagrun for example_skip_dag to 2025-11-15 00:00:00+00:00, run_after=2025-11-16 00:00:00+00:00
[2025-11-16T20:35:53.578+0000] {processor.py:183} INFO - Processing /home/airflow/.local/lib/python3.8/site-packages/airflow/example_dags/example_skip_dag.py took 0.094 seconds
[2025-11-16T20:36:23.986+0000] {processor.py:161} INFO - Started process (PID=2729) to work on /home/airflow/.local/lib/python3.8/site-packages/airflow/example_dags/example_skip_dag.py
[2025-11-16T20:36:23.987+0000] {processor.py:830} INFO - Processing file /home/airflow/.local/lib/python3.8/site-packages/airflow/example_dags/example_skip_dag.py for tasks to queue
[2025-11-16T20:36:23.988+0000] {logging_mixin.py:188} INFO - [2025-11-16T20:36:23.988+0000] {dagbag.py:538} INFO - Filling up the DagBag from /home/airflow/.local/lib/python3.8/site-packages/airflow/example_dags/example_skip_dag.py
[2025-11-16T20:36:24.000+0000] {processor.py:840} INFO - DAG(s) 'example_skip_dag' retrieved from /home/airflow/.local/lib/python3.8/site-packages/airflow/example_dags/example_skip_dag.py
[2025-11-16T20:36:24.031+0000] {logging_mixin.py:188} INFO - [2025-11-16T20:36:24.031+0000] {dag.py:3036} INFO - Sync 1 DAGs
[2025-11-16T20:36:24.058+0000] {logging_mixin.py:188} INFO - [2025-11-16T20:36:24.057+0000] {dag.py:3823} INFO - Setting next_dagrun for example_skip_dag to 2025-11-15 00:00:00+00:00, run_after=2025-11-16 00:00:00+00:00
[2025-11-16T20:36:24.086+0000] {processor.py:183} INFO - Processing /home/airflow/.local/lib/python3.8/site-packages/airflow/example_dags/example_skip_dag.py took 0.103 seconds
[2025-11-16T20:36:55.333+0000] {processor.py:161} INFO - Started process (PID=2811) to work on /home/airflow/.local/lib/python3.8/site-packages/airflow/example_dags/example_skip_dag.py
[2025-11-16T20:36:55.337+0000] {processor.py:830} INFO - Processing file /home/airflow/.local/lib/python3.8/site-packages/airflow/example_dags/example_skip_dag.py for tasks to queue
[2025-11-16T20:36:55.339+0000] {logging_mixin.py:188} INFO - [2025-11-16T20:36:55.338+0000] {dagbag.py:538} INFO - Filling up the DagBag from /home/airflow/.local/lib/python3.8/site-packages/airflow/example_dags/example_skip_dag.py
[2025-11-16T20:36:55.349+0000] {processor.py:840} INFO - DAG(s) 'example_skip_dag' retrieved from /home/airflow/.local/lib/python3.8/site-packages/airflow/example_dags/example_skip_dag.py
[2025-11-16T20:36:55.384+0000] {logging_mixin.py:188} INFO - [2025-11-16T20:36:55.384+0000] {dag.py:3036} INFO - Sync 1 DAGs
[2025-11-16T20:36:55.420+0000] {logging_mixin.py:188} INFO - [2025-11-16T20:36:55.420+0000] {dag.py:3823} INFO - Setting next_dagrun for example_skip_dag to 2025-11-15 00:00:00+00:00, run_after=2025-11-16 00:00:00+00:00
[2025-11-16T20:36:55.460+0000] {processor.py:183} INFO - Processing /home/airflow/.local/lib/python3.8/site-packages/airflow/example_dags/example_skip_dag.py took 0.130 seconds
[2025-11-16T20:37:31.889+0000] {processor.py:161} INFO - Started process (PID=2883) to work on /home/airflow/.local/lib/python3.8/site-packages/airflow/example_dags/example_skip_dag.py
[2025-11-16T20:37:31.894+0000] {processor.py:830} INFO - Processing file /home/airflow/.local/lib/python3.8/site-packages/airflow/example_dags/example_skip_dag.py for tasks to queue
[2025-11-16T20:37:31.896+0000] {logging_mixin.py:188} INFO - [2025-11-16T20:37:31.895+0000] {dagbag.py:538} INFO - Filling up the DagBag from /home/airflow/.local/lib/python3.8/site-packages/airflow/example_dags/example_skip_dag.py
[2025-11-16T20:37:31.915+0000] {processor.py:840} INFO - DAG(s) 'example_skip_dag' retrieved from /home/airflow/.local/lib/python3.8/site-packages/airflow/example_dags/example_skip_dag.py
[2025-11-16T20:37:31.971+0000] {logging_mixin.py:188} INFO - [2025-11-16T20:37:31.971+0000] {dag.py:3036} INFO - Sync 1 DAGs
[2025-11-16T20:37:32.038+0000] {logging_mixin.py:188} INFO - [2025-11-16T20:37:32.038+0000] {dag.py:3823} INFO - Setting next_dagrun for example_skip_dag to 2025-11-15 00:00:00+00:00, run_after=2025-11-16 00:00:00+00:00
[2025-11-16T20:37:32.095+0000] {processor.py:183} INFO - Processing /home/airflow/.local/lib/python3.8/site-packages/airflow/example_dags/example_skip_dag.py took 0.211 seconds
[2025-11-16T20:38:02.977+0000] {processor.py:161} INFO - Started process (PID=2963) to work on /home/airflow/.local/lib/python3.8/site-packages/airflow/example_dags/example_skip_dag.py
[2025-11-16T20:38:02.978+0000] {processor.py:830} INFO - Processing file /home/airflow/.local/lib/python3.8/site-packages/airflow/example_dags/example_skip_dag.py for tasks to queue
[2025-11-16T20:38:02.982+0000] {logging_mixin.py:188} INFO - [2025-11-16T20:38:02.981+0000] {dagbag.py:538} INFO - Filling up the DagBag from /home/airflow/.local/lib/python3.8/site-packages/airflow/example_dags/example_skip_dag.py
[2025-11-16T20:38:02.993+0000] {processor.py:840} INFO - DAG(s) 'example_skip_dag' retrieved from /home/airflow/.local/lib/python3.8/site-packages/airflow/example_dags/example_skip_dag.py
[2025-11-16T20:38:03.029+0000] {logging_mixin.py:188} INFO - [2025-11-16T20:38:03.029+0000] {dag.py:3036} INFO - Sync 1 DAGs
[2025-11-16T20:38:03.064+0000] {logging_mixin.py:188} INFO - [2025-11-16T20:38:03.063+0000] {dag.py:3823} INFO - Setting next_dagrun for example_skip_dag to 2025-11-15 00:00:00+00:00, run_after=2025-11-16 00:00:00+00:00
[2025-11-16T20:38:03.096+0000] {processor.py:183} INFO - Processing /home/airflow/.local/lib/python3.8/site-packages/airflow/example_dags/example_skip_dag.py took 0.124 seconds
[2025-11-16T20:38:33.626+0000] {processor.py:161} INFO - Started process (PID=3046) to work on /home/airflow/.local/lib/python3.8/site-packages/airflow/example_dags/example_skip_dag.py
[2025-11-16T20:38:33.627+0000] {processor.py:830} INFO - Processing file /home/airflow/.local/lib/python3.8/site-packages/airflow/example_dags/example_skip_dag.py for tasks to queue
[2025-11-16T20:38:33.629+0000] {logging_mixin.py:188} INFO - [2025-11-16T20:38:33.628+0000] {dagbag.py:538} INFO - Filling up the DagBag from /home/airflow/.local/lib/python3.8/site-packages/airflow/example_dags/example_skip_dag.py
[2025-11-16T20:38:33.640+0000] {processor.py:840} INFO - DAG(s) 'example_skip_dag' retrieved from /home/airflow/.local/lib/python3.8/site-packages/airflow/example_dags/example_skip_dag.py
[2025-11-16T20:38:33.674+0000] {logging_mixin.py:188} INFO - [2025-11-16T20:38:33.674+0000] {dag.py:3036} INFO - Sync 1 DAGs
[2025-11-16T20:38:33.706+0000] {logging_mixin.py:188} INFO - [2025-11-16T20:38:33.706+0000] {dag.py:3823} INFO - Setting next_dagrun for example_skip_dag to 2025-11-15 00:00:00+00:00, run_after=2025-11-16 00:00:00+00:00
[2025-11-16T20:38:33.742+0000] {processor.py:183} INFO - Processing /home/airflow/.local/lib/python3.8/site-packages/airflow/example_dags/example_skip_dag.py took 0.121 seconds
[2025-11-16T20:39:21.036+0000] {processor.py:161} INFO - Started process (PID=3136) to work on /home/airflow/.local/lib/python3.8/site-packages/airflow/example_dags/example_skip_dag.py
[2025-11-16T20:39:21.037+0000] {processor.py:830} INFO - Processing file /home/airflow/.local/lib/python3.8/site-packages/airflow/example_dags/example_skip_dag.py for tasks to queue
[2025-11-16T20:39:21.039+0000] {logging_mixin.py:188} INFO - [2025-11-16T20:39:21.038+0000] {dagbag.py:538} INFO - Filling up the DagBag from /home/airflow/.local/lib/python3.8/site-packages/airflow/example_dags/example_skip_dag.py
[2025-11-16T20:39:21.059+0000] {processor.py:840} INFO - DAG(s) 'example_skip_dag' retrieved from /home/airflow/.local/lib/python3.8/site-packages/airflow/example_dags/example_skip_dag.py
[2025-11-16T20:39:21.113+0000] {logging_mixin.py:188} INFO - [2025-11-16T20:39:21.112+0000] {dag.py:3036} INFO - Sync 1 DAGs
[2025-11-16T20:39:21.161+0000] {logging_mixin.py:188} INFO - [2025-11-16T20:39:21.161+0000] {dag.py:3823} INFO - Setting next_dagrun for example_skip_dag to 2025-11-15 00:00:00+00:00, run_after=2025-11-16 00:00:00+00:00
[2025-11-16T20:39:21.202+0000] {processor.py:183} INFO - Processing /home/airflow/.local/lib/python3.8/site-packages/airflow/example_dags/example_skip_dag.py took 0.175 seconds
[2025-11-16T20:39:51.374+0000] {processor.py:161} INFO - Started process (PID=3221) to work on /home/airflow/.local/lib/python3.8/site-packages/airflow/example_dags/example_skip_dag.py
[2025-11-16T20:39:51.375+0000] {processor.py:830} INFO - Processing file /home/airflow/.local/lib/python3.8/site-packages/airflow/example_dags/example_skip_dag.py for tasks to queue
[2025-11-16T20:39:51.379+0000] {logging_mixin.py:188} INFO - [2025-11-16T20:39:51.379+0000] {dagbag.py:538} INFO - Filling up the DagBag from /home/airflow/.local/lib/python3.8/site-packages/airflow/example_dags/example_skip_dag.py
[2025-11-16T20:39:51.391+0000] {processor.py:840} INFO - DAG(s) 'example_skip_dag' retrieved from /home/airflow/.local/lib/python3.8/site-packages/airflow/example_dags/example_skip_dag.py
[2025-11-16T20:39:51.438+0000] {logging_mixin.py:188} INFO - [2025-11-16T20:39:51.438+0000] {dag.py:3036} INFO - Sync 1 DAGs
[2025-11-16T20:39:51.476+0000] {logging_mixin.py:188} INFO - [2025-11-16T20:39:51.475+0000] {dag.py:3823} INFO - Setting next_dagrun for example_skip_dag to 2025-11-15 00:00:00+00:00, run_after=2025-11-16 00:00:00+00:00
[2025-11-16T20:39:51.517+0000] {processor.py:183} INFO - Processing /home/airflow/.local/lib/python3.8/site-packages/airflow/example_dags/example_skip_dag.py took 0.148 seconds
[2025-11-16T20:42:26.099+0000] {processor.py:161} INFO - Started process (PID=153) to work on /home/airflow/.local/lib/python3.8/site-packages/airflow/example_dags/example_skip_dag.py
[2025-11-16T20:42:26.101+0000] {processor.py:830} INFO - Processing file /home/airflow/.local/lib/python3.8/site-packages/airflow/example_dags/example_skip_dag.py for tasks to queue
[2025-11-16T20:42:26.103+0000] {logging_mixin.py:188} INFO - [2025-11-16T20:42:26.103+0000] {dagbag.py:538} INFO - Filling up the DagBag from /home/airflow/.local/lib/python3.8/site-packages/airflow/example_dags/example_skip_dag.py
[2025-11-16T20:42:26.117+0000] {processor.py:840} INFO - DAG(s) 'example_skip_dag' retrieved from /home/airflow/.local/lib/python3.8/site-packages/airflow/example_dags/example_skip_dag.py
[2025-11-16T20:42:26.348+0000] {logging_mixin.py:188} INFO - [2025-11-16T20:42:26.348+0000] {dag.py:3036} INFO - Sync 1 DAGs
[2025-11-16T20:42:26.392+0000] {logging_mixin.py:188} INFO - [2025-11-16T20:42:26.391+0000] {dag.py:3823} INFO - Setting next_dagrun for example_skip_dag to 2025-11-15 00:00:00+00:00, run_after=2025-11-16 00:00:00+00:00
[2025-11-16T20:42:26.437+0000] {processor.py:183} INFO - Processing /home/airflow/.local/lib/python3.8/site-packages/airflow/example_dags/example_skip_dag.py took 0.342 seconds
[2025-11-16T20:43:02.819+0000] {processor.py:161} INFO - Started process (PID=226) to work on /home/airflow/.local/lib/python3.8/site-packages/airflow/example_dags/example_skip_dag.py
[2025-11-16T20:43:02.820+0000] {processor.py:830} INFO - Processing file /home/airflow/.local/lib/python3.8/site-packages/airflow/example_dags/example_skip_dag.py for tasks to queue
[2025-11-16T20:43:02.822+0000] {logging_mixin.py:188} INFO - [2025-11-16T20:43:02.821+0000] {dagbag.py:538} INFO - Filling up the DagBag from /home/airflow/.local/lib/python3.8/site-packages/airflow/example_dags/example_skip_dag.py
[2025-11-16T20:43:02.831+0000] {processor.py:840} INFO - DAG(s) 'example_skip_dag' retrieved from /home/airflow/.local/lib/python3.8/site-packages/airflow/example_dags/example_skip_dag.py
[2025-11-16T20:43:03.800+0000] {logging_mixin.py:188} INFO - [2025-11-16T20:43:03.799+0000] {dag.py:3036} INFO - Sync 1 DAGs
[2025-11-16T20:43:03.825+0000] {logging_mixin.py:188} INFO - [2025-11-16T20:43:03.824+0000] {dag.py:3823} INFO - Setting next_dagrun for example_skip_dag to 2025-11-15 00:00:00+00:00, run_after=2025-11-16 00:00:00+00:00
[2025-11-16T20:43:04.013+0000] {processor.py:183} INFO - Processing /home/airflow/.local/lib/python3.8/site-packages/airflow/example_dags/example_skip_dag.py took 1.200 seconds
[2025-11-16T20:43:34.933+0000] {processor.py:161} INFO - Started process (PID=307) to work on /home/airflow/.local/lib/python3.8/site-packages/airflow/example_dags/example_skip_dag.py
[2025-11-16T20:43:34.935+0000] {processor.py:830} INFO - Processing file /home/airflow/.local/lib/python3.8/site-packages/airflow/example_dags/example_skip_dag.py for tasks to queue
[2025-11-16T20:43:34.936+0000] {logging_mixin.py:188} INFO - [2025-11-16T20:43:34.935+0000] {dagbag.py:538} INFO - Filling up the DagBag from /home/airflow/.local/lib/python3.8/site-packages/airflow/example_dags/example_skip_dag.py
[2025-11-16T20:43:34.947+0000] {processor.py:840} INFO - DAG(s) 'example_skip_dag' retrieved from /home/airflow/.local/lib/python3.8/site-packages/airflow/example_dags/example_skip_dag.py
[2025-11-16T20:43:34.977+0000] {logging_mixin.py:188} INFO - [2025-11-16T20:43:34.976+0000] {dag.py:3036} INFO - Sync 1 DAGs
[2025-11-16T20:43:35.005+0000] {logging_mixin.py:188} INFO - [2025-11-16T20:43:35.005+0000] {dag.py:3823} INFO - Setting next_dagrun for example_skip_dag to 2025-11-15 00:00:00+00:00, run_after=2025-11-16 00:00:00+00:00
[2025-11-16T20:43:35.031+0000] {processor.py:183} INFO - Processing /home/airflow/.local/lib/python3.8/site-packages/airflow/example_dags/example_skip_dag.py took 0.101 seconds
[2025-11-16T20:44:05.195+0000] {processor.py:161} INFO - Started process (PID=395) to work on /home/airflow/.local/lib/python3.8/site-packages/airflow/example_dags/example_skip_dag.py
[2025-11-16T20:44:05.196+0000] {processor.py:830} INFO - Processing file /home/airflow/.local/lib/python3.8/site-packages/airflow/example_dags/example_skip_dag.py for tasks to queue
[2025-11-16T20:44:05.197+0000] {logging_mixin.py:188} INFO - [2025-11-16T20:44:05.197+0000] {dagbag.py:538} INFO - Filling up the DagBag from /home/airflow/.local/lib/python3.8/site-packages/airflow/example_dags/example_skip_dag.py
[2025-11-16T20:44:05.204+0000] {processor.py:840} INFO - DAG(s) 'example_skip_dag' retrieved from /home/airflow/.local/lib/python3.8/site-packages/airflow/example_dags/example_skip_dag.py
[2025-11-16T20:44:05.227+0000] {logging_mixin.py:188} INFO - [2025-11-16T20:44:05.227+0000] {dag.py:3036} INFO - Sync 1 DAGs
[2025-11-16T20:44:05.253+0000] {logging_mixin.py:188} INFO - [2025-11-16T20:44:05.252+0000] {dag.py:3823} INFO - Setting next_dagrun for example_skip_dag to 2025-11-15 00:00:00+00:00, run_after=2025-11-16 00:00:00+00:00
[2025-11-16T20:44:05.274+0000] {processor.py:183} INFO - Processing /home/airflow/.local/lib/python3.8/site-packages/airflow/example_dags/example_skip_dag.py took 0.082 seconds
[2025-11-16T20:44:35.339+0000] {processor.py:161} INFO - Started process (PID=476) to work on /home/airflow/.local/lib/python3.8/site-packages/airflow/example_dags/example_skip_dag.py
[2025-11-16T20:44:35.340+0000] {processor.py:830} INFO - Processing file /home/airflow/.local/lib/python3.8/site-packages/airflow/example_dags/example_skip_dag.py for tasks to queue
[2025-11-16T20:44:35.341+0000] {logging_mixin.py:188} INFO - [2025-11-16T20:44:35.341+0000] {dagbag.py:538} INFO - Filling up the DagBag from /home/airflow/.local/lib/python3.8/site-packages/airflow/example_dags/example_skip_dag.py
[2025-11-16T20:44:35.348+0000] {processor.py:840} INFO - DAG(s) 'example_skip_dag' retrieved from /home/airflow/.local/lib/python3.8/site-packages/airflow/example_dags/example_skip_dag.py
[2025-11-16T20:44:35.373+0000] {logging_mixin.py:188} INFO - [2025-11-16T20:44:35.373+0000] {dag.py:3036} INFO - Sync 1 DAGs
[2025-11-16T20:44:35.395+0000] {logging_mixin.py:188} INFO - [2025-11-16T20:44:35.395+0000] {dag.py:3823} INFO - Setting next_dagrun for example_skip_dag to 2025-11-15 00:00:00+00:00, run_after=2025-11-16 00:00:00+00:00
[2025-11-16T20:44:35.418+0000] {processor.py:183} INFO - Processing /home/airflow/.local/lib/python3.8/site-packages/airflow/example_dags/example_skip_dag.py took 0.082 seconds
[2025-11-16T20:45:06.008+0000] {processor.py:161} INFO - Started process (PID=566) to work on /home/airflow/.local/lib/python3.8/site-packages/airflow/example_dags/example_skip_dag.py
[2025-11-16T20:45:06.009+0000] {processor.py:830} INFO - Processing file /home/airflow/.local/lib/python3.8/site-packages/airflow/example_dags/example_skip_dag.py for tasks to queue
[2025-11-16T20:45:06.010+0000] {logging_mixin.py:188} INFO - [2025-11-16T20:45:06.010+0000] {dagbag.py:538} INFO - Filling up the DagBag from /home/airflow/.local/lib/python3.8/site-packages/airflow/example_dags/example_skip_dag.py
[2025-11-16T20:45:06.017+0000] {processor.py:840} INFO - DAG(s) 'example_skip_dag' retrieved from /home/airflow/.local/lib/python3.8/site-packages/airflow/example_dags/example_skip_dag.py
[2025-11-16T20:45:06.042+0000] {logging_mixin.py:188} INFO - [2025-11-16T20:45:06.042+0000] {dag.py:3036} INFO - Sync 1 DAGs
[2025-11-16T20:45:06.072+0000] {logging_mixin.py:188} INFO - [2025-11-16T20:45:06.072+0000] {dag.py:3823} INFO - Setting next_dagrun for example_skip_dag to 2025-11-15 00:00:00+00:00, run_after=2025-11-16 00:00:00+00:00
[2025-11-16T20:45:06.101+0000] {processor.py:183} INFO - Processing /home/airflow/.local/lib/python3.8/site-packages/airflow/example_dags/example_skip_dag.py took 0.096 seconds
[2025-11-16T20:45:36.228+0000] {processor.py:161} INFO - Started process (PID=655) to work on /home/airflow/.local/lib/python3.8/site-packages/airflow/example_dags/example_skip_dag.py
[2025-11-16T20:45:36.230+0000] {processor.py:830} INFO - Processing file /home/airflow/.local/lib/python3.8/site-packages/airflow/example_dags/example_skip_dag.py for tasks to queue
[2025-11-16T20:45:36.231+0000] {logging_mixin.py:188} INFO - [2025-11-16T20:45:36.231+0000] {dagbag.py:538} INFO - Filling up the DagBag from /home/airflow/.local/lib/python3.8/site-packages/airflow/example_dags/example_skip_dag.py
[2025-11-16T20:45:36.241+0000] {processor.py:840} INFO - DAG(s) 'example_skip_dag' retrieved from /home/airflow/.local/lib/python3.8/site-packages/airflow/example_dags/example_skip_dag.py
[2025-11-16T20:45:36.279+0000] {logging_mixin.py:188} INFO - [2025-11-16T20:45:36.279+0000] {dag.py:3036} INFO - Sync 1 DAGs
[2025-11-16T20:45:36.309+0000] {logging_mixin.py:188} INFO - [2025-11-16T20:45:36.309+0000] {dag.py:3823} INFO - Setting next_dagrun for example_skip_dag to 2025-11-15 00:00:00+00:00, run_after=2025-11-16 00:00:00+00:00
[2025-11-16T20:45:36.339+0000] {processor.py:183} INFO - Processing /home/airflow/.local/lib/python3.8/site-packages/airflow/example_dags/example_skip_dag.py took 0.115 seconds
[2025-11-16T20:46:06.925+0000] {processor.py:161} INFO - Started process (PID=736) to work on /home/airflow/.local/lib/python3.8/site-packages/airflow/example_dags/example_skip_dag.py
[2025-11-16T20:46:06.926+0000] {processor.py:830} INFO - Processing file /home/airflow/.local/lib/python3.8/site-packages/airflow/example_dags/example_skip_dag.py for tasks to queue
[2025-11-16T20:46:06.927+0000] {logging_mixin.py:188} INFO - [2025-11-16T20:46:06.927+0000] {dagbag.py:538} INFO - Filling up the DagBag from /home/airflow/.local/lib/python3.8/site-packages/airflow/example_dags/example_skip_dag.py
[2025-11-16T20:46:06.934+0000] {processor.py:840} INFO - DAG(s) 'example_skip_dag' retrieved from /home/airflow/.local/lib/python3.8/site-packages/airflow/example_dags/example_skip_dag.py
[2025-11-16T20:46:06.959+0000] {logging_mixin.py:188} INFO - [2025-11-16T20:46:06.959+0000] {dag.py:3036} INFO - Sync 1 DAGs
[2025-11-16T20:46:06.983+0000] {logging_mixin.py:188} INFO - [2025-11-16T20:46:06.983+0000] {dag.py:3823} INFO - Setting next_dagrun for example_skip_dag to 2025-11-15 00:00:00+00:00, run_after=2025-11-16 00:00:00+00:00
[2025-11-16T20:46:07.008+0000] {processor.py:183} INFO - Processing /home/airflow/.local/lib/python3.8/site-packages/airflow/example_dags/example_skip_dag.py took 0.086 seconds
[2025-11-16T20:46:37.507+0000] {processor.py:161} INFO - Started process (PID=832) to work on /home/airflow/.local/lib/python3.8/site-packages/airflow/example_dags/example_skip_dag.py
[2025-11-16T20:46:37.508+0000] {processor.py:830} INFO - Processing file /home/airflow/.local/lib/python3.8/site-packages/airflow/example_dags/example_skip_dag.py for tasks to queue
[2025-11-16T20:46:37.509+0000] {logging_mixin.py:188} INFO - [2025-11-16T20:46:37.509+0000] {dagbag.py:538} INFO - Filling up the DagBag from /home/airflow/.local/lib/python3.8/site-packages/airflow/example_dags/example_skip_dag.py
[2025-11-16T20:46:37.516+0000] {processor.py:840} INFO - DAG(s) 'example_skip_dag' retrieved from /home/airflow/.local/lib/python3.8/site-packages/airflow/example_dags/example_skip_dag.py
[2025-11-16T20:46:37.544+0000] {logging_mixin.py:188} INFO - [2025-11-16T20:46:37.543+0000] {dag.py:3036} INFO - Sync 1 DAGs
[2025-11-16T20:46:37.568+0000] {logging_mixin.py:188} INFO - [2025-11-16T20:46:37.568+0000] {dag.py:3823} INFO - Setting next_dagrun for example_skip_dag to 2025-11-15 00:00:00+00:00, run_after=2025-11-16 00:00:00+00:00
[2025-11-16T20:46:37.593+0000] {processor.py:183} INFO - Processing /home/airflow/.local/lib/python3.8/site-packages/airflow/example_dags/example_skip_dag.py took 0.090 seconds
[2025-11-16T20:47:07.879+0000] {processor.py:161} INFO - Started process (PID=913) to work on /home/airflow/.local/lib/python3.8/site-packages/airflow/example_dags/example_skip_dag.py
[2025-11-16T20:47:07.879+0000] {processor.py:830} INFO - Processing file /home/airflow/.local/lib/python3.8/site-packages/airflow/example_dags/example_skip_dag.py for tasks to queue
[2025-11-16T20:47:07.881+0000] {logging_mixin.py:188} INFO - [2025-11-16T20:47:07.880+0000] {dagbag.py:538} INFO - Filling up the DagBag from /home/airflow/.local/lib/python3.8/site-packages/airflow/example_dags/example_skip_dag.py
[2025-11-16T20:47:07.894+0000] {processor.py:840} INFO - DAG(s) 'example_skip_dag' retrieved from /home/airflow/.local/lib/python3.8/site-packages/airflow/example_dags/example_skip_dag.py
[2025-11-16T20:47:07.919+0000] {logging_mixin.py:188} INFO - [2025-11-16T20:47:07.919+0000] {dag.py:3036} INFO - Sync 1 DAGs
[2025-11-16T20:47:07.941+0000] {logging_mixin.py:188} INFO - [2025-11-16T20:47:07.940+0000] {dag.py:3823} INFO - Setting next_dagrun for example_skip_dag to 2025-11-15 00:00:00+00:00, run_after=2025-11-16 00:00:00+00:00
[2025-11-16T20:47:07.964+0000] {processor.py:183} INFO - Processing /home/airflow/.local/lib/python3.8/site-packages/airflow/example_dags/example_skip_dag.py took 0.089 seconds
[2025-11-16T20:47:38.649+0000] {processor.py:161} INFO - Started process (PID=1002) to work on /home/airflow/.local/lib/python3.8/site-packages/airflow/example_dags/example_skip_dag.py
[2025-11-16T20:47:38.650+0000] {processor.py:830} INFO - Processing file /home/airflow/.local/lib/python3.8/site-packages/airflow/example_dags/example_skip_dag.py for tasks to queue
[2025-11-16T20:47:38.651+0000] {logging_mixin.py:188} INFO - [2025-11-16T20:47:38.651+0000] {dagbag.py:538} INFO - Filling up the DagBag from /home/airflow/.local/lib/python3.8/site-packages/airflow/example_dags/example_skip_dag.py
[2025-11-16T20:47:38.664+0000] {processor.py:840} INFO - DAG(s) 'example_skip_dag' retrieved from /home/airflow/.local/lib/python3.8/site-packages/airflow/example_dags/example_skip_dag.py
[2025-11-16T20:47:38.705+0000] {logging_mixin.py:188} INFO - [2025-11-16T20:47:38.705+0000] {dag.py:3036} INFO - Sync 1 DAGs
[2025-11-16T20:47:38.738+0000] {logging_mixin.py:188} INFO - [2025-11-16T20:47:38.737+0000] {dag.py:3823} INFO - Setting next_dagrun for example_skip_dag to 2025-11-15 00:00:00+00:00, run_after=2025-11-16 00:00:00+00:00
[2025-11-16T20:47:38.769+0000] {processor.py:183} INFO - Processing /home/airflow/.local/lib/python3.8/site-packages/airflow/example_dags/example_skip_dag.py took 0.127 seconds
[2025-11-16T20:48:08.922+0000] {processor.py:161} INFO - Started process (PID=1088) to work on /home/airflow/.local/lib/python3.8/site-packages/airflow/example_dags/example_skip_dag.py
[2025-11-16T20:48:08.923+0000] {processor.py:830} INFO - Processing file /home/airflow/.local/lib/python3.8/site-packages/airflow/example_dags/example_skip_dag.py for tasks to queue
[2025-11-16T20:48:08.924+0000] {logging_mixin.py:188} INFO - [2025-11-16T20:48:08.923+0000] {dagbag.py:538} INFO - Filling up the DagBag from /home/airflow/.local/lib/python3.8/site-packages/airflow/example_dags/example_skip_dag.py
[2025-11-16T20:48:08.931+0000] {processor.py:840} INFO - DAG(s) 'example_skip_dag' retrieved from /home/airflow/.local/lib/python3.8/site-packages/airflow/example_dags/example_skip_dag.py
[2025-11-16T20:48:08.958+0000] {logging_mixin.py:188} INFO - [2025-11-16T20:48:08.957+0000] {dag.py:3036} INFO - Sync 1 DAGs
[2025-11-16T20:48:08.980+0000] {logging_mixin.py:188} INFO - [2025-11-16T20:48:08.980+0000] {dag.py:3823} INFO - Setting next_dagrun for example_skip_dag to 2025-11-15 00:00:00+00:00, run_after=2025-11-16 00:00:00+00:00
[2025-11-16T20:48:09.004+0000] {processor.py:183} INFO - Processing /home/airflow/.local/lib/python3.8/site-packages/airflow/example_dags/example_skip_dag.py took 0.085 seconds
[2025-11-16T20:48:39.973+0000] {processor.py:161} INFO - Started process (PID=1169) to work on /home/airflow/.local/lib/python3.8/site-packages/airflow/example_dags/example_skip_dag.py
[2025-11-16T20:48:39.974+0000] {processor.py:830} INFO - Processing file /home/airflow/.local/lib/python3.8/site-packages/airflow/example_dags/example_skip_dag.py for tasks to queue
[2025-11-16T20:48:39.975+0000] {logging_mixin.py:188} INFO - [2025-11-16T20:48:39.975+0000] {dagbag.py:538} INFO - Filling up the DagBag from /home/airflow/.local/lib/python3.8/site-packages/airflow/example_dags/example_skip_dag.py
[2025-11-16T20:48:39.984+0000] {processor.py:840} INFO - DAG(s) 'example_skip_dag' retrieved from /home/airflow/.local/lib/python3.8/site-packages/airflow/example_dags/example_skip_dag.py
[2025-11-16T20:48:40.033+0000] {logging_mixin.py:188} INFO - [2025-11-16T20:48:40.032+0000] {dag.py:3036} INFO - Sync 1 DAGs
[2025-11-16T20:48:40.097+0000] {logging_mixin.py:188} INFO - [2025-11-16T20:48:40.097+0000] {dag.py:3823} INFO - Setting next_dagrun for example_skip_dag to 2025-11-15 00:00:00+00:00, run_after=2025-11-16 00:00:00+00:00
[2025-11-16T20:48:40.145+0000] {processor.py:183} INFO - Processing /home/airflow/.local/lib/python3.8/site-packages/airflow/example_dags/example_skip_dag.py took 0.178 seconds
[2025-11-16T20:49:17.856+0000] {processor.py:161} INFO - Started process (PID=1252) to work on /home/airflow/.local/lib/python3.8/site-packages/airflow/example_dags/example_skip_dag.py
[2025-11-16T20:49:17.860+0000] {processor.py:830} INFO - Processing file /home/airflow/.local/lib/python3.8/site-packages/airflow/example_dags/example_skip_dag.py for tasks to queue
[2025-11-16T20:49:17.868+0000] {logging_mixin.py:188} INFO - [2025-11-16T20:49:17.866+0000] {dagbag.py:538} INFO - Filling up the DagBag from /home/airflow/.local/lib/python3.8/site-packages/airflow/example_dags/example_skip_dag.py
[2025-11-16T20:49:17.911+0000] {processor.py:840} INFO - DAG(s) 'example_skip_dag' retrieved from /home/airflow/.local/lib/python3.8/site-packages/airflow/example_dags/example_skip_dag.py
[2025-11-16T20:49:17.972+0000] {logging_mixin.py:188} INFO - [2025-11-16T20:49:17.969+0000] {dag.py:3036} INFO - Sync 1 DAGs
[2025-11-16T20:49:18.027+0000] {logging_mixin.py:188} INFO - [2025-11-16T20:49:18.026+0000] {dag.py:3823} INFO - Setting next_dagrun for example_skip_dag to 2025-11-15 00:00:00+00:00, run_after=2025-11-16 00:00:00+00:00
[2025-11-16T20:49:18.112+0000] {processor.py:183} INFO - Processing /home/airflow/.local/lib/python3.8/site-packages/airflow/example_dags/example_skip_dag.py took 0.265 seconds
[2025-11-16T20:50:05.364+0000] {processor.py:161} INFO - Started process (PID=1325) to work on /home/airflow/.local/lib/python3.8/site-packages/airflow/example_dags/example_skip_dag.py
[2025-11-16T20:50:05.365+0000] {processor.py:830} INFO - Processing file /home/airflow/.local/lib/python3.8/site-packages/airflow/example_dags/example_skip_dag.py for tasks to queue
[2025-11-16T20:50:05.367+0000] {logging_mixin.py:188} INFO - [2025-11-16T20:50:05.366+0000] {dagbag.py:538} INFO - Filling up the DagBag from /home/airflow/.local/lib/python3.8/site-packages/airflow/example_dags/example_skip_dag.py
[2025-11-16T20:50:05.380+0000] {processor.py:840} INFO - DAG(s) 'example_skip_dag' retrieved from /home/airflow/.local/lib/python3.8/site-packages/airflow/example_dags/example_skip_dag.py
[2025-11-16T20:50:05.429+0000] {logging_mixin.py:188} INFO - [2025-11-16T20:50:05.429+0000] {dag.py:3036} INFO - Sync 1 DAGs
[2025-11-16T20:50:05.478+0000] {logging_mixin.py:188} INFO - [2025-11-16T20:50:05.477+0000] {dag.py:3823} INFO - Setting next_dagrun for example_skip_dag to 2025-11-15 00:00:00+00:00, run_after=2025-11-16 00:00:00+00:00
[2025-11-16T20:50:05.520+0000] {processor.py:183} INFO - Processing /home/airflow/.local/lib/python3.8/site-packages/airflow/example_dags/example_skip_dag.py took 0.162 seconds
[2025-11-16T23:16:20.091+0000] {processor.py:161} INFO - Started process (PID=1427) to work on /home/airflow/.local/lib/python3.8/site-packages/airflow/example_dags/example_skip_dag.py
[2025-11-16T23:16:20.092+0000] {processor.py:830} INFO - Processing file /home/airflow/.local/lib/python3.8/site-packages/airflow/example_dags/example_skip_dag.py for tasks to queue
[2025-11-16T23:16:20.094+0000] {logging_mixin.py:188} INFO - [2025-11-16T23:16:20.093+0000] {dagbag.py:538} INFO - Filling up the DagBag from /home/airflow/.local/lib/python3.8/site-packages/airflow/example_dags/example_skip_dag.py
[2025-11-16T23:16:20.126+0000] {processor.py:840} INFO - DAG(s) 'example_skip_dag' retrieved from /home/airflow/.local/lib/python3.8/site-packages/airflow/example_dags/example_skip_dag.py
[2025-11-16T23:16:20.244+0000] {logging_mixin.py:188} INFO - [2025-11-16T23:16:20.243+0000] {dag.py:3036} INFO - Sync 1 DAGs
[2025-11-16T23:16:20.339+0000] {logging_mixin.py:188} INFO - [2025-11-16T23:16:20.338+0000] {dag.py:3823} INFO - Setting next_dagrun for example_skip_dag to 2025-11-15 00:00:00+00:00, run_after=2025-11-16 00:00:00+00:00
[2025-11-16T23:16:20.420+0000] {processor.py:183} INFO - Processing /home/airflow/.local/lib/python3.8/site-packages/airflow/example_dags/example_skip_dag.py took 0.338 seconds
[2025-11-16T23:16:50.876+0000] {processor.py:161} INFO - Started process (PID=1502) to work on /home/airflow/.local/lib/python3.8/site-packages/airflow/example_dags/example_skip_dag.py
[2025-11-16T23:16:50.878+0000] {processor.py:830} INFO - Processing file /home/airflow/.local/lib/python3.8/site-packages/airflow/example_dags/example_skip_dag.py for tasks to queue
[2025-11-16T23:16:50.880+0000] {logging_mixin.py:188} INFO - [2025-11-16T23:16:50.879+0000] {dagbag.py:538} INFO - Filling up the DagBag from /home/airflow/.local/lib/python3.8/site-packages/airflow/example_dags/example_skip_dag.py
[2025-11-16T23:16:50.897+0000] {processor.py:840} INFO - DAG(s) 'example_skip_dag' retrieved from /home/airflow/.local/lib/python3.8/site-packages/airflow/example_dags/example_skip_dag.py
[2025-11-16T23:16:50.956+0000] {logging_mixin.py:188} INFO - [2025-11-16T23:16:50.956+0000] {dag.py:3036} INFO - Sync 1 DAGs
[2025-11-16T23:16:51.015+0000] {logging_mixin.py:188} INFO - [2025-11-16T23:16:51.014+0000] {dag.py:3823} INFO - Setting next_dagrun for example_skip_dag to 2025-11-15 00:00:00+00:00, run_after=2025-11-16 00:00:00+00:00
[2025-11-16T23:16:51.081+0000] {processor.py:183} INFO - Processing /home/airflow/.local/lib/python3.8/site-packages/airflow/example_dags/example_skip_dag.py took 0.213 seconds
[2025-11-16T23:17:23.863+0000] {processor.py:161} INFO - Started process (PID=1584) to work on /home/airflow/.local/lib/python3.8/site-packages/airflow/example_dags/example_skip_dag.py
[2025-11-16T23:17:23.864+0000] {processor.py:830} INFO - Processing file /home/airflow/.local/lib/python3.8/site-packages/airflow/example_dags/example_skip_dag.py for tasks to queue
[2025-11-16T23:17:23.865+0000] {logging_mixin.py:188} INFO - [2025-11-16T23:17:23.864+0000] {dagbag.py:538} INFO - Filling up the DagBag from /home/airflow/.local/lib/python3.8/site-packages/airflow/example_dags/example_skip_dag.py
[2025-11-16T23:17:23.875+0000] {processor.py:840} INFO - DAG(s) 'example_skip_dag' retrieved from /home/airflow/.local/lib/python3.8/site-packages/airflow/example_dags/example_skip_dag.py
[2025-11-16T23:17:23.907+0000] {logging_mixin.py:188} INFO - [2025-11-16T23:17:23.907+0000] {dag.py:3036} INFO - Sync 1 DAGs
[2025-11-16T23:17:23.943+0000] {logging_mixin.py:188} INFO - [2025-11-16T23:17:23.943+0000] {dag.py:3823} INFO - Setting next_dagrun for example_skip_dag to 2025-11-15 00:00:00+00:00, run_after=2025-11-16 00:00:00+00:00
[2025-11-16T23:17:23.988+0000] {processor.py:183} INFO - Processing /home/airflow/.local/lib/python3.8/site-packages/airflow/example_dags/example_skip_dag.py took 0.131 seconds
[2025-11-16T23:17:58.144+0000] {processor.py:161} INFO - Started process (PID=1650) to work on /home/airflow/.local/lib/python3.8/site-packages/airflow/example_dags/example_skip_dag.py
[2025-11-16T23:17:58.145+0000] {processor.py:830} INFO - Processing file /home/airflow/.local/lib/python3.8/site-packages/airflow/example_dags/example_skip_dag.py for tasks to queue
[2025-11-16T23:17:58.146+0000] {logging_mixin.py:188} INFO - [2025-11-16T23:17:58.146+0000] {dagbag.py:538} INFO - Filling up the DagBag from /home/airflow/.local/lib/python3.8/site-packages/airflow/example_dags/example_skip_dag.py
[2025-11-16T23:17:58.161+0000] {processor.py:840} INFO - DAG(s) 'example_skip_dag' retrieved from /home/airflow/.local/lib/python3.8/site-packages/airflow/example_dags/example_skip_dag.py
[2025-11-16T23:17:58.223+0000] {logging_mixin.py:188} INFO - [2025-11-16T23:17:58.223+0000] {dag.py:3036} INFO - Sync 1 DAGs
[2025-11-16T23:17:58.265+0000] {logging_mixin.py:188} INFO - [2025-11-16T23:17:58.263+0000] {dag.py:3823} INFO - Setting next_dagrun for example_skip_dag to 2025-11-15 00:00:00+00:00, run_after=2025-11-16 00:00:00+00:00
[2025-11-16T23:17:58.294+0000] {processor.py:183} INFO - Processing /home/airflow/.local/lib/python3.8/site-packages/airflow/example_dags/example_skip_dag.py took 0.157 seconds
[2025-11-16T23:18:33.175+0000] {processor.py:161} INFO - Started process (PID=1739) to work on /home/airflow/.local/lib/python3.8/site-packages/airflow/example_dags/example_skip_dag.py
[2025-11-16T23:18:33.176+0000] {processor.py:830} INFO - Processing file /home/airflow/.local/lib/python3.8/site-packages/airflow/example_dags/example_skip_dag.py for tasks to queue
[2025-11-16T23:18:33.177+0000] {logging_mixin.py:188} INFO - [2025-11-16T23:18:33.177+0000] {dagbag.py:538} INFO - Filling up the DagBag from /home/airflow/.local/lib/python3.8/site-packages/airflow/example_dags/example_skip_dag.py
[2025-11-16T23:18:33.187+0000] {processor.py:840} INFO - DAG(s) 'example_skip_dag' retrieved from /home/airflow/.local/lib/python3.8/site-packages/airflow/example_dags/example_skip_dag.py
[2025-11-16T23:18:33.223+0000] {logging_mixin.py:188} INFO - [2025-11-16T23:18:33.222+0000] {dag.py:3036} INFO - Sync 1 DAGs
[2025-11-16T23:18:33.258+0000] {logging_mixin.py:188} INFO - [2025-11-16T23:18:33.258+0000] {dag.py:3823} INFO - Setting next_dagrun for example_skip_dag to 2025-11-15 00:00:00+00:00, run_after=2025-11-16 00:00:00+00:00
[2025-11-16T23:18:33.665+0000] {processor.py:183} INFO - Processing /home/airflow/.local/lib/python3.8/site-packages/airflow/example_dags/example_skip_dag.py took 0.495 seconds
[2025-11-16T23:19:03.835+0000] {processor.py:161} INFO - Started process (PID=1812) to work on /home/airflow/.local/lib/python3.8/site-packages/airflow/example_dags/example_skip_dag.py
[2025-11-16T23:19:03.836+0000] {processor.py:830} INFO - Processing file /home/airflow/.local/lib/python3.8/site-packages/airflow/example_dags/example_skip_dag.py for tasks to queue
[2025-11-16T23:19:03.838+0000] {logging_mixin.py:188} INFO - [2025-11-16T23:19:03.837+0000] {dagbag.py:538} INFO - Filling up the DagBag from /home/airflow/.local/lib/python3.8/site-packages/airflow/example_dags/example_skip_dag.py
[2025-11-16T23:19:03.853+0000] {processor.py:840} INFO - DAG(s) 'example_skip_dag' retrieved from /home/airflow/.local/lib/python3.8/site-packages/airflow/example_dags/example_skip_dag.py
[2025-11-16T23:19:03.898+0000] {logging_mixin.py:188} INFO - [2025-11-16T23:19:03.898+0000] {dag.py:3036} INFO - Sync 1 DAGs
[2025-11-16T23:19:03.935+0000] {logging_mixin.py:188} INFO - [2025-11-16T23:19:03.934+0000] {dag.py:3823} INFO - Setting next_dagrun for example_skip_dag to 2025-11-15 00:00:00+00:00, run_after=2025-11-16 00:00:00+00:00
[2025-11-16T23:19:03.968+0000] {processor.py:183} INFO - Processing /home/airflow/.local/lib/python3.8/site-packages/airflow/example_dags/example_skip_dag.py took 0.137 seconds
