[2025-11-16T20:20:35.678+0000] {processor.py:161} INFO - Started process (PID=169) to work on /home/airflow/.local/lib/python3.8/site-packages/airflow/example_dags/example_bash_operator.py
[2025-11-16T20:20:35.679+0000] {processor.py:830} INFO - Processing file /home/airflow/.local/lib/python3.8/site-packages/airflow/example_dags/example_bash_operator.py for tasks to queue
[2025-11-16T20:20:35.680+0000] {logging_mixin.py:188} INFO - [2025-11-16T20:20:35.680+0000] {dagbag.py:538} INFO - Filling up the DagBag from /home/airflow/.local/lib/python3.8/site-packages/airflow/example_dags/example_bash_operator.py
[2025-11-16T20:20:35.792+0000] {processor.py:840} INFO - DAG(s) 'example_bash_operator' retrieved from /home/airflow/.local/lib/python3.8/site-packages/airflow/example_dags/example_bash_operator.py
[2025-11-16T20:20:36.407+0000] {logging_mixin.py:188} INFO - [2025-11-16T20:20:36.406+0000] {override.py:1769} INFO - Created Permission View: can edit on DAG:example_bash_operator
[2025-11-16T20:20:36.566+0000] {logging_mixin.py:188} INFO - [2025-11-16T20:20:36.565+0000] {override.py:1769} INFO - Created Permission View: can read on DAG:example_bash_operator
[2025-11-16T20:20:36.916+0000] {logging_mixin.py:188} INFO - [2025-11-16T20:20:36.915+0000] {override.py:1769} INFO - Created Permission View: can delete on DAG:example_bash_operator
[2025-11-16T20:20:36.917+0000] {logging_mixin.py:188} INFO - [2025-11-16T20:20:36.917+0000] {dag.py:3036} INFO - Sync 1 DAGs
[2025-11-16T20:20:36.930+0000] {logging_mixin.py:188} INFO - [2025-11-16T20:20:36.930+0000] {dag.py:3058} INFO - Creating ORM DAG for example_bash_operator
[2025-11-16T20:20:36.943+0000] {logging_mixin.py:188} INFO - [2025-11-16T20:20:36.943+0000] {dag.py:3823} INFO - Setting next_dagrun for example_bash_operator to 2025-11-15 00:00:00+00:00, run_after=2025-11-16 00:00:00+00:00
[2025-11-16T20:20:37.084+0000] {processor.py:183} INFO - Processing /home/airflow/.local/lib/python3.8/site-packages/airflow/example_dags/example_bash_operator.py took 1.409 seconds
[2025-11-16T20:21:07.170+0000] {processor.py:161} INFO - Started process (PID=243) to work on /home/airflow/.local/lib/python3.8/site-packages/airflow/example_dags/example_bash_operator.py
[2025-11-16T20:21:07.171+0000] {processor.py:830} INFO - Processing file /home/airflow/.local/lib/python3.8/site-packages/airflow/example_dags/example_bash_operator.py for tasks to queue
[2025-11-16T20:21:07.172+0000] {logging_mixin.py:188} INFO - [2025-11-16T20:21:07.172+0000] {dagbag.py:538} INFO - Filling up the DagBag from /home/airflow/.local/lib/python3.8/site-packages/airflow/example_dags/example_bash_operator.py
[2025-11-16T20:21:07.183+0000] {processor.py:840} INFO - DAG(s) 'example_bash_operator' retrieved from /home/airflow/.local/lib/python3.8/site-packages/airflow/example_dags/example_bash_operator.py
[2025-11-16T20:21:07.214+0000] {logging_mixin.py:188} INFO - [2025-11-16T20:21:07.214+0000] {dag.py:3036} INFO - Sync 1 DAGs
[2025-11-16T20:21:07.235+0000] {logging_mixin.py:188} INFO - [2025-11-16T20:21:07.235+0000] {dag.py:3823} INFO - Setting next_dagrun for example_bash_operator to 2025-11-15 00:00:00+00:00, run_after=2025-11-16 00:00:00+00:00
[2025-11-16T20:21:07.807+0000] {processor.py:183} INFO - Processing /home/airflow/.local/lib/python3.8/site-packages/airflow/example_dags/example_bash_operator.py took 0.639 seconds
[2025-11-16T20:21:38.522+0000] {processor.py:161} INFO - Started process (PID=323) to work on /home/airflow/.local/lib/python3.8/site-packages/airflow/example_dags/example_bash_operator.py
[2025-11-16T20:21:38.523+0000] {processor.py:830} INFO - Processing file /home/airflow/.local/lib/python3.8/site-packages/airflow/example_dags/example_bash_operator.py for tasks to queue
[2025-11-16T20:21:38.524+0000] {logging_mixin.py:188} INFO - [2025-11-16T20:21:38.524+0000] {dagbag.py:538} INFO - Filling up the DagBag from /home/airflow/.local/lib/python3.8/site-packages/airflow/example_dags/example_bash_operator.py
[2025-11-16T20:21:38.537+0000] {processor.py:840} INFO - DAG(s) 'example_bash_operator' retrieved from /home/airflow/.local/lib/python3.8/site-packages/airflow/example_dags/example_bash_operator.py
[2025-11-16T20:21:38.568+0000] {logging_mixin.py:188} INFO - [2025-11-16T20:21:38.568+0000] {dag.py:3036} INFO - Sync 1 DAGs
[2025-11-16T20:21:38.588+0000] {logging_mixin.py:188} INFO - [2025-11-16T20:21:38.588+0000] {dag.py:3823} INFO - Setting next_dagrun for example_bash_operator to 2025-11-15 00:00:00+00:00, run_after=2025-11-16 00:00:00+00:00
[2025-11-16T20:21:38.609+0000] {processor.py:183} INFO - Processing /home/airflow/.local/lib/python3.8/site-packages/airflow/example_dags/example_bash_operator.py took 0.090 seconds
[2025-11-16T20:22:08.915+0000] {processor.py:161} INFO - Started process (PID=404) to work on /home/airflow/.local/lib/python3.8/site-packages/airflow/example_dags/example_bash_operator.py
[2025-11-16T20:22:08.916+0000] {processor.py:830} INFO - Processing file /home/airflow/.local/lib/python3.8/site-packages/airflow/example_dags/example_bash_operator.py for tasks to queue
[2025-11-16T20:22:08.917+0000] {logging_mixin.py:188} INFO - [2025-11-16T20:22:08.917+0000] {dagbag.py:538} INFO - Filling up the DagBag from /home/airflow/.local/lib/python3.8/site-packages/airflow/example_dags/example_bash_operator.py
[2025-11-16T20:22:08.931+0000] {processor.py:840} INFO - DAG(s) 'example_bash_operator' retrieved from /home/airflow/.local/lib/python3.8/site-packages/airflow/example_dags/example_bash_operator.py
[2025-11-16T20:22:08.967+0000] {logging_mixin.py:188} INFO - [2025-11-16T20:22:08.966+0000] {dag.py:3036} INFO - Sync 1 DAGs
[2025-11-16T20:22:08.990+0000] {logging_mixin.py:188} INFO - [2025-11-16T20:22:08.990+0000] {dag.py:3823} INFO - Setting next_dagrun for example_bash_operator to 2025-11-15 00:00:00+00:00, run_after=2025-11-16 00:00:00+00:00
[2025-11-16T20:22:09.011+0000] {processor.py:183} INFO - Processing /home/airflow/.local/lib/python3.8/site-packages/airflow/example_dags/example_bash_operator.py took 0.100 seconds
[2025-11-16T20:22:39.520+0000] {processor.py:161} INFO - Started process (PID=485) to work on /home/airflow/.local/lib/python3.8/site-packages/airflow/example_dags/example_bash_operator.py
[2025-11-16T20:22:39.523+0000] {processor.py:830} INFO - Processing file /home/airflow/.local/lib/python3.8/site-packages/airflow/example_dags/example_bash_operator.py for tasks to queue
[2025-11-16T20:22:39.524+0000] {logging_mixin.py:188} INFO - [2025-11-16T20:22:39.524+0000] {dagbag.py:538} INFO - Filling up the DagBag from /home/airflow/.local/lib/python3.8/site-packages/airflow/example_dags/example_bash_operator.py
[2025-11-16T20:22:39.554+0000] {processor.py:840} INFO - DAG(s) 'example_bash_operator' retrieved from /home/airflow/.local/lib/python3.8/site-packages/airflow/example_dags/example_bash_operator.py
[2025-11-16T20:22:39.624+0000] {logging_mixin.py:188} INFO - [2025-11-16T20:22:39.624+0000] {dag.py:3036} INFO - Sync 1 DAGs
[2025-11-16T20:22:39.657+0000] {logging_mixin.py:188} INFO - [2025-11-16T20:22:39.657+0000] {dag.py:3823} INFO - Setting next_dagrun for example_bash_operator to 2025-11-15 00:00:00+00:00, run_after=2025-11-16 00:00:00+00:00
[2025-11-16T20:22:39.686+0000] {processor.py:183} INFO - Processing /home/airflow/.local/lib/python3.8/site-packages/airflow/example_dags/example_bash_operator.py took 0.175 seconds
[2025-11-16T20:23:10.693+0000] {processor.py:161} INFO - Started process (PID=573) to work on /home/airflow/.local/lib/python3.8/site-packages/airflow/example_dags/example_bash_operator.py
[2025-11-16T20:23:10.694+0000] {processor.py:830} INFO - Processing file /home/airflow/.local/lib/python3.8/site-packages/airflow/example_dags/example_bash_operator.py for tasks to queue
[2025-11-16T20:23:10.696+0000] {logging_mixin.py:188} INFO - [2025-11-16T20:23:10.695+0000] {dagbag.py:538} INFO - Filling up the DagBag from /home/airflow/.local/lib/python3.8/site-packages/airflow/example_dags/example_bash_operator.py
[2025-11-16T20:23:10.714+0000] {processor.py:840} INFO - DAG(s) 'example_bash_operator' retrieved from /home/airflow/.local/lib/python3.8/site-packages/airflow/example_dags/example_bash_operator.py
[2025-11-16T20:23:10.758+0000] {logging_mixin.py:188} INFO - [2025-11-16T20:23:10.756+0000] {dag.py:3036} INFO - Sync 1 DAGs
[2025-11-16T20:23:10.790+0000] {logging_mixin.py:188} INFO - [2025-11-16T20:23:10.788+0000] {dag.py:3823} INFO - Setting next_dagrun for example_bash_operator to 2025-11-15 00:00:00+00:00, run_after=2025-11-16 00:00:00+00:00
[2025-11-16T20:23:11.033+0000] {processor.py:183} INFO - Processing /home/airflow/.local/lib/python3.8/site-packages/airflow/example_dags/example_bash_operator.py took 0.345 seconds
[2025-11-16T20:23:41.957+0000] {processor.py:161} INFO - Started process (PID=662) to work on /home/airflow/.local/lib/python3.8/site-packages/airflow/example_dags/example_bash_operator.py
[2025-11-16T20:23:41.958+0000] {processor.py:830} INFO - Processing file /home/airflow/.local/lib/python3.8/site-packages/airflow/example_dags/example_bash_operator.py for tasks to queue
[2025-11-16T20:23:41.959+0000] {logging_mixin.py:188} INFO - [2025-11-16T20:23:41.959+0000] {dagbag.py:538} INFO - Filling up the DagBag from /home/airflow/.local/lib/python3.8/site-packages/airflow/example_dags/example_bash_operator.py
[2025-11-16T20:23:41.970+0000] {processor.py:840} INFO - DAG(s) 'example_bash_operator' retrieved from /home/airflow/.local/lib/python3.8/site-packages/airflow/example_dags/example_bash_operator.py
[2025-11-16T20:23:42.001+0000] {logging_mixin.py:188} INFO - [2025-11-16T20:23:42.001+0000] {dag.py:3036} INFO - Sync 1 DAGs
[2025-11-16T20:23:42.022+0000] {logging_mixin.py:188} INFO - [2025-11-16T20:23:42.021+0000] {dag.py:3823} INFO - Setting next_dagrun for example_bash_operator to 2025-11-15 00:00:00+00:00, run_after=2025-11-16 00:00:00+00:00
[2025-11-16T20:23:42.042+0000] {processor.py:183} INFO - Processing /home/airflow/.local/lib/python3.8/site-packages/airflow/example_dags/example_bash_operator.py took 0.087 seconds
[2025-11-16T20:24:12.208+0000] {processor.py:161} INFO - Started process (PID=743) to work on /home/airflow/.local/lib/python3.8/site-packages/airflow/example_dags/example_bash_operator.py
[2025-11-16T20:24:12.228+0000] {processor.py:830} INFO - Processing file /home/airflow/.local/lib/python3.8/site-packages/airflow/example_dags/example_bash_operator.py for tasks to queue
[2025-11-16T20:24:12.230+0000] {logging_mixin.py:188} INFO - [2025-11-16T20:24:12.230+0000] {dagbag.py:538} INFO - Filling up the DagBag from /home/airflow/.local/lib/python3.8/site-packages/airflow/example_dags/example_bash_operator.py
[2025-11-16T20:24:12.243+0000] {processor.py:840} INFO - DAG(s) 'example_bash_operator' retrieved from /home/airflow/.local/lib/python3.8/site-packages/airflow/example_dags/example_bash_operator.py
[2025-11-16T20:24:12.294+0000] {logging_mixin.py:188} INFO - [2025-11-16T20:24:12.294+0000] {dag.py:3036} INFO - Sync 1 DAGs
[2025-11-16T20:24:12.323+0000] {logging_mixin.py:188} INFO - [2025-11-16T20:24:12.322+0000] {dag.py:3823} INFO - Setting next_dagrun for example_bash_operator to 2025-11-15 00:00:00+00:00, run_after=2025-11-16 00:00:00+00:00
[2025-11-16T20:24:12.355+0000] {processor.py:183} INFO - Processing /home/airflow/.local/lib/python3.8/site-packages/airflow/example_dags/example_bash_operator.py took 0.150 seconds
[2025-11-16T20:24:42.514+0000] {processor.py:161} INFO - Started process (PID=839) to work on /home/airflow/.local/lib/python3.8/site-packages/airflow/example_dags/example_bash_operator.py
[2025-11-16T20:24:42.514+0000] {processor.py:830} INFO - Processing file /home/airflow/.local/lib/python3.8/site-packages/airflow/example_dags/example_bash_operator.py for tasks to queue
[2025-11-16T20:24:42.516+0000] {logging_mixin.py:188} INFO - [2025-11-16T20:24:42.515+0000] {dagbag.py:538} INFO - Filling up the DagBag from /home/airflow/.local/lib/python3.8/site-packages/airflow/example_dags/example_bash_operator.py
[2025-11-16T20:24:42.526+0000] {processor.py:840} INFO - DAG(s) 'example_bash_operator' retrieved from /home/airflow/.local/lib/python3.8/site-packages/airflow/example_dags/example_bash_operator.py
[2025-11-16T20:24:42.556+0000] {logging_mixin.py:188} INFO - [2025-11-16T20:24:42.556+0000] {dag.py:3036} INFO - Sync 1 DAGs
[2025-11-16T20:24:42.576+0000] {logging_mixin.py:188} INFO - [2025-11-16T20:24:42.576+0000] {dag.py:3823} INFO - Setting next_dagrun for example_bash_operator to 2025-11-15 00:00:00+00:00, run_after=2025-11-16 00:00:00+00:00
[2025-11-16T20:24:42.598+0000] {processor.py:183} INFO - Processing /home/airflow/.local/lib/python3.8/site-packages/airflow/example_dags/example_bash_operator.py took 0.087 seconds
[2025-11-16T20:25:12.730+0000] {processor.py:161} INFO - Started process (PID=920) to work on /home/airflow/.local/lib/python3.8/site-packages/airflow/example_dags/example_bash_operator.py
[2025-11-16T20:25:12.733+0000] {processor.py:830} INFO - Processing file /home/airflow/.local/lib/python3.8/site-packages/airflow/example_dags/example_bash_operator.py for tasks to queue
[2025-11-16T20:25:12.734+0000] {logging_mixin.py:188} INFO - [2025-11-16T20:25:12.734+0000] {dagbag.py:538} INFO - Filling up the DagBag from /home/airflow/.local/lib/python3.8/site-packages/airflow/example_dags/example_bash_operator.py
[2025-11-16T20:25:12.750+0000] {processor.py:840} INFO - DAG(s) 'example_bash_operator' retrieved from /home/airflow/.local/lib/python3.8/site-packages/airflow/example_dags/example_bash_operator.py
[2025-11-16T20:25:12.786+0000] {logging_mixin.py:188} INFO - [2025-11-16T20:25:12.786+0000] {dag.py:3036} INFO - Sync 1 DAGs
[2025-11-16T20:25:12.809+0000] {logging_mixin.py:188} INFO - [2025-11-16T20:25:12.809+0000] {dag.py:3823} INFO - Setting next_dagrun for example_bash_operator to 2025-11-15 00:00:00+00:00, run_after=2025-11-16 00:00:00+00:00
[2025-11-16T20:25:12.829+0000] {processor.py:183} INFO - Processing /home/airflow/.local/lib/python3.8/site-packages/airflow/example_dags/example_bash_operator.py took 0.104 seconds
[2025-11-16T20:25:43.008+0000] {processor.py:161} INFO - Started process (PID=1009) to work on /home/airflow/.local/lib/python3.8/site-packages/airflow/example_dags/example_bash_operator.py
[2025-11-16T20:25:43.009+0000] {processor.py:830} INFO - Processing file /home/airflow/.local/lib/python3.8/site-packages/airflow/example_dags/example_bash_operator.py for tasks to queue
[2025-11-16T20:25:43.010+0000] {logging_mixin.py:188} INFO - [2025-11-16T20:25:43.010+0000] {dagbag.py:538} INFO - Filling up the DagBag from /home/airflow/.local/lib/python3.8/site-packages/airflow/example_dags/example_bash_operator.py
[2025-11-16T20:25:43.023+0000] {processor.py:840} INFO - DAG(s) 'example_bash_operator' retrieved from /home/airflow/.local/lib/python3.8/site-packages/airflow/example_dags/example_bash_operator.py
[2025-11-16T20:25:43.058+0000] {logging_mixin.py:188} INFO - [2025-11-16T20:25:43.057+0000] {dag.py:3036} INFO - Sync 1 DAGs
[2025-11-16T20:25:43.085+0000] {logging_mixin.py:188} INFO - [2025-11-16T20:25:43.085+0000] {dag.py:3823} INFO - Setting next_dagrun for example_bash_operator to 2025-11-15 00:00:00+00:00, run_after=2025-11-16 00:00:00+00:00
[2025-11-16T20:25:43.108+0000] {processor.py:183} INFO - Processing /home/airflow/.local/lib/python3.8/site-packages/airflow/example_dags/example_bash_operator.py took 0.104 seconds
[2025-11-16T20:26:13.541+0000] {processor.py:161} INFO - Started process (PID=1096) to work on /home/airflow/.local/lib/python3.8/site-packages/airflow/example_dags/example_bash_operator.py
[2025-11-16T20:26:13.542+0000] {processor.py:830} INFO - Processing file /home/airflow/.local/lib/python3.8/site-packages/airflow/example_dags/example_bash_operator.py for tasks to queue
[2025-11-16T20:26:13.543+0000] {logging_mixin.py:188} INFO - [2025-11-16T20:26:13.543+0000] {dagbag.py:538} INFO - Filling up the DagBag from /home/airflow/.local/lib/python3.8/site-packages/airflow/example_dags/example_bash_operator.py
[2025-11-16T20:26:13.557+0000] {processor.py:840} INFO - DAG(s) 'example_bash_operator' retrieved from /home/airflow/.local/lib/python3.8/site-packages/airflow/example_dags/example_bash_operator.py
[2025-11-16T20:26:13.591+0000] {logging_mixin.py:188} INFO - [2025-11-16T20:26:13.591+0000] {dag.py:3036} INFO - Sync 1 DAGs
[2025-11-16T20:26:13.616+0000] {logging_mixin.py:188} INFO - [2025-11-16T20:26:13.615+0000] {dag.py:3823} INFO - Setting next_dagrun for example_bash_operator to 2025-11-15 00:00:00+00:00, run_after=2025-11-16 00:00:00+00:00
[2025-11-16T20:26:13.643+0000] {processor.py:183} INFO - Processing /home/airflow/.local/lib/python3.8/site-packages/airflow/example_dags/example_bash_operator.py took 0.109 seconds
[2025-11-16T20:26:43.779+0000] {processor.py:161} INFO - Started process (PID=1176) to work on /home/airflow/.local/lib/python3.8/site-packages/airflow/example_dags/example_bash_operator.py
[2025-11-16T20:26:43.780+0000] {processor.py:830} INFO - Processing file /home/airflow/.local/lib/python3.8/site-packages/airflow/example_dags/example_bash_operator.py for tasks to queue
[2025-11-16T20:26:43.781+0000] {logging_mixin.py:188} INFO - [2025-11-16T20:26:43.781+0000] {dagbag.py:538} INFO - Filling up the DagBag from /home/airflow/.local/lib/python3.8/site-packages/airflow/example_dags/example_bash_operator.py
[2025-11-16T20:26:43.792+0000] {processor.py:840} INFO - DAG(s) 'example_bash_operator' retrieved from /home/airflow/.local/lib/python3.8/site-packages/airflow/example_dags/example_bash_operator.py
[2025-11-16T20:26:43.821+0000] {logging_mixin.py:188} INFO - [2025-11-16T20:26:43.821+0000] {dag.py:3036} INFO - Sync 1 DAGs
[2025-11-16T20:26:43.841+0000] {logging_mixin.py:188} INFO - [2025-11-16T20:26:43.840+0000] {dag.py:3823} INFO - Setting next_dagrun for example_bash_operator to 2025-11-15 00:00:00+00:00, run_after=2025-11-16 00:00:00+00:00
[2025-11-16T20:26:43.862+0000] {processor.py:183} INFO - Processing /home/airflow/.local/lib/python3.8/site-packages/airflow/example_dags/example_bash_operator.py took 0.086 seconds
[2025-11-16T20:27:14.290+0000] {processor.py:161} INFO - Started process (PID=1272) to work on /home/airflow/.local/lib/python3.8/site-packages/airflow/example_dags/example_bash_operator.py
[2025-11-16T20:27:14.291+0000] {processor.py:830} INFO - Processing file /home/airflow/.local/lib/python3.8/site-packages/airflow/example_dags/example_bash_operator.py for tasks to queue
[2025-11-16T20:27:14.292+0000] {logging_mixin.py:188} INFO - [2025-11-16T20:27:14.292+0000] {dagbag.py:538} INFO - Filling up the DagBag from /home/airflow/.local/lib/python3.8/site-packages/airflow/example_dags/example_bash_operator.py
[2025-11-16T20:27:14.304+0000] {processor.py:840} INFO - DAG(s) 'example_bash_operator' retrieved from /home/airflow/.local/lib/python3.8/site-packages/airflow/example_dags/example_bash_operator.py
[2025-11-16T20:27:14.339+0000] {logging_mixin.py:188} INFO - [2025-11-16T20:27:14.339+0000] {dag.py:3036} INFO - Sync 1 DAGs
[2025-11-16T20:27:14.365+0000] {logging_mixin.py:188} INFO - [2025-11-16T20:27:14.363+0000] {dag.py:3823} INFO - Setting next_dagrun for example_bash_operator to 2025-11-15 00:00:00+00:00, run_after=2025-11-16 00:00:00+00:00
[2025-11-16T20:27:14.389+0000] {processor.py:183} INFO - Processing /home/airflow/.local/lib/python3.8/site-packages/airflow/example_dags/example_bash_operator.py took 0.102 seconds
[2025-11-16T20:27:44.586+0000] {processor.py:161} INFO - Started process (PID=1354) to work on /home/airflow/.local/lib/python3.8/site-packages/airflow/example_dags/example_bash_operator.py
[2025-11-16T20:27:44.587+0000] {processor.py:830} INFO - Processing file /home/airflow/.local/lib/python3.8/site-packages/airflow/example_dags/example_bash_operator.py for tasks to queue
[2025-11-16T20:27:44.588+0000] {logging_mixin.py:188} INFO - [2025-11-16T20:27:44.588+0000] {dagbag.py:538} INFO - Filling up the DagBag from /home/airflow/.local/lib/python3.8/site-packages/airflow/example_dags/example_bash_operator.py
[2025-11-16T20:27:44.665+0000] {processor.py:840} INFO - DAG(s) 'example_bash_operator' retrieved from /home/airflow/.local/lib/python3.8/site-packages/airflow/example_dags/example_bash_operator.py
[2025-11-16T20:27:44.795+0000] {logging_mixin.py:188} INFO - [2025-11-16T20:27:44.794+0000] {dag.py:3036} INFO - Sync 1 DAGs
[2025-11-16T20:27:44.839+0000] {logging_mixin.py:188} INFO - [2025-11-16T20:27:44.839+0000] {dag.py:3823} INFO - Setting next_dagrun for example_bash_operator to 2025-11-15 00:00:00+00:00, run_after=2025-11-16 00:00:00+00:00
[2025-11-16T20:27:44.887+0000] {processor.py:183} INFO - Processing /home/airflow/.local/lib/python3.8/site-packages/airflow/example_dags/example_bash_operator.py took 0.304 seconds
[2025-11-16T20:28:15.108+0000] {processor.py:161} INFO - Started process (PID=1450) to work on /home/airflow/.local/lib/python3.8/site-packages/airflow/example_dags/example_bash_operator.py
[2025-11-16T20:28:15.109+0000] {processor.py:830} INFO - Processing file /home/airflow/.local/lib/python3.8/site-packages/airflow/example_dags/example_bash_operator.py for tasks to queue
[2025-11-16T20:28:15.110+0000] {logging_mixin.py:188} INFO - [2025-11-16T20:28:15.109+0000] {dagbag.py:538} INFO - Filling up the DagBag from /home/airflow/.local/lib/python3.8/site-packages/airflow/example_dags/example_bash_operator.py
[2025-11-16T20:28:15.120+0000] {processor.py:840} INFO - DAG(s) 'example_bash_operator' retrieved from /home/airflow/.local/lib/python3.8/site-packages/airflow/example_dags/example_bash_operator.py
[2025-11-16T20:28:15.150+0000] {logging_mixin.py:188} INFO - [2025-11-16T20:28:15.150+0000] {dag.py:3036} INFO - Sync 1 DAGs
[2025-11-16T20:28:15.171+0000] {logging_mixin.py:188} INFO - [2025-11-16T20:28:15.170+0000] {dag.py:3823} INFO - Setting next_dagrun for example_bash_operator to 2025-11-15 00:00:00+00:00, run_after=2025-11-16 00:00:00+00:00
[2025-11-16T20:28:15.193+0000] {processor.py:183} INFO - Processing /home/airflow/.local/lib/python3.8/site-packages/airflow/example_dags/example_bash_operator.py took 0.088 seconds
[2025-11-16T20:28:45.349+0000] {processor.py:161} INFO - Started process (PID=1531) to work on /home/airflow/.local/lib/python3.8/site-packages/airflow/example_dags/example_bash_operator.py
[2025-11-16T20:28:45.350+0000] {processor.py:830} INFO - Processing file /home/airflow/.local/lib/python3.8/site-packages/airflow/example_dags/example_bash_operator.py for tasks to queue
[2025-11-16T20:28:45.351+0000] {logging_mixin.py:188} INFO - [2025-11-16T20:28:45.351+0000] {dagbag.py:538} INFO - Filling up the DagBag from /home/airflow/.local/lib/python3.8/site-packages/airflow/example_dags/example_bash_operator.py
[2025-11-16T20:28:45.362+0000] {processor.py:840} INFO - DAG(s) 'example_bash_operator' retrieved from /home/airflow/.local/lib/python3.8/site-packages/airflow/example_dags/example_bash_operator.py
[2025-11-16T20:28:45.395+0000] {logging_mixin.py:188} INFO - [2025-11-16T20:28:45.395+0000] {dag.py:3036} INFO - Sync 1 DAGs
[2025-11-16T20:28:45.416+0000] {logging_mixin.py:188} INFO - [2025-11-16T20:28:45.415+0000] {dag.py:3823} INFO - Setting next_dagrun for example_bash_operator to 2025-11-15 00:00:00+00:00, run_after=2025-11-16 00:00:00+00:00
[2025-11-16T20:28:45.437+0000] {processor.py:183} INFO - Processing /home/airflow/.local/lib/python3.8/site-packages/airflow/example_dags/example_bash_operator.py took 0.090 seconds
[2025-11-16T20:29:15.637+0000] {processor.py:161} INFO - Started process (PID=1620) to work on /home/airflow/.local/lib/python3.8/site-packages/airflow/example_dags/example_bash_operator.py
[2025-11-16T20:29:15.639+0000] {processor.py:830} INFO - Processing file /home/airflow/.local/lib/python3.8/site-packages/airflow/example_dags/example_bash_operator.py for tasks to queue
[2025-11-16T20:29:15.644+0000] {logging_mixin.py:188} INFO - [2025-11-16T20:29:15.643+0000] {dagbag.py:538} INFO - Filling up the DagBag from /home/airflow/.local/lib/python3.8/site-packages/airflow/example_dags/example_bash_operator.py
[2025-11-16T20:29:15.668+0000] {processor.py:840} INFO - DAG(s) 'example_bash_operator' retrieved from /home/airflow/.local/lib/python3.8/site-packages/airflow/example_dags/example_bash_operator.py
[2025-11-16T20:29:15.743+0000] {logging_mixin.py:188} INFO - [2025-11-16T20:29:15.743+0000] {dag.py:3036} INFO - Sync 1 DAGs
[2025-11-16T20:29:15.782+0000] {logging_mixin.py:188} INFO - [2025-11-16T20:29:15.781+0000] {dag.py:3823} INFO - Setting next_dagrun for example_bash_operator to 2025-11-15 00:00:00+00:00, run_after=2025-11-16 00:00:00+00:00
[2025-11-16T20:29:15.815+0000] {processor.py:183} INFO - Processing /home/airflow/.local/lib/python3.8/site-packages/airflow/example_dags/example_bash_operator.py took 0.188 seconds
[2025-11-16T20:29:47.046+0000] {processor.py:161} INFO - Started process (PID=1699) to work on /home/airflow/.local/lib/python3.8/site-packages/airflow/example_dags/example_bash_operator.py
[2025-11-16T20:29:47.047+0000] {processor.py:830} INFO - Processing file /home/airflow/.local/lib/python3.8/site-packages/airflow/example_dags/example_bash_operator.py for tasks to queue
[2025-11-16T20:29:47.049+0000] {logging_mixin.py:188} INFO - [2025-11-16T20:29:47.048+0000] {dagbag.py:538} INFO - Filling up the DagBag from /home/airflow/.local/lib/python3.8/site-packages/airflow/example_dags/example_bash_operator.py
[2025-11-16T20:29:47.091+0000] {processor.py:840} INFO - DAG(s) 'example_bash_operator' retrieved from /home/airflow/.local/lib/python3.8/site-packages/airflow/example_dags/example_bash_operator.py
[2025-11-16T20:29:47.195+0000] {logging_mixin.py:188} INFO - [2025-11-16T20:29:47.194+0000] {dag.py:3036} INFO - Sync 1 DAGs
[2025-11-16T20:29:47.265+0000] {logging_mixin.py:188} INFO - [2025-11-16T20:29:47.263+0000] {dag.py:3823} INFO - Setting next_dagrun for example_bash_operator to 2025-11-15 00:00:00+00:00, run_after=2025-11-16 00:00:00+00:00
[2025-11-16T20:29:47.357+0000] {processor.py:183} INFO - Processing /home/airflow/.local/lib/python3.8/site-packages/airflow/example_dags/example_bash_operator.py took 0.321 seconds
[2025-11-16T20:30:18.147+0000] {processor.py:161} INFO - Started process (PID=1772) to work on /home/airflow/.local/lib/python3.8/site-packages/airflow/example_dags/example_bash_operator.py
[2025-11-16T20:30:18.148+0000] {processor.py:830} INFO - Processing file /home/airflow/.local/lib/python3.8/site-packages/airflow/example_dags/example_bash_operator.py for tasks to queue
[2025-11-16T20:30:18.151+0000] {logging_mixin.py:188} INFO - [2025-11-16T20:30:18.149+0000] {dagbag.py:538} INFO - Filling up the DagBag from /home/airflow/.local/lib/python3.8/site-packages/airflow/example_dags/example_bash_operator.py
[2025-11-16T20:30:18.167+0000] {processor.py:840} INFO - DAG(s) 'example_bash_operator' retrieved from /home/airflow/.local/lib/python3.8/site-packages/airflow/example_dags/example_bash_operator.py
[2025-11-16T20:30:18.211+0000] {logging_mixin.py:188} INFO - [2025-11-16T20:30:18.210+0000] {dag.py:3036} INFO - Sync 1 DAGs
[2025-11-16T20:30:18.241+0000] {logging_mixin.py:188} INFO - [2025-11-16T20:30:18.241+0000] {dag.py:3823} INFO - Setting next_dagrun for example_bash_operator to 2025-11-15 00:00:00+00:00, run_after=2025-11-16 00:00:00+00:00
[2025-11-16T20:30:18.268+0000] {processor.py:183} INFO - Processing /home/airflow/.local/lib/python3.8/site-packages/airflow/example_dags/example_bash_operator.py took 0.124 seconds
[2025-11-16T20:30:56.651+0000] {processor.py:161} INFO - Started process (PID=1859) to work on /home/airflow/.local/lib/python3.8/site-packages/airflow/example_dags/example_bash_operator.py
[2025-11-16T20:30:56.652+0000] {processor.py:830} INFO - Processing file /home/airflow/.local/lib/python3.8/site-packages/airflow/example_dags/example_bash_operator.py for tasks to queue
[2025-11-16T20:30:56.653+0000] {logging_mixin.py:188} INFO - [2025-11-16T20:30:56.653+0000] {dagbag.py:538} INFO - Filling up the DagBag from /home/airflow/.local/lib/python3.8/site-packages/airflow/example_dags/example_bash_operator.py
[2025-11-16T20:30:56.674+0000] {processor.py:840} INFO - DAG(s) 'example_bash_operator' retrieved from /home/airflow/.local/lib/python3.8/site-packages/airflow/example_dags/example_bash_operator.py
[2025-11-16T20:30:56.728+0000] {logging_mixin.py:188} INFO - [2025-11-16T20:30:56.728+0000] {dag.py:3036} INFO - Sync 1 DAGs
[2025-11-16T20:30:56.774+0000] {logging_mixin.py:188} INFO - [2025-11-16T20:30:56.774+0000] {dag.py:3823} INFO - Setting next_dagrun for example_bash_operator to 2025-11-15 00:00:00+00:00, run_after=2025-11-16 00:00:00+00:00
[2025-11-16T20:30:56.817+0000] {processor.py:183} INFO - Processing /home/airflow/.local/lib/python3.8/site-packages/airflow/example_dags/example_bash_operator.py took 0.173 seconds
[2025-11-16T20:31:27.381+0000] {processor.py:161} INFO - Started process (PID=1948) to work on /home/airflow/.local/lib/python3.8/site-packages/airflow/example_dags/example_bash_operator.py
[2025-11-16T20:31:27.384+0000] {processor.py:830} INFO - Processing file /home/airflow/.local/lib/python3.8/site-packages/airflow/example_dags/example_bash_operator.py for tasks to queue
[2025-11-16T20:31:27.386+0000] {logging_mixin.py:188} INFO - [2025-11-16T20:31:27.386+0000] {dagbag.py:538} INFO - Filling up the DagBag from /home/airflow/.local/lib/python3.8/site-packages/airflow/example_dags/example_bash_operator.py
[2025-11-16T20:31:27.408+0000] {processor.py:840} INFO - DAG(s) 'example_bash_operator' retrieved from /home/airflow/.local/lib/python3.8/site-packages/airflow/example_dags/example_bash_operator.py
[2025-11-16T20:31:27.470+0000] {logging_mixin.py:188} INFO - [2025-11-16T20:31:27.469+0000] {dag.py:3036} INFO - Sync 1 DAGs
[2025-11-16T20:31:27.518+0000] {logging_mixin.py:188} INFO - [2025-11-16T20:31:27.518+0000] {dag.py:3823} INFO - Setting next_dagrun for example_bash_operator to 2025-11-15 00:00:00+00:00, run_after=2025-11-16 00:00:00+00:00
[2025-11-16T20:31:27.555+0000] {processor.py:183} INFO - Processing /home/airflow/.local/lib/python3.8/site-packages/airflow/example_dags/example_bash_operator.py took 0.179 seconds
[2025-11-16T20:31:57.687+0000] {processor.py:161} INFO - Started process (PID=2029) to work on /home/airflow/.local/lib/python3.8/site-packages/airflow/example_dags/example_bash_operator.py
[2025-11-16T20:31:57.688+0000] {processor.py:830} INFO - Processing file /home/airflow/.local/lib/python3.8/site-packages/airflow/example_dags/example_bash_operator.py for tasks to queue
[2025-11-16T20:31:57.690+0000] {logging_mixin.py:188} INFO - [2025-11-16T20:31:57.690+0000] {dagbag.py:538} INFO - Filling up the DagBag from /home/airflow/.local/lib/python3.8/site-packages/airflow/example_dags/example_bash_operator.py
[2025-11-16T20:31:57.709+0000] {processor.py:840} INFO - DAG(s) 'example_bash_operator' retrieved from /home/airflow/.local/lib/python3.8/site-packages/airflow/example_dags/example_bash_operator.py
[2025-11-16T20:31:57.766+0000] {logging_mixin.py:188} INFO - [2025-11-16T20:31:57.765+0000] {dag.py:3036} INFO - Sync 1 DAGs
[2025-11-16T20:31:57.811+0000] {logging_mixin.py:188} INFO - [2025-11-16T20:31:57.810+0000] {dag.py:3823} INFO - Setting next_dagrun for example_bash_operator to 2025-11-15 00:00:00+00:00, run_after=2025-11-16 00:00:00+00:00
[2025-11-16T20:31:57.851+0000] {processor.py:183} INFO - Processing /home/airflow/.local/lib/python3.8/site-packages/airflow/example_dags/example_bash_operator.py took 0.167 seconds
[2025-11-16T20:32:47.881+0000] {processor.py:161} INFO - Started process (PID=2122) to work on /home/airflow/.local/lib/python3.8/site-packages/airflow/example_dags/example_bash_operator.py
[2025-11-16T20:32:47.882+0000] {processor.py:830} INFO - Processing file /home/airflow/.local/lib/python3.8/site-packages/airflow/example_dags/example_bash_operator.py for tasks to queue
[2025-11-16T20:32:47.883+0000] {logging_mixin.py:188} INFO - [2025-11-16T20:32:47.883+0000] {dagbag.py:538} INFO - Filling up the DagBag from /home/airflow/.local/lib/python3.8/site-packages/airflow/example_dags/example_bash_operator.py
[2025-11-16T20:32:47.910+0000] {processor.py:840} INFO - DAG(s) 'example_bash_operator' retrieved from /home/airflow/.local/lib/python3.8/site-packages/airflow/example_dags/example_bash_operator.py
[2025-11-16T20:32:47.967+0000] {logging_mixin.py:188} INFO - [2025-11-16T20:32:47.967+0000] {dag.py:3036} INFO - Sync 1 DAGs
[2025-11-16T20:32:48.010+0000] {logging_mixin.py:188} INFO - [2025-11-16T20:32:48.009+0000] {dag.py:3823} INFO - Setting next_dagrun for example_bash_operator to 2025-11-15 00:00:00+00:00, run_after=2025-11-16 00:00:00+00:00
[2025-11-16T20:32:48.047+0000] {processor.py:183} INFO - Processing /home/airflow/.local/lib/python3.8/site-packages/airflow/example_dags/example_bash_operator.py took 0.174 seconds
[2025-11-16T20:33:18.337+0000] {processor.py:161} INFO - Started process (PID=2205) to work on /home/airflow/.local/lib/python3.8/site-packages/airflow/example_dags/example_bash_operator.py
[2025-11-16T20:33:18.338+0000] {processor.py:830} INFO - Processing file /home/airflow/.local/lib/python3.8/site-packages/airflow/example_dags/example_bash_operator.py for tasks to queue
[2025-11-16T20:33:18.338+0000] {logging_mixin.py:188} INFO - [2025-11-16T20:33:18.338+0000] {dagbag.py:538} INFO - Filling up the DagBag from /home/airflow/.local/lib/python3.8/site-packages/airflow/example_dags/example_bash_operator.py
[2025-11-16T20:33:18.349+0000] {processor.py:840} INFO - DAG(s) 'example_bash_operator' retrieved from /home/airflow/.local/lib/python3.8/site-packages/airflow/example_dags/example_bash_operator.py
[2025-11-16T20:33:18.380+0000] {logging_mixin.py:188} INFO - [2025-11-16T20:33:18.380+0000] {dag.py:3036} INFO - Sync 1 DAGs
[2025-11-16T20:33:18.401+0000] {logging_mixin.py:188} INFO - [2025-11-16T20:33:18.401+0000] {dag.py:3823} INFO - Setting next_dagrun for example_bash_operator to 2025-11-15 00:00:00+00:00, run_after=2025-11-16 00:00:00+00:00
[2025-11-16T20:33:18.422+0000] {processor.py:183} INFO - Processing /home/airflow/.local/lib/python3.8/site-packages/airflow/example_dags/example_bash_operator.py took 0.089 seconds
[2025-11-16T20:33:49.208+0000] {processor.py:161} INFO - Started process (PID=2294) to work on /home/airflow/.local/lib/python3.8/site-packages/airflow/example_dags/example_bash_operator.py
[2025-11-16T20:33:49.209+0000] {processor.py:830} INFO - Processing file /home/airflow/.local/lib/python3.8/site-packages/airflow/example_dags/example_bash_operator.py for tasks to queue
[2025-11-16T20:33:49.210+0000] {logging_mixin.py:188} INFO - [2025-11-16T20:33:49.210+0000] {dagbag.py:538} INFO - Filling up the DagBag from /home/airflow/.local/lib/python3.8/site-packages/airflow/example_dags/example_bash_operator.py
[2025-11-16T20:33:49.224+0000] {processor.py:840} INFO - DAG(s) 'example_bash_operator' retrieved from /home/airflow/.local/lib/python3.8/site-packages/airflow/example_dags/example_bash_operator.py
[2025-11-16T20:33:49.302+0000] {logging_mixin.py:188} INFO - [2025-11-16T20:33:49.302+0000] {dag.py:3036} INFO - Sync 1 DAGs
[2025-11-16T20:33:49.340+0000] {logging_mixin.py:188} INFO - [2025-11-16T20:33:49.340+0000] {dag.py:3823} INFO - Setting next_dagrun for example_bash_operator to 2025-11-15 00:00:00+00:00, run_after=2025-11-16 00:00:00+00:00
[2025-11-16T20:33:49.367+0000] {processor.py:183} INFO - Processing /home/airflow/.local/lib/python3.8/site-packages/airflow/example_dags/example_bash_operator.py took 0.164 seconds
[2025-11-16T20:34:20.222+0000] {processor.py:161} INFO - Started process (PID=2383) to work on /home/airflow/.local/lib/python3.8/site-packages/airflow/example_dags/example_bash_operator.py
[2025-11-16T20:34:20.223+0000] {processor.py:830} INFO - Processing file /home/airflow/.local/lib/python3.8/site-packages/airflow/example_dags/example_bash_operator.py for tasks to queue
[2025-11-16T20:34:20.224+0000] {logging_mixin.py:188} INFO - [2025-11-16T20:34:20.223+0000] {dagbag.py:538} INFO - Filling up the DagBag from /home/airflow/.local/lib/python3.8/site-packages/airflow/example_dags/example_bash_operator.py
[2025-11-16T20:34:20.236+0000] {processor.py:840} INFO - DAG(s) 'example_bash_operator' retrieved from /home/airflow/.local/lib/python3.8/site-packages/airflow/example_dags/example_bash_operator.py
[2025-11-16T20:34:20.268+0000] {logging_mixin.py:188} INFO - [2025-11-16T20:34:20.267+0000] {dag.py:3036} INFO - Sync 1 DAGs
[2025-11-16T20:34:20.294+0000] {logging_mixin.py:188} INFO - [2025-11-16T20:34:20.294+0000] {dag.py:3823} INFO - Setting next_dagrun for example_bash_operator to 2025-11-15 00:00:00+00:00, run_after=2025-11-16 00:00:00+00:00
[2025-11-16T20:34:20.316+0000] {processor.py:183} INFO - Processing /home/airflow/.local/lib/python3.8/site-packages/airflow/example_dags/example_bash_operator.py took 0.097 seconds
[2025-11-16T20:34:50.742+0000] {processor.py:161} INFO - Started process (PID=2464) to work on /home/airflow/.local/lib/python3.8/site-packages/airflow/example_dags/example_bash_operator.py
[2025-11-16T20:34:50.743+0000] {processor.py:830} INFO - Processing file /home/airflow/.local/lib/python3.8/site-packages/airflow/example_dags/example_bash_operator.py for tasks to queue
[2025-11-16T20:34:50.744+0000] {logging_mixin.py:188} INFO - [2025-11-16T20:34:50.744+0000] {dagbag.py:538} INFO - Filling up the DagBag from /home/airflow/.local/lib/python3.8/site-packages/airflow/example_dags/example_bash_operator.py
[2025-11-16T20:34:50.756+0000] {processor.py:840} INFO - DAG(s) 'example_bash_operator' retrieved from /home/airflow/.local/lib/python3.8/site-packages/airflow/example_dags/example_bash_operator.py
[2025-11-16T20:34:50.788+0000] {logging_mixin.py:188} INFO - [2025-11-16T20:34:50.788+0000] {dag.py:3036} INFO - Sync 1 DAGs
[2025-11-16T20:34:50.811+0000] {logging_mixin.py:188} INFO - [2025-11-16T20:34:50.811+0000] {dag.py:3823} INFO - Setting next_dagrun for example_bash_operator to 2025-11-15 00:00:00+00:00, run_after=2025-11-16 00:00:00+00:00
[2025-11-16T20:34:50.834+0000] {processor.py:183} INFO - Processing /home/airflow/.local/lib/python3.8/site-packages/airflow/example_dags/example_bash_operator.py took 0.095 seconds
[2025-11-16T20:35:21.276+0000] {processor.py:161} INFO - Started process (PID=2560) to work on /home/airflow/.local/lib/python3.8/site-packages/airflow/example_dags/example_bash_operator.py
[2025-11-16T20:35:21.277+0000] {processor.py:830} INFO - Processing file /home/airflow/.local/lib/python3.8/site-packages/airflow/example_dags/example_bash_operator.py for tasks to queue
[2025-11-16T20:35:21.279+0000] {logging_mixin.py:188} INFO - [2025-11-16T20:35:21.279+0000] {dagbag.py:538} INFO - Filling up the DagBag from /home/airflow/.local/lib/python3.8/site-packages/airflow/example_dags/example_bash_operator.py
[2025-11-16T20:35:21.298+0000] {processor.py:840} INFO - DAG(s) 'example_bash_operator' retrieved from /home/airflow/.local/lib/python3.8/site-packages/airflow/example_dags/example_bash_operator.py
[2025-11-16T20:35:21.368+0000] {logging_mixin.py:188} INFO - [2025-11-16T20:35:21.367+0000] {dag.py:3036} INFO - Sync 1 DAGs
[2025-11-16T20:35:21.422+0000] {logging_mixin.py:188} INFO - [2025-11-16T20:35:21.422+0000] {dag.py:3823} INFO - Setting next_dagrun for example_bash_operator to 2025-11-15 00:00:00+00:00, run_after=2025-11-16 00:00:00+00:00
[2025-11-16T20:35:21.472+0000] {processor.py:183} INFO - Processing /home/airflow/.local/lib/python3.8/site-packages/airflow/example_dags/example_bash_operator.py took 0.201 seconds
[2025-11-16T20:35:52.054+0000] {processor.py:161} INFO - Started process (PID=2641) to work on /home/airflow/.local/lib/python3.8/site-packages/airflow/example_dags/example_bash_operator.py
[2025-11-16T20:35:52.055+0000] {processor.py:830} INFO - Processing file /home/airflow/.local/lib/python3.8/site-packages/airflow/example_dags/example_bash_operator.py for tasks to queue
[2025-11-16T20:35:52.056+0000] {logging_mixin.py:188} INFO - [2025-11-16T20:35:52.056+0000] {dagbag.py:538} INFO - Filling up the DagBag from /home/airflow/.local/lib/python3.8/site-packages/airflow/example_dags/example_bash_operator.py
[2025-11-16T20:35:52.067+0000] {processor.py:840} INFO - DAG(s) 'example_bash_operator' retrieved from /home/airflow/.local/lib/python3.8/site-packages/airflow/example_dags/example_bash_operator.py
[2025-11-16T20:35:52.114+0000] {logging_mixin.py:188} INFO - [2025-11-16T20:35:52.114+0000] {dag.py:3036} INFO - Sync 1 DAGs
[2025-11-16T20:35:52.139+0000] {logging_mixin.py:188} INFO - [2025-11-16T20:35:52.138+0000] {dag.py:3823} INFO - Setting next_dagrun for example_bash_operator to 2025-11-15 00:00:00+00:00, run_after=2025-11-16 00:00:00+00:00
[2025-11-16T20:35:52.162+0000] {processor.py:183} INFO - Processing /home/airflow/.local/lib/python3.8/site-packages/airflow/example_dags/example_bash_operator.py took 0.111 seconds
[2025-11-16T20:36:23.312+0000] {processor.py:161} INFO - Started process (PID=2723) to work on /home/airflow/.local/lib/python3.8/site-packages/airflow/example_dags/example_bash_operator.py
[2025-11-16T20:36:23.316+0000] {processor.py:830} INFO - Processing file /home/airflow/.local/lib/python3.8/site-packages/airflow/example_dags/example_bash_operator.py for tasks to queue
[2025-11-16T20:36:23.318+0000] {logging_mixin.py:188} INFO - [2025-11-16T20:36:23.317+0000] {dagbag.py:538} INFO - Filling up the DagBag from /home/airflow/.local/lib/python3.8/site-packages/airflow/example_dags/example_bash_operator.py
[2025-11-16T20:36:23.335+0000] {processor.py:840} INFO - DAG(s) 'example_bash_operator' retrieved from /home/airflow/.local/lib/python3.8/site-packages/airflow/example_dags/example_bash_operator.py
[2025-11-16T20:36:23.398+0000] {logging_mixin.py:188} INFO - [2025-11-16T20:36:23.397+0000] {dag.py:3036} INFO - Sync 1 DAGs
[2025-11-16T20:36:23.434+0000] {logging_mixin.py:188} INFO - [2025-11-16T20:36:23.434+0000] {dag.py:3823} INFO - Setting next_dagrun for example_bash_operator to 2025-11-15 00:00:00+00:00, run_after=2025-11-16 00:00:00+00:00
[2025-11-16T20:36:23.464+0000] {processor.py:183} INFO - Processing /home/airflow/.local/lib/python3.8/site-packages/airflow/example_dags/example_bash_operator.py took 0.156 seconds
[2025-11-16T20:36:54.483+0000] {processor.py:161} INFO - Started process (PID=2805) to work on /home/airflow/.local/lib/python3.8/site-packages/airflow/example_dags/example_bash_operator.py
[2025-11-16T20:36:54.484+0000] {processor.py:830} INFO - Processing file /home/airflow/.local/lib/python3.8/site-packages/airflow/example_dags/example_bash_operator.py for tasks to queue
[2025-11-16T20:36:54.485+0000] {logging_mixin.py:188} INFO - [2025-11-16T20:36:54.485+0000] {dagbag.py:538} INFO - Filling up the DagBag from /home/airflow/.local/lib/python3.8/site-packages/airflow/example_dags/example_bash_operator.py
[2025-11-16T20:36:54.499+0000] {processor.py:840} INFO - DAG(s) 'example_bash_operator' retrieved from /home/airflow/.local/lib/python3.8/site-packages/airflow/example_dags/example_bash_operator.py
[2025-11-16T20:36:54.539+0000] {logging_mixin.py:188} INFO - [2025-11-16T20:36:54.539+0000] {dag.py:3036} INFO - Sync 1 DAGs
[2025-11-16T20:36:54.570+0000] {logging_mixin.py:188} INFO - [2025-11-16T20:36:54.569+0000] {dag.py:3823} INFO - Setting next_dagrun for example_bash_operator to 2025-11-15 00:00:00+00:00, run_after=2025-11-16 00:00:00+00:00
[2025-11-16T20:36:54.599+0000] {processor.py:183} INFO - Processing /home/airflow/.local/lib/python3.8/site-packages/airflow/example_dags/example_bash_operator.py took 0.121 seconds
[2025-11-16T20:37:25.053+0000] {processor.py:161} INFO - Started process (PID=2871) to work on /home/airflow/.local/lib/python3.8/site-packages/airflow/example_dags/example_bash_operator.py
[2025-11-16T20:37:25.057+0000] {processor.py:830} INFO - Processing file /home/airflow/.local/lib/python3.8/site-packages/airflow/example_dags/example_bash_operator.py for tasks to queue
[2025-11-16T20:37:25.059+0000] {logging_mixin.py:188} INFO - [2025-11-16T20:37:25.058+0000] {dagbag.py:538} INFO - Filling up the DagBag from /home/airflow/.local/lib/python3.8/site-packages/airflow/example_dags/example_bash_operator.py
[2025-11-16T20:37:25.081+0000] {processor.py:840} INFO - DAG(s) 'example_bash_operator' retrieved from /home/airflow/.local/lib/python3.8/site-packages/airflow/example_dags/example_bash_operator.py
[2025-11-16T20:37:25.150+0000] {logging_mixin.py:188} INFO - [2025-11-16T20:37:25.149+0000] {dag.py:3036} INFO - Sync 1 DAGs
[2025-11-16T20:37:25.190+0000] {logging_mixin.py:188} INFO - [2025-11-16T20:37:25.188+0000] {dag.py:3823} INFO - Setting next_dagrun for example_bash_operator to 2025-11-15 00:00:00+00:00, run_after=2025-11-16 00:00:00+00:00
[2025-11-16T20:37:25.227+0000] {processor.py:183} INFO - Processing /home/airflow/.local/lib/python3.8/site-packages/airflow/example_dags/example_bash_operator.py took 0.178 seconds
[2025-11-16T20:37:56.181+0000] {processor.py:161} INFO - Started process (PID=2952) to work on /home/airflow/.local/lib/python3.8/site-packages/airflow/example_dags/example_bash_operator.py
[2025-11-16T20:37:56.182+0000] {processor.py:830} INFO - Processing file /home/airflow/.local/lib/python3.8/site-packages/airflow/example_dags/example_bash_operator.py for tasks to queue
[2025-11-16T20:37:56.183+0000] {logging_mixin.py:188} INFO - [2025-11-16T20:37:56.183+0000] {dagbag.py:538} INFO - Filling up the DagBag from /home/airflow/.local/lib/python3.8/site-packages/airflow/example_dags/example_bash_operator.py
[2025-11-16T20:37:56.201+0000] {processor.py:840} INFO - DAG(s) 'example_bash_operator' retrieved from /home/airflow/.local/lib/python3.8/site-packages/airflow/example_dags/example_bash_operator.py
[2025-11-16T20:37:56.252+0000] {logging_mixin.py:188} INFO - [2025-11-16T20:37:56.252+0000] {dag.py:3036} INFO - Sync 1 DAGs
[2025-11-16T20:37:56.287+0000] {logging_mixin.py:188} INFO - [2025-11-16T20:37:56.287+0000] {dag.py:3823} INFO - Setting next_dagrun for example_bash_operator to 2025-11-15 00:00:00+00:00, run_after=2025-11-16 00:00:00+00:00
[2025-11-16T20:37:56.320+0000] {processor.py:183} INFO - Processing /home/airflow/.local/lib/python3.8/site-packages/airflow/example_dags/example_bash_operator.py took 0.145 seconds
[2025-11-16T20:38:26.780+0000] {processor.py:161} INFO - Started process (PID=3035) to work on /home/airflow/.local/lib/python3.8/site-packages/airflow/example_dags/example_bash_operator.py
[2025-11-16T20:38:26.782+0000] {processor.py:830} INFO - Processing file /home/airflow/.local/lib/python3.8/site-packages/airflow/example_dags/example_bash_operator.py for tasks to queue
[2025-11-16T20:38:26.784+0000] {logging_mixin.py:188} INFO - [2025-11-16T20:38:26.783+0000] {dagbag.py:538} INFO - Filling up the DagBag from /home/airflow/.local/lib/python3.8/site-packages/airflow/example_dags/example_bash_operator.py
[2025-11-16T20:38:26.817+0000] {processor.py:840} INFO - DAG(s) 'example_bash_operator' retrieved from /home/airflow/.local/lib/python3.8/site-packages/airflow/example_dags/example_bash_operator.py
[2025-11-16T20:38:26.891+0000] {logging_mixin.py:188} INFO - [2025-11-16T20:38:26.889+0000] {dag.py:3036} INFO - Sync 1 DAGs
[2025-11-16T20:38:26.934+0000] {logging_mixin.py:188} INFO - [2025-11-16T20:38:26.932+0000] {dag.py:3823} INFO - Setting next_dagrun for example_bash_operator to 2025-11-15 00:00:00+00:00, run_after=2025-11-16 00:00:00+00:00
[2025-11-16T20:38:26.971+0000] {processor.py:183} INFO - Processing /home/airflow/.local/lib/python3.8/site-packages/airflow/example_dags/example_bash_operator.py took 0.200 seconds
[2025-11-16T20:38:57.208+0000] {processor.py:161} INFO - Started process (PID=3116) to work on /home/airflow/.local/lib/python3.8/site-packages/airflow/example_dags/example_bash_operator.py
[2025-11-16T20:38:57.209+0000] {processor.py:830} INFO - Processing file /home/airflow/.local/lib/python3.8/site-packages/airflow/example_dags/example_bash_operator.py for tasks to queue
[2025-11-16T20:38:57.210+0000] {logging_mixin.py:188} INFO - [2025-11-16T20:38:57.210+0000] {dagbag.py:538} INFO - Filling up the DagBag from /home/airflow/.local/lib/python3.8/site-packages/airflow/example_dags/example_bash_operator.py
[2025-11-16T20:38:57.230+0000] {processor.py:840} INFO - DAG(s) 'example_bash_operator' retrieved from /home/airflow/.local/lib/python3.8/site-packages/airflow/example_dags/example_bash_operator.py
[2025-11-16T20:38:57.281+0000] {logging_mixin.py:188} INFO - [2025-11-16T20:38:57.280+0000] {dag.py:3036} INFO - Sync 1 DAGs
[2025-11-16T20:38:57.316+0000] {logging_mixin.py:188} INFO - [2025-11-16T20:38:57.316+0000] {dag.py:3823} INFO - Setting next_dagrun for example_bash_operator to 2025-11-15 00:00:00+00:00, run_after=2025-11-16 00:00:00+00:00
[2025-11-16T20:38:57.350+0000] {processor.py:183} INFO - Processing /home/airflow/.local/lib/python3.8/site-packages/airflow/example_dags/example_bash_operator.py took 0.146 seconds
[2025-11-16T20:39:28.242+0000] {processor.py:161} INFO - Started process (PID=3184) to work on /home/airflow/.local/lib/python3.8/site-packages/airflow/example_dags/example_bash_operator.py
[2025-11-16T20:39:28.246+0000] {processor.py:830} INFO - Processing file /home/airflow/.local/lib/python3.8/site-packages/airflow/example_dags/example_bash_operator.py for tasks to queue
[2025-11-16T20:39:28.248+0000] {logging_mixin.py:188} INFO - [2025-11-16T20:39:28.247+0000] {dagbag.py:538} INFO - Filling up the DagBag from /home/airflow/.local/lib/python3.8/site-packages/airflow/example_dags/example_bash_operator.py
[2025-11-16T20:39:28.265+0000] {processor.py:840} INFO - DAG(s) 'example_bash_operator' retrieved from /home/airflow/.local/lib/python3.8/site-packages/airflow/example_dags/example_bash_operator.py
[2025-11-16T20:39:28.306+0000] {logging_mixin.py:188} INFO - [2025-11-16T20:39:28.306+0000] {dag.py:3036} INFO - Sync 1 DAGs
[2025-11-16T20:39:28.337+0000] {logging_mixin.py:188} INFO - [2025-11-16T20:39:28.337+0000] {dag.py:3823} INFO - Setting next_dagrun for example_bash_operator to 2025-11-15 00:00:00+00:00, run_after=2025-11-16 00:00:00+00:00
[2025-11-16T20:39:28.369+0000] {processor.py:183} INFO - Processing /home/airflow/.local/lib/python3.8/site-packages/airflow/example_dags/example_bash_operator.py took 0.133 seconds
[2025-11-16T20:39:58.574+0000] {processor.py:161} INFO - Started process (PID=3269) to work on /home/airflow/.local/lib/python3.8/site-packages/airflow/example_dags/example_bash_operator.py
[2025-11-16T20:39:58.575+0000] {processor.py:830} INFO - Processing file /home/airflow/.local/lib/python3.8/site-packages/airflow/example_dags/example_bash_operator.py for tasks to queue
[2025-11-16T20:39:58.576+0000] {logging_mixin.py:188} INFO - [2025-11-16T20:39:58.576+0000] {dagbag.py:538} INFO - Filling up the DagBag from /home/airflow/.local/lib/python3.8/site-packages/airflow/example_dags/example_bash_operator.py
[2025-11-16T20:39:58.594+0000] {processor.py:840} INFO - DAG(s) 'example_bash_operator' retrieved from /home/airflow/.local/lib/python3.8/site-packages/airflow/example_dags/example_bash_operator.py
[2025-11-16T20:39:58.639+0000] {logging_mixin.py:188} INFO - [2025-11-16T20:39:58.639+0000] {dag.py:3036} INFO - Sync 1 DAGs
[2025-11-16T20:39:58.674+0000] {logging_mixin.py:188} INFO - [2025-11-16T20:39:58.674+0000] {dag.py:3823} INFO - Setting next_dagrun for example_bash_operator to 2025-11-15 00:00:00+00:00, run_after=2025-11-16 00:00:00+00:00
[2025-11-16T20:39:58.707+0000] {processor.py:183} INFO - Processing /home/airflow/.local/lib/python3.8/site-packages/airflow/example_dags/example_bash_operator.py took 0.137 seconds
[2025-11-16T20:42:24.893+0000] {processor.py:161} INFO - Started process (PID=141) to work on /home/airflow/.local/lib/python3.8/site-packages/airflow/example_dags/example_bash_operator.py
[2025-11-16T20:42:24.894+0000] {processor.py:830} INFO - Processing file /home/airflow/.local/lib/python3.8/site-packages/airflow/example_dags/example_bash_operator.py for tasks to queue
[2025-11-16T20:42:24.896+0000] {logging_mixin.py:188} INFO - [2025-11-16T20:42:24.896+0000] {dagbag.py:538} INFO - Filling up the DagBag from /home/airflow/.local/lib/python3.8/site-packages/airflow/example_dags/example_bash_operator.py
[2025-11-16T20:42:24.923+0000] {processor.py:840} INFO - DAG(s) 'example_bash_operator' retrieved from /home/airflow/.local/lib/python3.8/site-packages/airflow/example_dags/example_bash_operator.py
[2025-11-16T20:42:25.163+0000] {logging_mixin.py:188} INFO - [2025-11-16T20:42:25.163+0000] {dag.py:3036} INFO - Sync 1 DAGs
[2025-11-16T20:42:25.204+0000] {logging_mixin.py:188} INFO - [2025-11-16T20:42:25.204+0000] {dag.py:3823} INFO - Setting next_dagrun for example_bash_operator to 2025-11-15 00:00:00+00:00, run_after=2025-11-16 00:00:00+00:00
[2025-11-16T20:42:25.257+0000] {processor.py:183} INFO - Processing /home/airflow/.local/lib/python3.8/site-packages/airflow/example_dags/example_bash_operator.py took 0.371 seconds
[2025-11-16T20:42:58.541+0000] {processor.py:161} INFO - Started process (PID=214) to work on /home/airflow/.local/lib/python3.8/site-packages/airflow/example_dags/example_bash_operator.py
[2025-11-16T20:42:58.542+0000] {processor.py:830} INFO - Processing file /home/airflow/.local/lib/python3.8/site-packages/airflow/example_dags/example_bash_operator.py for tasks to queue
[2025-11-16T20:42:58.543+0000] {logging_mixin.py:188} INFO - [2025-11-16T20:42:58.543+0000] {dagbag.py:538} INFO - Filling up the DagBag from /home/airflow/.local/lib/python3.8/site-packages/airflow/example_dags/example_bash_operator.py
[2025-11-16T20:42:58.714+0000] {processor.py:840} INFO - DAG(s) 'example_bash_operator' retrieved from /home/airflow/.local/lib/python3.8/site-packages/airflow/example_dags/example_bash_operator.py
[2025-11-16T20:42:58.747+0000] {logging_mixin.py:188} INFO - [2025-11-16T20:42:58.747+0000] {dag.py:3036} INFO - Sync 1 DAGs
[2025-11-16T20:42:58.883+0000] {logging_mixin.py:188} INFO - [2025-11-16T20:42:58.882+0000] {dag.py:3823} INFO - Setting next_dagrun for example_bash_operator to 2025-11-15 00:00:00+00:00, run_after=2025-11-16 00:00:00+00:00
[2025-11-16T20:42:59.283+0000] {processor.py:183} INFO - Processing /home/airflow/.local/lib/python3.8/site-packages/airflow/example_dags/example_bash_operator.py took 0.744 seconds
[2025-11-16T20:43:29.565+0000] {processor.py:161} INFO - Started process (PID=294) to work on /home/airflow/.local/lib/python3.8/site-packages/airflow/example_dags/example_bash_operator.py
[2025-11-16T20:43:29.566+0000] {processor.py:830} INFO - Processing file /home/airflow/.local/lib/python3.8/site-packages/airflow/example_dags/example_bash_operator.py for tasks to queue
[2025-11-16T20:43:29.567+0000] {logging_mixin.py:188} INFO - [2025-11-16T20:43:29.567+0000] {dagbag.py:538} INFO - Filling up the DagBag from /home/airflow/.local/lib/python3.8/site-packages/airflow/example_dags/example_bash_operator.py
[2025-11-16T20:43:29.578+0000] {processor.py:840} INFO - DAG(s) 'example_bash_operator' retrieved from /home/airflow/.local/lib/python3.8/site-packages/airflow/example_dags/example_bash_operator.py
[2025-11-16T20:43:29.610+0000] {logging_mixin.py:188} INFO - [2025-11-16T20:43:29.609+0000] {dag.py:3036} INFO - Sync 1 DAGs
[2025-11-16T20:43:29.630+0000] {logging_mixin.py:188} INFO - [2025-11-16T20:43:29.630+0000] {dag.py:3823} INFO - Setting next_dagrun for example_bash_operator to 2025-11-15 00:00:00+00:00, run_after=2025-11-16 00:00:00+00:00
[2025-11-16T20:43:29.652+0000] {processor.py:183} INFO - Processing /home/airflow/.local/lib/python3.8/site-packages/airflow/example_dags/example_bash_operator.py took 0.089 seconds
[2025-11-16T20:43:59.716+0000] {processor.py:161} INFO - Started process (PID=375) to work on /home/airflow/.local/lib/python3.8/site-packages/airflow/example_dags/example_bash_operator.py
[2025-11-16T20:43:59.717+0000] {processor.py:830} INFO - Processing file /home/airflow/.local/lib/python3.8/site-packages/airflow/example_dags/example_bash_operator.py for tasks to queue
[2025-11-16T20:43:59.719+0000] {logging_mixin.py:188} INFO - [2025-11-16T20:43:59.718+0000] {dagbag.py:538} INFO - Filling up the DagBag from /home/airflow/.local/lib/python3.8/site-packages/airflow/example_dags/example_bash_operator.py
[2025-11-16T20:43:59.730+0000] {processor.py:840} INFO - DAG(s) 'example_bash_operator' retrieved from /home/airflow/.local/lib/python3.8/site-packages/airflow/example_dags/example_bash_operator.py
[2025-11-16T20:43:59.765+0000] {logging_mixin.py:188} INFO - [2025-11-16T20:43:59.765+0000] {dag.py:3036} INFO - Sync 1 DAGs
[2025-11-16T20:43:59.802+0000] {logging_mixin.py:188} INFO - [2025-11-16T20:43:59.801+0000] {dag.py:3823} INFO - Setting next_dagrun for example_bash_operator to 2025-11-15 00:00:00+00:00, run_after=2025-11-16 00:00:00+00:00
[2025-11-16T20:43:59.825+0000] {processor.py:183} INFO - Processing /home/airflow/.local/lib/python3.8/site-packages/airflow/example_dags/example_bash_operator.py took 0.112 seconds
[2025-11-16T20:44:30.948+0000] {processor.py:161} INFO - Started process (PID=471) to work on /home/airflow/.local/lib/python3.8/site-packages/airflow/example_dags/example_bash_operator.py
[2025-11-16T20:44:30.949+0000] {processor.py:830} INFO - Processing file /home/airflow/.local/lib/python3.8/site-packages/airflow/example_dags/example_bash_operator.py for tasks to queue
[2025-11-16T20:44:30.950+0000] {logging_mixin.py:188} INFO - [2025-11-16T20:44:30.950+0000] {dagbag.py:538} INFO - Filling up the DagBag from /home/airflow/.local/lib/python3.8/site-packages/airflow/example_dags/example_bash_operator.py
[2025-11-16T20:44:30.963+0000] {processor.py:840} INFO - DAG(s) 'example_bash_operator' retrieved from /home/airflow/.local/lib/python3.8/site-packages/airflow/example_dags/example_bash_operator.py
[2025-11-16T20:44:30.998+0000] {logging_mixin.py:188} INFO - [2025-11-16T20:44:30.997+0000] {dag.py:3036} INFO - Sync 1 DAGs
[2025-11-16T20:44:31.023+0000] {logging_mixin.py:188} INFO - [2025-11-16T20:44:31.023+0000] {dag.py:3823} INFO - Setting next_dagrun for example_bash_operator to 2025-11-15 00:00:00+00:00, run_after=2025-11-16 00:00:00+00:00
[2025-11-16T20:44:31.044+0000] {processor.py:183} INFO - Processing /home/airflow/.local/lib/python3.8/site-packages/airflow/example_dags/example_bash_operator.py took 0.099 seconds
[2025-11-16T20:45:01.680+0000] {processor.py:161} INFO - Started process (PID=553) to work on /home/airflow/.local/lib/python3.8/site-packages/airflow/example_dags/example_bash_operator.py
[2025-11-16T20:45:01.681+0000] {processor.py:830} INFO - Processing file /home/airflow/.local/lib/python3.8/site-packages/airflow/example_dags/example_bash_operator.py for tasks to queue
[2025-11-16T20:45:01.682+0000] {logging_mixin.py:188} INFO - [2025-11-16T20:45:01.682+0000] {dagbag.py:538} INFO - Filling up the DagBag from /home/airflow/.local/lib/python3.8/site-packages/airflow/example_dags/example_bash_operator.py
[2025-11-16T20:45:01.696+0000] {processor.py:840} INFO - DAG(s) 'example_bash_operator' retrieved from /home/airflow/.local/lib/python3.8/site-packages/airflow/example_dags/example_bash_operator.py
[2025-11-16T20:45:01.737+0000] {logging_mixin.py:188} INFO - [2025-11-16T20:45:01.736+0000] {dag.py:3036} INFO - Sync 1 DAGs
[2025-11-16T20:45:01.761+0000] {logging_mixin.py:188} INFO - [2025-11-16T20:45:01.761+0000] {dag.py:3823} INFO - Setting next_dagrun for example_bash_operator to 2025-11-15 00:00:00+00:00, run_after=2025-11-16 00:00:00+00:00
[2025-11-16T20:45:01.784+0000] {processor.py:183} INFO - Processing /home/airflow/.local/lib/python3.8/site-packages/airflow/example_dags/example_bash_operator.py took 0.107 seconds
[2025-11-16T20:45:32.864+0000] {processor.py:161} INFO - Started process (PID=650) to work on /home/airflow/.local/lib/python3.8/site-packages/airflow/example_dags/example_bash_operator.py
[2025-11-16T20:45:32.865+0000] {processor.py:830} INFO - Processing file /home/airflow/.local/lib/python3.8/site-packages/airflow/example_dags/example_bash_operator.py for tasks to queue
[2025-11-16T20:45:32.867+0000] {logging_mixin.py:188} INFO - [2025-11-16T20:45:32.866+0000] {dagbag.py:538} INFO - Filling up the DagBag from /home/airflow/.local/lib/python3.8/site-packages/airflow/example_dags/example_bash_operator.py
[2025-11-16T20:45:32.879+0000] {processor.py:840} INFO - DAG(s) 'example_bash_operator' retrieved from /home/airflow/.local/lib/python3.8/site-packages/airflow/example_dags/example_bash_operator.py
[2025-11-16T20:45:32.922+0000] {logging_mixin.py:188} INFO - [2025-11-16T20:45:32.922+0000] {dag.py:3036} INFO - Sync 1 DAGs
[2025-11-16T20:45:32.952+0000] {logging_mixin.py:188} INFO - [2025-11-16T20:45:32.952+0000] {dag.py:3823} INFO - Setting next_dagrun for example_bash_operator to 2025-11-15 00:00:00+00:00, run_after=2025-11-16 00:00:00+00:00
[2025-11-16T20:45:32.975+0000] {processor.py:183} INFO - Processing /home/airflow/.local/lib/python3.8/site-packages/airflow/example_dags/example_bash_operator.py took 0.115 seconds
[2025-11-16T20:46:03.613+0000] {processor.py:161} INFO - Started process (PID=731) to work on /home/airflow/.local/lib/python3.8/site-packages/airflow/example_dags/example_bash_operator.py
[2025-11-16T20:46:03.614+0000] {processor.py:830} INFO - Processing file /home/airflow/.local/lib/python3.8/site-packages/airflow/example_dags/example_bash_operator.py for tasks to queue
[2025-11-16T20:46:03.616+0000] {logging_mixin.py:188} INFO - [2025-11-16T20:46:03.615+0000] {dagbag.py:538} INFO - Filling up the DagBag from /home/airflow/.local/lib/python3.8/site-packages/airflow/example_dags/example_bash_operator.py
[2025-11-16T20:46:03.628+0000] {processor.py:840} INFO - DAG(s) 'example_bash_operator' retrieved from /home/airflow/.local/lib/python3.8/site-packages/airflow/example_dags/example_bash_operator.py
[2025-11-16T20:46:03.665+0000] {logging_mixin.py:188} INFO - [2025-11-16T20:46:03.665+0000] {dag.py:3036} INFO - Sync 1 DAGs
[2025-11-16T20:46:03.687+0000] {logging_mixin.py:188} INFO - [2025-11-16T20:46:03.687+0000] {dag.py:3823} INFO - Setting next_dagrun for example_bash_operator to 2025-11-15 00:00:00+00:00, run_after=2025-11-16 00:00:00+00:00
[2025-11-16T20:46:03.709+0000] {processor.py:183} INFO - Processing /home/airflow/.local/lib/python3.8/site-packages/airflow/example_dags/example_bash_operator.py took 0.099 seconds
[2025-11-16T20:46:34.853+0000] {processor.py:161} INFO - Started process (PID=820) to work on /home/airflow/.local/lib/python3.8/site-packages/airflow/example_dags/example_bash_operator.py
[2025-11-16T20:46:34.854+0000] {processor.py:830} INFO - Processing file /home/airflow/.local/lib/python3.8/site-packages/airflow/example_dags/example_bash_operator.py for tasks to queue
[2025-11-16T20:46:34.856+0000] {logging_mixin.py:188} INFO - [2025-11-16T20:46:34.855+0000] {dagbag.py:538} INFO - Filling up the DagBag from /home/airflow/.local/lib/python3.8/site-packages/airflow/example_dags/example_bash_operator.py
[2025-11-16T20:46:34.872+0000] {processor.py:840} INFO - DAG(s) 'example_bash_operator' retrieved from /home/airflow/.local/lib/python3.8/site-packages/airflow/example_dags/example_bash_operator.py
[2025-11-16T20:46:34.910+0000] {logging_mixin.py:188} INFO - [2025-11-16T20:46:34.910+0000] {dag.py:3036} INFO - Sync 1 DAGs
[2025-11-16T20:46:34.939+0000] {logging_mixin.py:188} INFO - [2025-11-16T20:46:34.939+0000] {dag.py:3823} INFO - Setting next_dagrun for example_bash_operator to 2025-11-15 00:00:00+00:00, run_after=2025-11-16 00:00:00+00:00
[2025-11-16T20:46:34.967+0000] {processor.py:183} INFO - Processing /home/airflow/.local/lib/python3.8/site-packages/airflow/example_dags/example_bash_operator.py took 0.119 seconds
[2025-11-16T20:47:05.003+0000] {processor.py:161} INFO - Started process (PID=906) to work on /home/airflow/.local/lib/python3.8/site-packages/airflow/example_dags/example_bash_operator.py
[2025-11-16T20:47:05.004+0000] {processor.py:830} INFO - Processing file /home/airflow/.local/lib/python3.8/site-packages/airflow/example_dags/example_bash_operator.py for tasks to queue
[2025-11-16T20:47:05.006+0000] {logging_mixin.py:188} INFO - [2025-11-16T20:47:05.005+0000] {dagbag.py:538} INFO - Filling up the DagBag from /home/airflow/.local/lib/python3.8/site-packages/airflow/example_dags/example_bash_operator.py
[2025-11-16T20:47:05.017+0000] {processor.py:840} INFO - DAG(s) 'example_bash_operator' retrieved from /home/airflow/.local/lib/python3.8/site-packages/airflow/example_dags/example_bash_operator.py
[2025-11-16T20:47:05.051+0000] {logging_mixin.py:188} INFO - [2025-11-16T20:47:05.051+0000] {dag.py:3036} INFO - Sync 1 DAGs
[2025-11-16T20:47:05.075+0000] {logging_mixin.py:188} INFO - [2025-11-16T20:47:05.074+0000] {dag.py:3823} INFO - Setting next_dagrun for example_bash_operator to 2025-11-15 00:00:00+00:00, run_after=2025-11-16 00:00:00+00:00
[2025-11-16T20:47:05.095+0000] {processor.py:183} INFO - Processing /home/airflow/.local/lib/python3.8/site-packages/airflow/example_dags/example_bash_operator.py took 0.095 seconds
[2025-11-16T20:47:35.285+0000] {processor.py:161} INFO - Started process (PID=987) to work on /home/airflow/.local/lib/python3.8/site-packages/airflow/example_dags/example_bash_operator.py
[2025-11-16T20:47:35.286+0000] {processor.py:830} INFO - Processing file /home/airflow/.local/lib/python3.8/site-packages/airflow/example_dags/example_bash_operator.py for tasks to queue
[2025-11-16T20:47:35.288+0000] {logging_mixin.py:188} INFO - [2025-11-16T20:47:35.287+0000] {dagbag.py:538} INFO - Filling up the DagBag from /home/airflow/.local/lib/python3.8/site-packages/airflow/example_dags/example_bash_operator.py
[2025-11-16T20:47:35.301+0000] {processor.py:840} INFO - DAG(s) 'example_bash_operator' retrieved from /home/airflow/.local/lib/python3.8/site-packages/airflow/example_dags/example_bash_operator.py
[2025-11-16T20:47:35.335+0000] {logging_mixin.py:188} INFO - [2025-11-16T20:47:35.335+0000] {dag.py:3036} INFO - Sync 1 DAGs
[2025-11-16T20:47:35.361+0000] {logging_mixin.py:188} INFO - [2025-11-16T20:47:35.360+0000] {dag.py:3823} INFO - Setting next_dagrun for example_bash_operator to 2025-11-15 00:00:00+00:00, run_after=2025-11-16 00:00:00+00:00
[2025-11-16T20:47:35.385+0000] {processor.py:183} INFO - Processing /home/airflow/.local/lib/python3.8/site-packages/airflow/example_dags/example_bash_operator.py took 0.102 seconds
[2025-11-16T20:48:06.347+0000] {processor.py:161} INFO - Started process (PID=1082) to work on /home/airflow/.local/lib/python3.8/site-packages/airflow/example_dags/example_bash_operator.py
[2025-11-16T20:48:06.349+0000] {processor.py:830} INFO - Processing file /home/airflow/.local/lib/python3.8/site-packages/airflow/example_dags/example_bash_operator.py for tasks to queue
[2025-11-16T20:48:06.350+0000] {logging_mixin.py:188} INFO - [2025-11-16T20:48:06.350+0000] {dagbag.py:538} INFO - Filling up the DagBag from /home/airflow/.local/lib/python3.8/site-packages/airflow/example_dags/example_bash_operator.py
[2025-11-16T20:48:06.368+0000] {processor.py:840} INFO - DAG(s) 'example_bash_operator' retrieved from /home/airflow/.local/lib/python3.8/site-packages/airflow/example_dags/example_bash_operator.py
[2025-11-16T20:48:06.412+0000] {logging_mixin.py:188} INFO - [2025-11-16T20:48:06.412+0000] {dag.py:3036} INFO - Sync 1 DAGs
[2025-11-16T20:48:06.442+0000] {logging_mixin.py:188} INFO - [2025-11-16T20:48:06.442+0000] {dag.py:3823} INFO - Setting next_dagrun for example_bash_operator to 2025-11-15 00:00:00+00:00, run_after=2025-11-16 00:00:00+00:00
[2025-11-16T20:48:06.463+0000] {processor.py:183} INFO - Processing /home/airflow/.local/lib/python3.8/site-packages/airflow/example_dags/example_bash_operator.py took 0.120 seconds
[2025-11-16T20:48:37.047+0000] {processor.py:161} INFO - Started process (PID=1163) to work on /home/airflow/.local/lib/python3.8/site-packages/airflow/example_dags/example_bash_operator.py
[2025-11-16T20:48:37.048+0000] {processor.py:830} INFO - Processing file /home/airflow/.local/lib/python3.8/site-packages/airflow/example_dags/example_bash_operator.py for tasks to queue
[2025-11-16T20:48:37.051+0000] {logging_mixin.py:188} INFO - [2025-11-16T20:48:37.049+0000] {dagbag.py:538} INFO - Filling up the DagBag from /home/airflow/.local/lib/python3.8/site-packages/airflow/example_dags/example_bash_operator.py
[2025-11-16T20:48:37.079+0000] {processor.py:840} INFO - DAG(s) 'example_bash_operator' retrieved from /home/airflow/.local/lib/python3.8/site-packages/airflow/example_dags/example_bash_operator.py
[2025-11-16T20:48:37.157+0000] {logging_mixin.py:188} INFO - [2025-11-16T20:48:37.157+0000] {dag.py:3036} INFO - Sync 1 DAGs
[2025-11-16T20:48:37.220+0000] {logging_mixin.py:188} INFO - [2025-11-16T20:48:37.218+0000] {dag.py:3823} INFO - Setting next_dagrun for example_bash_operator to 2025-11-15 00:00:00+00:00, run_after=2025-11-16 00:00:00+00:00
[2025-11-16T20:48:37.268+0000] {processor.py:183} INFO - Processing /home/airflow/.local/lib/python3.8/site-packages/airflow/example_dags/example_bash_operator.py took 0.231 seconds
[2025-11-16T20:49:17.203+0000] {processor.py:161} INFO - Started process (PID=1247) to work on /home/airflow/.local/lib/python3.8/site-packages/airflow/example_dags/example_bash_operator.py
[2025-11-16T20:49:17.206+0000] {processor.py:830} INFO - Processing file /home/airflow/.local/lib/python3.8/site-packages/airflow/example_dags/example_bash_operator.py for tasks to queue
[2025-11-16T20:49:17.209+0000] {logging_mixin.py:188} INFO - [2025-11-16T20:49:17.208+0000] {dagbag.py:538} INFO - Filling up the DagBag from /home/airflow/.local/lib/python3.8/site-packages/airflow/example_dags/example_bash_operator.py
[2025-11-16T20:49:17.231+0000] {processor.py:840} INFO - DAG(s) 'example_bash_operator' retrieved from /home/airflow/.local/lib/python3.8/site-packages/airflow/example_dags/example_bash_operator.py
[2025-11-16T20:49:17.299+0000] {logging_mixin.py:188} INFO - [2025-11-16T20:49:17.299+0000] {dag.py:3036} INFO - Sync 1 DAGs
[2025-11-16T20:49:17.351+0000] {logging_mixin.py:188} INFO - [2025-11-16T20:49:17.350+0000] {dag.py:3823} INFO - Setting next_dagrun for example_bash_operator to 2025-11-15 00:00:00+00:00, run_after=2025-11-16 00:00:00+00:00
[2025-11-16T20:49:17.399+0000] {processor.py:183} INFO - Processing /home/airflow/.local/lib/python3.8/site-packages/airflow/example_dags/example_bash_operator.py took 0.199 seconds
[2025-11-16T20:50:04.680+0000] {processor.py:161} INFO - Started process (PID=1319) to work on /home/airflow/.local/lib/python3.8/site-packages/airflow/example_dags/example_bash_operator.py
[2025-11-16T20:50:04.684+0000] {processor.py:830} INFO - Processing file /home/airflow/.local/lib/python3.8/site-packages/airflow/example_dags/example_bash_operator.py for tasks to queue
[2025-11-16T20:50:04.686+0000] {logging_mixin.py:188} INFO - [2025-11-16T20:50:04.685+0000] {dagbag.py:538} INFO - Filling up the DagBag from /home/airflow/.local/lib/python3.8/site-packages/airflow/example_dags/example_bash_operator.py
[2025-11-16T20:50:04.708+0000] {processor.py:840} INFO - DAG(s) 'example_bash_operator' retrieved from /home/airflow/.local/lib/python3.8/site-packages/airflow/example_dags/example_bash_operator.py
[2025-11-16T20:50:04.767+0000] {logging_mixin.py:188} INFO - [2025-11-16T20:50:04.767+0000] {dag.py:3036} INFO - Sync 1 DAGs
[2025-11-16T20:50:04.817+0000] {logging_mixin.py:188} INFO - [2025-11-16T20:50:04.815+0000] {dag.py:3823} INFO - Setting next_dagrun for example_bash_operator to 2025-11-15 00:00:00+00:00, run_after=2025-11-16 00:00:00+00:00
[2025-11-16T20:50:04.855+0000] {processor.py:183} INFO - Processing /home/airflow/.local/lib/python3.8/site-packages/airflow/example_dags/example_bash_operator.py took 0.180 seconds
[2025-11-16T23:16:18.224+0000] {processor.py:161} INFO - Started process (PID=1415) to work on /home/airflow/.local/lib/python3.8/site-packages/airflow/example_dags/example_bash_operator.py
[2025-11-16T23:16:18.226+0000] {processor.py:830} INFO - Processing file /home/airflow/.local/lib/python3.8/site-packages/airflow/example_dags/example_bash_operator.py for tasks to queue
[2025-11-16T23:16:18.228+0000] {logging_mixin.py:188} INFO - [2025-11-16T23:16:18.227+0000] {dagbag.py:538} INFO - Filling up the DagBag from /home/airflow/.local/lib/python3.8/site-packages/airflow/example_dags/example_bash_operator.py
[2025-11-16T23:16:18.271+0000] {processor.py:840} INFO - DAG(s) 'example_bash_operator' retrieved from /home/airflow/.local/lib/python3.8/site-packages/airflow/example_dags/example_bash_operator.py
[2025-11-16T23:16:18.372+0000] {logging_mixin.py:188} INFO - [2025-11-16T23:16:18.371+0000] {dag.py:3036} INFO - Sync 1 DAGs
[2025-11-16T23:16:18.442+0000] {logging_mixin.py:188} INFO - [2025-11-16T23:16:18.440+0000] {dag.py:3823} INFO - Setting next_dagrun for example_bash_operator to 2025-11-15 00:00:00+00:00, run_after=2025-11-16 00:00:00+00:00
[2025-11-16T23:16:18.494+0000] {processor.py:183} INFO - Processing /home/airflow/.local/lib/python3.8/site-packages/airflow/example_dags/example_bash_operator.py took 0.278 seconds
[2025-11-16T23:16:49.390+0000] {processor.py:161} INFO - Started process (PID=1497) to work on /home/airflow/.local/lib/python3.8/site-packages/airflow/example_dags/example_bash_operator.py
[2025-11-16T23:16:49.392+0000] {processor.py:830} INFO - Processing file /home/airflow/.local/lib/python3.8/site-packages/airflow/example_dags/example_bash_operator.py for tasks to queue
[2025-11-16T23:16:49.397+0000] {logging_mixin.py:188} INFO - [2025-11-16T23:16:49.395+0000] {dagbag.py:538} INFO - Filling up the DagBag from /home/airflow/.local/lib/python3.8/site-packages/airflow/example_dags/example_bash_operator.py
[2025-11-16T23:16:49.431+0000] {processor.py:840} INFO - DAG(s) 'example_bash_operator' retrieved from /home/airflow/.local/lib/python3.8/site-packages/airflow/example_dags/example_bash_operator.py
[2025-11-16T23:16:49.496+0000] {logging_mixin.py:188} INFO - [2025-11-16T23:16:49.493+0000] {dag.py:3036} INFO - Sync 1 DAGs
[2025-11-16T23:16:49.548+0000] {logging_mixin.py:188} INFO - [2025-11-16T23:16:49.548+0000] {dag.py:3823} INFO - Setting next_dagrun for example_bash_operator to 2025-11-15 00:00:00+00:00, run_after=2025-11-16 00:00:00+00:00
[2025-11-16T23:16:49.597+0000] {processor.py:183} INFO - Processing /home/airflow/.local/lib/python3.8/site-packages/airflow/example_dags/example_bash_operator.py took 0.216 seconds
[2025-11-16T23:17:23.288+0000] {processor.py:161} INFO - Started process (PID=1579) to work on /home/airflow/.local/lib/python3.8/site-packages/airflow/example_dags/example_bash_operator.py
[2025-11-16T23:17:23.290+0000] {processor.py:830} INFO - Processing file /home/airflow/.local/lib/python3.8/site-packages/airflow/example_dags/example_bash_operator.py for tasks to queue
[2025-11-16T23:17:23.293+0000] {logging_mixin.py:188} INFO - [2025-11-16T23:17:23.291+0000] {dagbag.py:538} INFO - Filling up the DagBag from /home/airflow/.local/lib/python3.8/site-packages/airflow/example_dags/example_bash_operator.py
[2025-11-16T23:17:23.320+0000] {processor.py:840} INFO - DAG(s) 'example_bash_operator' retrieved from /home/airflow/.local/lib/python3.8/site-packages/airflow/example_dags/example_bash_operator.py
[2025-11-16T23:17:23.388+0000] {logging_mixin.py:188} INFO - [2025-11-16T23:17:23.388+0000] {dag.py:3036} INFO - Sync 1 DAGs
[2025-11-16T23:17:23.465+0000] {logging_mixin.py:188} INFO - [2025-11-16T23:17:23.465+0000] {dag.py:3823} INFO - Setting next_dagrun for example_bash_operator to 2025-11-15 00:00:00+00:00, run_after=2025-11-16 00:00:00+00:00
[2025-11-16T23:17:23.506+0000] {processor.py:183} INFO - Processing /home/airflow/.local/lib/python3.8/site-packages/airflow/example_dags/example_bash_operator.py took 0.224 seconds
[2025-11-16T23:17:57.536+0000] {processor.py:161} INFO - Started process (PID=1645) to work on /home/airflow/.local/lib/python3.8/site-packages/airflow/example_dags/example_bash_operator.py
[2025-11-16T23:17:57.537+0000] {processor.py:830} INFO - Processing file /home/airflow/.local/lib/python3.8/site-packages/airflow/example_dags/example_bash_operator.py for tasks to queue
[2025-11-16T23:17:57.540+0000] {logging_mixin.py:188} INFO - [2025-11-16T23:17:57.538+0000] {dagbag.py:538} INFO - Filling up the DagBag from /home/airflow/.local/lib/python3.8/site-packages/airflow/example_dags/example_bash_operator.py
[2025-11-16T23:17:57.569+0000] {processor.py:840} INFO - DAG(s) 'example_bash_operator' retrieved from /home/airflow/.local/lib/python3.8/site-packages/airflow/example_dags/example_bash_operator.py
[2025-11-16T23:17:57.654+0000] {logging_mixin.py:188} INFO - [2025-11-16T23:17:57.652+0000] {dag.py:3036} INFO - Sync 1 DAGs
[2025-11-16T23:17:57.710+0000] {logging_mixin.py:188} INFO - [2025-11-16T23:17:57.709+0000] {dag.py:3823} INFO - Setting next_dagrun for example_bash_operator to 2025-11-15 00:00:00+00:00, run_after=2025-11-16 00:00:00+00:00
[2025-11-16T23:17:57.756+0000] {processor.py:183} INFO - Processing /home/airflow/.local/lib/python3.8/site-packages/airflow/example_dags/example_bash_operator.py took 0.225 seconds
[2025-11-16T23:18:31.586+0000] {processor.py:161} INFO - Started process (PID=1733) to work on /home/airflow/.local/lib/python3.8/site-packages/airflow/example_dags/example_bash_operator.py
[2025-11-16T23:18:31.587+0000] {processor.py:830} INFO - Processing file /home/airflow/.local/lib/python3.8/site-packages/airflow/example_dags/example_bash_operator.py for tasks to queue
[2025-11-16T23:18:31.589+0000] {logging_mixin.py:188} INFO - [2025-11-16T23:18:31.588+0000] {dagbag.py:538} INFO - Filling up the DagBag from /home/airflow/.local/lib/python3.8/site-packages/airflow/example_dags/example_bash_operator.py
[2025-11-16T23:18:31.612+0000] {processor.py:840} INFO - DAG(s) 'example_bash_operator' retrieved from /home/airflow/.local/lib/python3.8/site-packages/airflow/example_dags/example_bash_operator.py
[2025-11-16T23:18:31.665+0000] {logging_mixin.py:188} INFO - [2025-11-16T23:18:31.665+0000] {dag.py:3036} INFO - Sync 1 DAGs
[2025-11-16T23:18:31.703+0000] {logging_mixin.py:188} INFO - [2025-11-16T23:18:31.703+0000] {dag.py:3823} INFO - Setting next_dagrun for example_bash_operator to 2025-11-15 00:00:00+00:00, run_after=2025-11-16 00:00:00+00:00
[2025-11-16T23:18:32.247+0000] {processor.py:183} INFO - Processing /home/airflow/.local/lib/python3.8/site-packages/airflow/example_dags/example_bash_operator.py took 0.669 seconds
[2025-11-16T23:19:02.432+0000] {processor.py:161} INFO - Started process (PID=1807) to work on /home/airflow/.local/lib/python3.8/site-packages/airflow/example_dags/example_bash_operator.py
[2025-11-16T23:19:02.433+0000] {processor.py:830} INFO - Processing file /home/airflow/.local/lib/python3.8/site-packages/airflow/example_dags/example_bash_operator.py for tasks to queue
[2025-11-16T23:19:02.435+0000] {logging_mixin.py:188} INFO - [2025-11-16T23:19:02.434+0000] {dagbag.py:538} INFO - Filling up the DagBag from /home/airflow/.local/lib/python3.8/site-packages/airflow/example_dags/example_bash_operator.py
[2025-11-16T23:19:02.458+0000] {processor.py:840} INFO - DAG(s) 'example_bash_operator' retrieved from /home/airflow/.local/lib/python3.8/site-packages/airflow/example_dags/example_bash_operator.py
[2025-11-16T23:19:02.513+0000] {logging_mixin.py:188} INFO - [2025-11-16T23:19:02.512+0000] {dag.py:3036} INFO - Sync 1 DAGs
[2025-11-16T23:19:02.548+0000] {logging_mixin.py:188} INFO - [2025-11-16T23:19:02.547+0000] {dag.py:3823} INFO - Setting next_dagrun for example_bash_operator to 2025-11-15 00:00:00+00:00, run_after=2025-11-16 00:00:00+00:00
[2025-11-16T23:19:02.589+0000] {processor.py:183} INFO - Processing /home/airflow/.local/lib/python3.8/site-packages/airflow/example_dags/example_bash_operator.py took 0.163 seconds
