[2025-11-16T20:20:44.725+0000] {processor.py:161} INFO - Started process (PID=177) to work on /home/airflow/.local/lib/python3.8/site-packages/airflow/example_dags/example_sensor_decorator.py
[2025-11-16T20:20:44.726+0000] {processor.py:830} INFO - Processing file /home/airflow/.local/lib/python3.8/site-packages/airflow/example_dags/example_sensor_decorator.py for tasks to queue
[2025-11-16T20:20:44.727+0000] {logging_mixin.py:188} INFO - [2025-11-16T20:20:44.727+0000] {dagbag.py:538} INFO - Filling up the DagBag from /home/airflow/.local/lib/python3.8/site-packages/airflow/example_dags/example_sensor_decorator.py
[2025-11-16T20:20:44.781+0000] {processor.py:840} INFO - DAG(s) 'example_sensor_decorator' retrieved from /home/airflow/.local/lib/python3.8/site-packages/airflow/example_dags/example_sensor_decorator.py
[2025-11-16T20:20:46.267+0000] {logging_mixin.py:188} INFO - [2025-11-16T20:20:46.266+0000] {override.py:1769} INFO - Created Permission View: can edit on DAG:example_sensor_decorator
[2025-11-16T20:20:46.294+0000] {logging_mixin.py:188} INFO - [2025-11-16T20:20:46.293+0000] {override.py:1769} INFO - Created Permission View: can read on DAG:example_sensor_decorator
[2025-11-16T20:20:46.312+0000] {logging_mixin.py:188} INFO - [2025-11-16T20:20:46.311+0000] {override.py:1769} INFO - Created Permission View: can delete on DAG:example_sensor_decorator
[2025-11-16T20:20:46.313+0000] {logging_mixin.py:188} INFO - [2025-11-16T20:20:46.313+0000] {dag.py:3036} INFO - Sync 1 DAGs
[2025-11-16T20:20:46.355+0000] {logging_mixin.py:188} INFO - [2025-11-16T20:20:46.354+0000] {dag.py:3058} INFO - Creating ORM DAG for example_sensor_decorator
[2025-11-16T20:20:46.364+0000] {logging_mixin.py:188} INFO - [2025-11-16T20:20:46.363+0000] {dag.py:3823} INFO - Setting next_dagrun for example_sensor_decorator to None, run_after=None
[2025-11-16T20:20:47.317+0000] {processor.py:183} INFO - Processing /home/airflow/.local/lib/python3.8/site-packages/airflow/example_dags/example_sensor_decorator.py took 2.596 seconds
[2025-11-16T20:21:24.380+0000] {processor.py:161} INFO - Started process (PID=265) to work on /home/airflow/.local/lib/python3.8/site-packages/airflow/example_dags/example_sensor_decorator.py
[2025-11-16T20:21:24.381+0000] {processor.py:830} INFO - Processing file /home/airflow/.local/lib/python3.8/site-packages/airflow/example_dags/example_sensor_decorator.py for tasks to queue
[2025-11-16T20:21:24.383+0000] {logging_mixin.py:188} INFO - [2025-11-16T20:21:24.382+0000] {dagbag.py:538} INFO - Filling up the DagBag from /home/airflow/.local/lib/python3.8/site-packages/airflow/example_dags/example_sensor_decorator.py
[2025-11-16T20:21:24.499+0000] {processor.py:840} INFO - DAG(s) 'example_sensor_decorator' retrieved from /home/airflow/.local/lib/python3.8/site-packages/airflow/example_dags/example_sensor_decorator.py
[2025-11-16T20:21:24.562+0000] {logging_mixin.py:188} INFO - [2025-11-16T20:21:24.562+0000] {dag.py:3036} INFO - Sync 1 DAGs
[2025-11-16T20:21:24.616+0000] {logging_mixin.py:188} INFO - [2025-11-16T20:21:24.616+0000] {dag.py:3823} INFO - Setting next_dagrun for example_sensor_decorator to None, run_after=None
[2025-11-16T20:21:24.648+0000] {processor.py:183} INFO - Processing /home/airflow/.local/lib/python3.8/site-packages/airflow/example_dags/example_sensor_decorator.py took 0.270 seconds
[2025-11-16T20:21:56.047+0000] {processor.py:161} INFO - Started process (PID=345) to work on /home/airflow/.local/lib/python3.8/site-packages/airflow/example_dags/example_sensor_decorator.py
[2025-11-16T20:21:56.049+0000] {processor.py:830} INFO - Processing file /home/airflow/.local/lib/python3.8/site-packages/airflow/example_dags/example_sensor_decorator.py for tasks to queue
[2025-11-16T20:21:56.051+0000] {logging_mixin.py:188} INFO - [2025-11-16T20:21:56.050+0000] {dagbag.py:538} INFO - Filling up the DagBag from /home/airflow/.local/lib/python3.8/site-packages/airflow/example_dags/example_sensor_decorator.py
[2025-11-16T20:21:56.057+0000] {processor.py:840} INFO - DAG(s) 'example_sensor_decorator' retrieved from /home/airflow/.local/lib/python3.8/site-packages/airflow/example_dags/example_sensor_decorator.py
[2025-11-16T20:21:56.084+0000] {logging_mixin.py:188} INFO - [2025-11-16T20:21:56.084+0000] {dag.py:3036} INFO - Sync 1 DAGs
[2025-11-16T20:21:56.099+0000] {logging_mixin.py:188} INFO - [2025-11-16T20:21:56.099+0000] {dag.py:3823} INFO - Setting next_dagrun for example_sensor_decorator to None, run_after=None
[2025-11-16T20:21:56.124+0000] {processor.py:183} INFO - Processing /home/airflow/.local/lib/python3.8/site-packages/airflow/example_dags/example_sensor_decorator.py took 0.081 seconds
[2025-11-16T20:22:26.298+0000] {processor.py:161} INFO - Started process (PID=434) to work on /home/airflow/.local/lib/python3.8/site-packages/airflow/example_dags/example_sensor_decorator.py
[2025-11-16T20:22:26.300+0000] {processor.py:830} INFO - Processing file /home/airflow/.local/lib/python3.8/site-packages/airflow/example_dags/example_sensor_decorator.py for tasks to queue
[2025-11-16T20:22:26.314+0000] {logging_mixin.py:188} INFO - [2025-11-16T20:22:26.314+0000] {dagbag.py:538} INFO - Filling up the DagBag from /home/airflow/.local/lib/python3.8/site-packages/airflow/example_dags/example_sensor_decorator.py
[2025-11-16T20:22:26.333+0000] {processor.py:840} INFO - DAG(s) 'example_sensor_decorator' retrieved from /home/airflow/.local/lib/python3.8/site-packages/airflow/example_dags/example_sensor_decorator.py
[2025-11-16T20:22:26.470+0000] {logging_mixin.py:188} INFO - [2025-11-16T20:22:26.470+0000] {dag.py:3036} INFO - Sync 1 DAGs
[2025-11-16T20:22:26.552+0000] {logging_mixin.py:188} INFO - [2025-11-16T20:22:26.552+0000] {dag.py:3823} INFO - Setting next_dagrun for example_sensor_decorator to None, run_after=None
[2025-11-16T20:22:26.694+0000] {processor.py:183} INFO - Processing /home/airflow/.local/lib/python3.8/site-packages/airflow/example_dags/example_sensor_decorator.py took 0.401 seconds
[2025-11-16T20:22:57.226+0000] {processor.py:161} INFO - Started process (PID=515) to work on /home/airflow/.local/lib/python3.8/site-packages/airflow/example_dags/example_sensor_decorator.py
[2025-11-16T20:22:57.228+0000] {processor.py:830} INFO - Processing file /home/airflow/.local/lib/python3.8/site-packages/airflow/example_dags/example_sensor_decorator.py for tasks to queue
[2025-11-16T20:22:57.230+0000] {logging_mixin.py:188} INFO - [2025-11-16T20:22:57.230+0000] {dagbag.py:538} INFO - Filling up the DagBag from /home/airflow/.local/lib/python3.8/site-packages/airflow/example_dags/example_sensor_decorator.py
[2025-11-16T20:22:57.237+0000] {processor.py:840} INFO - DAG(s) 'example_sensor_decorator' retrieved from /home/airflow/.local/lib/python3.8/site-packages/airflow/example_dags/example_sensor_decorator.py
[2025-11-16T20:22:57.263+0000] {logging_mixin.py:188} INFO - [2025-11-16T20:22:57.263+0000] {dag.py:3036} INFO - Sync 1 DAGs
[2025-11-16T20:22:57.277+0000] {logging_mixin.py:188} INFO - [2025-11-16T20:22:57.277+0000] {dag.py:3823} INFO - Setting next_dagrun for example_sensor_decorator to None, run_after=None
[2025-11-16T20:22:57.307+0000] {processor.py:183} INFO - Processing /home/airflow/.local/lib/python3.8/site-packages/airflow/example_dags/example_sensor_decorator.py took 0.083 seconds
[2025-11-16T20:23:27.559+0000] {processor.py:161} INFO - Started process (PID=603) to work on /home/airflow/.local/lib/python3.8/site-packages/airflow/example_dags/example_sensor_decorator.py
[2025-11-16T20:23:27.560+0000] {processor.py:830} INFO - Processing file /home/airflow/.local/lib/python3.8/site-packages/airflow/example_dags/example_sensor_decorator.py for tasks to queue
[2025-11-16T20:23:27.561+0000] {logging_mixin.py:188} INFO - [2025-11-16T20:23:27.561+0000] {dagbag.py:538} INFO - Filling up the DagBag from /home/airflow/.local/lib/python3.8/site-packages/airflow/example_dags/example_sensor_decorator.py
[2025-11-16T20:23:27.568+0000] {processor.py:840} INFO - DAG(s) 'example_sensor_decorator' retrieved from /home/airflow/.local/lib/python3.8/site-packages/airflow/example_dags/example_sensor_decorator.py
[2025-11-16T20:23:27.591+0000] {logging_mixin.py:188} INFO - [2025-11-16T20:23:27.591+0000] {dag.py:3036} INFO - Sync 1 DAGs
[2025-11-16T20:23:27.602+0000] {logging_mixin.py:188} INFO - [2025-11-16T20:23:27.602+0000] {dag.py:3823} INFO - Setting next_dagrun for example_sensor_decorator to None, run_after=None
[2025-11-16T20:23:27.629+0000] {processor.py:183} INFO - Processing /home/airflow/.local/lib/python3.8/site-packages/airflow/example_dags/example_sensor_decorator.py took 0.073 seconds
[2025-11-16T20:23:57.723+0000] {processor.py:161} INFO - Started process (PID=684) to work on /home/airflow/.local/lib/python3.8/site-packages/airflow/example_dags/example_sensor_decorator.py
[2025-11-16T20:23:57.723+0000] {processor.py:830} INFO - Processing file /home/airflow/.local/lib/python3.8/site-packages/airflow/example_dags/example_sensor_decorator.py for tasks to queue
[2025-11-16T20:23:57.724+0000] {logging_mixin.py:188} INFO - [2025-11-16T20:23:57.724+0000] {dagbag.py:538} INFO - Filling up the DagBag from /home/airflow/.local/lib/python3.8/site-packages/airflow/example_dags/example_sensor_decorator.py
[2025-11-16T20:23:57.730+0000] {processor.py:840} INFO - DAG(s) 'example_sensor_decorator' retrieved from /home/airflow/.local/lib/python3.8/site-packages/airflow/example_dags/example_sensor_decorator.py
[2025-11-16T20:23:57.753+0000] {logging_mixin.py:188} INFO - [2025-11-16T20:23:57.752+0000] {dag.py:3036} INFO - Sync 1 DAGs
[2025-11-16T20:23:57.764+0000] {logging_mixin.py:188} INFO - [2025-11-16T20:23:57.764+0000] {dag.py:3823} INFO - Setting next_dagrun for example_sensor_decorator to None, run_after=None
[2025-11-16T20:23:57.791+0000] {processor.py:183} INFO - Processing /home/airflow/.local/lib/python3.8/site-packages/airflow/example_dags/example_sensor_decorator.py took 0.071 seconds
[2025-11-16T20:24:27.939+0000] {processor.py:161} INFO - Started process (PID=773) to work on /home/airflow/.local/lib/python3.8/site-packages/airflow/example_dags/example_sensor_decorator.py
[2025-11-16T20:24:27.940+0000] {processor.py:830} INFO - Processing file /home/airflow/.local/lib/python3.8/site-packages/airflow/example_dags/example_sensor_decorator.py for tasks to queue
[2025-11-16T20:24:27.942+0000] {logging_mixin.py:188} INFO - [2025-11-16T20:24:27.941+0000] {dagbag.py:538} INFO - Filling up the DagBag from /home/airflow/.local/lib/python3.8/site-packages/airflow/example_dags/example_sensor_decorator.py
[2025-11-16T20:24:27.950+0000] {processor.py:840} INFO - DAG(s) 'example_sensor_decorator' retrieved from /home/airflow/.local/lib/python3.8/site-packages/airflow/example_dags/example_sensor_decorator.py
[2025-11-16T20:24:27.982+0000] {logging_mixin.py:188} INFO - [2025-11-16T20:24:27.980+0000] {dag.py:3036} INFO - Sync 1 DAGs
[2025-11-16T20:24:27.997+0000] {logging_mixin.py:188} INFO - [2025-11-16T20:24:27.997+0000] {dag.py:3823} INFO - Setting next_dagrun for example_sensor_decorator to None, run_after=None
[2025-11-16T20:24:28.029+0000] {processor.py:183} INFO - Processing /home/airflow/.local/lib/python3.8/site-packages/airflow/example_dags/example_sensor_decorator.py took 0.096 seconds
[2025-11-16T20:24:58.179+0000] {processor.py:161} INFO - Started process (PID=861) to work on /home/airflow/.local/lib/python3.8/site-packages/airflow/example_dags/example_sensor_decorator.py
[2025-11-16T20:24:58.180+0000] {processor.py:830} INFO - Processing file /home/airflow/.local/lib/python3.8/site-packages/airflow/example_dags/example_sensor_decorator.py for tasks to queue
[2025-11-16T20:24:58.181+0000] {logging_mixin.py:188} INFO - [2025-11-16T20:24:58.181+0000] {dagbag.py:538} INFO - Filling up the DagBag from /home/airflow/.local/lib/python3.8/site-packages/airflow/example_dags/example_sensor_decorator.py
[2025-11-16T20:24:58.190+0000] {processor.py:840} INFO - DAG(s) 'example_sensor_decorator' retrieved from /home/airflow/.local/lib/python3.8/site-packages/airflow/example_dags/example_sensor_decorator.py
[2025-11-16T20:24:58.221+0000] {logging_mixin.py:188} INFO - [2025-11-16T20:24:58.219+0000] {dag.py:3036} INFO - Sync 1 DAGs
[2025-11-16T20:24:58.236+0000] {logging_mixin.py:188} INFO - [2025-11-16T20:24:58.236+0000] {dag.py:3823} INFO - Setting next_dagrun for example_sensor_decorator to None, run_after=None
[2025-11-16T20:24:58.266+0000] {processor.py:183} INFO - Processing /home/airflow/.local/lib/python3.8/site-packages/airflow/example_dags/example_sensor_decorator.py took 0.090 seconds
[2025-11-16T20:25:28.357+0000] {processor.py:161} INFO - Started process (PID=942) to work on /home/airflow/.local/lib/python3.8/site-packages/airflow/example_dags/example_sensor_decorator.py
[2025-11-16T20:25:28.358+0000] {processor.py:830} INFO - Processing file /home/airflow/.local/lib/python3.8/site-packages/airflow/example_dags/example_sensor_decorator.py for tasks to queue
[2025-11-16T20:25:28.359+0000] {logging_mixin.py:188} INFO - [2025-11-16T20:25:28.359+0000] {dagbag.py:538} INFO - Filling up the DagBag from /home/airflow/.local/lib/python3.8/site-packages/airflow/example_dags/example_sensor_decorator.py
[2025-11-16T20:25:28.369+0000] {processor.py:840} INFO - DAG(s) 'example_sensor_decorator' retrieved from /home/airflow/.local/lib/python3.8/site-packages/airflow/example_dags/example_sensor_decorator.py
[2025-11-16T20:25:28.402+0000] {logging_mixin.py:188} INFO - [2025-11-16T20:25:28.402+0000] {dag.py:3036} INFO - Sync 1 DAGs
[2025-11-16T20:25:28.423+0000] {logging_mixin.py:188} INFO - [2025-11-16T20:25:28.422+0000] {dag.py:3823} INFO - Setting next_dagrun for example_sensor_decorator to None, run_after=None
[2025-11-16T20:25:28.450+0000] {processor.py:183} INFO - Processing /home/airflow/.local/lib/python3.8/site-packages/airflow/example_dags/example_sensor_decorator.py took 0.100 seconds
[2025-11-16T20:25:59.302+0000] {processor.py:161} INFO - Started process (PID=1038) to work on /home/airflow/.local/lib/python3.8/site-packages/airflow/example_dags/example_sensor_decorator.py
[2025-11-16T20:25:59.303+0000] {processor.py:830} INFO - Processing file /home/airflow/.local/lib/python3.8/site-packages/airflow/example_dags/example_sensor_decorator.py for tasks to queue
[2025-11-16T20:25:59.305+0000] {logging_mixin.py:188} INFO - [2025-11-16T20:25:59.304+0000] {dagbag.py:538} INFO - Filling up the DagBag from /home/airflow/.local/lib/python3.8/site-packages/airflow/example_dags/example_sensor_decorator.py
[2025-11-16T20:25:59.313+0000] {processor.py:840} INFO - DAG(s) 'example_sensor_decorator' retrieved from /home/airflow/.local/lib/python3.8/site-packages/airflow/example_dags/example_sensor_decorator.py
[2025-11-16T20:25:59.346+0000] {logging_mixin.py:188} INFO - [2025-11-16T20:25:59.346+0000] {dag.py:3036} INFO - Sync 1 DAGs
[2025-11-16T20:25:59.363+0000] {logging_mixin.py:188} INFO - [2025-11-16T20:25:59.361+0000] {dag.py:3823} INFO - Setting next_dagrun for example_sensor_decorator to None, run_after=None
[2025-11-16T20:25:59.395+0000] {processor.py:183} INFO - Processing /home/airflow/.local/lib/python3.8/site-packages/airflow/example_dags/example_sensor_decorator.py took 0.095 seconds
[2025-11-16T20:26:29.723+0000] {processor.py:161} INFO - Started process (PID=1119) to work on /home/airflow/.local/lib/python3.8/site-packages/airflow/example_dags/example_sensor_decorator.py
[2025-11-16T20:26:29.724+0000] {processor.py:830} INFO - Processing file /home/airflow/.local/lib/python3.8/site-packages/airflow/example_dags/example_sensor_decorator.py for tasks to queue
[2025-11-16T20:26:29.725+0000] {logging_mixin.py:188} INFO - [2025-11-16T20:26:29.725+0000] {dagbag.py:538} INFO - Filling up the DagBag from /home/airflow/.local/lib/python3.8/site-packages/airflow/example_dags/example_sensor_decorator.py
[2025-11-16T20:26:29.739+0000] {processor.py:840} INFO - DAG(s) 'example_sensor_decorator' retrieved from /home/airflow/.local/lib/python3.8/site-packages/airflow/example_dags/example_sensor_decorator.py
[2025-11-16T20:26:29.766+0000] {logging_mixin.py:188} INFO - [2025-11-16T20:26:29.765+0000] {dag.py:3036} INFO - Sync 1 DAGs
[2025-11-16T20:26:29.778+0000] {logging_mixin.py:188} INFO - [2025-11-16T20:26:29.777+0000] {dag.py:3823} INFO - Setting next_dagrun for example_sensor_decorator to None, run_after=None
[2025-11-16T20:26:29.799+0000] {processor.py:183} INFO - Processing /home/airflow/.local/lib/python3.8/site-packages/airflow/example_dags/example_sensor_decorator.py took 0.081 seconds
[2025-11-16T20:27:00.229+0000] {processor.py:161} INFO - Started process (PID=1215) to work on /home/airflow/.local/lib/python3.8/site-packages/airflow/example_dags/example_sensor_decorator.py
[2025-11-16T20:27:00.230+0000] {processor.py:830} INFO - Processing file /home/airflow/.local/lib/python3.8/site-packages/airflow/example_dags/example_sensor_decorator.py for tasks to queue
[2025-11-16T20:27:00.232+0000] {logging_mixin.py:188} INFO - [2025-11-16T20:27:00.231+0000] {dagbag.py:538} INFO - Filling up the DagBag from /home/airflow/.local/lib/python3.8/site-packages/airflow/example_dags/example_sensor_decorator.py
[2025-11-16T20:27:00.238+0000] {processor.py:840} INFO - DAG(s) 'example_sensor_decorator' retrieved from /home/airflow/.local/lib/python3.8/site-packages/airflow/example_dags/example_sensor_decorator.py
[2025-11-16T20:27:00.262+0000] {logging_mixin.py:188} INFO - [2025-11-16T20:27:00.262+0000] {dag.py:3036} INFO - Sync 1 DAGs
[2025-11-16T20:27:00.279+0000] {logging_mixin.py:188} INFO - [2025-11-16T20:27:00.279+0000] {dag.py:3823} INFO - Setting next_dagrun for example_sensor_decorator to None, run_after=None
[2025-11-16T20:27:00.302+0000] {processor.py:183} INFO - Processing /home/airflow/.local/lib/python3.8/site-packages/airflow/example_dags/example_sensor_decorator.py took 0.076 seconds
[2025-11-16T20:27:30.863+0000] {processor.py:161} INFO - Started process (PID=1297) to work on /home/airflow/.local/lib/python3.8/site-packages/airflow/example_dags/example_sensor_decorator.py
[2025-11-16T20:27:30.864+0000] {processor.py:830} INFO - Processing file /home/airflow/.local/lib/python3.8/site-packages/airflow/example_dags/example_sensor_decorator.py for tasks to queue
[2025-11-16T20:27:30.865+0000] {logging_mixin.py:188} INFO - [2025-11-16T20:27:30.865+0000] {dagbag.py:538} INFO - Filling up the DagBag from /home/airflow/.local/lib/python3.8/site-packages/airflow/example_dags/example_sensor_decorator.py
[2025-11-16T20:27:30.872+0000] {processor.py:840} INFO - DAG(s) 'example_sensor_decorator' retrieved from /home/airflow/.local/lib/python3.8/site-packages/airflow/example_dags/example_sensor_decorator.py
[2025-11-16T20:27:30.902+0000] {logging_mixin.py:188} INFO - [2025-11-16T20:27:30.902+0000] {dag.py:3036} INFO - Sync 1 DAGs
[2025-11-16T20:27:30.918+0000] {logging_mixin.py:188} INFO - [2025-11-16T20:27:30.917+0000] {dag.py:3823} INFO - Setting next_dagrun for example_sensor_decorator to None, run_after=None
[2025-11-16T20:27:30.945+0000] {processor.py:183} INFO - Processing /home/airflow/.local/lib/python3.8/site-packages/airflow/example_dags/example_sensor_decorator.py took 0.086 seconds
[2025-11-16T20:28:01.015+0000] {processor.py:161} INFO - Started process (PID=1385) to work on /home/airflow/.local/lib/python3.8/site-packages/airflow/example_dags/example_sensor_decorator.py
[2025-11-16T20:28:01.016+0000] {processor.py:830} INFO - Processing file /home/airflow/.local/lib/python3.8/site-packages/airflow/example_dags/example_sensor_decorator.py for tasks to queue
[2025-11-16T20:28:01.017+0000] {logging_mixin.py:188} INFO - [2025-11-16T20:28:01.017+0000] {dagbag.py:538} INFO - Filling up the DagBag from /home/airflow/.local/lib/python3.8/site-packages/airflow/example_dags/example_sensor_decorator.py
[2025-11-16T20:28:01.024+0000] {processor.py:840} INFO - DAG(s) 'example_sensor_decorator' retrieved from /home/airflow/.local/lib/python3.8/site-packages/airflow/example_dags/example_sensor_decorator.py
[2025-11-16T20:28:01.053+0000] {logging_mixin.py:188} INFO - [2025-11-16T20:28:01.053+0000] {dag.py:3036} INFO - Sync 1 DAGs
[2025-11-16T20:28:01.070+0000] {logging_mixin.py:188} INFO - [2025-11-16T20:28:01.070+0000] {dag.py:3823} INFO - Setting next_dagrun for example_sensor_decorator to None, run_after=None
[2025-11-16T20:28:01.096+0000] {processor.py:183} INFO - Processing /home/airflow/.local/lib/python3.8/site-packages/airflow/example_dags/example_sensor_decorator.py took 0.083 seconds
[2025-11-16T20:28:31.464+0000] {processor.py:161} INFO - Started process (PID=1474) to work on /home/airflow/.local/lib/python3.8/site-packages/airflow/example_dags/example_sensor_decorator.py
[2025-11-16T20:28:31.465+0000] {processor.py:830} INFO - Processing file /home/airflow/.local/lib/python3.8/site-packages/airflow/example_dags/example_sensor_decorator.py for tasks to queue
[2025-11-16T20:28:31.466+0000] {logging_mixin.py:188} INFO - [2025-11-16T20:28:31.466+0000] {dagbag.py:538} INFO - Filling up the DagBag from /home/airflow/.local/lib/python3.8/site-packages/airflow/example_dags/example_sensor_decorator.py
[2025-11-16T20:28:31.471+0000] {processor.py:840} INFO - DAG(s) 'example_sensor_decorator' retrieved from /home/airflow/.local/lib/python3.8/site-packages/airflow/example_dags/example_sensor_decorator.py
[2025-11-16T20:28:31.495+0000] {logging_mixin.py:188} INFO - [2025-11-16T20:28:31.494+0000] {dag.py:3036} INFO - Sync 1 DAGs
[2025-11-16T20:28:31.506+0000] {logging_mixin.py:188} INFO - [2025-11-16T20:28:31.506+0000] {dag.py:3823} INFO - Setting next_dagrun for example_sensor_decorator to None, run_after=None
[2025-11-16T20:28:31.530+0000] {processor.py:183} INFO - Processing /home/airflow/.local/lib/python3.8/site-packages/airflow/example_dags/example_sensor_decorator.py took 0.069 seconds
[2025-11-16T20:29:01.764+0000] {processor.py:161} INFO - Started process (PID=1563) to work on /home/airflow/.local/lib/python3.8/site-packages/airflow/example_dags/example_sensor_decorator.py
[2025-11-16T20:29:01.765+0000] {processor.py:830} INFO - Processing file /home/airflow/.local/lib/python3.8/site-packages/airflow/example_dags/example_sensor_decorator.py for tasks to queue
[2025-11-16T20:29:01.767+0000] {logging_mixin.py:188} INFO - [2025-11-16T20:29:01.766+0000] {dagbag.py:538} INFO - Filling up the DagBag from /home/airflow/.local/lib/python3.8/site-packages/airflow/example_dags/example_sensor_decorator.py
[2025-11-16T20:29:01.773+0000] {processor.py:840} INFO - DAG(s) 'example_sensor_decorator' retrieved from /home/airflow/.local/lib/python3.8/site-packages/airflow/example_dags/example_sensor_decorator.py
[2025-11-16T20:29:01.799+0000] {logging_mixin.py:188} INFO - [2025-11-16T20:29:01.799+0000] {dag.py:3036} INFO - Sync 1 DAGs
[2025-11-16T20:29:01.812+0000] {logging_mixin.py:188} INFO - [2025-11-16T20:29:01.812+0000] {dag.py:3823} INFO - Setting next_dagrun for example_sensor_decorator to None, run_after=None
[2025-11-16T20:29:01.836+0000] {processor.py:183} INFO - Processing /home/airflow/.local/lib/python3.8/site-packages/airflow/example_dags/example_sensor_decorator.py took 0.075 seconds
[2025-11-16T20:29:31.936+0000] {processor.py:161} INFO - Started process (PID=1650) to work on /home/airflow/.local/lib/python3.8/site-packages/airflow/example_dags/example_sensor_decorator.py
[2025-11-16T20:29:31.940+0000] {processor.py:830} INFO - Processing file /home/airflow/.local/lib/python3.8/site-packages/airflow/example_dags/example_sensor_decorator.py for tasks to queue
[2025-11-16T20:29:31.942+0000] {logging_mixin.py:188} INFO - [2025-11-16T20:29:31.942+0000] {dagbag.py:538} INFO - Filling up the DagBag from /home/airflow/.local/lib/python3.8/site-packages/airflow/example_dags/example_sensor_decorator.py
[2025-11-16T20:29:31.952+0000] {processor.py:840} INFO - DAG(s) 'example_sensor_decorator' retrieved from /home/airflow/.local/lib/python3.8/site-packages/airflow/example_dags/example_sensor_decorator.py
[2025-11-16T20:29:31.989+0000] {logging_mixin.py:188} INFO - [2025-11-16T20:29:31.989+0000] {dag.py:3036} INFO - Sync 1 DAGs
[2025-11-16T20:29:32.009+0000] {logging_mixin.py:188} INFO - [2025-11-16T20:29:32.009+0000] {dag.py:3823} INFO - Setting next_dagrun for example_sensor_decorator to None, run_after=None
[2025-11-16T20:29:32.042+0000] {processor.py:183} INFO - Processing /home/airflow/.local/lib/python3.8/site-packages/airflow/example_dags/example_sensor_decorator.py took 0.110 seconds
[2025-11-16T20:30:03.712+0000] {processor.py:161} INFO - Started process (PID=1717) to work on /home/airflow/.local/lib/python3.8/site-packages/airflow/example_dags/example_sensor_decorator.py
[2025-11-16T20:30:03.714+0000] {processor.py:830} INFO - Processing file /home/airflow/.local/lib/python3.8/site-packages/airflow/example_dags/example_sensor_decorator.py for tasks to queue
[2025-11-16T20:30:03.720+0000] {logging_mixin.py:188} INFO - [2025-11-16T20:30:03.719+0000] {dagbag.py:538} INFO - Filling up the DagBag from /home/airflow/.local/lib/python3.8/site-packages/airflow/example_dags/example_sensor_decorator.py
[2025-11-16T20:30:03.735+0000] {processor.py:840} INFO - DAG(s) 'example_sensor_decorator' retrieved from /home/airflow/.local/lib/python3.8/site-packages/airflow/example_dags/example_sensor_decorator.py
[2025-11-16T20:30:03.785+0000] {logging_mixin.py:188} INFO - [2025-11-16T20:30:03.785+0000] {dag.py:3036} INFO - Sync 1 DAGs
[2025-11-16T20:30:03.811+0000] {logging_mixin.py:188} INFO - [2025-11-16T20:30:03.811+0000] {dag.py:3823} INFO - Setting next_dagrun for example_sensor_decorator to None, run_after=None
[2025-11-16T20:30:03.861+0000] {processor.py:183} INFO - Processing /home/airflow/.local/lib/python3.8/site-packages/airflow/example_dags/example_sensor_decorator.py took 0.158 seconds
[2025-11-16T20:30:38.758+0000] {processor.py:161} INFO - Started process (PID=1809) to work on /home/airflow/.local/lib/python3.8/site-packages/airflow/example_dags/example_sensor_decorator.py
[2025-11-16T20:30:38.760+0000] {processor.py:830} INFO - Processing file /home/airflow/.local/lib/python3.8/site-packages/airflow/example_dags/example_sensor_decorator.py for tasks to queue
[2025-11-16T20:30:38.763+0000] {logging_mixin.py:188} INFO - [2025-11-16T20:30:38.763+0000] {dagbag.py:538} INFO - Filling up the DagBag from /home/airflow/.local/lib/python3.8/site-packages/airflow/example_dags/example_sensor_decorator.py
[2025-11-16T20:30:38.775+0000] {processor.py:840} INFO - DAG(s) 'example_sensor_decorator' retrieved from /home/airflow/.local/lib/python3.8/site-packages/airflow/example_dags/example_sensor_decorator.py
[2025-11-16T20:30:38.820+0000] {logging_mixin.py:188} INFO - [2025-11-16T20:30:38.819+0000] {dag.py:3036} INFO - Sync 1 DAGs
[2025-11-16T20:30:38.848+0000] {logging_mixin.py:188} INFO - [2025-11-16T20:30:38.847+0000] {dag.py:3823} INFO - Setting next_dagrun for example_sensor_decorator to None, run_after=None
[2025-11-16T20:30:38.908+0000] {processor.py:183} INFO - Processing /home/airflow/.local/lib/python3.8/site-packages/airflow/example_dags/example_sensor_decorator.py took 0.154 seconds
[2025-11-16T20:31:09.263+0000] {processor.py:161} INFO - Started process (PID=1885) to work on /home/airflow/.local/lib/python3.8/site-packages/airflow/example_dags/example_sensor_decorator.py
[2025-11-16T20:31:09.264+0000] {processor.py:830} INFO - Processing file /home/airflow/.local/lib/python3.8/site-packages/airflow/example_dags/example_sensor_decorator.py for tasks to queue
[2025-11-16T20:31:09.265+0000] {logging_mixin.py:188} INFO - [2025-11-16T20:31:09.265+0000] {dagbag.py:538} INFO - Filling up the DagBag from /home/airflow/.local/lib/python3.8/site-packages/airflow/example_dags/example_sensor_decorator.py
[2025-11-16T20:31:09.274+0000] {processor.py:840} INFO - DAG(s) 'example_sensor_decorator' retrieved from /home/airflow/.local/lib/python3.8/site-packages/airflow/example_dags/example_sensor_decorator.py
[2025-11-16T20:31:09.310+0000] {logging_mixin.py:188} INFO - [2025-11-16T20:31:09.309+0000] {dag.py:3036} INFO - Sync 1 DAGs
[2025-11-16T20:31:09.328+0000] {logging_mixin.py:188} INFO - [2025-11-16T20:31:09.328+0000] {dag.py:3823} INFO - Setting next_dagrun for example_sensor_decorator to None, run_after=None
[2025-11-16T20:31:09.356+0000] {processor.py:183} INFO - Processing /home/airflow/.local/lib/python3.8/site-packages/airflow/example_dags/example_sensor_decorator.py took 0.099 seconds
[2025-11-16T20:31:40.424+0000] {processor.py:161} INFO - Started process (PID=1975) to work on /home/airflow/.local/lib/python3.8/site-packages/airflow/example_dags/example_sensor_decorator.py
[2025-11-16T20:31:40.426+0000] {processor.py:830} INFO - Processing file /home/airflow/.local/lib/python3.8/site-packages/airflow/example_dags/example_sensor_decorator.py for tasks to queue
[2025-11-16T20:31:40.430+0000] {logging_mixin.py:188} INFO - [2025-11-16T20:31:40.429+0000] {dagbag.py:538} INFO - Filling up the DagBag from /home/airflow/.local/lib/python3.8/site-packages/airflow/example_dags/example_sensor_decorator.py
[2025-11-16T20:31:40.441+0000] {processor.py:840} INFO - DAG(s) 'example_sensor_decorator' retrieved from /home/airflow/.local/lib/python3.8/site-packages/airflow/example_dags/example_sensor_decorator.py
[2025-11-16T20:31:40.480+0000] {logging_mixin.py:188} INFO - [2025-11-16T20:31:40.480+0000] {dag.py:3036} INFO - Sync 1 DAGs
[2025-11-16T20:31:40.510+0000] {logging_mixin.py:188} INFO - [2025-11-16T20:31:40.510+0000] {dag.py:3823} INFO - Setting next_dagrun for example_sensor_decorator to None, run_after=None
[2025-11-16T20:31:40.562+0000] {processor.py:183} INFO - Processing /home/airflow/.local/lib/python3.8/site-packages/airflow/example_dags/example_sensor_decorator.py took 0.140 seconds
[2025-11-16T20:32:10.990+0000] {processor.py:161} INFO - Started process (PID=2063) to work on /home/airflow/.local/lib/python3.8/site-packages/airflow/example_dags/example_sensor_decorator.py
[2025-11-16T20:32:10.991+0000] {processor.py:830} INFO - Processing file /home/airflow/.local/lib/python3.8/site-packages/airflow/example_dags/example_sensor_decorator.py for tasks to queue
[2025-11-16T20:32:10.995+0000] {logging_mixin.py:188} INFO - [2025-11-16T20:32:10.993+0000] {dagbag.py:538} INFO - Filling up the DagBag from /home/airflow/.local/lib/python3.8/site-packages/airflow/example_dags/example_sensor_decorator.py
[2025-11-16T20:32:11.002+0000] {processor.py:840} INFO - DAG(s) 'example_sensor_decorator' retrieved from /home/airflow/.local/lib/python3.8/site-packages/airflow/example_dags/example_sensor_decorator.py
[2025-11-16T20:32:11.045+0000] {logging_mixin.py:188} INFO - [2025-11-16T20:32:11.045+0000] {dag.py:3036} INFO - Sync 1 DAGs
[2025-11-16T20:32:11.067+0000] {logging_mixin.py:188} INFO - [2025-11-16T20:32:11.067+0000] {dag.py:3823} INFO - Setting next_dagrun for example_sensor_decorator to None, run_after=None
[2025-11-16T20:32:11.113+0000] {processor.py:183} INFO - Processing /home/airflow/.local/lib/python3.8/site-packages/airflow/example_dags/example_sensor_decorator.py took 0.127 seconds
[2025-11-16T20:32:48.694+0000] {processor.py:161} INFO - Started process (PID=2129) to work on /home/airflow/.local/lib/python3.8/site-packages/airflow/example_dags/example_sensor_decorator.py
[2025-11-16T20:32:48.695+0000] {processor.py:830} INFO - Processing file /home/airflow/.local/lib/python3.8/site-packages/airflow/example_dags/example_sensor_decorator.py for tasks to queue
[2025-11-16T20:32:48.698+0000] {logging_mixin.py:188} INFO - [2025-11-16T20:32:48.696+0000] {dagbag.py:538} INFO - Filling up the DagBag from /home/airflow/.local/lib/python3.8/site-packages/airflow/example_dags/example_sensor_decorator.py
[2025-11-16T20:32:48.708+0000] {processor.py:840} INFO - DAG(s) 'example_sensor_decorator' retrieved from /home/airflow/.local/lib/python3.8/site-packages/airflow/example_dags/example_sensor_decorator.py
[2025-11-16T20:32:48.751+0000] {logging_mixin.py:188} INFO - [2025-11-16T20:32:48.750+0000] {dag.py:3036} INFO - Sync 1 DAGs
[2025-11-16T20:32:48.778+0000] {logging_mixin.py:188} INFO - [2025-11-16T20:32:48.778+0000] {dag.py:3823} INFO - Setting next_dagrun for example_sensor_decorator to None, run_after=None
[2025-11-16T20:32:48.815+0000] {processor.py:183} INFO - Processing /home/airflow/.local/lib/python3.8/site-packages/airflow/example_dags/example_sensor_decorator.py took 0.126 seconds
[2025-11-16T20:33:18.974+0000] {processor.py:161} INFO - Started process (PID=2212) to work on /home/airflow/.local/lib/python3.8/site-packages/airflow/example_dags/example_sensor_decorator.py
[2025-11-16T20:33:18.975+0000] {processor.py:830} INFO - Processing file /home/airflow/.local/lib/python3.8/site-packages/airflow/example_dags/example_sensor_decorator.py for tasks to queue
[2025-11-16T20:33:18.976+0000] {logging_mixin.py:188} INFO - [2025-11-16T20:33:18.976+0000] {dagbag.py:538} INFO - Filling up the DagBag from /home/airflow/.local/lib/python3.8/site-packages/airflow/example_dags/example_sensor_decorator.py
[2025-11-16T20:33:18.983+0000] {processor.py:840} INFO - DAG(s) 'example_sensor_decorator' retrieved from /home/airflow/.local/lib/python3.8/site-packages/airflow/example_dags/example_sensor_decorator.py
[2025-11-16T20:33:19.010+0000] {logging_mixin.py:188} INFO - [2025-11-16T20:33:19.010+0000] {dag.py:3036} INFO - Sync 1 DAGs
[2025-11-16T20:33:19.025+0000] {logging_mixin.py:188} INFO - [2025-11-16T20:33:19.024+0000] {dag.py:3823} INFO - Setting next_dagrun for example_sensor_decorator to None, run_after=None
[2025-11-16T20:33:19.050+0000] {processor.py:183} INFO - Processing /home/airflow/.local/lib/python3.8/site-packages/airflow/example_dags/example_sensor_decorator.py took 0.079 seconds
[2025-11-16T20:33:49.697+0000] {processor.py:161} INFO - Started process (PID=2308) to work on /home/airflow/.local/lib/python3.8/site-packages/airflow/example_dags/example_sensor_decorator.py
[2025-11-16T20:33:49.698+0000] {processor.py:830} INFO - Processing file /home/airflow/.local/lib/python3.8/site-packages/airflow/example_dags/example_sensor_decorator.py for tasks to queue
[2025-11-16T20:33:49.699+0000] {logging_mixin.py:188} INFO - [2025-11-16T20:33:49.699+0000] {dagbag.py:538} INFO - Filling up the DagBag from /home/airflow/.local/lib/python3.8/site-packages/airflow/example_dags/example_sensor_decorator.py
[2025-11-16T20:33:49.706+0000] {processor.py:840} INFO - DAG(s) 'example_sensor_decorator' retrieved from /home/airflow/.local/lib/python3.8/site-packages/airflow/example_dags/example_sensor_decorator.py
[2025-11-16T20:33:49.736+0000] {logging_mixin.py:188} INFO - [2025-11-16T20:33:49.736+0000] {dag.py:3036} INFO - Sync 1 DAGs
[2025-11-16T20:33:49.751+0000] {logging_mixin.py:188} INFO - [2025-11-16T20:33:49.750+0000] {dag.py:3823} INFO - Setting next_dagrun for example_sensor_decorator to None, run_after=None
[2025-11-16T20:33:49.774+0000] {processor.py:183} INFO - Processing /home/airflow/.local/lib/python3.8/site-packages/airflow/example_dags/example_sensor_decorator.py took 0.081 seconds
[2025-11-16T20:34:20.815+0000] {processor.py:161} INFO - Started process (PID=2390) to work on /home/airflow/.local/lib/python3.8/site-packages/airflow/example_dags/example_sensor_decorator.py
[2025-11-16T20:34:20.816+0000] {processor.py:830} INFO - Processing file /home/airflow/.local/lib/python3.8/site-packages/airflow/example_dags/example_sensor_decorator.py for tasks to queue
[2025-11-16T20:34:20.817+0000] {logging_mixin.py:188} INFO - [2025-11-16T20:34:20.817+0000] {dagbag.py:538} INFO - Filling up the DagBag from /home/airflow/.local/lib/python3.8/site-packages/airflow/example_dags/example_sensor_decorator.py
[2025-11-16T20:34:20.823+0000] {processor.py:840} INFO - DAG(s) 'example_sensor_decorator' retrieved from /home/airflow/.local/lib/python3.8/site-packages/airflow/example_dags/example_sensor_decorator.py
[2025-11-16T20:34:20.846+0000] {logging_mixin.py:188} INFO - [2025-11-16T20:34:20.846+0000] {dag.py:3036} INFO - Sync 1 DAGs
[2025-11-16T20:34:20.858+0000] {logging_mixin.py:188} INFO - [2025-11-16T20:34:20.857+0000] {dag.py:3823} INFO - Setting next_dagrun for example_sensor_decorator to None, run_after=None
[2025-11-16T20:34:20.880+0000] {processor.py:183} INFO - Processing /home/airflow/.local/lib/python3.8/site-packages/airflow/example_dags/example_sensor_decorator.py took 0.068 seconds
[2025-11-16T20:34:51.418+0000] {processor.py:161} INFO - Started process (PID=2478) to work on /home/airflow/.local/lib/python3.8/site-packages/airflow/example_dags/example_sensor_decorator.py
[2025-11-16T20:34:51.419+0000] {processor.py:830} INFO - Processing file /home/airflow/.local/lib/python3.8/site-packages/airflow/example_dags/example_sensor_decorator.py for tasks to queue
[2025-11-16T20:34:51.420+0000] {logging_mixin.py:188} INFO - [2025-11-16T20:34:51.420+0000] {dagbag.py:538} INFO - Filling up the DagBag from /home/airflow/.local/lib/python3.8/site-packages/airflow/example_dags/example_sensor_decorator.py
[2025-11-16T20:34:51.427+0000] {processor.py:840} INFO - DAG(s) 'example_sensor_decorator' retrieved from /home/airflow/.local/lib/python3.8/site-packages/airflow/example_dags/example_sensor_decorator.py
[2025-11-16T20:34:51.457+0000] {logging_mixin.py:188} INFO - [2025-11-16T20:34:51.457+0000] {dag.py:3036} INFO - Sync 1 DAGs
[2025-11-16T20:34:51.471+0000] {logging_mixin.py:188} INFO - [2025-11-16T20:34:51.471+0000] {dag.py:3823} INFO - Setting next_dagrun for example_sensor_decorator to None, run_after=None
[2025-11-16T20:34:51.495+0000] {processor.py:183} INFO - Processing /home/airflow/.local/lib/python3.8/site-packages/airflow/example_dags/example_sensor_decorator.py took 0.080 seconds
[2025-11-16T20:35:22.658+0000] {processor.py:161} INFO - Started process (PID=2567) to work on /home/airflow/.local/lib/python3.8/site-packages/airflow/example_dags/example_sensor_decorator.py
[2025-11-16T20:35:22.660+0000] {processor.py:830} INFO - Processing file /home/airflow/.local/lib/python3.8/site-packages/airflow/example_dags/example_sensor_decorator.py for tasks to queue
[2025-11-16T20:35:22.661+0000] {logging_mixin.py:188} INFO - [2025-11-16T20:35:22.661+0000] {dagbag.py:538} INFO - Filling up the DagBag from /home/airflow/.local/lib/python3.8/site-packages/airflow/example_dags/example_sensor_decorator.py
[2025-11-16T20:35:22.677+0000] {processor.py:840} INFO - DAG(s) 'example_sensor_decorator' retrieved from /home/airflow/.local/lib/python3.8/site-packages/airflow/example_dags/example_sensor_decorator.py
[2025-11-16T20:35:22.719+0000] {logging_mixin.py:188} INFO - [2025-11-16T20:35:22.719+0000] {dag.py:3036} INFO - Sync 1 DAGs
[2025-11-16T20:35:22.736+0000] {logging_mixin.py:188} INFO - [2025-11-16T20:35:22.736+0000] {dag.py:3823} INFO - Setting next_dagrun for example_sensor_decorator to None, run_after=None
[2025-11-16T20:35:22.761+0000] {processor.py:183} INFO - Processing /home/airflow/.local/lib/python3.8/site-packages/airflow/example_dags/example_sensor_decorator.py took 0.110 seconds
[2025-11-16T20:35:53.611+0000] {processor.py:161} INFO - Started process (PID=2648) to work on /home/airflow/.local/lib/python3.8/site-packages/airflow/example_dags/example_sensor_decorator.py
[2025-11-16T20:35:53.611+0000] {processor.py:830} INFO - Processing file /home/airflow/.local/lib/python3.8/site-packages/airflow/example_dags/example_sensor_decorator.py for tasks to queue
[2025-11-16T20:35:53.613+0000] {logging_mixin.py:188} INFO - [2025-11-16T20:35:53.612+0000] {dagbag.py:538} INFO - Filling up the DagBag from /home/airflow/.local/lib/python3.8/site-packages/airflow/example_dags/example_sensor_decorator.py
[2025-11-16T20:35:53.620+0000] {processor.py:840} INFO - DAG(s) 'example_sensor_decorator' retrieved from /home/airflow/.local/lib/python3.8/site-packages/airflow/example_dags/example_sensor_decorator.py
[2025-11-16T20:35:53.645+0000] {logging_mixin.py:188} INFO - [2025-11-16T20:35:53.645+0000] {dag.py:3036} INFO - Sync 1 DAGs
[2025-11-16T20:35:53.658+0000] {logging_mixin.py:188} INFO - [2025-11-16T20:35:53.657+0000] {dag.py:3823} INFO - Setting next_dagrun for example_sensor_decorator to None, run_after=None
[2025-11-16T20:35:53.681+0000] {processor.py:183} INFO - Processing /home/airflow/.local/lib/python3.8/site-packages/airflow/example_dags/example_sensor_decorator.py took 0.074 seconds
[2025-11-16T20:36:24.130+0000] {processor.py:161} INFO - Started process (PID=2731) to work on /home/airflow/.local/lib/python3.8/site-packages/airflow/example_dags/example_sensor_decorator.py
[2025-11-16T20:36:24.131+0000] {processor.py:830} INFO - Processing file /home/airflow/.local/lib/python3.8/site-packages/airflow/example_dags/example_sensor_decorator.py for tasks to queue
[2025-11-16T20:36:24.132+0000] {logging_mixin.py:188} INFO - [2025-11-16T20:36:24.132+0000] {dagbag.py:538} INFO - Filling up the DagBag from /home/airflow/.local/lib/python3.8/site-packages/airflow/example_dags/example_sensor_decorator.py
[2025-11-16T20:36:24.143+0000] {processor.py:840} INFO - DAG(s) 'example_sensor_decorator' retrieved from /home/airflow/.local/lib/python3.8/site-packages/airflow/example_dags/example_sensor_decorator.py
[2025-11-16T20:36:24.175+0000] {logging_mixin.py:188} INFO - [2025-11-16T20:36:24.175+0000] {dag.py:3036} INFO - Sync 1 DAGs
[2025-11-16T20:36:24.199+0000] {logging_mixin.py:188} INFO - [2025-11-16T20:36:24.199+0000] {dag.py:3823} INFO - Setting next_dagrun for example_sensor_decorator to None, run_after=None
[2025-11-16T20:36:24.230+0000] {processor.py:183} INFO - Processing /home/airflow/.local/lib/python3.8/site-packages/airflow/example_dags/example_sensor_decorator.py took 0.104 seconds
[2025-11-16T20:36:55.499+0000] {processor.py:161} INFO - Started process (PID=2813) to work on /home/airflow/.local/lib/python3.8/site-packages/airflow/example_dags/example_sensor_decorator.py
[2025-11-16T20:36:55.500+0000] {processor.py:830} INFO - Processing file /home/airflow/.local/lib/python3.8/site-packages/airflow/example_dags/example_sensor_decorator.py for tasks to queue
[2025-11-16T20:36:55.505+0000] {logging_mixin.py:188} INFO - [2025-11-16T20:36:55.504+0000] {dagbag.py:538} INFO - Filling up the DagBag from /home/airflow/.local/lib/python3.8/site-packages/airflow/example_dags/example_sensor_decorator.py
[2025-11-16T20:36:55.518+0000] {processor.py:840} INFO - DAG(s) 'example_sensor_decorator' retrieved from /home/airflow/.local/lib/python3.8/site-packages/airflow/example_dags/example_sensor_decorator.py
[2025-11-16T20:36:55.561+0000] {logging_mixin.py:188} INFO - [2025-11-16T20:36:55.560+0000] {dag.py:3036} INFO - Sync 1 DAGs
[2025-11-16T20:36:55.579+0000] {logging_mixin.py:188} INFO - [2025-11-16T20:36:55.578+0000] {dag.py:3823} INFO - Setting next_dagrun for example_sensor_decorator to None, run_after=None
[2025-11-16T20:36:55.608+0000] {processor.py:183} INFO - Processing /home/airflow/.local/lib/python3.8/site-packages/airflow/example_dags/example_sensor_decorator.py took 0.113 seconds
[2025-11-16T20:37:32.442+0000] {processor.py:161} INFO - Started process (PID=2886) to work on /home/airflow/.local/lib/python3.8/site-packages/airflow/example_dags/example_sensor_decorator.py
[2025-11-16T20:37:32.443+0000] {processor.py:830} INFO - Processing file /home/airflow/.local/lib/python3.8/site-packages/airflow/example_dags/example_sensor_decorator.py for tasks to queue
[2025-11-16T20:37:32.446+0000] {logging_mixin.py:188} INFO - [2025-11-16T20:37:32.444+0000] {dagbag.py:538} INFO - Filling up the DagBag from /home/airflow/.local/lib/python3.8/site-packages/airflow/example_dags/example_sensor_decorator.py
[2025-11-16T20:37:32.460+0000] {processor.py:840} INFO - DAG(s) 'example_sensor_decorator' retrieved from /home/airflow/.local/lib/python3.8/site-packages/airflow/example_dags/example_sensor_decorator.py
[2025-11-16T20:37:32.507+0000] {logging_mixin.py:188} INFO - [2025-11-16T20:37:32.506+0000] {dag.py:3036} INFO - Sync 1 DAGs
[2025-11-16T20:37:32.532+0000] {logging_mixin.py:188} INFO - [2025-11-16T20:37:32.532+0000] {dag.py:3823} INFO - Setting next_dagrun for example_sensor_decorator to None, run_after=None
[2025-11-16T20:37:32.577+0000] {processor.py:183} INFO - Processing /home/airflow/.local/lib/python3.8/site-packages/airflow/example_dags/example_sensor_decorator.py took 0.140 seconds
[2025-11-16T20:38:03.140+0000] {processor.py:161} INFO - Started process (PID=2965) to work on /home/airflow/.local/lib/python3.8/site-packages/airflow/example_dags/example_sensor_decorator.py
[2025-11-16T20:38:03.141+0000] {processor.py:830} INFO - Processing file /home/airflow/.local/lib/python3.8/site-packages/airflow/example_dags/example_sensor_decorator.py for tasks to queue
[2025-11-16T20:38:03.142+0000] {logging_mixin.py:188} INFO - [2025-11-16T20:38:03.142+0000] {dagbag.py:538} INFO - Filling up the DagBag from /home/airflow/.local/lib/python3.8/site-packages/airflow/example_dags/example_sensor_decorator.py
[2025-11-16T20:38:03.153+0000] {processor.py:840} INFO - DAG(s) 'example_sensor_decorator' retrieved from /home/airflow/.local/lib/python3.8/site-packages/airflow/example_dags/example_sensor_decorator.py
[2025-11-16T20:38:03.187+0000] {logging_mixin.py:188} INFO - [2025-11-16T20:38:03.187+0000] {dag.py:3036} INFO - Sync 1 DAGs
[2025-11-16T20:38:03.205+0000] {logging_mixin.py:188} INFO - [2025-11-16T20:38:03.205+0000] {dag.py:3823} INFO - Setting next_dagrun for example_sensor_decorator to None, run_after=None
[2025-11-16T20:38:03.233+0000] {processor.py:183} INFO - Processing /home/airflow/.local/lib/python3.8/site-packages/airflow/example_dags/example_sensor_decorator.py took 0.098 seconds
[2025-11-16T20:38:33.788+0000] {processor.py:161} INFO - Started process (PID=3048) to work on /home/airflow/.local/lib/python3.8/site-packages/airflow/example_dags/example_sensor_decorator.py
[2025-11-16T20:38:33.791+0000] {processor.py:830} INFO - Processing file /home/airflow/.local/lib/python3.8/site-packages/airflow/example_dags/example_sensor_decorator.py for tasks to queue
[2025-11-16T20:38:33.793+0000] {logging_mixin.py:188} INFO - [2025-11-16T20:38:33.792+0000] {dagbag.py:538} INFO - Filling up the DagBag from /home/airflow/.local/lib/python3.8/site-packages/airflow/example_dags/example_sensor_decorator.py
[2025-11-16T20:38:33.804+0000] {processor.py:840} INFO - DAG(s) 'example_sensor_decorator' retrieved from /home/airflow/.local/lib/python3.8/site-packages/airflow/example_dags/example_sensor_decorator.py
[2025-11-16T20:38:33.837+0000] {logging_mixin.py:188} INFO - [2025-11-16T20:38:33.837+0000] {dag.py:3036} INFO - Sync 1 DAGs
[2025-11-16T20:38:33.854+0000] {logging_mixin.py:188} INFO - [2025-11-16T20:38:33.853+0000] {dag.py:3823} INFO - Setting next_dagrun for example_sensor_decorator to None, run_after=None
[2025-11-16T20:38:33.885+0000] {processor.py:183} INFO - Processing /home/airflow/.local/lib/python3.8/site-packages/airflow/example_dags/example_sensor_decorator.py took 0.101 seconds
[2025-11-16T20:39:21.514+0000] {processor.py:161} INFO - Started process (PID=3138) to work on /home/airflow/.local/lib/python3.8/site-packages/airflow/example_dags/example_sensor_decorator.py
[2025-11-16T20:39:21.515+0000] {processor.py:830} INFO - Processing file /home/airflow/.local/lib/python3.8/site-packages/airflow/example_dags/example_sensor_decorator.py for tasks to queue
[2025-11-16T20:39:21.517+0000] {logging_mixin.py:188} INFO - [2025-11-16T20:39:21.517+0000] {dagbag.py:538} INFO - Filling up the DagBag from /home/airflow/.local/lib/python3.8/site-packages/airflow/example_dags/example_sensor_decorator.py
[2025-11-16T20:39:21.533+0000] {processor.py:840} INFO - DAG(s) 'example_sensor_decorator' retrieved from /home/airflow/.local/lib/python3.8/site-packages/airflow/example_dags/example_sensor_decorator.py
[2025-11-16T20:39:21.574+0000] {logging_mixin.py:188} INFO - [2025-11-16T20:39:21.573+0000] {dag.py:3036} INFO - Sync 1 DAGs
[2025-11-16T20:39:21.603+0000] {logging_mixin.py:188} INFO - [2025-11-16T20:39:21.603+0000] {dag.py:3823} INFO - Setting next_dagrun for example_sensor_decorator to None, run_after=None
[2025-11-16T20:39:21.646+0000] {processor.py:183} INFO - Processing /home/airflow/.local/lib/python3.8/site-packages/airflow/example_dags/example_sensor_decorator.py took 0.137 seconds
[2025-11-16T20:39:51.738+0000] {processor.py:161} INFO - Started process (PID=3223) to work on /home/airflow/.local/lib/python3.8/site-packages/airflow/example_dags/example_sensor_decorator.py
[2025-11-16T20:39:51.740+0000] {processor.py:830} INFO - Processing file /home/airflow/.local/lib/python3.8/site-packages/airflow/example_dags/example_sensor_decorator.py for tasks to queue
[2025-11-16T20:39:51.741+0000] {logging_mixin.py:188} INFO - [2025-11-16T20:39:51.741+0000] {dagbag.py:538} INFO - Filling up the DagBag from /home/airflow/.local/lib/python3.8/site-packages/airflow/example_dags/example_sensor_decorator.py
[2025-11-16T20:39:51.757+0000] {processor.py:840} INFO - DAG(s) 'example_sensor_decorator' retrieved from /home/airflow/.local/lib/python3.8/site-packages/airflow/example_dags/example_sensor_decorator.py
[2025-11-16T20:39:51.800+0000] {logging_mixin.py:188} INFO - [2025-11-16T20:39:51.798+0000] {dag.py:3036} INFO - Sync 1 DAGs
[2025-11-16T20:39:51.824+0000] {logging_mixin.py:188} INFO - [2025-11-16T20:39:51.823+0000] {dag.py:3823} INFO - Setting next_dagrun for example_sensor_decorator to None, run_after=None
[2025-11-16T20:39:51.858+0000] {processor.py:183} INFO - Processing /home/airflow/.local/lib/python3.8/site-packages/airflow/example_dags/example_sensor_decorator.py took 0.126 seconds
[2025-11-16T20:42:26.477+0000] {processor.py:161} INFO - Started process (PID=155) to work on /home/airflow/.local/lib/python3.8/site-packages/airflow/example_dags/example_sensor_decorator.py
[2025-11-16T20:42:26.479+0000] {processor.py:830} INFO - Processing file /home/airflow/.local/lib/python3.8/site-packages/airflow/example_dags/example_sensor_decorator.py for tasks to queue
[2025-11-16T20:42:26.481+0000] {logging_mixin.py:188} INFO - [2025-11-16T20:42:26.481+0000] {dagbag.py:538} INFO - Filling up the DagBag from /home/airflow/.local/lib/python3.8/site-packages/airflow/example_dags/example_sensor_decorator.py
[2025-11-16T20:42:26.491+0000] {processor.py:840} INFO - DAG(s) 'example_sensor_decorator' retrieved from /home/airflow/.local/lib/python3.8/site-packages/airflow/example_dags/example_sensor_decorator.py
[2025-11-16T20:42:26.773+0000] {logging_mixin.py:188} INFO - [2025-11-16T20:42:26.773+0000] {dag.py:3036} INFO - Sync 1 DAGs
[2025-11-16T20:42:26.801+0000] {logging_mixin.py:188} INFO - [2025-11-16T20:42:26.801+0000] {dag.py:3823} INFO - Setting next_dagrun for example_sensor_decorator to None, run_after=None
[2025-11-16T20:42:26.858+0000] {processor.py:183} INFO - Processing /home/airflow/.local/lib/python3.8/site-packages/airflow/example_dags/example_sensor_decorator.py took 0.385 seconds
[2025-11-16T20:43:04.442+0000] {processor.py:161} INFO - Started process (PID=229) to work on /home/airflow/.local/lib/python3.8/site-packages/airflow/example_dags/example_sensor_decorator.py
[2025-11-16T20:43:04.443+0000] {processor.py:830} INFO - Processing file /home/airflow/.local/lib/python3.8/site-packages/airflow/example_dags/example_sensor_decorator.py for tasks to queue
[2025-11-16T20:43:04.445+0000] {logging_mixin.py:188} INFO - [2025-11-16T20:43:04.444+0000] {dagbag.py:538} INFO - Filling up the DagBag from /home/airflow/.local/lib/python3.8/site-packages/airflow/example_dags/example_sensor_decorator.py
[2025-11-16T20:43:04.457+0000] {processor.py:840} INFO - DAG(s) 'example_sensor_decorator' retrieved from /home/airflow/.local/lib/python3.8/site-packages/airflow/example_dags/example_sensor_decorator.py
[2025-11-16T20:43:04.509+0000] {logging_mixin.py:188} INFO - [2025-11-16T20:43:04.509+0000] {dag.py:3036} INFO - Sync 1 DAGs
[2025-11-16T20:43:04.535+0000] {logging_mixin.py:188} INFO - [2025-11-16T20:43:04.535+0000] {dag.py:3823} INFO - Setting next_dagrun for example_sensor_decorator to None, run_after=None
[2025-11-16T20:43:04.573+0000] {processor.py:183} INFO - Processing /home/airflow/.local/lib/python3.8/site-packages/airflow/example_dags/example_sensor_decorator.py took 0.136 seconds
[2025-11-16T20:43:35.287+0000] {processor.py:161} INFO - Started process (PID=310) to work on /home/airflow/.local/lib/python3.8/site-packages/airflow/example_dags/example_sensor_decorator.py
[2025-11-16T20:43:35.289+0000] {processor.py:830} INFO - Processing file /home/airflow/.local/lib/python3.8/site-packages/airflow/example_dags/example_sensor_decorator.py for tasks to queue
[2025-11-16T20:43:35.292+0000] {logging_mixin.py:188} INFO - [2025-11-16T20:43:35.291+0000] {dagbag.py:538} INFO - Filling up the DagBag from /home/airflow/.local/lib/python3.8/site-packages/airflow/example_dags/example_sensor_decorator.py
[2025-11-16T20:43:35.305+0000] {processor.py:840} INFO - DAG(s) 'example_sensor_decorator' retrieved from /home/airflow/.local/lib/python3.8/site-packages/airflow/example_dags/example_sensor_decorator.py
[2025-11-16T20:43:35.358+0000] {logging_mixin.py:188} INFO - [2025-11-16T20:43:35.358+0000] {dag.py:3036} INFO - Sync 1 DAGs
[2025-11-16T20:43:35.379+0000] {logging_mixin.py:188} INFO - [2025-11-16T20:43:35.379+0000] {dag.py:3823} INFO - Setting next_dagrun for example_sensor_decorator to None, run_after=None
[2025-11-16T20:43:35.414+0000] {processor.py:183} INFO - Processing /home/airflow/.local/lib/python3.8/site-packages/airflow/example_dags/example_sensor_decorator.py took 0.132 seconds
[2025-11-16T20:44:05.746+0000] {processor.py:161} INFO - Started process (PID=398) to work on /home/airflow/.local/lib/python3.8/site-packages/airflow/example_dags/example_sensor_decorator.py
[2025-11-16T20:44:05.747+0000] {processor.py:830} INFO - Processing file /home/airflow/.local/lib/python3.8/site-packages/airflow/example_dags/example_sensor_decorator.py for tasks to queue
[2025-11-16T20:44:05.748+0000] {logging_mixin.py:188} INFO - [2025-11-16T20:44:05.748+0000] {dagbag.py:538} INFO - Filling up the DagBag from /home/airflow/.local/lib/python3.8/site-packages/airflow/example_dags/example_sensor_decorator.py
[2025-11-16T20:44:05.754+0000] {processor.py:840} INFO - DAG(s) 'example_sensor_decorator' retrieved from /home/airflow/.local/lib/python3.8/site-packages/airflow/example_dags/example_sensor_decorator.py
[2025-11-16T20:44:05.777+0000] {logging_mixin.py:188} INFO - [2025-11-16T20:44:05.777+0000] {dag.py:3036} INFO - Sync 1 DAGs
[2025-11-16T20:44:05.789+0000] {logging_mixin.py:188} INFO - [2025-11-16T20:44:05.788+0000] {dag.py:3823} INFO - Setting next_dagrun for example_sensor_decorator to None, run_after=None
[2025-11-16T20:44:05.811+0000] {processor.py:183} INFO - Processing /home/airflow/.local/lib/python3.8/site-packages/airflow/example_dags/example_sensor_decorator.py took 0.068 seconds
[2025-11-16T20:44:36.461+0000] {processor.py:161} INFO - Started process (PID=479) to work on /home/airflow/.local/lib/python3.8/site-packages/airflow/example_dags/example_sensor_decorator.py
[2025-11-16T20:44:36.461+0000] {processor.py:830} INFO - Processing file /home/airflow/.local/lib/python3.8/site-packages/airflow/example_dags/example_sensor_decorator.py for tasks to queue
[2025-11-16T20:44:36.462+0000] {logging_mixin.py:188} INFO - [2025-11-16T20:44:36.462+0000] {dagbag.py:538} INFO - Filling up the DagBag from /home/airflow/.local/lib/python3.8/site-packages/airflow/example_dags/example_sensor_decorator.py
[2025-11-16T20:44:36.469+0000] {processor.py:840} INFO - DAG(s) 'example_sensor_decorator' retrieved from /home/airflow/.local/lib/python3.8/site-packages/airflow/example_dags/example_sensor_decorator.py
[2025-11-16T20:44:36.526+0000] {logging_mixin.py:188} INFO - [2025-11-16T20:44:36.526+0000] {dag.py:3036} INFO - Sync 1 DAGs
[2025-11-16T20:44:36.542+0000] {logging_mixin.py:188} INFO - [2025-11-16T20:44:36.542+0000] {dag.py:3823} INFO - Setting next_dagrun for example_sensor_decorator to None, run_after=None
[2025-11-16T20:44:36.569+0000] {processor.py:183} INFO - Processing /home/airflow/.local/lib/python3.8/site-packages/airflow/example_dags/example_sensor_decorator.py took 0.112 seconds
[2025-11-16T20:45:07.146+0000] {processor.py:161} INFO - Started process (PID=576) to work on /home/airflow/.local/lib/python3.8/site-packages/airflow/example_dags/example_sensor_decorator.py
[2025-11-16T20:45:07.147+0000] {processor.py:830} INFO - Processing file /home/airflow/.local/lib/python3.8/site-packages/airflow/example_dags/example_sensor_decorator.py for tasks to queue
[2025-11-16T20:45:07.148+0000] {logging_mixin.py:188} INFO - [2025-11-16T20:45:07.148+0000] {dagbag.py:538} INFO - Filling up the DagBag from /home/airflow/.local/lib/python3.8/site-packages/airflow/example_dags/example_sensor_decorator.py
[2025-11-16T20:45:07.157+0000] {processor.py:840} INFO - DAG(s) 'example_sensor_decorator' retrieved from /home/airflow/.local/lib/python3.8/site-packages/airflow/example_dags/example_sensor_decorator.py
[2025-11-16T20:45:07.190+0000] {logging_mixin.py:188} INFO - [2025-11-16T20:45:07.189+0000] {dag.py:3036} INFO - Sync 1 DAGs
[2025-11-16T20:45:07.206+0000] {logging_mixin.py:188} INFO - [2025-11-16T20:45:07.205+0000] {dag.py:3823} INFO - Setting next_dagrun for example_sensor_decorator to None, run_after=None
[2025-11-16T20:45:07.234+0000] {processor.py:183} INFO - Processing /home/airflow/.local/lib/python3.8/site-packages/airflow/example_dags/example_sensor_decorator.py took 0.091 seconds
[2025-11-16T20:45:37.387+0000] {processor.py:161} INFO - Started process (PID=657) to work on /home/airflow/.local/lib/python3.8/site-packages/airflow/example_dags/example_sensor_decorator.py
[2025-11-16T20:45:37.388+0000] {processor.py:830} INFO - Processing file /home/airflow/.local/lib/python3.8/site-packages/airflow/example_dags/example_sensor_decorator.py for tasks to queue
[2025-11-16T20:45:37.389+0000] {logging_mixin.py:188} INFO - [2025-11-16T20:45:37.388+0000] {dagbag.py:538} INFO - Filling up the DagBag from /home/airflow/.local/lib/python3.8/site-packages/airflow/example_dags/example_sensor_decorator.py
[2025-11-16T20:45:37.394+0000] {processor.py:840} INFO - DAG(s) 'example_sensor_decorator' retrieved from /home/airflow/.local/lib/python3.8/site-packages/airflow/example_dags/example_sensor_decorator.py
[2025-11-16T20:45:37.423+0000] {logging_mixin.py:188} INFO - [2025-11-16T20:45:37.422+0000] {dag.py:3036} INFO - Sync 1 DAGs
[2025-11-16T20:45:37.444+0000] {logging_mixin.py:188} INFO - [2025-11-16T20:45:37.444+0000] {dag.py:3823} INFO - Setting next_dagrun for example_sensor_decorator to None, run_after=None
[2025-11-16T20:45:37.474+0000] {processor.py:183} INFO - Processing /home/airflow/.local/lib/python3.8/site-packages/airflow/example_dags/example_sensor_decorator.py took 0.091 seconds
[2025-11-16T20:46:08.050+0000] {processor.py:161} INFO - Started process (PID=739) to work on /home/airflow/.local/lib/python3.8/site-packages/airflow/example_dags/example_sensor_decorator.py
[2025-11-16T20:46:08.051+0000] {processor.py:830} INFO - Processing file /home/airflow/.local/lib/python3.8/site-packages/airflow/example_dags/example_sensor_decorator.py for tasks to queue
[2025-11-16T20:46:08.051+0000] {logging_mixin.py:188} INFO - [2025-11-16T20:46:08.051+0000] {dagbag.py:538} INFO - Filling up the DagBag from /home/airflow/.local/lib/python3.8/site-packages/airflow/example_dags/example_sensor_decorator.py
[2025-11-16T20:46:08.059+0000] {processor.py:840} INFO - DAG(s) 'example_sensor_decorator' retrieved from /home/airflow/.local/lib/python3.8/site-packages/airflow/example_dags/example_sensor_decorator.py
[2025-11-16T20:46:08.085+0000] {logging_mixin.py:188} INFO - [2025-11-16T20:46:08.084+0000] {dag.py:3036} INFO - Sync 1 DAGs
[2025-11-16T20:46:08.097+0000] {logging_mixin.py:188} INFO - [2025-11-16T20:46:08.097+0000] {dag.py:3823} INFO - Setting next_dagrun for example_sensor_decorator to None, run_after=None
[2025-11-16T20:46:08.124+0000] {processor.py:183} INFO - Processing /home/airflow/.local/lib/python3.8/site-packages/airflow/example_dags/example_sensor_decorator.py took 0.076 seconds
[2025-11-16T20:46:38.634+0000] {processor.py:161} INFO - Started process (PID=835) to work on /home/airflow/.local/lib/python3.8/site-packages/airflow/example_dags/example_sensor_decorator.py
[2025-11-16T20:46:38.635+0000] {processor.py:830} INFO - Processing file /home/airflow/.local/lib/python3.8/site-packages/airflow/example_dags/example_sensor_decorator.py for tasks to queue
[2025-11-16T20:46:38.636+0000] {logging_mixin.py:188} INFO - [2025-11-16T20:46:38.636+0000] {dagbag.py:538} INFO - Filling up the DagBag from /home/airflow/.local/lib/python3.8/site-packages/airflow/example_dags/example_sensor_decorator.py
[2025-11-16T20:46:38.642+0000] {processor.py:840} INFO - DAG(s) 'example_sensor_decorator' retrieved from /home/airflow/.local/lib/python3.8/site-packages/airflow/example_dags/example_sensor_decorator.py
[2025-11-16T20:46:38.665+0000] {logging_mixin.py:188} INFO - [2025-11-16T20:46:38.665+0000] {dag.py:3036} INFO - Sync 1 DAGs
[2025-11-16T20:46:38.677+0000] {logging_mixin.py:188} INFO - [2025-11-16T20:46:38.676+0000] {dag.py:3823} INFO - Setting next_dagrun for example_sensor_decorator to None, run_after=None
[2025-11-16T20:46:38.700+0000] {processor.py:183} INFO - Processing /home/airflow/.local/lib/python3.8/site-packages/airflow/example_dags/example_sensor_decorator.py took 0.069 seconds
[2025-11-16T20:47:09.009+0000] {processor.py:161} INFO - Started process (PID=916) to work on /home/airflow/.local/lib/python3.8/site-packages/airflow/example_dags/example_sensor_decorator.py
[2025-11-16T20:47:09.010+0000] {processor.py:830} INFO - Processing file /home/airflow/.local/lib/python3.8/site-packages/airflow/example_dags/example_sensor_decorator.py for tasks to queue
[2025-11-16T20:47:09.011+0000] {logging_mixin.py:188} INFO - [2025-11-16T20:47:09.011+0000] {dagbag.py:538} INFO - Filling up the DagBag from /home/airflow/.local/lib/python3.8/site-packages/airflow/example_dags/example_sensor_decorator.py
[2025-11-16T20:47:09.018+0000] {processor.py:840} INFO - DAG(s) 'example_sensor_decorator' retrieved from /home/airflow/.local/lib/python3.8/site-packages/airflow/example_dags/example_sensor_decorator.py
[2025-11-16T20:47:09.044+0000] {logging_mixin.py:188} INFO - [2025-11-16T20:47:09.044+0000] {dag.py:3036} INFO - Sync 1 DAGs
[2025-11-16T20:47:09.055+0000] {logging_mixin.py:188} INFO - [2025-11-16T20:47:09.055+0000] {dag.py:3823} INFO - Setting next_dagrun for example_sensor_decorator to None, run_after=None
[2025-11-16T20:47:09.078+0000] {processor.py:183} INFO - Processing /home/airflow/.local/lib/python3.8/site-packages/airflow/example_dags/example_sensor_decorator.py took 0.072 seconds
[2025-11-16T20:47:39.817+0000] {processor.py:161} INFO - Started process (PID=1012) to work on /home/airflow/.local/lib/python3.8/site-packages/airflow/example_dags/example_sensor_decorator.py
[2025-11-16T20:47:39.818+0000] {processor.py:830} INFO - Processing file /home/airflow/.local/lib/python3.8/site-packages/airflow/example_dags/example_sensor_decorator.py for tasks to queue
[2025-11-16T20:47:39.819+0000] {logging_mixin.py:188} INFO - [2025-11-16T20:47:39.818+0000] {dagbag.py:538} INFO - Filling up the DagBag from /home/airflow/.local/lib/python3.8/site-packages/airflow/example_dags/example_sensor_decorator.py
[2025-11-16T20:47:39.826+0000] {processor.py:840} INFO - DAG(s) 'example_sensor_decorator' retrieved from /home/airflow/.local/lib/python3.8/site-packages/airflow/example_dags/example_sensor_decorator.py
[2025-11-16T20:47:39.852+0000] {logging_mixin.py:188} INFO - [2025-11-16T20:47:39.852+0000] {dag.py:3036} INFO - Sync 1 DAGs
[2025-11-16T20:47:39.869+0000] {logging_mixin.py:188} INFO - [2025-11-16T20:47:39.868+0000] {dag.py:3823} INFO - Setting next_dagrun for example_sensor_decorator to None, run_after=None
[2025-11-16T20:47:39.891+0000] {processor.py:183} INFO - Processing /home/airflow/.local/lib/python3.8/site-packages/airflow/example_dags/example_sensor_decorator.py took 0.078 seconds
[2025-11-16T20:48:10.227+0000] {processor.py:161} INFO - Started process (PID=1092) to work on /home/airflow/.local/lib/python3.8/site-packages/airflow/example_dags/example_sensor_decorator.py
[2025-11-16T20:48:10.228+0000] {processor.py:830} INFO - Processing file /home/airflow/.local/lib/python3.8/site-packages/airflow/example_dags/example_sensor_decorator.py for tasks to queue
[2025-11-16T20:48:10.229+0000] {logging_mixin.py:188} INFO - [2025-11-16T20:48:10.229+0000] {dagbag.py:538} INFO - Filling up the DagBag from /home/airflow/.local/lib/python3.8/site-packages/airflow/example_dags/example_sensor_decorator.py
[2025-11-16T20:48:10.235+0000] {processor.py:840} INFO - DAG(s) 'example_sensor_decorator' retrieved from /home/airflow/.local/lib/python3.8/site-packages/airflow/example_dags/example_sensor_decorator.py
[2025-11-16T20:48:10.260+0000] {logging_mixin.py:188} INFO - [2025-11-16T20:48:10.260+0000] {dag.py:3036} INFO - Sync 1 DAGs
[2025-11-16T20:48:10.272+0000] {logging_mixin.py:188} INFO - [2025-11-16T20:48:10.271+0000] {dag.py:3823} INFO - Setting next_dagrun for example_sensor_decorator to None, run_after=None
[2025-11-16T20:48:10.296+0000] {processor.py:183} INFO - Processing /home/airflow/.local/lib/python3.8/site-packages/airflow/example_dags/example_sensor_decorator.py took 0.072 seconds
[2025-11-16T20:48:41.269+0000] {processor.py:161} INFO - Started process (PID=1173) to work on /home/airflow/.local/lib/python3.8/site-packages/airflow/example_dags/example_sensor_decorator.py
[2025-11-16T20:48:41.270+0000] {processor.py:830} INFO - Processing file /home/airflow/.local/lib/python3.8/site-packages/airflow/example_dags/example_sensor_decorator.py for tasks to queue
[2025-11-16T20:48:41.272+0000] {logging_mixin.py:188} INFO - [2025-11-16T20:48:41.271+0000] {dagbag.py:538} INFO - Filling up the DagBag from /home/airflow/.local/lib/python3.8/site-packages/airflow/example_dags/example_sensor_decorator.py
[2025-11-16T20:48:41.284+0000] {processor.py:840} INFO - DAG(s) 'example_sensor_decorator' retrieved from /home/airflow/.local/lib/python3.8/site-packages/airflow/example_dags/example_sensor_decorator.py
[2025-11-16T20:48:41.323+0000] {logging_mixin.py:188} INFO - [2025-11-16T20:48:41.323+0000] {dag.py:3036} INFO - Sync 1 DAGs
[2025-11-16T20:48:41.342+0000] {logging_mixin.py:188} INFO - [2025-11-16T20:48:41.341+0000] {dag.py:3823} INFO - Setting next_dagrun for example_sensor_decorator to None, run_after=None
[2025-11-16T20:48:41.375+0000] {processor.py:183} INFO - Processing /home/airflow/.local/lib/python3.8/site-packages/airflow/example_dags/example_sensor_decorator.py took 0.111 seconds
[2025-11-16T20:49:18.178+0000] {processor.py:161} INFO - Started process (PID=1254) to work on /home/airflow/.local/lib/python3.8/site-packages/airflow/example_dags/example_sensor_decorator.py
[2025-11-16T20:49:18.179+0000] {processor.py:830} INFO - Processing file /home/airflow/.local/lib/python3.8/site-packages/airflow/example_dags/example_sensor_decorator.py for tasks to queue
[2025-11-16T20:49:18.181+0000] {logging_mixin.py:188} INFO - [2025-11-16T20:49:18.180+0000] {dagbag.py:538} INFO - Filling up the DagBag from /home/airflow/.local/lib/python3.8/site-packages/airflow/example_dags/example_sensor_decorator.py
[2025-11-16T20:49:18.205+0000] {processor.py:840} INFO - DAG(s) 'example_sensor_decorator' retrieved from /home/airflow/.local/lib/python3.8/site-packages/airflow/example_dags/example_sensor_decorator.py
[2025-11-16T20:49:18.262+0000] {logging_mixin.py:188} INFO - [2025-11-16T20:49:18.260+0000] {dag.py:3036} INFO - Sync 1 DAGs
[2025-11-16T20:49:18.288+0000] {logging_mixin.py:188} INFO - [2025-11-16T20:49:18.288+0000] {dag.py:3823} INFO - Setting next_dagrun for example_sensor_decorator to None, run_after=None
[2025-11-16T20:49:18.344+0000] {processor.py:183} INFO - Processing /home/airflow/.local/lib/python3.8/site-packages/airflow/example_dags/example_sensor_decorator.py took 0.174 seconds
[2025-11-16T20:50:05.576+0000] {processor.py:161} INFO - Started process (PID=1327) to work on /home/airflow/.local/lib/python3.8/site-packages/airflow/example_dags/example_sensor_decorator.py
[2025-11-16T20:50:05.577+0000] {processor.py:830} INFO - Processing file /home/airflow/.local/lib/python3.8/site-packages/airflow/example_dags/example_sensor_decorator.py for tasks to queue
[2025-11-16T20:50:05.578+0000] {logging_mixin.py:188} INFO - [2025-11-16T20:50:05.578+0000] {dagbag.py:538} INFO - Filling up the DagBag from /home/airflow/.local/lib/python3.8/site-packages/airflow/example_dags/example_sensor_decorator.py
[2025-11-16T20:50:05.592+0000] {processor.py:840} INFO - DAG(s) 'example_sensor_decorator' retrieved from /home/airflow/.local/lib/python3.8/site-packages/airflow/example_dags/example_sensor_decorator.py
[2025-11-16T20:50:05.640+0000] {logging_mixin.py:188} INFO - [2025-11-16T20:50:05.640+0000] {dag.py:3036} INFO - Sync 1 DAGs
[2025-11-16T20:50:05.666+0000] {logging_mixin.py:188} INFO - [2025-11-16T20:50:05.665+0000] {dag.py:3823} INFO - Setting next_dagrun for example_sensor_decorator to None, run_after=None
[2025-11-16T20:50:05.709+0000] {processor.py:183} INFO - Processing /home/airflow/.local/lib/python3.8/site-packages/airflow/example_dags/example_sensor_decorator.py took 0.142 seconds
[2025-11-16T23:16:20.923+0000] {processor.py:161} INFO - Started process (PID=1429) to work on /home/airflow/.local/lib/python3.8/site-packages/airflow/example_dags/example_sensor_decorator.py
[2025-11-16T23:16:20.925+0000] {processor.py:830} INFO - Processing file /home/airflow/.local/lib/python3.8/site-packages/airflow/example_dags/example_sensor_decorator.py for tasks to queue
[2025-11-16T23:16:20.927+0000] {logging_mixin.py:188} INFO - [2025-11-16T23:16:20.927+0000] {dagbag.py:538} INFO - Filling up the DagBag from /home/airflow/.local/lib/python3.8/site-packages/airflow/example_dags/example_sensor_decorator.py
[2025-11-16T23:16:20.945+0000] {processor.py:840} INFO - DAG(s) 'example_sensor_decorator' retrieved from /home/airflow/.local/lib/python3.8/site-packages/airflow/example_dags/example_sensor_decorator.py
[2025-11-16T23:16:21.010+0000] {logging_mixin.py:188} INFO - [2025-11-16T23:16:21.008+0000] {dag.py:3036} INFO - Sync 1 DAGs
[2025-11-16T23:16:21.057+0000] {logging_mixin.py:188} INFO - [2025-11-16T23:16:21.057+0000] {dag.py:3823} INFO - Setting next_dagrun for example_sensor_decorator to None, run_after=None
[2025-11-16T23:16:21.127+0000] {processor.py:183} INFO - Processing /home/airflow/.local/lib/python3.8/site-packages/airflow/example_dags/example_sensor_decorator.py took 0.214 seconds
[2025-11-16T23:16:51.404+0000] {processor.py:161} INFO - Started process (PID=1505) to work on /home/airflow/.local/lib/python3.8/site-packages/airflow/example_dags/example_sensor_decorator.py
[2025-11-16T23:16:51.405+0000] {processor.py:830} INFO - Processing file /home/airflow/.local/lib/python3.8/site-packages/airflow/example_dags/example_sensor_decorator.py for tasks to queue
[2025-11-16T23:16:51.406+0000] {logging_mixin.py:188} INFO - [2025-11-16T23:16:51.405+0000] {dagbag.py:538} INFO - Filling up the DagBag from /home/airflow/.local/lib/python3.8/site-packages/airflow/example_dags/example_sensor_decorator.py
[2025-11-16T23:16:51.416+0000] {processor.py:840} INFO - DAG(s) 'example_sensor_decorator' retrieved from /home/airflow/.local/lib/python3.8/site-packages/airflow/example_dags/example_sensor_decorator.py
[2025-11-16T23:16:51.444+0000] {logging_mixin.py:188} INFO - [2025-11-16T23:16:51.444+0000] {dag.py:3036} INFO - Sync 1 DAGs
[2025-11-16T23:16:51.461+0000] {logging_mixin.py:188} INFO - [2025-11-16T23:16:51.461+0000] {dag.py:3823} INFO - Setting next_dagrun for example_sensor_decorator to None, run_after=None
[2025-11-16T23:16:51.491+0000] {processor.py:183} INFO - Processing /home/airflow/.local/lib/python3.8/site-packages/airflow/example_dags/example_sensor_decorator.py took 0.091 seconds
[2025-11-16T23:17:24.280+0000] {processor.py:161} INFO - Started process (PID=1586) to work on /home/airflow/.local/lib/python3.8/site-packages/airflow/example_dags/example_sensor_decorator.py
[2025-11-16T23:17:24.281+0000] {processor.py:830} INFO - Processing file /home/airflow/.local/lib/python3.8/site-packages/airflow/example_dags/example_sensor_decorator.py for tasks to queue
[2025-11-16T23:17:24.285+0000] {logging_mixin.py:188} INFO - [2025-11-16T23:17:24.285+0000] {dagbag.py:538} INFO - Filling up the DagBag from /home/airflow/.local/lib/python3.8/site-packages/airflow/example_dags/example_sensor_decorator.py
[2025-11-16T23:17:24.296+0000] {processor.py:840} INFO - DAG(s) 'example_sensor_decorator' retrieved from /home/airflow/.local/lib/python3.8/site-packages/airflow/example_dags/example_sensor_decorator.py
[2025-11-16T23:17:24.331+0000] {logging_mixin.py:188} INFO - [2025-11-16T23:17:24.330+0000] {dag.py:3036} INFO - Sync 1 DAGs
[2025-11-16T23:17:24.351+0000] {logging_mixin.py:188} INFO - [2025-11-16T23:17:24.349+0000] {dag.py:3823} INFO - Setting next_dagrun for example_sensor_decorator to None, run_after=None
[2025-11-16T23:17:24.390+0000] {processor.py:183} INFO - Processing /home/airflow/.local/lib/python3.8/site-packages/airflow/example_dags/example_sensor_decorator.py took 0.114 seconds
[2025-11-16T23:17:58.349+0000] {processor.py:161} INFO - Started process (PID=1652) to work on /home/airflow/.local/lib/python3.8/site-packages/airflow/example_dags/example_sensor_decorator.py
[2025-11-16T23:17:58.352+0000] {processor.py:830} INFO - Processing file /home/airflow/.local/lib/python3.8/site-packages/airflow/example_dags/example_sensor_decorator.py for tasks to queue
[2025-11-16T23:17:58.356+0000] {logging_mixin.py:188} INFO - [2025-11-16T23:17:58.355+0000] {dagbag.py:538} INFO - Filling up the DagBag from /home/airflow/.local/lib/python3.8/site-packages/airflow/example_dags/example_sensor_decorator.py
[2025-11-16T23:17:58.369+0000] {processor.py:840} INFO - DAG(s) 'example_sensor_decorator' retrieved from /home/airflow/.local/lib/python3.8/site-packages/airflow/example_dags/example_sensor_decorator.py
[2025-11-16T23:17:58.415+0000] {logging_mixin.py:188} INFO - [2025-11-16T23:17:58.414+0000] {dag.py:3036} INFO - Sync 1 DAGs
[2025-11-16T23:17:58.437+0000] {logging_mixin.py:188} INFO - [2025-11-16T23:17:58.436+0000] {dag.py:3823} INFO - Setting next_dagrun for example_sensor_decorator to None, run_after=None
[2025-11-16T23:17:58.481+0000] {processor.py:183} INFO - Processing /home/airflow/.local/lib/python3.8/site-packages/airflow/example_dags/example_sensor_decorator.py took 0.137 seconds
[2025-11-16T23:18:33.821+0000] {processor.py:161} INFO - Started process (PID=1741) to work on /home/airflow/.local/lib/python3.8/site-packages/airflow/example_dags/example_sensor_decorator.py
[2025-11-16T23:18:33.822+0000] {processor.py:830} INFO - Processing file /home/airflow/.local/lib/python3.8/site-packages/airflow/example_dags/example_sensor_decorator.py for tasks to queue
[2025-11-16T23:18:33.830+0000] {logging_mixin.py:188} INFO - [2025-11-16T23:18:33.828+0000] {dagbag.py:538} INFO - Filling up the DagBag from /home/airflow/.local/lib/python3.8/site-packages/airflow/example_dags/example_sensor_decorator.py
[2025-11-16T23:18:33.843+0000] {processor.py:840} INFO - DAG(s) 'example_sensor_decorator' retrieved from /home/airflow/.local/lib/python3.8/site-packages/airflow/example_dags/example_sensor_decorator.py
[2025-11-16T23:18:33.942+0000] {logging_mixin.py:188} INFO - [2025-11-16T23:18:33.940+0000] {dag.py:3036} INFO - Sync 1 DAGs
[2025-11-16T23:18:33.967+0000] {logging_mixin.py:188} INFO - [2025-11-16T23:18:33.967+0000] {dag.py:3823} INFO - Setting next_dagrun for example_sensor_decorator to None, run_after=None
[2025-11-16T23:18:34.011+0000] {processor.py:183} INFO - Processing /home/airflow/.local/lib/python3.8/site-packages/airflow/example_dags/example_sensor_decorator.py took 0.196 seconds
[2025-11-16T23:19:04.181+0000] {processor.py:161} INFO - Started process (PID=1814) to work on /home/airflow/.local/lib/python3.8/site-packages/airflow/example_dags/example_sensor_decorator.py
[2025-11-16T23:19:04.182+0000] {processor.py:830} INFO - Processing file /home/airflow/.local/lib/python3.8/site-packages/airflow/example_dags/example_sensor_decorator.py for tasks to queue
[2025-11-16T23:19:04.183+0000] {logging_mixin.py:188} INFO - [2025-11-16T23:19:04.182+0000] {dagbag.py:538} INFO - Filling up the DagBag from /home/airflow/.local/lib/python3.8/site-packages/airflow/example_dags/example_sensor_decorator.py
[2025-11-16T23:19:04.192+0000] {processor.py:840} INFO - DAG(s) 'example_sensor_decorator' retrieved from /home/airflow/.local/lib/python3.8/site-packages/airflow/example_dags/example_sensor_decorator.py
[2025-11-16T23:19:04.224+0000] {logging_mixin.py:188} INFO - [2025-11-16T23:19:04.223+0000] {dag.py:3036} INFO - Sync 1 DAGs
[2025-11-16T23:19:04.242+0000] {logging_mixin.py:188} INFO - [2025-11-16T23:19:04.241+0000] {dag.py:3823} INFO - Setting next_dagrun for example_sensor_decorator to None, run_after=None
[2025-11-16T23:19:04.269+0000] {processor.py:183} INFO - Processing /home/airflow/.local/lib/python3.8/site-packages/airflow/example_dags/example_sensor_decorator.py took 0.091 seconds
