[2025-11-16T20:20:45.231+0000] {processor.py:161} INFO - Started process (PID=178) to work on /home/airflow/.local/lib/python3.8/site-packages/airflow/example_dags/example_task_group.py
[2025-11-16T20:20:45.237+0000] {processor.py:830} INFO - Processing file /home/airflow/.local/lib/python3.8/site-packages/airflow/example_dags/example_task_group.py for tasks to queue
[2025-11-16T20:20:45.244+0000] {logging_mixin.py:188} INFO - [2025-11-16T20:20:45.242+0000] {dagbag.py:538} INFO - Filling up the DagBag from /home/airflow/.local/lib/python3.8/site-packages/airflow/example_dags/example_task_group.py
[2025-11-16T20:20:45.612+0000] {processor.py:840} INFO - DAG(s) 'example_task_group' retrieved from /home/airflow/.local/lib/python3.8/site-packages/airflow/example_dags/example_task_group.py
[2025-11-16T20:20:47.583+0000] {logging_mixin.py:188} INFO - [2025-11-16T20:20:47.582+0000] {override.py:1769} INFO - Created Permission View: can edit on DAG:example_task_group
[2025-11-16T20:20:47.607+0000] {logging_mixin.py:188} INFO - [2025-11-16T20:20:47.607+0000] {override.py:1769} INFO - Created Permission View: can read on DAG:example_task_group
[2025-11-16T20:20:47.623+0000] {logging_mixin.py:188} INFO - [2025-11-16T20:20:47.623+0000] {override.py:1769} INFO - Created Permission View: can delete on DAG:example_task_group
[2025-11-16T20:20:47.624+0000] {logging_mixin.py:188} INFO - [2025-11-16T20:20:47.624+0000] {dag.py:3036} INFO - Sync 1 DAGs
[2025-11-16T20:20:47.877+0000] {logging_mixin.py:188} INFO - [2025-11-16T20:20:47.876+0000] {dag.py:3058} INFO - Creating ORM DAG for example_task_group
[2025-11-16T20:20:47.955+0000] {logging_mixin.py:188} INFO - [2025-11-16T20:20:47.954+0000] {dag.py:3823} INFO - Setting next_dagrun for example_task_group to 2025-11-15 00:00:00+00:00, run_after=2025-11-16 00:00:00+00:00
[2025-11-16T20:20:47.987+0000] {processor.py:183} INFO - Processing /home/airflow/.local/lib/python3.8/site-packages/airflow/example_dags/example_task_group.py took 2.995 seconds
[2025-11-16T20:21:25.208+0000] {processor.py:161} INFO - Started process (PID=266) to work on /home/airflow/.local/lib/python3.8/site-packages/airflow/example_dags/example_task_group.py
[2025-11-16T20:21:25.209+0000] {processor.py:830} INFO - Processing file /home/airflow/.local/lib/python3.8/site-packages/airflow/example_dags/example_task_group.py for tasks to queue
[2025-11-16T20:21:25.210+0000] {logging_mixin.py:188} INFO - [2025-11-16T20:21:25.210+0000] {dagbag.py:538} INFO - Filling up the DagBag from /home/airflow/.local/lib/python3.8/site-packages/airflow/example_dags/example_task_group.py
[2025-11-16T20:21:25.347+0000] {processor.py:840} INFO - DAG(s) 'example_task_group' retrieved from /home/airflow/.local/lib/python3.8/site-packages/airflow/example_dags/example_task_group.py
[2025-11-16T20:21:25.508+0000] {logging_mixin.py:188} INFO - [2025-11-16T20:21:25.508+0000] {dag.py:3036} INFO - Sync 1 DAGs
[2025-11-16T20:21:25.575+0000] {logging_mixin.py:188} INFO - [2025-11-16T20:21:25.574+0000] {dag.py:3823} INFO - Setting next_dagrun for example_task_group to 2025-11-15 00:00:00+00:00, run_after=2025-11-16 00:00:00+00:00
[2025-11-16T20:21:25.613+0000] {processor.py:183} INFO - Processing /home/airflow/.local/lib/python3.8/site-packages/airflow/example_dags/example_task_group.py took 0.411 seconds
[2025-11-16T20:21:56.048+0000] {processor.py:161} INFO - Started process (PID=346) to work on /home/airflow/.local/lib/python3.8/site-packages/airflow/example_dags/example_task_group.py
[2025-11-16T20:21:56.049+0000] {processor.py:830} INFO - Processing file /home/airflow/.local/lib/python3.8/site-packages/airflow/example_dags/example_task_group.py for tasks to queue
[2025-11-16T20:21:56.051+0000] {logging_mixin.py:188} INFO - [2025-11-16T20:21:56.050+0000] {dagbag.py:538} INFO - Filling up the DagBag from /home/airflow/.local/lib/python3.8/site-packages/airflow/example_dags/example_task_group.py
[2025-11-16T20:21:56.059+0000] {processor.py:840} INFO - DAG(s) 'example_task_group' retrieved from /home/airflow/.local/lib/python3.8/site-packages/airflow/example_dags/example_task_group.py
[2025-11-16T20:21:56.087+0000] {logging_mixin.py:188} INFO - [2025-11-16T20:21:56.087+0000] {dag.py:3036} INFO - Sync 1 DAGs
[2025-11-16T20:21:56.114+0000] {logging_mixin.py:188} INFO - [2025-11-16T20:21:56.114+0000] {dag.py:3823} INFO - Setting next_dagrun for example_task_group to 2025-11-15 00:00:00+00:00, run_after=2025-11-16 00:00:00+00:00
[2025-11-16T20:21:56.138+0000] {processor.py:183} INFO - Processing /home/airflow/.local/lib/python3.8/site-packages/airflow/example_dags/example_task_group.py took 0.094 seconds
[2025-11-16T20:22:27.330+0000] {processor.py:161} INFO - Started process (PID=436) to work on /home/airflow/.local/lib/python3.8/site-packages/airflow/example_dags/example_task_group.py
[2025-11-16T20:22:27.331+0000] {processor.py:830} INFO - Processing file /home/airflow/.local/lib/python3.8/site-packages/airflow/example_dags/example_task_group.py for tasks to queue
[2025-11-16T20:22:27.336+0000] {logging_mixin.py:188} INFO - [2025-11-16T20:22:27.333+0000] {dagbag.py:538} INFO - Filling up the DagBag from /home/airflow/.local/lib/python3.8/site-packages/airflow/example_dags/example_task_group.py
[2025-11-16T20:22:27.475+0000] {processor.py:840} INFO - DAG(s) 'example_task_group' retrieved from /home/airflow/.local/lib/python3.8/site-packages/airflow/example_dags/example_task_group.py
[2025-11-16T20:22:27.826+0000] {logging_mixin.py:188} INFO - [2025-11-16T20:22:27.821+0000] {dag.py:3036} INFO - Sync 1 DAGs
[2025-11-16T20:22:28.166+0000] {logging_mixin.py:188} INFO - [2025-11-16T20:22:28.165+0000] {dag.py:3823} INFO - Setting next_dagrun for example_task_group to 2025-11-15 00:00:00+00:00, run_after=2025-11-16 00:00:00+00:00
[2025-11-16T20:22:28.232+0000] {processor.py:183} INFO - Processing /home/airflow/.local/lib/python3.8/site-packages/airflow/example_dags/example_task_group.py took 0.929 seconds
[2025-11-16T20:22:58.363+0000] {processor.py:161} INFO - Started process (PID=516) to work on /home/airflow/.local/lib/python3.8/site-packages/airflow/example_dags/example_task_group.py
[2025-11-16T20:22:58.367+0000] {processor.py:830} INFO - Processing file /home/airflow/.local/lib/python3.8/site-packages/airflow/example_dags/example_task_group.py for tasks to queue
[2025-11-16T20:22:58.369+0000] {logging_mixin.py:188} INFO - [2025-11-16T20:22:58.368+0000] {dagbag.py:538} INFO - Filling up the DagBag from /home/airflow/.local/lib/python3.8/site-packages/airflow/example_dags/example_task_group.py
[2025-11-16T20:22:58.380+0000] {processor.py:840} INFO - DAG(s) 'example_task_group' retrieved from /home/airflow/.local/lib/python3.8/site-packages/airflow/example_dags/example_task_group.py
[2025-11-16T20:22:58.417+0000] {logging_mixin.py:188} INFO - [2025-11-16T20:22:58.417+0000] {dag.py:3036} INFO - Sync 1 DAGs
[2025-11-16T20:22:58.462+0000] {logging_mixin.py:188} INFO - [2025-11-16T20:22:58.462+0000] {dag.py:3823} INFO - Setting next_dagrun for example_task_group to 2025-11-15 00:00:00+00:00, run_after=2025-11-16 00:00:00+00:00
[2025-11-16T20:22:58.523+0000] {processor.py:183} INFO - Processing /home/airflow/.local/lib/python3.8/site-packages/airflow/example_dags/example_task_group.py took 0.163 seconds
[2025-11-16T20:23:28.633+0000] {processor.py:161} INFO - Started process (PID=604) to work on /home/airflow/.local/lib/python3.8/site-packages/airflow/example_dags/example_task_group.py
[2025-11-16T20:23:28.635+0000] {processor.py:830} INFO - Processing file /home/airflow/.local/lib/python3.8/site-packages/airflow/example_dags/example_task_group.py for tasks to queue
[2025-11-16T20:23:28.636+0000] {logging_mixin.py:188} INFO - [2025-11-16T20:23:28.636+0000] {dagbag.py:538} INFO - Filling up the DagBag from /home/airflow/.local/lib/python3.8/site-packages/airflow/example_dags/example_task_group.py
[2025-11-16T20:23:28.646+0000] {processor.py:840} INFO - DAG(s) 'example_task_group' retrieved from /home/airflow/.local/lib/python3.8/site-packages/airflow/example_dags/example_task_group.py
[2025-11-16T20:23:28.679+0000] {logging_mixin.py:188} INFO - [2025-11-16T20:23:28.679+0000] {dag.py:3036} INFO - Sync 1 DAGs
[2025-11-16T20:23:28.704+0000] {logging_mixin.py:188} INFO - [2025-11-16T20:23:28.704+0000] {dag.py:3823} INFO - Setting next_dagrun for example_task_group to 2025-11-15 00:00:00+00:00, run_after=2025-11-16 00:00:00+00:00
[2025-11-16T20:23:28.739+0000] {processor.py:183} INFO - Processing /home/airflow/.local/lib/python3.8/site-packages/airflow/example_dags/example_task_group.py took 0.111 seconds
[2025-11-16T20:23:58.864+0000] {processor.py:161} INFO - Started process (PID=685) to work on /home/airflow/.local/lib/python3.8/site-packages/airflow/example_dags/example_task_group.py
[2025-11-16T20:23:58.865+0000] {processor.py:830} INFO - Processing file /home/airflow/.local/lib/python3.8/site-packages/airflow/example_dags/example_task_group.py for tasks to queue
[2025-11-16T20:23:58.866+0000] {logging_mixin.py:188} INFO - [2025-11-16T20:23:58.866+0000] {dagbag.py:538} INFO - Filling up the DagBag from /home/airflow/.local/lib/python3.8/site-packages/airflow/example_dags/example_task_group.py
[2025-11-16T20:23:58.876+0000] {processor.py:840} INFO - DAG(s) 'example_task_group' retrieved from /home/airflow/.local/lib/python3.8/site-packages/airflow/example_dags/example_task_group.py
[2025-11-16T20:23:58.910+0000] {logging_mixin.py:188} INFO - [2025-11-16T20:23:58.910+0000] {dag.py:3036} INFO - Sync 1 DAGs
[2025-11-16T20:23:58.941+0000] {logging_mixin.py:188} INFO - [2025-11-16T20:23:58.941+0000] {dag.py:3823} INFO - Setting next_dagrun for example_task_group to 2025-11-15 00:00:00+00:00, run_after=2025-11-16 00:00:00+00:00
[2025-11-16T20:23:58.969+0000] {processor.py:183} INFO - Processing /home/airflow/.local/lib/python3.8/site-packages/airflow/example_dags/example_task_group.py took 0.107 seconds
[2025-11-16T20:24:29.100+0000] {processor.py:161} INFO - Started process (PID=781) to work on /home/airflow/.local/lib/python3.8/site-packages/airflow/example_dags/example_task_group.py
[2025-11-16T20:24:29.104+0000] {processor.py:830} INFO - Processing file /home/airflow/.local/lib/python3.8/site-packages/airflow/example_dags/example_task_group.py for tasks to queue
[2025-11-16T20:24:29.106+0000] {logging_mixin.py:188} INFO - [2025-11-16T20:24:29.105+0000] {dagbag.py:538} INFO - Filling up the DagBag from /home/airflow/.local/lib/python3.8/site-packages/airflow/example_dags/example_task_group.py
[2025-11-16T20:24:29.117+0000] {processor.py:840} INFO - DAG(s) 'example_task_group' retrieved from /home/airflow/.local/lib/python3.8/site-packages/airflow/example_dags/example_task_group.py
[2025-11-16T20:24:29.151+0000] {logging_mixin.py:188} INFO - [2025-11-16T20:24:29.151+0000] {dag.py:3036} INFO - Sync 1 DAGs
[2025-11-16T20:24:29.183+0000] {logging_mixin.py:188} INFO - [2025-11-16T20:24:29.182+0000] {dag.py:3823} INFO - Setting next_dagrun for example_task_group to 2025-11-15 00:00:00+00:00, run_after=2025-11-16 00:00:00+00:00
[2025-11-16T20:24:29.217+0000] {processor.py:183} INFO - Processing /home/airflow/.local/lib/python3.8/site-packages/airflow/example_dags/example_task_group.py took 0.120 seconds
[2025-11-16T20:24:59.327+0000] {processor.py:161} INFO - Started process (PID=862) to work on /home/airflow/.local/lib/python3.8/site-packages/airflow/example_dags/example_task_group.py
[2025-11-16T20:24:59.331+0000] {processor.py:830} INFO - Processing file /home/airflow/.local/lib/python3.8/site-packages/airflow/example_dags/example_task_group.py for tasks to queue
[2025-11-16T20:24:59.332+0000] {logging_mixin.py:188} INFO - [2025-11-16T20:24:59.332+0000] {dagbag.py:538} INFO - Filling up the DagBag from /home/airflow/.local/lib/python3.8/site-packages/airflow/example_dags/example_task_group.py
[2025-11-16T20:24:59.344+0000] {processor.py:840} INFO - DAG(s) 'example_task_group' retrieved from /home/airflow/.local/lib/python3.8/site-packages/airflow/example_dags/example_task_group.py
[2025-11-16T20:24:59.388+0000] {logging_mixin.py:188} INFO - [2025-11-16T20:24:59.388+0000] {dag.py:3036} INFO - Sync 1 DAGs
[2025-11-16T20:24:59.422+0000] {logging_mixin.py:188} INFO - [2025-11-16T20:24:59.421+0000] {dag.py:3823} INFO - Setting next_dagrun for example_task_group to 2025-11-15 00:00:00+00:00, run_after=2025-11-16 00:00:00+00:00
[2025-11-16T20:24:59.456+0000] {processor.py:183} INFO - Processing /home/airflow/.local/lib/python3.8/site-packages/airflow/example_dags/example_task_group.py took 0.133 seconds
[2025-11-16T20:25:29.511+0000] {processor.py:161} INFO - Started process (PID=943) to work on /home/airflow/.local/lib/python3.8/site-packages/airflow/example_dags/example_task_group.py
[2025-11-16T20:25:29.512+0000] {processor.py:830} INFO - Processing file /home/airflow/.local/lib/python3.8/site-packages/airflow/example_dags/example_task_group.py for tasks to queue
[2025-11-16T20:25:29.513+0000] {logging_mixin.py:188} INFO - [2025-11-16T20:25:29.513+0000] {dagbag.py:538} INFO - Filling up the DagBag from /home/airflow/.local/lib/python3.8/site-packages/airflow/example_dags/example_task_group.py
[2025-11-16T20:25:29.523+0000] {processor.py:840} INFO - DAG(s) 'example_task_group' retrieved from /home/airflow/.local/lib/python3.8/site-packages/airflow/example_dags/example_task_group.py
[2025-11-16T20:25:29.551+0000] {logging_mixin.py:188} INFO - [2025-11-16T20:25:29.551+0000] {dag.py:3036} INFO - Sync 1 DAGs
[2025-11-16T20:25:29.582+0000] {logging_mixin.py:188} INFO - [2025-11-16T20:25:29.582+0000] {dag.py:3823} INFO - Setting next_dagrun for example_task_group to 2025-11-15 00:00:00+00:00, run_after=2025-11-16 00:00:00+00:00
[2025-11-16T20:25:29.611+0000] {processor.py:183} INFO - Processing /home/airflow/.local/lib/python3.8/site-packages/airflow/example_dags/example_task_group.py took 0.106 seconds
[2025-11-16T20:26:00.452+0000] {processor.py:161} INFO - Started process (PID=1039) to work on /home/airflow/.local/lib/python3.8/site-packages/airflow/example_dags/example_task_group.py
[2025-11-16T20:26:00.453+0000] {processor.py:830} INFO - Processing file /home/airflow/.local/lib/python3.8/site-packages/airflow/example_dags/example_task_group.py for tasks to queue
[2025-11-16T20:26:00.454+0000] {logging_mixin.py:188} INFO - [2025-11-16T20:26:00.454+0000] {dagbag.py:538} INFO - Filling up the DagBag from /home/airflow/.local/lib/python3.8/site-packages/airflow/example_dags/example_task_group.py
[2025-11-16T20:26:00.461+0000] {processor.py:840} INFO - DAG(s) 'example_task_group' retrieved from /home/airflow/.local/lib/python3.8/site-packages/airflow/example_dags/example_task_group.py
[2025-11-16T20:26:00.484+0000] {logging_mixin.py:188} INFO - [2025-11-16T20:26:00.484+0000] {dag.py:3036} INFO - Sync 1 DAGs
[2025-11-16T20:26:00.503+0000] {logging_mixin.py:188} INFO - [2025-11-16T20:26:00.503+0000] {dag.py:3823} INFO - Setting next_dagrun for example_task_group to 2025-11-15 00:00:00+00:00, run_after=2025-11-16 00:00:00+00:00
[2025-11-16T20:26:00.523+0000] {processor.py:183} INFO - Processing /home/airflow/.local/lib/python3.8/site-packages/airflow/example_dags/example_task_group.py took 0.074 seconds
[2025-11-16T20:26:30.843+0000] {processor.py:161} INFO - Started process (PID=1120) to work on /home/airflow/.local/lib/python3.8/site-packages/airflow/example_dags/example_task_group.py
[2025-11-16T20:26:30.844+0000] {processor.py:830} INFO - Processing file /home/airflow/.local/lib/python3.8/site-packages/airflow/example_dags/example_task_group.py for tasks to queue
[2025-11-16T20:26:30.845+0000] {logging_mixin.py:188} INFO - [2025-11-16T20:26:30.844+0000] {dagbag.py:538} INFO - Filling up the DagBag from /home/airflow/.local/lib/python3.8/site-packages/airflow/example_dags/example_task_group.py
[2025-11-16T20:26:30.852+0000] {processor.py:840} INFO - DAG(s) 'example_task_group' retrieved from /home/airflow/.local/lib/python3.8/site-packages/airflow/example_dags/example_task_group.py
[2025-11-16T20:26:30.875+0000] {logging_mixin.py:188} INFO - [2025-11-16T20:26:30.875+0000] {dag.py:3036} INFO - Sync 1 DAGs
[2025-11-16T20:26:30.894+0000] {logging_mixin.py:188} INFO - [2025-11-16T20:26:30.893+0000] {dag.py:3823} INFO - Setting next_dagrun for example_task_group to 2025-11-15 00:00:00+00:00, run_after=2025-11-16 00:00:00+00:00
[2025-11-16T20:26:30.914+0000] {processor.py:183} INFO - Processing /home/airflow/.local/lib/python3.8/site-packages/airflow/example_dags/example_task_group.py took 0.073 seconds
[2025-11-16T20:27:01.344+0000] {processor.py:161} INFO - Started process (PID=1216) to work on /home/airflow/.local/lib/python3.8/site-packages/airflow/example_dags/example_task_group.py
[2025-11-16T20:27:01.345+0000] {processor.py:830} INFO - Processing file /home/airflow/.local/lib/python3.8/site-packages/airflow/example_dags/example_task_group.py for tasks to queue
[2025-11-16T20:27:01.346+0000] {logging_mixin.py:188} INFO - [2025-11-16T20:27:01.346+0000] {dagbag.py:538} INFO - Filling up the DagBag from /home/airflow/.local/lib/python3.8/site-packages/airflow/example_dags/example_task_group.py
[2025-11-16T20:27:01.353+0000] {processor.py:840} INFO - DAG(s) 'example_task_group' retrieved from /home/airflow/.local/lib/python3.8/site-packages/airflow/example_dags/example_task_group.py
[2025-11-16T20:27:01.380+0000] {logging_mixin.py:188} INFO - [2025-11-16T20:27:01.380+0000] {dag.py:3036} INFO - Sync 1 DAGs
[2025-11-16T20:27:01.399+0000] {logging_mixin.py:188} INFO - [2025-11-16T20:27:01.399+0000] {dag.py:3823} INFO - Setting next_dagrun for example_task_group to 2025-11-15 00:00:00+00:00, run_after=2025-11-16 00:00:00+00:00
[2025-11-16T20:27:01.420+0000] {processor.py:183} INFO - Processing /home/airflow/.local/lib/python3.8/site-packages/airflow/example_dags/example_task_group.py took 0.078 seconds
[2025-11-16T20:27:31.997+0000] {processor.py:161} INFO - Started process (PID=1298) to work on /home/airflow/.local/lib/python3.8/site-packages/airflow/example_dags/example_task_group.py
[2025-11-16T20:27:31.998+0000] {processor.py:830} INFO - Processing file /home/airflow/.local/lib/python3.8/site-packages/airflow/example_dags/example_task_group.py for tasks to queue
[2025-11-16T20:27:32.000+0000] {logging_mixin.py:188} INFO - [2025-11-16T20:27:31.999+0000] {dagbag.py:538} INFO - Filling up the DagBag from /home/airflow/.local/lib/python3.8/site-packages/airflow/example_dags/example_task_group.py
[2025-11-16T20:27:32.011+0000] {processor.py:840} INFO - DAG(s) 'example_task_group' retrieved from /home/airflow/.local/lib/python3.8/site-packages/airflow/example_dags/example_task_group.py
[2025-11-16T20:27:32.041+0000] {logging_mixin.py:188} INFO - [2025-11-16T20:27:32.041+0000] {dag.py:3036} INFO - Sync 1 DAGs
[2025-11-16T20:27:32.068+0000] {logging_mixin.py:188} INFO - [2025-11-16T20:27:32.067+0000] {dag.py:3823} INFO - Setting next_dagrun for example_task_group to 2025-11-15 00:00:00+00:00, run_after=2025-11-16 00:00:00+00:00
[2025-11-16T20:27:32.091+0000] {processor.py:183} INFO - Processing /home/airflow/.local/lib/python3.8/site-packages/airflow/example_dags/example_task_group.py took 0.098 seconds
[2025-11-16T20:28:02.138+0000] {processor.py:161} INFO - Started process (PID=1394) to work on /home/airflow/.local/lib/python3.8/site-packages/airflow/example_dags/example_task_group.py
[2025-11-16T20:28:02.139+0000] {processor.py:830} INFO - Processing file /home/airflow/.local/lib/python3.8/site-packages/airflow/example_dags/example_task_group.py for tasks to queue
[2025-11-16T20:28:02.140+0000] {logging_mixin.py:188} INFO - [2025-11-16T20:28:02.140+0000] {dagbag.py:538} INFO - Filling up the DagBag from /home/airflow/.local/lib/python3.8/site-packages/airflow/example_dags/example_task_group.py
[2025-11-16T20:28:02.149+0000] {processor.py:840} INFO - DAG(s) 'example_task_group' retrieved from /home/airflow/.local/lib/python3.8/site-packages/airflow/example_dags/example_task_group.py
[2025-11-16T20:28:02.172+0000] {logging_mixin.py:188} INFO - [2025-11-16T20:28:02.172+0000] {dag.py:3036} INFO - Sync 1 DAGs
[2025-11-16T20:28:02.192+0000] {logging_mixin.py:188} INFO - [2025-11-16T20:28:02.192+0000] {dag.py:3823} INFO - Setting next_dagrun for example_task_group to 2025-11-15 00:00:00+00:00, run_after=2025-11-16 00:00:00+00:00
[2025-11-16T20:28:02.214+0000] {processor.py:183} INFO - Processing /home/airflow/.local/lib/python3.8/site-packages/airflow/example_dags/example_task_group.py took 0.078 seconds
[2025-11-16T20:28:32.577+0000] {processor.py:161} INFO - Started process (PID=1475) to work on /home/airflow/.local/lib/python3.8/site-packages/airflow/example_dags/example_task_group.py
[2025-11-16T20:28:32.578+0000] {processor.py:830} INFO - Processing file /home/airflow/.local/lib/python3.8/site-packages/airflow/example_dags/example_task_group.py for tasks to queue
[2025-11-16T20:28:32.579+0000] {logging_mixin.py:188} INFO - [2025-11-16T20:28:32.579+0000] {dagbag.py:538} INFO - Filling up the DagBag from /home/airflow/.local/lib/python3.8/site-packages/airflow/example_dags/example_task_group.py
[2025-11-16T20:28:32.587+0000] {processor.py:840} INFO - DAG(s) 'example_task_group' retrieved from /home/airflow/.local/lib/python3.8/site-packages/airflow/example_dags/example_task_group.py
[2025-11-16T20:28:32.610+0000] {logging_mixin.py:188} INFO - [2025-11-16T20:28:32.610+0000] {dag.py:3036} INFO - Sync 1 DAGs
[2025-11-16T20:28:32.629+0000] {logging_mixin.py:188} INFO - [2025-11-16T20:28:32.629+0000] {dag.py:3823} INFO - Setting next_dagrun for example_task_group to 2025-11-15 00:00:00+00:00, run_after=2025-11-16 00:00:00+00:00
[2025-11-16T20:28:32.655+0000] {processor.py:183} INFO - Processing /home/airflow/.local/lib/python3.8/site-packages/airflow/example_dags/example_task_group.py took 0.081 seconds
[2025-11-16T20:29:02.886+0000] {processor.py:161} INFO - Started process (PID=1571) to work on /home/airflow/.local/lib/python3.8/site-packages/airflow/example_dags/example_task_group.py
[2025-11-16T20:29:02.887+0000] {processor.py:830} INFO - Processing file /home/airflow/.local/lib/python3.8/site-packages/airflow/example_dags/example_task_group.py for tasks to queue
[2025-11-16T20:29:02.888+0000] {logging_mixin.py:188} INFO - [2025-11-16T20:29:02.887+0000] {dagbag.py:538} INFO - Filling up the DagBag from /home/airflow/.local/lib/python3.8/site-packages/airflow/example_dags/example_task_group.py
[2025-11-16T20:29:02.895+0000] {processor.py:840} INFO - DAG(s) 'example_task_group' retrieved from /home/airflow/.local/lib/python3.8/site-packages/airflow/example_dags/example_task_group.py
[2025-11-16T20:29:02.918+0000] {logging_mixin.py:188} INFO - [2025-11-16T20:29:02.918+0000] {dag.py:3036} INFO - Sync 1 DAGs
[2025-11-16T20:29:02.939+0000] {logging_mixin.py:188} INFO - [2025-11-16T20:29:02.938+0000] {dag.py:3823} INFO - Setting next_dagrun for example_task_group to 2025-11-15 00:00:00+00:00, run_after=2025-11-16 00:00:00+00:00
[2025-11-16T20:29:02.961+0000] {processor.py:183} INFO - Processing /home/airflow/.local/lib/python3.8/site-packages/airflow/example_dags/example_task_group.py took 0.078 seconds
[2025-11-16T20:29:33.121+0000] {processor.py:161} INFO - Started process (PID=1652) to work on /home/airflow/.local/lib/python3.8/site-packages/airflow/example_dags/example_task_group.py
[2025-11-16T20:29:33.122+0000] {processor.py:830} INFO - Processing file /home/airflow/.local/lib/python3.8/site-packages/airflow/example_dags/example_task_group.py for tasks to queue
[2025-11-16T20:29:33.124+0000] {logging_mixin.py:188} INFO - [2025-11-16T20:29:33.123+0000] {dagbag.py:538} INFO - Filling up the DagBag from /home/airflow/.local/lib/python3.8/site-packages/airflow/example_dags/example_task_group.py
[2025-11-16T20:29:33.138+0000] {processor.py:840} INFO - DAG(s) 'example_task_group' retrieved from /home/airflow/.local/lib/python3.8/site-packages/airflow/example_dags/example_task_group.py
[2025-11-16T20:29:33.181+0000] {logging_mixin.py:188} INFO - [2025-11-16T20:29:33.180+0000] {dag.py:3036} INFO - Sync 1 DAGs
[2025-11-16T20:29:33.221+0000] {logging_mixin.py:188} INFO - [2025-11-16T20:29:33.220+0000] {dag.py:3823} INFO - Setting next_dagrun for example_task_group to 2025-11-15 00:00:00+00:00, run_after=2025-11-16 00:00:00+00:00
[2025-11-16T20:29:33.255+0000] {processor.py:183} INFO - Processing /home/airflow/.local/lib/python3.8/site-packages/airflow/example_dags/example_task_group.py took 0.140 seconds
[2025-11-16T20:30:03.762+0000] {processor.py:161} INFO - Started process (PID=1718) to work on /home/airflow/.local/lib/python3.8/site-packages/airflow/example_dags/example_task_group.py
[2025-11-16T20:30:03.769+0000] {processor.py:830} INFO - Processing file /home/airflow/.local/lib/python3.8/site-packages/airflow/example_dags/example_task_group.py for tasks to queue
[2025-11-16T20:30:03.774+0000] {logging_mixin.py:188} INFO - [2025-11-16T20:30:03.773+0000] {dagbag.py:538} INFO - Filling up the DagBag from /home/airflow/.local/lib/python3.8/site-packages/airflow/example_dags/example_task_group.py
[2025-11-16T20:30:03.791+0000] {processor.py:840} INFO - DAG(s) 'example_task_group' retrieved from /home/airflow/.local/lib/python3.8/site-packages/airflow/example_dags/example_task_group.py
[2025-11-16T20:30:03.841+0000] {logging_mixin.py:188} INFO - [2025-11-16T20:30:03.841+0000] {dag.py:3036} INFO - Sync 1 DAGs
[2025-11-16T20:30:03.896+0000] {logging_mixin.py:188} INFO - [2025-11-16T20:30:03.896+0000] {dag.py:3823} INFO - Setting next_dagrun for example_task_group to 2025-11-15 00:00:00+00:00, run_after=2025-11-16 00:00:00+00:00
[2025-11-16T20:30:03.933+0000] {processor.py:183} INFO - Processing /home/airflow/.local/lib/python3.8/site-packages/airflow/example_dags/example_task_group.py took 0.178 seconds
[2025-11-16T20:30:38.876+0000] {processor.py:161} INFO - Started process (PID=1810) to work on /home/airflow/.local/lib/python3.8/site-packages/airflow/example_dags/example_task_group.py
[2025-11-16T20:30:38.878+0000] {processor.py:830} INFO - Processing file /home/airflow/.local/lib/python3.8/site-packages/airflow/example_dags/example_task_group.py for tasks to queue
[2025-11-16T20:30:38.880+0000] {logging_mixin.py:188} INFO - [2025-11-16T20:30:38.880+0000] {dagbag.py:538} INFO - Filling up the DagBag from /home/airflow/.local/lib/python3.8/site-packages/airflow/example_dags/example_task_group.py
[2025-11-16T20:30:38.900+0000] {processor.py:840} INFO - DAG(s) 'example_task_group' retrieved from /home/airflow/.local/lib/python3.8/site-packages/airflow/example_dags/example_task_group.py
[2025-11-16T20:30:38.951+0000] {logging_mixin.py:188} INFO - [2025-11-16T20:30:38.948+0000] {dag.py:3036} INFO - Sync 1 DAGs
[2025-11-16T20:30:38.999+0000] {logging_mixin.py:188} INFO - [2025-11-16T20:30:38.998+0000] {dag.py:3823} INFO - Setting next_dagrun for example_task_group to 2025-11-15 00:00:00+00:00, run_after=2025-11-16 00:00:00+00:00
[2025-11-16T20:30:39.041+0000] {processor.py:183} INFO - Processing /home/airflow/.local/lib/python3.8/site-packages/airflow/example_dags/example_task_group.py took 0.173 seconds
[2025-11-16T20:31:09.320+0000] {processor.py:161} INFO - Started process (PID=1886) to work on /home/airflow/.local/lib/python3.8/site-packages/airflow/example_dags/example_task_group.py
[2025-11-16T20:31:09.321+0000] {processor.py:830} INFO - Processing file /home/airflow/.local/lib/python3.8/site-packages/airflow/example_dags/example_task_group.py for tasks to queue
[2025-11-16T20:31:09.323+0000] {logging_mixin.py:188} INFO - [2025-11-16T20:31:09.322+0000] {dagbag.py:538} INFO - Filling up the DagBag from /home/airflow/.local/lib/python3.8/site-packages/airflow/example_dags/example_task_group.py
[2025-11-16T20:31:09.333+0000] {processor.py:840} INFO - DAG(s) 'example_task_group' retrieved from /home/airflow/.local/lib/python3.8/site-packages/airflow/example_dags/example_task_group.py
[2025-11-16T20:31:09.366+0000] {logging_mixin.py:188} INFO - [2025-11-16T20:31:09.366+0000] {dag.py:3036} INFO - Sync 1 DAGs
[2025-11-16T20:31:09.398+0000] {logging_mixin.py:188} INFO - [2025-11-16T20:31:09.398+0000] {dag.py:3823} INFO - Setting next_dagrun for example_task_group to 2025-11-15 00:00:00+00:00, run_after=2025-11-16 00:00:00+00:00
[2025-11-16T20:31:09.425+0000] {processor.py:183} INFO - Processing /home/airflow/.local/lib/python3.8/site-packages/airflow/example_dags/example_task_group.py took 0.107 seconds
[2025-11-16T20:31:40.546+0000] {processor.py:161} INFO - Started process (PID=1976) to work on /home/airflow/.local/lib/python3.8/site-packages/airflow/example_dags/example_task_group.py
[2025-11-16T20:31:40.547+0000] {processor.py:830} INFO - Processing file /home/airflow/.local/lib/python3.8/site-packages/airflow/example_dags/example_task_group.py for tasks to queue
[2025-11-16T20:31:40.552+0000] {logging_mixin.py:188} INFO - [2025-11-16T20:31:40.550+0000] {dagbag.py:538} INFO - Filling up the DagBag from /home/airflow/.local/lib/python3.8/site-packages/airflow/example_dags/example_task_group.py
[2025-11-16T20:31:40.569+0000] {processor.py:840} INFO - DAG(s) 'example_task_group' retrieved from /home/airflow/.local/lib/python3.8/site-packages/airflow/example_dags/example_task_group.py
[2025-11-16T20:31:40.631+0000] {logging_mixin.py:188} INFO - [2025-11-16T20:31:40.631+0000] {dag.py:3036} INFO - Sync 1 DAGs
[2025-11-16T20:31:40.687+0000] {logging_mixin.py:188} INFO - [2025-11-16T20:31:40.687+0000] {dag.py:3823} INFO - Setting next_dagrun for example_task_group to 2025-11-15 00:00:00+00:00, run_after=2025-11-16 00:00:00+00:00
[2025-11-16T20:31:40.731+0000] {processor.py:183} INFO - Processing /home/airflow/.local/lib/python3.8/site-packages/airflow/example_dags/example_task_group.py took 0.194 seconds
[2025-11-16T20:32:11.043+0000] {processor.py:161} INFO - Started process (PID=2064) to work on /home/airflow/.local/lib/python3.8/site-packages/airflow/example_dags/example_task_group.py
[2025-11-16T20:32:11.044+0000] {processor.py:830} INFO - Processing file /home/airflow/.local/lib/python3.8/site-packages/airflow/example_dags/example_task_group.py for tasks to queue
[2025-11-16T20:32:11.045+0000] {logging_mixin.py:188} INFO - [2025-11-16T20:32:11.045+0000] {dagbag.py:538} INFO - Filling up the DagBag from /home/airflow/.local/lib/python3.8/site-packages/airflow/example_dags/example_task_group.py
[2025-11-16T20:32:11.058+0000] {processor.py:840} INFO - DAG(s) 'example_task_group' retrieved from /home/airflow/.local/lib/python3.8/site-packages/airflow/example_dags/example_task_group.py
[2025-11-16T20:32:11.107+0000] {logging_mixin.py:188} INFO - [2025-11-16T20:32:11.107+0000] {dag.py:3036} INFO - Sync 1 DAGs
[2025-11-16T20:32:11.152+0000] {logging_mixin.py:188} INFO - [2025-11-16T20:32:11.152+0000] {dag.py:3823} INFO - Setting next_dagrun for example_task_group to 2025-11-15 00:00:00+00:00, run_after=2025-11-16 00:00:00+00:00
[2025-11-16T20:32:11.186+0000] {processor.py:183} INFO - Processing /home/airflow/.local/lib/python3.8/site-packages/airflow/example_dags/example_task_group.py took 0.149 seconds
[2025-11-16T20:32:48.772+0000] {processor.py:161} INFO - Started process (PID=2130) to work on /home/airflow/.local/lib/python3.8/site-packages/airflow/example_dags/example_task_group.py
[2025-11-16T20:32:48.774+0000] {processor.py:830} INFO - Processing file /home/airflow/.local/lib/python3.8/site-packages/airflow/example_dags/example_task_group.py for tasks to queue
[2025-11-16T20:32:48.778+0000] {logging_mixin.py:188} INFO - [2025-11-16T20:32:48.777+0000] {dagbag.py:538} INFO - Filling up the DagBag from /home/airflow/.local/lib/python3.8/site-packages/airflow/example_dags/example_task_group.py
[2025-11-16T20:32:48.791+0000] {processor.py:840} INFO - DAG(s) 'example_task_group' retrieved from /home/airflow/.local/lib/python3.8/site-packages/airflow/example_dags/example_task_group.py
[2025-11-16T20:32:48.844+0000] {logging_mixin.py:188} INFO - [2025-11-16T20:32:48.843+0000] {dag.py:3036} INFO - Sync 1 DAGs
[2025-11-16T20:32:48.896+0000] {logging_mixin.py:188} INFO - [2025-11-16T20:32:48.895+0000] {dag.py:3823} INFO - Setting next_dagrun for example_task_group to 2025-11-15 00:00:00+00:00, run_after=2025-11-16 00:00:00+00:00
[2025-11-16T20:32:48.938+0000] {processor.py:183} INFO - Processing /home/airflow/.local/lib/python3.8/site-packages/airflow/example_dags/example_task_group.py took 0.171 seconds
[2025-11-16T20:33:19.085+0000] {processor.py:161} INFO - Started process (PID=2213) to work on /home/airflow/.local/lib/python3.8/site-packages/airflow/example_dags/example_task_group.py
[2025-11-16T20:33:19.086+0000] {processor.py:830} INFO - Processing file /home/airflow/.local/lib/python3.8/site-packages/airflow/example_dags/example_task_group.py for tasks to queue
[2025-11-16T20:33:19.088+0000] {logging_mixin.py:188} INFO - [2025-11-16T20:33:19.087+0000] {dagbag.py:538} INFO - Filling up the DagBag from /home/airflow/.local/lib/python3.8/site-packages/airflow/example_dags/example_task_group.py
[2025-11-16T20:33:19.096+0000] {processor.py:840} INFO - DAG(s) 'example_task_group' retrieved from /home/airflow/.local/lib/python3.8/site-packages/airflow/example_dags/example_task_group.py
[2025-11-16T20:33:19.125+0000] {logging_mixin.py:188} INFO - [2025-11-16T20:33:19.124+0000] {dag.py:3036} INFO - Sync 1 DAGs
[2025-11-16T20:33:19.154+0000] {logging_mixin.py:188} INFO - [2025-11-16T20:33:19.154+0000] {dag.py:3823} INFO - Setting next_dagrun for example_task_group to 2025-11-15 00:00:00+00:00, run_after=2025-11-16 00:00:00+00:00
[2025-11-16T20:33:19.185+0000] {processor.py:183} INFO - Processing /home/airflow/.local/lib/python3.8/site-packages/airflow/example_dags/example_task_group.py took 0.103 seconds
[2025-11-16T20:33:49.813+0000] {processor.py:161} INFO - Started process (PID=2309) to work on /home/airflow/.local/lib/python3.8/site-packages/airflow/example_dags/example_task_group.py
[2025-11-16T20:33:49.813+0000] {processor.py:830} INFO - Processing file /home/airflow/.local/lib/python3.8/site-packages/airflow/example_dags/example_task_group.py for tasks to queue
[2025-11-16T20:33:49.815+0000] {logging_mixin.py:188} INFO - [2025-11-16T20:33:49.814+0000] {dagbag.py:538} INFO - Filling up the DagBag from /home/airflow/.local/lib/python3.8/site-packages/airflow/example_dags/example_task_group.py
[2025-11-16T20:33:49.822+0000] {processor.py:840} INFO - DAG(s) 'example_task_group' retrieved from /home/airflow/.local/lib/python3.8/site-packages/airflow/example_dags/example_task_group.py
[2025-11-16T20:33:49.848+0000] {logging_mixin.py:188} INFO - [2025-11-16T20:33:49.848+0000] {dag.py:3036} INFO - Sync 1 DAGs
[2025-11-16T20:33:49.871+0000] {logging_mixin.py:188} INFO - [2025-11-16T20:33:49.871+0000] {dag.py:3823} INFO - Setting next_dagrun for example_task_group to 2025-11-15 00:00:00+00:00, run_after=2025-11-16 00:00:00+00:00
[2025-11-16T20:33:49.894+0000] {processor.py:183} INFO - Processing /home/airflow/.local/lib/python3.8/site-packages/airflow/example_dags/example_task_group.py took 0.084 seconds
[2025-11-16T20:34:20.815+0000] {processor.py:161} INFO - Started process (PID=2391) to work on /home/airflow/.local/lib/python3.8/site-packages/airflow/example_dags/example_task_group.py
[2025-11-16T20:34:20.816+0000] {processor.py:830} INFO - Processing file /home/airflow/.local/lib/python3.8/site-packages/airflow/example_dags/example_task_group.py for tasks to queue
[2025-11-16T20:34:20.817+0000] {logging_mixin.py:188} INFO - [2025-11-16T20:34:20.817+0000] {dagbag.py:538} INFO - Filling up the DagBag from /home/airflow/.local/lib/python3.8/site-packages/airflow/example_dags/example_task_group.py
[2025-11-16T20:34:20.824+0000] {processor.py:840} INFO - DAG(s) 'example_task_group' retrieved from /home/airflow/.local/lib/python3.8/site-packages/airflow/example_dags/example_task_group.py
[2025-11-16T20:34:20.847+0000] {logging_mixin.py:188} INFO - [2025-11-16T20:34:20.847+0000] {dag.py:3036} INFO - Sync 1 DAGs
[2025-11-16T20:34:20.867+0000] {logging_mixin.py:188} INFO - [2025-11-16T20:34:20.867+0000] {dag.py:3823} INFO - Setting next_dagrun for example_task_group to 2025-11-15 00:00:00+00:00, run_after=2025-11-16 00:00:00+00:00
[2025-11-16T20:34:20.888+0000] {processor.py:183} INFO - Processing /home/airflow/.local/lib/python3.8/site-packages/airflow/example_dags/example_task_group.py took 0.076 seconds
[2025-11-16T20:34:51.423+0000] {processor.py:161} INFO - Started process (PID=2479) to work on /home/airflow/.local/lib/python3.8/site-packages/airflow/example_dags/example_task_group.py
[2025-11-16T20:34:51.424+0000] {processor.py:830} INFO - Processing file /home/airflow/.local/lib/python3.8/site-packages/airflow/example_dags/example_task_group.py for tasks to queue
[2025-11-16T20:34:51.425+0000] {logging_mixin.py:188} INFO - [2025-11-16T20:34:51.425+0000] {dagbag.py:538} INFO - Filling up the DagBag from /home/airflow/.local/lib/python3.8/site-packages/airflow/example_dags/example_task_group.py
[2025-11-16T20:34:51.434+0000] {processor.py:840} INFO - DAG(s) 'example_task_group' retrieved from /home/airflow/.local/lib/python3.8/site-packages/airflow/example_dags/example_task_group.py
[2025-11-16T20:34:51.462+0000] {logging_mixin.py:188} INFO - [2025-11-16T20:34:51.462+0000] {dag.py:3036} INFO - Sync 1 DAGs
[2025-11-16T20:34:51.490+0000] {logging_mixin.py:188} INFO - [2025-11-16T20:34:51.489+0000] {dag.py:3823} INFO - Setting next_dagrun for example_task_group to 2025-11-15 00:00:00+00:00, run_after=2025-11-16 00:00:00+00:00
[2025-11-16T20:34:51.520+0000] {processor.py:183} INFO - Processing /home/airflow/.local/lib/python3.8/site-packages/airflow/example_dags/example_task_group.py took 0.102 seconds
[2025-11-16T20:35:22.789+0000] {processor.py:161} INFO - Started process (PID=2568) to work on /home/airflow/.local/lib/python3.8/site-packages/airflow/example_dags/example_task_group.py
[2025-11-16T20:35:22.790+0000] {processor.py:830} INFO - Processing file /home/airflow/.local/lib/python3.8/site-packages/airflow/example_dags/example_task_group.py for tasks to queue
[2025-11-16T20:35:22.791+0000] {logging_mixin.py:188} INFO - [2025-11-16T20:35:22.791+0000] {dagbag.py:538} INFO - Filling up the DagBag from /home/airflow/.local/lib/python3.8/site-packages/airflow/example_dags/example_task_group.py
[2025-11-16T20:35:22.800+0000] {processor.py:840} INFO - DAG(s) 'example_task_group' retrieved from /home/airflow/.local/lib/python3.8/site-packages/airflow/example_dags/example_task_group.py
[2025-11-16T20:35:22.825+0000] {logging_mixin.py:188} INFO - [2025-11-16T20:35:22.824+0000] {dag.py:3036} INFO - Sync 1 DAGs
[2025-11-16T20:35:22.846+0000] {logging_mixin.py:188} INFO - [2025-11-16T20:35:22.846+0000] {dag.py:3823} INFO - Setting next_dagrun for example_task_group to 2025-11-15 00:00:00+00:00, run_after=2025-11-16 00:00:00+00:00
[2025-11-16T20:35:22.866+0000] {processor.py:183} INFO - Processing /home/airflow/.local/lib/python3.8/site-packages/airflow/example_dags/example_task_group.py took 0.081 seconds
[2025-11-16T20:35:53.642+0000] {processor.py:161} INFO - Started process (PID=2649) to work on /home/airflow/.local/lib/python3.8/site-packages/airflow/example_dags/example_task_group.py
[2025-11-16T20:35:53.643+0000] {processor.py:830} INFO - Processing file /home/airflow/.local/lib/python3.8/site-packages/airflow/example_dags/example_task_group.py for tasks to queue
[2025-11-16T20:35:53.644+0000] {logging_mixin.py:188} INFO - [2025-11-16T20:35:53.644+0000] {dagbag.py:538} INFO - Filling up the DagBag from /home/airflow/.local/lib/python3.8/site-packages/airflow/example_dags/example_task_group.py
[2025-11-16T20:35:53.652+0000] {processor.py:840} INFO - DAG(s) 'example_task_group' retrieved from /home/airflow/.local/lib/python3.8/site-packages/airflow/example_dags/example_task_group.py
[2025-11-16T20:35:53.677+0000] {logging_mixin.py:188} INFO - [2025-11-16T20:35:53.676+0000] {dag.py:3036} INFO - Sync 1 DAGs
[2025-11-16T20:35:53.706+0000] {logging_mixin.py:188} INFO - [2025-11-16T20:35:53.706+0000] {dag.py:3823} INFO - Setting next_dagrun for example_task_group to 2025-11-15 00:00:00+00:00, run_after=2025-11-16 00:00:00+00:00
[2025-11-16T20:35:53.729+0000] {processor.py:183} INFO - Processing /home/airflow/.local/lib/python3.8/site-packages/airflow/example_dags/example_task_group.py took 0.090 seconds
[2025-11-16T20:36:24.208+0000] {processor.py:161} INFO - Started process (PID=2732) to work on /home/airflow/.local/lib/python3.8/site-packages/airflow/example_dags/example_task_group.py
[2025-11-16T20:36:24.209+0000] {processor.py:830} INFO - Processing file /home/airflow/.local/lib/python3.8/site-packages/airflow/example_dags/example_task_group.py for tasks to queue
[2025-11-16T20:36:24.210+0000] {logging_mixin.py:188} INFO - [2025-11-16T20:36:24.210+0000] {dagbag.py:538} INFO - Filling up the DagBag from /home/airflow/.local/lib/python3.8/site-packages/airflow/example_dags/example_task_group.py
[2025-11-16T20:36:24.221+0000] {processor.py:840} INFO - DAG(s) 'example_task_group' retrieved from /home/airflow/.local/lib/python3.8/site-packages/airflow/example_dags/example_task_group.py
[2025-11-16T20:36:24.255+0000] {logging_mixin.py:188} INFO - [2025-11-16T20:36:24.255+0000] {dag.py:3036} INFO - Sync 1 DAGs
[2025-11-16T20:36:24.287+0000] {logging_mixin.py:188} INFO - [2025-11-16T20:36:24.287+0000] {dag.py:3823} INFO - Setting next_dagrun for example_task_group to 2025-11-15 00:00:00+00:00, run_after=2025-11-16 00:00:00+00:00
[2025-11-16T20:36:24.316+0000] {processor.py:183} INFO - Processing /home/airflow/.local/lib/python3.8/site-packages/airflow/example_dags/example_task_group.py took 0.111 seconds
[2025-11-16T20:36:55.586+0000] {processor.py:161} INFO - Started process (PID=2814) to work on /home/airflow/.local/lib/python3.8/site-packages/airflow/example_dags/example_task_group.py
[2025-11-16T20:36:55.587+0000] {processor.py:830} INFO - Processing file /home/airflow/.local/lib/python3.8/site-packages/airflow/example_dags/example_task_group.py for tasks to queue
[2025-11-16T20:36:55.588+0000] {logging_mixin.py:188} INFO - [2025-11-16T20:36:55.588+0000] {dagbag.py:538} INFO - Filling up the DagBag from /home/airflow/.local/lib/python3.8/site-packages/airflow/example_dags/example_task_group.py
[2025-11-16T20:36:55.601+0000] {processor.py:840} INFO - DAG(s) 'example_task_group' retrieved from /home/airflow/.local/lib/python3.8/site-packages/airflow/example_dags/example_task_group.py
[2025-11-16T20:36:55.641+0000] {logging_mixin.py:188} INFO - [2025-11-16T20:36:55.641+0000] {dag.py:3036} INFO - Sync 1 DAGs
[2025-11-16T20:36:55.670+0000] {logging_mixin.py:188} INFO - [2025-11-16T20:36:55.670+0000] {dag.py:3823} INFO - Setting next_dagrun for example_task_group to 2025-11-15 00:00:00+00:00, run_after=2025-11-16 00:00:00+00:00
[2025-11-16T20:36:55.698+0000] {processor.py:183} INFO - Processing /home/airflow/.local/lib/python3.8/site-packages/airflow/example_dags/example_task_group.py took 0.117 seconds
[2025-11-16T20:37:32.639+0000] {processor.py:161} INFO - Started process (PID=2887) to work on /home/airflow/.local/lib/python3.8/site-packages/airflow/example_dags/example_task_group.py
[2025-11-16T20:37:32.640+0000] {processor.py:830} INFO - Processing file /home/airflow/.local/lib/python3.8/site-packages/airflow/example_dags/example_task_group.py for tasks to queue
[2025-11-16T20:37:32.642+0000] {logging_mixin.py:188} INFO - [2025-11-16T20:37:32.642+0000] {dagbag.py:538} INFO - Filling up the DagBag from /home/airflow/.local/lib/python3.8/site-packages/airflow/example_dags/example_task_group.py
[2025-11-16T20:37:32.663+0000] {processor.py:840} INFO - DAG(s) 'example_task_group' retrieved from /home/airflow/.local/lib/python3.8/site-packages/airflow/example_dags/example_task_group.py
[2025-11-16T20:37:32.710+0000] {logging_mixin.py:188} INFO - [2025-11-16T20:37:32.709+0000] {dag.py:3036} INFO - Sync 1 DAGs
[2025-11-16T20:37:32.763+0000] {logging_mixin.py:188} INFO - [2025-11-16T20:37:32.762+0000] {dag.py:3823} INFO - Setting next_dagrun for example_task_group to 2025-11-15 00:00:00+00:00, run_after=2025-11-16 00:00:00+00:00
[2025-11-16T20:37:32.851+0000] {processor.py:183} INFO - Processing /home/airflow/.local/lib/python3.8/site-packages/airflow/example_dags/example_task_group.py took 0.219 seconds
[2025-11-16T20:38:03.177+0000] {processor.py:161} INFO - Started process (PID=2966) to work on /home/airflow/.local/lib/python3.8/site-packages/airflow/example_dags/example_task_group.py
[2025-11-16T20:38:03.178+0000] {processor.py:830} INFO - Processing file /home/airflow/.local/lib/python3.8/site-packages/airflow/example_dags/example_task_group.py for tasks to queue
[2025-11-16T20:38:03.182+0000] {logging_mixin.py:188} INFO - [2025-11-16T20:38:03.181+0000] {dagbag.py:538} INFO - Filling up the DagBag from /home/airflow/.local/lib/python3.8/site-packages/airflow/example_dags/example_task_group.py
[2025-11-16T20:38:03.193+0000] {processor.py:840} INFO - DAG(s) 'example_task_group' retrieved from /home/airflow/.local/lib/python3.8/site-packages/airflow/example_dags/example_task_group.py
[2025-11-16T20:38:03.225+0000] {logging_mixin.py:188} INFO - [2025-11-16T20:38:03.223+0000] {dag.py:3036} INFO - Sync 1 DAGs
[2025-11-16T20:38:03.255+0000] {logging_mixin.py:188} INFO - [2025-11-16T20:38:03.254+0000] {dag.py:3823} INFO - Setting next_dagrun for example_task_group to 2025-11-15 00:00:00+00:00, run_after=2025-11-16 00:00:00+00:00
[2025-11-16T20:38:03.286+0000] {processor.py:183} INFO - Processing /home/airflow/.local/lib/python3.8/site-packages/airflow/example_dags/example_task_group.py took 0.112 seconds
[2025-11-16T20:38:33.831+0000] {processor.py:161} INFO - Started process (PID=3049) to work on /home/airflow/.local/lib/python3.8/site-packages/airflow/example_dags/example_task_group.py
[2025-11-16T20:38:33.832+0000] {processor.py:830} INFO - Processing file /home/airflow/.local/lib/python3.8/site-packages/airflow/example_dags/example_task_group.py for tasks to queue
[2025-11-16T20:38:33.834+0000] {logging_mixin.py:188} INFO - [2025-11-16T20:38:33.833+0000] {dagbag.py:538} INFO - Filling up the DagBag from /home/airflow/.local/lib/python3.8/site-packages/airflow/example_dags/example_task_group.py
[2025-11-16T20:38:33.848+0000] {processor.py:840} INFO - DAG(s) 'example_task_group' retrieved from /home/airflow/.local/lib/python3.8/site-packages/airflow/example_dags/example_task_group.py
[2025-11-16T20:38:33.883+0000] {logging_mixin.py:188} INFO - [2025-11-16T20:38:33.883+0000] {dag.py:3036} INFO - Sync 1 DAGs
[2025-11-16T20:38:33.916+0000] {logging_mixin.py:188} INFO - [2025-11-16T20:38:33.916+0000] {dag.py:3823} INFO - Setting next_dagrun for example_task_group to 2025-11-15 00:00:00+00:00, run_after=2025-11-16 00:00:00+00:00
[2025-11-16T20:38:33.950+0000] {processor.py:183} INFO - Processing /home/airflow/.local/lib/python3.8/site-packages/airflow/example_dags/example_task_group.py took 0.122 seconds
[2025-11-16T20:39:21.707+0000] {processor.py:161} INFO - Started process (PID=3139) to work on /home/airflow/.local/lib/python3.8/site-packages/airflow/example_dags/example_task_group.py
[2025-11-16T20:39:21.711+0000] {processor.py:830} INFO - Processing file /home/airflow/.local/lib/python3.8/site-packages/airflow/example_dags/example_task_group.py for tasks to queue
[2025-11-16T20:39:21.713+0000] {logging_mixin.py:188} INFO - [2025-11-16T20:39:21.712+0000] {dagbag.py:538} INFO - Filling up the DagBag from /home/airflow/.local/lib/python3.8/site-packages/airflow/example_dags/example_task_group.py
[2025-11-16T20:39:21.726+0000] {processor.py:840} INFO - DAG(s) 'example_task_group' retrieved from /home/airflow/.local/lib/python3.8/site-packages/airflow/example_dags/example_task_group.py
[2025-11-16T20:39:21.771+0000] {logging_mixin.py:188} INFO - [2025-11-16T20:39:21.771+0000] {dag.py:3036} INFO - Sync 1 DAGs
[2025-11-16T20:39:21.814+0000] {logging_mixin.py:188} INFO - [2025-11-16T20:39:21.814+0000] {dag.py:3823} INFO - Setting next_dagrun for example_task_group to 2025-11-15 00:00:00+00:00, run_after=2025-11-16 00:00:00+00:00
[2025-11-16T20:39:21.868+0000] {processor.py:183} INFO - Processing /home/airflow/.local/lib/python3.8/site-packages/airflow/example_dags/example_task_group.py took 0.165 seconds
[2025-11-16T20:39:53.694+0000] {processor.py:161} INFO - Started process (PID=3230) to work on /home/airflow/.local/lib/python3.8/site-packages/airflow/example_dags/example_task_group.py
[2025-11-16T20:39:53.696+0000] {processor.py:830} INFO - Processing file /home/airflow/.local/lib/python3.8/site-packages/airflow/example_dags/example_task_group.py for tasks to queue
[2025-11-16T20:39:53.705+0000] {logging_mixin.py:188} INFO - [2025-11-16T20:39:53.704+0000] {dagbag.py:538} INFO - Filling up the DagBag from /home/airflow/.local/lib/python3.8/site-packages/airflow/example_dags/example_task_group.py
[2025-11-16T20:39:53.725+0000] {processor.py:840} INFO - DAG(s) 'example_task_group' retrieved from /home/airflow/.local/lib/python3.8/site-packages/airflow/example_dags/example_task_group.py
[2025-11-16T20:39:53.776+0000] {logging_mixin.py:188} INFO - [2025-11-16T20:39:53.775+0000] {dag.py:3036} INFO - Sync 1 DAGs
[2025-11-16T20:39:53.823+0000] {logging_mixin.py:188} INFO - [2025-11-16T20:39:53.821+0000] {dag.py:3823} INFO - Setting next_dagrun for example_task_group to 2025-11-15 00:00:00+00:00, run_after=2025-11-16 00:00:00+00:00
[2025-11-16T20:39:53.891+0000] {processor.py:183} INFO - Processing /home/airflow/.local/lib/python3.8/site-packages/airflow/example_dags/example_task_group.py took 0.205 seconds
[2025-11-16T20:42:26.905+0000] {processor.py:161} INFO - Started process (PID=156) to work on /home/airflow/.local/lib/python3.8/site-packages/airflow/example_dags/example_task_group.py
[2025-11-16T20:42:26.906+0000] {processor.py:830} INFO - Processing file /home/airflow/.local/lib/python3.8/site-packages/airflow/example_dags/example_task_group.py for tasks to queue
[2025-11-16T20:42:26.909+0000] {logging_mixin.py:188} INFO - [2025-11-16T20:42:26.908+0000] {dagbag.py:538} INFO - Filling up the DagBag from /home/airflow/.local/lib/python3.8/site-packages/airflow/example_dags/example_task_group.py
[2025-11-16T20:42:26.923+0000] {processor.py:840} INFO - DAG(s) 'example_task_group' retrieved from /home/airflow/.local/lib/python3.8/site-packages/airflow/example_dags/example_task_group.py
[2025-11-16T20:42:27.147+0000] {logging_mixin.py:188} INFO - [2025-11-16T20:42:27.146+0000] {dag.py:3036} INFO - Sync 1 DAGs
[2025-11-16T20:42:27.196+0000] {logging_mixin.py:188} INFO - [2025-11-16T20:42:27.196+0000] {dag.py:3823} INFO - Setting next_dagrun for example_task_group to 2025-11-15 00:00:00+00:00, run_after=2025-11-16 00:00:00+00:00
[2025-11-16T20:42:27.230+0000] {processor.py:183} INFO - Processing /home/airflow/.local/lib/python3.8/site-packages/airflow/example_dags/example_task_group.py took 0.330 seconds
[2025-11-16T20:43:04.612+0000] {processor.py:161} INFO - Started process (PID=230) to work on /home/airflow/.local/lib/python3.8/site-packages/airflow/example_dags/example_task_group.py
[2025-11-16T20:43:04.613+0000] {processor.py:830} INFO - Processing file /home/airflow/.local/lib/python3.8/site-packages/airflow/example_dags/example_task_group.py for tasks to queue
[2025-11-16T20:43:04.614+0000] {logging_mixin.py:188} INFO - [2025-11-16T20:43:04.614+0000] {dagbag.py:538} INFO - Filling up the DagBag from /home/airflow/.local/lib/python3.8/site-packages/airflow/example_dags/example_task_group.py
[2025-11-16T20:43:04.626+0000] {processor.py:840} INFO - DAG(s) 'example_task_group' retrieved from /home/airflow/.local/lib/python3.8/site-packages/airflow/example_dags/example_task_group.py
[2025-11-16T20:43:04.661+0000] {logging_mixin.py:188} INFO - [2025-11-16T20:43:04.661+0000] {dag.py:3036} INFO - Sync 1 DAGs
[2025-11-16T20:43:04.701+0000] {logging_mixin.py:188} INFO - [2025-11-16T20:43:04.700+0000] {dag.py:3823} INFO - Setting next_dagrun for example_task_group to 2025-11-15 00:00:00+00:00, run_after=2025-11-16 00:00:00+00:00
[2025-11-16T20:43:04.729+0000] {processor.py:183} INFO - Processing /home/airflow/.local/lib/python3.8/site-packages/airflow/example_dags/example_task_group.py took 0.125 seconds
[2025-11-16T20:43:35.365+0000] {processor.py:161} INFO - Started process (PID=311) to work on /home/airflow/.local/lib/python3.8/site-packages/airflow/example_dags/example_task_group.py
[2025-11-16T20:43:35.366+0000] {processor.py:830} INFO - Processing file /home/airflow/.local/lib/python3.8/site-packages/airflow/example_dags/example_task_group.py for tasks to queue
[2025-11-16T20:43:35.367+0000] {logging_mixin.py:188} INFO - [2025-11-16T20:43:35.367+0000] {dagbag.py:538} INFO - Filling up the DagBag from /home/airflow/.local/lib/python3.8/site-packages/airflow/example_dags/example_task_group.py
[2025-11-16T20:43:35.380+0000] {processor.py:840} INFO - DAG(s) 'example_task_group' retrieved from /home/airflow/.local/lib/python3.8/site-packages/airflow/example_dags/example_task_group.py
[2025-11-16T20:43:35.420+0000] {logging_mixin.py:188} INFO - [2025-11-16T20:43:35.419+0000] {dag.py:3036} INFO - Sync 1 DAGs
[2025-11-16T20:43:35.450+0000] {logging_mixin.py:188} INFO - [2025-11-16T20:43:35.449+0000] {dag.py:3823} INFO - Setting next_dagrun for example_task_group to 2025-11-15 00:00:00+00:00, run_after=2025-11-16 00:00:00+00:00
[2025-11-16T20:43:35.479+0000] {processor.py:183} INFO - Processing /home/airflow/.local/lib/python3.8/site-packages/airflow/example_dags/example_task_group.py took 0.121 seconds
[2025-11-16T20:44:05.746+0000] {processor.py:161} INFO - Started process (PID=399) to work on /home/airflow/.local/lib/python3.8/site-packages/airflow/example_dags/example_task_group.py
[2025-11-16T20:44:05.747+0000] {processor.py:830} INFO - Processing file /home/airflow/.local/lib/python3.8/site-packages/airflow/example_dags/example_task_group.py for tasks to queue
[2025-11-16T20:44:05.748+0000] {logging_mixin.py:188} INFO - [2025-11-16T20:44:05.748+0000] {dagbag.py:538} INFO - Filling up the DagBag from /home/airflow/.local/lib/python3.8/site-packages/airflow/example_dags/example_task_group.py
[2025-11-16T20:44:05.756+0000] {processor.py:840} INFO - DAG(s) 'example_task_group' retrieved from /home/airflow/.local/lib/python3.8/site-packages/airflow/example_dags/example_task_group.py
[2025-11-16T20:44:05.778+0000] {logging_mixin.py:188} INFO - [2025-11-16T20:44:05.778+0000] {dag.py:3036} INFO - Sync 1 DAGs
[2025-11-16T20:44:05.799+0000] {logging_mixin.py:188} INFO - [2025-11-16T20:44:05.799+0000] {dag.py:3823} INFO - Setting next_dagrun for example_task_group to 2025-11-15 00:00:00+00:00, run_after=2025-11-16 00:00:00+00:00
[2025-11-16T20:44:05.821+0000] {processor.py:183} INFO - Processing /home/airflow/.local/lib/python3.8/site-packages/airflow/example_dags/example_task_group.py took 0.078 seconds
[2025-11-16T20:44:36.612+0000] {processor.py:161} INFO - Started process (PID=480) to work on /home/airflow/.local/lib/python3.8/site-packages/airflow/example_dags/example_task_group.py
[2025-11-16T20:44:36.613+0000] {processor.py:830} INFO - Processing file /home/airflow/.local/lib/python3.8/site-packages/airflow/example_dags/example_task_group.py for tasks to queue
[2025-11-16T20:44:36.615+0000] {logging_mixin.py:188} INFO - [2025-11-16T20:44:36.614+0000] {dagbag.py:538} INFO - Filling up the DagBag from /home/airflow/.local/lib/python3.8/site-packages/airflow/example_dags/example_task_group.py
[2025-11-16T20:44:36.636+0000] {processor.py:840} INFO - DAG(s) 'example_task_group' retrieved from /home/airflow/.local/lib/python3.8/site-packages/airflow/example_dags/example_task_group.py
[2025-11-16T20:44:36.669+0000] {logging_mixin.py:188} INFO - [2025-11-16T20:44:36.669+0000] {dag.py:3036} INFO - Sync 1 DAGs
[2025-11-16T20:44:36.695+0000] {logging_mixin.py:188} INFO - [2025-11-16T20:44:36.695+0000] {dag.py:3823} INFO - Setting next_dagrun for example_task_group to 2025-11-15 00:00:00+00:00, run_after=2025-11-16 00:00:00+00:00
[2025-11-16T20:44:36.721+0000] {processor.py:183} INFO - Processing /home/airflow/.local/lib/python3.8/site-packages/airflow/example_dags/example_task_group.py took 0.113 seconds
[2025-11-16T20:45:07.271+0000] {processor.py:161} INFO - Started process (PID=577) to work on /home/airflow/.local/lib/python3.8/site-packages/airflow/example_dags/example_task_group.py
[2025-11-16T20:45:07.272+0000] {processor.py:830} INFO - Processing file /home/airflow/.local/lib/python3.8/site-packages/airflow/example_dags/example_task_group.py for tasks to queue
[2025-11-16T20:45:07.273+0000] {logging_mixin.py:188} INFO - [2025-11-16T20:45:07.273+0000] {dagbag.py:538} INFO - Filling up the DagBag from /home/airflow/.local/lib/python3.8/site-packages/airflow/example_dags/example_task_group.py
[2025-11-16T20:45:07.282+0000] {processor.py:840} INFO - DAG(s) 'example_task_group' retrieved from /home/airflow/.local/lib/python3.8/site-packages/airflow/example_dags/example_task_group.py
[2025-11-16T20:45:07.314+0000] {logging_mixin.py:188} INFO - [2025-11-16T20:45:07.314+0000] {dag.py:3036} INFO - Sync 1 DAGs
[2025-11-16T20:45:07.342+0000] {logging_mixin.py:188} INFO - [2025-11-16T20:45:07.342+0000] {dag.py:3823} INFO - Setting next_dagrun for example_task_group to 2025-11-15 00:00:00+00:00, run_after=2025-11-16 00:00:00+00:00
[2025-11-16T20:45:07.367+0000] {processor.py:183} INFO - Processing /home/airflow/.local/lib/python3.8/site-packages/airflow/example_dags/example_task_group.py took 0.100 seconds
[2025-11-16T20:45:37.425+0000] {processor.py:161} INFO - Started process (PID=658) to work on /home/airflow/.local/lib/python3.8/site-packages/airflow/example_dags/example_task_group.py
[2025-11-16T20:45:37.426+0000] {processor.py:830} INFO - Processing file /home/airflow/.local/lib/python3.8/site-packages/airflow/example_dags/example_task_group.py for tasks to queue
[2025-11-16T20:45:37.428+0000] {logging_mixin.py:188} INFO - [2025-11-16T20:45:37.427+0000] {dagbag.py:538} INFO - Filling up the DagBag from /home/airflow/.local/lib/python3.8/site-packages/airflow/example_dags/example_task_group.py
[2025-11-16T20:45:37.443+0000] {processor.py:840} INFO - DAG(s) 'example_task_group' retrieved from /home/airflow/.local/lib/python3.8/site-packages/airflow/example_dags/example_task_group.py
[2025-11-16T20:45:37.493+0000] {logging_mixin.py:188} INFO - [2025-11-16T20:45:37.492+0000] {dag.py:3036} INFO - Sync 1 DAGs
[2025-11-16T20:45:37.528+0000] {logging_mixin.py:188} INFO - [2025-11-16T20:45:37.527+0000] {dag.py:3823} INFO - Setting next_dagrun for example_task_group to 2025-11-15 00:00:00+00:00, run_after=2025-11-16 00:00:00+00:00
[2025-11-16T20:45:37.552+0000] {processor.py:183} INFO - Processing /home/airflow/.local/lib/python3.8/site-packages/airflow/example_dags/example_task_group.py took 0.131 seconds
[2025-11-16T20:46:08.154+0000] {processor.py:161} INFO - Started process (PID=740) to work on /home/airflow/.local/lib/python3.8/site-packages/airflow/example_dags/example_task_group.py
[2025-11-16T20:46:08.155+0000] {processor.py:830} INFO - Processing file /home/airflow/.local/lib/python3.8/site-packages/airflow/example_dags/example_task_group.py for tasks to queue
[2025-11-16T20:46:08.156+0000] {logging_mixin.py:188} INFO - [2025-11-16T20:46:08.156+0000] {dagbag.py:538} INFO - Filling up the DagBag from /home/airflow/.local/lib/python3.8/site-packages/airflow/example_dags/example_task_group.py
[2025-11-16T20:46:08.164+0000] {processor.py:840} INFO - DAG(s) 'example_task_group' retrieved from /home/airflow/.local/lib/python3.8/site-packages/airflow/example_dags/example_task_group.py
[2025-11-16T20:46:08.188+0000] {logging_mixin.py:188} INFO - [2025-11-16T20:46:08.188+0000] {dag.py:3036} INFO - Sync 1 DAGs
[2025-11-16T20:46:08.209+0000] {logging_mixin.py:188} INFO - [2025-11-16T20:46:08.209+0000] {dag.py:3823} INFO - Setting next_dagrun for example_task_group to 2025-11-15 00:00:00+00:00, run_after=2025-11-16 00:00:00+00:00
[2025-11-16T20:46:08.236+0000] {processor.py:183} INFO - Processing /home/airflow/.local/lib/python3.8/site-packages/airflow/example_dags/example_task_group.py took 0.085 seconds
[2025-11-16T20:46:38.728+0000] {processor.py:161} INFO - Started process (PID=836) to work on /home/airflow/.local/lib/python3.8/site-packages/airflow/example_dags/example_task_group.py
[2025-11-16T20:46:38.729+0000] {processor.py:830} INFO - Processing file /home/airflow/.local/lib/python3.8/site-packages/airflow/example_dags/example_task_group.py for tasks to queue
[2025-11-16T20:46:38.731+0000] {logging_mixin.py:188} INFO - [2025-11-16T20:46:38.731+0000] {dagbag.py:538} INFO - Filling up the DagBag from /home/airflow/.local/lib/python3.8/site-packages/airflow/example_dags/example_task_group.py
[2025-11-16T20:46:38.739+0000] {processor.py:840} INFO - DAG(s) 'example_task_group' retrieved from /home/airflow/.local/lib/python3.8/site-packages/airflow/example_dags/example_task_group.py
[2025-11-16T20:46:38.770+0000] {logging_mixin.py:188} INFO - [2025-11-16T20:46:38.769+0000] {dag.py:3036} INFO - Sync 1 DAGs
[2025-11-16T20:46:38.790+0000] {logging_mixin.py:188} INFO - [2025-11-16T20:46:38.790+0000] {dag.py:3823} INFO - Setting next_dagrun for example_task_group to 2025-11-15 00:00:00+00:00, run_after=2025-11-16 00:00:00+00:00
[2025-11-16T20:46:38.818+0000] {processor.py:183} INFO - Processing /home/airflow/.local/lib/python3.8/site-packages/airflow/example_dags/example_task_group.py took 0.093 seconds
[2025-11-16T20:47:09.109+0000] {processor.py:161} INFO - Started process (PID=917) to work on /home/airflow/.local/lib/python3.8/site-packages/airflow/example_dags/example_task_group.py
[2025-11-16T20:47:09.110+0000] {processor.py:830} INFO - Processing file /home/airflow/.local/lib/python3.8/site-packages/airflow/example_dags/example_task_group.py for tasks to queue
[2025-11-16T20:47:09.111+0000] {logging_mixin.py:188} INFO - [2025-11-16T20:47:09.111+0000] {dagbag.py:538} INFO - Filling up the DagBag from /home/airflow/.local/lib/python3.8/site-packages/airflow/example_dags/example_task_group.py
[2025-11-16T20:47:09.119+0000] {processor.py:840} INFO - DAG(s) 'example_task_group' retrieved from /home/airflow/.local/lib/python3.8/site-packages/airflow/example_dags/example_task_group.py
[2025-11-16T20:47:09.143+0000] {logging_mixin.py:188} INFO - [2025-11-16T20:47:09.142+0000] {dag.py:3036} INFO - Sync 1 DAGs
[2025-11-16T20:47:09.163+0000] {logging_mixin.py:188} INFO - [2025-11-16T20:47:09.163+0000] {dag.py:3823} INFO - Setting next_dagrun for example_task_group to 2025-11-15 00:00:00+00:00, run_after=2025-11-16 00:00:00+00:00
[2025-11-16T20:47:09.186+0000] {processor.py:183} INFO - Processing /home/airflow/.local/lib/python3.8/site-packages/airflow/example_dags/example_task_group.py took 0.080 seconds
[2025-11-16T20:47:39.924+0000] {processor.py:161} INFO - Started process (PID=1013) to work on /home/airflow/.local/lib/python3.8/site-packages/airflow/example_dags/example_task_group.py
[2025-11-16T20:47:39.925+0000] {processor.py:830} INFO - Processing file /home/airflow/.local/lib/python3.8/site-packages/airflow/example_dags/example_task_group.py for tasks to queue
[2025-11-16T20:47:39.926+0000] {logging_mixin.py:188} INFO - [2025-11-16T20:47:39.926+0000] {dagbag.py:538} INFO - Filling up the DagBag from /home/airflow/.local/lib/python3.8/site-packages/airflow/example_dags/example_task_group.py
[2025-11-16T20:47:39.935+0000] {processor.py:840} INFO - DAG(s) 'example_task_group' retrieved from /home/airflow/.local/lib/python3.8/site-packages/airflow/example_dags/example_task_group.py
[2025-11-16T20:47:39.958+0000] {logging_mixin.py:188} INFO - [2025-11-16T20:47:39.958+0000] {dag.py:3036} INFO - Sync 1 DAGs
[2025-11-16T20:47:39.993+0000] {logging_mixin.py:188} INFO - [2025-11-16T20:47:39.992+0000] {dag.py:3823} INFO - Setting next_dagrun for example_task_group to 2025-11-15 00:00:00+00:00, run_after=2025-11-16 00:00:00+00:00
[2025-11-16T20:47:40.021+0000] {processor.py:183} INFO - Processing /home/airflow/.local/lib/python3.8/site-packages/airflow/example_dags/example_task_group.py took 0.101 seconds
[2025-11-16T20:48:10.329+0000] {processor.py:161} INFO - Started process (PID=1093) to work on /home/airflow/.local/lib/python3.8/site-packages/airflow/example_dags/example_task_group.py
[2025-11-16T20:48:10.330+0000] {processor.py:830} INFO - Processing file /home/airflow/.local/lib/python3.8/site-packages/airflow/example_dags/example_task_group.py for tasks to queue
[2025-11-16T20:48:10.332+0000] {logging_mixin.py:188} INFO - [2025-11-16T20:48:10.331+0000] {dagbag.py:538} INFO - Filling up the DagBag from /home/airflow/.local/lib/python3.8/site-packages/airflow/example_dags/example_task_group.py
[2025-11-16T20:48:10.340+0000] {processor.py:840} INFO - DAG(s) 'example_task_group' retrieved from /home/airflow/.local/lib/python3.8/site-packages/airflow/example_dags/example_task_group.py
[2025-11-16T20:48:10.375+0000] {logging_mixin.py:188} INFO - [2025-11-16T20:48:10.375+0000] {dag.py:3036} INFO - Sync 1 DAGs
[2025-11-16T20:48:10.397+0000] {logging_mixin.py:188} INFO - [2025-11-16T20:48:10.397+0000] {dag.py:3823} INFO - Setting next_dagrun for example_task_group to 2025-11-15 00:00:00+00:00, run_after=2025-11-16 00:00:00+00:00
[2025-11-16T20:48:10.420+0000] {processor.py:183} INFO - Processing /home/airflow/.local/lib/python3.8/site-packages/airflow/example_dags/example_task_group.py took 0.094 seconds
[2025-11-16T20:48:41.421+0000] {processor.py:161} INFO - Started process (PID=1174) to work on /home/airflow/.local/lib/python3.8/site-packages/airflow/example_dags/example_task_group.py
[2025-11-16T20:48:41.422+0000] {processor.py:830} INFO - Processing file /home/airflow/.local/lib/python3.8/site-packages/airflow/example_dags/example_task_group.py for tasks to queue
[2025-11-16T20:48:41.423+0000] {logging_mixin.py:188} INFO - [2025-11-16T20:48:41.423+0000] {dagbag.py:538} INFO - Filling up the DagBag from /home/airflow/.local/lib/python3.8/site-packages/airflow/example_dags/example_task_group.py
[2025-11-16T20:48:41.434+0000] {processor.py:840} INFO - DAG(s) 'example_task_group' retrieved from /home/airflow/.local/lib/python3.8/site-packages/airflow/example_dags/example_task_group.py
[2025-11-16T20:48:41.470+0000] {logging_mixin.py:188} INFO - [2025-11-16T20:48:41.470+0000] {dag.py:3036} INFO - Sync 1 DAGs
[2025-11-16T20:48:41.508+0000] {logging_mixin.py:188} INFO - [2025-11-16T20:48:41.506+0000] {dag.py:3823} INFO - Setting next_dagrun for example_task_group to 2025-11-15 00:00:00+00:00, run_after=2025-11-16 00:00:00+00:00
[2025-11-16T20:48:41.545+0000] {processor.py:183} INFO - Processing /home/airflow/.local/lib/python3.8/site-packages/airflow/example_dags/example_task_group.py took 0.130 seconds
[2025-11-16T20:49:18.377+0000] {processor.py:161} INFO - Started process (PID=1255) to work on /home/airflow/.local/lib/python3.8/site-packages/airflow/example_dags/example_task_group.py
[2025-11-16T20:49:18.378+0000] {processor.py:830} INFO - Processing file /home/airflow/.local/lib/python3.8/site-packages/airflow/example_dags/example_task_group.py for tasks to queue
[2025-11-16T20:49:18.380+0000] {logging_mixin.py:188} INFO - [2025-11-16T20:49:18.379+0000] {dagbag.py:538} INFO - Filling up the DagBag from /home/airflow/.local/lib/python3.8/site-packages/airflow/example_dags/example_task_group.py
[2025-11-16T20:49:18.397+0000] {processor.py:840} INFO - DAG(s) 'example_task_group' retrieved from /home/airflow/.local/lib/python3.8/site-packages/airflow/example_dags/example_task_group.py
[2025-11-16T20:49:18.444+0000] {logging_mixin.py:188} INFO - [2025-11-16T20:49:18.444+0000] {dag.py:3036} INFO - Sync 1 DAGs
[2025-11-16T20:49:18.490+0000] {logging_mixin.py:188} INFO - [2025-11-16T20:49:18.490+0000] {dag.py:3823} INFO - Setting next_dagrun for example_task_group to 2025-11-15 00:00:00+00:00, run_after=2025-11-16 00:00:00+00:00
[2025-11-16T20:49:18.542+0000] {processor.py:183} INFO - Processing /home/airflow/.local/lib/python3.8/site-packages/airflow/example_dags/example_task_group.py took 0.171 seconds
[2025-11-16T20:50:05.768+0000] {processor.py:161} INFO - Started process (PID=1328) to work on /home/airflow/.local/lib/python3.8/site-packages/airflow/example_dags/example_task_group.py
[2025-11-16T20:50:05.769+0000] {processor.py:830} INFO - Processing file /home/airflow/.local/lib/python3.8/site-packages/airflow/example_dags/example_task_group.py for tasks to queue
[2025-11-16T20:50:05.773+0000] {logging_mixin.py:188} INFO - [2025-11-16T20:50:05.773+0000] {dagbag.py:538} INFO - Filling up the DagBag from /home/airflow/.local/lib/python3.8/site-packages/airflow/example_dags/example_task_group.py
[2025-11-16T20:50:05.785+0000] {processor.py:840} INFO - DAG(s) 'example_task_group' retrieved from /home/airflow/.local/lib/python3.8/site-packages/airflow/example_dags/example_task_group.py
[2025-11-16T20:50:05.831+0000] {logging_mixin.py:188} INFO - [2025-11-16T20:50:05.830+0000] {dag.py:3036} INFO - Sync 1 DAGs
[2025-11-16T20:50:05.874+0000] {logging_mixin.py:188} INFO - [2025-11-16T20:50:05.874+0000] {dag.py:3823} INFO - Setting next_dagrun for example_task_group to 2025-11-15 00:00:00+00:00, run_after=2025-11-16 00:00:00+00:00
[2025-11-16T20:50:05.912+0000] {processor.py:183} INFO - Processing /home/airflow/.local/lib/python3.8/site-packages/airflow/example_dags/example_task_group.py took 0.149 seconds
[2025-11-16T23:16:21.205+0000] {processor.py:161} INFO - Started process (PID=1431) to work on /home/airflow/.local/lib/python3.8/site-packages/airflow/example_dags/example_task_group.py
[2025-11-16T23:16:21.209+0000] {processor.py:830} INFO - Processing file /home/airflow/.local/lib/python3.8/site-packages/airflow/example_dags/example_task_group.py for tasks to queue
[2025-11-16T23:16:21.211+0000] {logging_mixin.py:188} INFO - [2025-11-16T23:16:21.211+0000] {dagbag.py:538} INFO - Filling up the DagBag from /home/airflow/.local/lib/python3.8/site-packages/airflow/example_dags/example_task_group.py
[2025-11-16T23:16:21.243+0000] {processor.py:840} INFO - DAG(s) 'example_task_group' retrieved from /home/airflow/.local/lib/python3.8/site-packages/airflow/example_dags/example_task_group.py
[2025-11-16T23:16:21.334+0000] {logging_mixin.py:188} INFO - [2025-11-16T23:16:21.334+0000] {dag.py:3036} INFO - Sync 1 DAGs
[2025-11-16T23:16:21.383+0000] {logging_mixin.py:188} INFO - [2025-11-16T23:16:21.383+0000] {dag.py:3823} INFO - Setting next_dagrun for example_task_group to 2025-11-15 00:00:00+00:00, run_after=2025-11-16 00:00:00+00:00
[2025-11-16T23:16:21.434+0000] {processor.py:183} INFO - Processing /home/airflow/.local/lib/python3.8/site-packages/airflow/example_dags/example_task_group.py took 0.235 seconds
[2025-11-16T23:16:51.555+0000] {processor.py:161} INFO - Started process (PID=1506) to work on /home/airflow/.local/lib/python3.8/site-packages/airflow/example_dags/example_task_group.py
[2025-11-16T23:16:51.556+0000] {processor.py:830} INFO - Processing file /home/airflow/.local/lib/python3.8/site-packages/airflow/example_dags/example_task_group.py for tasks to queue
[2025-11-16T23:16:51.557+0000] {logging_mixin.py:188} INFO - [2025-11-16T23:16:51.557+0000] {dagbag.py:538} INFO - Filling up the DagBag from /home/airflow/.local/lib/python3.8/site-packages/airflow/example_dags/example_task_group.py
[2025-11-16T23:16:51.570+0000] {processor.py:840} INFO - DAG(s) 'example_task_group' retrieved from /home/airflow/.local/lib/python3.8/site-packages/airflow/example_dags/example_task_group.py
[2025-11-16T23:16:51.613+0000] {logging_mixin.py:188} INFO - [2025-11-16T23:16:51.613+0000] {dag.py:3036} INFO - Sync 1 DAGs
[2025-11-16T23:16:51.647+0000] {logging_mixin.py:188} INFO - [2025-11-16T23:16:51.647+0000] {dag.py:3823} INFO - Setting next_dagrun for example_task_group to 2025-11-15 00:00:00+00:00, run_after=2025-11-16 00:00:00+00:00
[2025-11-16T23:16:51.680+0000] {processor.py:183} INFO - Processing /home/airflow/.local/lib/python3.8/site-packages/airflow/example_dags/example_task_group.py took 0.132 seconds
[2025-11-16T23:17:24.285+0000] {processor.py:161} INFO - Started process (PID=1587) to work on /home/airflow/.local/lib/python3.8/site-packages/airflow/example_dags/example_task_group.py
[2025-11-16T23:17:24.286+0000] {processor.py:830} INFO - Processing file /home/airflow/.local/lib/python3.8/site-packages/airflow/example_dags/example_task_group.py for tasks to queue
[2025-11-16T23:17:24.288+0000] {logging_mixin.py:188} INFO - [2025-11-16T23:17:24.288+0000] {dagbag.py:538} INFO - Filling up the DagBag from /home/airflow/.local/lib/python3.8/site-packages/airflow/example_dags/example_task_group.py
[2025-11-16T23:17:24.307+0000] {processor.py:840} INFO - DAG(s) 'example_task_group' retrieved from /home/airflow/.local/lib/python3.8/site-packages/airflow/example_dags/example_task_group.py
[2025-11-16T23:17:24.346+0000] {logging_mixin.py:188} INFO - [2025-11-16T23:17:24.346+0000] {dag.py:3036} INFO - Sync 1 DAGs
[2025-11-16T23:17:24.390+0000] {logging_mixin.py:188} INFO - [2025-11-16T23:17:24.390+0000] {dag.py:3823} INFO - Setting next_dagrun for example_task_group to 2025-11-15 00:00:00+00:00, run_after=2025-11-16 00:00:00+00:00
[2025-11-16T23:17:24.429+0000] {processor.py:183} INFO - Processing /home/airflow/.local/lib/python3.8/site-packages/airflow/example_dags/example_task_group.py took 0.151 seconds
[2025-11-16T23:17:58.520+0000] {processor.py:161} INFO - Started process (PID=1653) to work on /home/airflow/.local/lib/python3.8/site-packages/airflow/example_dags/example_task_group.py
[2025-11-16T23:17:58.521+0000] {processor.py:830} INFO - Processing file /home/airflow/.local/lib/python3.8/site-packages/airflow/example_dags/example_task_group.py for tasks to queue
[2025-11-16T23:17:58.523+0000] {logging_mixin.py:188} INFO - [2025-11-16T23:17:58.523+0000] {dagbag.py:538} INFO - Filling up the DagBag from /home/airflow/.local/lib/python3.8/site-packages/airflow/example_dags/example_task_group.py
[2025-11-16T23:17:58.537+0000] {processor.py:840} INFO - DAG(s) 'example_task_group' retrieved from /home/airflow/.local/lib/python3.8/site-packages/airflow/example_dags/example_task_group.py
[2025-11-16T23:17:58.583+0000] {logging_mixin.py:188} INFO - [2025-11-16T23:17:58.582+0000] {dag.py:3036} INFO - Sync 1 DAGs
[2025-11-16T23:17:58.624+0000] {logging_mixin.py:188} INFO - [2025-11-16T23:17:58.624+0000] {dag.py:3823} INFO - Setting next_dagrun for example_task_group to 2025-11-15 00:00:00+00:00, run_after=2025-11-16 00:00:00+00:00
[2025-11-16T23:17:58.658+0000] {processor.py:183} INFO - Processing /home/airflow/.local/lib/python3.8/site-packages/airflow/example_dags/example_task_group.py took 0.144 seconds
[2025-11-16T23:18:33.948+0000] {processor.py:161} INFO - Started process (PID=1749) to work on /home/airflow/.local/lib/python3.8/site-packages/airflow/example_dags/example_task_group.py
[2025-11-16T23:18:33.950+0000] {processor.py:830} INFO - Processing file /home/airflow/.local/lib/python3.8/site-packages/airflow/example_dags/example_task_group.py for tasks to queue
[2025-11-16T23:18:33.954+0000] {logging_mixin.py:188} INFO - [2025-11-16T23:18:33.953+0000] {dagbag.py:538} INFO - Filling up the DagBag from /home/airflow/.local/lib/python3.8/site-packages/airflow/example_dags/example_task_group.py
[2025-11-16T23:18:33.968+0000] {processor.py:840} INFO - DAG(s) 'example_task_group' retrieved from /home/airflow/.local/lib/python3.8/site-packages/airflow/example_dags/example_task_group.py
[2025-11-16T23:18:34.013+0000] {logging_mixin.py:188} INFO - [2025-11-16T23:18:34.013+0000] {dag.py:3036} INFO - Sync 1 DAGs
[2025-11-16T23:18:34.079+0000] {logging_mixin.py:188} INFO - [2025-11-16T23:18:34.078+0000] {dag.py:3823} INFO - Setting next_dagrun for example_task_group to 2025-11-15 00:00:00+00:00, run_after=2025-11-16 00:00:00+00:00
[2025-11-16T23:18:34.125+0000] {processor.py:183} INFO - Processing /home/airflow/.local/lib/python3.8/site-packages/airflow/example_dags/example_task_group.py took 0.182 seconds
[2025-11-16T23:19:04.324+0000] {processor.py:161} INFO - Started process (PID=1815) to work on /home/airflow/.local/lib/python3.8/site-packages/airflow/example_dags/example_task_group.py
[2025-11-16T23:19:04.325+0000] {processor.py:830} INFO - Processing file /home/airflow/.local/lib/python3.8/site-packages/airflow/example_dags/example_task_group.py for tasks to queue
[2025-11-16T23:19:04.327+0000] {logging_mixin.py:188} INFO - [2025-11-16T23:19:04.326+0000] {dagbag.py:538} INFO - Filling up the DagBag from /home/airflow/.local/lib/python3.8/site-packages/airflow/example_dags/example_task_group.py
[2025-11-16T23:19:04.338+0000] {processor.py:840} INFO - DAG(s) 'example_task_group' retrieved from /home/airflow/.local/lib/python3.8/site-packages/airflow/example_dags/example_task_group.py
[2025-11-16T23:19:04.377+0000] {logging_mixin.py:188} INFO - [2025-11-16T23:19:04.377+0000] {dag.py:3036} INFO - Sync 1 DAGs
[2025-11-16T23:19:04.412+0000] {logging_mixin.py:188} INFO - [2025-11-16T23:19:04.411+0000] {dag.py:3823} INFO - Setting next_dagrun for example_task_group to 2025-11-15 00:00:00+00:00, run_after=2025-11-16 00:00:00+00:00
[2025-11-16T23:19:04.446+0000] {processor.py:183} INFO - Processing /home/airflow/.local/lib/python3.8/site-packages/airflow/example_dags/example_task_group.py took 0.125 seconds
