[2025-11-16T20:20:27.958+0000] {processor.py:161} INFO - Started process (PID=147) to work on /home/airflow/.local/lib/python3.8/site-packages/airflow/example_dags/example_complex.py
[2025-11-16T20:20:27.959+0000] {processor.py:830} INFO - Processing file /home/airflow/.local/lib/python3.8/site-packages/airflow/example_dags/example_complex.py for tasks to queue
[2025-11-16T20:20:27.960+0000] {logging_mixin.py:188} INFO - [2025-11-16T20:20:27.960+0000] {dagbag.py:538} INFO - Filling up the DagBag from /home/airflow/.local/lib/python3.8/site-packages/airflow/example_dags/example_complex.py
[2025-11-16T20:20:28.033+0000] {processor.py:840} INFO - DAG(s) 'example_complex' retrieved from /home/airflow/.local/lib/python3.8/site-packages/airflow/example_dags/example_complex.py
[2025-11-16T20:20:28.440+0000] {logging_mixin.py:188} INFO - [2025-11-16T20:20:28.439+0000] {override.py:1769} INFO - Created Permission View: can edit on DAG:example_complex
[2025-11-16T20:20:28.458+0000] {logging_mixin.py:188} INFO - [2025-11-16T20:20:28.458+0000] {override.py:1769} INFO - Created Permission View: can read on DAG:example_complex
[2025-11-16T20:20:28.471+0000] {logging_mixin.py:188} INFO - [2025-11-16T20:20:28.470+0000] {override.py:1769} INFO - Created Permission View: can delete on DAG:example_complex
[2025-11-16T20:20:28.472+0000] {logging_mixin.py:188} INFO - [2025-11-16T20:20:28.472+0000] {dag.py:3036} INFO - Sync 1 DAGs
[2025-11-16T20:20:28.505+0000] {logging_mixin.py:188} INFO - [2025-11-16T20:20:28.504+0000] {dag.py:3058} INFO - Creating ORM DAG for example_complex
[2025-11-16T20:20:28.508+0000] {logging_mixin.py:188} INFO - [2025-11-16T20:20:28.508+0000] {dag.py:3823} INFO - Setting next_dagrun for example_complex to None, run_after=None
[2025-11-16T20:20:28.561+0000] {processor.py:183} INFO - Processing /home/airflow/.local/lib/python3.8/site-packages/airflow/example_dags/example_complex.py took 0.609 seconds
[2025-11-16T20:20:59.123+0000] {processor.py:161} INFO - Started process (PID=228) to work on /home/airflow/.local/lib/python3.8/site-packages/airflow/example_dags/example_complex.py
[2025-11-16T20:20:59.124+0000] {processor.py:830} INFO - Processing file /home/airflow/.local/lib/python3.8/site-packages/airflow/example_dags/example_complex.py for tasks to queue
[2025-11-16T20:20:59.126+0000] {logging_mixin.py:188} INFO - [2025-11-16T20:20:59.125+0000] {dagbag.py:538} INFO - Filling up the DagBag from /home/airflow/.local/lib/python3.8/site-packages/airflow/example_dags/example_complex.py
[2025-11-16T20:20:59.141+0000] {processor.py:840} INFO - DAG(s) 'example_complex' retrieved from /home/airflow/.local/lib/python3.8/site-packages/airflow/example_dags/example_complex.py
[2025-11-16T20:20:59.184+0000] {logging_mixin.py:188} INFO - [2025-11-16T20:20:59.183+0000] {dag.py:3036} INFO - Sync 1 DAGs
[2025-11-16T20:20:59.198+0000] {logging_mixin.py:188} INFO - [2025-11-16T20:20:59.198+0000] {dag.py:3823} INFO - Setting next_dagrun for example_complex to None, run_after=None
[2025-11-16T20:20:59.413+0000] {processor.py:183} INFO - Processing /home/airflow/.local/lib/python3.8/site-packages/airflow/example_dags/example_complex.py took 0.294 seconds
[2025-11-16T20:21:29.576+0000] {processor.py:161} INFO - Started process (PID=294) to work on /home/airflow/.local/lib/python3.8/site-packages/airflow/example_dags/example_complex.py
[2025-11-16T20:21:29.577+0000] {processor.py:830} INFO - Processing file /home/airflow/.local/lib/python3.8/site-packages/airflow/example_dags/example_complex.py for tasks to queue
[2025-11-16T20:21:29.578+0000] {logging_mixin.py:188} INFO - [2025-11-16T20:21:29.578+0000] {dagbag.py:538} INFO - Filling up the DagBag from /home/airflow/.local/lib/python3.8/site-packages/airflow/example_dags/example_complex.py
[2025-11-16T20:21:29.592+0000] {processor.py:840} INFO - DAG(s) 'example_complex' retrieved from /home/airflow/.local/lib/python3.8/site-packages/airflow/example_dags/example_complex.py
[2025-11-16T20:21:29.643+0000] {logging_mixin.py:188} INFO - [2025-11-16T20:21:29.643+0000] {dag.py:3036} INFO - Sync 1 DAGs
[2025-11-16T20:21:29.666+0000] {logging_mixin.py:188} INFO - [2025-11-16T20:21:29.666+0000] {dag.py:3823} INFO - Setting next_dagrun for example_complex to None, run_after=None
[2025-11-16T20:21:29.692+0000] {processor.py:183} INFO - Processing /home/airflow/.local/lib/python3.8/site-packages/airflow/example_dags/example_complex.py took 0.119 seconds
[2025-11-16T20:22:00.166+0000] {processor.py:161} INFO - Started process (PID=389) to work on /home/airflow/.local/lib/python3.8/site-packages/airflow/example_dags/example_complex.py
[2025-11-16T20:22:00.168+0000] {processor.py:830} INFO - Processing file /home/airflow/.local/lib/python3.8/site-packages/airflow/example_dags/example_complex.py for tasks to queue
[2025-11-16T20:22:00.170+0000] {logging_mixin.py:188} INFO - [2025-11-16T20:22:00.169+0000] {dagbag.py:538} INFO - Filling up the DagBag from /home/airflow/.local/lib/python3.8/site-packages/airflow/example_dags/example_complex.py
[2025-11-16T20:22:00.182+0000] {processor.py:840} INFO - DAG(s) 'example_complex' retrieved from /home/airflow/.local/lib/python3.8/site-packages/airflow/example_dags/example_complex.py
[2025-11-16T20:22:00.227+0000] {logging_mixin.py:188} INFO - [2025-11-16T20:22:00.226+0000] {dag.py:3036} INFO - Sync 1 DAGs
[2025-11-16T20:22:00.243+0000] {logging_mixin.py:188} INFO - [2025-11-16T20:22:00.242+0000] {dag.py:3823} INFO - Setting next_dagrun for example_complex to None, run_after=None
[2025-11-16T20:22:00.267+0000] {processor.py:183} INFO - Processing /home/airflow/.local/lib/python3.8/site-packages/airflow/example_dags/example_complex.py took 0.104 seconds
[2025-11-16T20:22:31.859+0000] {processor.py:161} INFO - Started process (PID=469) to work on /home/airflow/.local/lib/python3.8/site-packages/airflow/example_dags/example_complex.py
[2025-11-16T20:22:31.861+0000] {processor.py:830} INFO - Processing file /home/airflow/.local/lib/python3.8/site-packages/airflow/example_dags/example_complex.py for tasks to queue
[2025-11-16T20:22:31.863+0000] {logging_mixin.py:188} INFO - [2025-11-16T20:22:31.862+0000] {dagbag.py:538} INFO - Filling up the DagBag from /home/airflow/.local/lib/python3.8/site-packages/airflow/example_dags/example_complex.py
[2025-11-16T20:22:31.878+0000] {processor.py:840} INFO - DAG(s) 'example_complex' retrieved from /home/airflow/.local/lib/python3.8/site-packages/airflow/example_dags/example_complex.py
[2025-11-16T20:22:31.923+0000] {logging_mixin.py:188} INFO - [2025-11-16T20:22:31.923+0000] {dag.py:3036} INFO - Sync 1 DAGs
[2025-11-16T20:22:31.943+0000] {logging_mixin.py:188} INFO - [2025-11-16T20:22:31.942+0000] {dag.py:3823} INFO - Setting next_dagrun for example_complex to None, run_after=None
[2025-11-16T20:22:31.983+0000] {processor.py:183} INFO - Processing /home/airflow/.local/lib/python3.8/site-packages/airflow/example_dags/example_complex.py took 0.128 seconds
[2025-11-16T20:23:02.526+0000] {processor.py:161} INFO - Started process (PID=550) to work on /home/airflow/.local/lib/python3.8/site-packages/airflow/example_dags/example_complex.py
[2025-11-16T20:23:02.528+0000] {processor.py:830} INFO - Processing file /home/airflow/.local/lib/python3.8/site-packages/airflow/example_dags/example_complex.py for tasks to queue
[2025-11-16T20:23:02.529+0000] {logging_mixin.py:188} INFO - [2025-11-16T20:23:02.529+0000] {dagbag.py:538} INFO - Filling up the DagBag from /home/airflow/.local/lib/python3.8/site-packages/airflow/example_dags/example_complex.py
[2025-11-16T20:23:02.538+0000] {processor.py:840} INFO - DAG(s) 'example_complex' retrieved from /home/airflow/.local/lib/python3.8/site-packages/airflow/example_dags/example_complex.py
[2025-11-16T20:23:02.574+0000] {logging_mixin.py:188} INFO - [2025-11-16T20:23:02.574+0000] {dag.py:3036} INFO - Sync 1 DAGs
[2025-11-16T20:23:02.590+0000] {logging_mixin.py:188} INFO - [2025-11-16T20:23:02.590+0000] {dag.py:3823} INFO - Setting next_dagrun for example_complex to None, run_after=None
[2025-11-16T20:23:02.614+0000] {processor.py:183} INFO - Processing /home/airflow/.local/lib/python3.8/site-packages/airflow/example_dags/example_complex.py took 0.091 seconds
[2025-11-16T20:23:33.292+0000] {processor.py:161} INFO - Started process (PID=628) to work on /home/airflow/.local/lib/python3.8/site-packages/airflow/example_dags/example_complex.py
[2025-11-16T20:23:33.293+0000] {processor.py:830} INFO - Processing file /home/airflow/.local/lib/python3.8/site-packages/airflow/example_dags/example_complex.py for tasks to queue
[2025-11-16T20:23:33.294+0000] {logging_mixin.py:188} INFO - [2025-11-16T20:23:33.294+0000] {dagbag.py:538} INFO - Filling up the DagBag from /home/airflow/.local/lib/python3.8/site-packages/airflow/example_dags/example_complex.py
[2025-11-16T20:23:33.303+0000] {processor.py:840} INFO - DAG(s) 'example_complex' retrieved from /home/airflow/.local/lib/python3.8/site-packages/airflow/example_dags/example_complex.py
[2025-11-16T20:23:33.336+0000] {logging_mixin.py:188} INFO - [2025-11-16T20:23:33.336+0000] {dag.py:3036} INFO - Sync 1 DAGs
[2025-11-16T20:23:33.348+0000] {logging_mixin.py:188} INFO - [2025-11-16T20:23:33.347+0000] {dag.py:3823} INFO - Setting next_dagrun for example_complex to None, run_after=None
[2025-11-16T20:23:33.384+0000] {processor.py:183} INFO - Processing /home/airflow/.local/lib/python3.8/site-packages/airflow/example_dags/example_complex.py took 0.095 seconds
[2025-11-16T20:24:03.782+0000] {processor.py:161} INFO - Started process (PID=724) to work on /home/airflow/.local/lib/python3.8/site-packages/airflow/example_dags/example_complex.py
[2025-11-16T20:24:03.783+0000] {processor.py:830} INFO - Processing file /home/airflow/.local/lib/python3.8/site-packages/airflow/example_dags/example_complex.py for tasks to queue
[2025-11-16T20:24:03.784+0000] {logging_mixin.py:188} INFO - [2025-11-16T20:24:03.783+0000] {dagbag.py:538} INFO - Filling up the DagBag from /home/airflow/.local/lib/python3.8/site-packages/airflow/example_dags/example_complex.py
[2025-11-16T20:24:03.794+0000] {processor.py:840} INFO - DAG(s) 'example_complex' retrieved from /home/airflow/.local/lib/python3.8/site-packages/airflow/example_dags/example_complex.py
[2025-11-16T20:24:03.833+0000] {logging_mixin.py:188} INFO - [2025-11-16T20:24:03.833+0000] {dag.py:3036} INFO - Sync 1 DAGs
[2025-11-16T20:24:03.849+0000] {logging_mixin.py:188} INFO - [2025-11-16T20:24:03.847+0000] {dag.py:3823} INFO - Setting next_dagrun for example_complex to None, run_after=None
[2025-11-16T20:24:03.878+0000] {processor.py:183} INFO - Processing /home/airflow/.local/lib/python3.8/site-packages/airflow/example_dags/example_complex.py took 0.099 seconds
[2025-11-16T20:24:33.939+0000] {processor.py:161} INFO - Started process (PID=805) to work on /home/airflow/.local/lib/python3.8/site-packages/airflow/example_dags/example_complex.py
[2025-11-16T20:24:33.941+0000] {processor.py:830} INFO - Processing file /home/airflow/.local/lib/python3.8/site-packages/airflow/example_dags/example_complex.py for tasks to queue
[2025-11-16T20:24:33.942+0000] {logging_mixin.py:188} INFO - [2025-11-16T20:24:33.942+0000] {dagbag.py:538} INFO - Filling up the DagBag from /home/airflow/.local/lib/python3.8/site-packages/airflow/example_dags/example_complex.py
[2025-11-16T20:24:33.955+0000] {processor.py:840} INFO - DAG(s) 'example_complex' retrieved from /home/airflow/.local/lib/python3.8/site-packages/airflow/example_dags/example_complex.py
[2025-11-16T20:24:33.999+0000] {logging_mixin.py:188} INFO - [2025-11-16T20:24:33.999+0000] {dag.py:3036} INFO - Sync 1 DAGs
[2025-11-16T20:24:34.017+0000] {logging_mixin.py:188} INFO - [2025-11-16T20:24:34.017+0000] {dag.py:3823} INFO - Setting next_dagrun for example_complex to None, run_after=None
[2025-11-16T20:24:34.049+0000] {processor.py:183} INFO - Processing /home/airflow/.local/lib/python3.8/site-packages/airflow/example_dags/example_complex.py took 0.115 seconds
[2025-11-16T20:25:04.486+0000] {processor.py:161} INFO - Started process (PID=886) to work on /home/airflow/.local/lib/python3.8/site-packages/airflow/example_dags/example_complex.py
[2025-11-16T20:25:04.487+0000] {processor.py:830} INFO - Processing file /home/airflow/.local/lib/python3.8/site-packages/airflow/example_dags/example_complex.py for tasks to queue
[2025-11-16T20:25:04.489+0000] {logging_mixin.py:188} INFO - [2025-11-16T20:25:04.488+0000] {dagbag.py:538} INFO - Filling up the DagBag from /home/airflow/.local/lib/python3.8/site-packages/airflow/example_dags/example_complex.py
[2025-11-16T20:25:04.504+0000] {processor.py:840} INFO - DAG(s) 'example_complex' retrieved from /home/airflow/.local/lib/python3.8/site-packages/airflow/example_dags/example_complex.py
[2025-11-16T20:25:04.566+0000] {logging_mixin.py:188} INFO - [2025-11-16T20:25:04.566+0000] {dag.py:3036} INFO - Sync 1 DAGs
[2025-11-16T20:25:04.593+0000] {logging_mixin.py:188} INFO - [2025-11-16T20:25:04.592+0000] {dag.py:3823} INFO - Setting next_dagrun for example_complex to None, run_after=None
[2025-11-16T20:25:04.630+0000] {processor.py:183} INFO - Processing /home/airflow/.local/lib/python3.8/site-packages/airflow/example_dags/example_complex.py took 0.151 seconds
[2025-11-16T20:25:35.328+0000] {processor.py:161} INFO - Started process (PID=982) to work on /home/airflow/.local/lib/python3.8/site-packages/airflow/example_dags/example_complex.py
[2025-11-16T20:25:35.330+0000] {processor.py:830} INFO - Processing file /home/airflow/.local/lib/python3.8/site-packages/airflow/example_dags/example_complex.py for tasks to queue
[2025-11-16T20:25:35.332+0000] {logging_mixin.py:188} INFO - [2025-11-16T20:25:35.332+0000] {dagbag.py:538} INFO - Filling up the DagBag from /home/airflow/.local/lib/python3.8/site-packages/airflow/example_dags/example_complex.py
[2025-11-16T20:25:35.344+0000] {processor.py:840} INFO - DAG(s) 'example_complex' retrieved from /home/airflow/.local/lib/python3.8/site-packages/airflow/example_dags/example_complex.py
[2025-11-16T20:25:35.383+0000] {logging_mixin.py:188} INFO - [2025-11-16T20:25:35.383+0000] {dag.py:3036} INFO - Sync 1 DAGs
[2025-11-16T20:25:35.401+0000] {logging_mixin.py:188} INFO - [2025-11-16T20:25:35.400+0000] {dag.py:3823} INFO - Setting next_dagrun for example_complex to None, run_after=None
[2025-11-16T20:25:35.433+0000] {processor.py:183} INFO - Processing /home/airflow/.local/lib/python3.8/site-packages/airflow/example_dags/example_complex.py took 0.108 seconds
[2025-11-16T20:26:05.537+0000] {processor.py:161} INFO - Started process (PID=1063) to work on /home/airflow/.local/lib/python3.8/site-packages/airflow/example_dags/example_complex.py
[2025-11-16T20:26:05.538+0000] {processor.py:830} INFO - Processing file /home/airflow/.local/lib/python3.8/site-packages/airflow/example_dags/example_complex.py for tasks to queue
[2025-11-16T20:26:05.541+0000] {logging_mixin.py:188} INFO - [2025-11-16T20:26:05.540+0000] {dagbag.py:538} INFO - Filling up the DagBag from /home/airflow/.local/lib/python3.8/site-packages/airflow/example_dags/example_complex.py
[2025-11-16T20:26:05.558+0000] {processor.py:840} INFO - DAG(s) 'example_complex' retrieved from /home/airflow/.local/lib/python3.8/site-packages/airflow/example_dags/example_complex.py
[2025-11-16T20:26:05.602+0000] {logging_mixin.py:188} INFO - [2025-11-16T20:26:05.601+0000] {dag.py:3036} INFO - Sync 1 DAGs
[2025-11-16T20:26:05.618+0000] {logging_mixin.py:188} INFO - [2025-11-16T20:26:05.617+0000] {dag.py:3823} INFO - Setting next_dagrun for example_complex to None, run_after=None
[2025-11-16T20:26:05.654+0000] {processor.py:183} INFO - Processing /home/airflow/.local/lib/python3.8/site-packages/airflow/example_dags/example_complex.py took 0.120 seconds
[2025-11-16T20:26:35.920+0000] {processor.py:161} INFO - Started process (PID=1159) to work on /home/airflow/.local/lib/python3.8/site-packages/airflow/example_dags/example_complex.py
[2025-11-16T20:26:35.921+0000] {processor.py:830} INFO - Processing file /home/airflow/.local/lib/python3.8/site-packages/airflow/example_dags/example_complex.py for tasks to queue
[2025-11-16T20:26:35.922+0000] {logging_mixin.py:188} INFO - [2025-11-16T20:26:35.922+0000] {dagbag.py:538} INFO - Filling up the DagBag from /home/airflow/.local/lib/python3.8/site-packages/airflow/example_dags/example_complex.py
[2025-11-16T20:26:35.932+0000] {processor.py:840} INFO - DAG(s) 'example_complex' retrieved from /home/airflow/.local/lib/python3.8/site-packages/airflow/example_dags/example_complex.py
[2025-11-16T20:26:35.966+0000] {logging_mixin.py:188} INFO - [2025-11-16T20:26:35.966+0000] {dag.py:3036} INFO - Sync 1 DAGs
[2025-11-16T20:26:35.978+0000] {logging_mixin.py:188} INFO - [2025-11-16T20:26:35.978+0000] {dag.py:3823} INFO - Setting next_dagrun for example_complex to None, run_after=None
[2025-11-16T20:26:36.001+0000] {processor.py:183} INFO - Processing /home/airflow/.local/lib/python3.8/site-packages/airflow/example_dags/example_complex.py took 0.084 seconds
[2025-11-16T20:27:06.299+0000] {processor.py:161} INFO - Started process (PID=1240) to work on /home/airflow/.local/lib/python3.8/site-packages/airflow/example_dags/example_complex.py
[2025-11-16T20:27:06.300+0000] {processor.py:830} INFO - Processing file /home/airflow/.local/lib/python3.8/site-packages/airflow/example_dags/example_complex.py for tasks to queue
[2025-11-16T20:27:06.301+0000] {logging_mixin.py:188} INFO - [2025-11-16T20:27:06.301+0000] {dagbag.py:538} INFO - Filling up the DagBag from /home/airflow/.local/lib/python3.8/site-packages/airflow/example_dags/example_complex.py
[2025-11-16T20:27:06.318+0000] {processor.py:840} INFO - DAG(s) 'example_complex' retrieved from /home/airflow/.local/lib/python3.8/site-packages/airflow/example_dags/example_complex.py
[2025-11-16T20:27:06.354+0000] {logging_mixin.py:188} INFO - [2025-11-16T20:27:06.354+0000] {dag.py:3036} INFO - Sync 1 DAGs
[2025-11-16T20:27:06.370+0000] {logging_mixin.py:188} INFO - [2025-11-16T20:27:06.370+0000] {dag.py:3823} INFO - Setting next_dagrun for example_complex to None, run_after=None
[2025-11-16T20:27:06.394+0000] {processor.py:183} INFO - Processing /home/airflow/.local/lib/python3.8/site-packages/airflow/example_dags/example_complex.py took 0.098 seconds
[2025-11-16T20:27:36.663+0000] {processor.py:161} INFO - Started process (PID=1337) to work on /home/airflow/.local/lib/python3.8/site-packages/airflow/example_dags/example_complex.py
[2025-11-16T20:27:36.664+0000] {processor.py:830} INFO - Processing file /home/airflow/.local/lib/python3.8/site-packages/airflow/example_dags/example_complex.py for tasks to queue
[2025-11-16T20:27:36.665+0000] {logging_mixin.py:188} INFO - [2025-11-16T20:27:36.665+0000] {dagbag.py:538} INFO - Filling up the DagBag from /home/airflow/.local/lib/python3.8/site-packages/airflow/example_dags/example_complex.py
[2025-11-16T20:27:36.678+0000] {processor.py:840} INFO - DAG(s) 'example_complex' retrieved from /home/airflow/.local/lib/python3.8/site-packages/airflow/example_dags/example_complex.py
[2025-11-16T20:27:36.712+0000] {logging_mixin.py:188} INFO - [2025-11-16T20:27:36.712+0000] {dag.py:3036} INFO - Sync 1 DAGs
[2025-11-16T20:27:36.726+0000] {logging_mixin.py:188} INFO - [2025-11-16T20:27:36.726+0000] {dag.py:3823} INFO - Setting next_dagrun for example_complex to None, run_after=None
[2025-11-16T20:27:36.753+0000] {processor.py:183} INFO - Processing /home/airflow/.local/lib/python3.8/site-packages/airflow/example_dags/example_complex.py took 0.096 seconds
[2025-11-16T20:28:06.963+0000] {processor.py:161} INFO - Started process (PID=1417) to work on /home/airflow/.local/lib/python3.8/site-packages/airflow/example_dags/example_complex.py
[2025-11-16T20:28:06.963+0000] {processor.py:830} INFO - Processing file /home/airflow/.local/lib/python3.8/site-packages/airflow/example_dags/example_complex.py for tasks to queue
[2025-11-16T20:28:06.964+0000] {logging_mixin.py:188} INFO - [2025-11-16T20:28:06.964+0000] {dagbag.py:538} INFO - Filling up the DagBag from /home/airflow/.local/lib/python3.8/site-packages/airflow/example_dags/example_complex.py
[2025-11-16T20:28:06.974+0000] {processor.py:840} INFO - DAG(s) 'example_complex' retrieved from /home/airflow/.local/lib/python3.8/site-packages/airflow/example_dags/example_complex.py
[2025-11-16T20:28:07.007+0000] {logging_mixin.py:188} INFO - [2025-11-16T20:28:07.006+0000] {dag.py:3036} INFO - Sync 1 DAGs
[2025-11-16T20:28:07.018+0000] {logging_mixin.py:188} INFO - [2025-11-16T20:28:07.018+0000] {dag.py:3823} INFO - Setting next_dagrun for example_complex to None, run_after=None
[2025-11-16T20:28:07.039+0000] {processor.py:183} INFO - Processing /home/airflow/.local/lib/python3.8/site-packages/airflow/example_dags/example_complex.py took 0.080 seconds
[2025-11-16T20:28:37.350+0000] {processor.py:161} INFO - Started process (PID=1505) to work on /home/airflow/.local/lib/python3.8/site-packages/airflow/example_dags/example_complex.py
[2025-11-16T20:28:37.351+0000] {processor.py:830} INFO - Processing file /home/airflow/.local/lib/python3.8/site-packages/airflow/example_dags/example_complex.py for tasks to queue
[2025-11-16T20:28:37.352+0000] {logging_mixin.py:188} INFO - [2025-11-16T20:28:37.352+0000] {dagbag.py:538} INFO - Filling up the DagBag from /home/airflow/.local/lib/python3.8/site-packages/airflow/example_dags/example_complex.py
[2025-11-16T20:28:37.364+0000] {processor.py:840} INFO - DAG(s) 'example_complex' retrieved from /home/airflow/.local/lib/python3.8/site-packages/airflow/example_dags/example_complex.py
[2025-11-16T20:28:37.410+0000] {logging_mixin.py:188} INFO - [2025-11-16T20:28:37.410+0000] {dag.py:3036} INFO - Sync 1 DAGs
[2025-11-16T20:28:37.428+0000] {logging_mixin.py:188} INFO - [2025-11-16T20:28:37.427+0000] {dag.py:3823} INFO - Setting next_dagrun for example_complex to None, run_after=None
[2025-11-16T20:28:37.452+0000] {processor.py:183} INFO - Processing /home/airflow/.local/lib/python3.8/site-packages/airflow/example_dags/example_complex.py took 0.105 seconds
[2025-11-16T20:29:08.497+0000] {processor.py:161} INFO - Started process (PID=1591) to work on /home/airflow/.local/lib/python3.8/site-packages/airflow/example_dags/example_complex.py
[2025-11-16T20:29:08.509+0000] {processor.py:830} INFO - Processing file /home/airflow/.local/lib/python3.8/site-packages/airflow/example_dags/example_complex.py for tasks to queue
[2025-11-16T20:29:08.511+0000] {logging_mixin.py:188} INFO - [2025-11-16T20:29:08.510+0000] {dagbag.py:538} INFO - Filling up the DagBag from /home/airflow/.local/lib/python3.8/site-packages/airflow/example_dags/example_complex.py
[2025-11-16T20:29:08.562+0000] {processor.py:840} INFO - DAG(s) 'example_complex' retrieved from /home/airflow/.local/lib/python3.8/site-packages/airflow/example_dags/example_complex.py
[2025-11-16T20:29:08.667+0000] {logging_mixin.py:188} INFO - [2025-11-16T20:29:08.666+0000] {dag.py:3036} INFO - Sync 1 DAGs
[2025-11-16T20:29:08.716+0000] {logging_mixin.py:188} INFO - [2025-11-16T20:29:08.715+0000] {dag.py:3823} INFO - Setting next_dagrun for example_complex to None, run_after=None
[2025-11-16T20:29:08.775+0000] {processor.py:183} INFO - Processing /home/airflow/.local/lib/python3.8/site-packages/airflow/example_dags/example_complex.py took 0.282 seconds
[2025-11-16T20:29:41.572+0000] {processor.py:161} INFO - Started process (PID=1671) to work on /home/airflow/.local/lib/python3.8/site-packages/airflow/example_dags/example_complex.py
[2025-11-16T20:29:41.576+0000] {processor.py:830} INFO - Processing file /home/airflow/.local/lib/python3.8/site-packages/airflow/example_dags/example_complex.py for tasks to queue
[2025-11-16T20:29:41.579+0000] {logging_mixin.py:188} INFO - [2025-11-16T20:29:41.578+0000] {dagbag.py:538} INFO - Filling up the DagBag from /home/airflow/.local/lib/python3.8/site-packages/airflow/example_dags/example_complex.py
[2025-11-16T20:29:41.599+0000] {processor.py:840} INFO - DAG(s) 'example_complex' retrieved from /home/airflow/.local/lib/python3.8/site-packages/airflow/example_dags/example_complex.py
[2025-11-16T20:29:41.661+0000] {logging_mixin.py:188} INFO - [2025-11-16T20:29:41.660+0000] {dag.py:3036} INFO - Sync 1 DAGs
[2025-11-16T20:29:41.697+0000] {logging_mixin.py:188} INFO - [2025-11-16T20:29:41.695+0000] {dag.py:3823} INFO - Setting next_dagrun for example_complex to None, run_after=None
[2025-11-16T20:29:41.753+0000] {processor.py:183} INFO - Processing /home/airflow/.local/lib/python3.8/site-packages/airflow/example_dags/example_complex.py took 0.187 seconds
[2025-11-16T20:30:11.922+0000] {processor.py:161} INFO - Started process (PID=1752) to work on /home/airflow/.local/lib/python3.8/site-packages/airflow/example_dags/example_complex.py
[2025-11-16T20:30:11.923+0000] {processor.py:830} INFO - Processing file /home/airflow/.local/lib/python3.8/site-packages/airflow/example_dags/example_complex.py for tasks to queue
[2025-11-16T20:30:11.924+0000] {logging_mixin.py:188} INFO - [2025-11-16T20:30:11.924+0000] {dagbag.py:538} INFO - Filling up the DagBag from /home/airflow/.local/lib/python3.8/site-packages/airflow/example_dags/example_complex.py
[2025-11-16T20:30:11.939+0000] {processor.py:840} INFO - DAG(s) 'example_complex' retrieved from /home/airflow/.local/lib/python3.8/site-packages/airflow/example_dags/example_complex.py
[2025-11-16T20:30:11.982+0000] {logging_mixin.py:188} INFO - [2025-11-16T20:30:11.981+0000] {dag.py:3036} INFO - Sync 1 DAGs
[2025-11-16T20:30:12.000+0000] {logging_mixin.py:188} INFO - [2025-11-16T20:30:12.000+0000] {dag.py:3823} INFO - Setting next_dagrun for example_complex to None, run_after=None
[2025-11-16T20:30:12.034+0000] {processor.py:183} INFO - Processing /home/airflow/.local/lib/python3.8/site-packages/airflow/example_dags/example_complex.py took 0.115 seconds
[2025-11-16T20:30:43.931+0000] {processor.py:161} INFO - Started process (PID=1835) to work on /home/airflow/.local/lib/python3.8/site-packages/airflow/example_dags/example_complex.py
[2025-11-16T20:30:43.933+0000] {processor.py:830} INFO - Processing file /home/airflow/.local/lib/python3.8/site-packages/airflow/example_dags/example_complex.py for tasks to queue
[2025-11-16T20:30:43.934+0000] {logging_mixin.py:188} INFO - [2025-11-16T20:30:43.934+0000] {dagbag.py:538} INFO - Filling up the DagBag from /home/airflow/.local/lib/python3.8/site-packages/airflow/example_dags/example_complex.py
[2025-11-16T20:30:44.048+0000] {processor.py:840} INFO - DAG(s) 'example_complex' retrieved from /home/airflow/.local/lib/python3.8/site-packages/airflow/example_dags/example_complex.py
[2025-11-16T20:30:44.102+0000] {logging_mixin.py:188} INFO - [2025-11-16T20:30:44.101+0000] {dag.py:3036} INFO - Sync 1 DAGs
[2025-11-16T20:30:44.125+0000] {logging_mixin.py:188} INFO - [2025-11-16T20:30:44.125+0000] {dag.py:3823} INFO - Setting next_dagrun for example_complex to None, run_after=None
[2025-11-16T20:30:44.412+0000] {processor.py:183} INFO - Processing /home/airflow/.local/lib/python3.8/site-packages/airflow/example_dags/example_complex.py took 0.487 seconds
[2025-11-16T20:31:14.832+0000] {processor.py:161} INFO - Started process (PID=1916) to work on /home/airflow/.local/lib/python3.8/site-packages/airflow/example_dags/example_complex.py
[2025-11-16T20:31:14.832+0000] {processor.py:830} INFO - Processing file /home/airflow/.local/lib/python3.8/site-packages/airflow/example_dags/example_complex.py for tasks to queue
[2025-11-16T20:31:14.833+0000] {logging_mixin.py:188} INFO - [2025-11-16T20:31:14.833+0000] {dagbag.py:538} INFO - Filling up the DagBag from /home/airflow/.local/lib/python3.8/site-packages/airflow/example_dags/example_complex.py
[2025-11-16T20:31:14.845+0000] {processor.py:840} INFO - DAG(s) 'example_complex' retrieved from /home/airflow/.local/lib/python3.8/site-packages/airflow/example_dags/example_complex.py
[2025-11-16T20:31:14.885+0000] {logging_mixin.py:188} INFO - [2025-11-16T20:31:14.885+0000] {dag.py:3036} INFO - Sync 1 DAGs
[2025-11-16T20:31:14.899+0000] {logging_mixin.py:188} INFO - [2025-11-16T20:31:14.899+0000] {dag.py:3823} INFO - Setting next_dagrun for example_complex to None, run_after=None
[2025-11-16T20:31:14.930+0000] {processor.py:183} INFO - Processing /home/airflow/.local/lib/python3.8/site-packages/airflow/example_dags/example_complex.py took 0.101 seconds
[2025-11-16T20:31:45.746+0000] {processor.py:161} INFO - Started process (PID=2000) to work on /home/airflow/.local/lib/python3.8/site-packages/airflow/example_dags/example_complex.py
[2025-11-16T20:31:45.747+0000] {processor.py:830} INFO - Processing file /home/airflow/.local/lib/python3.8/site-packages/airflow/example_dags/example_complex.py for tasks to queue
[2025-11-16T20:31:45.748+0000] {logging_mixin.py:188} INFO - [2025-11-16T20:31:45.747+0000] {dagbag.py:538} INFO - Filling up the DagBag from /home/airflow/.local/lib/python3.8/site-packages/airflow/example_dags/example_complex.py
[2025-11-16T20:31:45.762+0000] {processor.py:840} INFO - DAG(s) 'example_complex' retrieved from /home/airflow/.local/lib/python3.8/site-packages/airflow/example_dags/example_complex.py
[2025-11-16T20:31:45.802+0000] {logging_mixin.py:188} INFO - [2025-11-16T20:31:45.802+0000] {dag.py:3036} INFO - Sync 1 DAGs
[2025-11-16T20:31:45.819+0000] {logging_mixin.py:188} INFO - [2025-11-16T20:31:45.818+0000] {dag.py:3823} INFO - Setting next_dagrun for example_complex to None, run_after=None
[2025-11-16T20:31:45.847+0000] {processor.py:183} INFO - Processing /home/airflow/.local/lib/python3.8/site-packages/airflow/example_dags/example_complex.py took 0.104 seconds
[2025-11-16T20:32:16.132+0000] {processor.py:161} INFO - Started process (PID=2081) to work on /home/airflow/.local/lib/python3.8/site-packages/airflow/example_dags/example_complex.py
[2025-11-16T20:32:16.133+0000] {processor.py:830} INFO - Processing file /home/airflow/.local/lib/python3.8/site-packages/airflow/example_dags/example_complex.py for tasks to queue
[2025-11-16T20:32:16.134+0000] {logging_mixin.py:188} INFO - [2025-11-16T20:32:16.134+0000] {dagbag.py:538} INFO - Filling up the DagBag from /home/airflow/.local/lib/python3.8/site-packages/airflow/example_dags/example_complex.py
[2025-11-16T20:32:16.153+0000] {processor.py:840} INFO - DAG(s) 'example_complex' retrieved from /home/airflow/.local/lib/python3.8/site-packages/airflow/example_dags/example_complex.py
[2025-11-16T20:32:16.201+0000] {logging_mixin.py:188} INFO - [2025-11-16T20:32:16.200+0000] {dag.py:3036} INFO - Sync 1 DAGs
[2025-11-16T20:32:16.220+0000] {logging_mixin.py:188} INFO - [2025-11-16T20:32:16.220+0000] {dag.py:3823} INFO - Setting next_dagrun for example_complex to None, run_after=None
[2025-11-16T20:32:16.250+0000] {processor.py:183} INFO - Processing /home/airflow/.local/lib/python3.8/site-packages/airflow/example_dags/example_complex.py took 0.123 seconds
[2025-11-16T20:32:50.990+0000] {processor.py:161} INFO - Started process (PID=2147) to work on /home/airflow/.local/lib/python3.8/site-packages/airflow/example_dags/example_complex.py
[2025-11-16T20:32:50.991+0000] {processor.py:830} INFO - Processing file /home/airflow/.local/lib/python3.8/site-packages/airflow/example_dags/example_complex.py for tasks to queue
[2025-11-16T20:32:50.992+0000] {logging_mixin.py:188} INFO - [2025-11-16T20:32:50.992+0000] {dagbag.py:538} INFO - Filling up the DagBag from /home/airflow/.local/lib/python3.8/site-packages/airflow/example_dags/example_complex.py
[2025-11-16T20:32:51.007+0000] {processor.py:840} INFO - DAG(s) 'example_complex' retrieved from /home/airflow/.local/lib/python3.8/site-packages/airflow/example_dags/example_complex.py
[2025-11-16T20:32:51.058+0000] {logging_mixin.py:188} INFO - [2025-11-16T20:32:51.058+0000] {dag.py:3036} INFO - Sync 1 DAGs
[2025-11-16T20:32:51.079+0000] {logging_mixin.py:188} INFO - [2025-11-16T20:32:51.079+0000] {dag.py:3823} INFO - Setting next_dagrun for example_complex to None, run_after=None
[2025-11-16T20:32:51.115+0000] {processor.py:183} INFO - Processing /home/airflow/.local/lib/python3.8/site-packages/airflow/example_dags/example_complex.py took 0.131 seconds
[2025-11-16T20:33:21.172+0000] {processor.py:161} INFO - Started process (PID=2226) to work on /home/airflow/.local/lib/python3.8/site-packages/airflow/example_dags/example_complex.py
[2025-11-16T20:33:21.172+0000] {processor.py:830} INFO - Processing file /home/airflow/.local/lib/python3.8/site-packages/airflow/example_dags/example_complex.py for tasks to queue
[2025-11-16T20:33:21.174+0000] {logging_mixin.py:188} INFO - [2025-11-16T20:33:21.173+0000] {dagbag.py:538} INFO - Filling up the DagBag from /home/airflow/.local/lib/python3.8/site-packages/airflow/example_dags/example_complex.py
[2025-11-16T20:33:21.184+0000] {processor.py:840} INFO - DAG(s) 'example_complex' retrieved from /home/airflow/.local/lib/python3.8/site-packages/airflow/example_dags/example_complex.py
[2025-11-16T20:33:21.218+0000] {logging_mixin.py:188} INFO - [2025-11-16T20:33:21.218+0000] {dag.py:3036} INFO - Sync 1 DAGs
[2025-11-16T20:33:21.231+0000] {logging_mixin.py:188} INFO - [2025-11-16T20:33:21.230+0000] {dag.py:3823} INFO - Setting next_dagrun for example_complex to None, run_after=None
[2025-11-16T20:33:21.254+0000] {processor.py:183} INFO - Processing /home/airflow/.local/lib/python3.8/site-packages/airflow/example_dags/example_complex.py took 0.086 seconds
[2025-11-16T20:33:51.708+0000] {processor.py:161} INFO - Started process (PID=2322) to work on /home/airflow/.local/lib/python3.8/site-packages/airflow/example_dags/example_complex.py
[2025-11-16T20:33:51.709+0000] {processor.py:830} INFO - Processing file /home/airflow/.local/lib/python3.8/site-packages/airflow/example_dags/example_complex.py for tasks to queue
[2025-11-16T20:33:51.710+0000] {logging_mixin.py:188} INFO - [2025-11-16T20:33:51.710+0000] {dagbag.py:538} INFO - Filling up the DagBag from /home/airflow/.local/lib/python3.8/site-packages/airflow/example_dags/example_complex.py
[2025-11-16T20:33:51.721+0000] {processor.py:840} INFO - DAG(s) 'example_complex' retrieved from /home/airflow/.local/lib/python3.8/site-packages/airflow/example_dags/example_complex.py
[2025-11-16T20:33:51.759+0000] {logging_mixin.py:188} INFO - [2025-11-16T20:33:51.759+0000] {dag.py:3036} INFO - Sync 1 DAGs
[2025-11-16T20:33:51.771+0000] {logging_mixin.py:188} INFO - [2025-11-16T20:33:51.771+0000] {dag.py:3823} INFO - Setting next_dagrun for example_complex to None, run_after=None
[2025-11-16T20:33:51.795+0000] {processor.py:183} INFO - Processing /home/airflow/.local/lib/python3.8/site-packages/airflow/example_dags/example_complex.py took 0.090 seconds
[2025-11-16T20:34:22.539+0000] {processor.py:161} INFO - Started process (PID=2404) to work on /home/airflow/.local/lib/python3.8/site-packages/airflow/example_dags/example_complex.py
[2025-11-16T20:34:22.540+0000] {processor.py:830} INFO - Processing file /home/airflow/.local/lib/python3.8/site-packages/airflow/example_dags/example_complex.py for tasks to queue
[2025-11-16T20:34:22.541+0000] {logging_mixin.py:188} INFO - [2025-11-16T20:34:22.540+0000] {dagbag.py:538} INFO - Filling up the DagBag from /home/airflow/.local/lib/python3.8/site-packages/airflow/example_dags/example_complex.py
[2025-11-16T20:34:22.550+0000] {processor.py:840} INFO - DAG(s) 'example_complex' retrieved from /home/airflow/.local/lib/python3.8/site-packages/airflow/example_dags/example_complex.py
[2025-11-16T20:34:22.582+0000] {logging_mixin.py:188} INFO - [2025-11-16T20:34:22.582+0000] {dag.py:3036} INFO - Sync 1 DAGs
[2025-11-16T20:34:22.593+0000] {logging_mixin.py:188} INFO - [2025-11-16T20:34:22.592+0000] {dag.py:3823} INFO - Setting next_dagrun for example_complex to None, run_after=None
[2025-11-16T20:34:22.616+0000] {processor.py:183} INFO - Processing /home/airflow/.local/lib/python3.8/site-packages/airflow/example_dags/example_complex.py took 0.080 seconds
[2025-11-16T20:34:53.324+0000] {processor.py:161} INFO - Started process (PID=2500) to work on /home/airflow/.local/lib/python3.8/site-packages/airflow/example_dags/example_complex.py
[2025-11-16T20:34:53.325+0000] {processor.py:830} INFO - Processing file /home/airflow/.local/lib/python3.8/site-packages/airflow/example_dags/example_complex.py for tasks to queue
[2025-11-16T20:34:53.327+0000] {logging_mixin.py:188} INFO - [2025-11-16T20:34:53.326+0000] {dagbag.py:538} INFO - Filling up the DagBag from /home/airflow/.local/lib/python3.8/site-packages/airflow/example_dags/example_complex.py
[2025-11-16T20:34:53.345+0000] {processor.py:840} INFO - DAG(s) 'example_complex' retrieved from /home/airflow/.local/lib/python3.8/site-packages/airflow/example_dags/example_complex.py
[2025-11-16T20:34:53.401+0000] {logging_mixin.py:188} INFO - [2025-11-16T20:34:53.401+0000] {dag.py:3036} INFO - Sync 1 DAGs
[2025-11-16T20:34:53.417+0000] {logging_mixin.py:188} INFO - [2025-11-16T20:34:53.417+0000] {dag.py:3823} INFO - Setting next_dagrun for example_complex to None, run_after=None
[2025-11-16T20:34:53.445+0000] {processor.py:183} INFO - Processing /home/airflow/.local/lib/python3.8/site-packages/airflow/example_dags/example_complex.py took 0.129 seconds
[2025-11-16T20:35:23.545+0000] {processor.py:161} INFO - Started process (PID=2581) to work on /home/airflow/.local/lib/python3.8/site-packages/airflow/example_dags/example_complex.py
[2025-11-16T20:35:23.546+0000] {processor.py:830} INFO - Processing file /home/airflow/.local/lib/python3.8/site-packages/airflow/example_dags/example_complex.py for tasks to queue
[2025-11-16T20:35:23.547+0000] {logging_mixin.py:188} INFO - [2025-11-16T20:35:23.547+0000] {dagbag.py:538} INFO - Filling up the DagBag from /home/airflow/.local/lib/python3.8/site-packages/airflow/example_dags/example_complex.py
[2025-11-16T20:35:23.558+0000] {processor.py:840} INFO - DAG(s) 'example_complex' retrieved from /home/airflow/.local/lib/python3.8/site-packages/airflow/example_dags/example_complex.py
[2025-11-16T20:35:23.598+0000] {logging_mixin.py:188} INFO - [2025-11-16T20:35:23.598+0000] {dag.py:3036} INFO - Sync 1 DAGs
[2025-11-16T20:35:23.611+0000] {logging_mixin.py:188} INFO - [2025-11-16T20:35:23.611+0000] {dag.py:3823} INFO - Setting next_dagrun for example_complex to None, run_after=None
[2025-11-16T20:35:23.638+0000] {processor.py:183} INFO - Processing /home/airflow/.local/lib/python3.8/site-packages/airflow/example_dags/example_complex.py took 0.097 seconds
[2025-11-16T20:35:54.140+0000] {processor.py:161} INFO - Started process (PID=2657) to work on /home/airflow/.local/lib/python3.8/site-packages/airflow/example_dags/example_complex.py
[2025-11-16T20:35:54.141+0000] {processor.py:830} INFO - Processing file /home/airflow/.local/lib/python3.8/site-packages/airflow/example_dags/example_complex.py for tasks to queue
[2025-11-16T20:35:54.142+0000] {logging_mixin.py:188} INFO - [2025-11-16T20:35:54.142+0000] {dagbag.py:538} INFO - Filling up the DagBag from /home/airflow/.local/lib/python3.8/site-packages/airflow/example_dags/example_complex.py
[2025-11-16T20:35:54.154+0000] {processor.py:840} INFO - DAG(s) 'example_complex' retrieved from /home/airflow/.local/lib/python3.8/site-packages/airflow/example_dags/example_complex.py
[2025-11-16T20:35:54.195+0000] {logging_mixin.py:188} INFO - [2025-11-16T20:35:54.195+0000] {dag.py:3036} INFO - Sync 1 DAGs
[2025-11-16T20:35:54.209+0000] {logging_mixin.py:188} INFO - [2025-11-16T20:35:54.209+0000] {dag.py:3823} INFO - Setting next_dagrun for example_complex to None, run_after=None
[2025-11-16T20:35:54.236+0000] {processor.py:183} INFO - Processing /home/airflow/.local/lib/python3.8/site-packages/airflow/example_dags/example_complex.py took 0.099 seconds
[2025-11-16T20:36:24.523+0000] {processor.py:161} INFO - Started process (PID=2736) to work on /home/airflow/.local/lib/python3.8/site-packages/airflow/example_dags/example_complex.py
[2025-11-16T20:36:24.525+0000] {processor.py:830} INFO - Processing file /home/airflow/.local/lib/python3.8/site-packages/airflow/example_dags/example_complex.py for tasks to queue
[2025-11-16T20:36:24.528+0000] {logging_mixin.py:188} INFO - [2025-11-16T20:36:24.527+0000] {dagbag.py:538} INFO - Filling up the DagBag from /home/airflow/.local/lib/python3.8/site-packages/airflow/example_dags/example_complex.py
[2025-11-16T20:36:24.541+0000] {processor.py:840} INFO - DAG(s) 'example_complex' retrieved from /home/airflow/.local/lib/python3.8/site-packages/airflow/example_dags/example_complex.py
[2025-11-16T20:36:24.585+0000] {logging_mixin.py:188} INFO - [2025-11-16T20:36:24.585+0000] {dag.py:3036} INFO - Sync 1 DAGs
[2025-11-16T20:36:24.603+0000] {logging_mixin.py:188} INFO - [2025-11-16T20:36:24.601+0000] {dag.py:3823} INFO - Setting next_dagrun for example_complex to None, run_after=None
[2025-11-16T20:36:24.630+0000] {processor.py:183} INFO - Processing /home/airflow/.local/lib/python3.8/site-packages/airflow/example_dags/example_complex.py took 0.110 seconds
[2025-11-16T20:36:55.930+0000] {processor.py:161} INFO - Started process (PID=2818) to work on /home/airflow/.local/lib/python3.8/site-packages/airflow/example_dags/example_complex.py
[2025-11-16T20:36:55.931+0000] {processor.py:830} INFO - Processing file /home/airflow/.local/lib/python3.8/site-packages/airflow/example_dags/example_complex.py for tasks to queue
[2025-11-16T20:36:55.933+0000] {logging_mixin.py:188} INFO - [2025-11-16T20:36:55.932+0000] {dagbag.py:538} INFO - Filling up the DagBag from /home/airflow/.local/lib/python3.8/site-packages/airflow/example_dags/example_complex.py
[2025-11-16T20:36:55.954+0000] {processor.py:840} INFO - DAG(s) 'example_complex' retrieved from /home/airflow/.local/lib/python3.8/site-packages/airflow/example_dags/example_complex.py
[2025-11-16T20:36:56.017+0000] {logging_mixin.py:188} INFO - [2025-11-16T20:36:56.017+0000] {dag.py:3036} INFO - Sync 1 DAGs
[2025-11-16T20:36:56.040+0000] {logging_mixin.py:188} INFO - [2025-11-16T20:36:56.040+0000] {dag.py:3823} INFO - Setting next_dagrun for example_complex to None, run_after=None
[2025-11-16T20:36:56.073+0000] {processor.py:183} INFO - Processing /home/airflow/.local/lib/python3.8/site-packages/airflow/example_dags/example_complex.py took 0.148 seconds
[2025-11-16T20:37:26.710+0000] {processor.py:161} INFO - Started process (PID=2876) to work on /home/airflow/.local/lib/python3.8/site-packages/airflow/example_dags/example_complex.py
[2025-11-16T20:37:26.713+0000] {processor.py:830} INFO - Processing file /home/airflow/.local/lib/python3.8/site-packages/airflow/example_dags/example_complex.py for tasks to queue
[2025-11-16T20:37:26.714+0000] {logging_mixin.py:188} INFO - [2025-11-16T20:37:26.714+0000] {dagbag.py:538} INFO - Filling up the DagBag from /home/airflow/.local/lib/python3.8/site-packages/airflow/example_dags/example_complex.py
[2025-11-16T20:37:26.843+0000] {processor.py:840} INFO - DAG(s) 'example_complex' retrieved from /home/airflow/.local/lib/python3.8/site-packages/airflow/example_dags/example_complex.py
[2025-11-16T20:37:26.883+0000] {logging_mixin.py:188} INFO - [2025-11-16T20:37:26.883+0000] {dag.py:3036} INFO - Sync 1 DAGs
[2025-11-16T20:37:26.896+0000] {logging_mixin.py:188} INFO - [2025-11-16T20:37:26.896+0000] {dag.py:3823} INFO - Setting next_dagrun for example_complex to None, run_after=None
[2025-11-16T20:37:27.109+0000] {processor.py:183} INFO - Processing /home/airflow/.local/lib/python3.8/site-packages/airflow/example_dags/example_complex.py took 0.402 seconds
[2025-11-16T20:37:57.399+0000] {processor.py:161} INFO - Started process (PID=2955) to work on /home/airflow/.local/lib/python3.8/site-packages/airflow/example_dags/example_complex.py
[2025-11-16T20:37:57.400+0000] {processor.py:830} INFO - Processing file /home/airflow/.local/lib/python3.8/site-packages/airflow/example_dags/example_complex.py for tasks to queue
[2025-11-16T20:37:57.404+0000] {logging_mixin.py:188} INFO - [2025-11-16T20:37:57.403+0000] {dagbag.py:538} INFO - Filling up the DagBag from /home/airflow/.local/lib/python3.8/site-packages/airflow/example_dags/example_complex.py
[2025-11-16T20:37:57.417+0000] {processor.py:840} INFO - DAG(s) 'example_complex' retrieved from /home/airflow/.local/lib/python3.8/site-packages/airflow/example_dags/example_complex.py
[2025-11-16T20:37:57.459+0000] {logging_mixin.py:188} INFO - [2025-11-16T20:37:57.459+0000] {dag.py:3036} INFO - Sync 1 DAGs
[2025-11-16T20:37:57.474+0000] {logging_mixin.py:188} INFO - [2025-11-16T20:37:57.474+0000] {dag.py:3823} INFO - Setting next_dagrun for example_complex to None, run_after=None
[2025-11-16T20:37:57.507+0000] {processor.py:183} INFO - Processing /home/airflow/.local/lib/python3.8/site-packages/airflow/example_dags/example_complex.py took 0.111 seconds
[2025-11-16T20:38:28.054+0000] {processor.py:161} INFO - Started process (PID=3038) to work on /home/airflow/.local/lib/python3.8/site-packages/airflow/example_dags/example_complex.py
[2025-11-16T20:38:28.057+0000] {processor.py:830} INFO - Processing file /home/airflow/.local/lib/python3.8/site-packages/airflow/example_dags/example_complex.py for tasks to queue
[2025-11-16T20:38:28.059+0000] {logging_mixin.py:188} INFO - [2025-11-16T20:38:28.059+0000] {dagbag.py:538} INFO - Filling up the DagBag from /home/airflow/.local/lib/python3.8/site-packages/airflow/example_dags/example_complex.py
[2025-11-16T20:38:28.072+0000] {processor.py:840} INFO - DAG(s) 'example_complex' retrieved from /home/airflow/.local/lib/python3.8/site-packages/airflow/example_dags/example_complex.py
[2025-11-16T20:38:28.130+0000] {logging_mixin.py:188} INFO - [2025-11-16T20:38:28.129+0000] {dag.py:3036} INFO - Sync 1 DAGs
[2025-11-16T20:38:28.148+0000] {logging_mixin.py:188} INFO - [2025-11-16T20:38:28.148+0000] {dag.py:3823} INFO - Setting next_dagrun for example_complex to None, run_after=None
[2025-11-16T20:38:28.180+0000] {processor.py:183} INFO - Processing /home/airflow/.local/lib/python3.8/site-packages/airflow/example_dags/example_complex.py took 0.129 seconds
[2025-11-16T20:38:58.426+0000] {processor.py:161} INFO - Started process (PID=3119) to work on /home/airflow/.local/lib/python3.8/site-packages/airflow/example_dags/example_complex.py
[2025-11-16T20:38:58.427+0000] {processor.py:830} INFO - Processing file /home/airflow/.local/lib/python3.8/site-packages/airflow/example_dags/example_complex.py for tasks to queue
[2025-11-16T20:38:58.429+0000] {logging_mixin.py:188} INFO - [2025-11-16T20:38:58.428+0000] {dagbag.py:538} INFO - Filling up the DagBag from /home/airflow/.local/lib/python3.8/site-packages/airflow/example_dags/example_complex.py
[2025-11-16T20:38:58.447+0000] {processor.py:840} INFO - DAG(s) 'example_complex' retrieved from /home/airflow/.local/lib/python3.8/site-packages/airflow/example_dags/example_complex.py
[2025-11-16T20:38:58.506+0000] {logging_mixin.py:188} INFO - [2025-11-16T20:38:58.506+0000] {dag.py:3036} INFO - Sync 1 DAGs
[2025-11-16T20:38:58.528+0000] {logging_mixin.py:188} INFO - [2025-11-16T20:38:58.527+0000] {dag.py:3823} INFO - Setting next_dagrun for example_complex to None, run_after=None
[2025-11-16T20:38:58.563+0000] {processor.py:183} INFO - Processing /home/airflow/.local/lib/python3.8/site-packages/airflow/example_dags/example_complex.py took 0.142 seconds
[2025-11-16T20:39:29.435+0000] {processor.py:161} INFO - Started process (PID=3187) to work on /home/airflow/.local/lib/python3.8/site-packages/airflow/example_dags/example_complex.py
[2025-11-16T20:39:29.437+0000] {processor.py:830} INFO - Processing file /home/airflow/.local/lib/python3.8/site-packages/airflow/example_dags/example_complex.py for tasks to queue
[2025-11-16T20:39:29.438+0000] {logging_mixin.py:188} INFO - [2025-11-16T20:39:29.438+0000] {dagbag.py:538} INFO - Filling up the DagBag from /home/airflow/.local/lib/python3.8/site-packages/airflow/example_dags/example_complex.py
[2025-11-16T20:39:29.451+0000] {processor.py:840} INFO - DAG(s) 'example_complex' retrieved from /home/airflow/.local/lib/python3.8/site-packages/airflow/example_dags/example_complex.py
[2025-11-16T20:39:29.496+0000] {logging_mixin.py:188} INFO - [2025-11-16T20:39:29.496+0000] {dag.py:3036} INFO - Sync 1 DAGs
[2025-11-16T20:39:29.515+0000] {logging_mixin.py:188} INFO - [2025-11-16T20:39:29.515+0000] {dag.py:3823} INFO - Setting next_dagrun for example_complex to None, run_after=None
[2025-11-16T20:39:29.548+0000] {processor.py:183} INFO - Processing /home/airflow/.local/lib/python3.8/site-packages/airflow/example_dags/example_complex.py took 0.118 seconds
[2025-11-16T20:39:59.771+0000] {processor.py:161} INFO - Started process (PID=3272) to work on /home/airflow/.local/lib/python3.8/site-packages/airflow/example_dags/example_complex.py
[2025-11-16T20:39:59.772+0000] {processor.py:830} INFO - Processing file /home/airflow/.local/lib/python3.8/site-packages/airflow/example_dags/example_complex.py for tasks to queue
[2025-11-16T20:39:59.773+0000] {logging_mixin.py:188} INFO - [2025-11-16T20:39:59.773+0000] {dagbag.py:538} INFO - Filling up the DagBag from /home/airflow/.local/lib/python3.8/site-packages/airflow/example_dags/example_complex.py
[2025-11-16T20:39:59.789+0000] {processor.py:840} INFO - DAG(s) 'example_complex' retrieved from /home/airflow/.local/lib/python3.8/site-packages/airflow/example_dags/example_complex.py
[2025-11-16T20:39:59.838+0000] {logging_mixin.py:188} INFO - [2025-11-16T20:39:59.838+0000] {dag.py:3036} INFO - Sync 1 DAGs
[2025-11-16T20:39:59.859+0000] {logging_mixin.py:188} INFO - [2025-11-16T20:39:59.859+0000] {dag.py:3823} INFO - Setting next_dagrun for example_complex to None, run_after=None
[2025-11-16T20:39:59.896+0000] {processor.py:183} INFO - Processing /home/airflow/.local/lib/python3.8/site-packages/airflow/example_dags/example_complex.py took 0.131 seconds
[2025-11-16T20:42:20.850+0000] {processor.py:161} INFO - Started process (PID=118) to work on /home/airflow/.local/lib/python3.8/site-packages/airflow/example_dags/example_complex.py
[2025-11-16T20:42:20.852+0000] {processor.py:830} INFO - Processing file /home/airflow/.local/lib/python3.8/site-packages/airflow/example_dags/example_complex.py for tasks to queue
[2025-11-16T20:42:20.856+0000] {logging_mixin.py:188} INFO - [2025-11-16T20:42:20.855+0000] {dagbag.py:538} INFO - Filling up the DagBag from /home/airflow/.local/lib/python3.8/site-packages/airflow/example_dags/example_complex.py
[2025-11-16T20:42:20.880+0000] {processor.py:840} INFO - DAG(s) 'example_complex' retrieved from /home/airflow/.local/lib/python3.8/site-packages/airflow/example_dags/example_complex.py
[2025-11-16T20:42:21.263+0000] {logging_mixin.py:188} INFO - [2025-11-16T20:42:21.261+0000] {dag.py:3036} INFO - Sync 1 DAGs
[2025-11-16T20:42:21.355+0000] {logging_mixin.py:188} INFO - [2025-11-16T20:42:21.355+0000] {dag.py:3823} INFO - Setting next_dagrun for example_complex to None, run_after=None
[2025-11-16T20:42:21.412+0000] {processor.py:183} INFO - Processing /home/airflow/.local/lib/python3.8/site-packages/airflow/example_dags/example_complex.py took 0.566 seconds
[2025-11-16T20:42:51.712+0000] {processor.py:161} INFO - Started process (PID=199) to work on /home/airflow/.local/lib/python3.8/site-packages/airflow/example_dags/example_complex.py
[2025-11-16T20:42:51.713+0000] {processor.py:830} INFO - Processing file /home/airflow/.local/lib/python3.8/site-packages/airflow/example_dags/example_complex.py for tasks to queue
[2025-11-16T20:42:51.714+0000] {logging_mixin.py:188} INFO - [2025-11-16T20:42:51.714+0000] {dagbag.py:538} INFO - Filling up the DagBag from /home/airflow/.local/lib/python3.8/site-packages/airflow/example_dags/example_complex.py
[2025-11-16T20:42:51.725+0000] {processor.py:840} INFO - DAG(s) 'example_complex' retrieved from /home/airflow/.local/lib/python3.8/site-packages/airflow/example_dags/example_complex.py
[2025-11-16T20:42:51.759+0000] {logging_mixin.py:188} INFO - [2025-11-16T20:42:51.759+0000] {dag.py:3036} INFO - Sync 1 DAGs
[2025-11-16T20:42:51.771+0000] {logging_mixin.py:188} INFO - [2025-11-16T20:42:51.771+0000] {dag.py:3823} INFO - Setting next_dagrun for example_complex to None, run_after=None
[2025-11-16T20:42:51.912+0000] {processor.py:183} INFO - Processing /home/airflow/.local/lib/python3.8/site-packages/airflow/example_dags/example_complex.py took 0.202 seconds
[2025-11-16T20:43:25.679+0000] {processor.py:161} INFO - Started process (PID=280) to work on /home/airflow/.local/lib/python3.8/site-packages/airflow/example_dags/example_complex.py
[2025-11-16T20:43:25.681+0000] {processor.py:830} INFO - Processing file /home/airflow/.local/lib/python3.8/site-packages/airflow/example_dags/example_complex.py for tasks to queue
[2025-11-16T20:43:25.682+0000] {logging_mixin.py:188} INFO - [2025-11-16T20:43:25.682+0000] {dagbag.py:538} INFO - Filling up the DagBag from /home/airflow/.local/lib/python3.8/site-packages/airflow/example_dags/example_complex.py
[2025-11-16T20:43:25.693+0000] {processor.py:840} INFO - DAG(s) 'example_complex' retrieved from /home/airflow/.local/lib/python3.8/site-packages/airflow/example_dags/example_complex.py
[2025-11-16T20:43:25.726+0000] {logging_mixin.py:188} INFO - [2025-11-16T20:43:25.726+0000] {dag.py:3036} INFO - Sync 1 DAGs
[2025-11-16T20:43:25.739+0000] {logging_mixin.py:188} INFO - [2025-11-16T20:43:25.738+0000] {dag.py:3823} INFO - Setting next_dagrun for example_complex to None, run_after=None
[2025-11-16T20:43:25.765+0000] {processor.py:183} INFO - Processing /home/airflow/.local/lib/python3.8/site-packages/airflow/example_dags/example_complex.py took 0.088 seconds
[2025-11-16T20:43:56.736+0000] {processor.py:161} INFO - Started process (PID=361) to work on /home/airflow/.local/lib/python3.8/site-packages/airflow/example_dags/example_complex.py
[2025-11-16T20:43:56.738+0000] {processor.py:830} INFO - Processing file /home/airflow/.local/lib/python3.8/site-packages/airflow/example_dags/example_complex.py for tasks to queue
[2025-11-16T20:43:56.740+0000] {logging_mixin.py:188} INFO - [2025-11-16T20:43:56.739+0000] {dagbag.py:538} INFO - Filling up the DagBag from /home/airflow/.local/lib/python3.8/site-packages/airflow/example_dags/example_complex.py
[2025-11-16T20:43:56.763+0000] {processor.py:840} INFO - DAG(s) 'example_complex' retrieved from /home/airflow/.local/lib/python3.8/site-packages/airflow/example_dags/example_complex.py
[2025-11-16T20:43:56.810+0000] {logging_mixin.py:188} INFO - [2025-11-16T20:43:56.809+0000] {dag.py:3036} INFO - Sync 1 DAGs
[2025-11-16T20:43:56.825+0000] {logging_mixin.py:188} INFO - [2025-11-16T20:43:56.825+0000] {dag.py:3823} INFO - Setting next_dagrun for example_complex to None, run_after=None
[2025-11-16T20:43:56.851+0000] {processor.py:183} INFO - Processing /home/airflow/.local/lib/python3.8/site-packages/airflow/example_dags/example_complex.py took 0.120 seconds
[2025-11-16T20:44:28.279+0000] {processor.py:161} INFO - Started process (PID=457) to work on /home/airflow/.local/lib/python3.8/site-packages/airflow/example_dags/example_complex.py
[2025-11-16T20:44:28.281+0000] {processor.py:830} INFO - Processing file /home/airflow/.local/lib/python3.8/site-packages/airflow/example_dags/example_complex.py for tasks to queue
[2025-11-16T20:44:28.283+0000] {logging_mixin.py:188} INFO - [2025-11-16T20:44:28.282+0000] {dagbag.py:538} INFO - Filling up the DagBag from /home/airflow/.local/lib/python3.8/site-packages/airflow/example_dags/example_complex.py
[2025-11-16T20:44:28.307+0000] {processor.py:840} INFO - DAG(s) 'example_complex' retrieved from /home/airflow/.local/lib/python3.8/site-packages/airflow/example_dags/example_complex.py
[2025-11-16T20:44:28.364+0000] {logging_mixin.py:188} INFO - [2025-11-16T20:44:28.363+0000] {dag.py:3036} INFO - Sync 1 DAGs
[2025-11-16T20:44:28.379+0000] {logging_mixin.py:188} INFO - [2025-11-16T20:44:28.378+0000] {dag.py:3823} INFO - Setting next_dagrun for example_complex to None, run_after=None
[2025-11-16T20:44:28.408+0000] {processor.py:183} INFO - Processing /home/airflow/.local/lib/python3.8/site-packages/airflow/example_dags/example_complex.py took 0.143 seconds
[2025-11-16T20:44:59.295+0000] {processor.py:161} INFO - Started process (PID=537) to work on /home/airflow/.local/lib/python3.8/site-packages/airflow/example_dags/example_complex.py
[2025-11-16T20:44:59.297+0000] {processor.py:830} INFO - Processing file /home/airflow/.local/lib/python3.8/site-packages/airflow/example_dags/example_complex.py for tasks to queue
[2025-11-16T20:44:59.298+0000] {logging_mixin.py:188} INFO - [2025-11-16T20:44:59.298+0000] {dagbag.py:538} INFO - Filling up the DagBag from /home/airflow/.local/lib/python3.8/site-packages/airflow/example_dags/example_complex.py
[2025-11-16T20:44:59.309+0000] {processor.py:840} INFO - DAG(s) 'example_complex' retrieved from /home/airflow/.local/lib/python3.8/site-packages/airflow/example_dags/example_complex.py
[2025-11-16T20:44:59.346+0000] {logging_mixin.py:188} INFO - [2025-11-16T20:44:59.346+0000] {dag.py:3036} INFO - Sync 1 DAGs
[2025-11-16T20:44:59.356+0000] {logging_mixin.py:188} INFO - [2025-11-16T20:44:59.356+0000] {dag.py:3823} INFO - Setting next_dagrun for example_complex to None, run_after=None
[2025-11-16T20:44:59.375+0000] {processor.py:183} INFO - Processing /home/airflow/.local/lib/python3.8/site-packages/airflow/example_dags/example_complex.py took 0.084 seconds
[2025-11-16T20:45:29.983+0000] {processor.py:161} INFO - Started process (PID=619) to work on /home/airflow/.local/lib/python3.8/site-packages/airflow/example_dags/example_complex.py
[2025-11-16T20:45:29.984+0000] {processor.py:830} INFO - Processing file /home/airflow/.local/lib/python3.8/site-packages/airflow/example_dags/example_complex.py for tasks to queue
[2025-11-16T20:45:29.986+0000] {logging_mixin.py:188} INFO - [2025-11-16T20:45:29.985+0000] {dagbag.py:538} INFO - Filling up the DagBag from /home/airflow/.local/lib/python3.8/site-packages/airflow/example_dags/example_complex.py
[2025-11-16T20:45:30.001+0000] {processor.py:840} INFO - DAG(s) 'example_complex' retrieved from /home/airflow/.local/lib/python3.8/site-packages/airflow/example_dags/example_complex.py
[2025-11-16T20:45:30.039+0000] {logging_mixin.py:188} INFO - [2025-11-16T20:45:30.038+0000] {dag.py:3036} INFO - Sync 1 DAGs
[2025-11-16T20:45:30.049+0000] {logging_mixin.py:188} INFO - [2025-11-16T20:45:30.049+0000] {dag.py:3823} INFO - Setting next_dagrun for example_complex to None, run_after=None
[2025-11-16T20:45:30.068+0000] {processor.py:183} INFO - Processing /home/airflow/.local/lib/python3.8/site-packages/airflow/example_dags/example_complex.py took 0.089 seconds
[2025-11-16T20:46:00.442+0000] {processor.py:161} INFO - Started process (PID=715) to work on /home/airflow/.local/lib/python3.8/site-packages/airflow/example_dags/example_complex.py
[2025-11-16T20:46:00.443+0000] {processor.py:830} INFO - Processing file /home/airflow/.local/lib/python3.8/site-packages/airflow/example_dags/example_complex.py for tasks to queue
[2025-11-16T20:46:00.444+0000] {logging_mixin.py:188} INFO - [2025-11-16T20:46:00.444+0000] {dagbag.py:538} INFO - Filling up the DagBag from /home/airflow/.local/lib/python3.8/site-packages/airflow/example_dags/example_complex.py
[2025-11-16T20:46:00.456+0000] {processor.py:840} INFO - DAG(s) 'example_complex' retrieved from /home/airflow/.local/lib/python3.8/site-packages/airflow/example_dags/example_complex.py
[2025-11-16T20:46:00.488+0000] {logging_mixin.py:188} INFO - [2025-11-16T20:46:00.488+0000] {dag.py:3036} INFO - Sync 1 DAGs
[2025-11-16T20:46:00.499+0000] {logging_mixin.py:188} INFO - [2025-11-16T20:46:00.499+0000] {dag.py:3823} INFO - Setting next_dagrun for example_complex to None, run_after=None
[2025-11-16T20:46:00.521+0000] {processor.py:183} INFO - Processing /home/airflow/.local/lib/python3.8/site-packages/airflow/example_dags/example_complex.py took 0.082 seconds
[2025-11-16T20:46:30.819+0000] {processor.py:161} INFO - Started process (PID=796) to work on /home/airflow/.local/lib/python3.8/site-packages/airflow/example_dags/example_complex.py
[2025-11-16T20:46:30.820+0000] {processor.py:830} INFO - Processing file /home/airflow/.local/lib/python3.8/site-packages/airflow/example_dags/example_complex.py for tasks to queue
[2025-11-16T20:46:30.821+0000] {logging_mixin.py:188} INFO - [2025-11-16T20:46:30.821+0000] {dagbag.py:538} INFO - Filling up the DagBag from /home/airflow/.local/lib/python3.8/site-packages/airflow/example_dags/example_complex.py
[2025-11-16T20:46:30.831+0000] {processor.py:840} INFO - DAG(s) 'example_complex' retrieved from /home/airflow/.local/lib/python3.8/site-packages/airflow/example_dags/example_complex.py
[2025-11-16T20:46:30.864+0000] {logging_mixin.py:188} INFO - [2025-11-16T20:46:30.864+0000] {dag.py:3036} INFO - Sync 1 DAGs
[2025-11-16T20:46:30.876+0000] {logging_mixin.py:188} INFO - [2025-11-16T20:46:30.876+0000] {dag.py:3823} INFO - Setting next_dagrun for example_complex to None, run_after=None
[2025-11-16T20:46:30.898+0000] {processor.py:183} INFO - Processing /home/airflow/.local/lib/python3.8/site-packages/airflow/example_dags/example_complex.py took 0.082 seconds
[2025-11-16T20:47:01.347+0000] {processor.py:161} INFO - Started process (PID=892) to work on /home/airflow/.local/lib/python3.8/site-packages/airflow/example_dags/example_complex.py
[2025-11-16T20:47:01.348+0000] {processor.py:830} INFO - Processing file /home/airflow/.local/lib/python3.8/site-packages/airflow/example_dags/example_complex.py for tasks to queue
[2025-11-16T20:47:01.350+0000] {logging_mixin.py:188} INFO - [2025-11-16T20:47:01.350+0000] {dagbag.py:538} INFO - Filling up the DagBag from /home/airflow/.local/lib/python3.8/site-packages/airflow/example_dags/example_complex.py
[2025-11-16T20:47:01.364+0000] {processor.py:840} INFO - DAG(s) 'example_complex' retrieved from /home/airflow/.local/lib/python3.8/site-packages/airflow/example_dags/example_complex.py
[2025-11-16T20:47:01.408+0000] {logging_mixin.py:188} INFO - [2025-11-16T20:47:01.408+0000] {dag.py:3036} INFO - Sync 1 DAGs
[2025-11-16T20:47:01.427+0000] {logging_mixin.py:188} INFO - [2025-11-16T20:47:01.427+0000] {dag.py:3823} INFO - Setting next_dagrun for example_complex to None, run_after=None
[2025-11-16T20:47:01.458+0000] {processor.py:183} INFO - Processing /home/airflow/.local/lib/python3.8/site-packages/airflow/example_dags/example_complex.py took 0.115 seconds
[2025-11-16T20:47:31.608+0000] {processor.py:161} INFO - Started process (PID=973) to work on /home/airflow/.local/lib/python3.8/site-packages/airflow/example_dags/example_complex.py
[2025-11-16T20:47:31.610+0000] {processor.py:830} INFO - Processing file /home/airflow/.local/lib/python3.8/site-packages/airflow/example_dags/example_complex.py for tasks to queue
[2025-11-16T20:47:31.611+0000] {logging_mixin.py:188} INFO - [2025-11-16T20:47:31.611+0000] {dagbag.py:538} INFO - Filling up the DagBag from /home/airflow/.local/lib/python3.8/site-packages/airflow/example_dags/example_complex.py
[2025-11-16T20:47:31.629+0000] {processor.py:840} INFO - DAG(s) 'example_complex' retrieved from /home/airflow/.local/lib/python3.8/site-packages/airflow/example_dags/example_complex.py
[2025-11-16T20:47:31.670+0000] {logging_mixin.py:188} INFO - [2025-11-16T20:47:31.669+0000] {dag.py:3036} INFO - Sync 1 DAGs
[2025-11-16T20:47:31.685+0000] {logging_mixin.py:188} INFO - [2025-11-16T20:47:31.685+0000] {dag.py:3823} INFO - Setting next_dagrun for example_complex to None, run_after=None
[2025-11-16T20:47:31.710+0000] {processor.py:183} INFO - Processing /home/airflow/.local/lib/python3.8/site-packages/airflow/example_dags/example_complex.py took 0.106 seconds
[2025-11-16T20:48:01.794+0000] {processor.py:161} INFO - Started process (PID=1054) to work on /home/airflow/.local/lib/python3.8/site-packages/airflow/example_dags/example_complex.py
[2025-11-16T20:48:01.795+0000] {processor.py:830} INFO - Processing file /home/airflow/.local/lib/python3.8/site-packages/airflow/example_dags/example_complex.py for tasks to queue
[2025-11-16T20:48:01.796+0000] {logging_mixin.py:188} INFO - [2025-11-16T20:48:01.795+0000] {dagbag.py:538} INFO - Filling up the DagBag from /home/airflow/.local/lib/python3.8/site-packages/airflow/example_dags/example_complex.py
[2025-11-16T20:48:01.805+0000] {processor.py:840} INFO - DAG(s) 'example_complex' retrieved from /home/airflow/.local/lib/python3.8/site-packages/airflow/example_dags/example_complex.py
[2025-11-16T20:48:01.836+0000] {logging_mixin.py:188} INFO - [2025-11-16T20:48:01.835+0000] {dag.py:3036} INFO - Sync 1 DAGs
[2025-11-16T20:48:01.847+0000] {logging_mixin.py:188} INFO - [2025-11-16T20:48:01.847+0000] {dag.py:3823} INFO - Setting next_dagrun for example_complex to None, run_after=None
[2025-11-16T20:48:01.869+0000] {processor.py:183} INFO - Processing /home/airflow/.local/lib/python3.8/site-packages/airflow/example_dags/example_complex.py took 0.078 seconds
[2025-11-16T20:48:32.143+0000] {processor.py:161} INFO - Started process (PID=1142) to work on /home/airflow/.local/lib/python3.8/site-packages/airflow/example_dags/example_complex.py
[2025-11-16T20:48:32.144+0000] {processor.py:830} INFO - Processing file /home/airflow/.local/lib/python3.8/site-packages/airflow/example_dags/example_complex.py for tasks to queue
[2025-11-16T20:48:32.146+0000] {logging_mixin.py:188} INFO - [2025-11-16T20:48:32.146+0000] {dagbag.py:538} INFO - Filling up the DagBag from /home/airflow/.local/lib/python3.8/site-packages/airflow/example_dags/example_complex.py
[2025-11-16T20:48:32.165+0000] {processor.py:840} INFO - DAG(s) 'example_complex' retrieved from /home/airflow/.local/lib/python3.8/site-packages/airflow/example_dags/example_complex.py
[2025-11-16T20:48:32.212+0000] {logging_mixin.py:188} INFO - [2025-11-16T20:48:32.211+0000] {dag.py:3036} INFO - Sync 1 DAGs
[2025-11-16T20:48:32.235+0000] {logging_mixin.py:188} INFO - [2025-11-16T20:48:32.235+0000] {dag.py:3823} INFO - Setting next_dagrun for example_complex to None, run_after=None
[2025-11-16T20:48:32.265+0000] {processor.py:183} INFO - Processing /home/airflow/.local/lib/python3.8/site-packages/airflow/example_dags/example_complex.py took 0.130 seconds
[2025-11-16T20:49:08.600+0000] {processor.py:161} INFO - Started process (PID=1222) to work on /home/airflow/.local/lib/python3.8/site-packages/airflow/example_dags/example_complex.py
[2025-11-16T20:49:08.606+0000] {processor.py:830} INFO - Processing file /home/airflow/.local/lib/python3.8/site-packages/airflow/example_dags/example_complex.py for tasks to queue
[2025-11-16T20:49:08.610+0000] {logging_mixin.py:188} INFO - [2025-11-16T20:49:08.609+0000] {dagbag.py:538} INFO - Filling up the DagBag from /home/airflow/.local/lib/python3.8/site-packages/airflow/example_dags/example_complex.py
[2025-11-16T20:49:08.635+0000] {processor.py:840} INFO - DAG(s) 'example_complex' retrieved from /home/airflow/.local/lib/python3.8/site-packages/airflow/example_dags/example_complex.py
[2025-11-16T20:49:08.745+0000] {logging_mixin.py:188} INFO - [2025-11-16T20:49:08.744+0000] {dag.py:3036} INFO - Sync 1 DAGs
[2025-11-16T20:49:08.806+0000] {logging_mixin.py:188} INFO - [2025-11-16T20:49:08.806+0000] {dag.py:3823} INFO - Setting next_dagrun for example_complex to None, run_after=None
[2025-11-16T20:49:08.921+0000] {processor.py:183} INFO - Processing /home/airflow/.local/lib/python3.8/site-packages/airflow/example_dags/example_complex.py took 0.336 seconds
[2025-11-16T20:49:39.224+0000] {processor.py:161} INFO - Started process (PID=1296) to work on /home/airflow/.local/lib/python3.8/site-packages/airflow/example_dags/example_complex.py
[2025-11-16T20:49:39.225+0000] {processor.py:830} INFO - Processing file /home/airflow/.local/lib/python3.8/site-packages/airflow/example_dags/example_complex.py for tasks to queue
[2025-11-16T20:49:39.229+0000] {logging_mixin.py:188} INFO - [2025-11-16T20:49:39.227+0000] {dagbag.py:538} INFO - Filling up the DagBag from /home/airflow/.local/lib/python3.8/site-packages/airflow/example_dags/example_complex.py
[2025-11-16T20:49:39.246+0000] {processor.py:840} INFO - DAG(s) 'example_complex' retrieved from /home/airflow/.local/lib/python3.8/site-packages/airflow/example_dags/example_complex.py
[2025-11-16T20:49:39.301+0000] {logging_mixin.py:188} INFO - [2025-11-16T20:49:39.301+0000] {dag.py:3036} INFO - Sync 1 DAGs
[2025-11-16T20:49:39.321+0000] {logging_mixin.py:188} INFO - [2025-11-16T20:49:39.321+0000] {dag.py:3823} INFO - Setting next_dagrun for example_complex to None, run_after=None
[2025-11-16T20:49:39.355+0000] {processor.py:183} INFO - Processing /home/airflow/.local/lib/python3.8/site-packages/airflow/example_dags/example_complex.py took 0.134 seconds
[2025-11-16T20:50:09.701+0000] {processor.py:161} INFO - Started process (PID=1361) to work on /home/airflow/.local/lib/python3.8/site-packages/airflow/example_dags/example_complex.py
[2025-11-16T20:50:09.705+0000] {processor.py:830} INFO - Processing file /home/airflow/.local/lib/python3.8/site-packages/airflow/example_dags/example_complex.py for tasks to queue
[2025-11-16T20:50:09.707+0000] {logging_mixin.py:188} INFO - [2025-11-16T20:50:09.706+0000] {dagbag.py:538} INFO - Filling up the DagBag from /home/airflow/.local/lib/python3.8/site-packages/airflow/example_dags/example_complex.py
[2025-11-16T20:50:09.728+0000] {processor.py:840} INFO - DAG(s) 'example_complex' retrieved from /home/airflow/.local/lib/python3.8/site-packages/airflow/example_dags/example_complex.py
[2025-11-16T20:50:09.778+0000] {logging_mixin.py:188} INFO - [2025-11-16T20:50:09.778+0000] {dag.py:3036} INFO - Sync 1 DAGs
[2025-11-16T20:50:09.797+0000] {logging_mixin.py:188} INFO - [2025-11-16T20:50:09.797+0000] {dag.py:3823} INFO - Setting next_dagrun for example_complex to None, run_after=None
[2025-11-16T20:50:09.831+0000] {processor.py:183} INFO - Processing /home/airflow/.local/lib/python3.8/site-packages/airflow/example_dags/example_complex.py took 0.133 seconds
[2025-11-16T23:16:11.774+0000] {processor.py:161} INFO - Started process (PID=1393) to work on /home/airflow/.local/lib/python3.8/site-packages/airflow/example_dags/example_complex.py
[2025-11-16T23:16:11.787+0000] {processor.py:830} INFO - Processing file /home/airflow/.local/lib/python3.8/site-packages/airflow/example_dags/example_complex.py for tasks to queue
[2025-11-16T23:16:11.809+0000] {logging_mixin.py:188} INFO - [2025-11-16T23:16:11.809+0000] {dagbag.py:538} INFO - Filling up the DagBag from /home/airflow/.local/lib/python3.8/site-packages/airflow/example_dags/example_complex.py
[2025-11-16T23:16:11.872+0000] {processor.py:840} INFO - DAG(s) 'example_complex' retrieved from /home/airflow/.local/lib/python3.8/site-packages/airflow/example_dags/example_complex.py
[2025-11-16T23:16:12.024+0000] {logging_mixin.py:188} INFO - [2025-11-16T23:16:12.024+0000] {dag.py:3036} INFO - Sync 1 DAGs
[2025-11-16T23:16:12.167+0000] {logging_mixin.py:188} INFO - [2025-11-16T23:16:12.167+0000] {dag.py:3823} INFO - Setting next_dagrun for example_complex to None, run_after=None
[2025-11-16T23:16:12.366+0000] {processor.py:183} INFO - Processing /home/airflow/.local/lib/python3.8/site-packages/airflow/example_dags/example_complex.py took 0.926 seconds
[2025-11-16T23:16:47.229+0000] {processor.py:161} INFO - Started process (PID=1476) to work on /home/airflow/.local/lib/python3.8/site-packages/airflow/example_dags/example_complex.py
[2025-11-16T23:16:47.230+0000] {processor.py:830} INFO - Processing file /home/airflow/.local/lib/python3.8/site-packages/airflow/example_dags/example_complex.py for tasks to queue
[2025-11-16T23:16:47.232+0000] {logging_mixin.py:188} INFO - [2025-11-16T23:16:47.231+0000] {dagbag.py:538} INFO - Filling up the DagBag from /home/airflow/.local/lib/python3.8/site-packages/airflow/example_dags/example_complex.py
[2025-11-16T23:16:47.250+0000] {processor.py:840} INFO - DAG(s) 'example_complex' retrieved from /home/airflow/.local/lib/python3.8/site-packages/airflow/example_dags/example_complex.py
[2025-11-16T23:16:47.309+0000] {logging_mixin.py:188} INFO - [2025-11-16T23:16:47.308+0000] {dag.py:3036} INFO - Sync 1 DAGs
[2025-11-16T23:16:47.331+0000] {logging_mixin.py:188} INFO - [2025-11-16T23:16:47.330+0000] {dag.py:3823} INFO - Setting next_dagrun for example_complex to None, run_after=None
[2025-11-16T23:16:47.377+0000] {processor.py:183} INFO - Processing /home/airflow/.local/lib/python3.8/site-packages/airflow/example_dags/example_complex.py took 0.155 seconds
[2025-11-16T23:17:18.440+0000] {processor.py:161} INFO - Started process (PID=1555) to work on /home/airflow/.local/lib/python3.8/site-packages/airflow/example_dags/example_complex.py
[2025-11-16T23:17:18.505+0000] {processor.py:830} INFO - Processing file /home/airflow/.local/lib/python3.8/site-packages/airflow/example_dags/example_complex.py for tasks to queue
[2025-11-16T23:17:18.506+0000] {logging_mixin.py:188} INFO - [2025-11-16T23:17:18.506+0000] {dagbag.py:538} INFO - Filling up the DagBag from /home/airflow/.local/lib/python3.8/site-packages/airflow/example_dags/example_complex.py
[2025-11-16T23:17:18.521+0000] {processor.py:840} INFO - DAG(s) 'example_complex' retrieved from /home/airflow/.local/lib/python3.8/site-packages/airflow/example_dags/example_complex.py
[2025-11-16T23:17:18.749+0000] {logging_mixin.py:188} INFO - [2025-11-16T23:17:18.748+0000] {dag.py:3036} INFO - Sync 1 DAGs
[2025-11-16T23:17:18.851+0000] {logging_mixin.py:188} INFO - [2025-11-16T23:17:18.851+0000] {dag.py:3823} INFO - Setting next_dagrun for example_complex to None, run_after=None
[2025-11-16T23:17:18.951+0000] {processor.py:183} INFO - Processing /home/airflow/.local/lib/python3.8/site-packages/airflow/example_dags/example_complex.py took 0.514 seconds
[2025-11-16T23:17:55.225+0000] {processor.py:161} INFO - Started process (PID=1623) to work on /home/airflow/.local/lib/python3.8/site-packages/airflow/example_dags/example_complex.py
[2025-11-16T23:17:55.226+0000] {processor.py:830} INFO - Processing file /home/airflow/.local/lib/python3.8/site-packages/airflow/example_dags/example_complex.py for tasks to queue
[2025-11-16T23:17:55.229+0000] {logging_mixin.py:188} INFO - [2025-11-16T23:17:55.227+0000] {dagbag.py:538} INFO - Filling up the DagBag from /home/airflow/.local/lib/python3.8/site-packages/airflow/example_dags/example_complex.py
[2025-11-16T23:17:55.248+0000] {processor.py:840} INFO - DAG(s) 'example_complex' retrieved from /home/airflow/.local/lib/python3.8/site-packages/airflow/example_dags/example_complex.py
[2025-11-16T23:17:55.310+0000] {logging_mixin.py:188} INFO - [2025-11-16T23:17:55.309+0000] {dag.py:3036} INFO - Sync 1 DAGs
[2025-11-16T23:17:55.333+0000] {logging_mixin.py:188} INFO - [2025-11-16T23:17:55.332+0000] {dag.py:3823} INFO - Setting next_dagrun for example_complex to None, run_after=None
[2025-11-16T23:17:55.376+0000] {processor.py:183} INFO - Processing /home/airflow/.local/lib/python3.8/site-packages/airflow/example_dags/example_complex.py took 0.155 seconds
[2025-11-16T23:18:26.483+0000] {processor.py:161} INFO - Started process (PID=1712) to work on /home/airflow/.local/lib/python3.8/site-packages/airflow/example_dags/example_complex.py
[2025-11-16T23:18:26.487+0000] {processor.py:830} INFO - Processing file /home/airflow/.local/lib/python3.8/site-packages/airflow/example_dags/example_complex.py for tasks to queue
[2025-11-16T23:18:26.488+0000] {logging_mixin.py:188} INFO - [2025-11-16T23:18:26.488+0000] {dagbag.py:538} INFO - Filling up the DagBag from /home/airflow/.local/lib/python3.8/site-packages/airflow/example_dags/example_complex.py
[2025-11-16T23:18:26.508+0000] {processor.py:840} INFO - DAG(s) 'example_complex' retrieved from /home/airflow/.local/lib/python3.8/site-packages/airflow/example_dags/example_complex.py
[2025-11-16T23:18:26.558+0000] {logging_mixin.py:188} INFO - [2025-11-16T23:18:26.557+0000] {dag.py:3036} INFO - Sync 1 DAGs
[2025-11-16T23:18:26.576+0000] {logging_mixin.py:188} INFO - [2025-11-16T23:18:26.575+0000] {dag.py:3823} INFO - Setting next_dagrun for example_complex to None, run_after=None
[2025-11-16T23:18:26.817+0000] {processor.py:183} INFO - Processing /home/airflow/.local/lib/python3.8/site-packages/airflow/example_dags/example_complex.py took 0.341 seconds
[2025-11-16T23:18:57.265+0000] {processor.py:161} INFO - Started process (PID=1784) to work on /home/airflow/.local/lib/python3.8/site-packages/airflow/example_dags/example_complex.py
[2025-11-16T23:18:57.266+0000] {processor.py:830} INFO - Processing file /home/airflow/.local/lib/python3.8/site-packages/airflow/example_dags/example_complex.py for tasks to queue
[2025-11-16T23:18:57.268+0000] {logging_mixin.py:188} INFO - [2025-11-16T23:18:57.267+0000] {dagbag.py:538} INFO - Filling up the DagBag from /home/airflow/.local/lib/python3.8/site-packages/airflow/example_dags/example_complex.py
[2025-11-16T23:18:57.287+0000] {processor.py:840} INFO - DAG(s) 'example_complex' retrieved from /home/airflow/.local/lib/python3.8/site-packages/airflow/example_dags/example_complex.py
[2025-11-16T23:18:57.351+0000] {logging_mixin.py:188} INFO - [2025-11-16T23:18:57.350+0000] {dag.py:3036} INFO - Sync 1 DAGs
[2025-11-16T23:18:57.377+0000] {logging_mixin.py:188} INFO - [2025-11-16T23:18:57.376+0000] {dag.py:3823} INFO - Setting next_dagrun for example_complex to None, run_after=None
[2025-11-16T23:18:57.416+0000] {processor.py:183} INFO - Processing /home/airflow/.local/lib/python3.8/site-packages/airflow/example_dags/example_complex.py took 0.157 seconds
[2025-11-16T23:19:31.692+0000] {processor.py:161} INFO - Started process (PID=1865) to work on /home/airflow/.local/lib/python3.8/site-packages/airflow/example_dags/example_complex.py
[2025-11-16T23:19:31.710+0000] {processor.py:830} INFO - Processing file /home/airflow/.local/lib/python3.8/site-packages/airflow/example_dags/example_complex.py for tasks to queue
[2025-11-16T23:19:31.743+0000] {logging_mixin.py:188} INFO - [2025-11-16T23:19:31.743+0000] {dagbag.py:538} INFO - Filling up the DagBag from /home/airflow/.local/lib/python3.8/site-packages/airflow/example_dags/example_complex.py
[2025-11-16T23:19:31.896+0000] {processor.py:840} INFO - DAG(s) 'example_complex' retrieved from /home/airflow/.local/lib/python3.8/site-packages/airflow/example_dags/example_complex.py
[2025-11-17T00:58:41.899+0000] {logging_mixin.py:188} INFO - [2025-11-17T00:58:41.898+0000] {dag.py:3036} INFO - Sync 1 DAGs
[2025-11-17T00:58:41.962+0000] {logging_mixin.py:188} INFO - [2025-11-17T00:58:41.962+0000] {dag.py:3823} INFO - Setting next_dagrun for example_complex to None, run_after=None
[2025-11-17T00:58:42.281+0000] {processor.py:183} INFO - Processing /home/airflow/.local/lib/python3.8/site-packages/airflow/example_dags/example_complex.py took 1.654 seconds
