[2025-11-16T20:20:31.697+0000] {processor.py:161} INFO - Started process (PID=158) to work on /home/airflow/.local/lib/python3.8/site-packages/airflow/example_dags/example_dag_decorator.py
[2025-11-16T20:20:31.698+0000] {processor.py:830} INFO - Processing file /home/airflow/.local/lib/python3.8/site-packages/airflow/example_dags/example_dag_decorator.py for tasks to queue
[2025-11-16T20:20:31.699+0000] {logging_mixin.py:188} INFO - [2025-11-16T20:20:31.699+0000] {dagbag.py:538} INFO - Filling up the DagBag from /home/airflow/.local/lib/python3.8/site-packages/airflow/example_dags/example_dag_decorator.py
[2025-11-16T20:20:32.252+0000] {processor.py:840} INFO - DAG(s) 'example_dag_decorator' retrieved from /home/airflow/.local/lib/python3.8/site-packages/airflow/example_dags/example_dag_decorator.py
[2025-11-16T20:20:34.389+0000] {logging_mixin.py:188} INFO - [2025-11-16T20:20:34.386+0000] {override.py:1769} INFO - Created Permission View: can edit on DAG:example_dag_decorator
[2025-11-16T20:20:34.410+0000] {logging_mixin.py:188} INFO - [2025-11-16T20:20:34.409+0000] {override.py:1769} INFO - Created Permission View: can read on DAG:example_dag_decorator
[2025-11-16T20:20:34.442+0000] {logging_mixin.py:188} INFO - [2025-11-16T20:20:34.441+0000] {override.py:1769} INFO - Created Permission View: can delete on DAG:example_dag_decorator
[2025-11-16T20:20:34.444+0000] {logging_mixin.py:188} INFO - [2025-11-16T20:20:34.443+0000] {dag.py:3036} INFO - Sync 1 DAGs
[2025-11-16T20:20:34.466+0000] {logging_mixin.py:188} INFO - [2025-11-16T20:20:34.466+0000] {dag.py:3058} INFO - Creating ORM DAG for example_dag_decorator
[2025-11-16T20:20:34.468+0000] {logging_mixin.py:188} INFO - [2025-11-16T20:20:34.468+0000] {dag.py:3823} INFO - Setting next_dagrun for example_dag_decorator to None, run_after=None
[2025-11-16T20:20:34.532+0000] {processor.py:183} INFO - Processing /home/airflow/.local/lib/python3.8/site-packages/airflow/example_dags/example_dag_decorator.py took 2.840 seconds
[2025-11-16T20:21:04.976+0000] {processor.py:161} INFO - Started process (PID=240) to work on /home/airflow/.local/lib/python3.8/site-packages/airflow/example_dags/example_dag_decorator.py
[2025-11-16T20:21:04.976+0000] {processor.py:830} INFO - Processing file /home/airflow/.local/lib/python3.8/site-packages/airflow/example_dags/example_dag_decorator.py for tasks to queue
[2025-11-16T20:21:04.978+0000] {logging_mixin.py:188} INFO - [2025-11-16T20:21:04.977+0000] {dagbag.py:538} INFO - Filling up the DagBag from /home/airflow/.local/lib/python3.8/site-packages/airflow/example_dags/example_dag_decorator.py
[2025-11-16T20:21:22.244+0000] {processor.py:840} INFO - DAG(s) 'example_dag_decorator' retrieved from /home/airflow/.local/lib/python3.8/site-packages/airflow/example_dags/example_dag_decorator.py
[2025-11-16T20:21:26.083+0000] {logging_mixin.py:188} INFO - [2025-11-16T20:21:26.082+0000] {dag.py:3036} INFO - Sync 1 DAGs
[2025-11-16T20:21:26.100+0000] {logging_mixin.py:188} INFO - [2025-11-16T20:21:26.100+0000] {dag.py:3823} INFO - Setting next_dagrun for example_dag_decorator to None, run_after=None
[2025-11-16T20:21:26.129+0000] {processor.py:183} INFO - Processing /home/airflow/.local/lib/python3.8/site-packages/airflow/example_dags/example_dag_decorator.py took 21.159 seconds
[2025-11-16T20:21:56.180+0000] {processor.py:161} INFO - Started process (PID=348) to work on /home/airflow/.local/lib/python3.8/site-packages/airflow/example_dags/example_dag_decorator.py
[2025-11-16T20:21:56.182+0000] {processor.py:830} INFO - Processing file /home/airflow/.local/lib/python3.8/site-packages/airflow/example_dags/example_dag_decorator.py for tasks to queue
[2025-11-16T20:21:56.183+0000] {logging_mixin.py:188} INFO - [2025-11-16T20:21:56.183+0000] {dagbag.py:538} INFO - Filling up the DagBag from /home/airflow/.local/lib/python3.8/site-packages/airflow/example_dags/example_dag_decorator.py
[2025-11-16T20:21:56.289+0000] {processor.py:840} INFO - DAG(s) 'example_dag_decorator' retrieved from /home/airflow/.local/lib/python3.8/site-packages/airflow/example_dags/example_dag_decorator.py
[2025-11-16T20:21:56.405+0000] {logging_mixin.py:188} INFO - [2025-11-16T20:21:56.405+0000] {dag.py:3036} INFO - Sync 1 DAGs
[2025-11-16T20:21:56.417+0000] {logging_mixin.py:188} INFO - [2025-11-16T20:21:56.417+0000] {dag.py:3823} INFO - Setting next_dagrun for example_dag_decorator to None, run_after=None
[2025-11-16T20:21:56.447+0000] {processor.py:183} INFO - Processing /home/airflow/.local/lib/python3.8/site-packages/airflow/example_dags/example_dag_decorator.py took 0.270 seconds
[2025-11-16T20:22:27.381+0000] {processor.py:161} INFO - Started process (PID=435) to work on /home/airflow/.local/lib/python3.8/site-packages/airflow/example_dags/example_dag_decorator.py
[2025-11-16T20:22:27.394+0000] {processor.py:830} INFO - Processing file /home/airflow/.local/lib/python3.8/site-packages/airflow/example_dags/example_dag_decorator.py for tasks to queue
[2025-11-16T20:22:27.431+0000] {logging_mixin.py:188} INFO - [2025-11-16T20:22:27.404+0000] {dagbag.py:538} INFO - Filling up the DagBag from /home/airflow/.local/lib/python3.8/site-packages/airflow/example_dags/example_dag_decorator.py
[2025-11-16T20:22:28.194+0000] {processor.py:840} INFO - DAG(s) 'example_dag_decorator' retrieved from /home/airflow/.local/lib/python3.8/site-packages/airflow/example_dags/example_dag_decorator.py
[2025-11-16T20:22:28.566+0000] {logging_mixin.py:188} INFO - [2025-11-16T20:22:28.565+0000] {dag.py:3036} INFO - Sync 1 DAGs
[2025-11-16T20:22:28.600+0000] {logging_mixin.py:188} INFO - [2025-11-16T20:22:28.600+0000] {dag.py:3823} INFO - Setting next_dagrun for example_dag_decorator to None, run_after=None
[2025-11-16T20:22:28.648+0000] {processor.py:183} INFO - Processing /home/airflow/.local/lib/python3.8/site-packages/airflow/example_dags/example_dag_decorator.py took 1.389 seconds
[2025-11-16T20:22:59.394+0000] {processor.py:161} INFO - Started process (PID=524) to work on /home/airflow/.local/lib/python3.8/site-packages/airflow/example_dags/example_dag_decorator.py
[2025-11-16T20:22:59.395+0000] {processor.py:830} INFO - Processing file /home/airflow/.local/lib/python3.8/site-packages/airflow/example_dags/example_dag_decorator.py for tasks to queue
[2025-11-16T20:22:59.397+0000] {logging_mixin.py:188} INFO - [2025-11-16T20:22:59.396+0000] {dagbag.py:538} INFO - Filling up the DagBag from /home/airflow/.local/lib/python3.8/site-packages/airflow/example_dags/example_dag_decorator.py
[2025-11-16T20:22:59.534+0000] {processor.py:840} INFO - DAG(s) 'example_dag_decorator' retrieved from /home/airflow/.local/lib/python3.8/site-packages/airflow/example_dags/example_dag_decorator.py
[2025-11-16T20:22:59.690+0000] {logging_mixin.py:188} INFO - [2025-11-16T20:22:59.690+0000] {dag.py:3036} INFO - Sync 1 DAGs
[2025-11-16T20:22:59.704+0000] {logging_mixin.py:188} INFO - [2025-11-16T20:22:59.704+0000] {dag.py:3823} INFO - Setting next_dagrun for example_dag_decorator to None, run_after=None
[2025-11-16T20:22:59.748+0000] {processor.py:183} INFO - Processing /home/airflow/.local/lib/python3.8/site-packages/airflow/example_dags/example_dag_decorator.py took 0.358 seconds
[2025-11-16T20:23:29.793+0000] {processor.py:161} INFO - Started process (PID=606) to work on /home/airflow/.local/lib/python3.8/site-packages/airflow/example_dags/example_dag_decorator.py
[2025-11-16T20:23:29.794+0000] {processor.py:830} INFO - Processing file /home/airflow/.local/lib/python3.8/site-packages/airflow/example_dags/example_dag_decorator.py for tasks to queue
[2025-11-16T20:23:29.795+0000] {logging_mixin.py:188} INFO - [2025-11-16T20:23:29.795+0000] {dagbag.py:538} INFO - Filling up the DagBag from /home/airflow/.local/lib/python3.8/site-packages/airflow/example_dags/example_dag_decorator.py
[2025-11-16T20:23:29.884+0000] {processor.py:840} INFO - DAG(s) 'example_dag_decorator' retrieved from /home/airflow/.local/lib/python3.8/site-packages/airflow/example_dags/example_dag_decorator.py
[2025-11-16T20:23:29.998+0000] {logging_mixin.py:188} INFO - [2025-11-16T20:23:29.998+0000] {dag.py:3036} INFO - Sync 1 DAGs
[2025-11-16T20:23:30.010+0000] {logging_mixin.py:188} INFO - [2025-11-16T20:23:30.010+0000] {dag.py:3823} INFO - Setting next_dagrun for example_dag_decorator to None, run_after=None
[2025-11-16T20:23:30.057+0000] {processor.py:183} INFO - Processing /home/airflow/.local/lib/python3.8/site-packages/airflow/example_dags/example_dag_decorator.py took 0.266 seconds
[2025-11-16T20:24:00.160+0000] {processor.py:161} INFO - Started process (PID=688) to work on /home/airflow/.local/lib/python3.8/site-packages/airflow/example_dags/example_dag_decorator.py
[2025-11-16T20:24:00.161+0000] {processor.py:830} INFO - Processing file /home/airflow/.local/lib/python3.8/site-packages/airflow/example_dags/example_dag_decorator.py for tasks to queue
[2025-11-16T20:24:00.162+0000] {logging_mixin.py:188} INFO - [2025-11-16T20:24:00.162+0000] {dagbag.py:538} INFO - Filling up the DagBag from /home/airflow/.local/lib/python3.8/site-packages/airflow/example_dags/example_dag_decorator.py
[2025-11-16T20:24:00.262+0000] {processor.py:840} INFO - DAG(s) 'example_dag_decorator' retrieved from /home/airflow/.local/lib/python3.8/site-packages/airflow/example_dags/example_dag_decorator.py
[2025-11-16T20:24:00.374+0000] {logging_mixin.py:188} INFO - [2025-11-16T20:24:00.373+0000] {dag.py:3036} INFO - Sync 1 DAGs
[2025-11-16T20:24:00.386+0000] {logging_mixin.py:188} INFO - [2025-11-16T20:24:00.385+0000] {dag.py:3823} INFO - Setting next_dagrun for example_dag_decorator to None, run_after=None
[2025-11-16T20:24:00.414+0000] {processor.py:183} INFO - Processing /home/airflow/.local/lib/python3.8/site-packages/airflow/example_dags/example_dag_decorator.py took 0.259 seconds
[2025-11-16T20:24:30.466+0000] {processor.py:161} INFO - Started process (PID=786) to work on /home/airflow/.local/lib/python3.8/site-packages/airflow/example_dags/example_dag_decorator.py
[2025-11-16T20:24:30.466+0000] {processor.py:830} INFO - Processing file /home/airflow/.local/lib/python3.8/site-packages/airflow/example_dags/example_dag_decorator.py for tasks to queue
[2025-11-16T20:24:30.467+0000] {logging_mixin.py:188} INFO - [2025-11-16T20:24:30.467+0000] {dagbag.py:538} INFO - Filling up the DagBag from /home/airflow/.local/lib/python3.8/site-packages/airflow/example_dags/example_dag_decorator.py
[2025-11-16T20:24:30.553+0000] {processor.py:840} INFO - DAG(s) 'example_dag_decorator' retrieved from /home/airflow/.local/lib/python3.8/site-packages/airflow/example_dags/example_dag_decorator.py
[2025-11-16T20:24:30.658+0000] {logging_mixin.py:188} INFO - [2025-11-16T20:24:30.657+0000] {dag.py:3036} INFO - Sync 1 DAGs
[2025-11-16T20:24:30.669+0000] {logging_mixin.py:188} INFO - [2025-11-16T20:24:30.668+0000] {dag.py:3823} INFO - Setting next_dagrun for example_dag_decorator to None, run_after=None
[2025-11-16T20:24:30.694+0000] {processor.py:183} INFO - Processing /home/airflow/.local/lib/python3.8/site-packages/airflow/example_dags/example_dag_decorator.py took 0.232 seconds
[2025-11-16T20:25:00.872+0000] {processor.py:161} INFO - Started process (PID=869) to work on /home/airflow/.local/lib/python3.8/site-packages/airflow/example_dags/example_dag_decorator.py
[2025-11-16T20:25:00.873+0000] {processor.py:830} INFO - Processing file /home/airflow/.local/lib/python3.8/site-packages/airflow/example_dags/example_dag_decorator.py for tasks to queue
[2025-11-16T20:25:00.874+0000] {logging_mixin.py:188} INFO - [2025-11-16T20:25:00.874+0000] {dagbag.py:538} INFO - Filling up the DagBag from /home/airflow/.local/lib/python3.8/site-packages/airflow/example_dags/example_dag_decorator.py
[2025-11-16T20:25:00.997+0000] {processor.py:840} INFO - DAG(s) 'example_dag_decorator' retrieved from /home/airflow/.local/lib/python3.8/site-packages/airflow/example_dags/example_dag_decorator.py
[2025-11-16T20:25:01.149+0000] {logging_mixin.py:188} INFO - [2025-11-16T20:25:01.149+0000] {dag.py:3036} INFO - Sync 1 DAGs
[2025-11-16T20:25:01.166+0000] {logging_mixin.py:188} INFO - [2025-11-16T20:25:01.166+0000] {dag.py:3823} INFO - Setting next_dagrun for example_dag_decorator to None, run_after=None
[2025-11-16T20:25:01.197+0000] {processor.py:183} INFO - Processing /home/airflow/.local/lib/python3.8/site-packages/airflow/example_dags/example_dag_decorator.py took 0.329 seconds
[2025-11-16T20:25:32.156+0000] {processor.py:161} INFO - Started process (PID=967) to work on /home/airflow/.local/lib/python3.8/site-packages/airflow/example_dags/example_dag_decorator.py
[2025-11-16T20:25:32.157+0000] {processor.py:830} INFO - Processing file /home/airflow/.local/lib/python3.8/site-packages/airflow/example_dags/example_dag_decorator.py for tasks to queue
[2025-11-16T20:25:32.158+0000] {logging_mixin.py:188} INFO - [2025-11-16T20:25:32.158+0000] {dagbag.py:538} INFO - Filling up the DagBag from /home/airflow/.local/lib/python3.8/site-packages/airflow/example_dags/example_dag_decorator.py
[2025-11-16T20:25:32.273+0000] {processor.py:840} INFO - DAG(s) 'example_dag_decorator' retrieved from /home/airflow/.local/lib/python3.8/site-packages/airflow/example_dags/example_dag_decorator.py
[2025-11-16T20:25:32.413+0000] {logging_mixin.py:188} INFO - [2025-11-16T20:25:32.412+0000] {dag.py:3036} INFO - Sync 1 DAGs
[2025-11-16T20:25:32.430+0000] {logging_mixin.py:188} INFO - [2025-11-16T20:25:32.429+0000] {dag.py:3823} INFO - Setting next_dagrun for example_dag_decorator to None, run_after=None
[2025-11-16T20:25:32.465+0000] {processor.py:183} INFO - Processing /home/airflow/.local/lib/python3.8/site-packages/airflow/example_dags/example_dag_decorator.py took 0.312 seconds
[2025-11-16T20:26:02.961+0000] {processor.py:161} INFO - Started process (PID=1048) to work on /home/airflow/.local/lib/python3.8/site-packages/airflow/example_dags/example_dag_decorator.py
[2025-11-16T20:26:02.963+0000] {processor.py:830} INFO - Processing file /home/airflow/.local/lib/python3.8/site-packages/airflow/example_dags/example_dag_decorator.py for tasks to queue
[2025-11-16T20:26:02.964+0000] {logging_mixin.py:188} INFO - [2025-11-16T20:26:02.964+0000] {dagbag.py:538} INFO - Filling up the DagBag from /home/airflow/.local/lib/python3.8/site-packages/airflow/example_dags/example_dag_decorator.py
[2025-11-16T20:26:03.087+0000] {processor.py:840} INFO - DAG(s) 'example_dag_decorator' retrieved from /home/airflow/.local/lib/python3.8/site-packages/airflow/example_dags/example_dag_decorator.py
[2025-11-16T20:26:03.277+0000] {logging_mixin.py:188} INFO - [2025-11-16T20:26:03.276+0000] {dag.py:3036} INFO - Sync 1 DAGs
[2025-11-16T20:26:03.294+0000] {logging_mixin.py:188} INFO - [2025-11-16T20:26:03.294+0000] {dag.py:3823} INFO - Setting next_dagrun for example_dag_decorator to None, run_after=None
[2025-11-16T20:26:03.467+0000] {processor.py:183} INFO - Processing /home/airflow/.local/lib/python3.8/site-packages/airflow/example_dags/example_dag_decorator.py took 0.509 seconds
[2025-11-16T20:26:33.522+0000] {processor.py:161} INFO - Started process (PID=1145) to work on /home/airflow/.local/lib/python3.8/site-packages/airflow/example_dags/example_dag_decorator.py
[2025-11-16T20:26:33.523+0000] {processor.py:830} INFO - Processing file /home/airflow/.local/lib/python3.8/site-packages/airflow/example_dags/example_dag_decorator.py for tasks to queue
[2025-11-16T20:26:33.524+0000] {logging_mixin.py:188} INFO - [2025-11-16T20:26:33.524+0000] {dagbag.py:538} INFO - Filling up the DagBag from /home/airflow/.local/lib/python3.8/site-packages/airflow/example_dags/example_dag_decorator.py
[2025-11-16T20:26:33.618+0000] {processor.py:840} INFO - DAG(s) 'example_dag_decorator' retrieved from /home/airflow/.local/lib/python3.8/site-packages/airflow/example_dags/example_dag_decorator.py
[2025-11-16T20:26:34.161+0000] {logging_mixin.py:188} INFO - [2025-11-16T20:26:34.160+0000] {dag.py:3036} INFO - Sync 1 DAGs
[2025-11-16T20:26:34.180+0000] {logging_mixin.py:188} INFO - [2025-11-16T20:26:34.179+0000] {dag.py:3823} INFO - Setting next_dagrun for example_dag_decorator to None, run_after=None
[2025-11-16T20:26:34.208+0000] {processor.py:183} INFO - Processing /home/airflow/.local/lib/python3.8/site-packages/airflow/example_dags/example_dag_decorator.py took 0.689 seconds
[2025-11-16T20:27:04.325+0000] {processor.py:161} INFO - Started process (PID=1228) to work on /home/airflow/.local/lib/python3.8/site-packages/airflow/example_dags/example_dag_decorator.py
[2025-11-16T20:27:04.326+0000] {processor.py:830} INFO - Processing file /home/airflow/.local/lib/python3.8/site-packages/airflow/example_dags/example_dag_decorator.py for tasks to queue
[2025-11-16T20:27:04.327+0000] {logging_mixin.py:188} INFO - [2025-11-16T20:27:04.326+0000] {dagbag.py:538} INFO - Filling up the DagBag from /home/airflow/.local/lib/python3.8/site-packages/airflow/example_dags/example_dag_decorator.py
[2025-11-16T20:27:04.433+0000] {processor.py:840} INFO - DAG(s) 'example_dag_decorator' retrieved from /home/airflow/.local/lib/python3.8/site-packages/airflow/example_dags/example_dag_decorator.py
[2025-11-16T20:27:04.603+0000] {logging_mixin.py:188} INFO - [2025-11-16T20:27:04.602+0000] {dag.py:3036} INFO - Sync 1 DAGs
[2025-11-16T20:27:04.625+0000] {logging_mixin.py:188} INFO - [2025-11-16T20:27:04.624+0000] {dag.py:3823} INFO - Setting next_dagrun for example_dag_decorator to None, run_after=None
[2025-11-16T20:27:04.669+0000] {processor.py:183} INFO - Processing /home/airflow/.local/lib/python3.8/site-packages/airflow/example_dags/example_dag_decorator.py took 0.347 seconds
[2025-11-16T20:27:34.900+0000] {processor.py:161} INFO - Started process (PID=1317) to work on /home/airflow/.local/lib/python3.8/site-packages/airflow/example_dags/example_dag_decorator.py
[2025-11-16T20:27:34.901+0000] {processor.py:830} INFO - Processing file /home/airflow/.local/lib/python3.8/site-packages/airflow/example_dags/example_dag_decorator.py for tasks to queue
[2025-11-16T20:27:34.903+0000] {logging_mixin.py:188} INFO - [2025-11-16T20:27:34.902+0000] {dagbag.py:538} INFO - Filling up the DagBag from /home/airflow/.local/lib/python3.8/site-packages/airflow/example_dags/example_dag_decorator.py
[2025-11-16T20:27:35.071+0000] {processor.py:840} INFO - DAG(s) 'example_dag_decorator' retrieved from /home/airflow/.local/lib/python3.8/site-packages/airflow/example_dags/example_dag_decorator.py
[2025-11-16T20:27:35.205+0000] {logging_mixin.py:188} INFO - [2025-11-16T20:27:35.205+0000] {dag.py:3036} INFO - Sync 1 DAGs
[2025-11-16T20:27:35.225+0000] {logging_mixin.py:188} INFO - [2025-11-16T20:27:35.225+0000] {dag.py:3823} INFO - Setting next_dagrun for example_dag_decorator to None, run_after=None
[2025-11-16T20:27:35.256+0000] {processor.py:183} INFO - Processing /home/airflow/.local/lib/python3.8/site-packages/airflow/example_dags/example_dag_decorator.py took 0.364 seconds
[2025-11-16T20:28:06.107+0000] {processor.py:161} INFO - Started process (PID=1406) to work on /home/airflow/.local/lib/python3.8/site-packages/airflow/example_dags/example_dag_decorator.py
[2025-11-16T20:28:06.108+0000] {processor.py:830} INFO - Processing file /home/airflow/.local/lib/python3.8/site-packages/airflow/example_dags/example_dag_decorator.py for tasks to queue
[2025-11-16T20:28:06.109+0000] {logging_mixin.py:188} INFO - [2025-11-16T20:28:06.109+0000] {dagbag.py:538} INFO - Filling up the DagBag from /home/airflow/.local/lib/python3.8/site-packages/airflow/example_dags/example_dag_decorator.py
[2025-11-16T20:28:06.194+0000] {processor.py:840} INFO - DAG(s) 'example_dag_decorator' retrieved from /home/airflow/.local/lib/python3.8/site-packages/airflow/example_dags/example_dag_decorator.py
[2025-11-16T20:28:06.295+0000] {logging_mixin.py:188} INFO - [2025-11-16T20:28:06.294+0000] {dag.py:3036} INFO - Sync 1 DAGs
[2025-11-16T20:28:06.305+0000] {logging_mixin.py:188} INFO - [2025-11-16T20:28:06.305+0000] {dag.py:3823} INFO - Setting next_dagrun for example_dag_decorator to None, run_after=None
[2025-11-16T20:28:06.333+0000] {processor.py:183} INFO - Processing /home/airflow/.local/lib/python3.8/site-packages/airflow/example_dags/example_dag_decorator.py took 0.229 seconds
[2025-11-16T20:28:36.770+0000] {processor.py:161} INFO - Started process (PID=1497) to work on /home/airflow/.local/lib/python3.8/site-packages/airflow/example_dags/example_dag_decorator.py
[2025-11-16T20:28:36.771+0000] {processor.py:830} INFO - Processing file /home/airflow/.local/lib/python3.8/site-packages/airflow/example_dags/example_dag_decorator.py for tasks to queue
[2025-11-16T20:28:36.772+0000] {logging_mixin.py:188} INFO - [2025-11-16T20:28:36.772+0000] {dagbag.py:538} INFO - Filling up the DagBag from /home/airflow/.local/lib/python3.8/site-packages/airflow/example_dags/example_dag_decorator.py
[2025-11-16T20:28:36.893+0000] {processor.py:840} INFO - DAG(s) 'example_dag_decorator' retrieved from /home/airflow/.local/lib/python3.8/site-packages/airflow/example_dags/example_dag_decorator.py
[2025-11-16T20:28:36.995+0000] {logging_mixin.py:188} INFO - [2025-11-16T20:28:36.994+0000] {dag.py:3036} INFO - Sync 1 DAGs
[2025-11-16T20:28:37.006+0000] {logging_mixin.py:188} INFO - [2025-11-16T20:28:37.006+0000] {dag.py:3823} INFO - Setting next_dagrun for example_dag_decorator to None, run_after=None
[2025-11-16T20:28:37.033+0000] {processor.py:183} INFO - Processing /home/airflow/.local/lib/python3.8/site-packages/airflow/example_dags/example_dag_decorator.py took 0.267 seconds
[2025-11-16T20:29:07.719+0000] {processor.py:161} INFO - Started process (PID=1587) to work on /home/airflow/.local/lib/python3.8/site-packages/airflow/example_dags/example_dag_decorator.py
[2025-11-16T20:29:07.720+0000] {processor.py:830} INFO - Processing file /home/airflow/.local/lib/python3.8/site-packages/airflow/example_dags/example_dag_decorator.py for tasks to queue
[2025-11-16T20:29:07.722+0000] {logging_mixin.py:188} INFO - [2025-11-16T20:29:07.722+0000] {dagbag.py:538} INFO - Filling up the DagBag from /home/airflow/.local/lib/python3.8/site-packages/airflow/example_dags/example_dag_decorator.py
[2025-11-16T20:29:08.021+0000] {processor.py:840} INFO - DAG(s) 'example_dag_decorator' retrieved from /home/airflow/.local/lib/python3.8/site-packages/airflow/example_dags/example_dag_decorator.py
[2025-11-16T20:29:08.134+0000] {logging_mixin.py:188} INFO - [2025-11-16T20:29:08.134+0000] {dag.py:3036} INFO - Sync 1 DAGs
[2025-11-16T20:29:08.171+0000] {logging_mixin.py:188} INFO - [2025-11-16T20:29:08.170+0000] {dag.py:3823} INFO - Setting next_dagrun for example_dag_decorator to None, run_after=None
[2025-11-16T20:29:08.215+0000] {processor.py:183} INFO - Processing /home/airflow/.local/lib/python3.8/site-packages/airflow/example_dags/example_dag_decorator.py took 0.502 seconds
[2025-11-16T20:29:44.523+0000] {processor.py:161} INFO - Started process (PID=1689) to work on /home/airflow/.local/lib/python3.8/site-packages/airflow/example_dags/example_dag_decorator.py
[2025-11-16T20:29:44.524+0000] {processor.py:830} INFO - Processing file /home/airflow/.local/lib/python3.8/site-packages/airflow/example_dags/example_dag_decorator.py for tasks to queue
[2025-11-16T20:29:44.527+0000] {logging_mixin.py:188} INFO - [2025-11-16T20:29:44.526+0000] {dagbag.py:538} INFO - Filling up the DagBag from /home/airflow/.local/lib/python3.8/site-packages/airflow/example_dags/example_dag_decorator.py
[2025-11-16T20:29:45.138+0000] {processor.py:840} INFO - DAG(s) 'example_dag_decorator' retrieved from /home/airflow/.local/lib/python3.8/site-packages/airflow/example_dags/example_dag_decorator.py
[2025-11-16T20:29:45.969+0000] {logging_mixin.py:188} INFO - [2025-11-16T20:29:45.969+0000] {dag.py:3036} INFO - Sync 1 DAGs
[2025-11-16T20:29:46.017+0000] {logging_mixin.py:188} INFO - [2025-11-16T20:29:46.016+0000] {dag.py:3823} INFO - Setting next_dagrun for example_dag_decorator to None, run_after=None
[2025-11-16T20:29:46.100+0000] {processor.py:183} INFO - Processing /home/airflow/.local/lib/python3.8/site-packages/airflow/example_dags/example_dag_decorator.py took 1.587 seconds
[2025-11-16T20:30:16.330+0000] {processor.py:161} INFO - Started process (PID=1765) to work on /home/airflow/.local/lib/python3.8/site-packages/airflow/example_dags/example_dag_decorator.py
[2025-11-16T20:30:16.331+0000] {processor.py:830} INFO - Processing file /home/airflow/.local/lib/python3.8/site-packages/airflow/example_dags/example_dag_decorator.py for tasks to queue
[2025-11-16T20:30:16.332+0000] {logging_mixin.py:188} INFO - [2025-11-16T20:30:16.332+0000] {dagbag.py:538} INFO - Filling up the DagBag from /home/airflow/.local/lib/python3.8/site-packages/airflow/example_dags/example_dag_decorator.py
[2025-11-16T20:30:16.553+0000] {processor.py:840} INFO - DAG(s) 'example_dag_decorator' retrieved from /home/airflow/.local/lib/python3.8/site-packages/airflow/example_dags/example_dag_decorator.py
[2025-11-16T20:30:16.756+0000] {logging_mixin.py:188} INFO - [2025-11-16T20:30:16.756+0000] {dag.py:3036} INFO - Sync 1 DAGs
[2025-11-16T20:30:16.768+0000] {logging_mixin.py:188} INFO - [2025-11-16T20:30:16.767+0000] {dag.py:3823} INFO - Setting next_dagrun for example_dag_decorator to None, run_after=None
[2025-11-16T20:30:16.799+0000] {processor.py:183} INFO - Processing /home/airflow/.local/lib/python3.8/site-packages/airflow/example_dags/example_dag_decorator.py took 0.475 seconds
[2025-11-16T20:30:52.224+0000] {processor.py:161} INFO - Started process (PID=1846) to work on /home/airflow/.local/lib/python3.8/site-packages/airflow/example_dags/example_dag_decorator.py
[2025-11-16T20:30:52.225+0000] {processor.py:830} INFO - Processing file /home/airflow/.local/lib/python3.8/site-packages/airflow/example_dags/example_dag_decorator.py for tasks to queue
[2025-11-16T20:30:52.226+0000] {logging_mixin.py:188} INFO - [2025-11-16T20:30:52.226+0000] {dagbag.py:538} INFO - Filling up the DagBag from /home/airflow/.local/lib/python3.8/site-packages/airflow/example_dags/example_dag_decorator.py
[2025-11-16T20:30:56.520+0000] {processor.py:840} INFO - DAG(s) 'example_dag_decorator' retrieved from /home/airflow/.local/lib/python3.8/site-packages/airflow/example_dags/example_dag_decorator.py
[2025-11-16T20:30:56.816+0000] {logging_mixin.py:188} INFO - [2025-11-16T20:30:56.816+0000] {dag.py:3036} INFO - Sync 1 DAGs
[2025-11-16T20:30:56.840+0000] {logging_mixin.py:188} INFO - [2025-11-16T20:30:56.840+0000] {dag.py:3823} INFO - Setting next_dagrun for example_dag_decorator to None, run_after=None
[2025-11-16T20:30:56.887+0000] {processor.py:183} INFO - Processing /home/airflow/.local/lib/python3.8/site-packages/airflow/example_dags/example_dag_decorator.py took 4.669 seconds
[2025-11-16T20:31:27.373+0000] {processor.py:161} INFO - Started process (PID=1947) to work on /home/airflow/.local/lib/python3.8/site-packages/airflow/example_dags/example_dag_decorator.py
[2025-11-16T20:31:27.374+0000] {processor.py:830} INFO - Processing file /home/airflow/.local/lib/python3.8/site-packages/airflow/example_dags/example_dag_decorator.py for tasks to queue
[2025-11-16T20:31:27.376+0000] {logging_mixin.py:188} INFO - [2025-11-16T20:31:27.375+0000] {dagbag.py:538} INFO - Filling up the DagBag from /home/airflow/.local/lib/python3.8/site-packages/airflow/example_dags/example_dag_decorator.py
[2025-11-16T20:31:27.523+0000] {processor.py:840} INFO - DAG(s) 'example_dag_decorator' retrieved from /home/airflow/.local/lib/python3.8/site-packages/airflow/example_dags/example_dag_decorator.py
[2025-11-16T20:31:27.721+0000] {logging_mixin.py:188} INFO - [2025-11-16T20:31:27.720+0000] {dag.py:3036} INFO - Sync 1 DAGs
[2025-11-16T20:31:27.742+0000] {logging_mixin.py:188} INFO - [2025-11-16T20:31:27.741+0000] {dag.py:3823} INFO - Setting next_dagrun for example_dag_decorator to None, run_after=None
[2025-11-16T20:31:27.791+0000] {processor.py:183} INFO - Processing /home/airflow/.local/lib/python3.8/site-packages/airflow/example_dags/example_dag_decorator.py took 0.425 seconds
[2025-11-16T20:31:57.843+0000] {processor.py:161} INFO - Started process (PID=2030) to work on /home/airflow/.local/lib/python3.8/site-packages/airflow/example_dags/example_dag_decorator.py
[2025-11-16T20:31:57.844+0000] {processor.py:830} INFO - Processing file /home/airflow/.local/lib/python3.8/site-packages/airflow/example_dags/example_dag_decorator.py for tasks to queue
[2025-11-16T20:31:57.846+0000] {logging_mixin.py:188} INFO - [2025-11-16T20:31:57.845+0000] {dagbag.py:538} INFO - Filling up the DagBag from /home/airflow/.local/lib/python3.8/site-packages/airflow/example_dags/example_dag_decorator.py
[2025-11-16T20:31:58.065+0000] {processor.py:840} INFO - DAG(s) 'example_dag_decorator' retrieved from /home/airflow/.local/lib/python3.8/site-packages/airflow/example_dags/example_dag_decorator.py
[2025-11-16T20:31:58.338+0000] {logging_mixin.py:188} INFO - [2025-11-16T20:31:58.336+0000] {dag.py:3036} INFO - Sync 1 DAGs
[2025-11-16T20:31:58.360+0000] {logging_mixin.py:188} INFO - [2025-11-16T20:31:58.358+0000] {dag.py:3823} INFO - Setting next_dagrun for example_dag_decorator to None, run_after=None
[2025-11-16T20:31:58.401+0000] {processor.py:183} INFO - Processing /home/airflow/.local/lib/python3.8/site-packages/airflow/example_dags/example_dag_decorator.py took 0.562 seconds
[2025-11-16T20:32:47.221+0000] {processor.py:161} INFO - Started process (PID=2111) to work on /home/airflow/.local/lib/python3.8/site-packages/airflow/example_dags/example_dag_decorator.py
[2025-11-16T20:32:47.223+0000] {processor.py:830} INFO - Processing file /home/airflow/.local/lib/python3.8/site-packages/airflow/example_dags/example_dag_decorator.py for tasks to queue
[2025-11-16T20:32:47.224+0000] {logging_mixin.py:188} INFO - [2025-11-16T20:32:47.224+0000] {dagbag.py:538} INFO - Filling up the DagBag from /home/airflow/.local/lib/python3.8/site-packages/airflow/example_dags/example_dag_decorator.py
[2025-11-16T20:32:47.450+0000] {processor.py:840} INFO - DAG(s) 'example_dag_decorator' retrieved from /home/airflow/.local/lib/python3.8/site-packages/airflow/example_dags/example_dag_decorator.py
[2025-11-16T20:32:47.767+0000] {logging_mixin.py:188} INFO - [2025-11-16T20:32:47.767+0000] {dag.py:3036} INFO - Sync 1 DAGs
[2025-11-16T20:32:47.788+0000] {logging_mixin.py:188} INFO - [2025-11-16T20:32:47.787+0000] {dag.py:3823} INFO - Setting next_dagrun for example_dag_decorator to None, run_after=None
[2025-11-16T20:32:47.825+0000] {processor.py:183} INFO - Processing /home/airflow/.local/lib/python3.8/site-packages/airflow/example_dags/example_dag_decorator.py took 0.611 seconds
[2025-11-16T20:33:17.903+0000] {processor.py:161} INFO - Started process (PID=2201) to work on /home/airflow/.local/lib/python3.8/site-packages/airflow/example_dags/example_dag_decorator.py
[2025-11-16T20:33:17.904+0000] {processor.py:830} INFO - Processing file /home/airflow/.local/lib/python3.8/site-packages/airflow/example_dags/example_dag_decorator.py for tasks to queue
[2025-11-16T20:33:17.905+0000] {logging_mixin.py:188} INFO - [2025-11-16T20:33:17.905+0000] {dagbag.py:538} INFO - Filling up the DagBag from /home/airflow/.local/lib/python3.8/site-packages/airflow/example_dags/example_dag_decorator.py
[2025-11-16T20:33:18.151+0000] {processor.py:840} INFO - DAG(s) 'example_dag_decorator' retrieved from /home/airflow/.local/lib/python3.8/site-packages/airflow/example_dags/example_dag_decorator.py
[2025-11-16T20:33:18.260+0000] {logging_mixin.py:188} INFO - [2025-11-16T20:33:18.260+0000] {dag.py:3036} INFO - Sync 1 DAGs
[2025-11-16T20:33:18.271+0000] {logging_mixin.py:188} INFO - [2025-11-16T20:33:18.270+0000] {dag.py:3823} INFO - Setting next_dagrun for example_dag_decorator to None, run_after=None
[2025-11-16T20:33:18.297+0000] {processor.py:183} INFO - Processing /home/airflow/.local/lib/python3.8/site-packages/airflow/example_dags/example_dag_decorator.py took 0.397 seconds
[2025-11-16T20:33:48.748+0000] {processor.py:161} INFO - Started process (PID=2290) to work on /home/airflow/.local/lib/python3.8/site-packages/airflow/example_dags/example_dag_decorator.py
[2025-11-16T20:33:48.749+0000] {processor.py:830} INFO - Processing file /home/airflow/.local/lib/python3.8/site-packages/airflow/example_dags/example_dag_decorator.py for tasks to queue
[2025-11-16T20:33:48.750+0000] {logging_mixin.py:188} INFO - [2025-11-16T20:33:48.750+0000] {dagbag.py:538} INFO - Filling up the DagBag from /home/airflow/.local/lib/python3.8/site-packages/airflow/example_dags/example_dag_decorator.py
[2025-11-16T20:33:49.018+0000] {processor.py:840} INFO - DAG(s) 'example_dag_decorator' retrieved from /home/airflow/.local/lib/python3.8/site-packages/airflow/example_dags/example_dag_decorator.py
[2025-11-16T20:33:49.147+0000] {logging_mixin.py:188} INFO - [2025-11-16T20:33:49.146+0000] {dag.py:3036} INFO - Sync 1 DAGs
[2025-11-16T20:33:49.160+0000] {logging_mixin.py:188} INFO - [2025-11-16T20:33:49.159+0000] {dag.py:3823} INFO - Setting next_dagrun for example_dag_decorator to None, run_after=None
[2025-11-16T20:33:49.188+0000] {processor.py:183} INFO - Processing /home/airflow/.local/lib/python3.8/site-packages/airflow/example_dags/example_dag_decorator.py took 0.444 seconds
[2025-11-16T20:34:20.113+0000] {processor.py:161} INFO - Started process (PID=2381) to work on /home/airflow/.local/lib/python3.8/site-packages/airflow/example_dags/example_dag_decorator.py
[2025-11-16T20:34:20.114+0000] {processor.py:830} INFO - Processing file /home/airflow/.local/lib/python3.8/site-packages/airflow/example_dags/example_dag_decorator.py for tasks to queue
[2025-11-16T20:34:20.115+0000] {logging_mixin.py:188} INFO - [2025-11-16T20:34:20.115+0000] {dagbag.py:538} INFO - Filling up the DagBag from /home/airflow/.local/lib/python3.8/site-packages/airflow/example_dags/example_dag_decorator.py
[2025-11-16T20:34:20.199+0000] {processor.py:840} INFO - DAG(s) 'example_dag_decorator' retrieved from /home/airflow/.local/lib/python3.8/site-packages/airflow/example_dags/example_dag_decorator.py
[2025-11-16T20:34:20.300+0000] {logging_mixin.py:188} INFO - [2025-11-16T20:34:20.299+0000] {dag.py:3036} INFO - Sync 1 DAGs
[2025-11-16T20:34:20.309+0000] {logging_mixin.py:188} INFO - [2025-11-16T20:34:20.309+0000] {dag.py:3823} INFO - Setting next_dagrun for example_dag_decorator to None, run_after=None
[2025-11-16T20:34:20.335+0000] {processor.py:183} INFO - Processing /home/airflow/.local/lib/python3.8/site-packages/airflow/example_dags/example_dag_decorator.py took 0.224 seconds
[2025-11-16T20:34:50.630+0000] {processor.py:161} INFO - Started process (PID=2462) to work on /home/airflow/.local/lib/python3.8/site-packages/airflow/example_dags/example_dag_decorator.py
[2025-11-16T20:34:50.631+0000] {processor.py:830} INFO - Processing file /home/airflow/.local/lib/python3.8/site-packages/airflow/example_dags/example_dag_decorator.py for tasks to queue
[2025-11-16T20:34:50.632+0000] {logging_mixin.py:188} INFO - [2025-11-16T20:34:50.632+0000] {dagbag.py:538} INFO - Filling up the DagBag from /home/airflow/.local/lib/python3.8/site-packages/airflow/example_dags/example_dag_decorator.py
[2025-11-16T20:34:50.718+0000] {processor.py:840} INFO - DAG(s) 'example_dag_decorator' retrieved from /home/airflow/.local/lib/python3.8/site-packages/airflow/example_dags/example_dag_decorator.py
[2025-11-16T20:34:50.815+0000] {logging_mixin.py:188} INFO - [2025-11-16T20:34:50.815+0000] {dag.py:3036} INFO - Sync 1 DAGs
[2025-11-16T20:34:50.825+0000] {logging_mixin.py:188} INFO - [2025-11-16T20:34:50.825+0000] {dag.py:3823} INFO - Setting next_dagrun for example_dag_decorator to None, run_after=None
[2025-11-16T20:34:50.849+0000] {processor.py:183} INFO - Processing /home/airflow/.local/lib/python3.8/site-packages/airflow/example_dags/example_dag_decorator.py took 0.223 seconds
[2025-11-16T20:35:21.061+0000] {processor.py:161} INFO - Started process (PID=2558) to work on /home/airflow/.local/lib/python3.8/site-packages/airflow/example_dags/example_dag_decorator.py
[2025-11-16T20:35:21.062+0000] {processor.py:830} INFO - Processing file /home/airflow/.local/lib/python3.8/site-packages/airflow/example_dags/example_dag_decorator.py for tasks to queue
[2025-11-16T20:35:21.063+0000] {logging_mixin.py:188} INFO - [2025-11-16T20:35:21.063+0000] {dagbag.py:538} INFO - Filling up the DagBag from /home/airflow/.local/lib/python3.8/site-packages/airflow/example_dags/example_dag_decorator.py
[2025-11-16T20:35:21.219+0000] {processor.py:840} INFO - DAG(s) 'example_dag_decorator' retrieved from /home/airflow/.local/lib/python3.8/site-packages/airflow/example_dags/example_dag_decorator.py
[2025-11-16T20:35:21.407+0000] {logging_mixin.py:188} INFO - [2025-11-16T20:35:21.407+0000] {dag.py:3036} INFO - Sync 1 DAGs
[2025-11-16T20:35:21.434+0000] {logging_mixin.py:188} INFO - [2025-11-16T20:35:21.433+0000] {dag.py:3823} INFO - Setting next_dagrun for example_dag_decorator to None, run_after=None
[2025-11-16T20:35:21.500+0000] {processor.py:183} INFO - Processing /home/airflow/.local/lib/python3.8/site-packages/airflow/example_dags/example_dag_decorator.py took 0.444 seconds
[2025-11-16T20:35:52.054+0000] {processor.py:161} INFO - Started process (PID=2640) to work on /home/airflow/.local/lib/python3.8/site-packages/airflow/example_dags/example_dag_decorator.py
[2025-11-16T20:35:52.055+0000] {processor.py:830} INFO - Processing file /home/airflow/.local/lib/python3.8/site-packages/airflow/example_dags/example_dag_decorator.py for tasks to queue
[2025-11-16T20:35:52.056+0000] {logging_mixin.py:188} INFO - [2025-11-16T20:35:52.056+0000] {dagbag.py:538} INFO - Filling up the DagBag from /home/airflow/.local/lib/python3.8/site-packages/airflow/example_dags/example_dag_decorator.py
[2025-11-16T20:35:52.152+0000] {processor.py:840} INFO - DAG(s) 'example_dag_decorator' retrieved from /home/airflow/.local/lib/python3.8/site-packages/airflow/example_dags/example_dag_decorator.py
[2025-11-16T20:35:52.263+0000] {logging_mixin.py:188} INFO - [2025-11-16T20:35:52.263+0000] {dag.py:3036} INFO - Sync 1 DAGs
[2025-11-16T20:35:52.273+0000] {logging_mixin.py:188} INFO - [2025-11-16T20:35:52.273+0000] {dag.py:3823} INFO - Setting next_dagrun for example_dag_decorator to None, run_after=None
[2025-11-16T20:35:52.301+0000] {processor.py:183} INFO - Processing /home/airflow/.local/lib/python3.8/site-packages/airflow/example_dags/example_dag_decorator.py took 0.250 seconds
[2025-11-16T20:36:23.518+0000] {processor.py:161} INFO - Started process (PID=2724) to work on /home/airflow/.local/lib/python3.8/site-packages/airflow/example_dags/example_dag_decorator.py
[2025-11-16T20:36:23.519+0000] {processor.py:830} INFO - Processing file /home/airflow/.local/lib/python3.8/site-packages/airflow/example_dags/example_dag_decorator.py for tasks to queue
[2025-11-16T20:36:23.520+0000] {logging_mixin.py:188} INFO - [2025-11-16T20:36:23.520+0000] {dagbag.py:538} INFO - Filling up the DagBag from /home/airflow/.local/lib/python3.8/site-packages/airflow/example_dags/example_dag_decorator.py
[2025-11-16T20:36:23.707+0000] {processor.py:840} INFO - DAG(s) 'example_dag_decorator' retrieved from /home/airflow/.local/lib/python3.8/site-packages/airflow/example_dags/example_dag_decorator.py
[2025-11-16T20:36:23.742+0000] {logging_mixin.py:188} INFO - [2025-11-16T20:36:23.742+0000] {dag.py:3036} INFO - Sync 1 DAGs
[2025-11-16T20:36:23.759+0000] {logging_mixin.py:188} INFO - [2025-11-16T20:36:23.757+0000] {dag.py:3823} INFO - Setting next_dagrun for example_dag_decorator to None, run_after=None
[2025-11-16T20:36:23.795+0000] {processor.py:183} INFO - Processing /home/airflow/.local/lib/python3.8/site-packages/airflow/example_dags/example_dag_decorator.py took 0.281 seconds
[2025-11-16T20:36:54.651+0000] {processor.py:161} INFO - Started process (PID=2806) to work on /home/airflow/.local/lib/python3.8/site-packages/airflow/example_dags/example_dag_decorator.py
[2025-11-16T20:36:54.652+0000] {processor.py:830} INFO - Processing file /home/airflow/.local/lib/python3.8/site-packages/airflow/example_dags/example_dag_decorator.py for tasks to queue
[2025-11-16T20:36:54.654+0000] {logging_mixin.py:188} INFO - [2025-11-16T20:36:54.653+0000] {dagbag.py:538} INFO - Filling up the DagBag from /home/airflow/.local/lib/python3.8/site-packages/airflow/example_dags/example_dag_decorator.py
[2025-11-16T20:36:54.784+0000] {processor.py:840} INFO - DAG(s) 'example_dag_decorator' retrieved from /home/airflow/.local/lib/python3.8/site-packages/airflow/example_dags/example_dag_decorator.py
[2025-11-16T20:36:55.071+0000] {logging_mixin.py:188} INFO - [2025-11-16T20:36:55.068+0000] {dag.py:3036} INFO - Sync 1 DAGs
[2025-11-16T20:36:55.087+0000] {logging_mixin.py:188} INFO - [2025-11-16T20:36:55.087+0000] {dag.py:3823} INFO - Setting next_dagrun for example_dag_decorator to None, run_after=None
[2025-11-16T20:36:55.127+0000] {processor.py:183} INFO - Processing /home/airflow/.local/lib/python3.8/site-packages/airflow/example_dags/example_dag_decorator.py took 0.479 seconds
[2025-11-16T20:37:25.216+0000] {processor.py:161} INFO - Started process (PID=2872) to work on /home/airflow/.local/lib/python3.8/site-packages/airflow/example_dags/example_dag_decorator.py
[2025-11-16T20:37:25.217+0000] {processor.py:830} INFO - Processing file /home/airflow/.local/lib/python3.8/site-packages/airflow/example_dags/example_dag_decorator.py for tasks to queue
[2025-11-16T20:37:25.218+0000] {logging_mixin.py:188} INFO - [2025-11-16T20:37:25.218+0000] {dagbag.py:538} INFO - Filling up the DagBag from /home/airflow/.local/lib/python3.8/site-packages/airflow/example_dags/example_dag_decorator.py
[2025-11-16T20:37:25.437+0000] {processor.py:840} INFO - DAG(s) 'example_dag_decorator' retrieved from /home/airflow/.local/lib/python3.8/site-packages/airflow/example_dags/example_dag_decorator.py
[2025-11-16T20:37:31.719+0000] {logging_mixin.py:188} INFO - [2025-11-16T20:37:31.719+0000] {dag.py:3036} INFO - Sync 1 DAGs
[2025-11-16T20:37:31.744+0000] {logging_mixin.py:188} INFO - [2025-11-16T20:37:31.743+0000] {dag.py:3823} INFO - Setting next_dagrun for example_dag_decorator to None, run_after=None
[2025-11-16T20:37:31.794+0000] {processor.py:183} INFO - Processing /home/airflow/.local/lib/python3.8/site-packages/airflow/example_dags/example_dag_decorator.py took 6.584 seconds
[2025-11-16T20:38:01.892+0000] {processor.py:161} INFO - Started process (PID=2962) to work on /home/airflow/.local/lib/python3.8/site-packages/airflow/example_dags/example_dag_decorator.py
[2025-11-16T20:38:01.894+0000] {processor.py:830} INFO - Processing file /home/airflow/.local/lib/python3.8/site-packages/airflow/example_dags/example_dag_decorator.py for tasks to queue
[2025-11-16T20:38:01.895+0000] {logging_mixin.py:188} INFO - [2025-11-16T20:38:01.895+0000] {dagbag.py:538} INFO - Filling up the DagBag from /home/airflow/.local/lib/python3.8/site-packages/airflow/example_dags/example_dag_decorator.py
[2025-11-16T20:38:01.995+0000] {processor.py:840} INFO - DAG(s) 'example_dag_decorator' retrieved from /home/airflow/.local/lib/python3.8/site-packages/airflow/example_dags/example_dag_decorator.py
[2025-11-16T20:38:02.028+0000] {logging_mixin.py:188} INFO - [2025-11-16T20:38:02.027+0000] {dag.py:3036} INFO - Sync 1 DAGs
[2025-11-16T20:38:02.040+0000] {logging_mixin.py:188} INFO - [2025-11-16T20:38:02.040+0000] {dag.py:3823} INFO - Setting next_dagrun for example_dag_decorator to None, run_after=None
[2025-11-16T20:38:02.066+0000] {processor.py:183} INFO - Processing /home/airflow/.local/lib/python3.8/site-packages/airflow/example_dags/example_dag_decorator.py took 0.180 seconds
[2025-11-16T20:38:32.417+0000] {processor.py:161} INFO - Started process (PID=3044) to work on /home/airflow/.local/lib/python3.8/site-packages/airflow/example_dags/example_dag_decorator.py
[2025-11-16T20:38:32.419+0000] {processor.py:830} INFO - Processing file /home/airflow/.local/lib/python3.8/site-packages/airflow/example_dags/example_dag_decorator.py for tasks to queue
[2025-11-16T20:38:32.421+0000] {logging_mixin.py:188} INFO - [2025-11-16T20:38:32.420+0000] {dagbag.py:538} INFO - Filling up the DagBag from /home/airflow/.local/lib/python3.8/site-packages/airflow/example_dags/example_dag_decorator.py
[2025-11-16T20:38:32.782+0000] {processor.py:840} INFO - DAG(s) 'example_dag_decorator' retrieved from /home/airflow/.local/lib/python3.8/site-packages/airflow/example_dags/example_dag_decorator.py
[2025-11-16T20:38:32.982+0000] {logging_mixin.py:188} INFO - [2025-11-16T20:38:32.982+0000] {dag.py:3036} INFO - Sync 1 DAGs
[2025-11-16T20:38:32.997+0000] {logging_mixin.py:188} INFO - [2025-11-16T20:38:32.996+0000] {dag.py:3823} INFO - Setting next_dagrun for example_dag_decorator to None, run_after=None
[2025-11-16T20:38:33.031+0000] {processor.py:183} INFO - Processing /home/airflow/.local/lib/python3.8/site-packages/airflow/example_dags/example_dag_decorator.py took 0.624 seconds
[2025-11-16T20:39:04.306+0000] {processor.py:161} INFO - Started process (PID=3127) to work on /home/airflow/.local/lib/python3.8/site-packages/airflow/example_dags/example_dag_decorator.py
[2025-11-16T20:39:04.307+0000] {processor.py:830} INFO - Processing file /home/airflow/.local/lib/python3.8/site-packages/airflow/example_dags/example_dag_decorator.py for tasks to queue
[2025-11-16T20:39:04.309+0000] {logging_mixin.py:188} INFO - [2025-11-16T20:39:04.308+0000] {dagbag.py:538} INFO - Filling up the DagBag from /home/airflow/.local/lib/python3.8/site-packages/airflow/example_dags/example_dag_decorator.py
[2025-11-16T20:39:20.372+0000] {processor.py:840} INFO - DAG(s) 'example_dag_decorator' retrieved from /home/airflow/.local/lib/python3.8/site-packages/airflow/example_dags/example_dag_decorator.py
[2025-11-16T20:39:20.885+0000] {logging_mixin.py:188} INFO - [2025-11-16T20:39:20.885+0000] {dag.py:3036} INFO - Sync 1 DAGs
[2025-11-16T20:39:20.907+0000] {logging_mixin.py:188} INFO - [2025-11-16T20:39:20.906+0000] {dag.py:3823} INFO - Setting next_dagrun for example_dag_decorator to None, run_after=None
[2025-11-16T20:39:20.968+0000] {processor.py:183} INFO - Processing /home/airflow/.local/lib/python3.8/site-packages/airflow/example_dags/example_dag_decorator.py took 16.676 seconds
[2025-11-16T20:39:51.252+0000] {processor.py:161} INFO - Started process (PID=3213) to work on /home/airflow/.local/lib/python3.8/site-packages/airflow/example_dags/example_dag_decorator.py
[2025-11-16T20:39:51.253+0000] {processor.py:830} INFO - Processing file /home/airflow/.local/lib/python3.8/site-packages/airflow/example_dags/example_dag_decorator.py for tasks to queue
[2025-11-16T20:39:51.257+0000] {logging_mixin.py:188} INFO - [2025-11-16T20:39:51.255+0000] {dagbag.py:538} INFO - Filling up the DagBag from /home/airflow/.local/lib/python3.8/site-packages/airflow/example_dags/example_dag_decorator.py
[2025-11-16T20:39:51.440+0000] {processor.py:840} INFO - DAG(s) 'example_dag_decorator' retrieved from /home/airflow/.local/lib/python3.8/site-packages/airflow/example_dags/example_dag_decorator.py
[2025-11-16T20:39:51.627+0000] {logging_mixin.py:188} INFO - [2025-11-16T20:39:51.627+0000] {dag.py:3036} INFO - Sync 1 DAGs
[2025-11-16T20:39:51.650+0000] {logging_mixin.py:188} INFO - [2025-11-16T20:39:51.649+0000] {dag.py:3823} INFO - Setting next_dagrun for example_dag_decorator to None, run_after=None
[2025-11-16T20:39:51.686+0000] {processor.py:183} INFO - Processing /home/airflow/.local/lib/python3.8/site-packages/airflow/example_dags/example_dag_decorator.py took 0.438 seconds
[2025-11-16T20:42:23.432+0000] {processor.py:161} INFO - Started process (PID=137) to work on /home/airflow/.local/lib/python3.8/site-packages/airflow/example_dags/example_dag_decorator.py
[2025-11-16T20:42:23.433+0000] {processor.py:830} INFO - Processing file /home/airflow/.local/lib/python3.8/site-packages/airflow/example_dags/example_dag_decorator.py for tasks to queue
[2025-11-16T20:42:23.435+0000] {logging_mixin.py:188} INFO - [2025-11-16T20:42:23.434+0000] {dagbag.py:538} INFO - Filling up the DagBag from /home/airflow/.local/lib/python3.8/site-packages/airflow/example_dags/example_dag_decorator.py
[2025-11-16T20:42:23.779+0000] {processor.py:840} INFO - DAG(s) 'example_dag_decorator' retrieved from /home/airflow/.local/lib/python3.8/site-packages/airflow/example_dags/example_dag_decorator.py
[2025-11-16T20:42:24.638+0000] {logging_mixin.py:188} INFO - [2025-11-16T20:42:24.637+0000] {dag.py:3036} INFO - Sync 1 DAGs
[2025-11-16T20:42:24.654+0000] {logging_mixin.py:188} INFO - [2025-11-16T20:42:24.654+0000] {dag.py:3823} INFO - Setting next_dagrun for example_dag_decorator to None, run_after=None
[2025-11-16T20:42:24.720+0000] {processor.py:183} INFO - Processing /home/airflow/.local/lib/python3.8/site-packages/airflow/example_dags/example_dag_decorator.py took 1.292 seconds
[2025-11-16T20:42:55.938+0000] {processor.py:161} INFO - Started process (PID=211) to work on /home/airflow/.local/lib/python3.8/site-packages/airflow/example_dags/example_dag_decorator.py
[2025-11-16T20:42:55.939+0000] {processor.py:830} INFO - Processing file /home/airflow/.local/lib/python3.8/site-packages/airflow/example_dags/example_dag_decorator.py for tasks to queue
[2025-11-16T20:42:55.941+0000] {logging_mixin.py:188} INFO - [2025-11-16T20:42:55.941+0000] {dagbag.py:538} INFO - Filling up the DagBag from /home/airflow/.local/lib/python3.8/site-packages/airflow/example_dags/example_dag_decorator.py
[2025-11-16T20:43:04.069+0000] {processor.py:840} INFO - DAG(s) 'example_dag_decorator' retrieved from /home/airflow/.local/lib/python3.8/site-packages/airflow/example_dags/example_dag_decorator.py
[2025-11-16T20:43:04.553+0000] {logging_mixin.py:188} INFO - [2025-11-16T20:43:04.553+0000] {dag.py:3036} INFO - Sync 1 DAGs
[2025-11-16T20:43:04.570+0000] {logging_mixin.py:188} INFO - [2025-11-16T20:43:04.570+0000] {dag.py:3823} INFO - Setting next_dagrun for example_dag_decorator to None, run_after=None
[2025-11-16T20:43:04.603+0000] {processor.py:183} INFO - Processing /home/airflow/.local/lib/python3.8/site-packages/airflow/example_dags/example_dag_decorator.py took 8.669 seconds
[2025-11-16T20:43:34.934+0000] {processor.py:161} INFO - Started process (PID=306) to work on /home/airflow/.local/lib/python3.8/site-packages/airflow/example_dags/example_dag_decorator.py
[2025-11-16T20:43:34.935+0000] {processor.py:830} INFO - Processing file /home/airflow/.local/lib/python3.8/site-packages/airflow/example_dags/example_dag_decorator.py for tasks to queue
[2025-11-16T20:43:34.936+0000] {logging_mixin.py:188} INFO - [2025-11-16T20:43:34.936+0000] {dagbag.py:538} INFO - Filling up the DagBag from /home/airflow/.local/lib/python3.8/site-packages/airflow/example_dags/example_dag_decorator.py
[2025-11-16T20:43:35.067+0000] {processor.py:840} INFO - DAG(s) 'example_dag_decorator' retrieved from /home/airflow/.local/lib/python3.8/site-packages/airflow/example_dags/example_dag_decorator.py
[2025-11-16T20:43:35.243+0000] {logging_mixin.py:188} INFO - [2025-11-16T20:43:35.243+0000] {dag.py:3036} INFO - Sync 1 DAGs
[2025-11-16T20:43:35.265+0000] {logging_mixin.py:188} INFO - [2025-11-16T20:43:35.264+0000] {dag.py:3823} INFO - Setting next_dagrun for example_dag_decorator to None, run_after=None
[2025-11-16T20:43:35.311+0000] {processor.py:183} INFO - Processing /home/airflow/.local/lib/python3.8/site-packages/airflow/example_dags/example_dag_decorator.py took 0.382 seconds
[2025-11-16T20:44:05.445+0000] {processor.py:161} INFO - Started process (PID=397) to work on /home/airflow/.local/lib/python3.8/site-packages/airflow/example_dags/example_dag_decorator.py
[2025-11-16T20:44:05.445+0000] {processor.py:830} INFO - Processing file /home/airflow/.local/lib/python3.8/site-packages/airflow/example_dags/example_dag_decorator.py for tasks to queue
[2025-11-16T20:44:05.446+0000] {logging_mixin.py:188} INFO - [2025-11-16T20:44:05.446+0000] {dagbag.py:538} INFO - Filling up the DagBag from /home/airflow/.local/lib/python3.8/site-packages/airflow/example_dags/example_dag_decorator.py
[2025-11-16T20:44:05.547+0000] {processor.py:840} INFO - DAG(s) 'example_dag_decorator' retrieved from /home/airflow/.local/lib/python3.8/site-packages/airflow/example_dags/example_dag_decorator.py
[2025-11-16T20:44:05.663+0000] {logging_mixin.py:188} INFO - [2025-11-16T20:44:05.662+0000] {dag.py:3036} INFO - Sync 1 DAGs
[2025-11-16T20:44:05.676+0000] {logging_mixin.py:188} INFO - [2025-11-16T20:44:05.676+0000] {dag.py:3823} INFO - Setting next_dagrun for example_dag_decorator to None, run_after=None
[2025-11-16T20:44:05.705+0000] {processor.py:183} INFO - Processing /home/airflow/.local/lib/python3.8/site-packages/airflow/example_dags/example_dag_decorator.py took 0.264 seconds
[2025-11-16T20:44:36.460+0000] {processor.py:161} INFO - Started process (PID=478) to work on /home/airflow/.local/lib/python3.8/site-packages/airflow/example_dags/example_dag_decorator.py
[2025-11-16T20:44:36.461+0000] {processor.py:830} INFO - Processing file /home/airflow/.local/lib/python3.8/site-packages/airflow/example_dags/example_dag_decorator.py for tasks to queue
[2025-11-16T20:44:36.462+0000] {logging_mixin.py:188} INFO - [2025-11-16T20:44:36.462+0000] {dagbag.py:538} INFO - Filling up the DagBag from /home/airflow/.local/lib/python3.8/site-packages/airflow/example_dags/example_dag_decorator.py
[2025-11-16T20:44:36.596+0000] {processor.py:840} INFO - DAG(s) 'example_dag_decorator' retrieved from /home/airflow/.local/lib/python3.8/site-packages/airflow/example_dags/example_dag_decorator.py
[2025-11-16T20:44:36.750+0000] {logging_mixin.py:188} INFO - [2025-11-16T20:44:36.750+0000] {dag.py:3036} INFO - Sync 1 DAGs
[2025-11-16T20:44:36.762+0000] {logging_mixin.py:188} INFO - [2025-11-16T20:44:36.762+0000] {dag.py:3823} INFO - Setting next_dagrun for example_dag_decorator to None, run_after=None
[2025-11-16T20:44:36.794+0000] {processor.py:183} INFO - Processing /home/airflow/.local/lib/python3.8/site-packages/airflow/example_dags/example_dag_decorator.py took 0.338 seconds
[2025-11-16T20:45:07.143+0000] {processor.py:161} INFO - Started process (PID=575) to work on /home/airflow/.local/lib/python3.8/site-packages/airflow/example_dags/example_dag_decorator.py
[2025-11-16T20:45:07.144+0000] {processor.py:830} INFO - Processing file /home/airflow/.local/lib/python3.8/site-packages/airflow/example_dags/example_dag_decorator.py for tasks to queue
[2025-11-16T20:45:07.145+0000] {logging_mixin.py:188} INFO - [2025-11-16T20:45:07.144+0000] {dagbag.py:538} INFO - Filling up the DagBag from /home/airflow/.local/lib/python3.8/site-packages/airflow/example_dags/example_dag_decorator.py
[2025-11-16T20:45:07.271+0000] {processor.py:840} INFO - DAG(s) 'example_dag_decorator' retrieved from /home/airflow/.local/lib/python3.8/site-packages/airflow/example_dags/example_dag_decorator.py
[2025-11-16T20:45:07.402+0000] {logging_mixin.py:188} INFO - [2025-11-16T20:45:07.401+0000] {dag.py:3036} INFO - Sync 1 DAGs
[2025-11-16T20:45:07.417+0000] {logging_mixin.py:188} INFO - [2025-11-16T20:45:07.416+0000] {dag.py:3823} INFO - Setting next_dagrun for example_dag_decorator to None, run_after=None
[2025-11-16T20:45:07.437+0000] {processor.py:183} INFO - Processing /home/airflow/.local/lib/python3.8/site-packages/airflow/example_dags/example_dag_decorator.py took 0.298 seconds
[2025-11-16T20:45:37.527+0000] {processor.py:161} INFO - Started process (PID=659) to work on /home/airflow/.local/lib/python3.8/site-packages/airflow/example_dags/example_dag_decorator.py
[2025-11-16T20:45:37.528+0000] {processor.py:830} INFO - Processing file /home/airflow/.local/lib/python3.8/site-packages/airflow/example_dags/example_dag_decorator.py for tasks to queue
[2025-11-16T20:45:37.530+0000] {logging_mixin.py:188} INFO - [2025-11-16T20:45:37.529+0000] {dagbag.py:538} INFO - Filling up the DagBag from /home/airflow/.local/lib/python3.8/site-packages/airflow/example_dags/example_dag_decorator.py
[2025-11-16T20:45:37.631+0000] {processor.py:840} INFO - DAG(s) 'example_dag_decorator' retrieved from /home/airflow/.local/lib/python3.8/site-packages/airflow/example_dags/example_dag_decorator.py
[2025-11-16T20:45:37.837+0000] {logging_mixin.py:188} INFO - [2025-11-16T20:45:37.836+0000] {dag.py:3036} INFO - Sync 1 DAGs
[2025-11-16T20:45:37.861+0000] {logging_mixin.py:188} INFO - [2025-11-16T20:45:37.861+0000] {dag.py:3823} INFO - Setting next_dagrun for example_dag_decorator to None, run_after=None
[2025-11-16T20:45:37.897+0000] {processor.py:183} INFO - Processing /home/airflow/.local/lib/python3.8/site-packages/airflow/example_dags/example_dag_decorator.py took 0.375 seconds
[2025-11-16T20:46:08.049+0000] {processor.py:161} INFO - Started process (PID=738) to work on /home/airflow/.local/lib/python3.8/site-packages/airflow/example_dags/example_dag_decorator.py
[2025-11-16T20:46:08.050+0000] {processor.py:830} INFO - Processing file /home/airflow/.local/lib/python3.8/site-packages/airflow/example_dags/example_dag_decorator.py for tasks to queue
[2025-11-16T20:46:08.051+0000] {logging_mixin.py:188} INFO - [2025-11-16T20:46:08.051+0000] {dagbag.py:538} INFO - Filling up the DagBag from /home/airflow/.local/lib/python3.8/site-packages/airflow/example_dags/example_dag_decorator.py
[2025-11-16T20:46:08.142+0000] {processor.py:840} INFO - DAG(s) 'example_dag_decorator' retrieved from /home/airflow/.local/lib/python3.8/site-packages/airflow/example_dags/example_dag_decorator.py
[2025-11-16T20:46:08.241+0000] {logging_mixin.py:188} INFO - [2025-11-16T20:46:08.241+0000] {dag.py:3036} INFO - Sync 1 DAGs
[2025-11-16T20:46:08.256+0000] {logging_mixin.py:188} INFO - [2025-11-16T20:46:08.255+0000] {dag.py:3823} INFO - Setting next_dagrun for example_dag_decorator to None, run_after=None
[2025-11-16T20:46:08.284+0000] {processor.py:183} INFO - Processing /home/airflow/.local/lib/python3.8/site-packages/airflow/example_dags/example_dag_decorator.py took 0.237 seconds
[2025-11-16T20:46:38.634+0000] {processor.py:161} INFO - Started process (PID=834) to work on /home/airflow/.local/lib/python3.8/site-packages/airflow/example_dags/example_dag_decorator.py
[2025-11-16T20:46:38.635+0000] {processor.py:830} INFO - Processing file /home/airflow/.local/lib/python3.8/site-packages/airflow/example_dags/example_dag_decorator.py for tasks to queue
[2025-11-16T20:46:38.636+0000] {logging_mixin.py:188} INFO - [2025-11-16T20:46:38.636+0000] {dagbag.py:538} INFO - Filling up the DagBag from /home/airflow/.local/lib/python3.8/site-packages/airflow/example_dags/example_dag_decorator.py
[2025-11-16T20:46:38.721+0000] {processor.py:840} INFO - DAG(s) 'example_dag_decorator' retrieved from /home/airflow/.local/lib/python3.8/site-packages/airflow/example_dags/example_dag_decorator.py
[2025-11-16T20:46:38.833+0000] {logging_mixin.py:188} INFO - [2025-11-16T20:46:38.833+0000] {dag.py:3036} INFO - Sync 1 DAGs
[2025-11-16T20:46:38.845+0000] {logging_mixin.py:188} INFO - [2025-11-16T20:46:38.845+0000] {dag.py:3823} INFO - Setting next_dagrun for example_dag_decorator to None, run_after=None
[2025-11-16T20:46:38.870+0000] {processor.py:183} INFO - Processing /home/airflow/.local/lib/python3.8/site-packages/airflow/example_dags/example_dag_decorator.py took 0.239 seconds
[2025-11-16T20:47:09.009+0000] {processor.py:161} INFO - Started process (PID=915) to work on /home/airflow/.local/lib/python3.8/site-packages/airflow/example_dags/example_dag_decorator.py
[2025-11-16T20:47:09.010+0000] {processor.py:830} INFO - Processing file /home/airflow/.local/lib/python3.8/site-packages/airflow/example_dags/example_dag_decorator.py for tasks to queue
[2025-11-16T20:47:09.011+0000] {logging_mixin.py:188} INFO - [2025-11-16T20:47:09.011+0000] {dagbag.py:538} INFO - Filling up the DagBag from /home/airflow/.local/lib/python3.8/site-packages/airflow/example_dags/example_dag_decorator.py
[2025-11-16T20:47:09.098+0000] {processor.py:840} INFO - DAG(s) 'example_dag_decorator' retrieved from /home/airflow/.local/lib/python3.8/site-packages/airflow/example_dags/example_dag_decorator.py
[2025-11-16T20:47:09.191+0000] {logging_mixin.py:188} INFO - [2025-11-16T20:47:09.191+0000] {dag.py:3036} INFO - Sync 1 DAGs
[2025-11-16T20:47:09.202+0000] {logging_mixin.py:188} INFO - [2025-11-16T20:47:09.202+0000] {dag.py:3823} INFO - Setting next_dagrun for example_dag_decorator to None, run_after=None
[2025-11-16T20:47:09.224+0000] {processor.py:183} INFO - Processing /home/airflow/.local/lib/python3.8/site-packages/airflow/example_dags/example_dag_decorator.py took 0.218 seconds
[2025-11-16T20:47:39.814+0000] {processor.py:161} INFO - Started process (PID=1011) to work on /home/airflow/.local/lib/python3.8/site-packages/airflow/example_dags/example_dag_decorator.py
[2025-11-16T20:47:39.815+0000] {processor.py:830} INFO - Processing file /home/airflow/.local/lib/python3.8/site-packages/airflow/example_dags/example_dag_decorator.py for tasks to queue
[2025-11-16T20:47:39.816+0000] {logging_mixin.py:188} INFO - [2025-11-16T20:47:39.816+0000] {dagbag.py:538} INFO - Filling up the DagBag from /home/airflow/.local/lib/python3.8/site-packages/airflow/example_dags/example_dag_decorator.py
[2025-11-16T20:47:39.924+0000] {processor.py:840} INFO - DAG(s) 'example_dag_decorator' retrieved from /home/airflow/.local/lib/python3.8/site-packages/airflow/example_dags/example_dag_decorator.py
[2025-11-16T20:47:40.060+0000] {logging_mixin.py:188} INFO - [2025-11-16T20:47:40.060+0000] {dag.py:3036} INFO - Sync 1 DAGs
[2025-11-16T20:47:40.071+0000] {logging_mixin.py:188} INFO - [2025-11-16T20:47:40.071+0000] {dag.py:3823} INFO - Setting next_dagrun for example_dag_decorator to None, run_after=None
[2025-11-16T20:47:40.096+0000] {processor.py:183} INFO - Processing /home/airflow/.local/lib/python3.8/site-packages/airflow/example_dags/example_dag_decorator.py took 0.285 seconds
[2025-11-16T20:48:10.227+0000] {processor.py:161} INFO - Started process (PID=1091) to work on /home/airflow/.local/lib/python3.8/site-packages/airflow/example_dags/example_dag_decorator.py
[2025-11-16T20:48:10.228+0000] {processor.py:830} INFO - Processing file /home/airflow/.local/lib/python3.8/site-packages/airflow/example_dags/example_dag_decorator.py for tasks to queue
[2025-11-16T20:48:10.229+0000] {logging_mixin.py:188} INFO - [2025-11-16T20:48:10.229+0000] {dagbag.py:538} INFO - Filling up the DagBag from /home/airflow/.local/lib/python3.8/site-packages/airflow/example_dags/example_dag_decorator.py
[2025-11-16T20:48:10.322+0000] {processor.py:840} INFO - DAG(s) 'example_dag_decorator' retrieved from /home/airflow/.local/lib/python3.8/site-packages/airflow/example_dags/example_dag_decorator.py
[2025-11-16T20:48:10.436+0000] {logging_mixin.py:188} INFO - [2025-11-16T20:48:10.435+0000] {dag.py:3036} INFO - Sync 1 DAGs
[2025-11-16T20:48:10.449+0000] {logging_mixin.py:188} INFO - [2025-11-16T20:48:10.449+0000] {dag.py:3823} INFO - Setting next_dagrun for example_dag_decorator to None, run_after=None
[2025-11-16T20:48:10.477+0000] {processor.py:183} INFO - Processing /home/airflow/.local/lib/python3.8/site-packages/airflow/example_dags/example_dag_decorator.py took 0.253 seconds
[2025-11-16T20:48:40.594+0000] {processor.py:161} INFO - Started process (PID=1172) to work on /home/airflow/.local/lib/python3.8/site-packages/airflow/example_dags/example_dag_decorator.py
[2025-11-16T20:48:40.596+0000] {processor.py:830} INFO - Processing file /home/airflow/.local/lib/python3.8/site-packages/airflow/example_dags/example_dag_decorator.py for tasks to queue
[2025-11-16T20:48:40.598+0000] {logging_mixin.py:188} INFO - [2025-11-16T20:48:40.597+0000] {dagbag.py:538} INFO - Filling up the DagBag from /home/airflow/.local/lib/python3.8/site-packages/airflow/example_dags/example_dag_decorator.py
[2025-11-16T20:48:40.903+0000] {processor.py:840} INFO - DAG(s) 'example_dag_decorator' retrieved from /home/airflow/.local/lib/python3.8/site-packages/airflow/example_dags/example_dag_decorator.py
[2025-11-16T20:48:41.155+0000] {logging_mixin.py:188} INFO - [2025-11-16T20:48:41.154+0000] {dag.py:3036} INFO - Sync 1 DAGs
[2025-11-16T20:48:41.170+0000] {logging_mixin.py:188} INFO - [2025-11-16T20:48:41.170+0000] {dag.py:3823} INFO - Setting next_dagrun for example_dag_decorator to None, run_after=None
[2025-11-16T20:48:41.214+0000] {processor.py:183} INFO - Processing /home/airflow/.local/lib/python3.8/site-packages/airflow/example_dags/example_dag_decorator.py took 0.625 seconds
[2025-11-16T20:49:15.746+0000] {processor.py:161} INFO - Started process (PID=1236) to work on /home/airflow/.local/lib/python3.8/site-packages/airflow/example_dags/example_dag_decorator.py
[2025-11-16T20:49:15.747+0000] {processor.py:830} INFO - Processing file /home/airflow/.local/lib/python3.8/site-packages/airflow/example_dags/example_dag_decorator.py for tasks to queue
[2025-11-16T20:49:15.752+0000] {logging_mixin.py:188} INFO - [2025-11-16T20:49:15.752+0000] {dagbag.py:538} INFO - Filling up the DagBag from /home/airflow/.local/lib/python3.8/site-packages/airflow/example_dags/example_dag_decorator.py
[2025-11-16T20:49:15.937+0000] {processor.py:840} INFO - DAG(s) 'example_dag_decorator' retrieved from /home/airflow/.local/lib/python3.8/site-packages/airflow/example_dags/example_dag_decorator.py
[2025-11-16T20:49:16.236+0000] {logging_mixin.py:188} INFO - [2025-11-16T20:49:16.236+0000] {dag.py:3036} INFO - Sync 1 DAGs
[2025-11-16T20:49:16.255+0000] {logging_mixin.py:188} INFO - [2025-11-16T20:49:16.255+0000] {dag.py:3823} INFO - Setting next_dagrun for example_dag_decorator to None, run_after=None
[2025-11-16T20:49:16.302+0000] {processor.py:183} INFO - Processing /home/airflow/.local/lib/python3.8/site-packages/airflow/example_dags/example_dag_decorator.py took 0.560 seconds
[2025-11-16T20:50:03.114+0000] {processor.py:161} INFO - Started process (PID=1309) to work on /home/airflow/.local/lib/python3.8/site-packages/airflow/example_dags/example_dag_decorator.py
[2025-11-16T20:50:03.118+0000] {processor.py:830} INFO - Processing file /home/airflow/.local/lib/python3.8/site-packages/airflow/example_dags/example_dag_decorator.py for tasks to queue
[2025-11-16T20:50:03.120+0000] {logging_mixin.py:188} INFO - [2025-11-16T20:50:03.119+0000] {dagbag.py:538} INFO - Filling up the DagBag from /home/airflow/.local/lib/python3.8/site-packages/airflow/example_dags/example_dag_decorator.py
[2025-11-16T20:50:03.453+0000] {processor.py:840} INFO - DAG(s) 'example_dag_decorator' retrieved from /home/airflow/.local/lib/python3.8/site-packages/airflow/example_dags/example_dag_decorator.py
[2025-11-16T20:50:03.885+0000] {logging_mixin.py:188} INFO - [2025-11-16T20:50:03.885+0000] {dag.py:3036} INFO - Sync 1 DAGs
[2025-11-16T20:50:03.911+0000] {logging_mixin.py:188} INFO - [2025-11-16T20:50:03.910+0000] {dag.py:3823} INFO - Setting next_dagrun for example_dag_decorator to None, run_after=None
[2025-11-16T20:50:03.955+0000] {processor.py:183} INFO - Processing /home/airflow/.local/lib/python3.8/site-packages/airflow/example_dags/example_dag_decorator.py took 0.847 seconds
[2025-11-16T23:16:16.037+0000] {processor.py:161} INFO - Started process (PID=1411) to work on /home/airflow/.local/lib/python3.8/site-packages/airflow/example_dags/example_dag_decorator.py
[2025-11-16T23:16:16.043+0000] {processor.py:830} INFO - Processing file /home/airflow/.local/lib/python3.8/site-packages/airflow/example_dags/example_dag_decorator.py for tasks to queue
[2025-11-16T23:16:16.048+0000] {logging_mixin.py:188} INFO - [2025-11-16T23:16:16.046+0000] {dagbag.py:538} INFO - Filling up the DagBag from /home/airflow/.local/lib/python3.8/site-packages/airflow/example_dags/example_dag_decorator.py
[2025-11-16T23:16:16.802+0000] {processor.py:840} INFO - DAG(s) 'example_dag_decorator' retrieved from /home/airflow/.local/lib/python3.8/site-packages/airflow/example_dags/example_dag_decorator.py
[2025-11-16T23:16:21.144+0000] {logging_mixin.py:188} INFO - [2025-11-16T23:16:21.142+0000] {dag.py:3036} INFO - Sync 1 DAGs
[2025-11-16T23:16:21.177+0000] {logging_mixin.py:188} INFO - [2025-11-16T23:16:21.177+0000] {dag.py:3823} INFO - Setting next_dagrun for example_dag_decorator to None, run_after=None
[2025-11-16T23:16:21.239+0000] {processor.py:183} INFO - Processing /home/airflow/.local/lib/python3.8/site-packages/airflow/example_dags/example_dag_decorator.py took 5.213 seconds
[2025-11-16T23:16:51.402+0000] {processor.py:161} INFO - Started process (PID=1504) to work on /home/airflow/.local/lib/python3.8/site-packages/airflow/example_dags/example_dag_decorator.py
[2025-11-16T23:16:51.403+0000] {processor.py:830} INFO - Processing file /home/airflow/.local/lib/python3.8/site-packages/airflow/example_dags/example_dag_decorator.py for tasks to queue
[2025-11-16T23:16:51.405+0000] {logging_mixin.py:188} INFO - [2025-11-16T23:16:51.404+0000] {dagbag.py:538} INFO - Filling up the DagBag from /home/airflow/.local/lib/python3.8/site-packages/airflow/example_dags/example_dag_decorator.py
[2025-11-16T23:16:51.596+0000] {processor.py:840} INFO - DAG(s) 'example_dag_decorator' retrieved from /home/airflow/.local/lib/python3.8/site-packages/airflow/example_dags/example_dag_decorator.py
[2025-11-16T23:16:51.848+0000] {logging_mixin.py:188} INFO - [2025-11-16T23:16:51.848+0000] {dag.py:3036} INFO - Sync 1 DAGs
[2025-11-16T23:16:51.868+0000] {logging_mixin.py:188} INFO - [2025-11-16T23:16:51.868+0000] {dag.py:3823} INFO - Setting next_dagrun for example_dag_decorator to None, run_after=None
[2025-11-16T23:16:51.905+0000] {processor.py:183} INFO - Processing /home/airflow/.local/lib/python3.8/site-packages/airflow/example_dags/example_dag_decorator.py took 0.506 seconds
[2025-11-16T23:17:22.531+0000] {processor.py:161} INFO - Started process (PID=1575) to work on /home/airflow/.local/lib/python3.8/site-packages/airflow/example_dags/example_dag_decorator.py
[2025-11-16T23:17:22.533+0000] {processor.py:830} INFO - Processing file /home/airflow/.local/lib/python3.8/site-packages/airflow/example_dags/example_dag_decorator.py for tasks to queue
[2025-11-16T23:17:22.540+0000] {logging_mixin.py:188} INFO - [2025-11-16T23:17:22.538+0000] {dagbag.py:538} INFO - Filling up the DagBag from /home/airflow/.local/lib/python3.8/site-packages/airflow/example_dags/example_dag_decorator.py
[2025-11-16T23:17:22.789+0000] {processor.py:840} INFO - DAG(s) 'example_dag_decorator' retrieved from /home/airflow/.local/lib/python3.8/site-packages/airflow/example_dags/example_dag_decorator.py
[2025-11-16T23:17:23.154+0000] {logging_mixin.py:188} INFO - [2025-11-16T23:17:23.154+0000] {dag.py:3036} INFO - Sync 1 DAGs
[2025-11-16T23:17:23.179+0000] {logging_mixin.py:188} INFO - [2025-11-16T23:17:23.179+0000] {dag.py:3823} INFO - Setting next_dagrun for example_dag_decorator to None, run_after=None
[2025-11-16T23:17:23.226+0000] {processor.py:183} INFO - Processing /home/airflow/.local/lib/python3.8/site-packages/airflow/example_dags/example_dag_decorator.py took 0.702 seconds
[2025-11-16T23:17:56.555+0000] {processor.py:161} INFO - Started process (PID=1634) to work on /home/airflow/.local/lib/python3.8/site-packages/airflow/example_dags/example_dag_decorator.py
[2025-11-16T23:17:56.564+0000] {processor.py:830} INFO - Processing file /home/airflow/.local/lib/python3.8/site-packages/airflow/example_dags/example_dag_decorator.py for tasks to queue
[2025-11-16T23:17:56.570+0000] {logging_mixin.py:188} INFO - [2025-11-16T23:17:56.569+0000] {dagbag.py:538} INFO - Filling up the DagBag from /home/airflow/.local/lib/python3.8/site-packages/airflow/example_dags/example_dag_decorator.py
[2025-11-16T23:17:57.027+0000] {processor.py:840} INFO - DAG(s) 'example_dag_decorator' retrieved from /home/airflow/.local/lib/python3.8/site-packages/airflow/example_dags/example_dag_decorator.py
[2025-11-16T23:17:57.376+0000] {logging_mixin.py:188} INFO - [2025-11-16T23:17:57.372+0000] {dag.py:3036} INFO - Sync 1 DAGs
[2025-11-16T23:17:57.401+0000] {logging_mixin.py:188} INFO - [2025-11-16T23:17:57.400+0000] {dag.py:3823} INFO - Setting next_dagrun for example_dag_decorator to None, run_after=None
[2025-11-16T23:17:57.455+0000] {processor.py:183} INFO - Processing /home/airflow/.local/lib/python3.8/site-packages/airflow/example_dags/example_dag_decorator.py took 0.908 seconds
[2025-11-16T23:18:29.823+0000] {processor.py:161} INFO - Started process (PID=1723) to work on /home/airflow/.local/lib/python3.8/site-packages/airflow/example_dags/example_dag_decorator.py
[2025-11-16T23:18:29.824+0000] {processor.py:830} INFO - Processing file /home/airflow/.local/lib/python3.8/site-packages/airflow/example_dags/example_dag_decorator.py for tasks to queue
[2025-11-16T23:18:29.829+0000] {logging_mixin.py:188} INFO - [2025-11-16T23:18:29.826+0000] {dagbag.py:538} INFO - Filling up the DagBag from /home/airflow/.local/lib/python3.8/site-packages/airflow/example_dags/example_dag_decorator.py
[2025-11-16T23:18:29.925+0000] {processor.py:840} INFO - DAG(s) 'example_dag_decorator' retrieved from /home/airflow/.local/lib/python3.8/site-packages/airflow/example_dags/example_dag_decorator.py
[2025-11-16T23:18:29.959+0000] {logging_mixin.py:188} INFO - [2025-11-16T23:18:29.959+0000] {dag.py:3036} INFO - Sync 1 DAGs
[2025-11-16T23:18:29.975+0000] {logging_mixin.py:188} INFO - [2025-11-16T23:18:29.975+0000] {dag.py:3823} INFO - Setting next_dagrun for example_dag_decorator to None, run_after=None
[2025-11-16T23:18:30.236+0000] {processor.py:183} INFO - Processing /home/airflow/.local/lib/python3.8/site-packages/airflow/example_dags/example_dag_decorator.py took 0.417 seconds
[2025-11-16T23:19:00.313+0000] {processor.py:161} INFO - Started process (PID=1803) to work on /home/airflow/.local/lib/python3.8/site-packages/airflow/example_dags/example_dag_decorator.py
[2025-11-16T23:19:00.314+0000] {processor.py:830} INFO - Processing file /home/airflow/.local/lib/python3.8/site-packages/airflow/example_dags/example_dag_decorator.py for tasks to queue
[2025-11-16T23:19:00.318+0000] {logging_mixin.py:188} INFO - [2025-11-16T23:19:00.315+0000] {dagbag.py:538} INFO - Filling up the DagBag from /home/airflow/.local/lib/python3.8/site-packages/airflow/example_dags/example_dag_decorator.py
[2025-11-16T23:19:00.557+0000] {processor.py:840} INFO - DAG(s) 'example_dag_decorator' retrieved from /home/airflow/.local/lib/python3.8/site-packages/airflow/example_dags/example_dag_decorator.py
[2025-11-16T23:19:01.059+0000] {logging_mixin.py:188} INFO - [2025-11-16T23:19:01.059+0000] {dag.py:3036} INFO - Sync 1 DAGs
[2025-11-16T23:19:01.086+0000] {logging_mixin.py:188} INFO - [2025-11-16T23:19:01.086+0000] {dag.py:3823} INFO - Setting next_dagrun for example_dag_decorator to None, run_after=None
[2025-11-16T23:19:01.131+0000] {processor.py:183} INFO - Processing /home/airflow/.local/lib/python3.8/site-packages/airflow/example_dags/example_dag_decorator.py took 0.821 seconds
