[2025-11-16T20:20:48.033+0000] {processor.py:161} INFO - Started process (PID=180) to work on /home/airflow/.local/lib/python3.8/site-packages/airflow/example_dags/example_kubernetes_executor.py
[2025-11-16T20:20:48.034+0000] {processor.py:830} INFO - Processing file /home/airflow/.local/lib/python3.8/site-packages/airflow/example_dags/example_kubernetes_executor.py for tasks to queue
[2025-11-16T20:20:48.036+0000] {logging_mixin.py:188} INFO - [2025-11-16T20:20:48.035+0000] {dagbag.py:538} INFO - Filling up the DagBag from /home/airflow/.local/lib/python3.8/site-packages/airflow/example_dags/example_kubernetes_executor.py
[2025-11-16T20:20:48.068+0000] {processor.py:840} INFO - DAG(s) 'example_kubernetes_executor' retrieved from /home/airflow/.local/lib/python3.8/site-packages/airflow/example_dags/example_kubernetes_executor.py
[2025-11-16T20:20:48.446+0000] {logging_mixin.py:188} INFO - [2025-11-16T20:20:48.445+0000] {override.py:1769} INFO - Created Permission View: can edit on DAG:example_kubernetes_executor
[2025-11-16T20:20:48.461+0000] {logging_mixin.py:188} INFO - [2025-11-16T20:20:48.460+0000] {override.py:1769} INFO - Created Permission View: can read on DAG:example_kubernetes_executor
[2025-11-16T20:20:48.498+0000] {logging_mixin.py:188} INFO - [2025-11-16T20:20:48.498+0000] {override.py:1769} INFO - Created Permission View: can delete on DAG:example_kubernetes_executor
[2025-11-16T20:20:48.499+0000] {logging_mixin.py:188} INFO - [2025-11-16T20:20:48.499+0000] {dag.py:3036} INFO - Sync 1 DAGs
[2025-11-16T20:20:48.514+0000] {logging_mixin.py:188} INFO - [2025-11-16T20:20:48.512+0000] {dag.py:3058} INFO - Creating ORM DAG for example_kubernetes_executor
[2025-11-16T20:20:48.515+0000] {logging_mixin.py:188} INFO - [2025-11-16T20:20:48.515+0000] {dag.py:3823} INFO - Setting next_dagrun for example_kubernetes_executor to None, run_after=None
[2025-11-16T20:20:48.565+0000] {processor.py:183} INFO - Processing /home/airflow/.local/lib/python3.8/site-packages/airflow/example_dags/example_kubernetes_executor.py took 0.537 seconds
[2025-11-16T20:21:25.901+0000] {processor.py:161} INFO - Started process (PID=268) to work on /home/airflow/.local/lib/python3.8/site-packages/airflow/example_dags/example_kubernetes_executor.py
[2025-11-16T20:21:25.902+0000] {processor.py:830} INFO - Processing file /home/airflow/.local/lib/python3.8/site-packages/airflow/example_dags/example_kubernetes_executor.py for tasks to queue
[2025-11-16T20:21:25.904+0000] {logging_mixin.py:188} INFO - [2025-11-16T20:21:25.903+0000] {dagbag.py:538} INFO - Filling up the DagBag from /home/airflow/.local/lib/python3.8/site-packages/airflow/example_dags/example_kubernetes_executor.py
[2025-11-16T20:21:25.923+0000] {processor.py:840} INFO - DAG(s) 'example_kubernetes_executor' retrieved from /home/airflow/.local/lib/python3.8/site-packages/airflow/example_dags/example_kubernetes_executor.py
[2025-11-16T20:21:26.023+0000] {logging_mixin.py:188} INFO - [2025-11-16T20:21:26.022+0000] {dag.py:3036} INFO - Sync 1 DAGs
[2025-11-16T20:21:26.048+0000] {logging_mixin.py:188} INFO - [2025-11-16T20:21:26.047+0000] {dag.py:3823} INFO - Setting next_dagrun for example_kubernetes_executor to None, run_after=None
[2025-11-16T20:21:26.073+0000] {processor.py:183} INFO - Processing /home/airflow/.local/lib/python3.8/site-packages/airflow/example_dags/example_kubernetes_executor.py took 0.178 seconds
[2025-11-16T20:21:56.275+0000] {processor.py:161} INFO - Started process (PID=349) to work on /home/airflow/.local/lib/python3.8/site-packages/airflow/example_dags/example_kubernetes_executor.py
[2025-11-16T20:21:56.276+0000] {processor.py:830} INFO - Processing file /home/airflow/.local/lib/python3.8/site-packages/airflow/example_dags/example_kubernetes_executor.py for tasks to queue
[2025-11-16T20:21:56.278+0000] {logging_mixin.py:188} INFO - [2025-11-16T20:21:56.278+0000] {dagbag.py:538} INFO - Filling up the DagBag from /home/airflow/.local/lib/python3.8/site-packages/airflow/example_dags/example_kubernetes_executor.py
[2025-11-16T20:21:56.295+0000] {processor.py:840} INFO - DAG(s) 'example_kubernetes_executor' retrieved from /home/airflow/.local/lib/python3.8/site-packages/airflow/example_dags/example_kubernetes_executor.py
[2025-11-16T20:21:56.336+0000] {logging_mixin.py:188} INFO - [2025-11-16T20:21:56.336+0000] {dag.py:3036} INFO - Sync 1 DAGs
[2025-11-16T20:21:56.349+0000] {logging_mixin.py:188} INFO - [2025-11-16T20:21:56.348+0000] {dag.py:3823} INFO - Setting next_dagrun for example_kubernetes_executor to None, run_after=None
[2025-11-16T20:21:56.375+0000] {processor.py:183} INFO - Processing /home/airflow/.local/lib/python3.8/site-packages/airflow/example_dags/example_kubernetes_executor.py took 0.104 seconds
[2025-11-16T20:22:28.602+0000] {processor.py:161} INFO - Started process (PID=438) to work on /home/airflow/.local/lib/python3.8/site-packages/airflow/example_dags/example_kubernetes_executor.py
[2025-11-16T20:22:28.603+0000] {processor.py:830} INFO - Processing file /home/airflow/.local/lib/python3.8/site-packages/airflow/example_dags/example_kubernetes_executor.py for tasks to queue
[2025-11-16T20:22:28.605+0000] {logging_mixin.py:188} INFO - [2025-11-16T20:22:28.604+0000] {dagbag.py:538} INFO - Filling up the DagBag from /home/airflow/.local/lib/python3.8/site-packages/airflow/example_dags/example_kubernetes_executor.py
[2025-11-16T20:22:28.640+0000] {processor.py:840} INFO - DAG(s) 'example_kubernetes_executor' retrieved from /home/airflow/.local/lib/python3.8/site-packages/airflow/example_dags/example_kubernetes_executor.py
[2025-11-16T20:22:28.805+0000] {logging_mixin.py:188} INFO - [2025-11-16T20:22:28.804+0000] {dag.py:3036} INFO - Sync 1 DAGs
[2025-11-16T20:22:28.828+0000] {logging_mixin.py:188} INFO - [2025-11-16T20:22:28.828+0000] {dag.py:3823} INFO - Setting next_dagrun for example_kubernetes_executor to None, run_after=None
[2025-11-16T20:22:28.891+0000] {processor.py:183} INFO - Processing /home/airflow/.local/lib/python3.8/site-packages/airflow/example_dags/example_kubernetes_executor.py took 0.300 seconds
[2025-11-16T20:22:59.570+0000] {processor.py:161} INFO - Started process (PID=526) to work on /home/airflow/.local/lib/python3.8/site-packages/airflow/example_dags/example_kubernetes_executor.py
[2025-11-16T20:22:59.572+0000] {processor.py:830} INFO - Processing file /home/airflow/.local/lib/python3.8/site-packages/airflow/example_dags/example_kubernetes_executor.py for tasks to queue
[2025-11-16T20:22:59.573+0000] {logging_mixin.py:188} INFO - [2025-11-16T20:22:59.573+0000] {dagbag.py:538} INFO - Filling up the DagBag from /home/airflow/.local/lib/python3.8/site-packages/airflow/example_dags/example_kubernetes_executor.py
[2025-11-16T20:22:59.597+0000] {processor.py:840} INFO - DAG(s) 'example_kubernetes_executor' retrieved from /home/airflow/.local/lib/python3.8/site-packages/airflow/example_dags/example_kubernetes_executor.py
[2025-11-16T20:22:59.659+0000] {logging_mixin.py:188} INFO - [2025-11-16T20:22:59.659+0000] {dag.py:3036} INFO - Sync 1 DAGs
[2025-11-16T20:22:59.676+0000] {logging_mixin.py:188} INFO - [2025-11-16T20:22:59.675+0000] {dag.py:3823} INFO - Setting next_dagrun for example_kubernetes_executor to None, run_after=None
[2025-11-16T20:22:59.715+0000] {processor.py:183} INFO - Processing /home/airflow/.local/lib/python3.8/site-packages/airflow/example_dags/example_kubernetes_executor.py took 0.151 seconds
[2025-11-16T20:23:29.800+0000] {processor.py:161} INFO - Started process (PID=607) to work on /home/airflow/.local/lib/python3.8/site-packages/airflow/example_dags/example_kubernetes_executor.py
[2025-11-16T20:23:29.801+0000] {processor.py:830} INFO - Processing file /home/airflow/.local/lib/python3.8/site-packages/airflow/example_dags/example_kubernetes_executor.py for tasks to queue
[2025-11-16T20:23:29.802+0000] {logging_mixin.py:188} INFO - [2025-11-16T20:23:29.801+0000] {dagbag.py:538} INFO - Filling up the DagBag from /home/airflow/.local/lib/python3.8/site-packages/airflow/example_dags/example_kubernetes_executor.py
[2025-11-16T20:23:29.814+0000] {processor.py:840} INFO - DAG(s) 'example_kubernetes_executor' retrieved from /home/airflow/.local/lib/python3.8/site-packages/airflow/example_dags/example_kubernetes_executor.py
[2025-11-16T20:23:29.855+0000] {logging_mixin.py:188} INFO - [2025-11-16T20:23:29.855+0000] {dag.py:3036} INFO - Sync 1 DAGs
[2025-11-16T20:23:29.867+0000] {logging_mixin.py:188} INFO - [2025-11-16T20:23:29.866+0000] {dag.py:3823} INFO - Setting next_dagrun for example_kubernetes_executor to None, run_after=None
[2025-11-16T20:23:29.893+0000] {processor.py:183} INFO - Processing /home/airflow/.local/lib/python3.8/site-packages/airflow/example_dags/example_kubernetes_executor.py took 0.097 seconds
[2025-11-16T20:24:00.016+0000] {processor.py:161} INFO - Started process (PID=687) to work on /home/airflow/.local/lib/python3.8/site-packages/airflow/example_dags/example_kubernetes_executor.py
[2025-11-16T20:24:00.017+0000] {processor.py:830} INFO - Processing file /home/airflow/.local/lib/python3.8/site-packages/airflow/example_dags/example_kubernetes_executor.py for tasks to queue
[2025-11-16T20:24:00.019+0000] {logging_mixin.py:188} INFO - [2025-11-16T20:24:00.019+0000] {dagbag.py:538} INFO - Filling up the DagBag from /home/airflow/.local/lib/python3.8/site-packages/airflow/example_dags/example_kubernetes_executor.py
[2025-11-16T20:24:00.033+0000] {processor.py:840} INFO - DAG(s) 'example_kubernetes_executor' retrieved from /home/airflow/.local/lib/python3.8/site-packages/airflow/example_dags/example_kubernetes_executor.py
[2025-11-16T20:24:00.082+0000] {logging_mixin.py:188} INFO - [2025-11-16T20:24:00.082+0000] {dag.py:3036} INFO - Sync 1 DAGs
[2025-11-16T20:24:00.094+0000] {logging_mixin.py:188} INFO - [2025-11-16T20:24:00.094+0000] {dag.py:3823} INFO - Setting next_dagrun for example_kubernetes_executor to None, run_after=None
[2025-11-16T20:24:00.116+0000] {processor.py:183} INFO - Processing /home/airflow/.local/lib/python3.8/site-packages/airflow/example_dags/example_kubernetes_executor.py took 0.103 seconds
[2025-11-16T20:24:30.218+0000] {processor.py:161} INFO - Started process (PID=783) to work on /home/airflow/.local/lib/python3.8/site-packages/airflow/example_dags/example_kubernetes_executor.py
[2025-11-16T20:24:30.219+0000] {processor.py:830} INFO - Processing file /home/airflow/.local/lib/python3.8/site-packages/airflow/example_dags/example_kubernetes_executor.py for tasks to queue
[2025-11-16T20:24:30.221+0000] {logging_mixin.py:188} INFO - [2025-11-16T20:24:30.221+0000] {dagbag.py:538} INFO - Filling up the DagBag from /home/airflow/.local/lib/python3.8/site-packages/airflow/example_dags/example_kubernetes_executor.py
[2025-11-16T20:24:30.233+0000] {processor.py:840} INFO - DAG(s) 'example_kubernetes_executor' retrieved from /home/airflow/.local/lib/python3.8/site-packages/airflow/example_dags/example_kubernetes_executor.py
[2025-11-16T20:24:30.273+0000] {logging_mixin.py:188} INFO - [2025-11-16T20:24:30.273+0000] {dag.py:3036} INFO - Sync 1 DAGs
[2025-11-16T20:24:30.283+0000] {logging_mixin.py:188} INFO - [2025-11-16T20:24:30.283+0000] {dag.py:3823} INFO - Setting next_dagrun for example_kubernetes_executor to None, run_after=None
[2025-11-16T20:24:30.303+0000] {processor.py:183} INFO - Processing /home/airflow/.local/lib/python3.8/site-packages/airflow/example_dags/example_kubernetes_executor.py took 0.087 seconds
[2025-11-16T20:25:00.465+0000] {processor.py:161} INFO - Started process (PID=864) to work on /home/airflow/.local/lib/python3.8/site-packages/airflow/example_dags/example_kubernetes_executor.py
[2025-11-16T20:25:00.466+0000] {processor.py:830} INFO - Processing file /home/airflow/.local/lib/python3.8/site-packages/airflow/example_dags/example_kubernetes_executor.py for tasks to queue
[2025-11-16T20:25:00.467+0000] {logging_mixin.py:188} INFO - [2025-11-16T20:25:00.467+0000] {dagbag.py:538} INFO - Filling up the DagBag from /home/airflow/.local/lib/python3.8/site-packages/airflow/example_dags/example_kubernetes_executor.py
[2025-11-16T20:25:00.484+0000] {processor.py:840} INFO - DAG(s) 'example_kubernetes_executor' retrieved from /home/airflow/.local/lib/python3.8/site-packages/airflow/example_dags/example_kubernetes_executor.py
[2025-11-16T20:25:00.534+0000] {logging_mixin.py:188} INFO - [2025-11-16T20:25:00.534+0000] {dag.py:3036} INFO - Sync 1 DAGs
[2025-11-16T20:25:00.548+0000] {logging_mixin.py:188} INFO - [2025-11-16T20:25:00.547+0000] {dag.py:3823} INFO - Setting next_dagrun for example_kubernetes_executor to None, run_after=None
[2025-11-16T20:25:00.574+0000] {processor.py:183} INFO - Processing /home/airflow/.local/lib/python3.8/site-packages/airflow/example_dags/example_kubernetes_executor.py took 0.112 seconds
[2025-11-16T20:25:30.643+0000] {processor.py:161} INFO - Started process (PID=953) to work on /home/airflow/.local/lib/python3.8/site-packages/airflow/example_dags/example_kubernetes_executor.py
[2025-11-16T20:25:30.644+0000] {processor.py:830} INFO - Processing file /home/airflow/.local/lib/python3.8/site-packages/airflow/example_dags/example_kubernetes_executor.py for tasks to queue
[2025-11-16T20:25:30.645+0000] {logging_mixin.py:188} INFO - [2025-11-16T20:25:30.645+0000] {dagbag.py:538} INFO - Filling up the DagBag from /home/airflow/.local/lib/python3.8/site-packages/airflow/example_dags/example_kubernetes_executor.py
[2025-11-16T20:25:30.659+0000] {processor.py:840} INFO - DAG(s) 'example_kubernetes_executor' retrieved from /home/airflow/.local/lib/python3.8/site-packages/airflow/example_dags/example_kubernetes_executor.py
[2025-11-16T20:25:30.704+0000] {logging_mixin.py:188} INFO - [2025-11-16T20:25:30.704+0000] {dag.py:3036} INFO - Sync 1 DAGs
[2025-11-16T20:25:30.718+0000] {logging_mixin.py:188} INFO - [2025-11-16T20:25:30.717+0000] {dag.py:3823} INFO - Setting next_dagrun for example_kubernetes_executor to None, run_after=None
[2025-11-16T20:25:30.746+0000] {processor.py:183} INFO - Processing /home/airflow/.local/lib/python3.8/site-packages/airflow/example_dags/example_kubernetes_executor.py took 0.109 seconds
[2025-11-16T20:26:01.639+0000] {processor.py:161} INFO - Started process (PID=1042) to work on /home/airflow/.local/lib/python3.8/site-packages/airflow/example_dags/example_kubernetes_executor.py
[2025-11-16T20:26:01.640+0000] {processor.py:830} INFO - Processing file /home/airflow/.local/lib/python3.8/site-packages/airflow/example_dags/example_kubernetes_executor.py for tasks to queue
[2025-11-16T20:26:01.643+0000] {logging_mixin.py:188} INFO - [2025-11-16T20:26:01.641+0000] {dagbag.py:538} INFO - Filling up the DagBag from /home/airflow/.local/lib/python3.8/site-packages/airflow/example_dags/example_kubernetes_executor.py
[2025-11-16T20:26:01.658+0000] {processor.py:840} INFO - DAG(s) 'example_kubernetes_executor' retrieved from /home/airflow/.local/lib/python3.8/site-packages/airflow/example_dags/example_kubernetes_executor.py
[2025-11-16T20:26:01.699+0000] {logging_mixin.py:188} INFO - [2025-11-16T20:26:01.698+0000] {dag.py:3036} INFO - Sync 1 DAGs
[2025-11-16T20:26:01.714+0000] {logging_mixin.py:188} INFO - [2025-11-16T20:26:01.714+0000] {dag.py:3823} INFO - Setting next_dagrun for example_kubernetes_executor to None, run_after=None
[2025-11-16T20:26:01.737+0000] {processor.py:183} INFO - Processing /home/airflow/.local/lib/python3.8/site-packages/airflow/example_dags/example_kubernetes_executor.py took 0.101 seconds
[2025-11-16T20:26:32.029+0000] {processor.py:161} INFO - Started process (PID=1131) to work on /home/airflow/.local/lib/python3.8/site-packages/airflow/example_dags/example_kubernetes_executor.py
[2025-11-16T20:26:32.030+0000] {processor.py:830} INFO - Processing file /home/airflow/.local/lib/python3.8/site-packages/airflow/example_dags/example_kubernetes_executor.py for tasks to queue
[2025-11-16T20:26:32.031+0000] {logging_mixin.py:188} INFO - [2025-11-16T20:26:32.031+0000] {dagbag.py:538} INFO - Filling up the DagBag from /home/airflow/.local/lib/python3.8/site-packages/airflow/example_dags/example_kubernetes_executor.py
[2025-11-16T20:26:32.044+0000] {processor.py:840} INFO - DAG(s) 'example_kubernetes_executor' retrieved from /home/airflow/.local/lib/python3.8/site-packages/airflow/example_dags/example_kubernetes_executor.py
[2025-11-16T20:26:32.087+0000] {logging_mixin.py:188} INFO - [2025-11-16T20:26:32.087+0000] {dag.py:3036} INFO - Sync 1 DAGs
[2025-11-16T20:26:32.102+0000] {logging_mixin.py:188} INFO - [2025-11-16T20:26:32.101+0000] {dag.py:3823} INFO - Setting next_dagrun for example_kubernetes_executor to None, run_after=None
[2025-11-16T20:26:32.123+0000] {processor.py:183} INFO - Processing /home/airflow/.local/lib/python3.8/site-packages/airflow/example_dags/example_kubernetes_executor.py took 0.097 seconds
[2025-11-16T20:27:02.515+0000] {processor.py:161} INFO - Started process (PID=1219) to work on /home/airflow/.local/lib/python3.8/site-packages/airflow/example_dags/example_kubernetes_executor.py
[2025-11-16T20:27:02.516+0000] {processor.py:830} INFO - Processing file /home/airflow/.local/lib/python3.8/site-packages/airflow/example_dags/example_kubernetes_executor.py for tasks to queue
[2025-11-16T20:27:02.517+0000] {logging_mixin.py:188} INFO - [2025-11-16T20:27:02.517+0000] {dagbag.py:538} INFO - Filling up the DagBag from /home/airflow/.local/lib/python3.8/site-packages/airflow/example_dags/example_kubernetes_executor.py
[2025-11-16T20:27:02.530+0000] {processor.py:840} INFO - DAG(s) 'example_kubernetes_executor' retrieved from /home/airflow/.local/lib/python3.8/site-packages/airflow/example_dags/example_kubernetes_executor.py
[2025-11-16T20:27:02.570+0000] {logging_mixin.py:188} INFO - [2025-11-16T20:27:02.570+0000] {dag.py:3036} INFO - Sync 1 DAGs
[2025-11-16T20:27:02.584+0000] {logging_mixin.py:188} INFO - [2025-11-16T20:27:02.584+0000] {dag.py:3823} INFO - Setting next_dagrun for example_kubernetes_executor to None, run_after=None
[2025-11-16T20:27:02.608+0000] {processor.py:183} INFO - Processing /home/airflow/.local/lib/python3.8/site-packages/airflow/example_dags/example_kubernetes_executor.py took 0.096 seconds
[2025-11-16T20:27:33.160+0000] {processor.py:161} INFO - Started process (PID=1301) to work on /home/airflow/.local/lib/python3.8/site-packages/airflow/example_dags/example_kubernetes_executor.py
[2025-11-16T20:27:33.161+0000] {processor.py:830} INFO - Processing file /home/airflow/.local/lib/python3.8/site-packages/airflow/example_dags/example_kubernetes_executor.py for tasks to queue
[2025-11-16T20:27:33.162+0000] {logging_mixin.py:188} INFO - [2025-11-16T20:27:33.161+0000] {dagbag.py:538} INFO - Filling up the DagBag from /home/airflow/.local/lib/python3.8/site-packages/airflow/example_dags/example_kubernetes_executor.py
[2025-11-16T20:27:33.174+0000] {processor.py:840} INFO - DAG(s) 'example_kubernetes_executor' retrieved from /home/airflow/.local/lib/python3.8/site-packages/airflow/example_dags/example_kubernetes_executor.py
[2025-11-16T20:27:33.211+0000] {logging_mixin.py:188} INFO - [2025-11-16T20:27:33.211+0000] {dag.py:3036} INFO - Sync 1 DAGs
[2025-11-16T20:27:33.222+0000] {logging_mixin.py:188} INFO - [2025-11-16T20:27:33.222+0000] {dag.py:3823} INFO - Setting next_dagrun for example_kubernetes_executor to None, run_after=None
[2025-11-16T20:27:33.244+0000] {processor.py:183} INFO - Processing /home/airflow/.local/lib/python3.8/site-packages/airflow/example_dags/example_kubernetes_executor.py took 0.087 seconds
[2025-11-16T20:28:03.377+0000] {processor.py:161} INFO - Started process (PID=1397) to work on /home/airflow/.local/lib/python3.8/site-packages/airflow/example_dags/example_kubernetes_executor.py
[2025-11-16T20:28:03.378+0000] {processor.py:830} INFO - Processing file /home/airflow/.local/lib/python3.8/site-packages/airflow/example_dags/example_kubernetes_executor.py for tasks to queue
[2025-11-16T20:28:03.379+0000] {logging_mixin.py:188} INFO - [2025-11-16T20:28:03.379+0000] {dagbag.py:538} INFO - Filling up the DagBag from /home/airflow/.local/lib/python3.8/site-packages/airflow/example_dags/example_kubernetes_executor.py
[2025-11-16T20:28:03.392+0000] {processor.py:840} INFO - DAG(s) 'example_kubernetes_executor' retrieved from /home/airflow/.local/lib/python3.8/site-packages/airflow/example_dags/example_kubernetes_executor.py
[2025-11-16T20:28:03.430+0000] {logging_mixin.py:188} INFO - [2025-11-16T20:28:03.430+0000] {dag.py:3036} INFO - Sync 1 DAGs
[2025-11-16T20:28:03.441+0000] {logging_mixin.py:188} INFO - [2025-11-16T20:28:03.441+0000] {dag.py:3823} INFO - Setting next_dagrun for example_kubernetes_executor to None, run_after=None
[2025-11-16T20:28:03.463+0000] {processor.py:183} INFO - Processing /home/airflow/.local/lib/python3.8/site-packages/airflow/example_dags/example_kubernetes_executor.py took 0.089 seconds
[2025-11-16T20:28:33.758+0000] {processor.py:161} INFO - Started process (PID=1478) to work on /home/airflow/.local/lib/python3.8/site-packages/airflow/example_dags/example_kubernetes_executor.py
[2025-11-16T20:28:33.759+0000] {processor.py:830} INFO - Processing file /home/airflow/.local/lib/python3.8/site-packages/airflow/example_dags/example_kubernetes_executor.py for tasks to queue
[2025-11-16T20:28:33.760+0000] {logging_mixin.py:188} INFO - [2025-11-16T20:28:33.760+0000] {dagbag.py:538} INFO - Filling up the DagBag from /home/airflow/.local/lib/python3.8/site-packages/airflow/example_dags/example_kubernetes_executor.py
[2025-11-16T20:28:33.780+0000] {processor.py:840} INFO - DAG(s) 'example_kubernetes_executor' retrieved from /home/airflow/.local/lib/python3.8/site-packages/airflow/example_dags/example_kubernetes_executor.py
[2025-11-16T20:28:33.835+0000] {logging_mixin.py:188} INFO - [2025-11-16T20:28:33.835+0000] {dag.py:3036} INFO - Sync 1 DAGs
[2025-11-16T20:28:33.855+0000] {logging_mixin.py:188} INFO - [2025-11-16T20:28:33.855+0000] {dag.py:3823} INFO - Setting next_dagrun for example_kubernetes_executor to None, run_after=None
[2025-11-16T20:28:33.887+0000] {processor.py:183} INFO - Processing /home/airflow/.local/lib/python3.8/site-packages/airflow/example_dags/example_kubernetes_executor.py took 0.133 seconds
[2025-11-16T20:29:04.167+0000] {processor.py:161} INFO - Started process (PID=1574) to work on /home/airflow/.local/lib/python3.8/site-packages/airflow/example_dags/example_kubernetes_executor.py
[2025-11-16T20:29:04.169+0000] {processor.py:830} INFO - Processing file /home/airflow/.local/lib/python3.8/site-packages/airflow/example_dags/example_kubernetes_executor.py for tasks to queue
[2025-11-16T20:29:04.170+0000] {logging_mixin.py:188} INFO - [2025-11-16T20:29:04.170+0000] {dagbag.py:538} INFO - Filling up the DagBag from /home/airflow/.local/lib/python3.8/site-packages/airflow/example_dags/example_kubernetes_executor.py
[2025-11-16T20:29:04.206+0000] {processor.py:840} INFO - DAG(s) 'example_kubernetes_executor' retrieved from /home/airflow/.local/lib/python3.8/site-packages/airflow/example_dags/example_kubernetes_executor.py
[2025-11-16T20:29:04.272+0000] {logging_mixin.py:188} INFO - [2025-11-16T20:29:04.271+0000] {dag.py:3036} INFO - Sync 1 DAGs
[2025-11-16T20:29:04.292+0000] {logging_mixin.py:188} INFO - [2025-11-16T20:29:04.291+0000] {dag.py:3823} INFO - Setting next_dagrun for example_kubernetes_executor to None, run_after=None
[2025-11-16T20:29:04.328+0000] {processor.py:183} INFO - Processing /home/airflow/.local/lib/python3.8/site-packages/airflow/example_dags/example_kubernetes_executor.py took 0.165 seconds
[2025-11-16T20:29:34.514+0000] {processor.py:161} INFO - Started process (PID=1655) to work on /home/airflow/.local/lib/python3.8/site-packages/airflow/example_dags/example_kubernetes_executor.py
[2025-11-16T20:29:34.515+0000] {processor.py:830} INFO - Processing file /home/airflow/.local/lib/python3.8/site-packages/airflow/example_dags/example_kubernetes_executor.py for tasks to queue
[2025-11-16T20:29:34.519+0000] {logging_mixin.py:188} INFO - [2025-11-16T20:29:34.518+0000] {dagbag.py:538} INFO - Filling up the DagBag from /home/airflow/.local/lib/python3.8/site-packages/airflow/example_dags/example_kubernetes_executor.py
[2025-11-16T20:29:34.540+0000] {processor.py:840} INFO - DAG(s) 'example_kubernetes_executor' retrieved from /home/airflow/.local/lib/python3.8/site-packages/airflow/example_dags/example_kubernetes_executor.py
[2025-11-16T20:29:34.591+0000] {logging_mixin.py:188} INFO - [2025-11-16T20:29:34.591+0000] {dag.py:3036} INFO - Sync 1 DAGs
[2025-11-16T20:29:34.609+0000] {logging_mixin.py:188} INFO - [2025-11-16T20:29:34.609+0000] {dag.py:3823} INFO - Setting next_dagrun for example_kubernetes_executor to None, run_after=None
[2025-11-16T20:29:34.646+0000] {processor.py:183} INFO - Processing /home/airflow/.local/lib/python3.8/site-packages/airflow/example_dags/example_kubernetes_executor.py took 0.136 seconds
[2025-11-16T20:30:05.448+0000] {processor.py:161} INFO - Started process (PID=1728) to work on /home/airflow/.local/lib/python3.8/site-packages/airflow/example_dags/example_kubernetes_executor.py
[2025-11-16T20:30:05.452+0000] {processor.py:830} INFO - Processing file /home/airflow/.local/lib/python3.8/site-packages/airflow/example_dags/example_kubernetes_executor.py for tasks to queue
[2025-11-16T20:30:05.454+0000] {logging_mixin.py:188} INFO - [2025-11-16T20:30:05.454+0000] {dagbag.py:538} INFO - Filling up the DagBag from /home/airflow/.local/lib/python3.8/site-packages/airflow/example_dags/example_kubernetes_executor.py
[2025-11-16T20:30:05.486+0000] {processor.py:840} INFO - DAG(s) 'example_kubernetes_executor' retrieved from /home/airflow/.local/lib/python3.8/site-packages/airflow/example_dags/example_kubernetes_executor.py
[2025-11-16T20:30:05.555+0000] {logging_mixin.py:188} INFO - [2025-11-16T20:30:05.554+0000] {dag.py:3036} INFO - Sync 1 DAGs
[2025-11-16T20:30:05.576+0000] {logging_mixin.py:188} INFO - [2025-11-16T20:30:05.575+0000] {dag.py:3823} INFO - Setting next_dagrun for example_kubernetes_executor to None, run_after=None
[2025-11-16T20:30:05.618+0000] {processor.py:183} INFO - Processing /home/airflow/.local/lib/python3.8/site-packages/airflow/example_dags/example_kubernetes_executor.py took 0.175 seconds
[2025-11-16T20:30:39.091+0000] {processor.py:161} INFO - Started process (PID=1812) to work on /home/airflow/.local/lib/python3.8/site-packages/airflow/example_dags/example_kubernetes_executor.py
[2025-11-16T20:30:39.092+0000] {processor.py:830} INFO - Processing file /home/airflow/.local/lib/python3.8/site-packages/airflow/example_dags/example_kubernetes_executor.py for tasks to queue
[2025-11-16T20:30:39.096+0000] {logging_mixin.py:188} INFO - [2025-11-16T20:30:39.095+0000] {dagbag.py:538} INFO - Filling up the DagBag from /home/airflow/.local/lib/python3.8/site-packages/airflow/example_dags/example_kubernetes_executor.py
[2025-11-16T20:30:39.121+0000] {processor.py:840} INFO - DAG(s) 'example_kubernetes_executor' retrieved from /home/airflow/.local/lib/python3.8/site-packages/airflow/example_dags/example_kubernetes_executor.py
[2025-11-16T20:30:39.200+0000] {logging_mixin.py:188} INFO - [2025-11-16T20:30:39.200+0000] {dag.py:3036} INFO - Sync 1 DAGs
[2025-11-16T20:30:39.224+0000] {logging_mixin.py:188} INFO - [2025-11-16T20:30:39.224+0000] {dag.py:3823} INFO - Setting next_dagrun for example_kubernetes_executor to None, run_after=None
[2025-11-16T20:30:39.261+0000] {processor.py:183} INFO - Processing /home/airflow/.local/lib/python3.8/site-packages/airflow/example_dags/example_kubernetes_executor.py took 0.173 seconds
[2025-11-16T20:31:09.466+0000] {processor.py:161} INFO - Started process (PID=1888) to work on /home/airflow/.local/lib/python3.8/site-packages/airflow/example_dags/example_kubernetes_executor.py
[2025-11-16T20:31:09.467+0000] {processor.py:830} INFO - Processing file /home/airflow/.local/lib/python3.8/site-packages/airflow/example_dags/example_kubernetes_executor.py for tasks to queue
[2025-11-16T20:31:09.468+0000] {logging_mixin.py:188} INFO - [2025-11-16T20:31:09.468+0000] {dagbag.py:538} INFO - Filling up the DagBag from /home/airflow/.local/lib/python3.8/site-packages/airflow/example_dags/example_kubernetes_executor.py
[2025-11-16T20:31:09.486+0000] {processor.py:840} INFO - DAG(s) 'example_kubernetes_executor' retrieved from /home/airflow/.local/lib/python3.8/site-packages/airflow/example_dags/example_kubernetes_executor.py
[2025-11-16T20:31:09.544+0000] {logging_mixin.py:188} INFO - [2025-11-16T20:31:09.543+0000] {dag.py:3036} INFO - Sync 1 DAGs
[2025-11-16T20:31:09.561+0000] {logging_mixin.py:188} INFO - [2025-11-16T20:31:09.560+0000] {dag.py:3823} INFO - Setting next_dagrun for example_kubernetes_executor to None, run_after=None
[2025-11-16T20:31:09.592+0000] {processor.py:183} INFO - Processing /home/airflow/.local/lib/python3.8/site-packages/airflow/example_dags/example_kubernetes_executor.py took 0.129 seconds
[2025-11-16T20:31:40.807+0000] {processor.py:161} INFO - Started process (PID=1978) to work on /home/airflow/.local/lib/python3.8/site-packages/airflow/example_dags/example_kubernetes_executor.py
[2025-11-16T20:31:40.808+0000] {processor.py:830} INFO - Processing file /home/airflow/.local/lib/python3.8/site-packages/airflow/example_dags/example_kubernetes_executor.py for tasks to queue
[2025-11-16T20:31:40.810+0000] {logging_mixin.py:188} INFO - [2025-11-16T20:31:40.810+0000] {dagbag.py:538} INFO - Filling up the DagBag from /home/airflow/.local/lib/python3.8/site-packages/airflow/example_dags/example_kubernetes_executor.py
[2025-11-16T20:31:40.851+0000] {processor.py:840} INFO - DAG(s) 'example_kubernetes_executor' retrieved from /home/airflow/.local/lib/python3.8/site-packages/airflow/example_dags/example_kubernetes_executor.py
[2025-11-16T20:31:40.953+0000] {logging_mixin.py:188} INFO - [2025-11-16T20:31:40.948+0000] {dag.py:3036} INFO - Sync 1 DAGs
[2025-11-16T20:31:40.990+0000] {logging_mixin.py:188} INFO - [2025-11-16T20:31:40.990+0000] {dag.py:3823} INFO - Setting next_dagrun for example_kubernetes_executor to None, run_after=None
[2025-11-16T20:31:41.037+0000] {processor.py:183} INFO - Processing /home/airflow/.local/lib/python3.8/site-packages/airflow/example_dags/example_kubernetes_executor.py took 0.238 seconds
[2025-11-16T20:32:11.233+0000] {processor.py:161} INFO - Started process (PID=2066) to work on /home/airflow/.local/lib/python3.8/site-packages/airflow/example_dags/example_kubernetes_executor.py
[2025-11-16T20:32:11.234+0000] {processor.py:830} INFO - Processing file /home/airflow/.local/lib/python3.8/site-packages/airflow/example_dags/example_kubernetes_executor.py for tasks to queue
[2025-11-16T20:32:11.235+0000] {logging_mixin.py:188} INFO - [2025-11-16T20:32:11.234+0000] {dagbag.py:538} INFO - Filling up the DagBag from /home/airflow/.local/lib/python3.8/site-packages/airflow/example_dags/example_kubernetes_executor.py
[2025-11-16T20:32:11.259+0000] {processor.py:840} INFO - DAG(s) 'example_kubernetes_executor' retrieved from /home/airflow/.local/lib/python3.8/site-packages/airflow/example_dags/example_kubernetes_executor.py
[2025-11-16T20:32:11.327+0000] {logging_mixin.py:188} INFO - [2025-11-16T20:32:11.325+0000] {dag.py:3036} INFO - Sync 1 DAGs
[2025-11-16T20:32:11.352+0000] {logging_mixin.py:188} INFO - [2025-11-16T20:32:11.351+0000] {dag.py:3823} INFO - Setting next_dagrun for example_kubernetes_executor to None, run_after=None
[2025-11-16T20:32:11.384+0000] {processor.py:183} INFO - Processing /home/airflow/.local/lib/python3.8/site-packages/airflow/example_dags/example_kubernetes_executor.py took 0.154 seconds
[2025-11-16T20:32:48.998+0000] {processor.py:161} INFO - Started process (PID=2132) to work on /home/airflow/.local/lib/python3.8/site-packages/airflow/example_dags/example_kubernetes_executor.py
[2025-11-16T20:32:48.999+0000] {processor.py:830} INFO - Processing file /home/airflow/.local/lib/python3.8/site-packages/airflow/example_dags/example_kubernetes_executor.py for tasks to queue
[2025-11-16T20:32:49.001+0000] {logging_mixin.py:188} INFO - [2025-11-16T20:32:49.000+0000] {dagbag.py:538} INFO - Filling up the DagBag from /home/airflow/.local/lib/python3.8/site-packages/airflow/example_dags/example_kubernetes_executor.py
[2025-11-16T20:32:49.028+0000] {processor.py:840} INFO - DAG(s) 'example_kubernetes_executor' retrieved from /home/airflow/.local/lib/python3.8/site-packages/airflow/example_dags/example_kubernetes_executor.py
[2025-11-16T20:32:49.103+0000] {logging_mixin.py:188} INFO - [2025-11-16T20:32:49.102+0000] {dag.py:3036} INFO - Sync 1 DAGs
[2025-11-16T20:32:49.126+0000] {logging_mixin.py:188} INFO - [2025-11-16T20:32:49.125+0000] {dag.py:3823} INFO - Setting next_dagrun for example_kubernetes_executor to None, run_after=None
[2025-11-16T20:32:49.166+0000] {processor.py:183} INFO - Processing /home/airflow/.local/lib/python3.8/site-packages/airflow/example_dags/example_kubernetes_executor.py took 0.175 seconds
[2025-11-16T20:33:19.234+0000] {processor.py:161} INFO - Started process (PID=2215) to work on /home/airflow/.local/lib/python3.8/site-packages/airflow/example_dags/example_kubernetes_executor.py
[2025-11-16T20:33:19.235+0000] {processor.py:830} INFO - Processing file /home/airflow/.local/lib/python3.8/site-packages/airflow/example_dags/example_kubernetes_executor.py for tasks to queue
[2025-11-16T20:33:19.236+0000] {logging_mixin.py:188} INFO - [2025-11-16T20:33:19.236+0000] {dagbag.py:538} INFO - Filling up the DagBag from /home/airflow/.local/lib/python3.8/site-packages/airflow/example_dags/example_kubernetes_executor.py
[2025-11-16T20:33:19.251+0000] {processor.py:840} INFO - DAG(s) 'example_kubernetes_executor' retrieved from /home/airflow/.local/lib/python3.8/site-packages/airflow/example_dags/example_kubernetes_executor.py
[2025-11-16T20:33:19.296+0000] {logging_mixin.py:188} INFO - [2025-11-16T20:33:19.295+0000] {dag.py:3036} INFO - Sync 1 DAGs
[2025-11-16T20:33:19.309+0000] {logging_mixin.py:188} INFO - [2025-11-16T20:33:19.309+0000] {dag.py:3823} INFO - Setting next_dagrun for example_kubernetes_executor to None, run_after=None
[2025-11-16T20:33:19.333+0000] {processor.py:183} INFO - Processing /home/airflow/.local/lib/python3.8/site-packages/airflow/example_dags/example_kubernetes_executor.py took 0.102 seconds
[2025-11-16T20:33:49.935+0000] {processor.py:161} INFO - Started process (PID=2311) to work on /home/airflow/.local/lib/python3.8/site-packages/airflow/example_dags/example_kubernetes_executor.py
[2025-11-16T20:33:49.936+0000] {processor.py:830} INFO - Processing file /home/airflow/.local/lib/python3.8/site-packages/airflow/example_dags/example_kubernetes_executor.py for tasks to queue
[2025-11-16T20:33:49.937+0000] {logging_mixin.py:188} INFO - [2025-11-16T20:33:49.937+0000] {dagbag.py:538} INFO - Filling up the DagBag from /home/airflow/.local/lib/python3.8/site-packages/airflow/example_dags/example_kubernetes_executor.py
[2025-11-16T20:33:49.956+0000] {processor.py:840} INFO - DAG(s) 'example_kubernetes_executor' retrieved from /home/airflow/.local/lib/python3.8/site-packages/airflow/example_dags/example_kubernetes_executor.py
[2025-11-16T20:33:50.004+0000] {logging_mixin.py:188} INFO - [2025-11-16T20:33:50.003+0000] {dag.py:3036} INFO - Sync 1 DAGs
[2025-11-16T20:33:50.019+0000] {logging_mixin.py:188} INFO - [2025-11-16T20:33:50.019+0000] {dag.py:3823} INFO - Setting next_dagrun for example_kubernetes_executor to None, run_after=None
[2025-11-16T20:33:50.045+0000] {processor.py:183} INFO - Processing /home/airflow/.local/lib/python3.8/site-packages/airflow/example_dags/example_kubernetes_executor.py took 0.114 seconds
[2025-11-16T20:34:20.925+0000] {processor.py:161} INFO - Started process (PID=2393) to work on /home/airflow/.local/lib/python3.8/site-packages/airflow/example_dags/example_kubernetes_executor.py
[2025-11-16T20:34:20.925+0000] {processor.py:830} INFO - Processing file /home/airflow/.local/lib/python3.8/site-packages/airflow/example_dags/example_kubernetes_executor.py for tasks to queue
[2025-11-16T20:34:20.926+0000] {logging_mixin.py:188} INFO - [2025-11-16T20:34:20.926+0000] {dagbag.py:538} INFO - Filling up the DagBag from /home/airflow/.local/lib/python3.8/site-packages/airflow/example_dags/example_kubernetes_executor.py
[2025-11-16T20:34:20.940+0000] {processor.py:840} INFO - DAG(s) 'example_kubernetes_executor' retrieved from /home/airflow/.local/lib/python3.8/site-packages/airflow/example_dags/example_kubernetes_executor.py
[2025-11-16T20:34:20.980+0000] {logging_mixin.py:188} INFO - [2025-11-16T20:34:20.980+0000] {dag.py:3036} INFO - Sync 1 DAGs
[2025-11-16T20:34:20.992+0000] {logging_mixin.py:188} INFO - [2025-11-16T20:34:20.992+0000] {dag.py:3823} INFO - Setting next_dagrun for example_kubernetes_executor to None, run_after=None
[2025-11-16T20:34:21.016+0000] {processor.py:183} INFO - Processing /home/airflow/.local/lib/python3.8/site-packages/airflow/example_dags/example_kubernetes_executor.py took 0.095 seconds
[2025-11-16T20:34:51.557+0000] {processor.py:161} INFO - Started process (PID=2481) to work on /home/airflow/.local/lib/python3.8/site-packages/airflow/example_dags/example_kubernetes_executor.py
[2025-11-16T20:34:51.558+0000] {processor.py:830} INFO - Processing file /home/airflow/.local/lib/python3.8/site-packages/airflow/example_dags/example_kubernetes_executor.py for tasks to queue
[2025-11-16T20:34:51.559+0000] {logging_mixin.py:188} INFO - [2025-11-16T20:34:51.559+0000] {dagbag.py:538} INFO - Filling up the DagBag from /home/airflow/.local/lib/python3.8/site-packages/airflow/example_dags/example_kubernetes_executor.py
[2025-11-16T20:34:51.573+0000] {processor.py:840} INFO - DAG(s) 'example_kubernetes_executor' retrieved from /home/airflow/.local/lib/python3.8/site-packages/airflow/example_dags/example_kubernetes_executor.py
[2025-11-16T20:34:51.615+0000] {logging_mixin.py:188} INFO - [2025-11-16T20:34:51.615+0000] {dag.py:3036} INFO - Sync 1 DAGs
[2025-11-16T20:34:51.629+0000] {logging_mixin.py:188} INFO - [2025-11-16T20:34:51.629+0000] {dag.py:3823} INFO - Setting next_dagrun for example_kubernetes_executor to None, run_after=None
[2025-11-16T20:34:51.654+0000] {processor.py:183} INFO - Processing /home/airflow/.local/lib/python3.8/site-packages/airflow/example_dags/example_kubernetes_executor.py took 0.100 seconds
[2025-11-16T20:35:22.899+0000] {processor.py:161} INFO - Started process (PID=2570) to work on /home/airflow/.local/lib/python3.8/site-packages/airflow/example_dags/example_kubernetes_executor.py
[2025-11-16T20:35:22.900+0000] {processor.py:830} INFO - Processing file /home/airflow/.local/lib/python3.8/site-packages/airflow/example_dags/example_kubernetes_executor.py for tasks to queue
[2025-11-16T20:35:22.902+0000] {logging_mixin.py:188} INFO - [2025-11-16T20:35:22.901+0000] {dagbag.py:538} INFO - Filling up the DagBag from /home/airflow/.local/lib/python3.8/site-packages/airflow/example_dags/example_kubernetes_executor.py
[2025-11-16T20:35:22.919+0000] {processor.py:840} INFO - DAG(s) 'example_kubernetes_executor' retrieved from /home/airflow/.local/lib/python3.8/site-packages/airflow/example_dags/example_kubernetes_executor.py
[2025-11-16T20:35:22.964+0000] {logging_mixin.py:188} INFO - [2025-11-16T20:35:22.964+0000] {dag.py:3036} INFO - Sync 1 DAGs
[2025-11-16T20:35:22.976+0000] {logging_mixin.py:188} INFO - [2025-11-16T20:35:22.975+0000] {dag.py:3823} INFO - Setting next_dagrun for example_kubernetes_executor to None, run_after=None
[2025-11-16T20:35:22.997+0000] {processor.py:183} INFO - Processing /home/airflow/.local/lib/python3.8/site-packages/airflow/example_dags/example_kubernetes_executor.py took 0.101 seconds
[2025-11-16T20:35:53.763+0000] {processor.py:161} INFO - Started process (PID=2651) to work on /home/airflow/.local/lib/python3.8/site-packages/airflow/example_dags/example_kubernetes_executor.py
[2025-11-16T20:35:53.764+0000] {processor.py:830} INFO - Processing file /home/airflow/.local/lib/python3.8/site-packages/airflow/example_dags/example_kubernetes_executor.py for tasks to queue
[2025-11-16T20:35:53.765+0000] {logging_mixin.py:188} INFO - [2025-11-16T20:35:53.765+0000] {dagbag.py:538} INFO - Filling up the DagBag from /home/airflow/.local/lib/python3.8/site-packages/airflow/example_dags/example_kubernetes_executor.py
[2025-11-16T20:35:53.778+0000] {processor.py:840} INFO - DAG(s) 'example_kubernetes_executor' retrieved from /home/airflow/.local/lib/python3.8/site-packages/airflow/example_dags/example_kubernetes_executor.py
[2025-11-16T20:35:53.825+0000] {logging_mixin.py:188} INFO - [2025-11-16T20:35:53.825+0000] {dag.py:3036} INFO - Sync 1 DAGs
[2025-11-16T20:35:53.838+0000] {logging_mixin.py:188} INFO - [2025-11-16T20:35:53.838+0000] {dag.py:3823} INFO - Setting next_dagrun for example_kubernetes_executor to None, run_after=None
[2025-11-16T20:35:53.862+0000] {processor.py:183} INFO - Processing /home/airflow/.local/lib/python3.8/site-packages/airflow/example_dags/example_kubernetes_executor.py took 0.102 seconds
[2025-11-16T20:36:24.353+0000] {processor.py:161} INFO - Started process (PID=2734) to work on /home/airflow/.local/lib/python3.8/site-packages/airflow/example_dags/example_kubernetes_executor.py
[2025-11-16T20:36:24.354+0000] {processor.py:830} INFO - Processing file /home/airflow/.local/lib/python3.8/site-packages/airflow/example_dags/example_kubernetes_executor.py for tasks to queue
[2025-11-16T20:36:24.355+0000] {logging_mixin.py:188} INFO - [2025-11-16T20:36:24.355+0000] {dagbag.py:538} INFO - Filling up the DagBag from /home/airflow/.local/lib/python3.8/site-packages/airflow/example_dags/example_kubernetes_executor.py
[2025-11-16T20:36:24.375+0000] {processor.py:840} INFO - DAG(s) 'example_kubernetes_executor' retrieved from /home/airflow/.local/lib/python3.8/site-packages/airflow/example_dags/example_kubernetes_executor.py
[2025-11-16T20:36:24.431+0000] {logging_mixin.py:188} INFO - [2025-11-16T20:36:24.431+0000] {dag.py:3036} INFO - Sync 1 DAGs
[2025-11-16T20:36:24.445+0000] {logging_mixin.py:188} INFO - [2025-11-16T20:36:24.445+0000] {dag.py:3823} INFO - Setting next_dagrun for example_kubernetes_executor to None, run_after=None
[2025-11-16T20:36:24.474+0000] {processor.py:183} INFO - Processing /home/airflow/.local/lib/python3.8/site-packages/airflow/example_dags/example_kubernetes_executor.py took 0.124 seconds
[2025-11-16T20:36:55.740+0000] {processor.py:161} INFO - Started process (PID=2816) to work on /home/airflow/.local/lib/python3.8/site-packages/airflow/example_dags/example_kubernetes_executor.py
[2025-11-16T20:36:55.741+0000] {processor.py:830} INFO - Processing file /home/airflow/.local/lib/python3.8/site-packages/airflow/example_dags/example_kubernetes_executor.py for tasks to queue
[2025-11-16T20:36:55.742+0000] {logging_mixin.py:188} INFO - [2025-11-16T20:36:55.741+0000] {dagbag.py:538} INFO - Filling up the DagBag from /home/airflow/.local/lib/python3.8/site-packages/airflow/example_dags/example_kubernetes_executor.py
[2025-11-16T20:36:55.761+0000] {processor.py:840} INFO - DAG(s) 'example_kubernetes_executor' retrieved from /home/airflow/.local/lib/python3.8/site-packages/airflow/example_dags/example_kubernetes_executor.py
[2025-11-16T20:36:55.816+0000] {logging_mixin.py:188} INFO - [2025-11-16T20:36:55.816+0000] {dag.py:3036} INFO - Sync 1 DAGs
[2025-11-16T20:36:55.838+0000] {logging_mixin.py:188} INFO - [2025-11-16T20:36:55.838+0000] {dag.py:3823} INFO - Setting next_dagrun for example_kubernetes_executor to None, run_after=None
[2025-11-16T20:36:55.876+0000] {processor.py:183} INFO - Processing /home/airflow/.local/lib/python3.8/site-packages/airflow/example_dags/example_kubernetes_executor.py took 0.141 seconds
[2025-11-16T20:37:33.114+0000] {processor.py:161} INFO - Started process (PID=2889) to work on /home/airflow/.local/lib/python3.8/site-packages/airflow/example_dags/example_kubernetes_executor.py
[2025-11-16T20:37:33.115+0000] {processor.py:830} INFO - Processing file /home/airflow/.local/lib/python3.8/site-packages/airflow/example_dags/example_kubernetes_executor.py for tasks to queue
[2025-11-16T20:37:33.117+0000] {logging_mixin.py:188} INFO - [2025-11-16T20:37:33.116+0000] {dagbag.py:538} INFO - Filling up the DagBag from /home/airflow/.local/lib/python3.8/site-packages/airflow/example_dags/example_kubernetes_executor.py
[2025-11-16T20:37:33.141+0000] {processor.py:840} INFO - DAG(s) 'example_kubernetes_executor' retrieved from /home/airflow/.local/lib/python3.8/site-packages/airflow/example_dags/example_kubernetes_executor.py
[2025-11-16T20:37:33.219+0000] {logging_mixin.py:188} INFO - [2025-11-16T20:37:33.219+0000] {dag.py:3036} INFO - Sync 1 DAGs
[2025-11-16T20:37:33.241+0000] {logging_mixin.py:188} INFO - [2025-11-16T20:37:33.241+0000] {dag.py:3823} INFO - Setting next_dagrun for example_kubernetes_executor to None, run_after=None
[2025-11-16T20:37:33.271+0000] {processor.py:183} INFO - Processing /home/airflow/.local/lib/python3.8/site-packages/airflow/example_dags/example_kubernetes_executor.py took 0.163 seconds
[2025-11-16T20:38:03.330+0000] {processor.py:161} INFO - Started process (PID=2968) to work on /home/airflow/.local/lib/python3.8/site-packages/airflow/example_dags/example_kubernetes_executor.py
[2025-11-16T20:38:03.331+0000] {processor.py:830} INFO - Processing file /home/airflow/.local/lib/python3.8/site-packages/airflow/example_dags/example_kubernetes_executor.py for tasks to queue
[2025-11-16T20:38:03.332+0000] {logging_mixin.py:188} INFO - [2025-11-16T20:38:03.331+0000] {dagbag.py:538} INFO - Filling up the DagBag from /home/airflow/.local/lib/python3.8/site-packages/airflow/example_dags/example_kubernetes_executor.py
[2025-11-16T20:38:03.349+0000] {processor.py:840} INFO - DAG(s) 'example_kubernetes_executor' retrieved from /home/airflow/.local/lib/python3.8/site-packages/airflow/example_dags/example_kubernetes_executor.py
[2025-11-16T20:38:03.400+0000] {logging_mixin.py:188} INFO - [2025-11-16T20:38:03.399+0000] {dag.py:3036} INFO - Sync 1 DAGs
[2025-11-16T20:38:03.418+0000] {logging_mixin.py:188} INFO - [2025-11-16T20:38:03.418+0000] {dag.py:3823} INFO - Setting next_dagrun for example_kubernetes_executor to None, run_after=None
[2025-11-16T20:38:03.454+0000] {processor.py:183} INFO - Processing /home/airflow/.local/lib/python3.8/site-packages/airflow/example_dags/example_kubernetes_executor.py took 0.127 seconds
[2025-11-16T20:38:33.992+0000] {processor.py:161} INFO - Started process (PID=3051) to work on /home/airflow/.local/lib/python3.8/site-packages/airflow/example_dags/example_kubernetes_executor.py
[2025-11-16T20:38:33.993+0000] {processor.py:830} INFO - Processing file /home/airflow/.local/lib/python3.8/site-packages/airflow/example_dags/example_kubernetes_executor.py for tasks to queue
[2025-11-16T20:38:33.994+0000] {logging_mixin.py:188} INFO - [2025-11-16T20:38:33.994+0000] {dagbag.py:538} INFO - Filling up the DagBag from /home/airflow/.local/lib/python3.8/site-packages/airflow/example_dags/example_kubernetes_executor.py
[2025-11-16T20:38:34.016+0000] {processor.py:840} INFO - DAG(s) 'example_kubernetes_executor' retrieved from /home/airflow/.local/lib/python3.8/site-packages/airflow/example_dags/example_kubernetes_executor.py
[2025-11-16T20:38:34.076+0000] {logging_mixin.py:188} INFO - [2025-11-16T20:38:34.076+0000] {dag.py:3036} INFO - Sync 1 DAGs
[2025-11-16T20:38:34.097+0000] {logging_mixin.py:188} INFO - [2025-11-16T20:38:34.097+0000] {dag.py:3823} INFO - Setting next_dagrun for example_kubernetes_executor to None, run_after=None
[2025-11-16T20:38:34.128+0000] {processor.py:183} INFO - Processing /home/airflow/.local/lib/python3.8/site-packages/airflow/example_dags/example_kubernetes_executor.py took 0.142 seconds
[2025-11-16T20:39:23.014+0000] {processor.py:161} INFO - Started process (PID=3148) to work on /home/airflow/.local/lib/python3.8/site-packages/airflow/example_dags/example_kubernetes_executor.py
[2025-11-16T20:39:23.015+0000] {processor.py:830} INFO - Processing file /home/airflow/.local/lib/python3.8/site-packages/airflow/example_dags/example_kubernetes_executor.py for tasks to queue
[2025-11-16T20:39:23.017+0000] {logging_mixin.py:188} INFO - [2025-11-16T20:39:23.017+0000] {dagbag.py:538} INFO - Filling up the DagBag from /home/airflow/.local/lib/python3.8/site-packages/airflow/example_dags/example_kubernetes_executor.py
[2025-11-16T20:39:23.049+0000] {processor.py:840} INFO - DAG(s) 'example_kubernetes_executor' retrieved from /home/airflow/.local/lib/python3.8/site-packages/airflow/example_dags/example_kubernetes_executor.py
[2025-11-16T20:39:23.129+0000] {logging_mixin.py:188} INFO - [2025-11-16T20:39:23.128+0000] {dag.py:3036} INFO - Sync 1 DAGs
[2025-11-16T20:39:23.151+0000] {logging_mixin.py:188} INFO - [2025-11-16T20:39:23.150+0000] {dag.py:3823} INFO - Setting next_dagrun for example_kubernetes_executor to None, run_after=None
[2025-11-16T20:39:23.184+0000] {processor.py:183} INFO - Processing /home/airflow/.local/lib/python3.8/site-packages/airflow/example_dags/example_kubernetes_executor.py took 0.177 seconds
[2025-11-16T20:39:54.182+0000] {processor.py:161} INFO - Started process (PID=3240) to work on /home/airflow/.local/lib/python3.8/site-packages/airflow/example_dags/example_kubernetes_executor.py
[2025-11-16T20:39:54.184+0000] {processor.py:830} INFO - Processing file /home/airflow/.local/lib/python3.8/site-packages/airflow/example_dags/example_kubernetes_executor.py for tasks to queue
[2025-11-16T20:39:54.186+0000] {logging_mixin.py:188} INFO - [2025-11-16T20:39:54.185+0000] {dagbag.py:538} INFO - Filling up the DagBag from /home/airflow/.local/lib/python3.8/site-packages/airflow/example_dags/example_kubernetes_executor.py
[2025-11-16T20:39:54.215+0000] {processor.py:840} INFO - DAG(s) 'example_kubernetes_executor' retrieved from /home/airflow/.local/lib/python3.8/site-packages/airflow/example_dags/example_kubernetes_executor.py
[2025-11-16T20:39:54.293+0000] {logging_mixin.py:188} INFO - [2025-11-16T20:39:54.292+0000] {dag.py:3036} INFO - Sync 1 DAGs
[2025-11-16T20:39:54.326+0000] {logging_mixin.py:188} INFO - [2025-11-16T20:39:54.326+0000] {dag.py:3823} INFO - Setting next_dagrun for example_kubernetes_executor to None, run_after=None
[2025-11-16T20:39:54.361+0000] {processor.py:183} INFO - Processing /home/airflow/.local/lib/python3.8/site-packages/airflow/example_dags/example_kubernetes_executor.py took 0.184 seconds
[2025-11-16T20:42:27.284+0000] {processor.py:161} INFO - Started process (PID=158) to work on /home/airflow/.local/lib/python3.8/site-packages/airflow/example_dags/example_kubernetes_executor.py
[2025-11-16T20:42:27.286+0000] {processor.py:830} INFO - Processing file /home/airflow/.local/lib/python3.8/site-packages/airflow/example_dags/example_kubernetes_executor.py for tasks to queue
[2025-11-16T20:42:27.288+0000] {logging_mixin.py:188} INFO - [2025-11-16T20:42:27.287+0000] {dagbag.py:538} INFO - Filling up the DagBag from /home/airflow/.local/lib/python3.8/site-packages/airflow/example_dags/example_kubernetes_executor.py
[2025-11-16T20:42:27.320+0000] {processor.py:840} INFO - DAG(s) 'example_kubernetes_executor' retrieved from /home/airflow/.local/lib/python3.8/site-packages/airflow/example_dags/example_kubernetes_executor.py
[2025-11-16T20:42:27.507+0000] {logging_mixin.py:188} INFO - [2025-11-16T20:42:27.507+0000] {dag.py:3036} INFO - Sync 1 DAGs
[2025-11-16T20:42:27.520+0000] {logging_mixin.py:188} INFO - [2025-11-16T20:42:27.520+0000] {dag.py:3823} INFO - Setting next_dagrun for example_kubernetes_executor to None, run_after=None
[2025-11-16T20:42:27.553+0000] {processor.py:183} INFO - Processing /home/airflow/.local/lib/python3.8/site-packages/airflow/example_dags/example_kubernetes_executor.py took 0.274 seconds
[2025-11-16T20:43:04.771+0000] {processor.py:161} INFO - Started process (PID=232) to work on /home/airflow/.local/lib/python3.8/site-packages/airflow/example_dags/example_kubernetes_executor.py
[2025-11-16T20:43:04.773+0000] {processor.py:830} INFO - Processing file /home/airflow/.local/lib/python3.8/site-packages/airflow/example_dags/example_kubernetes_executor.py for tasks to queue
[2025-11-16T20:43:04.775+0000] {logging_mixin.py:188} INFO - [2025-11-16T20:43:04.774+0000] {dagbag.py:538} INFO - Filling up the DagBag from /home/airflow/.local/lib/python3.8/site-packages/airflow/example_dags/example_kubernetes_executor.py
[2025-11-16T20:43:04.797+0000] {processor.py:840} INFO - DAG(s) 'example_kubernetes_executor' retrieved from /home/airflow/.local/lib/python3.8/site-packages/airflow/example_dags/example_kubernetes_executor.py
[2025-11-16T20:43:04.853+0000] {logging_mixin.py:188} INFO - [2025-11-16T20:43:04.852+0000] {dag.py:3036} INFO - Sync 1 DAGs
[2025-11-16T20:43:04.870+0000] {logging_mixin.py:188} INFO - [2025-11-16T20:43:04.870+0000] {dag.py:3823} INFO - Setting next_dagrun for example_kubernetes_executor to None, run_after=None
[2025-11-16T20:43:04.903+0000] {processor.py:183} INFO - Processing /home/airflow/.local/lib/python3.8/site-packages/airflow/example_dags/example_kubernetes_executor.py took 0.136 seconds
[2025-11-16T20:43:35.533+0000] {processor.py:161} INFO - Started process (PID=313) to work on /home/airflow/.local/lib/python3.8/site-packages/airflow/example_dags/example_kubernetes_executor.py
[2025-11-16T20:43:35.534+0000] {processor.py:830} INFO - Processing file /home/airflow/.local/lib/python3.8/site-packages/airflow/example_dags/example_kubernetes_executor.py for tasks to queue
[2025-11-16T20:43:35.535+0000] {logging_mixin.py:188} INFO - [2025-11-16T20:43:35.535+0000] {dagbag.py:538} INFO - Filling up the DagBag from /home/airflow/.local/lib/python3.8/site-packages/airflow/example_dags/example_kubernetes_executor.py
[2025-11-16T20:43:35.575+0000] {processor.py:840} INFO - DAG(s) 'example_kubernetes_executor' retrieved from /home/airflow/.local/lib/python3.8/site-packages/airflow/example_dags/example_kubernetes_executor.py
[2025-11-16T20:43:35.642+0000] {logging_mixin.py:188} INFO - [2025-11-16T20:43:35.642+0000] {dag.py:3036} INFO - Sync 1 DAGs
[2025-11-16T20:43:35.656+0000] {logging_mixin.py:188} INFO - [2025-11-16T20:43:35.655+0000] {dag.py:3823} INFO - Setting next_dagrun for example_kubernetes_executor to None, run_after=None
[2025-11-16T20:43:35.685+0000] {processor.py:183} INFO - Processing /home/airflow/.local/lib/python3.8/site-packages/airflow/example_dags/example_kubernetes_executor.py took 0.156 seconds
[2025-11-16T20:44:05.854+0000] {processor.py:161} INFO - Started process (PID=401) to work on /home/airflow/.local/lib/python3.8/site-packages/airflow/example_dags/example_kubernetes_executor.py
[2025-11-16T20:44:05.855+0000] {processor.py:830} INFO - Processing file /home/airflow/.local/lib/python3.8/site-packages/airflow/example_dags/example_kubernetes_executor.py for tasks to queue
[2025-11-16T20:44:05.856+0000] {logging_mixin.py:188} INFO - [2025-11-16T20:44:05.856+0000] {dagbag.py:538} INFO - Filling up the DagBag from /home/airflow/.local/lib/python3.8/site-packages/airflow/example_dags/example_kubernetes_executor.py
[2025-11-16T20:44:05.872+0000] {processor.py:840} INFO - DAG(s) 'example_kubernetes_executor' retrieved from /home/airflow/.local/lib/python3.8/site-packages/airflow/example_dags/example_kubernetes_executor.py
[2025-11-16T20:44:05.911+0000] {logging_mixin.py:188} INFO - [2025-11-16T20:44:05.911+0000] {dag.py:3036} INFO - Sync 1 DAGs
[2025-11-16T20:44:05.922+0000] {logging_mixin.py:188} INFO - [2025-11-16T20:44:05.922+0000] {dag.py:3823} INFO - Setting next_dagrun for example_kubernetes_executor to None, run_after=None
[2025-11-16T20:44:05.945+0000] {processor.py:183} INFO - Processing /home/airflow/.local/lib/python3.8/site-packages/airflow/example_dags/example_kubernetes_executor.py took 0.094 seconds
[2025-11-16T20:44:36.829+0000] {processor.py:161} INFO - Started process (PID=482) to work on /home/airflow/.local/lib/python3.8/site-packages/airflow/example_dags/example_kubernetes_executor.py
[2025-11-16T20:44:36.831+0000] {processor.py:830} INFO - Processing file /home/airflow/.local/lib/python3.8/site-packages/airflow/example_dags/example_kubernetes_executor.py for tasks to queue
[2025-11-16T20:44:36.832+0000] {logging_mixin.py:188} INFO - [2025-11-16T20:44:36.832+0000] {dagbag.py:538} INFO - Filling up the DagBag from /home/airflow/.local/lib/python3.8/site-packages/airflow/example_dags/example_kubernetes_executor.py
[2025-11-16T20:44:36.855+0000] {processor.py:840} INFO - DAG(s) 'example_kubernetes_executor' retrieved from /home/airflow/.local/lib/python3.8/site-packages/airflow/example_dags/example_kubernetes_executor.py
[2025-11-16T20:44:36.912+0000] {logging_mixin.py:188} INFO - [2025-11-16T20:44:36.911+0000] {dag.py:3036} INFO - Sync 1 DAGs
[2025-11-16T20:44:36.926+0000] {logging_mixin.py:188} INFO - [2025-11-16T20:44:36.925+0000] {dag.py:3823} INFO - Setting next_dagrun for example_kubernetes_executor to None, run_after=None
[2025-11-16T20:44:36.948+0000] {processor.py:183} INFO - Processing /home/airflow/.local/lib/python3.8/site-packages/airflow/example_dags/example_kubernetes_executor.py took 0.125 seconds
[2025-11-16T20:45:07.467+0000] {processor.py:161} INFO - Started process (PID=579) to work on /home/airflow/.local/lib/python3.8/site-packages/airflow/example_dags/example_kubernetes_executor.py
[2025-11-16T20:45:07.469+0000] {processor.py:830} INFO - Processing file /home/airflow/.local/lib/python3.8/site-packages/airflow/example_dags/example_kubernetes_executor.py for tasks to queue
[2025-11-16T20:45:07.470+0000] {logging_mixin.py:188} INFO - [2025-11-16T20:45:07.470+0000] {dagbag.py:538} INFO - Filling up the DagBag from /home/airflow/.local/lib/python3.8/site-packages/airflow/example_dags/example_kubernetes_executor.py
[2025-11-16T20:45:07.487+0000] {processor.py:840} INFO - DAG(s) 'example_kubernetes_executor' retrieved from /home/airflow/.local/lib/python3.8/site-packages/airflow/example_dags/example_kubernetes_executor.py
[2025-11-16T20:45:07.536+0000] {logging_mixin.py:188} INFO - [2025-11-16T20:45:07.535+0000] {dag.py:3036} INFO - Sync 1 DAGs
[2025-11-16T20:45:07.552+0000] {logging_mixin.py:188} INFO - [2025-11-16T20:45:07.552+0000] {dag.py:3823} INFO - Setting next_dagrun for example_kubernetes_executor to None, run_after=None
[2025-11-16T20:45:07.575+0000] {processor.py:183} INFO - Processing /home/airflow/.local/lib/python3.8/site-packages/airflow/example_dags/example_kubernetes_executor.py took 0.112 seconds
[2025-11-16T20:45:37.754+0000] {processor.py:161} INFO - Started process (PID=661) to work on /home/airflow/.local/lib/python3.8/site-packages/airflow/example_dags/example_kubernetes_executor.py
[2025-11-16T20:45:37.755+0000] {processor.py:830} INFO - Processing file /home/airflow/.local/lib/python3.8/site-packages/airflow/example_dags/example_kubernetes_executor.py for tasks to queue
[2025-11-16T20:45:37.757+0000] {logging_mixin.py:188} INFO - [2025-11-16T20:45:37.756+0000] {dagbag.py:538} INFO - Filling up the DagBag from /home/airflow/.local/lib/python3.8/site-packages/airflow/example_dags/example_kubernetes_executor.py
[2025-11-16T20:45:37.783+0000] {processor.py:840} INFO - DAG(s) 'example_kubernetes_executor' retrieved from /home/airflow/.local/lib/python3.8/site-packages/airflow/example_dags/example_kubernetes_executor.py
[2025-11-16T20:45:37.857+0000] {logging_mixin.py:188} INFO - [2025-11-16T20:45:37.857+0000] {dag.py:3036} INFO - Sync 1 DAGs
[2025-11-16T20:45:37.879+0000] {logging_mixin.py:188} INFO - [2025-11-16T20:45:37.879+0000] {dag.py:3823} INFO - Setting next_dagrun for example_kubernetes_executor to None, run_after=None
[2025-11-16T20:45:37.920+0000] {processor.py:183} INFO - Processing /home/airflow/.local/lib/python3.8/site-packages/airflow/example_dags/example_kubernetes_executor.py took 0.171 seconds
[2025-11-16T20:46:08.318+0000] {processor.py:161} INFO - Started process (PID=742) to work on /home/airflow/.local/lib/python3.8/site-packages/airflow/example_dags/example_kubernetes_executor.py
[2025-11-16T20:46:08.319+0000] {processor.py:830} INFO - Processing file /home/airflow/.local/lib/python3.8/site-packages/airflow/example_dags/example_kubernetes_executor.py for tasks to queue
[2025-11-16T20:46:08.320+0000] {logging_mixin.py:188} INFO - [2025-11-16T20:46:08.320+0000] {dagbag.py:538} INFO - Filling up the DagBag from /home/airflow/.local/lib/python3.8/site-packages/airflow/example_dags/example_kubernetes_executor.py
[2025-11-16T20:46:08.334+0000] {processor.py:840} INFO - DAG(s) 'example_kubernetes_executor' retrieved from /home/airflow/.local/lib/python3.8/site-packages/airflow/example_dags/example_kubernetes_executor.py
[2025-11-16T20:46:08.378+0000] {logging_mixin.py:188} INFO - [2025-11-16T20:46:08.378+0000] {dag.py:3036} INFO - Sync 1 DAGs
[2025-11-16T20:46:08.391+0000] {logging_mixin.py:188} INFO - [2025-11-16T20:46:08.391+0000] {dag.py:3823} INFO - Setting next_dagrun for example_kubernetes_executor to None, run_after=None
[2025-11-16T20:46:08.414+0000] {processor.py:183} INFO - Processing /home/airflow/.local/lib/python3.8/site-packages/airflow/example_dags/example_kubernetes_executor.py took 0.099 seconds
[2025-11-16T20:46:38.903+0000] {processor.py:161} INFO - Started process (PID=838) to work on /home/airflow/.local/lib/python3.8/site-packages/airflow/example_dags/example_kubernetes_executor.py
[2025-11-16T20:46:38.905+0000] {processor.py:830} INFO - Processing file /home/airflow/.local/lib/python3.8/site-packages/airflow/example_dags/example_kubernetes_executor.py for tasks to queue
[2025-11-16T20:46:38.906+0000] {logging_mixin.py:188} INFO - [2025-11-16T20:46:38.905+0000] {dagbag.py:538} INFO - Filling up the DagBag from /home/airflow/.local/lib/python3.8/site-packages/airflow/example_dags/example_kubernetes_executor.py
[2025-11-16T20:46:38.925+0000] {processor.py:840} INFO - DAG(s) 'example_kubernetes_executor' retrieved from /home/airflow/.local/lib/python3.8/site-packages/airflow/example_dags/example_kubernetes_executor.py
[2025-11-16T20:46:38.968+0000] {logging_mixin.py:188} INFO - [2025-11-16T20:46:38.968+0000] {dag.py:3036} INFO - Sync 1 DAGs
[2025-11-16T20:46:38.981+0000] {logging_mixin.py:188} INFO - [2025-11-16T20:46:38.981+0000] {dag.py:3823} INFO - Setting next_dagrun for example_kubernetes_executor to None, run_after=None
[2025-11-16T20:46:39.001+0000] {processor.py:183} INFO - Processing /home/airflow/.local/lib/python3.8/site-packages/airflow/example_dags/example_kubernetes_executor.py took 0.101 seconds
[2025-11-16T20:47:09.263+0000] {processor.py:161} INFO - Started process (PID=919) to work on /home/airflow/.local/lib/python3.8/site-packages/airflow/example_dags/example_kubernetes_executor.py
[2025-11-16T20:47:09.264+0000] {processor.py:830} INFO - Processing file /home/airflow/.local/lib/python3.8/site-packages/airflow/example_dags/example_kubernetes_executor.py for tasks to queue
[2025-11-16T20:47:09.266+0000] {logging_mixin.py:188} INFO - [2025-11-16T20:47:09.265+0000] {dagbag.py:538} INFO - Filling up the DagBag from /home/airflow/.local/lib/python3.8/site-packages/airflow/example_dags/example_kubernetes_executor.py
[2025-11-16T20:47:09.279+0000] {processor.py:840} INFO - DAG(s) 'example_kubernetes_executor' retrieved from /home/airflow/.local/lib/python3.8/site-packages/airflow/example_dags/example_kubernetes_executor.py
[2025-11-16T20:47:09.320+0000] {logging_mixin.py:188} INFO - [2025-11-16T20:47:09.320+0000] {dag.py:3036} INFO - Sync 1 DAGs
[2025-11-16T20:47:09.331+0000] {logging_mixin.py:188} INFO - [2025-11-16T20:47:09.331+0000] {dag.py:3823} INFO - Setting next_dagrun for example_kubernetes_executor to None, run_after=None
[2025-11-16T20:47:09.353+0000] {processor.py:183} INFO - Processing /home/airflow/.local/lib/python3.8/site-packages/airflow/example_dags/example_kubernetes_executor.py took 0.093 seconds
[2025-11-16T20:47:40.134+0000] {processor.py:161} INFO - Started process (PID=1015) to work on /home/airflow/.local/lib/python3.8/site-packages/airflow/example_dags/example_kubernetes_executor.py
[2025-11-16T20:47:40.135+0000] {processor.py:830} INFO - Processing file /home/airflow/.local/lib/python3.8/site-packages/airflow/example_dags/example_kubernetes_executor.py for tasks to queue
[2025-11-16T20:47:40.136+0000] {logging_mixin.py:188} INFO - [2025-11-16T20:47:40.136+0000] {dagbag.py:538} INFO - Filling up the DagBag from /home/airflow/.local/lib/python3.8/site-packages/airflow/example_dags/example_kubernetes_executor.py
[2025-11-16T20:47:40.156+0000] {processor.py:840} INFO - DAG(s) 'example_kubernetes_executor' retrieved from /home/airflow/.local/lib/python3.8/site-packages/airflow/example_dags/example_kubernetes_executor.py
[2025-11-16T20:47:40.204+0000] {logging_mixin.py:188} INFO - [2025-11-16T20:47:40.204+0000] {dag.py:3036} INFO - Sync 1 DAGs
[2025-11-16T20:47:40.221+0000] {logging_mixin.py:188} INFO - [2025-11-16T20:47:40.220+0000] {dag.py:3823} INFO - Setting next_dagrun for example_kubernetes_executor to None, run_after=None
[2025-11-16T20:47:40.251+0000] {processor.py:183} INFO - Processing /home/airflow/.local/lib/python3.8/site-packages/airflow/example_dags/example_kubernetes_executor.py took 0.121 seconds
[2025-11-16T20:48:10.527+0000] {processor.py:161} INFO - Started process (PID=1095) to work on /home/airflow/.local/lib/python3.8/site-packages/airflow/example_dags/example_kubernetes_executor.py
[2025-11-16T20:48:10.528+0000] {processor.py:830} INFO - Processing file /home/airflow/.local/lib/python3.8/site-packages/airflow/example_dags/example_kubernetes_executor.py for tasks to queue
[2025-11-16T20:48:10.529+0000] {logging_mixin.py:188} INFO - [2025-11-16T20:48:10.529+0000] {dagbag.py:538} INFO - Filling up the DagBag from /home/airflow/.local/lib/python3.8/site-packages/airflow/example_dags/example_kubernetes_executor.py
[2025-11-16T20:48:10.547+0000] {processor.py:840} INFO - DAG(s) 'example_kubernetes_executor' retrieved from /home/airflow/.local/lib/python3.8/site-packages/airflow/example_dags/example_kubernetes_executor.py
[2025-11-16T20:48:10.594+0000] {logging_mixin.py:188} INFO - [2025-11-16T20:48:10.593+0000] {dag.py:3036} INFO - Sync 1 DAGs
[2025-11-16T20:48:10.605+0000] {logging_mixin.py:188} INFO - [2025-11-16T20:48:10.605+0000] {dag.py:3823} INFO - Setting next_dagrun for example_kubernetes_executor to None, run_after=None
[2025-11-16T20:48:10.623+0000] {processor.py:183} INFO - Processing /home/airflow/.local/lib/python3.8/site-packages/airflow/example_dags/example_kubernetes_executor.py took 0.102 seconds
[2025-11-16T20:48:41.719+0000] {processor.py:161} INFO - Started process (PID=1176) to work on /home/airflow/.local/lib/python3.8/site-packages/airflow/example_dags/example_kubernetes_executor.py
[2025-11-16T20:48:41.720+0000] {processor.py:830} INFO - Processing file /home/airflow/.local/lib/python3.8/site-packages/airflow/example_dags/example_kubernetes_executor.py for tasks to queue
[2025-11-16T20:48:41.722+0000] {logging_mixin.py:188} INFO - [2025-11-16T20:48:41.722+0000] {dagbag.py:538} INFO - Filling up the DagBag from /home/airflow/.local/lib/python3.8/site-packages/airflow/example_dags/example_kubernetes_executor.py
[2025-11-16T20:48:41.749+0000] {processor.py:840} INFO - DAG(s) 'example_kubernetes_executor' retrieved from /home/airflow/.local/lib/python3.8/site-packages/airflow/example_dags/example_kubernetes_executor.py
[2025-11-16T20:48:41.846+0000] {logging_mixin.py:188} INFO - [2025-11-16T20:48:41.846+0000] {dag.py:3036} INFO - Sync 1 DAGs
[2025-11-16T20:48:41.868+0000] {logging_mixin.py:188} INFO - [2025-11-16T20:48:41.868+0000] {dag.py:3823} INFO - Setting next_dagrun for example_kubernetes_executor to None, run_after=None
[2025-11-16T20:48:41.898+0000] {processor.py:183} INFO - Processing /home/airflow/.local/lib/python3.8/site-packages/airflow/example_dags/example_kubernetes_executor.py took 0.188 seconds
[2025-11-16T20:49:18.609+0000] {processor.py:161} INFO - Started process (PID=1257) to work on /home/airflow/.local/lib/python3.8/site-packages/airflow/example_dags/example_kubernetes_executor.py
[2025-11-16T20:49:18.612+0000] {processor.py:830} INFO - Processing file /home/airflow/.local/lib/python3.8/site-packages/airflow/example_dags/example_kubernetes_executor.py for tasks to queue
[2025-11-16T20:49:18.614+0000] {logging_mixin.py:188} INFO - [2025-11-16T20:49:18.613+0000] {dagbag.py:538} INFO - Filling up the DagBag from /home/airflow/.local/lib/python3.8/site-packages/airflow/example_dags/example_kubernetes_executor.py
[2025-11-16T20:49:18.658+0000] {processor.py:840} INFO - DAG(s) 'example_kubernetes_executor' retrieved from /home/airflow/.local/lib/python3.8/site-packages/airflow/example_dags/example_kubernetes_executor.py
[2025-11-16T20:49:18.770+0000] {logging_mixin.py:188} INFO - [2025-11-16T20:49:18.769+0000] {dag.py:3036} INFO - Sync 1 DAGs
[2025-11-16T20:49:18.802+0000] {logging_mixin.py:188} INFO - [2025-11-16T20:49:18.801+0000] {dag.py:3823} INFO - Setting next_dagrun for example_kubernetes_executor to None, run_after=None
[2025-11-16T20:49:18.849+0000] {processor.py:183} INFO - Processing /home/airflow/.local/lib/python3.8/site-packages/airflow/example_dags/example_kubernetes_executor.py took 0.248 seconds
[2025-11-16T20:50:05.991+0000] {processor.py:161} INFO - Started process (PID=1330) to work on /home/airflow/.local/lib/python3.8/site-packages/airflow/example_dags/example_kubernetes_executor.py
[2025-11-16T20:50:05.994+0000] {processor.py:830} INFO - Processing file /home/airflow/.local/lib/python3.8/site-packages/airflow/example_dags/example_kubernetes_executor.py for tasks to queue
[2025-11-16T20:50:05.997+0000] {logging_mixin.py:188} INFO - [2025-11-16T20:50:05.996+0000] {dagbag.py:538} INFO - Filling up the DagBag from /home/airflow/.local/lib/python3.8/site-packages/airflow/example_dags/example_kubernetes_executor.py
[2025-11-16T20:50:06.025+0000] {processor.py:840} INFO - DAG(s) 'example_kubernetes_executor' retrieved from /home/airflow/.local/lib/python3.8/site-packages/airflow/example_dags/example_kubernetes_executor.py
[2025-11-16T20:50:06.100+0000] {logging_mixin.py:188} INFO - [2025-11-16T20:50:06.100+0000] {dag.py:3036} INFO - Sync 1 DAGs
[2025-11-16T20:50:06.121+0000] {logging_mixin.py:188} INFO - [2025-11-16T20:50:06.120+0000] {dag.py:3823} INFO - Setting next_dagrun for example_kubernetes_executor to None, run_after=None
[2025-11-16T20:50:06.157+0000] {processor.py:183} INFO - Processing /home/airflow/.local/lib/python3.8/site-packages/airflow/example_dags/example_kubernetes_executor.py took 0.170 seconds
[2025-11-16T23:16:21.504+0000] {processor.py:161} INFO - Started process (PID=1433) to work on /home/airflow/.local/lib/python3.8/site-packages/airflow/example_dags/example_kubernetes_executor.py
[2025-11-16T23:16:21.506+0000] {processor.py:830} INFO - Processing file /home/airflow/.local/lib/python3.8/site-packages/airflow/example_dags/example_kubernetes_executor.py for tasks to queue
[2025-11-16T23:16:21.510+0000] {logging_mixin.py:188} INFO - [2025-11-16T23:16:21.508+0000] {dagbag.py:538} INFO - Filling up the DagBag from /home/airflow/.local/lib/python3.8/site-packages/airflow/example_dags/example_kubernetes_executor.py
[2025-11-16T23:16:21.544+0000] {processor.py:840} INFO - DAG(s) 'example_kubernetes_executor' retrieved from /home/airflow/.local/lib/python3.8/site-packages/airflow/example_dags/example_kubernetes_executor.py
[2025-11-16T23:16:21.627+0000] {logging_mixin.py:188} INFO - [2025-11-16T23:16:21.627+0000] {dag.py:3036} INFO - Sync 1 DAGs
[2025-11-16T23:16:21.658+0000] {logging_mixin.py:188} INFO - [2025-11-16T23:16:21.658+0000] {dag.py:3823} INFO - Setting next_dagrun for example_kubernetes_executor to None, run_after=None
[2025-11-16T23:16:21.709+0000] {processor.py:183} INFO - Processing /home/airflow/.local/lib/python3.8/site-packages/airflow/example_dags/example_kubernetes_executor.py took 0.213 seconds
[2025-11-16T23:16:51.901+0000] {processor.py:161} INFO - Started process (PID=1508) to work on /home/airflow/.local/lib/python3.8/site-packages/airflow/example_dags/example_kubernetes_executor.py
[2025-11-16T23:16:51.903+0000] {processor.py:830} INFO - Processing file /home/airflow/.local/lib/python3.8/site-packages/airflow/example_dags/example_kubernetes_executor.py for tasks to queue
[2025-11-16T23:16:51.904+0000] {logging_mixin.py:188} INFO - [2025-11-16T23:16:51.904+0000] {dagbag.py:538} INFO - Filling up the DagBag from /home/airflow/.local/lib/python3.8/site-packages/airflow/example_dags/example_kubernetes_executor.py
[2025-11-16T23:16:51.927+0000] {processor.py:840} INFO - DAG(s) 'example_kubernetes_executor' retrieved from /home/airflow/.local/lib/python3.8/site-packages/airflow/example_dags/example_kubernetes_executor.py
[2025-11-16T23:16:52.003+0000] {logging_mixin.py:188} INFO - [2025-11-16T23:16:52.002+0000] {dag.py:3036} INFO - Sync 1 DAGs
[2025-11-16T23:16:52.032+0000] {logging_mixin.py:188} INFO - [2025-11-16T23:16:52.029+0000] {dag.py:3823} INFO - Setting next_dagrun for example_kubernetes_executor to None, run_after=None
[2025-11-16T23:16:52.085+0000] {processor.py:183} INFO - Processing /home/airflow/.local/lib/python3.8/site-packages/airflow/example_dags/example_kubernetes_executor.py took 0.190 seconds
[2025-11-16T23:17:24.478+0000] {processor.py:161} INFO - Started process (PID=1589) to work on /home/airflow/.local/lib/python3.8/site-packages/airflow/example_dags/example_kubernetes_executor.py
[2025-11-16T23:17:24.479+0000] {processor.py:830} INFO - Processing file /home/airflow/.local/lib/python3.8/site-packages/airflow/example_dags/example_kubernetes_executor.py for tasks to queue
[2025-11-16T23:17:24.480+0000] {logging_mixin.py:188} INFO - [2025-11-16T23:17:24.480+0000] {dagbag.py:538} INFO - Filling up the DagBag from /home/airflow/.local/lib/python3.8/site-packages/airflow/example_dags/example_kubernetes_executor.py
[2025-11-16T23:17:24.508+0000] {processor.py:840} INFO - DAG(s) 'example_kubernetes_executor' retrieved from /home/airflow/.local/lib/python3.8/site-packages/airflow/example_dags/example_kubernetes_executor.py
[2025-11-16T23:17:24.580+0000] {logging_mixin.py:188} INFO - [2025-11-16T23:17:24.579+0000] {dag.py:3036} INFO - Sync 1 DAGs
[2025-11-16T23:17:24.608+0000] {logging_mixin.py:188} INFO - [2025-11-16T23:17:24.608+0000] {dag.py:3823} INFO - Setting next_dagrun for example_kubernetes_executor to None, run_after=None
[2025-11-16T23:17:24.645+0000] {processor.py:183} INFO - Processing /home/airflow/.local/lib/python3.8/site-packages/airflow/example_dags/example_kubernetes_executor.py took 0.171 seconds
[2025-11-16T23:17:58.705+0000] {processor.py:161} INFO - Started process (PID=1655) to work on /home/airflow/.local/lib/python3.8/site-packages/airflow/example_dags/example_kubernetes_executor.py
[2025-11-16T23:17:58.706+0000] {processor.py:830} INFO - Processing file /home/airflow/.local/lib/python3.8/site-packages/airflow/example_dags/example_kubernetes_executor.py for tasks to queue
[2025-11-16T23:17:58.710+0000] {logging_mixin.py:188} INFO - [2025-11-16T23:17:58.710+0000] {dagbag.py:538} INFO - Filling up the DagBag from /home/airflow/.local/lib/python3.8/site-packages/airflow/example_dags/example_kubernetes_executor.py
[2025-11-16T23:17:58.754+0000] {processor.py:840} INFO - DAG(s) 'example_kubernetes_executor' retrieved from /home/airflow/.local/lib/python3.8/site-packages/airflow/example_dags/example_kubernetes_executor.py
[2025-11-16T23:17:58.844+0000] {logging_mixin.py:188} INFO - [2025-11-16T23:17:58.844+0000] {dag.py:3036} INFO - Sync 1 DAGs
[2025-11-16T23:17:58.876+0000] {logging_mixin.py:188} INFO - [2025-11-16T23:17:58.876+0000] {dag.py:3823} INFO - Setting next_dagrun for example_kubernetes_executor to None, run_after=None
[2025-11-16T23:17:58.913+0000] {processor.py:183} INFO - Processing /home/airflow/.local/lib/python3.8/site-packages/airflow/example_dags/example_kubernetes_executor.py took 0.213 seconds
[2025-11-16T23:18:34.187+0000] {processor.py:161} INFO - Started process (PID=1751) to work on /home/airflow/.local/lib/python3.8/site-packages/airflow/example_dags/example_kubernetes_executor.py
[2025-11-16T23:18:34.188+0000] {processor.py:830} INFO - Processing file /home/airflow/.local/lib/python3.8/site-packages/airflow/example_dags/example_kubernetes_executor.py for tasks to queue
[2025-11-16T23:18:34.189+0000] {logging_mixin.py:188} INFO - [2025-11-16T23:18:34.189+0000] {dagbag.py:538} INFO - Filling up the DagBag from /home/airflow/.local/lib/python3.8/site-packages/airflow/example_dags/example_kubernetes_executor.py
[2025-11-16T23:18:34.212+0000] {processor.py:840} INFO - DAG(s) 'example_kubernetes_executor' retrieved from /home/airflow/.local/lib/python3.8/site-packages/airflow/example_dags/example_kubernetes_executor.py
[2025-11-16T23:18:34.299+0000] {logging_mixin.py:188} INFO - [2025-11-16T23:18:34.298+0000] {dag.py:3036} INFO - Sync 1 DAGs
[2025-11-16T23:18:34.331+0000] {logging_mixin.py:188} INFO - [2025-11-16T23:18:34.331+0000] {dag.py:3823} INFO - Setting next_dagrun for example_kubernetes_executor to None, run_after=None
[2025-11-16T23:18:34.369+0000] {processor.py:183} INFO - Processing /home/airflow/.local/lib/python3.8/site-packages/airflow/example_dags/example_kubernetes_executor.py took 0.190 seconds
[2025-11-16T23:19:04.499+0000] {processor.py:161} INFO - Started process (PID=1817) to work on /home/airflow/.local/lib/python3.8/site-packages/airflow/example_dags/example_kubernetes_executor.py
[2025-11-16T23:19:04.499+0000] {processor.py:830} INFO - Processing file /home/airflow/.local/lib/python3.8/site-packages/airflow/example_dags/example_kubernetes_executor.py for tasks to queue
[2025-11-16T23:19:04.500+0000] {logging_mixin.py:188} INFO - [2025-11-16T23:19:04.500+0000] {dagbag.py:538} INFO - Filling up the DagBag from /home/airflow/.local/lib/python3.8/site-packages/airflow/example_dags/example_kubernetes_executor.py
[2025-11-16T23:19:04.519+0000] {processor.py:840} INFO - DAG(s) 'example_kubernetes_executor' retrieved from /home/airflow/.local/lib/python3.8/site-packages/airflow/example_dags/example_kubernetes_executor.py
[2025-11-16T23:19:04.569+0000] {logging_mixin.py:188} INFO - [2025-11-16T23:19:04.569+0000] {dag.py:3036} INFO - Sync 1 DAGs
[2025-11-16T23:19:04.584+0000] {logging_mixin.py:188} INFO - [2025-11-16T23:19:04.583+0000] {dag.py:3823} INFO - Setting next_dagrun for example_kubernetes_executor to None, run_after=None
[2025-11-16T23:19:04.613+0000] {processor.py:183} INFO - Processing /home/airflow/.local/lib/python3.8/site-packages/airflow/example_dags/example_kubernetes_executor.py took 0.119 seconds
