[2025-11-16T20:20:24.080+0000] {processor.py:161} INFO - Started process (PID=138) to work on /home/airflow/.local/lib/python3.8/site-packages/airflow/example_dags/example_branch_python_dop_operator_3.py
[2025-11-16T20:20:24.083+0000] {processor.py:830} INFO - Processing file /home/airflow/.local/lib/python3.8/site-packages/airflow/example_dags/example_branch_python_dop_operator_3.py for tasks to queue
[2025-11-16T20:20:24.088+0000] {logging_mixin.py:188} INFO - [2025-11-16T20:20:24.087+0000] {dagbag.py:538} INFO - Filling up the DagBag from /home/airflow/.local/lib/python3.8/site-packages/airflow/example_dags/example_branch_python_dop_operator_3.py
[2025-11-16T20:20:24.186+0000] {processor.py:840} INFO - DAG(s) 'example_branch_dop_operator_v3' retrieved from /home/airflow/.local/lib/python3.8/site-packages/airflow/example_dags/example_branch_python_dop_operator_3.py
[2025-11-16T20:20:25.025+0000] {logging_mixin.py:188} INFO - [2025-11-16T20:20:25.023+0000] {override.py:1769} INFO - Created Permission View: can edit on DAG:example_branch_dop_operator_v3
[2025-11-16T20:20:25.051+0000] {logging_mixin.py:188} INFO - [2025-11-16T20:20:25.050+0000] {override.py:1769} INFO - Created Permission View: can read on DAG:example_branch_dop_operator_v3
[2025-11-16T20:20:25.068+0000] {logging_mixin.py:188} INFO - [2025-11-16T20:20:25.066+0000] {override.py:1769} INFO - Created Permission View: can delete on DAG:example_branch_dop_operator_v3
[2025-11-16T20:20:25.070+0000] {logging_mixin.py:188} INFO - [2025-11-16T20:20:25.069+0000] {dag.py:3036} INFO - Sync 1 DAGs
[2025-11-16T20:20:25.107+0000] {logging_mixin.py:188} INFO - [2025-11-16T20:20:25.106+0000] {dag.py:3058} INFO - Creating ORM DAG for example_branch_dop_operator_v3
[2025-11-16T20:20:25.167+0000] {logging_mixin.py:188} INFO - [2025-11-16T20:20:25.166+0000] {dag.py:3823} INFO - Setting next_dagrun for example_branch_dop_operator_v3 to 2025-11-16 20:19:00+00:00, run_after=2025-11-16 20:20:00+00:00
[2025-11-16T20:20:25.218+0000] {processor.py:183} INFO - Processing /home/airflow/.local/lib/python3.8/site-packages/airflow/example_dags/example_branch_python_dop_operator_3.py took 1.145 seconds
[2025-11-16T20:20:55.704+0000] {processor.py:161} INFO - Started process (PID=212) to work on /home/airflow/.local/lib/python3.8/site-packages/airflow/example_dags/example_branch_python_dop_operator_3.py
[2025-11-16T20:20:55.706+0000] {processor.py:830} INFO - Processing file /home/airflow/.local/lib/python3.8/site-packages/airflow/example_dags/example_branch_python_dop_operator_3.py for tasks to queue
[2025-11-16T20:20:55.707+0000] {logging_mixin.py:188} INFO - [2025-11-16T20:20:55.707+0000] {dagbag.py:538} INFO - Filling up the DagBag from /home/airflow/.local/lib/python3.8/site-packages/airflow/example_dags/example_branch_python_dop_operator_3.py
[2025-11-16T20:20:55.733+0000] {processor.py:840} INFO - DAG(s) 'example_branch_dop_operator_v3' retrieved from /home/airflow/.local/lib/python3.8/site-packages/airflow/example_dags/example_branch_python_dop_operator_3.py
[2025-11-16T20:20:55.770+0000] {logging_mixin.py:188} INFO - [2025-11-16T20:20:55.770+0000] {dag.py:3036} INFO - Sync 1 DAGs
[2025-11-16T20:20:55.818+0000] {logging_mixin.py:188} INFO - [2025-11-16T20:20:55.817+0000] {dag.py:3823} INFO - Setting next_dagrun for example_branch_dop_operator_v3 to 2025-11-16 20:19:00+00:00, run_after=2025-11-16 20:20:00+00:00
[2025-11-16T20:20:55.892+0000] {processor.py:183} INFO - Processing /home/airflow/.local/lib/python3.8/site-packages/airflow/example_dags/example_branch_python_dop_operator_3.py took 0.193 seconds
[2025-11-16T20:21:26.991+0000] {processor.py:161} INFO - Started process (PID=283) to work on /home/airflow/.local/lib/python3.8/site-packages/airflow/example_dags/example_branch_python_dop_operator_3.py
[2025-11-16T20:21:26.992+0000] {processor.py:830} INFO - Processing file /home/airflow/.local/lib/python3.8/site-packages/airflow/example_dags/example_branch_python_dop_operator_3.py for tasks to queue
[2025-11-16T20:21:26.993+0000] {logging_mixin.py:188} INFO - [2025-11-16T20:21:26.993+0000] {dagbag.py:538} INFO - Filling up the DagBag from /home/airflow/.local/lib/python3.8/site-packages/airflow/example_dags/example_branch_python_dop_operator_3.py
[2025-11-16T20:21:27.003+0000] {processor.py:840} INFO - DAG(s) 'example_branch_dop_operator_v3' retrieved from /home/airflow/.local/lib/python3.8/site-packages/airflow/example_dags/example_branch_python_dop_operator_3.py
[2025-11-16T20:21:27.034+0000] {logging_mixin.py:188} INFO - [2025-11-16T20:21:27.034+0000] {dag.py:3036} INFO - Sync 1 DAGs
[2025-11-16T20:21:27.078+0000] {logging_mixin.py:188} INFO - [2025-11-16T20:21:27.077+0000] {dag.py:3823} INFO - Setting next_dagrun for example_branch_dop_operator_v3 to 2025-11-16 20:20:00+00:00, run_after=2025-11-16 20:21:00+00:00
[2025-11-16T20:21:27.101+0000] {processor.py:183} INFO - Processing /home/airflow/.local/lib/python3.8/site-packages/airflow/example_dags/example_branch_python_dop_operator_3.py took 0.113 seconds
[2025-11-16T20:21:57.299+0000] {processor.py:161} INFO - Started process (PID=364) to work on /home/airflow/.local/lib/python3.8/site-packages/airflow/example_dags/example_branch_python_dop_operator_3.py
[2025-11-16T20:21:57.301+0000] {processor.py:830} INFO - Processing file /home/airflow/.local/lib/python3.8/site-packages/airflow/example_dags/example_branch_python_dop_operator_3.py for tasks to queue
[2025-11-16T20:21:57.302+0000] {logging_mixin.py:188} INFO - [2025-11-16T20:21:57.302+0000] {dagbag.py:538} INFO - Filling up the DagBag from /home/airflow/.local/lib/python3.8/site-packages/airflow/example_dags/example_branch_python_dop_operator_3.py
[2025-11-16T20:21:57.314+0000] {processor.py:840} INFO - DAG(s) 'example_branch_dop_operator_v3' retrieved from /home/airflow/.local/lib/python3.8/site-packages/airflow/example_dags/example_branch_python_dop_operator_3.py
[2025-11-16T20:21:57.343+0000] {logging_mixin.py:188} INFO - [2025-11-16T20:21:57.342+0000] {dag.py:3036} INFO - Sync 1 DAGs
[2025-11-16T20:21:57.379+0000] {logging_mixin.py:188} INFO - [2025-11-16T20:21:57.379+0000] {dag.py:3823} INFO - Setting next_dagrun for example_branch_dop_operator_v3 to 2025-11-16 20:20:00+00:00, run_after=2025-11-16 20:21:00+00:00
[2025-11-16T20:21:57.437+0000] {processor.py:183} INFO - Processing /home/airflow/.local/lib/python3.8/site-packages/airflow/example_dags/example_branch_python_dop_operator_3.py took 0.142 seconds
[2025-11-16T20:22:30.112+0000] {processor.py:161} INFO - Started process (PID=455) to work on /home/airflow/.local/lib/python3.8/site-packages/airflow/example_dags/example_branch_python_dop_operator_3.py
[2025-11-16T20:22:30.114+0000] {processor.py:830} INFO - Processing file /home/airflow/.local/lib/python3.8/site-packages/airflow/example_dags/example_branch_python_dop_operator_3.py for tasks to queue
[2025-11-16T20:22:30.115+0000] {logging_mixin.py:188} INFO - [2025-11-16T20:22:30.115+0000] {dagbag.py:538} INFO - Filling up the DagBag from /home/airflow/.local/lib/python3.8/site-packages/airflow/example_dags/example_branch_python_dop_operator_3.py
[2025-11-16T20:22:30.134+0000] {processor.py:840} INFO - DAG(s) 'example_branch_dop_operator_v3' retrieved from /home/airflow/.local/lib/python3.8/site-packages/airflow/example_dags/example_branch_python_dop_operator_3.py
[2025-11-16T20:22:30.187+0000] {logging_mixin.py:188} INFO - [2025-11-16T20:22:30.186+0000] {dag.py:3036} INFO - Sync 1 DAGs
[2025-11-16T20:22:30.228+0000] {logging_mixin.py:188} INFO - [2025-11-16T20:22:30.228+0000] {dag.py:3823} INFO - Setting next_dagrun for example_branch_dop_operator_v3 to 2025-11-16 20:21:00+00:00, run_after=2025-11-16 20:22:00+00:00
[2025-11-16T20:22:30.273+0000] {processor.py:183} INFO - Processing /home/airflow/.local/lib/python3.8/site-packages/airflow/example_dags/example_branch_python_dop_operator_3.py took 0.165 seconds
[2025-11-16T20:23:00.387+0000] {processor.py:161} INFO - Started process (PID=536) to work on /home/airflow/.local/lib/python3.8/site-packages/airflow/example_dags/example_branch_python_dop_operator_3.py
[2025-11-16T20:23:00.389+0000] {processor.py:830} INFO - Processing file /home/airflow/.local/lib/python3.8/site-packages/airflow/example_dags/example_branch_python_dop_operator_3.py for tasks to queue
[2025-11-16T20:23:00.390+0000] {logging_mixin.py:188} INFO - [2025-11-16T20:23:00.389+0000] {dagbag.py:538} INFO - Filling up the DagBag from /home/airflow/.local/lib/python3.8/site-packages/airflow/example_dags/example_branch_python_dop_operator_3.py
[2025-11-16T20:23:00.400+0000] {processor.py:840} INFO - DAG(s) 'example_branch_dop_operator_v3' retrieved from /home/airflow/.local/lib/python3.8/site-packages/airflow/example_dags/example_branch_python_dop_operator_3.py
[2025-11-16T20:23:00.424+0000] {logging_mixin.py:188} INFO - [2025-11-16T20:23:00.424+0000] {dag.py:3036} INFO - Sync 1 DAGs
[2025-11-16T20:23:00.450+0000] {logging_mixin.py:188} INFO - [2025-11-16T20:23:00.450+0000] {dag.py:3823} INFO - Setting next_dagrun for example_branch_dop_operator_v3 to 2025-11-16 20:22:00+00:00, run_after=2025-11-16 20:23:00+00:00
[2025-11-16T20:23:00.501+0000] {processor.py:183} INFO - Processing /home/airflow/.local/lib/python3.8/site-packages/airflow/example_dags/example_branch_python_dop_operator_3.py took 0.117 seconds
[2025-11-16T20:23:30.583+0000] {processor.py:161} INFO - Started process (PID=617) to work on /home/airflow/.local/lib/python3.8/site-packages/airflow/example_dags/example_branch_python_dop_operator_3.py
[2025-11-16T20:23:30.585+0000] {processor.py:830} INFO - Processing file /home/airflow/.local/lib/python3.8/site-packages/airflow/example_dags/example_branch_python_dop_operator_3.py for tasks to queue
[2025-11-16T20:23:30.586+0000] {logging_mixin.py:188} INFO - [2025-11-16T20:23:30.586+0000] {dagbag.py:538} INFO - Filling up the DagBag from /home/airflow/.local/lib/python3.8/site-packages/airflow/example_dags/example_branch_python_dop_operator_3.py
[2025-11-16T20:23:30.596+0000] {processor.py:840} INFO - DAG(s) 'example_branch_dop_operator_v3' retrieved from /home/airflow/.local/lib/python3.8/site-packages/airflow/example_dags/example_branch_python_dop_operator_3.py
[2025-11-16T20:23:30.621+0000] {logging_mixin.py:188} INFO - [2025-11-16T20:23:30.620+0000] {dag.py:3036} INFO - Sync 1 DAGs
[2025-11-16T20:23:30.647+0000] {logging_mixin.py:188} INFO - [2025-11-16T20:23:30.646+0000] {dag.py:3823} INFO - Setting next_dagrun for example_branch_dop_operator_v3 to 2025-11-16 20:22:00+00:00, run_after=2025-11-16 20:23:00+00:00
[2025-11-16T20:23:30.673+0000] {processor.py:183} INFO - Processing /home/airflow/.local/lib/python3.8/site-packages/airflow/example_dags/example_branch_python_dop_operator_3.py took 0.093 seconds
[2025-11-16T20:24:01.001+0000] {processor.py:161} INFO - Started process (PID=698) to work on /home/airflow/.local/lib/python3.8/site-packages/airflow/example_dags/example_branch_python_dop_operator_3.py
[2025-11-16T20:24:01.002+0000] {processor.py:830} INFO - Processing file /home/airflow/.local/lib/python3.8/site-packages/airflow/example_dags/example_branch_python_dop_operator_3.py for tasks to queue
[2025-11-16T20:24:01.004+0000] {logging_mixin.py:188} INFO - [2025-11-16T20:24:01.004+0000] {dagbag.py:538} INFO - Filling up the DagBag from /home/airflow/.local/lib/python3.8/site-packages/airflow/example_dags/example_branch_python_dop_operator_3.py
[2025-11-16T20:24:01.028+0000] {processor.py:840} INFO - DAG(s) 'example_branch_dop_operator_v3' retrieved from /home/airflow/.local/lib/python3.8/site-packages/airflow/example_dags/example_branch_python_dop_operator_3.py
[2025-11-16T20:24:01.053+0000] {logging_mixin.py:188} INFO - [2025-11-16T20:24:01.053+0000] {dag.py:3036} INFO - Sync 1 DAGs
[2025-11-16T20:24:01.081+0000] {logging_mixin.py:188} INFO - [2025-11-16T20:24:01.081+0000] {dag.py:3823} INFO - Setting next_dagrun for example_branch_dop_operator_v3 to 2025-11-16 20:23:00+00:00, run_after=2025-11-16 20:24:00+00:00
[2025-11-16T20:24:01.103+0000] {processor.py:183} INFO - Processing /home/airflow/.local/lib/python3.8/site-packages/airflow/example_dags/example_branch_python_dop_operator_3.py took 0.107 seconds
[2025-11-16T20:24:32.064+0000] {processor.py:161} INFO - Started process (PID=794) to work on /home/airflow/.local/lib/python3.8/site-packages/airflow/example_dags/example_branch_python_dop_operator_3.py
[2025-11-16T20:24:32.066+0000] {processor.py:830} INFO - Processing file /home/airflow/.local/lib/python3.8/site-packages/airflow/example_dags/example_branch_python_dop_operator_3.py for tasks to queue
[2025-11-16T20:24:32.067+0000] {logging_mixin.py:188} INFO - [2025-11-16T20:24:32.066+0000] {dagbag.py:538} INFO - Filling up the DagBag from /home/airflow/.local/lib/python3.8/site-packages/airflow/example_dags/example_branch_python_dop_operator_3.py
[2025-11-16T20:24:32.078+0000] {processor.py:840} INFO - DAG(s) 'example_branch_dop_operator_v3' retrieved from /home/airflow/.local/lib/python3.8/site-packages/airflow/example_dags/example_branch_python_dop_operator_3.py
[2025-11-16T20:24:32.104+0000] {logging_mixin.py:188} INFO - [2025-11-16T20:24:32.103+0000] {dag.py:3036} INFO - Sync 1 DAGs
[2025-11-16T20:24:32.129+0000] {logging_mixin.py:188} INFO - [2025-11-16T20:24:32.129+0000] {dag.py:3823} INFO - Setting next_dagrun for example_branch_dop_operator_v3 to 2025-11-16 20:23:00+00:00, run_after=2025-11-16 20:24:00+00:00
[2025-11-16T20:24:32.152+0000] {processor.py:183} INFO - Processing /home/airflow/.local/lib/python3.8/site-packages/airflow/example_dags/example_branch_python_dop_operator_3.py took 0.090 seconds
[2025-11-16T20:25:02.501+0000] {processor.py:161} INFO - Started process (PID=875) to work on /home/airflow/.local/lib/python3.8/site-packages/airflow/example_dags/example_branch_python_dop_operator_3.py
[2025-11-16T20:25:02.502+0000] {processor.py:830} INFO - Processing file /home/airflow/.local/lib/python3.8/site-packages/airflow/example_dags/example_branch_python_dop_operator_3.py for tasks to queue
[2025-11-16T20:25:02.503+0000] {logging_mixin.py:188} INFO - [2025-11-16T20:25:02.503+0000] {dagbag.py:538} INFO - Filling up the DagBag from /home/airflow/.local/lib/python3.8/site-packages/airflow/example_dags/example_branch_python_dop_operator_3.py
[2025-11-16T20:25:02.512+0000] {processor.py:840} INFO - DAG(s) 'example_branch_dop_operator_v3' retrieved from /home/airflow/.local/lib/python3.8/site-packages/airflow/example_dags/example_branch_python_dop_operator_3.py
[2025-11-16T20:25:02.537+0000] {logging_mixin.py:188} INFO - [2025-11-16T20:25:02.537+0000] {dag.py:3036} INFO - Sync 1 DAGs
[2025-11-16T20:25:02.566+0000] {logging_mixin.py:188} INFO - [2025-11-16T20:25:02.566+0000] {dag.py:3823} INFO - Setting next_dagrun for example_branch_dop_operator_v3 to 2025-11-16 20:24:00+00:00, run_after=2025-11-16 20:25:00+00:00
[2025-11-16T20:25:02.590+0000] {processor.py:183} INFO - Processing /home/airflow/.local/lib/python3.8/site-packages/airflow/example_dags/example_branch_python_dop_operator_3.py took 0.092 seconds
[2025-11-16T20:25:33.520+0000] {processor.py:161} INFO - Started process (PID=971) to work on /home/airflow/.local/lib/python3.8/site-packages/airflow/example_dags/example_branch_python_dop_operator_3.py
[2025-11-16T20:25:33.521+0000] {processor.py:830} INFO - Processing file /home/airflow/.local/lib/python3.8/site-packages/airflow/example_dags/example_branch_python_dop_operator_3.py for tasks to queue
[2025-11-16T20:25:33.522+0000] {logging_mixin.py:188} INFO - [2025-11-16T20:25:33.522+0000] {dagbag.py:538} INFO - Filling up the DagBag from /home/airflow/.local/lib/python3.8/site-packages/airflow/example_dags/example_branch_python_dop_operator_3.py
[2025-11-16T20:25:33.531+0000] {processor.py:840} INFO - DAG(s) 'example_branch_dop_operator_v3' retrieved from /home/airflow/.local/lib/python3.8/site-packages/airflow/example_dags/example_branch_python_dop_operator_3.py
[2025-11-16T20:25:33.554+0000] {logging_mixin.py:188} INFO - [2025-11-16T20:25:33.554+0000] {dag.py:3036} INFO - Sync 1 DAGs
[2025-11-16T20:25:33.579+0000] {logging_mixin.py:188} INFO - [2025-11-16T20:25:33.578+0000] {dag.py:3823} INFO - Setting next_dagrun for example_branch_dop_operator_v3 to 2025-11-16 20:24:00+00:00, run_after=2025-11-16 20:25:00+00:00
[2025-11-16T20:25:33.601+0000] {processor.py:183} INFO - Processing /home/airflow/.local/lib/python3.8/site-packages/airflow/example_dags/example_branch_python_dop_operator_3.py took 0.084 seconds
[2025-11-16T20:26:04.532+0000] {processor.py:161} INFO - Started process (PID=1052) to work on /home/airflow/.local/lib/python3.8/site-packages/airflow/example_dags/example_branch_python_dop_operator_3.py
[2025-11-16T20:26:04.533+0000] {processor.py:830} INFO - Processing file /home/airflow/.local/lib/python3.8/site-packages/airflow/example_dags/example_branch_python_dop_operator_3.py for tasks to queue
[2025-11-16T20:26:04.534+0000] {logging_mixin.py:188} INFO - [2025-11-16T20:26:04.534+0000] {dagbag.py:538} INFO - Filling up the DagBag from /home/airflow/.local/lib/python3.8/site-packages/airflow/example_dags/example_branch_python_dop_operator_3.py
[2025-11-16T20:26:04.549+0000] {processor.py:840} INFO - DAG(s) 'example_branch_dop_operator_v3' retrieved from /home/airflow/.local/lib/python3.8/site-packages/airflow/example_dags/example_branch_python_dop_operator_3.py
[2025-11-16T20:26:04.592+0000] {logging_mixin.py:188} INFO - [2025-11-16T20:26:04.592+0000] {dag.py:3036} INFO - Sync 1 DAGs
[2025-11-16T20:26:04.646+0000] {logging_mixin.py:188} INFO - [2025-11-16T20:26:04.645+0000] {dag.py:3823} INFO - Setting next_dagrun for example_branch_dop_operator_v3 to 2025-11-16 20:25:00+00:00, run_after=2025-11-16 20:26:00+00:00
[2025-11-16T20:26:04.691+0000] {processor.py:183} INFO - Processing /home/airflow/.local/lib/python3.8/site-packages/airflow/example_dags/example_branch_python_dop_operator_3.py took 0.166 seconds
[2025-11-16T20:26:35.070+0000] {processor.py:161} INFO - Started process (PID=1148) to work on /home/airflow/.local/lib/python3.8/site-packages/airflow/example_dags/example_branch_python_dop_operator_3.py
[2025-11-16T20:26:35.071+0000] {processor.py:830} INFO - Processing file /home/airflow/.local/lib/python3.8/site-packages/airflow/example_dags/example_branch_python_dop_operator_3.py for tasks to queue
[2025-11-16T20:26:35.072+0000] {logging_mixin.py:188} INFO - [2025-11-16T20:26:35.072+0000] {dagbag.py:538} INFO - Filling up the DagBag from /home/airflow/.local/lib/python3.8/site-packages/airflow/example_dags/example_branch_python_dop_operator_3.py
[2025-11-16T20:26:35.088+0000] {processor.py:840} INFO - DAG(s) 'example_branch_dop_operator_v3' retrieved from /home/airflow/.local/lib/python3.8/site-packages/airflow/example_dags/example_branch_python_dop_operator_3.py
[2025-11-16T20:26:35.128+0000] {logging_mixin.py:188} INFO - [2025-11-16T20:26:35.127+0000] {dag.py:3036} INFO - Sync 1 DAGs
[2025-11-16T20:26:35.164+0000] {logging_mixin.py:188} INFO - [2025-11-16T20:26:35.164+0000] {dag.py:3823} INFO - Setting next_dagrun for example_branch_dop_operator_v3 to 2025-11-16 20:25:00+00:00, run_after=2025-11-16 20:26:00+00:00
[2025-11-16T20:26:35.194+0000] {processor.py:183} INFO - Processing /home/airflow/.local/lib/python3.8/site-packages/airflow/example_dags/example_branch_python_dop_operator_3.py took 0.128 seconds
[2025-11-16T20:27:05.348+0000] {processor.py:161} INFO - Started process (PID=1229) to work on /home/airflow/.local/lib/python3.8/site-packages/airflow/example_dags/example_branch_python_dop_operator_3.py
[2025-11-16T20:27:05.349+0000] {processor.py:830} INFO - Processing file /home/airflow/.local/lib/python3.8/site-packages/airflow/example_dags/example_branch_python_dop_operator_3.py for tasks to queue
[2025-11-16T20:27:05.354+0000] {logging_mixin.py:188} INFO - [2025-11-16T20:27:05.353+0000] {dagbag.py:538} INFO - Filling up the DagBag from /home/airflow/.local/lib/python3.8/site-packages/airflow/example_dags/example_branch_python_dop_operator_3.py
[2025-11-16T20:27:05.367+0000] {processor.py:840} INFO - DAG(s) 'example_branch_dop_operator_v3' retrieved from /home/airflow/.local/lib/python3.8/site-packages/airflow/example_dags/example_branch_python_dop_operator_3.py
[2025-11-16T20:27:05.402+0000] {logging_mixin.py:188} INFO - [2025-11-16T20:27:05.402+0000] {dag.py:3036} INFO - Sync 1 DAGs
[2025-11-16T20:27:05.444+0000] {logging_mixin.py:188} INFO - [2025-11-16T20:27:05.443+0000] {dag.py:3823} INFO - Setting next_dagrun for example_branch_dop_operator_v3 to 2025-11-16 20:26:00+00:00, run_after=2025-11-16 20:27:00+00:00
[2025-11-16T20:27:05.480+0000] {processor.py:183} INFO - Processing /home/airflow/.local/lib/python3.8/site-packages/airflow/example_dags/example_branch_python_dop_operator_3.py took 0.135 seconds
[2025-11-16T20:27:35.993+0000] {processor.py:161} INFO - Started process (PID=1319) to work on /home/airflow/.local/lib/python3.8/site-packages/airflow/example_dags/example_branch_python_dop_operator_3.py
[2025-11-16T20:27:35.994+0000] {processor.py:830} INFO - Processing file /home/airflow/.local/lib/python3.8/site-packages/airflow/example_dags/example_branch_python_dop_operator_3.py for tasks to queue
[2025-11-16T20:27:35.995+0000] {logging_mixin.py:188} INFO - [2025-11-16T20:27:35.994+0000] {dagbag.py:538} INFO - Filling up the DagBag from /home/airflow/.local/lib/python3.8/site-packages/airflow/example_dags/example_branch_python_dop_operator_3.py
[2025-11-16T20:27:36.004+0000] {processor.py:840} INFO - DAG(s) 'example_branch_dop_operator_v3' retrieved from /home/airflow/.local/lib/python3.8/site-packages/airflow/example_dags/example_branch_python_dop_operator_3.py
[2025-11-16T20:27:36.029+0000] {logging_mixin.py:188} INFO - [2025-11-16T20:27:36.029+0000] {dag.py:3036} INFO - Sync 1 DAGs
[2025-11-16T20:27:36.055+0000] {logging_mixin.py:188} INFO - [2025-11-16T20:27:36.055+0000] {dag.py:3823} INFO - Setting next_dagrun for example_branch_dop_operator_v3 to 2025-11-16 20:26:00+00:00, run_after=2025-11-16 20:27:00+00:00
[2025-11-16T20:27:36.081+0000] {processor.py:183} INFO - Processing /home/airflow/.local/lib/python3.8/site-packages/airflow/example_dags/example_branch_python_dop_operator_3.py took 0.092 seconds
[2025-11-16T20:28:06.230+0000] {processor.py:161} INFO - Started process (PID=1407) to work on /home/airflow/.local/lib/python3.8/site-packages/airflow/example_dags/example_branch_python_dop_operator_3.py
[2025-11-16T20:28:06.231+0000] {processor.py:830} INFO - Processing file /home/airflow/.local/lib/python3.8/site-packages/airflow/example_dags/example_branch_python_dop_operator_3.py for tasks to queue
[2025-11-16T20:28:06.232+0000] {logging_mixin.py:188} INFO - [2025-11-16T20:28:06.231+0000] {dagbag.py:538} INFO - Filling up the DagBag from /home/airflow/.local/lib/python3.8/site-packages/airflow/example_dags/example_branch_python_dop_operator_3.py
[2025-11-16T20:28:06.241+0000] {processor.py:840} INFO - DAG(s) 'example_branch_dop_operator_v3' retrieved from /home/airflow/.local/lib/python3.8/site-packages/airflow/example_dags/example_branch_python_dop_operator_3.py
[2025-11-16T20:28:06.265+0000] {logging_mixin.py:188} INFO - [2025-11-16T20:28:06.264+0000] {dag.py:3036} INFO - Sync 1 DAGs
[2025-11-16T20:28:06.292+0000] {logging_mixin.py:188} INFO - [2025-11-16T20:28:06.292+0000] {dag.py:3823} INFO - Setting next_dagrun for example_branch_dop_operator_v3 to 2025-11-16 20:27:00+00:00, run_after=2025-11-16 20:28:00+00:00
[2025-11-16T20:28:06.315+0000] {processor.py:183} INFO - Processing /home/airflow/.local/lib/python3.8/site-packages/airflow/example_dags/example_branch_python_dop_operator_3.py took 0.088 seconds
[2025-11-16T20:28:36.592+0000] {processor.py:161} INFO - Started process (PID=1494) to work on /home/airflow/.local/lib/python3.8/site-packages/airflow/example_dags/example_branch_python_dop_operator_3.py
[2025-11-16T20:28:36.593+0000] {processor.py:830} INFO - Processing file /home/airflow/.local/lib/python3.8/site-packages/airflow/example_dags/example_branch_python_dop_operator_3.py for tasks to queue
[2025-11-16T20:28:36.594+0000] {logging_mixin.py:188} INFO - [2025-11-16T20:28:36.594+0000] {dagbag.py:538} INFO - Filling up the DagBag from /home/airflow/.local/lib/python3.8/site-packages/airflow/example_dags/example_branch_python_dop_operator_3.py
[2025-11-16T20:28:36.603+0000] {processor.py:840} INFO - DAG(s) 'example_branch_dop_operator_v3' retrieved from /home/airflow/.local/lib/python3.8/site-packages/airflow/example_dags/example_branch_python_dop_operator_3.py
[2025-11-16T20:28:36.629+0000] {logging_mixin.py:188} INFO - [2025-11-16T20:28:36.629+0000] {dag.py:3036} INFO - Sync 1 DAGs
[2025-11-16T20:28:36.680+0000] {logging_mixin.py:188} INFO - [2025-11-16T20:28:36.680+0000] {dag.py:3823} INFO - Setting next_dagrun for example_branch_dop_operator_v3 to 2025-11-16 20:27:00+00:00, run_after=2025-11-16 20:28:00+00:00
[2025-11-16T20:28:36.705+0000] {processor.py:183} INFO - Processing /home/airflow/.local/lib/python3.8/site-packages/airflow/example_dags/example_branch_python_dop_operator_3.py took 0.116 seconds
[2025-11-16T20:29:07.116+0000] {processor.py:161} INFO - Started process (PID=1583) to work on /home/airflow/.local/lib/python3.8/site-packages/airflow/example_dags/example_branch_python_dop_operator_3.py
[2025-11-16T20:29:07.117+0000] {processor.py:830} INFO - Processing file /home/airflow/.local/lib/python3.8/site-packages/airflow/example_dags/example_branch_python_dop_operator_3.py for tasks to queue
[2025-11-16T20:29:07.118+0000] {logging_mixin.py:188} INFO - [2025-11-16T20:29:07.118+0000] {dagbag.py:538} INFO - Filling up the DagBag from /home/airflow/.local/lib/python3.8/site-packages/airflow/example_dags/example_branch_python_dop_operator_3.py
[2025-11-16T20:29:07.128+0000] {processor.py:840} INFO - DAG(s) 'example_branch_dop_operator_v3' retrieved from /home/airflow/.local/lib/python3.8/site-packages/airflow/example_dags/example_branch_python_dop_operator_3.py
[2025-11-16T20:29:07.168+0000] {logging_mixin.py:188} INFO - [2025-11-16T20:29:07.167+0000] {dag.py:3036} INFO - Sync 1 DAGs
[2025-11-16T20:29:07.211+0000] {logging_mixin.py:188} INFO - [2025-11-16T20:29:07.211+0000] {dag.py:3823} INFO - Setting next_dagrun for example_branch_dop_operator_v3 to 2025-11-16 20:28:00+00:00, run_after=2025-11-16 20:29:00+00:00
[2025-11-16T20:29:07.360+0000] {processor.py:183} INFO - Processing /home/airflow/.local/lib/python3.8/site-packages/airflow/example_dags/example_branch_python_dop_operator_3.py took 0.247 seconds
[2025-11-16T20:29:37.790+0000] {processor.py:161} INFO - Started process (PID=1664) to work on /home/airflow/.local/lib/python3.8/site-packages/airflow/example_dags/example_branch_python_dop_operator_3.py
[2025-11-16T20:29:37.791+0000] {processor.py:830} INFO - Processing file /home/airflow/.local/lib/python3.8/site-packages/airflow/example_dags/example_branch_python_dop_operator_3.py for tasks to queue
[2025-11-16T20:29:37.798+0000] {logging_mixin.py:188} INFO - [2025-11-16T20:29:37.793+0000] {dagbag.py:538} INFO - Filling up the DagBag from /home/airflow/.local/lib/python3.8/site-packages/airflow/example_dags/example_branch_python_dop_operator_3.py
[2025-11-16T20:29:40.476+0000] {processor.py:840} INFO - DAG(s) 'example_branch_dop_operator_v3' retrieved from /home/airflow/.local/lib/python3.8/site-packages/airflow/example_dags/example_branch_python_dop_operator_3.py
[2025-11-16T20:29:40.557+0000] {logging_mixin.py:188} INFO - [2025-11-16T20:29:40.556+0000] {dag.py:3036} INFO - Sync 1 DAGs
[2025-11-16T20:29:40.635+0000] {logging_mixin.py:188} INFO - [2025-11-16T20:29:40.635+0000] {dag.py:3823} INFO - Setting next_dagrun for example_branch_dop_operator_v3 to 2025-11-16 20:28:00+00:00, run_after=2025-11-16 20:29:00+00:00
[2025-11-16T20:29:40.700+0000] {processor.py:183} INFO - Processing /home/airflow/.local/lib/python3.8/site-packages/airflow/example_dags/example_branch_python_dop_operator_3.py took 2.974 seconds
[2025-11-16T20:30:11.365+0000] {processor.py:161} INFO - Started process (PID=1745) to work on /home/airflow/.local/lib/python3.8/site-packages/airflow/example_dags/example_branch_python_dop_operator_3.py
[2025-11-16T20:30:11.366+0000] {processor.py:830} INFO - Processing file /home/airflow/.local/lib/python3.8/site-packages/airflow/example_dags/example_branch_python_dop_operator_3.py for tasks to queue
[2025-11-16T20:30:11.368+0000] {logging_mixin.py:188} INFO - [2025-11-16T20:30:11.367+0000] {dagbag.py:538} INFO - Filling up the DagBag from /home/airflow/.local/lib/python3.8/site-packages/airflow/example_dags/example_branch_python_dop_operator_3.py
[2025-11-16T20:30:11.381+0000] {processor.py:840} INFO - DAG(s) 'example_branch_dop_operator_v3' retrieved from /home/airflow/.local/lib/python3.8/site-packages/airflow/example_dags/example_branch_python_dop_operator_3.py
[2025-11-16T20:30:11.413+0000] {logging_mixin.py:188} INFO - [2025-11-16T20:30:11.412+0000] {dag.py:3036} INFO - Sync 1 DAGs
[2025-11-16T20:30:11.446+0000] {logging_mixin.py:188} INFO - [2025-11-16T20:30:11.446+0000] {dag.py:3823} INFO - Setting next_dagrun for example_branch_dop_operator_v3 to 2025-11-16 20:29:00+00:00, run_after=2025-11-16 20:30:00+00:00
[2025-11-16T20:30:11.476+0000] {processor.py:183} INFO - Processing /home/airflow/.local/lib/python3.8/site-packages/airflow/example_dags/example_branch_python_dop_operator_3.py took 0.115 seconds
[2025-11-16T20:30:41.810+0000] {processor.py:161} INFO - Started process (PID=1827) to work on /home/airflow/.local/lib/python3.8/site-packages/airflow/example_dags/example_branch_python_dop_operator_3.py
[2025-11-16T20:30:41.811+0000] {processor.py:830} INFO - Processing file /home/airflow/.local/lib/python3.8/site-packages/airflow/example_dags/example_branch_python_dop_operator_3.py for tasks to queue
[2025-11-16T20:30:41.812+0000] {logging_mixin.py:188} INFO - [2025-11-16T20:30:41.812+0000] {dagbag.py:538} INFO - Filling up the DagBag from /home/airflow/.local/lib/python3.8/site-packages/airflow/example_dags/example_branch_python_dop_operator_3.py
[2025-11-16T20:30:41.829+0000] {processor.py:840} INFO - DAG(s) 'example_branch_dop_operator_v3' retrieved from /home/airflow/.local/lib/python3.8/site-packages/airflow/example_dags/example_branch_python_dop_operator_3.py
[2025-11-16T20:30:41.868+0000] {logging_mixin.py:188} INFO - [2025-11-16T20:30:41.868+0000] {dag.py:3036} INFO - Sync 1 DAGs
[2025-11-16T20:30:41.918+0000] {logging_mixin.py:188} INFO - [2025-11-16T20:30:41.916+0000] {dag.py:3823} INFO - Setting next_dagrun for example_branch_dop_operator_v3 to 2025-11-16 20:29:00+00:00, run_after=2025-11-16 20:30:00+00:00
[2025-11-16T20:30:41.958+0000] {processor.py:183} INFO - Processing /home/airflow/.local/lib/python3.8/site-packages/airflow/example_dags/example_branch_python_dop_operator_3.py took 0.154 seconds
[2025-11-16T20:31:12.090+0000] {processor.py:161} INFO - Started process (PID=1902) to work on /home/airflow/.local/lib/python3.8/site-packages/airflow/example_dags/example_branch_python_dop_operator_3.py
[2025-11-16T20:31:12.092+0000] {processor.py:830} INFO - Processing file /home/airflow/.local/lib/python3.8/site-packages/airflow/example_dags/example_branch_python_dop_operator_3.py for tasks to queue
[2025-11-16T20:31:12.095+0000] {logging_mixin.py:188} INFO - [2025-11-16T20:31:12.095+0000] {dagbag.py:538} INFO - Filling up the DagBag from /home/airflow/.local/lib/python3.8/site-packages/airflow/example_dags/example_branch_python_dop_operator_3.py
[2025-11-16T20:31:12.111+0000] {processor.py:840} INFO - DAG(s) 'example_branch_dop_operator_v3' retrieved from /home/airflow/.local/lib/python3.8/site-packages/airflow/example_dags/example_branch_python_dop_operator_3.py
[2025-11-16T20:31:12.150+0000] {logging_mixin.py:188} INFO - [2025-11-16T20:31:12.148+0000] {dag.py:3036} INFO - Sync 1 DAGs
[2025-11-16T20:31:12.194+0000] {logging_mixin.py:188} INFO - [2025-11-16T20:31:12.193+0000] {dag.py:3823} INFO - Setting next_dagrun for example_branch_dop_operator_v3 to 2025-11-16 20:30:00+00:00, run_after=2025-11-16 20:31:00+00:00
[2025-11-16T20:31:12.246+0000] {processor.py:183} INFO - Processing /home/airflow/.local/lib/python3.8/site-packages/airflow/example_dags/example_branch_python_dop_operator_3.py took 0.159 seconds
[2025-11-16T20:31:42.568+0000] {processor.py:161} INFO - Started process (PID=1991) to work on /home/airflow/.local/lib/python3.8/site-packages/airflow/example_dags/example_branch_python_dop_operator_3.py
[2025-11-16T20:31:42.572+0000] {processor.py:830} INFO - Processing file /home/airflow/.local/lib/python3.8/site-packages/airflow/example_dags/example_branch_python_dop_operator_3.py for tasks to queue
[2025-11-16T20:31:42.577+0000] {logging_mixin.py:188} INFO - [2025-11-16T20:31:42.576+0000] {dagbag.py:538} INFO - Filling up the DagBag from /home/airflow/.local/lib/python3.8/site-packages/airflow/example_dags/example_branch_python_dop_operator_3.py
[2025-11-16T20:31:42.620+0000] {processor.py:840} INFO - DAG(s) 'example_branch_dop_operator_v3' retrieved from /home/airflow/.local/lib/python3.8/site-packages/airflow/example_dags/example_branch_python_dop_operator_3.py
[2025-11-16T20:31:42.666+0000] {logging_mixin.py:188} INFO - [2025-11-16T20:31:42.665+0000] {dag.py:3036} INFO - Sync 1 DAGs
[2025-11-16T20:31:42.719+0000] {logging_mixin.py:188} INFO - [2025-11-16T20:31:42.718+0000] {dag.py:3823} INFO - Setting next_dagrun for example_branch_dop_operator_v3 to 2025-11-16 20:30:00+00:00, run_after=2025-11-16 20:31:00+00:00
[2025-11-16T20:31:42.764+0000] {processor.py:183} INFO - Processing /home/airflow/.local/lib/python3.8/site-packages/airflow/example_dags/example_branch_python_dop_operator_3.py took 0.200 seconds
[2025-11-16T20:32:12.857+0000] {processor.py:161} INFO - Started process (PID=2072) to work on /home/airflow/.local/lib/python3.8/site-packages/airflow/example_dags/example_branch_python_dop_operator_3.py
[2025-11-16T20:32:12.858+0000] {processor.py:830} INFO - Processing file /home/airflow/.local/lib/python3.8/site-packages/airflow/example_dags/example_branch_python_dop_operator_3.py for tasks to queue
[2025-11-16T20:32:12.861+0000] {logging_mixin.py:188} INFO - [2025-11-16T20:32:12.860+0000] {dagbag.py:538} INFO - Filling up the DagBag from /home/airflow/.local/lib/python3.8/site-packages/airflow/example_dags/example_branch_python_dop_operator_3.py
[2025-11-16T20:32:12.873+0000] {processor.py:840} INFO - DAG(s) 'example_branch_dop_operator_v3' retrieved from /home/airflow/.local/lib/python3.8/site-packages/airflow/example_dags/example_branch_python_dop_operator_3.py
[2025-11-16T20:32:12.901+0000] {logging_mixin.py:188} INFO - [2025-11-16T20:32:12.901+0000] {dag.py:3036} INFO - Sync 1 DAGs
[2025-11-16T20:32:12.931+0000] {logging_mixin.py:188} INFO - [2025-11-16T20:32:12.931+0000] {dag.py:3823} INFO - Setting next_dagrun for example_branch_dop_operator_v3 to 2025-11-16 20:31:00+00:00, run_after=2025-11-16 20:32:00+00:00
[2025-11-16T20:32:12.962+0000] {processor.py:183} INFO - Processing /home/airflow/.local/lib/python3.8/site-packages/airflow/example_dags/example_branch_python_dop_operator_3.py took 0.109 seconds
[2025-11-16T20:32:46.279+0000] {processor.py:161} INFO - Started process (PID=2104) to work on /home/airflow/.local/lib/python3.8/site-packages/airflow/example_dags/example_branch_python_dop_operator_3.py
[2025-11-16T20:32:46.281+0000] {processor.py:830} INFO - Processing file /home/airflow/.local/lib/python3.8/site-packages/airflow/example_dags/example_branch_python_dop_operator_3.py for tasks to queue
[2025-11-16T20:32:46.283+0000] {logging_mixin.py:188} INFO - [2025-11-16T20:32:46.283+0000] {dagbag.py:538} INFO - Filling up the DagBag from /home/airflow/.local/lib/python3.8/site-packages/airflow/example_dags/example_branch_python_dop_operator_3.py
[2025-11-16T20:32:46.303+0000] {processor.py:840} INFO - DAG(s) 'example_branch_dop_operator_v3' retrieved from /home/airflow/.local/lib/python3.8/site-packages/airflow/example_dags/example_branch_python_dop_operator_3.py
[2025-11-16T20:32:46.350+0000] {logging_mixin.py:188} INFO - [2025-11-16T20:32:46.350+0000] {dag.py:3036} INFO - Sync 1 DAGs
[2025-11-16T20:32:46.405+0000] {logging_mixin.py:188} INFO - [2025-11-16T20:32:46.405+0000] {dag.py:3823} INFO - Setting next_dagrun for example_branch_dop_operator_v3 to 2025-11-16 20:31:00+00:00, run_after=2025-11-16 20:32:00+00:00
[2025-11-16T20:32:46.448+0000] {processor.py:183} INFO - Processing /home/airflow/.local/lib/python3.8/site-packages/airflow/example_dags/example_branch_python_dop_operator_3.py took 0.176 seconds
[2025-11-16T20:33:17.307+0000] {processor.py:161} INFO - Started process (PID=2194) to work on /home/airflow/.local/lib/python3.8/site-packages/airflow/example_dags/example_branch_python_dop_operator_3.py
[2025-11-16T20:33:17.308+0000] {processor.py:830} INFO - Processing file /home/airflow/.local/lib/python3.8/site-packages/airflow/example_dags/example_branch_python_dop_operator_3.py for tasks to queue
[2025-11-16T20:33:17.310+0000] {logging_mixin.py:188} INFO - [2025-11-16T20:33:17.309+0000] {dagbag.py:538} INFO - Filling up the DagBag from /home/airflow/.local/lib/python3.8/site-packages/airflow/example_dags/example_branch_python_dop_operator_3.py
[2025-11-16T20:33:17.319+0000] {processor.py:840} INFO - DAG(s) 'example_branch_dop_operator_v3' retrieved from /home/airflow/.local/lib/python3.8/site-packages/airflow/example_dags/example_branch_python_dop_operator_3.py
[2025-11-16T20:33:17.351+0000] {logging_mixin.py:188} INFO - [2025-11-16T20:33:17.351+0000] {dag.py:3036} INFO - Sync 1 DAGs
[2025-11-16T20:33:17.386+0000] {logging_mixin.py:188} INFO - [2025-11-16T20:33:17.386+0000] {dag.py:3823} INFO - Setting next_dagrun for example_branch_dop_operator_v3 to 2025-11-16 20:32:00+00:00, run_after=2025-11-16 20:33:00+00:00
[2025-11-16T20:33:17.416+0000] {processor.py:183} INFO - Processing /home/airflow/.local/lib/python3.8/site-packages/airflow/example_dags/example_branch_python_dop_operator_3.py took 0.112 seconds
[2025-11-16T20:33:48.027+0000] {processor.py:161} INFO - Started process (PID=2282) to work on /home/airflow/.local/lib/python3.8/site-packages/airflow/example_dags/example_branch_python_dop_operator_3.py
[2025-11-16T20:33:48.028+0000] {processor.py:830} INFO - Processing file /home/airflow/.local/lib/python3.8/site-packages/airflow/example_dags/example_branch_python_dop_operator_3.py for tasks to queue
[2025-11-16T20:33:48.029+0000] {logging_mixin.py:188} INFO - [2025-11-16T20:33:48.029+0000] {dagbag.py:538} INFO - Filling up the DagBag from /home/airflow/.local/lib/python3.8/site-packages/airflow/example_dags/example_branch_python_dop_operator_3.py
[2025-11-16T20:33:48.039+0000] {processor.py:840} INFO - DAG(s) 'example_branch_dop_operator_v3' retrieved from /home/airflow/.local/lib/python3.8/site-packages/airflow/example_dags/example_branch_python_dop_operator_3.py
[2025-11-16T20:33:48.244+0000] {logging_mixin.py:188} INFO - [2025-11-16T20:33:48.244+0000] {dag.py:3036} INFO - Sync 1 DAGs
[2025-11-16T20:33:48.274+0000] {logging_mixin.py:188} INFO - [2025-11-16T20:33:48.274+0000] {dag.py:3823} INFO - Setting next_dagrun for example_branch_dop_operator_v3 to 2025-11-16 20:32:00+00:00, run_after=2025-11-16 20:33:00+00:00
[2025-11-16T20:33:48.304+0000] {processor.py:183} INFO - Processing /home/airflow/.local/lib/python3.8/site-packages/airflow/example_dags/example_branch_python_dop_operator_3.py took 0.281 seconds
[2025-11-16T20:34:18.486+0000] {processor.py:161} INFO - Started process (PID=2372) to work on /home/airflow/.local/lib/python3.8/site-packages/airflow/example_dags/example_branch_python_dop_operator_3.py
[2025-11-16T20:34:18.487+0000] {processor.py:830} INFO - Processing file /home/airflow/.local/lib/python3.8/site-packages/airflow/example_dags/example_branch_python_dop_operator_3.py for tasks to queue
[2025-11-16T20:34:18.488+0000] {logging_mixin.py:188} INFO - [2025-11-16T20:34:18.488+0000] {dagbag.py:538} INFO - Filling up the DagBag from /home/airflow/.local/lib/python3.8/site-packages/airflow/example_dags/example_branch_python_dop_operator_3.py
[2025-11-16T20:34:18.497+0000] {processor.py:840} INFO - DAG(s) 'example_branch_dop_operator_v3' retrieved from /home/airflow/.local/lib/python3.8/site-packages/airflow/example_dags/example_branch_python_dop_operator_3.py
[2025-11-16T20:34:18.520+0000] {logging_mixin.py:188} INFO - [2025-11-16T20:34:18.520+0000] {dag.py:3036} INFO - Sync 1 DAGs
[2025-11-16T20:34:18.544+0000] {logging_mixin.py:188} INFO - [2025-11-16T20:34:18.544+0000] {dag.py:3823} INFO - Setting next_dagrun for example_branch_dop_operator_v3 to 2025-11-16 20:33:00+00:00, run_after=2025-11-16 20:34:00+00:00
[2025-11-16T20:34:18.568+0000] {processor.py:183} INFO - Processing /home/airflow/.local/lib/python3.8/site-packages/airflow/example_dags/example_branch_python_dop_operator_3.py took 0.085 seconds
[2025-11-16T20:34:48.778+0000] {processor.py:161} INFO - Started process (PID=2453) to work on /home/airflow/.local/lib/python3.8/site-packages/airflow/example_dags/example_branch_python_dop_operator_3.py
[2025-11-16T20:34:48.779+0000] {processor.py:830} INFO - Processing file /home/airflow/.local/lib/python3.8/site-packages/airflow/example_dags/example_branch_python_dop_operator_3.py for tasks to queue
[2025-11-16T20:34:48.781+0000] {logging_mixin.py:188} INFO - [2025-11-16T20:34:48.780+0000] {dagbag.py:538} INFO - Filling up the DagBag from /home/airflow/.local/lib/python3.8/site-packages/airflow/example_dags/example_branch_python_dop_operator_3.py
[2025-11-16T20:34:48.790+0000] {processor.py:840} INFO - DAG(s) 'example_branch_dop_operator_v3' retrieved from /home/airflow/.local/lib/python3.8/site-packages/airflow/example_dags/example_branch_python_dop_operator_3.py
[2025-11-16T20:34:48.816+0000] {logging_mixin.py:188} INFO - [2025-11-16T20:34:48.816+0000] {dag.py:3036} INFO - Sync 1 DAGs
[2025-11-16T20:34:48.851+0000] {logging_mixin.py:188} INFO - [2025-11-16T20:34:48.851+0000] {dag.py:3823} INFO - Setting next_dagrun for example_branch_dop_operator_v3 to 2025-11-16 20:33:00+00:00, run_after=2025-11-16 20:34:00+00:00
[2025-11-16T20:34:48.885+0000] {processor.py:183} INFO - Processing /home/airflow/.local/lib/python3.8/site-packages/airflow/example_dags/example_branch_python_dop_operator_3.py took 0.110 seconds
[2025-11-16T20:35:19.686+0000] {processor.py:161} INFO - Started process (PID=2542) to work on /home/airflow/.local/lib/python3.8/site-packages/airflow/example_dags/example_branch_python_dop_operator_3.py
[2025-11-16T20:35:19.688+0000] {processor.py:830} INFO - Processing file /home/airflow/.local/lib/python3.8/site-packages/airflow/example_dags/example_branch_python_dop_operator_3.py for tasks to queue
[2025-11-16T20:35:19.690+0000] {logging_mixin.py:188} INFO - [2025-11-16T20:35:19.689+0000] {dagbag.py:538} INFO - Filling up the DagBag from /home/airflow/.local/lib/python3.8/site-packages/airflow/example_dags/example_branch_python_dop_operator_3.py
[2025-11-16T20:35:19.717+0000] {processor.py:840} INFO - DAG(s) 'example_branch_dop_operator_v3' retrieved from /home/airflow/.local/lib/python3.8/site-packages/airflow/example_dags/example_branch_python_dop_operator_3.py
[2025-11-16T20:35:19.764+0000] {logging_mixin.py:188} INFO - [2025-11-16T20:35:19.764+0000] {dag.py:3036} INFO - Sync 1 DAGs
[2025-11-16T20:35:19.829+0000] {logging_mixin.py:188} INFO - [2025-11-16T20:35:19.828+0000] {dag.py:3823} INFO - Setting next_dagrun for example_branch_dop_operator_v3 to 2025-11-16 20:34:00+00:00, run_after=2025-11-16 20:35:00+00:00
[2025-11-16T20:35:19.877+0000] {processor.py:183} INFO - Processing /home/airflow/.local/lib/python3.8/site-packages/airflow/example_dags/example_branch_python_dop_operator_3.py took 0.202 seconds
[2025-11-16T20:35:50.166+0000] {processor.py:161} INFO - Started process (PID=2630) to work on /home/airflow/.local/lib/python3.8/site-packages/airflow/example_dags/example_branch_python_dop_operator_3.py
[2025-11-16T20:35:50.167+0000] {processor.py:830} INFO - Processing file /home/airflow/.local/lib/python3.8/site-packages/airflow/example_dags/example_branch_python_dop_operator_3.py for tasks to queue
[2025-11-16T20:35:50.169+0000] {logging_mixin.py:188} INFO - [2025-11-16T20:35:50.168+0000] {dagbag.py:538} INFO - Filling up the DagBag from /home/airflow/.local/lib/python3.8/site-packages/airflow/example_dags/example_branch_python_dop_operator_3.py
[2025-11-16T20:35:50.178+0000] {processor.py:840} INFO - DAG(s) 'example_branch_dop_operator_v3' retrieved from /home/airflow/.local/lib/python3.8/site-packages/airflow/example_dags/example_branch_python_dop_operator_3.py
[2025-11-16T20:35:50.201+0000] {logging_mixin.py:188} INFO - [2025-11-16T20:35:50.201+0000] {dag.py:3036} INFO - Sync 1 DAGs
[2025-11-16T20:35:50.224+0000] {logging_mixin.py:188} INFO - [2025-11-16T20:35:50.224+0000] {dag.py:3823} INFO - Setting next_dagrun for example_branch_dop_operator_v3 to 2025-11-16 20:34:00+00:00, run_after=2025-11-16 20:35:00+00:00
[2025-11-16T20:35:50.250+0000] {processor.py:183} INFO - Processing /home/airflow/.local/lib/python3.8/site-packages/airflow/example_dags/example_branch_python_dop_operator_3.py took 0.086 seconds
[2025-11-16T20:36:21.070+0000] {processor.py:161} INFO - Started process (PID=2706) to work on /home/airflow/.local/lib/python3.8/site-packages/airflow/example_dags/example_branch_python_dop_operator_3.py
[2025-11-16T20:36:21.072+0000] {processor.py:830} INFO - Processing file /home/airflow/.local/lib/python3.8/site-packages/airflow/example_dags/example_branch_python_dop_operator_3.py for tasks to queue
[2025-11-16T20:36:21.073+0000] {logging_mixin.py:188} INFO - [2025-11-16T20:36:21.073+0000] {dagbag.py:538} INFO - Filling up the DagBag from /home/airflow/.local/lib/python3.8/site-packages/airflow/example_dags/example_branch_python_dop_operator_3.py
[2025-11-16T20:36:21.089+0000] {processor.py:840} INFO - DAG(s) 'example_branch_dop_operator_v3' retrieved from /home/airflow/.local/lib/python3.8/site-packages/airflow/example_dags/example_branch_python_dop_operator_3.py
[2025-11-16T20:36:21.129+0000] {logging_mixin.py:188} INFO - [2025-11-16T20:36:21.129+0000] {dag.py:3036} INFO - Sync 1 DAGs
[2025-11-16T20:36:21.213+0000] {logging_mixin.py:188} INFO - [2025-11-16T20:36:21.211+0000] {dag.py:3823} INFO - Setting next_dagrun for example_branch_dop_operator_v3 to 2025-11-16 20:35:00+00:00, run_after=2025-11-16 20:36:00+00:00
[2025-11-16T20:36:21.284+0000] {processor.py:183} INFO - Processing /home/airflow/.local/lib/python3.8/site-packages/airflow/example_dags/example_branch_python_dop_operator_3.py took 0.220 seconds
[2025-11-16T20:36:51.361+0000] {processor.py:161} INFO - Started process (PID=2795) to work on /home/airflow/.local/lib/python3.8/site-packages/airflow/example_dags/example_branch_python_dop_operator_3.py
[2025-11-16T20:36:51.362+0000] {processor.py:830} INFO - Processing file /home/airflow/.local/lib/python3.8/site-packages/airflow/example_dags/example_branch_python_dop_operator_3.py for tasks to queue
[2025-11-16T20:36:51.363+0000] {logging_mixin.py:188} INFO - [2025-11-16T20:36:51.363+0000] {dagbag.py:538} INFO - Filling up the DagBag from /home/airflow/.local/lib/python3.8/site-packages/airflow/example_dags/example_branch_python_dop_operator_3.py
[2025-11-16T20:36:51.376+0000] {processor.py:840} INFO - DAG(s) 'example_branch_dop_operator_v3' retrieved from /home/airflow/.local/lib/python3.8/site-packages/airflow/example_dags/example_branch_python_dop_operator_3.py
[2025-11-16T20:36:51.417+0000] {logging_mixin.py:188} INFO - [2025-11-16T20:36:51.417+0000] {dag.py:3036} INFO - Sync 1 DAGs
[2025-11-16T20:36:51.452+0000] {logging_mixin.py:188} INFO - [2025-11-16T20:36:51.452+0000] {dag.py:3823} INFO - Setting next_dagrun for example_branch_dop_operator_v3 to 2025-11-16 20:35:00+00:00, run_after=2025-11-16 20:36:00+00:00
[2025-11-16T20:36:51.485+0000] {processor.py:183} INFO - Processing /home/airflow/.local/lib/python3.8/site-packages/airflow/example_dags/example_branch_python_dop_operator_3.py took 0.129 seconds
[2025-11-16T20:37:21.884+0000] {processor.py:161} INFO - Started process (PID=2853) to work on /home/airflow/.local/lib/python3.8/site-packages/airflow/example_dags/example_branch_python_dop_operator_3.py
[2025-11-16T20:37:21.886+0000] {processor.py:830} INFO - Processing file /home/airflow/.local/lib/python3.8/site-packages/airflow/example_dags/example_branch_python_dop_operator_3.py for tasks to queue
[2025-11-16T20:37:21.891+0000] {logging_mixin.py:188} INFO - [2025-11-16T20:37:21.890+0000] {dagbag.py:538} INFO - Filling up the DagBag from /home/airflow/.local/lib/python3.8/site-packages/airflow/example_dags/example_branch_python_dop_operator_3.py
[2025-11-16T20:37:21.914+0000] {processor.py:840} INFO - DAG(s) 'example_branch_dop_operator_v3' retrieved from /home/airflow/.local/lib/python3.8/site-packages/airflow/example_dags/example_branch_python_dop_operator_3.py
[2025-11-16T20:37:21.963+0000] {logging_mixin.py:188} INFO - [2025-11-16T20:37:21.962+0000] {dag.py:3036} INFO - Sync 1 DAGs
[2025-11-16T20:37:22.027+0000] {logging_mixin.py:188} INFO - [2025-11-16T20:37:22.026+0000] {dag.py:3823} INFO - Setting next_dagrun for example_branch_dop_operator_v3 to 2025-11-16 20:36:00+00:00, run_after=2025-11-16 20:37:00+00:00
[2025-11-16T20:37:22.063+0000] {processor.py:183} INFO - Processing /home/airflow/.local/lib/python3.8/site-packages/airflow/example_dags/example_branch_python_dop_operator_3.py took 0.184 seconds
[2025-11-16T20:37:52.168+0000] {processor.py:161} INFO - Started process (PID=2927) to work on /home/airflow/.local/lib/python3.8/site-packages/airflow/example_dags/example_branch_python_dop_operator_3.py
[2025-11-16T20:37:52.170+0000] {processor.py:830} INFO - Processing file /home/airflow/.local/lib/python3.8/site-packages/airflow/example_dags/example_branch_python_dop_operator_3.py for tasks to queue
[2025-11-16T20:37:52.171+0000] {logging_mixin.py:188} INFO - [2025-11-16T20:37:52.171+0000] {dagbag.py:538} INFO - Filling up the DagBag from /home/airflow/.local/lib/python3.8/site-packages/airflow/example_dags/example_branch_python_dop_operator_3.py
[2025-11-16T20:37:52.182+0000] {processor.py:840} INFO - DAG(s) 'example_branch_dop_operator_v3' retrieved from /home/airflow/.local/lib/python3.8/site-packages/airflow/example_dags/example_branch_python_dop_operator_3.py
[2025-11-16T20:37:52.215+0000] {logging_mixin.py:188} INFO - [2025-11-16T20:37:52.215+0000] {dag.py:3036} INFO - Sync 1 DAGs
[2025-11-16T20:37:52.245+0000] {logging_mixin.py:188} INFO - [2025-11-16T20:37:52.244+0000] {dag.py:3823} INFO - Setting next_dagrun for example_branch_dop_operator_v3 to 2025-11-16 20:36:00+00:00, run_after=2025-11-16 20:37:00+00:00
[2025-11-16T20:37:52.281+0000] {processor.py:183} INFO - Processing /home/airflow/.local/lib/python3.8/site-packages/airflow/example_dags/example_branch_python_dop_operator_3.py took 0.117 seconds
[2025-11-16T20:38:23.546+0000] {processor.py:161} INFO - Started process (PID=3018) to work on /home/airflow/.local/lib/python3.8/site-packages/airflow/example_dags/example_branch_python_dop_operator_3.py
[2025-11-16T20:38:23.548+0000] {processor.py:830} INFO - Processing file /home/airflow/.local/lib/python3.8/site-packages/airflow/example_dags/example_branch_python_dop_operator_3.py for tasks to queue
[2025-11-16T20:38:23.549+0000] {logging_mixin.py:188} INFO - [2025-11-16T20:38:23.549+0000] {dagbag.py:538} INFO - Filling up the DagBag from /home/airflow/.local/lib/python3.8/site-packages/airflow/example_dags/example_branch_python_dop_operator_3.py
[2025-11-16T20:38:23.569+0000] {processor.py:840} INFO - DAG(s) 'example_branch_dop_operator_v3' retrieved from /home/airflow/.local/lib/python3.8/site-packages/airflow/example_dags/example_branch_python_dop_operator_3.py
[2025-11-16T20:38:23.600+0000] {logging_mixin.py:188} INFO - [2025-11-16T20:38:23.600+0000] {dag.py:3036} INFO - Sync 1 DAGs
[2025-11-16T20:38:23.649+0000] {logging_mixin.py:188} INFO - [2025-11-16T20:38:23.649+0000] {dag.py:3823} INFO - Setting next_dagrun for example_branch_dop_operator_v3 to 2025-11-16 20:37:00+00:00, run_after=2025-11-16 20:38:00+00:00
[2025-11-16T20:38:23.686+0000] {processor.py:183} INFO - Processing /home/airflow/.local/lib/python3.8/site-packages/airflow/example_dags/example_branch_python_dop_operator_3.py took 0.144 seconds
[2025-11-16T20:38:54.685+0000] {processor.py:161} INFO - Started process (PID=3106) to work on /home/airflow/.local/lib/python3.8/site-packages/airflow/example_dags/example_branch_python_dop_operator_3.py
[2025-11-16T20:38:54.686+0000] {processor.py:830} INFO - Processing file /home/airflow/.local/lib/python3.8/site-packages/airflow/example_dags/example_branch_python_dop_operator_3.py for tasks to queue
[2025-11-16T20:38:54.689+0000] {logging_mixin.py:188} INFO - [2025-11-16T20:38:54.687+0000] {dagbag.py:538} INFO - Filling up the DagBag from /home/airflow/.local/lib/python3.8/site-packages/airflow/example_dags/example_branch_python_dop_operator_3.py
[2025-11-16T20:38:54.703+0000] {processor.py:840} INFO - DAG(s) 'example_branch_dop_operator_v3' retrieved from /home/airflow/.local/lib/python3.8/site-packages/airflow/example_dags/example_branch_python_dop_operator_3.py
[2025-11-16T20:38:54.736+0000] {logging_mixin.py:188} INFO - [2025-11-16T20:38:54.735+0000] {dag.py:3036} INFO - Sync 1 DAGs
[2025-11-16T20:38:54.775+0000] {logging_mixin.py:188} INFO - [2025-11-16T20:38:54.775+0000] {dag.py:3823} INFO - Setting next_dagrun for example_branch_dop_operator_v3 to 2025-11-16 20:37:00+00:00, run_after=2025-11-16 20:38:00+00:00
[2025-11-16T20:38:54.807+0000] {processor.py:183} INFO - Processing /home/airflow/.local/lib/python3.8/site-packages/airflow/example_dags/example_branch_python_dop_operator_3.py took 0.127 seconds
[2025-11-16T20:39:24.991+0000] {processor.py:161} INFO - Started process (PID=3172) to work on /home/airflow/.local/lib/python3.8/site-packages/airflow/example_dags/example_branch_python_dop_operator_3.py
[2025-11-16T20:39:24.992+0000] {processor.py:830} INFO - Processing file /home/airflow/.local/lib/python3.8/site-packages/airflow/example_dags/example_branch_python_dop_operator_3.py for tasks to queue
[2025-11-16T20:39:24.994+0000] {logging_mixin.py:188} INFO - [2025-11-16T20:39:24.993+0000] {dagbag.py:538} INFO - Filling up the DagBag from /home/airflow/.local/lib/python3.8/site-packages/airflow/example_dags/example_branch_python_dop_operator_3.py
[2025-11-16T20:39:25.018+0000] {processor.py:840} INFO - DAG(s) 'example_branch_dop_operator_v3' retrieved from /home/airflow/.local/lib/python3.8/site-packages/airflow/example_dags/example_branch_python_dop_operator_3.py
[2025-11-16T20:39:25.085+0000] {logging_mixin.py:188} INFO - [2025-11-16T20:39:25.085+0000] {dag.py:3036} INFO - Sync 1 DAGs
[2025-11-16T20:39:25.134+0000] {logging_mixin.py:188} INFO - [2025-11-16T20:39:25.134+0000] {dag.py:3823} INFO - Setting next_dagrun for example_branch_dop_operator_v3 to 2025-11-16 20:38:00+00:00, run_after=2025-11-16 20:39:00+00:00
[2025-11-16T20:39:25.167+0000] {processor.py:183} INFO - Processing /home/airflow/.local/lib/python3.8/site-packages/airflow/example_dags/example_branch_python_dop_operator_3.py took 0.183 seconds
[2025-11-16T20:39:56.363+0000] {processor.py:161} INFO - Started process (PID=3259) to work on /home/airflow/.local/lib/python3.8/site-packages/airflow/example_dags/example_branch_python_dop_operator_3.py
[2025-11-16T20:39:56.364+0000] {processor.py:830} INFO - Processing file /home/airflow/.local/lib/python3.8/site-packages/airflow/example_dags/example_branch_python_dop_operator_3.py for tasks to queue
[2025-11-16T20:39:56.367+0000] {logging_mixin.py:188} INFO - [2025-11-16T20:39:56.366+0000] {dagbag.py:538} INFO - Filling up the DagBag from /home/airflow/.local/lib/python3.8/site-packages/airflow/example_dags/example_branch_python_dop_operator_3.py
[2025-11-16T20:39:56.383+0000] {processor.py:840} INFO - DAG(s) 'example_branch_dop_operator_v3' retrieved from /home/airflow/.local/lib/python3.8/site-packages/airflow/example_dags/example_branch_python_dop_operator_3.py
[2025-11-16T20:39:56.425+0000] {logging_mixin.py:188} INFO - [2025-11-16T20:39:56.425+0000] {dag.py:3036} INFO - Sync 1 DAGs
[2025-11-16T20:39:56.462+0000] {logging_mixin.py:188} INFO - [2025-11-16T20:39:56.462+0000] {dag.py:3823} INFO - Setting next_dagrun for example_branch_dop_operator_v3 to 2025-11-16 20:38:00+00:00, run_after=2025-11-16 20:39:00+00:00
[2025-11-16T20:39:56.491+0000] {processor.py:183} INFO - Processing /home/airflow/.local/lib/python3.8/site-packages/airflow/example_dags/example_branch_python_dop_operator_3.py took 0.130 seconds
[2025-11-16T20:42:17.591+0000] {processor.py:161} INFO - Started process (PID=109) to work on /home/airflow/.local/lib/python3.8/site-packages/airflow/example_dags/example_branch_python_dop_operator_3.py
[2025-11-16T20:42:17.610+0000] {processor.py:830} INFO - Processing file /home/airflow/.local/lib/python3.8/site-packages/airflow/example_dags/example_branch_python_dop_operator_3.py for tasks to queue
[2025-11-16T20:42:17.623+0000] {logging_mixin.py:188} INFO - [2025-11-16T20:42:17.617+0000] {dagbag.py:538} INFO - Filling up the DagBag from /home/airflow/.local/lib/python3.8/site-packages/airflow/example_dags/example_branch_python_dop_operator_3.py
[2025-11-16T20:42:17.760+0000] {processor.py:840} INFO - DAG(s) 'example_branch_dop_operator_v3' retrieved from /home/airflow/.local/lib/python3.8/site-packages/airflow/example_dags/example_branch_python_dop_operator_3.py
[2025-11-16T20:42:18.085+0000] {logging_mixin.py:188} INFO - [2025-11-16T20:42:18.084+0000] {dag.py:3036} INFO - Sync 1 DAGs
[2025-11-16T20:42:18.123+0000] {logging_mixin.py:188} INFO - [2025-11-16T20:42:18.122+0000] {dag.py:3823} INFO - Setting next_dagrun for example_branch_dop_operator_v3 to 2025-11-16 20:41:00+00:00, run_after=2025-11-16 20:42:00+00:00
[2025-11-16T20:42:18.153+0000] {processor.py:183} INFO - Processing /home/airflow/.local/lib/python3.8/site-packages/airflow/example_dags/example_branch_python_dop_operator_3.py took 0.613 seconds
[2025-11-16T20:42:50.260+0000] {processor.py:161} INFO - Started process (PID=191) to work on /home/airflow/.local/lib/python3.8/site-packages/airflow/example_dags/example_branch_python_dop_operator_3.py
[2025-11-16T20:42:50.261+0000] {processor.py:830} INFO - Processing file /home/airflow/.local/lib/python3.8/site-packages/airflow/example_dags/example_branch_python_dop_operator_3.py for tasks to queue
[2025-11-16T20:42:50.262+0000] {logging_mixin.py:188} INFO - [2025-11-16T20:42:50.262+0000] {dagbag.py:538} INFO - Filling up the DagBag from /home/airflow/.local/lib/python3.8/site-packages/airflow/example_dags/example_branch_python_dop_operator_3.py
[2025-11-16T20:42:50.273+0000] {processor.py:840} INFO - DAG(s) 'example_branch_dop_operator_v3' retrieved from /home/airflow/.local/lib/python3.8/site-packages/airflow/example_dags/example_branch_python_dop_operator_3.py
[2025-11-16T20:42:50.300+0000] {logging_mixin.py:188} INFO - [2025-11-16T20:42:50.300+0000] {dag.py:3036} INFO - Sync 1 DAGs
[2025-11-16T20:42:50.335+0000] {logging_mixin.py:188} INFO - [2025-11-16T20:42:50.335+0000] {dag.py:3823} INFO - Setting next_dagrun for example_branch_dop_operator_v3 to 2025-11-16 20:41:00+00:00, run_after=2025-11-16 20:42:00+00:00
[2025-11-16T20:42:50.367+0000] {processor.py:183} INFO - Processing /home/airflow/.local/lib/python3.8/site-packages/airflow/example_dags/example_branch_python_dop_operator_3.py took 0.111 seconds
[2025-11-16T20:43:20.766+0000] {processor.py:161} INFO - Started process (PID=271) to work on /home/airflow/.local/lib/python3.8/site-packages/airflow/example_dags/example_branch_python_dop_operator_3.py
[2025-11-16T20:43:20.767+0000] {processor.py:830} INFO - Processing file /home/airflow/.local/lib/python3.8/site-packages/airflow/example_dags/example_branch_python_dop_operator_3.py for tasks to queue
[2025-11-16T20:43:20.768+0000] {logging_mixin.py:188} INFO - [2025-11-16T20:43:20.768+0000] {dagbag.py:538} INFO - Filling up the DagBag from /home/airflow/.local/lib/python3.8/site-packages/airflow/example_dags/example_branch_python_dop_operator_3.py
[2025-11-16T20:43:20.780+0000] {processor.py:840} INFO - DAG(s) 'example_branch_dop_operator_v3' retrieved from /home/airflow/.local/lib/python3.8/site-packages/airflow/example_dags/example_branch_python_dop_operator_3.py
[2025-11-16T20:43:20.807+0000] {logging_mixin.py:188} INFO - [2025-11-16T20:43:20.806+0000] {dag.py:3036} INFO - Sync 1 DAGs
[2025-11-16T20:43:20.835+0000] {logging_mixin.py:188} INFO - [2025-11-16T20:43:20.835+0000] {dag.py:3823} INFO - Setting next_dagrun for example_branch_dop_operator_v3 to 2025-11-16 20:42:00+00:00, run_after=2025-11-16 20:43:00+00:00
[2025-11-16T20:43:20.860+0000] {processor.py:183} INFO - Processing /home/airflow/.local/lib/python3.8/site-packages/airflow/example_dags/example_branch_python_dop_operator_3.py took 0.097 seconds
[2025-11-16T20:43:50.912+0000] {processor.py:161} INFO - Started process (PID=352) to work on /home/airflow/.local/lib/python3.8/site-packages/airflow/example_dags/example_branch_python_dop_operator_3.py
[2025-11-16T20:43:50.913+0000] {processor.py:830} INFO - Processing file /home/airflow/.local/lib/python3.8/site-packages/airflow/example_dags/example_branch_python_dop_operator_3.py for tasks to queue
[2025-11-16T20:43:50.914+0000] {logging_mixin.py:188} INFO - [2025-11-16T20:43:50.913+0000] {dagbag.py:538} INFO - Filling up the DagBag from /home/airflow/.local/lib/python3.8/site-packages/airflow/example_dags/example_branch_python_dop_operator_3.py
[2025-11-16T20:43:50.922+0000] {processor.py:840} INFO - DAG(s) 'example_branch_dop_operator_v3' retrieved from /home/airflow/.local/lib/python3.8/site-packages/airflow/example_dags/example_branch_python_dop_operator_3.py
[2025-11-16T20:43:50.945+0000] {logging_mixin.py:188} INFO - [2025-11-16T20:43:50.945+0000] {dag.py:3036} INFO - Sync 1 DAGs
[2025-11-16T20:43:50.967+0000] {logging_mixin.py:188} INFO - [2025-11-16T20:43:50.967+0000] {dag.py:3823} INFO - Setting next_dagrun for example_branch_dop_operator_v3 to 2025-11-16 20:42:00+00:00, run_after=2025-11-16 20:43:00+00:00
[2025-11-16T20:43:50.988+0000] {processor.py:183} INFO - Processing /home/airflow/.local/lib/python3.8/site-packages/airflow/example_dags/example_branch_python_dop_operator_3.py took 0.079 seconds
[2025-11-16T20:44:21.136+0000] {processor.py:161} INFO - Started process (PID=433) to work on /home/airflow/.local/lib/python3.8/site-packages/airflow/example_dags/example_branch_python_dop_operator_3.py
[2025-11-16T20:44:21.137+0000] {processor.py:830} INFO - Processing file /home/airflow/.local/lib/python3.8/site-packages/airflow/example_dags/example_branch_python_dop_operator_3.py for tasks to queue
[2025-11-16T20:44:21.138+0000] {logging_mixin.py:188} INFO - [2025-11-16T20:44:21.138+0000] {dagbag.py:538} INFO - Filling up the DagBag from /home/airflow/.local/lib/python3.8/site-packages/airflow/example_dags/example_branch_python_dop_operator_3.py
[2025-11-16T20:44:21.147+0000] {processor.py:840} INFO - DAG(s) 'example_branch_dop_operator_v3' retrieved from /home/airflow/.local/lib/python3.8/site-packages/airflow/example_dags/example_branch_python_dop_operator_3.py
[2025-11-16T20:44:21.169+0000] {logging_mixin.py:188} INFO - [2025-11-16T20:44:21.168+0000] {dag.py:3036} INFO - Sync 1 DAGs
[2025-11-16T20:44:21.192+0000] {logging_mixin.py:188} INFO - [2025-11-16T20:44:21.192+0000] {dag.py:3823} INFO - Setting next_dagrun for example_branch_dop_operator_v3 to 2025-11-16 20:43:00+00:00, run_after=2025-11-16 20:44:00+00:00
[2025-11-16T20:44:21.214+0000] {processor.py:183} INFO - Processing /home/airflow/.local/lib/python3.8/site-packages/airflow/example_dags/example_branch_python_dop_operator_3.py took 0.081 seconds
[2025-11-16T20:44:51.835+0000] {processor.py:161} INFO - Started process (PID=514) to work on /home/airflow/.local/lib/python3.8/site-packages/airflow/example_dags/example_branch_python_dop_operator_3.py
[2025-11-16T20:44:51.836+0000] {processor.py:830} INFO - Processing file /home/airflow/.local/lib/python3.8/site-packages/airflow/example_dags/example_branch_python_dop_operator_3.py for tasks to queue
[2025-11-16T20:44:51.838+0000] {logging_mixin.py:188} INFO - [2025-11-16T20:44:51.837+0000] {dagbag.py:538} INFO - Filling up the DagBag from /home/airflow/.local/lib/python3.8/site-packages/airflow/example_dags/example_branch_python_dop_operator_3.py
[2025-11-16T20:44:51.846+0000] {processor.py:840} INFO - DAG(s) 'example_branch_dop_operator_v3' retrieved from /home/airflow/.local/lib/python3.8/site-packages/airflow/example_dags/example_branch_python_dop_operator_3.py
[2025-11-16T20:44:51.868+0000] {logging_mixin.py:188} INFO - [2025-11-16T20:44:51.868+0000] {dag.py:3036} INFO - Sync 1 DAGs
[2025-11-16T20:44:51.892+0000] {logging_mixin.py:188} INFO - [2025-11-16T20:44:51.891+0000] {dag.py:3823} INFO - Setting next_dagrun for example_branch_dop_operator_v3 to 2025-11-16 20:43:00+00:00, run_after=2025-11-16 20:44:00+00:00
[2025-11-16T20:44:51.913+0000] {processor.py:183} INFO - Processing /home/airflow/.local/lib/python3.8/site-packages/airflow/example_dags/example_branch_python_dop_operator_3.py took 0.081 seconds
[2025-11-16T20:45:22.538+0000] {processor.py:161} INFO - Started process (PID=612) to work on /home/airflow/.local/lib/python3.8/site-packages/airflow/example_dags/example_branch_python_dop_operator_3.py
[2025-11-16T20:45:22.539+0000] {processor.py:830} INFO - Processing file /home/airflow/.local/lib/python3.8/site-packages/airflow/example_dags/example_branch_python_dop_operator_3.py for tasks to queue
[2025-11-16T20:45:22.540+0000] {logging_mixin.py:188} INFO - [2025-11-16T20:45:22.540+0000] {dagbag.py:538} INFO - Filling up the DagBag from /home/airflow/.local/lib/python3.8/site-packages/airflow/example_dags/example_branch_python_dop_operator_3.py
[2025-11-16T20:45:22.549+0000] {processor.py:840} INFO - DAG(s) 'example_branch_dop_operator_v3' retrieved from /home/airflow/.local/lib/python3.8/site-packages/airflow/example_dags/example_branch_python_dop_operator_3.py
[2025-11-16T20:45:22.571+0000] {logging_mixin.py:188} INFO - [2025-11-16T20:45:22.571+0000] {dag.py:3036} INFO - Sync 1 DAGs
[2025-11-16T20:45:22.594+0000] {logging_mixin.py:188} INFO - [2025-11-16T20:45:22.594+0000] {dag.py:3823} INFO - Setting next_dagrun for example_branch_dop_operator_v3 to 2025-11-16 20:44:00+00:00, run_after=2025-11-16 20:45:00+00:00
[2025-11-16T20:45:22.616+0000] {processor.py:183} INFO - Processing /home/airflow/.local/lib/python3.8/site-packages/airflow/example_dags/example_branch_python_dop_operator_3.py took 0.080 seconds
[2025-11-16T20:45:53.007+0000] {processor.py:161} INFO - Started process (PID=693) to work on /home/airflow/.local/lib/python3.8/site-packages/airflow/example_dags/example_branch_python_dop_operator_3.py
[2025-11-16T20:45:53.008+0000] {processor.py:830} INFO - Processing file /home/airflow/.local/lib/python3.8/site-packages/airflow/example_dags/example_branch_python_dop_operator_3.py for tasks to queue
[2025-11-16T20:45:53.009+0000] {logging_mixin.py:188} INFO - [2025-11-16T20:45:53.009+0000] {dagbag.py:538} INFO - Filling up the DagBag from /home/airflow/.local/lib/python3.8/site-packages/airflow/example_dags/example_branch_python_dop_operator_3.py
[2025-11-16T20:45:53.018+0000] {processor.py:840} INFO - DAG(s) 'example_branch_dop_operator_v3' retrieved from /home/airflow/.local/lib/python3.8/site-packages/airflow/example_dags/example_branch_python_dop_operator_3.py
[2025-11-16T20:45:53.040+0000] {logging_mixin.py:188} INFO - [2025-11-16T20:45:53.040+0000] {dag.py:3036} INFO - Sync 1 DAGs
[2025-11-16T20:45:53.065+0000] {logging_mixin.py:188} INFO - [2025-11-16T20:45:53.064+0000] {dag.py:3823} INFO - Setting next_dagrun for example_branch_dop_operator_v3 to 2025-11-16 20:44:00+00:00, run_after=2025-11-16 20:45:00+00:00
[2025-11-16T20:45:53.088+0000] {processor.py:183} INFO - Processing /home/airflow/.local/lib/python3.8/site-packages/airflow/example_dags/example_branch_python_dop_operator_3.py took 0.084 seconds
[2025-11-16T20:46:23.404+0000] {processor.py:161} INFO - Started process (PID=789) to work on /home/airflow/.local/lib/python3.8/site-packages/airflow/example_dags/example_branch_python_dop_operator_3.py
[2025-11-16T20:46:23.404+0000] {processor.py:830} INFO - Processing file /home/airflow/.local/lib/python3.8/site-packages/airflow/example_dags/example_branch_python_dop_operator_3.py for tasks to queue
[2025-11-16T20:46:23.405+0000] {logging_mixin.py:188} INFO - [2025-11-16T20:46:23.405+0000] {dagbag.py:538} INFO - Filling up the DagBag from /home/airflow/.local/lib/python3.8/site-packages/airflow/example_dags/example_branch_python_dop_operator_3.py
[2025-11-16T20:46:23.417+0000] {processor.py:840} INFO - DAG(s) 'example_branch_dop_operator_v3' retrieved from /home/airflow/.local/lib/python3.8/site-packages/airflow/example_dags/example_branch_python_dop_operator_3.py
[2025-11-16T20:46:23.445+0000] {logging_mixin.py:188} INFO - [2025-11-16T20:46:23.445+0000] {dag.py:3036} INFO - Sync 1 DAGs
[2025-11-16T20:46:23.474+0000] {logging_mixin.py:188} INFO - [2025-11-16T20:46:23.474+0000] {dag.py:3823} INFO - Setting next_dagrun for example_branch_dop_operator_v3 to 2025-11-16 20:45:00+00:00, run_after=2025-11-16 20:46:00+00:00
[2025-11-16T20:46:23.500+0000] {processor.py:183} INFO - Processing /home/airflow/.local/lib/python3.8/site-packages/airflow/example_dags/example_branch_python_dop_operator_3.py took 0.100 seconds
[2025-11-16T20:46:53.846+0000] {processor.py:161} INFO - Started process (PID=870) to work on /home/airflow/.local/lib/python3.8/site-packages/airflow/example_dags/example_branch_python_dop_operator_3.py
[2025-11-16T20:46:53.847+0000] {processor.py:830} INFO - Processing file /home/airflow/.local/lib/python3.8/site-packages/airflow/example_dags/example_branch_python_dop_operator_3.py for tasks to queue
[2025-11-16T20:46:53.847+0000] {logging_mixin.py:188} INFO - [2025-11-16T20:46:53.847+0000] {dagbag.py:538} INFO - Filling up the DagBag from /home/airflow/.local/lib/python3.8/site-packages/airflow/example_dags/example_branch_python_dop_operator_3.py
[2025-11-16T20:46:53.857+0000] {processor.py:840} INFO - DAG(s) 'example_branch_dop_operator_v3' retrieved from /home/airflow/.local/lib/python3.8/site-packages/airflow/example_dags/example_branch_python_dop_operator_3.py
[2025-11-16T20:46:53.881+0000] {logging_mixin.py:188} INFO - [2025-11-16T20:46:53.881+0000] {dag.py:3036} INFO - Sync 1 DAGs
[2025-11-16T20:46:53.909+0000] {logging_mixin.py:188} INFO - [2025-11-16T20:46:53.908+0000] {dag.py:3823} INFO - Setting next_dagrun for example_branch_dop_operator_v3 to 2025-11-16 20:45:00+00:00, run_after=2025-11-16 20:46:00+00:00
[2025-11-16T20:46:53.931+0000] {processor.py:183} INFO - Processing /home/airflow/.local/lib/python3.8/site-packages/airflow/example_dags/example_branch_python_dop_operator_3.py took 0.088 seconds
[2025-11-16T20:47:24.184+0000] {processor.py:161} INFO - Started process (PID=951) to work on /home/airflow/.local/lib/python3.8/site-packages/airflow/example_dags/example_branch_python_dop_operator_3.py
[2025-11-16T20:47:24.185+0000] {processor.py:830} INFO - Processing file /home/airflow/.local/lib/python3.8/site-packages/airflow/example_dags/example_branch_python_dop_operator_3.py for tasks to queue
[2025-11-16T20:47:24.186+0000] {logging_mixin.py:188} INFO - [2025-11-16T20:47:24.186+0000] {dagbag.py:538} INFO - Filling up the DagBag from /home/airflow/.local/lib/python3.8/site-packages/airflow/example_dags/example_branch_python_dop_operator_3.py
[2025-11-16T20:47:24.194+0000] {processor.py:840} INFO - DAG(s) 'example_branch_dop_operator_v3' retrieved from /home/airflow/.local/lib/python3.8/site-packages/airflow/example_dags/example_branch_python_dop_operator_3.py
[2025-11-16T20:47:24.217+0000] {logging_mixin.py:188} INFO - [2025-11-16T20:47:24.217+0000] {dag.py:3036} INFO - Sync 1 DAGs
[2025-11-16T20:47:24.249+0000] {logging_mixin.py:188} INFO - [2025-11-16T20:47:24.249+0000] {dag.py:3823} INFO - Setting next_dagrun for example_branch_dop_operator_v3 to 2025-11-16 20:46:00+00:00, run_after=2025-11-16 20:47:00+00:00
[2025-11-16T20:47:24.273+0000] {processor.py:183} INFO - Processing /home/airflow/.local/lib/python3.8/site-packages/airflow/example_dags/example_branch_python_dop_operator_3.py took 0.092 seconds
[2025-11-16T20:47:54.347+0000] {processor.py:161} INFO - Started process (PID=1047) to work on /home/airflow/.local/lib/python3.8/site-packages/airflow/example_dags/example_branch_python_dop_operator_3.py
[2025-11-16T20:47:54.347+0000] {processor.py:830} INFO - Processing file /home/airflow/.local/lib/python3.8/site-packages/airflow/example_dags/example_branch_python_dop_operator_3.py for tasks to queue
[2025-11-16T20:47:54.348+0000] {logging_mixin.py:188} INFO - [2025-11-16T20:47:54.348+0000] {dagbag.py:538} INFO - Filling up the DagBag from /home/airflow/.local/lib/python3.8/site-packages/airflow/example_dags/example_branch_python_dop_operator_3.py
[2025-11-16T20:47:54.357+0000] {processor.py:840} INFO - DAG(s) 'example_branch_dop_operator_v3' retrieved from /home/airflow/.local/lib/python3.8/site-packages/airflow/example_dags/example_branch_python_dop_operator_3.py
[2025-11-16T20:47:54.379+0000] {logging_mixin.py:188} INFO - [2025-11-16T20:47:54.379+0000] {dag.py:3036} INFO - Sync 1 DAGs
[2025-11-16T20:47:54.402+0000] {logging_mixin.py:188} INFO - [2025-11-16T20:47:54.401+0000] {dag.py:3823} INFO - Setting next_dagrun for example_branch_dop_operator_v3 to 2025-11-16 20:46:00+00:00, run_after=2025-11-16 20:47:00+00:00
[2025-11-16T20:47:54.424+0000] {processor.py:183} INFO - Processing /home/airflow/.local/lib/python3.8/site-packages/airflow/example_dags/example_branch_python_dop_operator_3.py took 0.080 seconds
[2025-11-16T20:48:24.630+0000] {processor.py:161} INFO - Started process (PID=1127) to work on /home/airflow/.local/lib/python3.8/site-packages/airflow/example_dags/example_branch_python_dop_operator_3.py
[2025-11-16T20:48:24.631+0000] {processor.py:830} INFO - Processing file /home/airflow/.local/lib/python3.8/site-packages/airflow/example_dags/example_branch_python_dop_operator_3.py for tasks to queue
[2025-11-16T20:48:24.633+0000] {logging_mixin.py:188} INFO - [2025-11-16T20:48:24.632+0000] {dagbag.py:538} INFO - Filling up the DagBag from /home/airflow/.local/lib/python3.8/site-packages/airflow/example_dags/example_branch_python_dop_operator_3.py
[2025-11-16T20:48:24.645+0000] {processor.py:840} INFO - DAG(s) 'example_branch_dop_operator_v3' retrieved from /home/airflow/.local/lib/python3.8/site-packages/airflow/example_dags/example_branch_python_dop_operator_3.py
[2025-11-16T20:48:24.669+0000] {logging_mixin.py:188} INFO - [2025-11-16T20:48:24.669+0000] {dag.py:3036} INFO - Sync 1 DAGs
[2025-11-16T20:48:24.691+0000] {logging_mixin.py:188} INFO - [2025-11-16T20:48:24.691+0000] {dag.py:3823} INFO - Setting next_dagrun for example_branch_dop_operator_v3 to 2025-11-16 20:47:00+00:00, run_after=2025-11-16 20:48:00+00:00
[2025-11-16T20:48:24.715+0000] {processor.py:183} INFO - Processing /home/airflow/.local/lib/python3.8/site-packages/airflow/example_dags/example_branch_python_dop_operator_3.py took 0.087 seconds
[2025-11-16T20:48:55.228+0000] {processor.py:161} INFO - Started process (PID=1208) to work on /home/airflow/.local/lib/python3.8/site-packages/airflow/example_dags/example_branch_python_dop_operator_3.py
[2025-11-16T20:48:55.229+0000] {processor.py:830} INFO - Processing file /home/airflow/.local/lib/python3.8/site-packages/airflow/example_dags/example_branch_python_dop_operator_3.py for tasks to queue
[2025-11-16T20:48:55.230+0000] {logging_mixin.py:188} INFO - [2025-11-16T20:48:55.229+0000] {dagbag.py:538} INFO - Filling up the DagBag from /home/airflow/.local/lib/python3.8/site-packages/airflow/example_dags/example_branch_python_dop_operator_3.py
[2025-11-16T20:48:55.243+0000] {processor.py:840} INFO - DAG(s) 'example_branch_dop_operator_v3' retrieved from /home/airflow/.local/lib/python3.8/site-packages/airflow/example_dags/example_branch_python_dop_operator_3.py
[2025-11-16T20:48:55.287+0000] {logging_mixin.py:188} INFO - [2025-11-16T20:48:55.287+0000] {dag.py:3036} INFO - Sync 1 DAGs
[2025-11-16T20:48:55.328+0000] {logging_mixin.py:188} INFO - [2025-11-16T20:48:55.328+0000] {dag.py:3823} INFO - Setting next_dagrun for example_branch_dop_operator_v3 to 2025-11-16 20:47:00+00:00, run_after=2025-11-16 20:48:00+00:00
[2025-11-16T20:48:55.356+0000] {processor.py:183} INFO - Processing /home/airflow/.local/lib/python3.8/site-packages/airflow/example_dags/example_branch_python_dop_operator_3.py took 0.134 seconds
[2025-11-16T20:49:25.570+0000] {processor.py:161} INFO - Started process (PID=1282) to work on /home/airflow/.local/lib/python3.8/site-packages/airflow/example_dags/example_branch_python_dop_operator_3.py
[2025-11-16T20:49:25.572+0000] {processor.py:830} INFO - Processing file /home/airflow/.local/lib/python3.8/site-packages/airflow/example_dags/example_branch_python_dop_operator_3.py for tasks to queue
[2025-11-16T20:49:25.574+0000] {logging_mixin.py:188} INFO - [2025-11-16T20:49:25.574+0000] {dagbag.py:538} INFO - Filling up the DagBag from /home/airflow/.local/lib/python3.8/site-packages/airflow/example_dags/example_branch_python_dop_operator_3.py
[2025-11-16T20:49:25.600+0000] {processor.py:840} INFO - DAG(s) 'example_branch_dop_operator_v3' retrieved from /home/airflow/.local/lib/python3.8/site-packages/airflow/example_dags/example_branch_python_dop_operator_3.py
[2025-11-16T20:49:25.645+0000] {logging_mixin.py:188} INFO - [2025-11-16T20:49:25.643+0000] {dag.py:3036} INFO - Sync 1 DAGs
[2025-11-16T20:49:25.708+0000] {logging_mixin.py:188} INFO - [2025-11-16T20:49:25.708+0000] {dag.py:3823} INFO - Setting next_dagrun for example_branch_dop_operator_v3 to 2025-11-16 20:48:00+00:00, run_after=2025-11-16 20:49:00+00:00
[2025-11-16T20:49:25.759+0000] {processor.py:183} INFO - Processing /home/airflow/.local/lib/python3.8/site-packages/airflow/example_dags/example_branch_python_dop_operator_3.py took 0.197 seconds
[2025-11-16T20:50:06.639+0000] {processor.py:161} INFO - Started process (PID=1336) to work on /home/airflow/.local/lib/python3.8/site-packages/airflow/example_dags/example_branch_python_dop_operator_3.py
[2025-11-16T20:50:06.640+0000] {processor.py:830} INFO - Processing file /home/airflow/.local/lib/python3.8/site-packages/airflow/example_dags/example_branch_python_dop_operator_3.py for tasks to queue
[2025-11-16T20:50:06.642+0000] {logging_mixin.py:188} INFO - [2025-11-16T20:50:06.641+0000] {dagbag.py:538} INFO - Filling up the DagBag from /home/airflow/.local/lib/python3.8/site-packages/airflow/example_dags/example_branch_python_dop_operator_3.py
[2025-11-16T20:50:06.662+0000] {processor.py:840} INFO - DAG(s) 'example_branch_dop_operator_v3' retrieved from /home/airflow/.local/lib/python3.8/site-packages/airflow/example_dags/example_branch_python_dop_operator_3.py
[2025-11-16T20:50:06.709+0000] {logging_mixin.py:188} INFO - [2025-11-16T20:50:06.709+0000] {dag.py:3036} INFO - Sync 1 DAGs
[2025-11-16T20:50:06.762+0000] {logging_mixin.py:188} INFO - [2025-11-16T20:50:06.762+0000] {dag.py:3823} INFO - Setting next_dagrun for example_branch_dop_operator_v3 to 2025-11-16 20:49:00+00:00, run_after=2025-11-16 20:50:00+00:00
[2025-11-16T20:50:06.805+0000] {processor.py:183} INFO - Processing /home/airflow/.local/lib/python3.8/site-packages/airflow/example_dags/example_branch_python_dop_operator_3.py took 0.173 seconds
[2025-11-16T23:16:08.609+0000] {processor.py:161} INFO - Started process (PID=1386) to work on /home/airflow/.local/lib/python3.8/site-packages/airflow/example_dags/example_branch_python_dop_operator_3.py
[2025-11-16T23:16:08.610+0000] {processor.py:830} INFO - Processing file /home/airflow/.local/lib/python3.8/site-packages/airflow/example_dags/example_branch_python_dop_operator_3.py for tasks to queue
[2025-11-16T23:16:08.612+0000] {logging_mixin.py:188} INFO - [2025-11-16T23:16:08.611+0000] {dagbag.py:538} INFO - Filling up the DagBag from /home/airflow/.local/lib/python3.8/site-packages/airflow/example_dags/example_branch_python_dop_operator_3.py
[2025-11-16T23:16:08.804+0000] {processor.py:840} INFO - DAG(s) 'example_branch_dop_operator_v3' retrieved from /home/airflow/.local/lib/python3.8/site-packages/airflow/example_dags/example_branch_python_dop_operator_3.py
[2025-11-16T23:16:09.009+0000] {logging_mixin.py:188} INFO - [2025-11-16T23:16:09.004+0000] {dag.py:3036} INFO - Sync 1 DAGs
[2025-11-16T23:16:09.137+0000] {logging_mixin.py:188} INFO - [2025-11-16T23:16:09.135+0000] {dag.py:3823} INFO - Setting next_dagrun for example_branch_dop_operator_v3 to 2025-11-16 23:15:00+00:00, run_after=2025-11-16 23:16:00+00:00
[2025-11-16T23:16:09.245+0000] {processor.py:183} INFO - Processing /home/airflow/.local/lib/python3.8/site-packages/airflow/example_dags/example_branch_python_dop_operator_3.py took 0.651 seconds
[2025-11-16T23:16:44.691+0000] {processor.py:161} INFO - Started process (PID=1466) to work on /home/airflow/.local/lib/python3.8/site-packages/airflow/example_dags/example_branch_python_dop_operator_3.py
[2025-11-16T23:16:44.696+0000] {processor.py:830} INFO - Processing file /home/airflow/.local/lib/python3.8/site-packages/airflow/example_dags/example_branch_python_dop_operator_3.py for tasks to queue
[2025-11-16T23:16:44.698+0000] {logging_mixin.py:188} INFO - [2025-11-16T23:16:44.697+0000] {dagbag.py:538} INFO - Filling up the DagBag from /home/airflow/.local/lib/python3.8/site-packages/airflow/example_dags/example_branch_python_dop_operator_3.py
[2025-11-16T23:16:44.718+0000] {processor.py:840} INFO - DAG(s) 'example_branch_dop_operator_v3' retrieved from /home/airflow/.local/lib/python3.8/site-packages/airflow/example_dags/example_branch_python_dop_operator_3.py
[2025-11-16T23:16:44.767+0000] {logging_mixin.py:188} INFO - [2025-11-16T23:16:44.767+0000] {dag.py:3036} INFO - Sync 1 DAGs
[2025-11-16T23:16:44.821+0000] {logging_mixin.py:188} INFO - [2025-11-16T23:16:44.821+0000] {dag.py:3823} INFO - Setting next_dagrun for example_branch_dop_operator_v3 to 2025-11-16 23:15:00+00:00, run_after=2025-11-16 23:16:00+00:00
[2025-11-16T23:16:45.159+0000] {processor.py:183} INFO - Processing /home/airflow/.local/lib/python3.8/site-packages/airflow/example_dags/example_branch_python_dop_operator_3.py took 0.472 seconds
[2025-11-16T23:17:15.829+0000] {processor.py:161} INFO - Started process (PID=1540) to work on /home/airflow/.local/lib/python3.8/site-packages/airflow/example_dags/example_branch_python_dop_operator_3.py
[2025-11-16T23:17:15.908+0000] {processor.py:830} INFO - Processing file /home/airflow/.local/lib/python3.8/site-packages/airflow/example_dags/example_branch_python_dop_operator_3.py for tasks to queue
[2025-11-16T23:17:15.910+0000] {logging_mixin.py:188} INFO - [2025-11-16T23:17:15.910+0000] {dagbag.py:538} INFO - Filling up the DagBag from /home/airflow/.local/lib/python3.8/site-packages/airflow/example_dags/example_branch_python_dop_operator_3.py
[2025-11-16T23:17:15.919+0000] {processor.py:840} INFO - DAG(s) 'example_branch_dop_operator_v3' retrieved from /home/airflow/.local/lib/python3.8/site-packages/airflow/example_dags/example_branch_python_dop_operator_3.py
[2025-11-16T23:17:15.943+0000] {logging_mixin.py:188} INFO - [2025-11-16T23:17:15.942+0000] {dag.py:3036} INFO - Sync 1 DAGs
[2025-11-16T23:17:16.049+0000] {logging_mixin.py:188} INFO - [2025-11-16T23:17:16.049+0000] {dag.py:3823} INFO - Setting next_dagrun for example_branch_dop_operator_v3 to 2025-11-16 23:16:00+00:00, run_after=2025-11-16 23:17:00+00:00
[2025-11-16T23:17:16.512+0000] {processor.py:183} INFO - Processing /home/airflow/.local/lib/python3.8/site-packages/airflow/example_dags/example_branch_python_dop_operator_3.py took 0.686 seconds
[2025-11-16T23:17:53.780+0000] {processor.py:161} INFO - Started process (PID=1616) to work on /home/airflow/.local/lib/python3.8/site-packages/airflow/example_dags/example_branch_python_dop_operator_3.py
[2025-11-16T23:17:53.781+0000] {processor.py:830} INFO - Processing file /home/airflow/.local/lib/python3.8/site-packages/airflow/example_dags/example_branch_python_dop_operator_3.py for tasks to queue
[2025-11-16T23:17:53.787+0000] {logging_mixin.py:188} INFO - [2025-11-16T23:17:53.786+0000] {dagbag.py:538} INFO - Filling up the DagBag from /home/airflow/.local/lib/python3.8/site-packages/airflow/example_dags/example_branch_python_dop_operator_3.py
[2025-11-16T23:17:53.808+0000] {processor.py:840} INFO - DAG(s) 'example_branch_dop_operator_v3' retrieved from /home/airflow/.local/lib/python3.8/site-packages/airflow/example_dags/example_branch_python_dop_operator_3.py
[2025-11-16T23:17:53.857+0000] {logging_mixin.py:188} INFO - [2025-11-16T23:17:53.857+0000] {dag.py:3036} INFO - Sync 1 DAGs
[2025-11-16T23:17:53.911+0000] {logging_mixin.py:188} INFO - [2025-11-16T23:17:53.911+0000] {dag.py:3823} INFO - Setting next_dagrun for example_branch_dop_operator_v3 to 2025-11-16 23:16:00+00:00, run_after=2025-11-16 23:17:00+00:00
[2025-11-16T23:17:53.948+0000] {processor.py:183} INFO - Processing /home/airflow/.local/lib/python3.8/site-packages/airflow/example_dags/example_branch_python_dop_operator_3.py took 0.172 seconds
[2025-11-16T23:18:24.576+0000] {processor.py:161} INFO - Started process (PID=1705) to work on /home/airflow/.local/lib/python3.8/site-packages/airflow/example_dags/example_branch_python_dop_operator_3.py
[2025-11-16T23:18:24.577+0000] {processor.py:830} INFO - Processing file /home/airflow/.local/lib/python3.8/site-packages/airflow/example_dags/example_branch_python_dop_operator_3.py for tasks to queue
[2025-11-16T23:18:24.578+0000] {logging_mixin.py:188} INFO - [2025-11-16T23:18:24.578+0000] {dagbag.py:538} INFO - Filling up the DagBag from /home/airflow/.local/lib/python3.8/site-packages/airflow/example_dags/example_branch_python_dop_operator_3.py
[2025-11-16T23:18:24.592+0000] {processor.py:840} INFO - DAG(s) 'example_branch_dop_operator_v3' retrieved from /home/airflow/.local/lib/python3.8/site-packages/airflow/example_dags/example_branch_python_dop_operator_3.py
[2025-11-16T23:18:24.628+0000] {logging_mixin.py:188} INFO - [2025-11-16T23:18:24.628+0000] {dag.py:3036} INFO - Sync 1 DAGs
[2025-11-16T23:18:24.663+0000] {logging_mixin.py:188} INFO - [2025-11-16T23:18:24.663+0000] {dag.py:3823} INFO - Setting next_dagrun for example_branch_dop_operator_v3 to 2025-11-16 23:17:00+00:00, run_after=2025-11-16 23:18:00+00:00
[2025-11-16T23:18:24.691+0000] {processor.py:183} INFO - Processing /home/airflow/.local/lib/python3.8/site-packages/airflow/example_dags/example_branch_python_dop_operator_3.py took 0.117 seconds
[2025-11-16T23:18:56.452+0000] {processor.py:161} INFO - Started process (PID=1777) to work on /home/airflow/.local/lib/python3.8/site-packages/airflow/example_dags/example_branch_python_dop_operator_3.py
[2025-11-16T23:18:56.453+0000] {processor.py:830} INFO - Processing file /home/airflow/.local/lib/python3.8/site-packages/airflow/example_dags/example_branch_python_dop_operator_3.py for tasks to queue
[2025-11-16T23:18:56.455+0000] {logging_mixin.py:188} INFO - [2025-11-16T23:18:56.454+0000] {dagbag.py:538} INFO - Filling up the DagBag from /home/airflow/.local/lib/python3.8/site-packages/airflow/example_dags/example_branch_python_dop_operator_3.py
[2025-11-16T23:18:56.478+0000] {processor.py:840} INFO - DAG(s) 'example_branch_dop_operator_v3' retrieved from /home/airflow/.local/lib/python3.8/site-packages/airflow/example_dags/example_branch_python_dop_operator_3.py
[2025-11-16T23:18:56.522+0000] {logging_mixin.py:188} INFO - [2025-11-16T23:18:56.522+0000] {dag.py:3036} INFO - Sync 1 DAGs
[2025-11-16T23:18:56.573+0000] {logging_mixin.py:188} INFO - [2025-11-16T23:18:56.573+0000] {dag.py:3823} INFO - Setting next_dagrun for example_branch_dop_operator_v3 to 2025-11-16 23:17:00+00:00, run_after=2025-11-16 23:18:00+00:00
[2025-11-16T23:18:56.618+0000] {processor.py:183} INFO - Processing /home/airflow/.local/lib/python3.8/site-packages/airflow/example_dags/example_branch_python_dop_operator_3.py took 0.174 seconds
[2025-11-16T23:19:27.797+0000] {processor.py:161} INFO - Started process (PID=1858) to work on /home/airflow/.local/lib/python3.8/site-packages/airflow/example_dags/example_branch_python_dop_operator_3.py
[2025-11-16T23:19:27.832+0000] {processor.py:830} INFO - Processing file /home/airflow/.local/lib/python3.8/site-packages/airflow/example_dags/example_branch_python_dop_operator_3.py for tasks to queue
[2025-11-16T23:19:27.834+0000] {logging_mixin.py:188} INFO - [2025-11-16T23:19:27.833+0000] {dagbag.py:538} INFO - Filling up the DagBag from /home/airflow/.local/lib/python3.8/site-packages/airflow/example_dags/example_branch_python_dop_operator_3.py
[2025-11-16T23:19:28.018+0000] {processor.py:840} INFO - DAG(s) 'example_branch_dop_operator_v3' retrieved from /home/airflow/.local/lib/python3.8/site-packages/airflow/example_dags/example_branch_python_dop_operator_3.py
[2025-11-16T23:19:28.266+0000] {logging_mixin.py:188} INFO - [2025-11-16T23:19:28.265+0000] {dag.py:3036} INFO - Sync 1 DAGs
[2025-11-16T23:19:28.636+0000] {logging_mixin.py:188} INFO - [2025-11-16T23:19:28.635+0000] {dag.py:3823} INFO - Setting next_dagrun for example_branch_dop_operator_v3 to 2025-11-16 23:18:00+00:00, run_after=2025-11-16 23:19:00+00:00
[2025-11-16T23:19:28.760+0000] {processor.py:183} INFO - Processing /home/airflow/.local/lib/python3.8/site-packages/airflow/example_dags/example_branch_python_dop_operator_3.py took 0.968 seconds
