[2025-11-16T20:20:33.124+0000] {processor.py:161} INFO - Started process (PID=167) to work on /home/airflow/.local/lib/python3.8/site-packages/airflow/example_dags/example_external_task_marker_dag.py
[2025-11-16T20:20:33.125+0000] {processor.py:830} INFO - Processing file /home/airflow/.local/lib/python3.8/site-packages/airflow/example_dags/example_external_task_marker_dag.py for tasks to queue
[2025-11-16T20:20:33.127+0000] {logging_mixin.py:188} INFO - [2025-11-16T20:20:33.126+0000] {dagbag.py:538} INFO - Filling up the DagBag from /home/airflow/.local/lib/python3.8/site-packages/airflow/example_dags/example_external_task_marker_dag.py
[2025-11-16T20:20:33.143+0000] {processor.py:840} INFO - DAG(s) 'example_external_task_marker_parent', 'example_external_task_marker_child' retrieved from /home/airflow/.local/lib/python3.8/site-packages/airflow/example_dags/example_external_task_marker_dag.py
[2025-11-16T20:20:33.729+0000] {logging_mixin.py:188} INFO - [2025-11-16T20:20:33.727+0000] {override.py:1769} INFO - Created Permission View: can edit on DAG:example_external_task_marker_parent
[2025-11-16T20:20:33.756+0000] {logging_mixin.py:188} INFO - [2025-11-16T20:20:33.755+0000] {override.py:1769} INFO - Created Permission View: can read on DAG:example_external_task_marker_parent
[2025-11-16T20:20:34.011+0000] {logging_mixin.py:188} INFO - [2025-11-16T20:20:34.010+0000] {override.py:1769} INFO - Created Permission View: can delete on DAG:example_external_task_marker_parent
[2025-11-16T20:20:34.393+0000] {logging_mixin.py:188} INFO - [2025-11-16T20:20:34.392+0000] {override.py:1769} INFO - Created Permission View: can edit on DAG:example_external_task_marker_child
[2025-11-16T20:20:34.403+0000] {logging_mixin.py:188} INFO - [2025-11-16T20:20:34.403+0000] {override.py:1769} INFO - Created Permission View: can read on DAG:example_external_task_marker_child
[2025-11-16T20:20:34.443+0000] {logging_mixin.py:188} INFO - [2025-11-16T20:20:34.443+0000] {override.py:1769} INFO - Created Permission View: can delete on DAG:example_external_task_marker_child
[2025-11-16T20:20:34.444+0000] {logging_mixin.py:188} INFO - [2025-11-16T20:20:34.444+0000] {dag.py:3036} INFO - Sync 2 DAGs
[2025-11-16T20:20:34.529+0000] {logging_mixin.py:188} INFO - [2025-11-16T20:20:34.529+0000] {dag.py:3058} INFO - Creating ORM DAG for example_external_task_marker_child
[2025-11-16T20:20:34.531+0000] {logging_mixin.py:188} INFO - [2025-11-16T20:20:34.531+0000] {dag.py:3058} INFO - Creating ORM DAG for example_external_task_marker_parent
[2025-11-16T20:20:34.534+0000] {logging_mixin.py:188} INFO - [2025-11-16T20:20:34.533+0000] {dag.py:3823} INFO - Setting next_dagrun for example_external_task_marker_child to None, run_after=None
[2025-11-16T20:20:34.536+0000] {logging_mixin.py:188} INFO - [2025-11-16T20:20:34.535+0000] {dag.py:3823} INFO - Setting next_dagrun for example_external_task_marker_parent to None, run_after=None
[2025-11-16T20:20:34.589+0000] {processor.py:183} INFO - Processing /home/airflow/.local/lib/python3.8/site-packages/airflow/example_dags/example_external_task_marker_dag.py took 1.470 seconds
[2025-11-16T20:21:05.487+0000] {processor.py:161} INFO - Started process (PID=241) to work on /home/airflow/.local/lib/python3.8/site-packages/airflow/example_dags/example_external_task_marker_dag.py
[2025-11-16T20:21:05.488+0000] {processor.py:830} INFO - Processing file /home/airflow/.local/lib/python3.8/site-packages/airflow/example_dags/example_external_task_marker_dag.py for tasks to queue
[2025-11-16T20:21:05.489+0000] {logging_mixin.py:188} INFO - [2025-11-16T20:21:05.488+0000] {dagbag.py:538} INFO - Filling up the DagBag from /home/airflow/.local/lib/python3.8/site-packages/airflow/example_dags/example_external_task_marker_dag.py
[2025-11-16T20:21:05.494+0000] {processor.py:840} INFO - DAG(s) 'example_external_task_marker_parent', 'example_external_task_marker_child' retrieved from /home/airflow/.local/lib/python3.8/site-packages/airflow/example_dags/example_external_task_marker_dag.py
[2025-11-16T20:21:05.523+0000] {logging_mixin.py:188} INFO - [2025-11-16T20:21:05.522+0000] {dag.py:3036} INFO - Sync 2 DAGs
[2025-11-16T20:21:05.537+0000] {logging_mixin.py:188} INFO - [2025-11-16T20:21:05.536+0000] {dag.py:3823} INFO - Setting next_dagrun for example_external_task_marker_child to None, run_after=None
[2025-11-16T20:21:05.542+0000] {logging_mixin.py:188} INFO - [2025-11-16T20:21:05.541+0000] {dag.py:3823} INFO - Setting next_dagrun for example_external_task_marker_parent to None, run_after=None
[2025-11-16T20:21:06.045+0000] {processor.py:183} INFO - Processing /home/airflow/.local/lib/python3.8/site-packages/airflow/example_dags/example_external_task_marker_dag.py took 0.561 seconds
[2025-11-16T20:21:36.390+0000] {processor.py:161} INFO - Started process (PID=321) to work on /home/airflow/.local/lib/python3.8/site-packages/airflow/example_dags/example_external_task_marker_dag.py
[2025-11-16T20:21:36.391+0000] {processor.py:830} INFO - Processing file /home/airflow/.local/lib/python3.8/site-packages/airflow/example_dags/example_external_task_marker_dag.py for tasks to queue
[2025-11-16T20:21:36.392+0000] {logging_mixin.py:188} INFO - [2025-11-16T20:21:36.391+0000] {dagbag.py:538} INFO - Filling up the DagBag from /home/airflow/.local/lib/python3.8/site-packages/airflow/example_dags/example_external_task_marker_dag.py
[2025-11-16T20:21:36.399+0000] {processor.py:840} INFO - DAG(s) 'example_external_task_marker_child', 'example_external_task_marker_parent' retrieved from /home/airflow/.local/lib/python3.8/site-packages/airflow/example_dags/example_external_task_marker_dag.py
[2025-11-16T20:21:36.428+0000] {logging_mixin.py:188} INFO - [2025-11-16T20:21:36.428+0000] {dag.py:3036} INFO - Sync 2 DAGs
[2025-11-16T20:21:36.441+0000] {logging_mixin.py:188} INFO - [2025-11-16T20:21:36.441+0000] {dag.py:3823} INFO - Setting next_dagrun for example_external_task_marker_child to None, run_after=None
[2025-11-16T20:21:36.446+0000] {logging_mixin.py:188} INFO - [2025-11-16T20:21:36.445+0000] {dag.py:3823} INFO - Setting next_dagrun for example_external_task_marker_parent to None, run_after=None
[2025-11-16T20:21:36.466+0000] {processor.py:183} INFO - Processing /home/airflow/.local/lib/python3.8/site-packages/airflow/example_dags/example_external_task_marker_dag.py took 0.080 seconds
[2025-11-16T20:22:06.728+0000] {processor.py:161} INFO - Started process (PID=402) to work on /home/airflow/.local/lib/python3.8/site-packages/airflow/example_dags/example_external_task_marker_dag.py
[2025-11-16T20:22:06.729+0000] {processor.py:830} INFO - Processing file /home/airflow/.local/lib/python3.8/site-packages/airflow/example_dags/example_external_task_marker_dag.py for tasks to queue
[2025-11-16T20:22:06.733+0000] {logging_mixin.py:188} INFO - [2025-11-16T20:22:06.731+0000] {dagbag.py:538} INFO - Filling up the DagBag from /home/airflow/.local/lib/python3.8/site-packages/airflow/example_dags/example_external_task_marker_dag.py
[2025-11-16T20:22:06.740+0000] {processor.py:840} INFO - DAG(s) 'example_external_task_marker_child', 'example_external_task_marker_parent' retrieved from /home/airflow/.local/lib/python3.8/site-packages/airflow/example_dags/example_external_task_marker_dag.py
[2025-11-16T20:22:06.783+0000] {logging_mixin.py:188} INFO - [2025-11-16T20:22:06.782+0000] {dag.py:3036} INFO - Sync 2 DAGs
[2025-11-16T20:22:06.805+0000] {logging_mixin.py:188} INFO - [2025-11-16T20:22:06.804+0000] {dag.py:3823} INFO - Setting next_dagrun for example_external_task_marker_child to None, run_after=None
[2025-11-16T20:22:06.812+0000] {logging_mixin.py:188} INFO - [2025-11-16T20:22:06.812+0000] {dag.py:3823} INFO - Setting next_dagrun for example_external_task_marker_parent to None, run_after=None
[2025-11-16T20:22:06.837+0000] {processor.py:183} INFO - Processing /home/airflow/.local/lib/python3.8/site-packages/airflow/example_dags/example_external_task_marker_dag.py took 0.112 seconds
[2025-11-16T20:22:37.470+0000] {processor.py:161} INFO - Started process (PID=483) to work on /home/airflow/.local/lib/python3.8/site-packages/airflow/example_dags/example_external_task_marker_dag.py
[2025-11-16T20:22:37.471+0000] {processor.py:830} INFO - Processing file /home/airflow/.local/lib/python3.8/site-packages/airflow/example_dags/example_external_task_marker_dag.py for tasks to queue
[2025-11-16T20:22:37.472+0000] {logging_mixin.py:188} INFO - [2025-11-16T20:22:37.472+0000] {dagbag.py:538} INFO - Filling up the DagBag from /home/airflow/.local/lib/python3.8/site-packages/airflow/example_dags/example_external_task_marker_dag.py
[2025-11-16T20:22:37.478+0000] {processor.py:840} INFO - DAG(s) 'example_external_task_marker_child', 'example_external_task_marker_parent' retrieved from /home/airflow/.local/lib/python3.8/site-packages/airflow/example_dags/example_external_task_marker_dag.py
[2025-11-16T20:22:37.518+0000] {logging_mixin.py:188} INFO - [2025-11-16T20:22:37.518+0000] {dag.py:3036} INFO - Sync 2 DAGs
[2025-11-16T20:22:37.533+0000] {logging_mixin.py:188} INFO - [2025-11-16T20:22:37.532+0000] {dag.py:3823} INFO - Setting next_dagrun for example_external_task_marker_child to None, run_after=None
[2025-11-16T20:22:37.537+0000] {logging_mixin.py:188} INFO - [2025-11-16T20:22:37.536+0000] {dag.py:3823} INFO - Setting next_dagrun for example_external_task_marker_parent to None, run_after=None
[2025-11-16T20:22:37.574+0000] {processor.py:183} INFO - Processing /home/airflow/.local/lib/python3.8/site-packages/airflow/example_dags/example_external_task_marker_dag.py took 0.108 seconds
[2025-11-16T20:23:07.857+0000] {processor.py:161} INFO - Started process (PID=564) to work on /home/airflow/.local/lib/python3.8/site-packages/airflow/example_dags/example_external_task_marker_dag.py
[2025-11-16T20:23:08.040+0000] {processor.py:830} INFO - Processing file /home/airflow/.local/lib/python3.8/site-packages/airflow/example_dags/example_external_task_marker_dag.py for tasks to queue
[2025-11-16T20:23:08.041+0000] {logging_mixin.py:188} INFO - [2025-11-16T20:23:08.041+0000] {dagbag.py:538} INFO - Filling up the DagBag from /home/airflow/.local/lib/python3.8/site-packages/airflow/example_dags/example_external_task_marker_dag.py
[2025-11-16T20:23:08.047+0000] {processor.py:840} INFO - DAG(s) 'example_external_task_marker_parent', 'example_external_task_marker_child' retrieved from /home/airflow/.local/lib/python3.8/site-packages/airflow/example_dags/example_external_task_marker_dag.py
[2025-11-16T20:23:08.073+0000] {logging_mixin.py:188} INFO - [2025-11-16T20:23:08.073+0000] {dag.py:3036} INFO - Sync 2 DAGs
[2025-11-16T20:23:08.087+0000] {logging_mixin.py:188} INFO - [2025-11-16T20:23:08.087+0000] {dag.py:3823} INFO - Setting next_dagrun for example_external_task_marker_child to None, run_after=None
[2025-11-16T20:23:08.092+0000] {logging_mixin.py:188} INFO - [2025-11-16T20:23:08.091+0000] {dag.py:3823} INFO - Setting next_dagrun for example_external_task_marker_parent to None, run_after=None
[2025-11-16T20:23:08.295+0000] {processor.py:183} INFO - Processing /home/airflow/.local/lib/python3.8/site-packages/airflow/example_dags/example_external_task_marker_dag.py took 0.440 seconds
[2025-11-16T20:23:38.798+0000] {processor.py:161} INFO - Started process (PID=660) to work on /home/airflow/.local/lib/python3.8/site-packages/airflow/example_dags/example_external_task_marker_dag.py
[2025-11-16T20:23:38.799+0000] {processor.py:830} INFO - Processing file /home/airflow/.local/lib/python3.8/site-packages/airflow/example_dags/example_external_task_marker_dag.py for tasks to queue
[2025-11-16T20:23:38.800+0000] {logging_mixin.py:188} INFO - [2025-11-16T20:23:38.800+0000] {dagbag.py:538} INFO - Filling up the DagBag from /home/airflow/.local/lib/python3.8/site-packages/airflow/example_dags/example_external_task_marker_dag.py
[2025-11-16T20:23:38.807+0000] {processor.py:840} INFO - DAG(s) 'example_external_task_marker_parent', 'example_external_task_marker_child' retrieved from /home/airflow/.local/lib/python3.8/site-packages/airflow/example_dags/example_external_task_marker_dag.py
[2025-11-16T20:23:38.843+0000] {logging_mixin.py:188} INFO - [2025-11-16T20:23:38.842+0000] {dag.py:3036} INFO - Sync 2 DAGs
[2025-11-16T20:23:38.857+0000] {logging_mixin.py:188} INFO - [2025-11-16T20:23:38.857+0000] {dag.py:3823} INFO - Setting next_dagrun for example_external_task_marker_child to None, run_after=None
[2025-11-16T20:23:38.863+0000] {logging_mixin.py:188} INFO - [2025-11-16T20:23:38.863+0000] {dag.py:3823} INFO - Setting next_dagrun for example_external_task_marker_parent to None, run_after=None
[2025-11-16T20:23:38.882+0000] {processor.py:183} INFO - Processing /home/airflow/.local/lib/python3.8/site-packages/airflow/example_dags/example_external_task_marker_dag.py took 0.088 seconds
[2025-11-16T20:24:09.034+0000] {processor.py:161} INFO - Started process (PID=741) to work on /home/airflow/.local/lib/python3.8/site-packages/airflow/example_dags/example_external_task_marker_dag.py
[2025-11-16T20:24:09.035+0000] {processor.py:830} INFO - Processing file /home/airflow/.local/lib/python3.8/site-packages/airflow/example_dags/example_external_task_marker_dag.py for tasks to queue
[2025-11-16T20:24:09.037+0000] {logging_mixin.py:188} INFO - [2025-11-16T20:24:09.036+0000] {dagbag.py:538} INFO - Filling up the DagBag from /home/airflow/.local/lib/python3.8/site-packages/airflow/example_dags/example_external_task_marker_dag.py
[2025-11-16T20:24:09.047+0000] {processor.py:840} INFO - DAG(s) 'example_external_task_marker_parent', 'example_external_task_marker_child' retrieved from /home/airflow/.local/lib/python3.8/site-packages/airflow/example_dags/example_external_task_marker_dag.py
[2025-11-16T20:24:09.087+0000] {logging_mixin.py:188} INFO - [2025-11-16T20:24:09.087+0000] {dag.py:3036} INFO - Sync 2 DAGs
[2025-11-16T20:24:09.105+0000] {logging_mixin.py:188} INFO - [2025-11-16T20:24:09.105+0000] {dag.py:3823} INFO - Setting next_dagrun for example_external_task_marker_child to None, run_after=None
[2025-11-16T20:24:09.111+0000] {logging_mixin.py:188} INFO - [2025-11-16T20:24:09.111+0000] {dag.py:3823} INFO - Setting next_dagrun for example_external_task_marker_parent to None, run_after=None
[2025-11-16T20:24:09.139+0000] {processor.py:183} INFO - Processing /home/airflow/.local/lib/python3.8/site-packages/airflow/example_dags/example_external_task_marker_dag.py took 0.110 seconds
[2025-11-16T20:24:39.203+0000] {processor.py:161} INFO - Started process (PID=821) to work on /home/airflow/.local/lib/python3.8/site-packages/airflow/example_dags/example_external_task_marker_dag.py
[2025-11-16T20:24:39.204+0000] {processor.py:830} INFO - Processing file /home/airflow/.local/lib/python3.8/site-packages/airflow/example_dags/example_external_task_marker_dag.py for tasks to queue
[2025-11-16T20:24:39.205+0000] {logging_mixin.py:188} INFO - [2025-11-16T20:24:39.205+0000] {dagbag.py:538} INFO - Filling up the DagBag from /home/airflow/.local/lib/python3.8/site-packages/airflow/example_dags/example_external_task_marker_dag.py
[2025-11-16T20:24:39.211+0000] {processor.py:840} INFO - DAG(s) 'example_external_task_marker_parent', 'example_external_task_marker_child' retrieved from /home/airflow/.local/lib/python3.8/site-packages/airflow/example_dags/example_external_task_marker_dag.py
[2025-11-16T20:24:39.238+0000] {logging_mixin.py:188} INFO - [2025-11-16T20:24:39.238+0000] {dag.py:3036} INFO - Sync 2 DAGs
[2025-11-16T20:24:39.251+0000] {logging_mixin.py:188} INFO - [2025-11-16T20:24:39.251+0000] {dag.py:3823} INFO - Setting next_dagrun for example_external_task_marker_child to None, run_after=None
[2025-11-16T20:24:39.256+0000] {logging_mixin.py:188} INFO - [2025-11-16T20:24:39.255+0000] {dag.py:3823} INFO - Setting next_dagrun for example_external_task_marker_parent to None, run_after=None
[2025-11-16T20:24:39.276+0000] {processor.py:183} INFO - Processing /home/airflow/.local/lib/python3.8/site-packages/airflow/example_dags/example_external_task_marker_dag.py took 0.076 seconds
[2025-11-16T20:25:09.425+0000] {processor.py:161} INFO - Started process (PID=916) to work on /home/airflow/.local/lib/python3.8/site-packages/airflow/example_dags/example_external_task_marker_dag.py
[2025-11-16T20:25:09.426+0000] {processor.py:830} INFO - Processing file /home/airflow/.local/lib/python3.8/site-packages/airflow/example_dags/example_external_task_marker_dag.py for tasks to queue
[2025-11-16T20:25:09.427+0000] {logging_mixin.py:188} INFO - [2025-11-16T20:25:09.427+0000] {dagbag.py:538} INFO - Filling up the DagBag from /home/airflow/.local/lib/python3.8/site-packages/airflow/example_dags/example_external_task_marker_dag.py
[2025-11-16T20:25:09.433+0000] {processor.py:840} INFO - DAG(s) 'example_external_task_marker_child', 'example_external_task_marker_parent' retrieved from /home/airflow/.local/lib/python3.8/site-packages/airflow/example_dags/example_external_task_marker_dag.py
[2025-11-16T20:25:09.460+0000] {logging_mixin.py:188} INFO - [2025-11-16T20:25:09.459+0000] {dag.py:3036} INFO - Sync 2 DAGs
[2025-11-16T20:25:09.471+0000] {logging_mixin.py:188} INFO - [2025-11-16T20:25:09.471+0000] {dag.py:3823} INFO - Setting next_dagrun for example_external_task_marker_child to None, run_after=None
[2025-11-16T20:25:09.475+0000] {logging_mixin.py:188} INFO - [2025-11-16T20:25:09.475+0000] {dag.py:3823} INFO - Setting next_dagrun for example_external_task_marker_parent to None, run_after=None
[2025-11-16T20:25:09.496+0000] {processor.py:183} INFO - Processing /home/airflow/.local/lib/python3.8/site-packages/airflow/example_dags/example_external_task_marker_dag.py took 0.074 seconds
[2025-11-16T20:25:39.688+0000] {processor.py:161} INFO - Started process (PID=997) to work on /home/airflow/.local/lib/python3.8/site-packages/airflow/example_dags/example_external_task_marker_dag.py
[2025-11-16T20:25:39.689+0000] {processor.py:830} INFO - Processing file /home/airflow/.local/lib/python3.8/site-packages/airflow/example_dags/example_external_task_marker_dag.py for tasks to queue
[2025-11-16T20:25:39.691+0000] {logging_mixin.py:188} INFO - [2025-11-16T20:25:39.690+0000] {dagbag.py:538} INFO - Filling up the DagBag from /home/airflow/.local/lib/python3.8/site-packages/airflow/example_dags/example_external_task_marker_dag.py
[2025-11-16T20:25:39.697+0000] {processor.py:840} INFO - DAG(s) 'example_external_task_marker_child', 'example_external_task_marker_parent' retrieved from /home/airflow/.local/lib/python3.8/site-packages/airflow/example_dags/example_external_task_marker_dag.py
[2025-11-16T20:25:39.731+0000] {logging_mixin.py:188} INFO - [2025-11-16T20:25:39.731+0000] {dag.py:3036} INFO - Sync 2 DAGs
[2025-11-16T20:25:39.748+0000] {logging_mixin.py:188} INFO - [2025-11-16T20:25:39.747+0000] {dag.py:3823} INFO - Setting next_dagrun for example_external_task_marker_child to None, run_after=None
[2025-11-16T20:25:39.756+0000] {logging_mixin.py:188} INFO - [2025-11-16T20:25:39.755+0000] {dag.py:3823} INFO - Setting next_dagrun for example_external_task_marker_parent to None, run_after=None
[2025-11-16T20:25:39.793+0000] {processor.py:183} INFO - Processing /home/airflow/.local/lib/python3.8/site-packages/airflow/example_dags/example_external_task_marker_dag.py took 0.109 seconds
[2025-11-16T20:26:10.344+0000] {processor.py:161} INFO - Started process (PID=1093) to work on /home/airflow/.local/lib/python3.8/site-packages/airflow/example_dags/example_external_task_marker_dag.py
[2025-11-16T20:26:10.345+0000] {processor.py:830} INFO - Processing file /home/airflow/.local/lib/python3.8/site-packages/airflow/example_dags/example_external_task_marker_dag.py for tasks to queue
[2025-11-16T20:26:10.346+0000] {logging_mixin.py:188} INFO - [2025-11-16T20:26:10.346+0000] {dagbag.py:538} INFO - Filling up the DagBag from /home/airflow/.local/lib/python3.8/site-packages/airflow/example_dags/example_external_task_marker_dag.py
[2025-11-16T20:26:10.355+0000] {processor.py:840} INFO - DAG(s) 'example_external_task_marker_child', 'example_external_task_marker_parent' retrieved from /home/airflow/.local/lib/python3.8/site-packages/airflow/example_dags/example_external_task_marker_dag.py
[2025-11-16T20:26:10.391+0000] {logging_mixin.py:188} INFO - [2025-11-16T20:26:10.390+0000] {dag.py:3036} INFO - Sync 2 DAGs
[2025-11-16T20:26:10.405+0000] {logging_mixin.py:188} INFO - [2025-11-16T20:26:10.405+0000] {dag.py:3823} INFO - Setting next_dagrun for example_external_task_marker_child to None, run_after=None
[2025-11-16T20:26:10.412+0000] {logging_mixin.py:188} INFO - [2025-11-16T20:26:10.412+0000] {dag.py:3823} INFO - Setting next_dagrun for example_external_task_marker_parent to None, run_after=None
[2025-11-16T20:26:10.438+0000] {processor.py:183} INFO - Processing /home/airflow/.local/lib/python3.8/site-packages/airflow/example_dags/example_external_task_marker_dag.py took 0.098 seconds
[2025-11-16T20:26:40.738+0000] {processor.py:161} INFO - Started process (PID=1174) to work on /home/airflow/.local/lib/python3.8/site-packages/airflow/example_dags/example_external_task_marker_dag.py
[2025-11-16T20:26:40.739+0000] {processor.py:830} INFO - Processing file /home/airflow/.local/lib/python3.8/site-packages/airflow/example_dags/example_external_task_marker_dag.py for tasks to queue
[2025-11-16T20:26:40.743+0000] {logging_mixin.py:188} INFO - [2025-11-16T20:26:40.743+0000] {dagbag.py:538} INFO - Filling up the DagBag from /home/airflow/.local/lib/python3.8/site-packages/airflow/example_dags/example_external_task_marker_dag.py
[2025-11-16T20:26:40.749+0000] {processor.py:840} INFO - DAG(s) 'example_external_task_marker_parent', 'example_external_task_marker_child' retrieved from /home/airflow/.local/lib/python3.8/site-packages/airflow/example_dags/example_external_task_marker_dag.py
[2025-11-16T20:26:40.788+0000] {logging_mixin.py:188} INFO - [2025-11-16T20:26:40.788+0000] {dag.py:3036} INFO - Sync 2 DAGs
[2025-11-16T20:26:40.802+0000] {logging_mixin.py:188} INFO - [2025-11-16T20:26:40.802+0000] {dag.py:3823} INFO - Setting next_dagrun for example_external_task_marker_child to None, run_after=None
[2025-11-16T20:26:40.809+0000] {logging_mixin.py:188} INFO - [2025-11-16T20:26:40.807+0000] {dag.py:3823} INFO - Setting next_dagrun for example_external_task_marker_parent to None, run_after=None
[2025-11-16T20:26:40.836+0000] {processor.py:183} INFO - Processing /home/airflow/.local/lib/python3.8/site-packages/airflow/example_dags/example_external_task_marker_dag.py took 0.101 seconds
[2025-11-16T20:27:11.121+0000] {processor.py:161} INFO - Started process (PID=1268) to work on /home/airflow/.local/lib/python3.8/site-packages/airflow/example_dags/example_external_task_marker_dag.py
[2025-11-16T20:27:11.122+0000] {processor.py:830} INFO - Processing file /home/airflow/.local/lib/python3.8/site-packages/airflow/example_dags/example_external_task_marker_dag.py for tasks to queue
[2025-11-16T20:27:11.123+0000] {logging_mixin.py:188} INFO - [2025-11-16T20:27:11.123+0000] {dagbag.py:538} INFO - Filling up the DagBag from /home/airflow/.local/lib/python3.8/site-packages/airflow/example_dags/example_external_task_marker_dag.py
[2025-11-16T20:27:11.132+0000] {processor.py:840} INFO - DAG(s) 'example_external_task_marker_child', 'example_external_task_marker_parent' retrieved from /home/airflow/.local/lib/python3.8/site-packages/airflow/example_dags/example_external_task_marker_dag.py
[2025-11-16T20:27:11.169+0000] {logging_mixin.py:188} INFO - [2025-11-16T20:27:11.169+0000] {dag.py:3036} INFO - Sync 2 DAGs
[2025-11-16T20:27:11.188+0000] {logging_mixin.py:188} INFO - [2025-11-16T20:27:11.188+0000] {dag.py:3823} INFO - Setting next_dagrun for example_external_task_marker_child to None, run_after=None
[2025-11-16T20:27:11.192+0000] {logging_mixin.py:188} INFO - [2025-11-16T20:27:11.192+0000] {dag.py:3823} INFO - Setting next_dagrun for example_external_task_marker_parent to None, run_after=None
[2025-11-16T20:27:11.222+0000] {processor.py:183} INFO - Processing /home/airflow/.local/lib/python3.8/site-packages/airflow/example_dags/example_external_task_marker_dag.py took 0.106 seconds
[2025-11-16T20:27:41.414+0000] {processor.py:161} INFO - Started process (PID=1350) to work on /home/airflow/.local/lib/python3.8/site-packages/airflow/example_dags/example_external_task_marker_dag.py
[2025-11-16T20:27:41.415+0000] {processor.py:830} INFO - Processing file /home/airflow/.local/lib/python3.8/site-packages/airflow/example_dags/example_external_task_marker_dag.py for tasks to queue
[2025-11-16T20:27:41.416+0000] {logging_mixin.py:188} INFO - [2025-11-16T20:27:41.416+0000] {dagbag.py:538} INFO - Filling up the DagBag from /home/airflow/.local/lib/python3.8/site-packages/airflow/example_dags/example_external_task_marker_dag.py
[2025-11-16T20:27:41.425+0000] {processor.py:840} INFO - DAG(s) 'example_external_task_marker_parent', 'example_external_task_marker_child' retrieved from /home/airflow/.local/lib/python3.8/site-packages/airflow/example_dags/example_external_task_marker_dag.py
[2025-11-16T20:27:41.459+0000] {logging_mixin.py:188} INFO - [2025-11-16T20:27:41.458+0000] {dag.py:3036} INFO - Sync 2 DAGs
[2025-11-16T20:27:41.472+0000] {logging_mixin.py:188} INFO - [2025-11-16T20:27:41.472+0000] {dag.py:3823} INFO - Setting next_dagrun for example_external_task_marker_child to None, run_after=None
[2025-11-16T20:27:41.479+0000] {logging_mixin.py:188} INFO - [2025-11-16T20:27:41.479+0000] {dag.py:3823} INFO - Setting next_dagrun for example_external_task_marker_parent to None, run_after=None
[2025-11-16T20:27:41.505+0000] {processor.py:183} INFO - Processing /home/airflow/.local/lib/python3.8/site-packages/airflow/example_dags/example_external_task_marker_dag.py took 0.094 seconds
[2025-11-16T20:28:11.959+0000] {processor.py:161} INFO - Started process (PID=1431) to work on /home/airflow/.local/lib/python3.8/site-packages/airflow/example_dags/example_external_task_marker_dag.py
[2025-11-16T20:28:11.960+0000] {processor.py:830} INFO - Processing file /home/airflow/.local/lib/python3.8/site-packages/airflow/example_dags/example_external_task_marker_dag.py for tasks to queue
[2025-11-16T20:28:11.961+0000] {logging_mixin.py:188} INFO - [2025-11-16T20:28:11.961+0000] {dagbag.py:538} INFO - Filling up the DagBag from /home/airflow/.local/lib/python3.8/site-packages/airflow/example_dags/example_external_task_marker_dag.py
[2025-11-16T20:28:11.967+0000] {processor.py:840} INFO - DAG(s) 'example_external_task_marker_child', 'example_external_task_marker_parent' retrieved from /home/airflow/.local/lib/python3.8/site-packages/airflow/example_dags/example_external_task_marker_dag.py
[2025-11-16T20:28:11.994+0000] {logging_mixin.py:188} INFO - [2025-11-16T20:28:11.993+0000] {dag.py:3036} INFO - Sync 2 DAGs
[2025-11-16T20:28:12.010+0000] {logging_mixin.py:188} INFO - [2025-11-16T20:28:12.009+0000] {dag.py:3823} INFO - Setting next_dagrun for example_external_task_marker_child to None, run_after=None
[2025-11-16T20:28:12.014+0000] {logging_mixin.py:188} INFO - [2025-11-16T20:28:12.014+0000] {dag.py:3823} INFO - Setting next_dagrun for example_external_task_marker_parent to None, run_after=None
[2025-11-16T20:28:12.036+0000] {processor.py:183} INFO - Processing /home/airflow/.local/lib/python3.8/site-packages/airflow/example_dags/example_external_task_marker_dag.py took 0.080 seconds
[2025-11-16T20:28:42.202+0000] {processor.py:161} INFO - Started process (PID=1527) to work on /home/airflow/.local/lib/python3.8/site-packages/airflow/example_dags/example_external_task_marker_dag.py
[2025-11-16T20:28:42.203+0000] {processor.py:830} INFO - Processing file /home/airflow/.local/lib/python3.8/site-packages/airflow/example_dags/example_external_task_marker_dag.py for tasks to queue
[2025-11-16T20:28:42.203+0000] {logging_mixin.py:188} INFO - [2025-11-16T20:28:42.203+0000] {dagbag.py:538} INFO - Filling up the DagBag from /home/airflow/.local/lib/python3.8/site-packages/airflow/example_dags/example_external_task_marker_dag.py
[2025-11-16T20:28:42.209+0000] {processor.py:840} INFO - DAG(s) 'example_external_task_marker_child', 'example_external_task_marker_parent' retrieved from /home/airflow/.local/lib/python3.8/site-packages/airflow/example_dags/example_external_task_marker_dag.py
[2025-11-16T20:28:42.235+0000] {logging_mixin.py:188} INFO - [2025-11-16T20:28:42.234+0000] {dag.py:3036} INFO - Sync 2 DAGs
[2025-11-16T20:28:42.246+0000] {logging_mixin.py:188} INFO - [2025-11-16T20:28:42.245+0000] {dag.py:3823} INFO - Setting next_dagrun for example_external_task_marker_child to None, run_after=None
[2025-11-16T20:28:42.250+0000] {logging_mixin.py:188} INFO - [2025-11-16T20:28:42.249+0000] {dag.py:3823} INFO - Setting next_dagrun for example_external_task_marker_parent to None, run_after=None
[2025-11-16T20:28:42.271+0000] {processor.py:183} INFO - Processing /home/airflow/.local/lib/python3.8/site-packages/airflow/example_dags/example_external_task_marker_dag.py took 0.072 seconds
[2025-11-16T20:29:13.005+0000] {processor.py:161} INFO - Started process (PID=1608) to work on /home/airflow/.local/lib/python3.8/site-packages/airflow/example_dags/example_external_task_marker_dag.py
[2025-11-16T20:29:13.007+0000] {processor.py:830} INFO - Processing file /home/airflow/.local/lib/python3.8/site-packages/airflow/example_dags/example_external_task_marker_dag.py for tasks to queue
[2025-11-16T20:29:13.008+0000] {logging_mixin.py:188} INFO - [2025-11-16T20:29:13.008+0000] {dagbag.py:538} INFO - Filling up the DagBag from /home/airflow/.local/lib/python3.8/site-packages/airflow/example_dags/example_external_task_marker_dag.py
[2025-11-16T20:29:13.019+0000] {processor.py:840} INFO - DAG(s) 'example_external_task_marker_parent', 'example_external_task_marker_child' retrieved from /home/airflow/.local/lib/python3.8/site-packages/airflow/example_dags/example_external_task_marker_dag.py
[2025-11-16T20:29:13.072+0000] {logging_mixin.py:188} INFO - [2025-11-16T20:29:13.072+0000] {dag.py:3036} INFO - Sync 2 DAGs
[2025-11-16T20:29:13.107+0000] {logging_mixin.py:188} INFO - [2025-11-16T20:29:13.106+0000] {dag.py:3823} INFO - Setting next_dagrun for example_external_task_marker_child to None, run_after=None
[2025-11-16T20:29:13.116+0000] {logging_mixin.py:188} INFO - [2025-11-16T20:29:13.113+0000] {dag.py:3823} INFO - Setting next_dagrun for example_external_task_marker_parent to None, run_after=None
[2025-11-16T20:29:13.143+0000] {processor.py:183} INFO - Processing /home/airflow/.local/lib/python3.8/site-packages/airflow/example_dags/example_external_task_marker_dag.py took 0.146 seconds
[2025-11-16T20:29:46.577+0000] {processor.py:161} INFO - Started process (PID=1696) to work on /home/airflow/.local/lib/python3.8/site-packages/airflow/example_dags/example_external_task_marker_dag.py
[2025-11-16T20:29:46.579+0000] {processor.py:830} INFO - Processing file /home/airflow/.local/lib/python3.8/site-packages/airflow/example_dags/example_external_task_marker_dag.py for tasks to queue
[2025-11-16T20:29:46.580+0000] {logging_mixin.py:188} INFO - [2025-11-16T20:29:46.580+0000] {dagbag.py:538} INFO - Filling up the DagBag from /home/airflow/.local/lib/python3.8/site-packages/airflow/example_dags/example_external_task_marker_dag.py
[2025-11-16T20:29:46.596+0000] {processor.py:840} INFO - DAG(s) 'example_external_task_marker_parent', 'example_external_task_marker_child' retrieved from /home/airflow/.local/lib/python3.8/site-packages/airflow/example_dags/example_external_task_marker_dag.py
[2025-11-16T20:29:46.669+0000] {logging_mixin.py:188} INFO - [2025-11-16T20:29:46.668+0000] {dag.py:3036} INFO - Sync 2 DAGs
[2025-11-16T20:29:46.697+0000] {logging_mixin.py:188} INFO - [2025-11-16T20:29:46.695+0000] {dag.py:3823} INFO - Setting next_dagrun for example_external_task_marker_child to None, run_after=None
[2025-11-16T20:29:46.704+0000] {logging_mixin.py:188} INFO - [2025-11-16T20:29:46.704+0000] {dag.py:3823} INFO - Setting next_dagrun for example_external_task_marker_parent to None, run_after=None
[2025-11-16T20:29:46.745+0000] {processor.py:183} INFO - Processing /home/airflow/.local/lib/python3.8/site-packages/airflow/example_dags/example_external_task_marker_dag.py took 0.189 seconds
[2025-11-16T20:30:16.856+0000] {processor.py:161} INFO - Started process (PID=1768) to work on /home/airflow/.local/lib/python3.8/site-packages/airflow/example_dags/example_external_task_marker_dag.py
[2025-11-16T20:30:16.857+0000] {processor.py:830} INFO - Processing file /home/airflow/.local/lib/python3.8/site-packages/airflow/example_dags/example_external_task_marker_dag.py for tasks to queue
[2025-11-16T20:30:16.858+0000] {logging_mixin.py:188} INFO - [2025-11-16T20:30:16.858+0000] {dagbag.py:538} INFO - Filling up the DagBag from /home/airflow/.local/lib/python3.8/site-packages/airflow/example_dags/example_external_task_marker_dag.py
[2025-11-16T20:30:16.868+0000] {processor.py:840} INFO - DAG(s) 'example_external_task_marker_child', 'example_external_task_marker_parent' retrieved from /home/airflow/.local/lib/python3.8/site-packages/airflow/example_dags/example_external_task_marker_dag.py
[2025-11-16T20:30:16.911+0000] {logging_mixin.py:188} INFO - [2025-11-16T20:30:16.911+0000] {dag.py:3036} INFO - Sync 2 DAGs
[2025-11-16T20:30:16.932+0000] {logging_mixin.py:188} INFO - [2025-11-16T20:30:16.932+0000] {dag.py:3823} INFO - Setting next_dagrun for example_external_task_marker_child to None, run_after=None
[2025-11-16T20:30:16.937+0000] {logging_mixin.py:188} INFO - [2025-11-16T20:30:16.936+0000] {dag.py:3823} INFO - Setting next_dagrun for example_external_task_marker_parent to None, run_after=None
[2025-11-16T20:30:16.976+0000] {processor.py:183} INFO - Processing /home/airflow/.local/lib/python3.8/site-packages/airflow/example_dags/example_external_task_marker_dag.py took 0.124 seconds
[2025-11-16T20:30:55.982+0000] {processor.py:161} INFO - Started process (PID=1857) to work on /home/airflow/.local/lib/python3.8/site-packages/airflow/example_dags/example_external_task_marker_dag.py
[2025-11-16T20:30:55.983+0000] {processor.py:830} INFO - Processing file /home/airflow/.local/lib/python3.8/site-packages/airflow/example_dags/example_external_task_marker_dag.py for tasks to queue
[2025-11-16T20:30:55.985+0000] {logging_mixin.py:188} INFO - [2025-11-16T20:30:55.984+0000] {dagbag.py:538} INFO - Filling up the DagBag from /home/airflow/.local/lib/python3.8/site-packages/airflow/example_dags/example_external_task_marker_dag.py
[2025-11-16T20:30:56.117+0000] {processor.py:840} INFO - DAG(s) 'example_external_task_marker_child', 'example_external_task_marker_parent' retrieved from /home/airflow/.local/lib/python3.8/site-packages/airflow/example_dags/example_external_task_marker_dag.py
[2025-11-16T20:30:56.153+0000] {logging_mixin.py:188} INFO - [2025-11-16T20:30:56.152+0000] {dag.py:3036} INFO - Sync 2 DAGs
[2025-11-16T20:30:56.229+0000] {logging_mixin.py:188} INFO - [2025-11-16T20:30:56.229+0000] {dag.py:3823} INFO - Setting next_dagrun for example_external_task_marker_child to None, run_after=None
[2025-11-16T20:30:56.233+0000] {logging_mixin.py:188} INFO - [2025-11-16T20:30:56.233+0000] {dag.py:3823} INFO - Setting next_dagrun for example_external_task_marker_parent to None, run_after=None
[2025-11-16T20:30:56.404+0000] {processor.py:183} INFO - Processing /home/airflow/.local/lib/python3.8/site-packages/airflow/example_dags/example_external_task_marker_dag.py took 0.427 seconds
[2025-11-16T20:31:26.965+0000] {processor.py:161} INFO - Started process (PID=1945) to work on /home/airflow/.local/lib/python3.8/site-packages/airflow/example_dags/example_external_task_marker_dag.py
[2025-11-16T20:31:26.975+0000] {processor.py:830} INFO - Processing file /home/airflow/.local/lib/python3.8/site-packages/airflow/example_dags/example_external_task_marker_dag.py for tasks to queue
[2025-11-16T20:31:26.977+0000] {logging_mixin.py:188} INFO - [2025-11-16T20:31:26.976+0000] {dagbag.py:538} INFO - Filling up the DagBag from /home/airflow/.local/lib/python3.8/site-packages/airflow/example_dags/example_external_task_marker_dag.py
[2025-11-16T20:31:27.009+0000] {processor.py:840} INFO - DAG(s) 'example_external_task_marker_parent', 'example_external_task_marker_child' retrieved from /home/airflow/.local/lib/python3.8/site-packages/airflow/example_dags/example_external_task_marker_dag.py
[2025-11-16T20:31:27.066+0000] {logging_mixin.py:188} INFO - [2025-11-16T20:31:27.065+0000] {dag.py:3036} INFO - Sync 2 DAGs
[2025-11-16T20:31:27.095+0000] {logging_mixin.py:188} INFO - [2025-11-16T20:31:27.093+0000] {dag.py:3823} INFO - Setting next_dagrun for example_external_task_marker_child to None, run_after=None
[2025-11-16T20:31:27.106+0000] {logging_mixin.py:188} INFO - [2025-11-16T20:31:27.102+0000] {dag.py:3823} INFO - Setting next_dagrun for example_external_task_marker_parent to None, run_after=None
[2025-11-16T20:31:27.140+0000] {processor.py:183} INFO - Processing /home/airflow/.local/lib/python3.8/site-packages/airflow/example_dags/example_external_task_marker_dag.py took 0.183 seconds
[2025-11-16T20:31:57.497+0000] {processor.py:161} INFO - Started process (PID=2027) to work on /home/airflow/.local/lib/python3.8/site-packages/airflow/example_dags/example_external_task_marker_dag.py
[2025-11-16T20:31:57.498+0000] {processor.py:830} INFO - Processing file /home/airflow/.local/lib/python3.8/site-packages/airflow/example_dags/example_external_task_marker_dag.py for tasks to queue
[2025-11-16T20:31:57.500+0000] {logging_mixin.py:188} INFO - [2025-11-16T20:31:57.499+0000] {dagbag.py:538} INFO - Filling up the DagBag from /home/airflow/.local/lib/python3.8/site-packages/airflow/example_dags/example_external_task_marker_dag.py
[2025-11-16T20:31:57.510+0000] {processor.py:840} INFO - DAG(s) 'example_external_task_marker_parent', 'example_external_task_marker_child' retrieved from /home/airflow/.local/lib/python3.8/site-packages/airflow/example_dags/example_external_task_marker_dag.py
[2025-11-16T20:31:57.554+0000] {logging_mixin.py:188} INFO - [2025-11-16T20:31:57.554+0000] {dag.py:3036} INFO - Sync 2 DAGs
[2025-11-16T20:31:57.575+0000] {logging_mixin.py:188} INFO - [2025-11-16T20:31:57.575+0000] {dag.py:3823} INFO - Setting next_dagrun for example_external_task_marker_child to None, run_after=None
[2025-11-16T20:31:57.582+0000] {logging_mixin.py:188} INFO - [2025-11-16T20:31:57.581+0000] {dag.py:3823} INFO - Setting next_dagrun for example_external_task_marker_parent to None, run_after=None
[2025-11-16T20:31:57.613+0000] {processor.py:183} INFO - Processing /home/airflow/.local/lib/python3.8/site-packages/airflow/example_dags/example_external_task_marker_dag.py took 0.120 seconds
[2025-11-16T20:32:47.522+0000] {processor.py:161} INFO - Started process (PID=2113) to work on /home/airflow/.local/lib/python3.8/site-packages/airflow/example_dags/example_external_task_marker_dag.py
[2025-11-16T20:32:47.524+0000] {processor.py:830} INFO - Processing file /home/airflow/.local/lib/python3.8/site-packages/airflow/example_dags/example_external_task_marker_dag.py for tasks to queue
[2025-11-16T20:32:47.525+0000] {logging_mixin.py:188} INFO - [2025-11-16T20:32:47.525+0000] {dagbag.py:538} INFO - Filling up the DagBag from /home/airflow/.local/lib/python3.8/site-packages/airflow/example_dags/example_external_task_marker_dag.py
[2025-11-16T20:32:47.536+0000] {processor.py:840} INFO - DAG(s) 'example_external_task_marker_child', 'example_external_task_marker_parent' retrieved from /home/airflow/.local/lib/python3.8/site-packages/airflow/example_dags/example_external_task_marker_dag.py
[2025-11-16T20:32:47.588+0000] {logging_mixin.py:188} INFO - [2025-11-16T20:32:47.588+0000] {dag.py:3036} INFO - Sync 2 DAGs
[2025-11-16T20:32:47.626+0000] {logging_mixin.py:188} INFO - [2025-11-16T20:32:47.625+0000] {dag.py:3823} INFO - Setting next_dagrun for example_external_task_marker_child to None, run_after=None
[2025-11-16T20:32:47.639+0000] {logging_mixin.py:188} INFO - [2025-11-16T20:32:47.639+0000] {dag.py:3823} INFO - Setting next_dagrun for example_external_task_marker_parent to None, run_after=None
[2025-11-16T20:32:47.677+0000] {processor.py:183} INFO - Processing /home/airflow/.local/lib/python3.8/site-packages/airflow/example_dags/example_external_task_marker_dag.py took 0.161 seconds
[2025-11-16T20:33:18.075+0000] {processor.py:161} INFO - Started process (PID=2203) to work on /home/airflow/.local/lib/python3.8/site-packages/airflow/example_dags/example_external_task_marker_dag.py
[2025-11-16T20:33:18.076+0000] {processor.py:830} INFO - Processing file /home/airflow/.local/lib/python3.8/site-packages/airflow/example_dags/example_external_task_marker_dag.py for tasks to queue
[2025-11-16T20:33:18.077+0000] {logging_mixin.py:188} INFO - [2025-11-16T20:33:18.077+0000] {dagbag.py:538} INFO - Filling up the DagBag from /home/airflow/.local/lib/python3.8/site-packages/airflow/example_dags/example_external_task_marker_dag.py
[2025-11-16T20:33:18.083+0000] {processor.py:840} INFO - DAG(s) 'example_external_task_marker_parent', 'example_external_task_marker_child' retrieved from /home/airflow/.local/lib/python3.8/site-packages/airflow/example_dags/example_external_task_marker_dag.py
[2025-11-16T20:33:18.132+0000] {logging_mixin.py:188} INFO - [2025-11-16T20:33:18.132+0000] {dag.py:3036} INFO - Sync 2 DAGs
[2025-11-16T20:33:18.145+0000] {logging_mixin.py:188} INFO - [2025-11-16T20:33:18.145+0000] {dag.py:3823} INFO - Setting next_dagrun for example_external_task_marker_child to None, run_after=None
[2025-11-16T20:33:18.151+0000] {logging_mixin.py:188} INFO - [2025-11-16T20:33:18.151+0000] {dag.py:3823} INFO - Setting next_dagrun for example_external_task_marker_parent to None, run_after=None
[2025-11-16T20:33:18.172+0000] {processor.py:183} INFO - Processing /home/airflow/.local/lib/python3.8/site-packages/airflow/example_dags/example_external_task_marker_dag.py took 0.100 seconds
[2025-11-16T20:33:48.950+0000] {processor.py:161} INFO - Started process (PID=2292) to work on /home/airflow/.local/lib/python3.8/site-packages/airflow/example_dags/example_external_task_marker_dag.py
[2025-11-16T20:33:48.951+0000] {processor.py:830} INFO - Processing file /home/airflow/.local/lib/python3.8/site-packages/airflow/example_dags/example_external_task_marker_dag.py for tasks to queue
[2025-11-16T20:33:48.953+0000] {logging_mixin.py:188} INFO - [2025-11-16T20:33:48.952+0000] {dagbag.py:538} INFO - Filling up the DagBag from /home/airflow/.local/lib/python3.8/site-packages/airflow/example_dags/example_external_task_marker_dag.py
[2025-11-16T20:33:48.960+0000] {processor.py:840} INFO - DAG(s) 'example_external_task_marker_parent', 'example_external_task_marker_child' retrieved from /home/airflow/.local/lib/python3.8/site-packages/airflow/example_dags/example_external_task_marker_dag.py
[2025-11-16T20:33:48.992+0000] {logging_mixin.py:188} INFO - [2025-11-16T20:33:48.992+0000] {dag.py:3036} INFO - Sync 2 DAGs
[2025-11-16T20:33:49.005+0000] {logging_mixin.py:188} INFO - [2025-11-16T20:33:49.005+0000] {dag.py:3823} INFO - Setting next_dagrun for example_external_task_marker_child to None, run_after=None
[2025-11-16T20:33:49.011+0000] {logging_mixin.py:188} INFO - [2025-11-16T20:33:49.011+0000] {dag.py:3823} INFO - Setting next_dagrun for example_external_task_marker_parent to None, run_after=None
[2025-11-16T20:33:49.035+0000] {processor.py:183} INFO - Processing /home/airflow/.local/lib/python3.8/site-packages/airflow/example_dags/example_external_task_marker_dag.py took 0.088 seconds
[2025-11-16T20:34:19.096+0000] {processor.py:161} INFO - Started process (PID=2380) to work on /home/airflow/.local/lib/python3.8/site-packages/airflow/example_dags/example_external_task_marker_dag.py
[2025-11-16T20:34:19.097+0000] {processor.py:830} INFO - Processing file /home/airflow/.local/lib/python3.8/site-packages/airflow/example_dags/example_external_task_marker_dag.py for tasks to queue
[2025-11-16T20:34:19.098+0000] {logging_mixin.py:188} INFO - [2025-11-16T20:34:19.098+0000] {dagbag.py:538} INFO - Filling up the DagBag from /home/airflow/.local/lib/python3.8/site-packages/airflow/example_dags/example_external_task_marker_dag.py
[2025-11-16T20:34:19.104+0000] {processor.py:840} INFO - DAG(s) 'example_external_task_marker_parent', 'example_external_task_marker_child' retrieved from /home/airflow/.local/lib/python3.8/site-packages/airflow/example_dags/example_external_task_marker_dag.py
[2025-11-16T20:34:19.131+0000] {logging_mixin.py:188} INFO - [2025-11-16T20:34:19.130+0000] {dag.py:3036} INFO - Sync 2 DAGs
[2025-11-16T20:34:19.142+0000] {logging_mixin.py:188} INFO - [2025-11-16T20:34:19.142+0000] {dag.py:3823} INFO - Setting next_dagrun for example_external_task_marker_child to None, run_after=None
[2025-11-16T20:34:19.146+0000] {logging_mixin.py:188} INFO - [2025-11-16T20:34:19.146+0000] {dag.py:3823} INFO - Setting next_dagrun for example_external_task_marker_parent to None, run_after=None
[2025-11-16T20:34:19.167+0000] {processor.py:183} INFO - Processing /home/airflow/.local/lib/python3.8/site-packages/airflow/example_dags/example_external_task_marker_dag.py took 0.073 seconds
[2025-11-16T20:34:49.478+0000] {processor.py:161} INFO - Started process (PID=2461) to work on /home/airflow/.local/lib/python3.8/site-packages/airflow/example_dags/example_external_task_marker_dag.py
[2025-11-16T20:34:49.479+0000] {processor.py:830} INFO - Processing file /home/airflow/.local/lib/python3.8/site-packages/airflow/example_dags/example_external_task_marker_dag.py for tasks to queue
[2025-11-16T20:34:49.482+0000] {logging_mixin.py:188} INFO - [2025-11-16T20:34:49.481+0000] {dagbag.py:538} INFO - Filling up the DagBag from /home/airflow/.local/lib/python3.8/site-packages/airflow/example_dags/example_external_task_marker_dag.py
[2025-11-16T20:34:49.490+0000] {processor.py:840} INFO - DAG(s) 'example_external_task_marker_parent', 'example_external_task_marker_child' retrieved from /home/airflow/.local/lib/python3.8/site-packages/airflow/example_dags/example_external_task_marker_dag.py
[2025-11-16T20:34:49.531+0000] {logging_mixin.py:188} INFO - [2025-11-16T20:34:49.531+0000] {dag.py:3036} INFO - Sync 2 DAGs
[2025-11-16T20:34:49.552+0000] {logging_mixin.py:188} INFO - [2025-11-16T20:34:49.552+0000] {dag.py:3823} INFO - Setting next_dagrun for example_external_task_marker_child to None, run_after=None
[2025-11-16T20:34:49.557+0000] {logging_mixin.py:188} INFO - [2025-11-16T20:34:49.557+0000] {dag.py:3823} INFO - Setting next_dagrun for example_external_task_marker_parent to None, run_after=None
[2025-11-16T20:34:49.588+0000] {processor.py:183} INFO - Processing /home/airflow/.local/lib/python3.8/site-packages/airflow/example_dags/example_external_task_marker_dag.py took 0.113 seconds
[2025-11-16T20:35:20.954+0000] {processor.py:161} INFO - Started process (PID=2557) to work on /home/airflow/.local/lib/python3.8/site-packages/airflow/example_dags/example_external_task_marker_dag.py
[2025-11-16T20:35:20.955+0000] {processor.py:830} INFO - Processing file /home/airflow/.local/lib/python3.8/site-packages/airflow/example_dags/example_external_task_marker_dag.py for tasks to queue
[2025-11-16T20:35:20.957+0000] {logging_mixin.py:188} INFO - [2025-11-16T20:35:20.957+0000] {dagbag.py:538} INFO - Filling up the DagBag from /home/airflow/.local/lib/python3.8/site-packages/airflow/example_dags/example_external_task_marker_dag.py
[2025-11-16T20:35:20.967+0000] {processor.py:840} INFO - DAG(s) 'example_external_task_marker_child', 'example_external_task_marker_parent' retrieved from /home/airflow/.local/lib/python3.8/site-packages/airflow/example_dags/example_external_task_marker_dag.py
[2025-11-16T20:35:21.007+0000] {logging_mixin.py:188} INFO - [2025-11-16T20:35:21.007+0000] {dag.py:3036} INFO - Sync 2 DAGs
[2025-11-16T20:35:21.032+0000] {logging_mixin.py:188} INFO - [2025-11-16T20:35:21.032+0000] {dag.py:3823} INFO - Setting next_dagrun for example_external_task_marker_child to None, run_after=None
[2025-11-16T20:35:21.038+0000] {logging_mixin.py:188} INFO - [2025-11-16T20:35:21.038+0000] {dag.py:3823} INFO - Setting next_dagrun for example_external_task_marker_parent to None, run_after=None
[2025-11-16T20:35:21.066+0000] {processor.py:183} INFO - Processing /home/airflow/.local/lib/python3.8/site-packages/airflow/example_dags/example_external_task_marker_dag.py took 0.117 seconds
[2025-11-16T20:35:51.835+0000] {processor.py:161} INFO - Started process (PID=2638) to work on /home/airflow/.local/lib/python3.8/site-packages/airflow/example_dags/example_external_task_marker_dag.py
[2025-11-16T20:35:51.836+0000] {processor.py:830} INFO - Processing file /home/airflow/.local/lib/python3.8/site-packages/airflow/example_dags/example_external_task_marker_dag.py for tasks to queue
[2025-11-16T20:35:51.838+0000] {logging_mixin.py:188} INFO - [2025-11-16T20:35:51.837+0000] {dagbag.py:538} INFO - Filling up the DagBag from /home/airflow/.local/lib/python3.8/site-packages/airflow/example_dags/example_external_task_marker_dag.py
[2025-11-16T20:35:51.843+0000] {processor.py:840} INFO - DAG(s) 'example_external_task_marker_child', 'example_external_task_marker_parent' retrieved from /home/airflow/.local/lib/python3.8/site-packages/airflow/example_dags/example_external_task_marker_dag.py
[2025-11-16T20:35:51.868+0000] {logging_mixin.py:188} INFO - [2025-11-16T20:35:51.868+0000] {dag.py:3036} INFO - Sync 2 DAGs
[2025-11-16T20:35:51.880+0000] {logging_mixin.py:188} INFO - [2025-11-16T20:35:51.880+0000] {dag.py:3823} INFO - Setting next_dagrun for example_external_task_marker_child to None, run_after=None
[2025-11-16T20:35:51.884+0000] {logging_mixin.py:188} INFO - [2025-11-16T20:35:51.884+0000] {dag.py:3823} INFO - Setting next_dagrun for example_external_task_marker_parent to None, run_after=None
[2025-11-16T20:35:51.904+0000] {processor.py:183} INFO - Processing /home/airflow/.local/lib/python3.8/site-packages/airflow/example_dags/example_external_task_marker_dag.py took 0.072 seconds
[2025-11-16T20:36:22.950+0000] {processor.py:161} INFO - Started process (PID=2721) to work on /home/airflow/.local/lib/python3.8/site-packages/airflow/example_dags/example_external_task_marker_dag.py
[2025-11-16T20:36:22.951+0000] {processor.py:830} INFO - Processing file /home/airflow/.local/lib/python3.8/site-packages/airflow/example_dags/example_external_task_marker_dag.py for tasks to queue
[2025-11-16T20:36:22.952+0000] {logging_mixin.py:188} INFO - [2025-11-16T20:36:22.952+0000] {dagbag.py:538} INFO - Filling up the DagBag from /home/airflow/.local/lib/python3.8/site-packages/airflow/example_dags/example_external_task_marker_dag.py
[2025-11-16T20:36:22.964+0000] {processor.py:840} INFO - DAG(s) 'example_external_task_marker_child', 'example_external_task_marker_parent' retrieved from /home/airflow/.local/lib/python3.8/site-packages/airflow/example_dags/example_external_task_marker_dag.py
[2025-11-16T20:36:23.009+0000] {logging_mixin.py:188} INFO - [2025-11-16T20:36:23.009+0000] {dag.py:3036} INFO - Sync 2 DAGs
[2025-11-16T20:36:23.034+0000] {logging_mixin.py:188} INFO - [2025-11-16T20:36:23.033+0000] {dag.py:3823} INFO - Setting next_dagrun for example_external_task_marker_child to None, run_after=None
[2025-11-16T20:36:23.043+0000] {logging_mixin.py:188} INFO - [2025-11-16T20:36:23.042+0000] {dag.py:3823} INFO - Setting next_dagrun for example_external_task_marker_parent to None, run_after=None
[2025-11-16T20:36:23.075+0000] {processor.py:183} INFO - Processing /home/airflow/.local/lib/python3.8/site-packages/airflow/example_dags/example_external_task_marker_dag.py took 0.131 seconds
[2025-11-16T20:36:54.156+0000] {processor.py:161} INFO - Started process (PID=2803) to work on /home/airflow/.local/lib/python3.8/site-packages/airflow/example_dags/example_external_task_marker_dag.py
[2025-11-16T20:36:54.158+0000] {processor.py:830} INFO - Processing file /home/airflow/.local/lib/python3.8/site-packages/airflow/example_dags/example_external_task_marker_dag.py for tasks to queue
[2025-11-16T20:36:54.160+0000] {logging_mixin.py:188} INFO - [2025-11-16T20:36:54.160+0000] {dagbag.py:538} INFO - Filling up the DagBag from /home/airflow/.local/lib/python3.8/site-packages/airflow/example_dags/example_external_task_marker_dag.py
[2025-11-16T20:36:54.167+0000] {processor.py:840} INFO - DAG(s) 'example_external_task_marker_child', 'example_external_task_marker_parent' retrieved from /home/airflow/.local/lib/python3.8/site-packages/airflow/example_dags/example_external_task_marker_dag.py
[2025-11-16T20:36:54.209+0000] {logging_mixin.py:188} INFO - [2025-11-16T20:36:54.208+0000] {dag.py:3036} INFO - Sync 2 DAGs
[2025-11-16T20:36:54.229+0000] {logging_mixin.py:188} INFO - [2025-11-16T20:36:54.229+0000] {dag.py:3823} INFO - Setting next_dagrun for example_external_task_marker_child to None, run_after=None
[2025-11-16T20:36:54.236+0000] {logging_mixin.py:188} INFO - [2025-11-16T20:36:54.234+0000] {dag.py:3823} INFO - Setting next_dagrun for example_external_task_marker_parent to None, run_after=None
[2025-11-16T20:36:54.268+0000] {processor.py:183} INFO - Processing /home/airflow/.local/lib/python3.8/site-packages/airflow/example_dags/example_external_task_marker_dag.py took 0.116 seconds
[2025-11-16T20:37:24.888+0000] {processor.py:161} INFO - Started process (PID=2869) to work on /home/airflow/.local/lib/python3.8/site-packages/airflow/example_dags/example_external_task_marker_dag.py
[2025-11-16T20:37:24.891+0000] {processor.py:830} INFO - Processing file /home/airflow/.local/lib/python3.8/site-packages/airflow/example_dags/example_external_task_marker_dag.py for tasks to queue
[2025-11-16T20:37:24.892+0000] {logging_mixin.py:188} INFO - [2025-11-16T20:37:24.892+0000] {dagbag.py:538} INFO - Filling up the DagBag from /home/airflow/.local/lib/python3.8/site-packages/airflow/example_dags/example_external_task_marker_dag.py
[2025-11-16T20:37:24.903+0000] {processor.py:840} INFO - DAG(s) 'example_external_task_marker_child', 'example_external_task_marker_parent' retrieved from /home/airflow/.local/lib/python3.8/site-packages/airflow/example_dags/example_external_task_marker_dag.py
[2025-11-16T20:37:24.947+0000] {logging_mixin.py:188} INFO - [2025-11-16T20:37:24.947+0000] {dag.py:3036} INFO - Sync 2 DAGs
[2025-11-16T20:37:24.968+0000] {logging_mixin.py:188} INFO - [2025-11-16T20:37:24.967+0000] {dag.py:3823} INFO - Setting next_dagrun for example_external_task_marker_child to None, run_after=None
[2025-11-16T20:37:24.974+0000] {logging_mixin.py:188} INFO - [2025-11-16T20:37:24.973+0000] {dag.py:3823} INFO - Setting next_dagrun for example_external_task_marker_parent to None, run_after=None
[2025-11-16T20:37:25.006+0000] {processor.py:183} INFO - Processing /home/airflow/.local/lib/python3.8/site-packages/airflow/example_dags/example_external_task_marker_dag.py took 0.123 seconds
[2025-11-16T20:37:56.015+0000] {processor.py:161} INFO - Started process (PID=2950) to work on /home/airflow/.local/lib/python3.8/site-packages/airflow/example_dags/example_external_task_marker_dag.py
[2025-11-16T20:37:56.016+0000] {processor.py:830} INFO - Processing file /home/airflow/.local/lib/python3.8/site-packages/airflow/example_dags/example_external_task_marker_dag.py for tasks to queue
[2025-11-16T20:37:56.017+0000] {logging_mixin.py:188} INFO - [2025-11-16T20:37:56.017+0000] {dagbag.py:538} INFO - Filling up the DagBag from /home/airflow/.local/lib/python3.8/site-packages/airflow/example_dags/example_external_task_marker_dag.py
[2025-11-16T20:37:56.027+0000] {processor.py:840} INFO - DAG(s) 'example_external_task_marker_parent', 'example_external_task_marker_child' retrieved from /home/airflow/.local/lib/python3.8/site-packages/airflow/example_dags/example_external_task_marker_dag.py
[2025-11-16T20:37:56.071+0000] {logging_mixin.py:188} INFO - [2025-11-16T20:37:56.070+0000] {dag.py:3036} INFO - Sync 2 DAGs
[2025-11-16T20:37:56.087+0000] {logging_mixin.py:188} INFO - [2025-11-16T20:37:56.087+0000] {dag.py:3823} INFO - Setting next_dagrun for example_external_task_marker_child to None, run_after=None
[2025-11-16T20:37:56.095+0000] {logging_mixin.py:188} INFO - [2025-11-16T20:37:56.095+0000] {dag.py:3823} INFO - Setting next_dagrun for example_external_task_marker_parent to None, run_after=None
[2025-11-16T20:37:56.126+0000] {processor.py:183} INFO - Processing /home/airflow/.local/lib/python3.8/site-packages/airflow/example_dags/example_external_task_marker_dag.py took 0.117 seconds
[2025-11-16T20:38:26.389+0000] {processor.py:161} INFO - Started process (PID=3033) to work on /home/airflow/.local/lib/python3.8/site-packages/airflow/example_dags/example_external_task_marker_dag.py
[2025-11-16T20:38:26.391+0000] {processor.py:830} INFO - Processing file /home/airflow/.local/lib/python3.8/site-packages/airflow/example_dags/example_external_task_marker_dag.py for tasks to queue
[2025-11-16T20:38:26.393+0000] {logging_mixin.py:188} INFO - [2025-11-16T20:38:26.392+0000] {dagbag.py:538} INFO - Filling up the DagBag from /home/airflow/.local/lib/python3.8/site-packages/airflow/example_dags/example_external_task_marker_dag.py
[2025-11-16T20:38:26.404+0000] {processor.py:840} INFO - DAG(s) 'example_external_task_marker_child', 'example_external_task_marker_parent' retrieved from /home/airflow/.local/lib/python3.8/site-packages/airflow/example_dags/example_external_task_marker_dag.py
[2025-11-16T20:38:26.442+0000] {logging_mixin.py:188} INFO - [2025-11-16T20:38:26.441+0000] {dag.py:3036} INFO - Sync 2 DAGs
[2025-11-16T20:38:26.462+0000] {logging_mixin.py:188} INFO - [2025-11-16T20:38:26.461+0000] {dag.py:3823} INFO - Setting next_dagrun for example_external_task_marker_child to None, run_after=None
[2025-11-16T20:38:26.469+0000] {logging_mixin.py:188} INFO - [2025-11-16T20:38:26.469+0000] {dag.py:3823} INFO - Setting next_dagrun for example_external_task_marker_parent to None, run_after=None
[2025-11-16T20:38:26.499+0000] {processor.py:183} INFO - Processing /home/airflow/.local/lib/python3.8/site-packages/airflow/example_dags/example_external_task_marker_dag.py took 0.115 seconds
[2025-11-16T20:38:56.881+0000] {processor.py:161} INFO - Started process (PID=3114) to work on /home/airflow/.local/lib/python3.8/site-packages/airflow/example_dags/example_external_task_marker_dag.py
[2025-11-16T20:38:56.882+0000] {processor.py:830} INFO - Processing file /home/airflow/.local/lib/python3.8/site-packages/airflow/example_dags/example_external_task_marker_dag.py for tasks to queue
[2025-11-16T20:38:56.884+0000] {logging_mixin.py:188} INFO - [2025-11-16T20:38:56.883+0000] {dagbag.py:538} INFO - Filling up the DagBag from /home/airflow/.local/lib/python3.8/site-packages/airflow/example_dags/example_external_task_marker_dag.py
[2025-11-16T20:38:56.894+0000] {processor.py:840} INFO - DAG(s) 'example_external_task_marker_child', 'example_external_task_marker_parent' retrieved from /home/airflow/.local/lib/python3.8/site-packages/airflow/example_dags/example_external_task_marker_dag.py
[2025-11-16T20:38:56.940+0000] {logging_mixin.py:188} INFO - [2025-11-16T20:38:56.940+0000] {dag.py:3036} INFO - Sync 2 DAGs
[2025-11-16T20:38:56.965+0000] {logging_mixin.py:188} INFO - [2025-11-16T20:38:56.965+0000] {dag.py:3823} INFO - Setting next_dagrun for example_external_task_marker_child to None, run_after=None
[2025-11-16T20:38:56.973+0000] {logging_mixin.py:188} INFO - [2025-11-16T20:38:56.973+0000] {dag.py:3823} INFO - Setting next_dagrun for example_external_task_marker_parent to None, run_after=None
[2025-11-16T20:38:57.003+0000] {processor.py:183} INFO - Processing /home/airflow/.local/lib/python3.8/site-packages/airflow/example_dags/example_external_task_marker_dag.py took 0.130 seconds
[2025-11-16T20:39:27.893+0000] {processor.py:161} INFO - Started process (PID=3182) to work on /home/airflow/.local/lib/python3.8/site-packages/airflow/example_dags/example_external_task_marker_dag.py
[2025-11-16T20:39:27.894+0000] {processor.py:830} INFO - Processing file /home/airflow/.local/lib/python3.8/site-packages/airflow/example_dags/example_external_task_marker_dag.py for tasks to queue
[2025-11-16T20:39:27.895+0000] {logging_mixin.py:188} INFO - [2025-11-16T20:39:27.895+0000] {dagbag.py:538} INFO - Filling up the DagBag from /home/airflow/.local/lib/python3.8/site-packages/airflow/example_dags/example_external_task_marker_dag.py
[2025-11-16T20:39:27.905+0000] {processor.py:840} INFO - DAG(s) 'example_external_task_marker_child', 'example_external_task_marker_parent' retrieved from /home/airflow/.local/lib/python3.8/site-packages/airflow/example_dags/example_external_task_marker_dag.py
[2025-11-16T20:39:27.953+0000] {logging_mixin.py:188} INFO - [2025-11-16T20:39:27.952+0000] {dag.py:3036} INFO - Sync 2 DAGs
[2025-11-16T20:39:27.971+0000] {logging_mixin.py:188} INFO - [2025-11-16T20:39:27.970+0000] {dag.py:3823} INFO - Setting next_dagrun for example_external_task_marker_child to None, run_after=None
[2025-11-16T20:39:27.976+0000] {logging_mixin.py:188} INFO - [2025-11-16T20:39:27.975+0000] {dag.py:3823} INFO - Setting next_dagrun for example_external_task_marker_parent to None, run_after=None
[2025-11-16T20:39:28.005+0000] {processor.py:183} INFO - Processing /home/airflow/.local/lib/python3.8/site-packages/airflow/example_dags/example_external_task_marker_dag.py took 0.115 seconds
[2025-11-16T20:39:58.224+0000] {processor.py:161} INFO - Started process (PID=3267) to work on /home/airflow/.local/lib/python3.8/site-packages/airflow/example_dags/example_external_task_marker_dag.py
[2025-11-16T20:39:58.226+0000] {processor.py:830} INFO - Processing file /home/airflow/.local/lib/python3.8/site-packages/airflow/example_dags/example_external_task_marker_dag.py for tasks to queue
[2025-11-16T20:39:58.227+0000] {logging_mixin.py:188} INFO - [2025-11-16T20:39:58.227+0000] {dagbag.py:538} INFO - Filling up the DagBag from /home/airflow/.local/lib/python3.8/site-packages/airflow/example_dags/example_external_task_marker_dag.py
[2025-11-16T20:39:58.237+0000] {processor.py:840} INFO - DAG(s) 'example_external_task_marker_parent', 'example_external_task_marker_child' retrieved from /home/airflow/.local/lib/python3.8/site-packages/airflow/example_dags/example_external_task_marker_dag.py
[2025-11-16T20:39:58.280+0000] {logging_mixin.py:188} INFO - [2025-11-16T20:39:58.280+0000] {dag.py:3036} INFO - Sync 2 DAGs
[2025-11-16T20:39:58.299+0000] {logging_mixin.py:188} INFO - [2025-11-16T20:39:58.298+0000] {dag.py:3823} INFO - Setting next_dagrun for example_external_task_marker_child to None, run_after=None
[2025-11-16T20:39:58.306+0000] {logging_mixin.py:188} INFO - [2025-11-16T20:39:58.306+0000] {dag.py:3823} INFO - Setting next_dagrun for example_external_task_marker_parent to None, run_after=None
[2025-11-16T20:39:58.339+0000] {processor.py:183} INFO - Processing /home/airflow/.local/lib/python3.8/site-packages/airflow/example_dags/example_external_task_marker_dag.py took 0.122 seconds
[2025-11-16T20:42:24.390+0000] {processor.py:161} INFO - Started process (PID=139) to work on /home/airflow/.local/lib/python3.8/site-packages/airflow/example_dags/example_external_task_marker_dag.py
[2025-11-16T20:42:24.392+0000] {processor.py:830} INFO - Processing file /home/airflow/.local/lib/python3.8/site-packages/airflow/example_dags/example_external_task_marker_dag.py for tasks to queue
[2025-11-16T20:42:24.395+0000] {logging_mixin.py:188} INFO - [2025-11-16T20:42:24.395+0000] {dagbag.py:538} INFO - Filling up the DagBag from /home/airflow/.local/lib/python3.8/site-packages/airflow/example_dags/example_external_task_marker_dag.py
[2025-11-16T20:42:24.419+0000] {processor.py:840} INFO - DAG(s) 'example_external_task_marker_child', 'example_external_task_marker_parent' retrieved from /home/airflow/.local/lib/python3.8/site-packages/airflow/example_dags/example_external_task_marker_dag.py
[2025-11-16T20:42:24.785+0000] {logging_mixin.py:188} INFO - [2025-11-16T20:42:24.785+0000] {dag.py:3036} INFO - Sync 2 DAGs
[2025-11-16T20:42:24.805+0000] {logging_mixin.py:188} INFO - [2025-11-16T20:42:24.805+0000] {dag.py:3823} INFO - Setting next_dagrun for example_external_task_marker_child to None, run_after=None
[2025-11-16T20:42:24.811+0000] {logging_mixin.py:188} INFO - [2025-11-16T20:42:24.810+0000] {dag.py:3823} INFO - Setting next_dagrun for example_external_task_marker_parent to None, run_after=None
[2025-11-16T20:42:24.838+0000] {processor.py:183} INFO - Processing /home/airflow/.local/lib/python3.8/site-packages/airflow/example_dags/example_external_task_marker_dag.py took 0.464 seconds
[2025-11-16T20:42:56.942+0000] {processor.py:161} INFO - Started process (PID=212) to work on /home/airflow/.local/lib/python3.8/site-packages/airflow/example_dags/example_external_task_marker_dag.py
[2025-11-16T20:42:56.943+0000] {processor.py:830} INFO - Processing file /home/airflow/.local/lib/python3.8/site-packages/airflow/example_dags/example_external_task_marker_dag.py for tasks to queue
[2025-11-16T20:42:56.944+0000] {logging_mixin.py:188} INFO - [2025-11-16T20:42:56.943+0000] {dagbag.py:538} INFO - Filling up the DagBag from /home/airflow/.local/lib/python3.8/site-packages/airflow/example_dags/example_external_task_marker_dag.py
[2025-11-16T20:42:57.051+0000] {processor.py:840} INFO - DAG(s) 'example_external_task_marker_parent', 'example_external_task_marker_child' retrieved from /home/airflow/.local/lib/python3.8/site-packages/airflow/example_dags/example_external_task_marker_dag.py
[2025-11-16T20:42:57.077+0000] {logging_mixin.py:188} INFO - [2025-11-16T20:42:57.077+0000] {dag.py:3036} INFO - Sync 2 DAGs
[2025-11-16T20:42:57.088+0000] {logging_mixin.py:188} INFO - [2025-11-16T20:42:57.088+0000] {dag.py:3823} INFO - Setting next_dagrun for example_external_task_marker_child to None, run_after=None
[2025-11-16T20:42:57.209+0000] {logging_mixin.py:188} INFO - [2025-11-16T20:42:57.209+0000] {dag.py:3823} INFO - Setting next_dagrun for example_external_task_marker_parent to None, run_after=None
[2025-11-16T20:42:57.573+0000] {processor.py:183} INFO - Processing /home/airflow/.local/lib/python3.8/site-packages/airflow/example_dags/example_external_task_marker_dag.py took 0.633 seconds
[2025-11-16T20:43:28.449+0000] {processor.py:161} INFO - Started process (PID=292) to work on /home/airflow/.local/lib/python3.8/site-packages/airflow/example_dags/example_external_task_marker_dag.py
[2025-11-16T20:43:28.450+0000] {processor.py:830} INFO - Processing file /home/airflow/.local/lib/python3.8/site-packages/airflow/example_dags/example_external_task_marker_dag.py for tasks to queue
[2025-11-16T20:43:28.451+0000] {logging_mixin.py:188} INFO - [2025-11-16T20:43:28.450+0000] {dagbag.py:538} INFO - Filling up the DagBag from /home/airflow/.local/lib/python3.8/site-packages/airflow/example_dags/example_external_task_marker_dag.py
[2025-11-16T20:43:28.456+0000] {processor.py:840} INFO - DAG(s) 'example_external_task_marker_parent', 'example_external_task_marker_child' retrieved from /home/airflow/.local/lib/python3.8/site-packages/airflow/example_dags/example_external_task_marker_dag.py
[2025-11-16T20:43:28.482+0000] {logging_mixin.py:188} INFO - [2025-11-16T20:43:28.482+0000] {dag.py:3036} INFO - Sync 2 DAGs
[2025-11-16T20:43:28.494+0000] {logging_mixin.py:188} INFO - [2025-11-16T20:43:28.493+0000] {dag.py:3823} INFO - Setting next_dagrun for example_external_task_marker_child to None, run_after=None
[2025-11-16T20:43:28.497+0000] {logging_mixin.py:188} INFO - [2025-11-16T20:43:28.497+0000] {dag.py:3823} INFO - Setting next_dagrun for example_external_task_marker_parent to None, run_after=None
[2025-11-16T20:43:28.518+0000] {processor.py:183} INFO - Processing /home/airflow/.local/lib/python3.8/site-packages/airflow/example_dags/example_external_task_marker_dag.py took 0.072 seconds
[2025-11-16T20:43:58.593+0000] {processor.py:161} INFO - Started process (PID=373) to work on /home/airflow/.local/lib/python3.8/site-packages/airflow/example_dags/example_external_task_marker_dag.py
[2025-11-16T20:43:58.594+0000] {processor.py:830} INFO - Processing file /home/airflow/.local/lib/python3.8/site-packages/airflow/example_dags/example_external_task_marker_dag.py for tasks to queue
[2025-11-16T20:43:58.595+0000] {logging_mixin.py:188} INFO - [2025-11-16T20:43:58.594+0000] {dagbag.py:538} INFO - Filling up the DagBag from /home/airflow/.local/lib/python3.8/site-packages/airflow/example_dags/example_external_task_marker_dag.py
[2025-11-16T20:43:58.600+0000] {processor.py:840} INFO - DAG(s) 'example_external_task_marker_parent', 'example_external_task_marker_child' retrieved from /home/airflow/.local/lib/python3.8/site-packages/airflow/example_dags/example_external_task_marker_dag.py
[2025-11-16T20:43:58.625+0000] {logging_mixin.py:188} INFO - [2025-11-16T20:43:58.625+0000] {dag.py:3036} INFO - Sync 2 DAGs
[2025-11-16T20:43:58.636+0000] {logging_mixin.py:188} INFO - [2025-11-16T20:43:58.636+0000] {dag.py:3823} INFO - Setting next_dagrun for example_external_task_marker_child to None, run_after=None
[2025-11-16T20:43:58.640+0000] {logging_mixin.py:188} INFO - [2025-11-16T20:43:58.640+0000] {dag.py:3823} INFO - Setting next_dagrun for example_external_task_marker_parent to None, run_after=None
[2025-11-16T20:43:58.661+0000] {processor.py:183} INFO - Processing /home/airflow/.local/lib/python3.8/site-packages/airflow/example_dags/example_external_task_marker_dag.py took 0.070 seconds
[2025-11-16T20:44:30.831+0000] {processor.py:161} INFO - Started process (PID=469) to work on /home/airflow/.local/lib/python3.8/site-packages/airflow/example_dags/example_external_task_marker_dag.py
[2025-11-16T20:44:30.832+0000] {processor.py:830} INFO - Processing file /home/airflow/.local/lib/python3.8/site-packages/airflow/example_dags/example_external_task_marker_dag.py for tasks to queue
[2025-11-16T20:44:30.834+0000] {logging_mixin.py:188} INFO - [2025-11-16T20:44:30.833+0000] {dagbag.py:538} INFO - Filling up the DagBag from /home/airflow/.local/lib/python3.8/site-packages/airflow/example_dags/example_external_task_marker_dag.py
[2025-11-16T20:44:30.840+0000] {processor.py:840} INFO - DAG(s) 'example_external_task_marker_parent', 'example_external_task_marker_child' retrieved from /home/airflow/.local/lib/python3.8/site-packages/airflow/example_dags/example_external_task_marker_dag.py
[2025-11-16T20:44:30.873+0000] {logging_mixin.py:188} INFO - [2025-11-16T20:44:30.873+0000] {dag.py:3036} INFO - Sync 2 DAGs
[2025-11-16T20:44:30.888+0000] {logging_mixin.py:188} INFO - [2025-11-16T20:44:30.888+0000] {dag.py:3823} INFO - Setting next_dagrun for example_external_task_marker_child to None, run_after=None
[2025-11-16T20:44:30.893+0000] {logging_mixin.py:188} INFO - [2025-11-16T20:44:30.893+0000] {dag.py:3823} INFO - Setting next_dagrun for example_external_task_marker_parent to None, run_after=None
[2025-11-16T20:44:30.915+0000] {processor.py:183} INFO - Processing /home/airflow/.local/lib/python3.8/site-packages/airflow/example_dags/example_external_task_marker_dag.py took 0.087 seconds
[2025-11-16T20:45:01.565+0000] {processor.py:161} INFO - Started process (PID=551) to work on /home/airflow/.local/lib/python3.8/site-packages/airflow/example_dags/example_external_task_marker_dag.py
[2025-11-16T20:45:01.566+0000] {processor.py:830} INFO - Processing file /home/airflow/.local/lib/python3.8/site-packages/airflow/example_dags/example_external_task_marker_dag.py for tasks to queue
[2025-11-16T20:45:01.567+0000] {logging_mixin.py:188} INFO - [2025-11-16T20:45:01.567+0000] {dagbag.py:538} INFO - Filling up the DagBag from /home/airflow/.local/lib/python3.8/site-packages/airflow/example_dags/example_external_task_marker_dag.py
[2025-11-16T20:45:01.574+0000] {processor.py:840} INFO - DAG(s) 'example_external_task_marker_child', 'example_external_task_marker_parent' retrieved from /home/airflow/.local/lib/python3.8/site-packages/airflow/example_dags/example_external_task_marker_dag.py
[2025-11-16T20:45:01.607+0000] {logging_mixin.py:188} INFO - [2025-11-16T20:45:01.607+0000] {dag.py:3036} INFO - Sync 2 DAGs
[2025-11-16T20:45:01.621+0000] {logging_mixin.py:188} INFO - [2025-11-16T20:45:01.620+0000] {dag.py:3823} INFO - Setting next_dagrun for example_external_task_marker_child to None, run_after=None
[2025-11-16T20:45:01.626+0000] {logging_mixin.py:188} INFO - [2025-11-16T20:45:01.625+0000] {dag.py:3823} INFO - Setting next_dagrun for example_external_task_marker_parent to None, run_after=None
[2025-11-16T20:45:01.649+0000] {processor.py:183} INFO - Processing /home/airflow/.local/lib/python3.8/site-packages/airflow/example_dags/example_external_task_marker_dag.py took 0.087 seconds
[2025-11-16T20:45:32.743+0000] {processor.py:161} INFO - Started process (PID=648) to work on /home/airflow/.local/lib/python3.8/site-packages/airflow/example_dags/example_external_task_marker_dag.py
[2025-11-16T20:45:32.745+0000] {processor.py:830} INFO - Processing file /home/airflow/.local/lib/python3.8/site-packages/airflow/example_dags/example_external_task_marker_dag.py for tasks to queue
[2025-11-16T20:45:32.746+0000] {logging_mixin.py:188} INFO - [2025-11-16T20:45:32.746+0000] {dagbag.py:538} INFO - Filling up the DagBag from /home/airflow/.local/lib/python3.8/site-packages/airflow/example_dags/example_external_task_marker_dag.py
[2025-11-16T20:45:32.754+0000] {processor.py:840} INFO - DAG(s) 'example_external_task_marker_parent', 'example_external_task_marker_child' retrieved from /home/airflow/.local/lib/python3.8/site-packages/airflow/example_dags/example_external_task_marker_dag.py
[2025-11-16T20:45:32.791+0000] {logging_mixin.py:188} INFO - [2025-11-16T20:45:32.790+0000] {dag.py:3036} INFO - Sync 2 DAGs
[2025-11-16T20:45:32.808+0000] {logging_mixin.py:188} INFO - [2025-11-16T20:45:32.808+0000] {dag.py:3823} INFO - Setting next_dagrun for example_external_task_marker_child to None, run_after=None
[2025-11-16T20:45:32.813+0000] {logging_mixin.py:188} INFO - [2025-11-16T20:45:32.813+0000] {dag.py:3823} INFO - Setting next_dagrun for example_external_task_marker_parent to None, run_after=None
[2025-11-16T20:45:32.833+0000] {processor.py:183} INFO - Processing /home/airflow/.local/lib/python3.8/site-packages/airflow/example_dags/example_external_task_marker_dag.py took 0.096 seconds
[2025-11-16T20:46:03.507+0000] {processor.py:161} INFO - Started process (PID=729) to work on /home/airflow/.local/lib/python3.8/site-packages/airflow/example_dags/example_external_task_marker_dag.py
[2025-11-16T20:46:03.508+0000] {processor.py:830} INFO - Processing file /home/airflow/.local/lib/python3.8/site-packages/airflow/example_dags/example_external_task_marker_dag.py for tasks to queue
[2025-11-16T20:46:03.509+0000] {logging_mixin.py:188} INFO - [2025-11-16T20:46:03.509+0000] {dagbag.py:538} INFO - Filling up the DagBag from /home/airflow/.local/lib/python3.8/site-packages/airflow/example_dags/example_external_task_marker_dag.py
[2025-11-16T20:46:03.516+0000] {processor.py:840} INFO - DAG(s) 'example_external_task_marker_parent', 'example_external_task_marker_child' retrieved from /home/airflow/.local/lib/python3.8/site-packages/airflow/example_dags/example_external_task_marker_dag.py
[2025-11-16T20:46:03.545+0000] {logging_mixin.py:188} INFO - [2025-11-16T20:46:03.545+0000] {dag.py:3036} INFO - Sync 2 DAGs
[2025-11-16T20:46:03.557+0000] {logging_mixin.py:188} INFO - [2025-11-16T20:46:03.557+0000] {dag.py:3823} INFO - Setting next_dagrun for example_external_task_marker_child to None, run_after=None
[2025-11-16T20:46:03.562+0000] {logging_mixin.py:188} INFO - [2025-11-16T20:46:03.561+0000] {dag.py:3823} INFO - Setting next_dagrun for example_external_task_marker_parent to None, run_after=None
[2025-11-16T20:46:03.581+0000] {processor.py:183} INFO - Processing /home/airflow/.local/lib/python3.8/site-packages/airflow/example_dags/example_external_task_marker_dag.py took 0.077 seconds
[2025-11-16T20:46:34.565+0000] {processor.py:161} INFO - Started process (PID=818) to work on /home/airflow/.local/lib/python3.8/site-packages/airflow/example_dags/example_external_task_marker_dag.py
[2025-11-16T20:46:34.568+0000] {processor.py:830} INFO - Processing file /home/airflow/.local/lib/python3.8/site-packages/airflow/example_dags/example_external_task_marker_dag.py for tasks to queue
[2025-11-16T20:46:34.570+0000] {logging_mixin.py:188} INFO - [2025-11-16T20:46:34.570+0000] {dagbag.py:538} INFO - Filling up the DagBag from /home/airflow/.local/lib/python3.8/site-packages/airflow/example_dags/example_external_task_marker_dag.py
[2025-11-16T20:46:34.578+0000] {processor.py:840} INFO - DAG(s) 'example_external_task_marker_parent', 'example_external_task_marker_child' retrieved from /home/airflow/.local/lib/python3.8/site-packages/airflow/example_dags/example_external_task_marker_dag.py
[2025-11-16T20:46:34.611+0000] {logging_mixin.py:188} INFO - [2025-11-16T20:46:34.611+0000] {dag.py:3036} INFO - Sync 2 DAGs
[2025-11-16T20:46:34.627+0000] {logging_mixin.py:188} INFO - [2025-11-16T20:46:34.626+0000] {dag.py:3823} INFO - Setting next_dagrun for example_external_task_marker_child to None, run_after=None
[2025-11-16T20:46:34.633+0000] {logging_mixin.py:188} INFO - [2025-11-16T20:46:34.633+0000] {dag.py:3823} INFO - Setting next_dagrun for example_external_task_marker_parent to None, run_after=None
[2025-11-16T20:46:34.655+0000] {processor.py:183} INFO - Processing /home/airflow/.local/lib/python3.8/site-packages/airflow/example_dags/example_external_task_marker_dag.py took 0.094 seconds
[2025-11-16T20:47:04.876+0000] {processor.py:161} INFO - Started process (PID=904) to work on /home/airflow/.local/lib/python3.8/site-packages/airflow/example_dags/example_external_task_marker_dag.py
[2025-11-16T20:47:04.877+0000] {processor.py:830} INFO - Processing file /home/airflow/.local/lib/python3.8/site-packages/airflow/example_dags/example_external_task_marker_dag.py for tasks to queue
[2025-11-16T20:47:04.878+0000] {logging_mixin.py:188} INFO - [2025-11-16T20:47:04.878+0000] {dagbag.py:538} INFO - Filling up the DagBag from /home/airflow/.local/lib/python3.8/site-packages/airflow/example_dags/example_external_task_marker_dag.py
[2025-11-16T20:47:04.884+0000] {processor.py:840} INFO - DAG(s) 'example_external_task_marker_parent', 'example_external_task_marker_child' retrieved from /home/airflow/.local/lib/python3.8/site-packages/airflow/example_dags/example_external_task_marker_dag.py
[2025-11-16T20:47:04.912+0000] {logging_mixin.py:188} INFO - [2025-11-16T20:47:04.912+0000] {dag.py:3036} INFO - Sync 2 DAGs
[2025-11-16T20:47:04.925+0000] {logging_mixin.py:188} INFO - [2025-11-16T20:47:04.924+0000] {dag.py:3823} INFO - Setting next_dagrun for example_external_task_marker_child to None, run_after=None
[2025-11-16T20:47:04.929+0000] {logging_mixin.py:188} INFO - [2025-11-16T20:47:04.929+0000] {dag.py:3823} INFO - Setting next_dagrun for example_external_task_marker_parent to None, run_after=None
[2025-11-16T20:47:04.951+0000] {processor.py:183} INFO - Processing /home/airflow/.local/lib/python3.8/site-packages/airflow/example_dags/example_external_task_marker_dag.py took 0.078 seconds
[2025-11-16T20:47:35.154+0000] {processor.py:161} INFO - Started process (PID=985) to work on /home/airflow/.local/lib/python3.8/site-packages/airflow/example_dags/example_external_task_marker_dag.py
[2025-11-16T20:47:35.156+0000] {processor.py:830} INFO - Processing file /home/airflow/.local/lib/python3.8/site-packages/airflow/example_dags/example_external_task_marker_dag.py for tasks to queue
[2025-11-16T20:47:35.156+0000] {logging_mixin.py:188} INFO - [2025-11-16T20:47:35.156+0000] {dagbag.py:538} INFO - Filling up the DagBag from /home/airflow/.local/lib/python3.8/site-packages/airflow/example_dags/example_external_task_marker_dag.py
[2025-11-16T20:47:35.162+0000] {processor.py:840} INFO - DAG(s) 'example_external_task_marker_parent', 'example_external_task_marker_child' retrieved from /home/airflow/.local/lib/python3.8/site-packages/airflow/example_dags/example_external_task_marker_dag.py
[2025-11-16T20:47:35.190+0000] {logging_mixin.py:188} INFO - [2025-11-16T20:47:35.190+0000] {dag.py:3036} INFO - Sync 2 DAGs
[2025-11-16T20:47:35.202+0000] {logging_mixin.py:188} INFO - [2025-11-16T20:47:35.202+0000] {dag.py:3823} INFO - Setting next_dagrun for example_external_task_marker_child to None, run_after=None
[2025-11-16T20:47:35.206+0000] {logging_mixin.py:188} INFO - [2025-11-16T20:47:35.206+0000] {dag.py:3823} INFO - Setting next_dagrun for example_external_task_marker_parent to None, run_after=None
[2025-11-16T20:47:35.228+0000] {processor.py:183} INFO - Processing /home/airflow/.local/lib/python3.8/site-packages/airflow/example_dags/example_external_task_marker_dag.py took 0.076 seconds
[2025-11-16T20:48:05.962+0000] {processor.py:161} INFO - Started process (PID=1080) to work on /home/airflow/.local/lib/python3.8/site-packages/airflow/example_dags/example_external_task_marker_dag.py
[2025-11-16T20:48:05.964+0000] {processor.py:830} INFO - Processing file /home/airflow/.local/lib/python3.8/site-packages/airflow/example_dags/example_external_task_marker_dag.py for tasks to queue
[2025-11-16T20:48:05.966+0000] {logging_mixin.py:188} INFO - [2025-11-16T20:48:05.965+0000] {dagbag.py:538} INFO - Filling up the DagBag from /home/airflow/.local/lib/python3.8/site-packages/airflow/example_dags/example_external_task_marker_dag.py
[2025-11-16T20:48:05.982+0000] {processor.py:840} INFO - DAG(s) 'example_external_task_marker_parent', 'example_external_task_marker_child' retrieved from /home/airflow/.local/lib/python3.8/site-packages/airflow/example_dags/example_external_task_marker_dag.py
[2025-11-16T20:48:06.091+0000] {logging_mixin.py:188} INFO - [2025-11-16T20:48:06.091+0000] {dag.py:3036} INFO - Sync 2 DAGs
[2025-11-16T20:48:06.162+0000] {logging_mixin.py:188} INFO - [2025-11-16T20:48:06.161+0000] {dag.py:3823} INFO - Setting next_dagrun for example_external_task_marker_child to None, run_after=None
[2025-11-16T20:48:06.171+0000] {logging_mixin.py:188} INFO - [2025-11-16T20:48:06.171+0000] {dag.py:3823} INFO - Setting next_dagrun for example_external_task_marker_parent to None, run_after=None
[2025-11-16T20:48:06.226+0000] {processor.py:183} INFO - Processing /home/airflow/.local/lib/python3.8/site-packages/airflow/example_dags/example_external_task_marker_dag.py took 0.275 seconds
[2025-11-16T20:48:36.766+0000] {processor.py:161} INFO - Started process (PID=1161) to work on /home/airflow/.local/lib/python3.8/site-packages/airflow/example_dags/example_external_task_marker_dag.py
[2025-11-16T20:48:36.767+0000] {processor.py:830} INFO - Processing file /home/airflow/.local/lib/python3.8/site-packages/airflow/example_dags/example_external_task_marker_dag.py for tasks to queue
[2025-11-16T20:48:36.768+0000] {logging_mixin.py:188} INFO - [2025-11-16T20:48:36.768+0000] {dagbag.py:538} INFO - Filling up the DagBag from /home/airflow/.local/lib/python3.8/site-packages/airflow/example_dags/example_external_task_marker_dag.py
[2025-11-16T20:48:36.779+0000] {processor.py:840} INFO - DAG(s) 'example_external_task_marker_parent', 'example_external_task_marker_child' retrieved from /home/airflow/.local/lib/python3.8/site-packages/airflow/example_dags/example_external_task_marker_dag.py
[2025-11-16T20:48:36.836+0000] {logging_mixin.py:188} INFO - [2025-11-16T20:48:36.836+0000] {dag.py:3036} INFO - Sync 2 DAGs
[2025-11-16T20:48:36.866+0000] {logging_mixin.py:188} INFO - [2025-11-16T20:48:36.865+0000] {dag.py:3823} INFO - Setting next_dagrun for example_external_task_marker_child to None, run_after=None
[2025-11-16T20:48:36.875+0000] {logging_mixin.py:188} INFO - [2025-11-16T20:48:36.872+0000] {dag.py:3823} INFO - Setting next_dagrun for example_external_task_marker_parent to None, run_after=None
[2025-11-16T20:48:36.924+0000] {processor.py:183} INFO - Processing /home/airflow/.local/lib/python3.8/site-packages/airflow/example_dags/example_external_task_marker_dag.py took 0.166 seconds
[2025-11-16T20:49:16.699+0000] {processor.py:161} INFO - Started process (PID=1238) to work on /home/airflow/.local/lib/python3.8/site-packages/airflow/example_dags/example_external_task_marker_dag.py
[2025-11-16T20:49:16.722+0000] {processor.py:830} INFO - Processing file /home/airflow/.local/lib/python3.8/site-packages/airflow/example_dags/example_external_task_marker_dag.py for tasks to queue
[2025-11-16T20:49:16.723+0000] {logging_mixin.py:188} INFO - [2025-11-16T20:49:16.723+0000] {dagbag.py:538} INFO - Filling up the DagBag from /home/airflow/.local/lib/python3.8/site-packages/airflow/example_dags/example_external_task_marker_dag.py
[2025-11-16T20:49:16.732+0000] {processor.py:840} INFO - DAG(s) 'example_external_task_marker_parent', 'example_external_task_marker_child' retrieved from /home/airflow/.local/lib/python3.8/site-packages/airflow/example_dags/example_external_task_marker_dag.py
[2025-11-16T20:49:16.789+0000] {logging_mixin.py:188} INFO - [2025-11-16T20:49:16.789+0000] {dag.py:3036} INFO - Sync 2 DAGs
[2025-11-16T20:49:16.821+0000] {logging_mixin.py:188} INFO - [2025-11-16T20:49:16.821+0000] {dag.py:3823} INFO - Setting next_dagrun for example_external_task_marker_child to None, run_after=None
[2025-11-16T20:49:16.831+0000] {logging_mixin.py:188} INFO - [2025-11-16T20:49:16.830+0000] {dag.py:3823} INFO - Setting next_dagrun for example_external_task_marker_parent to None, run_after=None
[2025-11-16T20:49:16.875+0000] {processor.py:183} INFO - Processing /home/airflow/.local/lib/python3.8/site-packages/airflow/example_dags/example_external_task_marker_dag.py took 0.183 seconds
[2025-11-16T20:50:04.290+0000] {processor.py:161} INFO - Started process (PID=1317) to work on /home/airflow/.local/lib/python3.8/site-packages/airflow/example_dags/example_external_task_marker_dag.py
[2025-11-16T20:50:04.291+0000] {processor.py:830} INFO - Processing file /home/airflow/.local/lib/python3.8/site-packages/airflow/example_dags/example_external_task_marker_dag.py for tasks to queue
[2025-11-16T20:50:04.295+0000] {logging_mixin.py:188} INFO - [2025-11-16T20:50:04.294+0000] {dagbag.py:538} INFO - Filling up the DagBag from /home/airflow/.local/lib/python3.8/site-packages/airflow/example_dags/example_external_task_marker_dag.py
[2025-11-16T20:50:04.306+0000] {processor.py:840} INFO - DAG(s) 'example_external_task_marker_parent', 'example_external_task_marker_child' retrieved from /home/airflow/.local/lib/python3.8/site-packages/airflow/example_dags/example_external_task_marker_dag.py
[2025-11-16T20:50:04.352+0000] {logging_mixin.py:188} INFO - [2025-11-16T20:50:04.352+0000] {dag.py:3036} INFO - Sync 2 DAGs
[2025-11-16T20:50:04.374+0000] {logging_mixin.py:188} INFO - [2025-11-16T20:50:04.374+0000] {dag.py:3823} INFO - Setting next_dagrun for example_external_task_marker_child to None, run_after=None
[2025-11-16T20:50:04.380+0000] {logging_mixin.py:188} INFO - [2025-11-16T20:50:04.379+0000] {dag.py:3823} INFO - Setting next_dagrun for example_external_task_marker_parent to None, run_after=None
[2025-11-16T20:50:04.417+0000] {processor.py:183} INFO - Processing /home/airflow/.local/lib/python3.8/site-packages/airflow/example_dags/example_external_task_marker_dag.py took 0.132 seconds
[2025-11-16T23:16:16.979+0000] {processor.py:161} INFO - Started process (PID=1413) to work on /home/airflow/.local/lib/python3.8/site-packages/airflow/example_dags/example_external_task_marker_dag.py
[2025-11-16T23:16:16.981+0000] {processor.py:830} INFO - Processing file /home/airflow/.local/lib/python3.8/site-packages/airflow/example_dags/example_external_task_marker_dag.py for tasks to queue
[2025-11-16T23:16:16.983+0000] {logging_mixin.py:188} INFO - [2025-11-16T23:16:16.982+0000] {dagbag.py:538} INFO - Filling up the DagBag from /home/airflow/.local/lib/python3.8/site-packages/airflow/example_dags/example_external_task_marker_dag.py
[2025-11-16T23:16:17.067+0000] {processor.py:840} INFO - DAG(s) 'example_external_task_marker_parent', 'example_external_task_marker_child' retrieved from /home/airflow/.local/lib/python3.8/site-packages/airflow/example_dags/example_external_task_marker_dag.py
[2025-11-16T23:16:17.357+0000] {logging_mixin.py:188} INFO - [2025-11-16T23:16:17.357+0000] {dag.py:3036} INFO - Sync 2 DAGs
[2025-11-16T23:16:17.463+0000] {logging_mixin.py:188} INFO - [2025-11-16T23:16:17.462+0000] {dag.py:3823} INFO - Setting next_dagrun for example_external_task_marker_child to None, run_after=None
[2025-11-16T23:16:17.488+0000] {logging_mixin.py:188} INFO - [2025-11-16T23:16:17.486+0000] {dag.py:3823} INFO - Setting next_dagrun for example_external_task_marker_parent to None, run_after=None
[2025-11-16T23:16:17.602+0000] {processor.py:183} INFO - Processing /home/airflow/.local/lib/python3.8/site-packages/airflow/example_dags/example_external_task_marker_dag.py took 0.632 seconds
[2025-11-16T23:16:49.156+0000] {processor.py:161} INFO - Started process (PID=1495) to work on /home/airflow/.local/lib/python3.8/site-packages/airflow/example_dags/example_external_task_marker_dag.py
[2025-11-16T23:16:49.158+0000] {processor.py:830} INFO - Processing file /home/airflow/.local/lib/python3.8/site-packages/airflow/example_dags/example_external_task_marker_dag.py for tasks to queue
[2025-11-16T23:16:49.160+0000] {logging_mixin.py:188} INFO - [2025-11-16T23:16:49.159+0000] {dagbag.py:538} INFO - Filling up the DagBag from /home/airflow/.local/lib/python3.8/site-packages/airflow/example_dags/example_external_task_marker_dag.py
[2025-11-16T23:16:49.176+0000] {processor.py:840} INFO - DAG(s) 'example_external_task_marker_child', 'example_external_task_marker_parent' retrieved from /home/airflow/.local/lib/python3.8/site-packages/airflow/example_dags/example_external_task_marker_dag.py
[2025-11-16T23:16:49.249+0000] {logging_mixin.py:188} INFO - [2025-11-16T23:16:49.248+0000] {dag.py:3036} INFO - Sync 2 DAGs
[2025-11-16T23:16:49.286+0000] {logging_mixin.py:188} INFO - [2025-11-16T23:16:49.286+0000] {dag.py:3823} INFO - Setting next_dagrun for example_external_task_marker_child to None, run_after=None
[2025-11-16T23:16:49.292+0000] {logging_mixin.py:188} INFO - [2025-11-16T23:16:49.292+0000] {dag.py:3823} INFO - Setting next_dagrun for example_external_task_marker_parent to None, run_after=None
[2025-11-16T23:16:49.332+0000] {processor.py:183} INFO - Processing /home/airflow/.local/lib/python3.8/site-packages/airflow/example_dags/example_external_task_marker_dag.py took 0.183 seconds
[2025-11-16T23:17:22.997+0000] {processor.py:161} INFO - Started process (PID=1577) to work on /home/airflow/.local/lib/python3.8/site-packages/airflow/example_dags/example_external_task_marker_dag.py
[2025-11-16T23:17:22.999+0000] {processor.py:830} INFO - Processing file /home/airflow/.local/lib/python3.8/site-packages/airflow/example_dags/example_external_task_marker_dag.py for tasks to queue
[2025-11-16T23:17:23.001+0000] {logging_mixin.py:188} INFO - [2025-11-16T23:17:23.000+0000] {dagbag.py:538} INFO - Filling up the DagBag from /home/airflow/.local/lib/python3.8/site-packages/airflow/example_dags/example_external_task_marker_dag.py
[2025-11-16T23:17:23.031+0000] {processor.py:840} INFO - DAG(s) 'example_external_task_marker_child', 'example_external_task_marker_parent' retrieved from /home/airflow/.local/lib/python3.8/site-packages/airflow/example_dags/example_external_task_marker_dag.py
[2025-11-16T23:17:23.100+0000] {logging_mixin.py:188} INFO - [2025-11-16T23:17:23.100+0000] {dag.py:3036} INFO - Sync 2 DAGs
[2025-11-16T23:17:23.143+0000] {logging_mixin.py:188} INFO - [2025-11-16T23:17:23.143+0000] {dag.py:3823} INFO - Setting next_dagrun for example_external_task_marker_child to None, run_after=None
[2025-11-16T23:17:23.155+0000] {logging_mixin.py:188} INFO - [2025-11-16T23:17:23.154+0000] {dag.py:3823} INFO - Setting next_dagrun for example_external_task_marker_parent to None, run_after=None
[2025-11-16T23:17:23.202+0000] {processor.py:183} INFO - Processing /home/airflow/.local/lib/python3.8/site-packages/airflow/example_dags/example_external_task_marker_dag.py took 0.224 seconds
[2025-11-16T23:17:57.202+0000] {processor.py:161} INFO - Started process (PID=1643) to work on /home/airflow/.local/lib/python3.8/site-packages/airflow/example_dags/example_external_task_marker_dag.py
[2025-11-16T23:17:57.204+0000] {processor.py:830} INFO - Processing file /home/airflow/.local/lib/python3.8/site-packages/airflow/example_dags/example_external_task_marker_dag.py for tasks to queue
[2025-11-16T23:17:57.209+0000] {logging_mixin.py:188} INFO - [2025-11-16T23:17:57.205+0000] {dagbag.py:538} INFO - Filling up the DagBag from /home/airflow/.local/lib/python3.8/site-packages/airflow/example_dags/example_external_task_marker_dag.py
[2025-11-16T23:17:57.222+0000] {processor.py:840} INFO - DAG(s) 'example_external_task_marker_child', 'example_external_task_marker_parent' retrieved from /home/airflow/.local/lib/python3.8/site-packages/airflow/example_dags/example_external_task_marker_dag.py
[2025-11-16T23:17:57.288+0000] {logging_mixin.py:188} INFO - [2025-11-16T23:17:57.288+0000] {dag.py:3036} INFO - Sync 2 DAGs
[2025-11-16T23:17:57.320+0000] {logging_mixin.py:188} INFO - [2025-11-16T23:17:57.320+0000] {dag.py:3823} INFO - Setting next_dagrun for example_external_task_marker_child to None, run_after=None
[2025-11-16T23:17:57.327+0000] {logging_mixin.py:188} INFO - [2025-11-16T23:17:57.326+0000] {dag.py:3823} INFO - Setting next_dagrun for example_external_task_marker_parent to None, run_after=None
[2025-11-16T23:17:57.369+0000] {processor.py:183} INFO - Processing /home/airflow/.local/lib/python3.8/site-packages/airflow/example_dags/example_external_task_marker_dag.py took 0.171 seconds
[2025-11-16T23:18:30.839+0000] {processor.py:161} INFO - Started process (PID=1725) to work on /home/airflow/.local/lib/python3.8/site-packages/airflow/example_dags/example_external_task_marker_dag.py
[2025-11-16T23:18:30.842+0000] {processor.py:830} INFO - Processing file /home/airflow/.local/lib/python3.8/site-packages/airflow/example_dags/example_external_task_marker_dag.py for tasks to queue
[2025-11-16T23:18:30.953+0000] {logging_mixin.py:188} INFO - [2025-11-16T23:18:30.952+0000] {dagbag.py:538} INFO - Filling up the DagBag from /home/airflow/.local/lib/python3.8/site-packages/airflow/example_dags/example_external_task_marker_dag.py
[2025-11-16T23:18:30.963+0000] {processor.py:840} INFO - DAG(s) 'example_external_task_marker_child', 'example_external_task_marker_parent' retrieved from /home/airflow/.local/lib/python3.8/site-packages/airflow/example_dags/example_external_task_marker_dag.py
[2025-11-16T23:18:31.000+0000] {logging_mixin.py:188} INFO - [2025-11-16T23:18:31.000+0000] {dag.py:3036} INFO - Sync 2 DAGs
[2025-11-16T23:18:31.055+0000] {logging_mixin.py:188} INFO - [2025-11-16T23:18:31.055+0000] {dag.py:3823} INFO - Setting next_dagrun for example_external_task_marker_child to None, run_after=None
[2025-11-16T23:18:31.061+0000] {logging_mixin.py:188} INFO - [2025-11-16T23:18:31.059+0000] {dag.py:3823} INFO - Setting next_dagrun for example_external_task_marker_parent to None, run_after=None
[2025-11-16T23:18:31.532+0000] {processor.py:183} INFO - Processing /home/airflow/.local/lib/python3.8/site-packages/airflow/example_dags/example_external_task_marker_dag.py took 0.698 seconds
[2025-11-16T23:19:02.228+0000] {processor.py:161} INFO - Started process (PID=1805) to work on /home/airflow/.local/lib/python3.8/site-packages/airflow/example_dags/example_external_task_marker_dag.py
[2025-11-16T23:19:02.231+0000] {processor.py:830} INFO - Processing file /home/airflow/.local/lib/python3.8/site-packages/airflow/example_dags/example_external_task_marker_dag.py for tasks to queue
[2025-11-16T23:19:02.232+0000] {logging_mixin.py:188} INFO - [2025-11-16T23:19:02.232+0000] {dagbag.py:538} INFO - Filling up the DagBag from /home/airflow/.local/lib/python3.8/site-packages/airflow/example_dags/example_external_task_marker_dag.py
[2025-11-16T23:19:02.245+0000] {processor.py:840} INFO - DAG(s) 'example_external_task_marker_parent', 'example_external_task_marker_child' retrieved from /home/airflow/.local/lib/python3.8/site-packages/airflow/example_dags/example_external_task_marker_dag.py
[2025-11-16T23:19:02.309+0000] {logging_mixin.py:188} INFO - [2025-11-16T23:19:02.308+0000] {dag.py:3036} INFO - Sync 2 DAGs
[2025-11-16T23:19:02.335+0000] {logging_mixin.py:188} INFO - [2025-11-16T23:19:02.334+0000] {dag.py:3823} INFO - Setting next_dagrun for example_external_task_marker_child to None, run_after=None
[2025-11-16T23:19:02.343+0000] {logging_mixin.py:188} INFO - [2025-11-16T23:19:02.342+0000] {dag.py:3823} INFO - Setting next_dagrun for example_external_task_marker_parent to None, run_after=None
[2025-11-16T23:19:02.376+0000] {processor.py:183} INFO - Processing /home/airflow/.local/lib/python3.8/site-packages/airflow/example_dags/example_external_task_marker_dag.py took 0.152 seconds
