[2025-11-16T20:20:37.304+0000] {processor.py:161} INFO - Started process (PID=171) to work on /home/airflow/.local/lib/python3.8/site-packages/airflow/example_dags/example_time_delta_sensor_async.py
[2025-11-16T20:20:37.306+0000] {processor.py:830} INFO - Processing file /home/airflow/.local/lib/python3.8/site-packages/airflow/example_dags/example_time_delta_sensor_async.py for tasks to queue
[2025-11-16T20:20:37.307+0000] {logging_mixin.py:188} INFO - [2025-11-16T20:20:37.307+0000] {dagbag.py:538} INFO - Filling up the DagBag from /home/airflow/.local/lib/python3.8/site-packages/airflow/example_dags/example_time_delta_sensor_async.py
[2025-11-16T20:20:37.374+0000] {processor.py:840} INFO - DAG(s) 'example_time_delta_sensor_async' retrieved from /home/airflow/.local/lib/python3.8/site-packages/airflow/example_dags/example_time_delta_sensor_async.py
[2025-11-16T20:20:38.074+0000] {logging_mixin.py:188} INFO - [2025-11-16T20:20:38.072+0000] {override.py:1769} INFO - Created Permission View: can edit on DAG:example_time_delta_sensor_async
[2025-11-16T20:20:38.394+0000] {logging_mixin.py:188} INFO - [2025-11-16T20:20:38.394+0000] {override.py:1769} INFO - Created Permission View: can read on DAG:example_time_delta_sensor_async
[2025-11-16T20:20:38.763+0000] {logging_mixin.py:188} INFO - [2025-11-16T20:20:38.763+0000] {override.py:1769} INFO - Created Permission View: can delete on DAG:example_time_delta_sensor_async
[2025-11-16T20:20:38.764+0000] {logging_mixin.py:188} INFO - [2025-11-16T20:20:38.764+0000] {dag.py:3036} INFO - Sync 1 DAGs
[2025-11-16T20:20:38.775+0000] {logging_mixin.py:188} INFO - [2025-11-16T20:20:38.774+0000] {dag.py:3058} INFO - Creating ORM DAG for example_time_delta_sensor_async
[2025-11-16T20:20:38.776+0000] {logging_mixin.py:188} INFO - [2025-11-16T20:20:38.776+0000] {dag.py:3823} INFO - Setting next_dagrun for example_time_delta_sensor_async to None, run_after=None
[2025-11-16T20:20:38.937+0000] {processor.py:183} INFO - Processing /home/airflow/.local/lib/python3.8/site-packages/airflow/example_dags/example_time_delta_sensor_async.py took 1.636 seconds
[2025-11-16T20:21:10.541+0000] {processor.py:161} INFO - Started process (PID=252) to work on /home/airflow/.local/lib/python3.8/site-packages/airflow/example_dags/example_time_delta_sensor_async.py
[2025-11-16T20:21:10.542+0000] {processor.py:830} INFO - Processing file /home/airflow/.local/lib/python3.8/site-packages/airflow/example_dags/example_time_delta_sensor_async.py for tasks to queue
[2025-11-16T20:21:10.543+0000] {logging_mixin.py:188} INFO - [2025-11-16T20:21:10.542+0000] {dagbag.py:538} INFO - Filling up the DagBag from /home/airflow/.local/lib/python3.8/site-packages/airflow/example_dags/example_time_delta_sensor_async.py
[2025-11-16T20:21:10.548+0000] {processor.py:840} INFO - DAG(s) 'example_time_delta_sensor_async' retrieved from /home/airflow/.local/lib/python3.8/site-packages/airflow/example_dags/example_time_delta_sensor_async.py
[2025-11-16T20:21:10.572+0000] {logging_mixin.py:188} INFO - [2025-11-16T20:21:10.572+0000] {dag.py:3036} INFO - Sync 1 DAGs
[2025-11-16T20:21:10.583+0000] {logging_mixin.py:188} INFO - [2025-11-16T20:21:10.582+0000] {dag.py:3823} INFO - Setting next_dagrun for example_time_delta_sensor_async to None, run_after=None
[2025-11-16T20:21:10.847+0000] {processor.py:183} INFO - Processing /home/airflow/.local/lib/python3.8/site-packages/airflow/example_dags/example_time_delta_sensor_async.py took 0.310 seconds
[2025-11-16T20:21:41.670+0000] {processor.py:161} INFO - Started process (PID=325) to work on /home/airflow/.local/lib/python3.8/site-packages/airflow/example_dags/example_time_delta_sensor_async.py
[2025-11-16T20:21:41.671+0000] {processor.py:830} INFO - Processing file /home/airflow/.local/lib/python3.8/site-packages/airflow/example_dags/example_time_delta_sensor_async.py for tasks to queue
[2025-11-16T20:21:41.672+0000] {logging_mixin.py:188} INFO - [2025-11-16T20:21:41.672+0000] {dagbag.py:538} INFO - Filling up the DagBag from /home/airflow/.local/lib/python3.8/site-packages/airflow/example_dags/example_time_delta_sensor_async.py
[2025-11-16T20:21:41.679+0000] {processor.py:840} INFO - DAG(s) 'example_time_delta_sensor_async' retrieved from /home/airflow/.local/lib/python3.8/site-packages/airflow/example_dags/example_time_delta_sensor_async.py
[2025-11-16T20:21:41.707+0000] {logging_mixin.py:188} INFO - [2025-11-16T20:21:41.706+0000] {dag.py:3036} INFO - Sync 1 DAGs
[2025-11-16T20:21:41.720+0000] {logging_mixin.py:188} INFO - [2025-11-16T20:21:41.720+0000] {dag.py:3823} INFO - Setting next_dagrun for example_time_delta_sensor_async to None, run_after=None
[2025-11-16T20:21:41.743+0000] {processor.py:183} INFO - Processing /home/airflow/.local/lib/python3.8/site-packages/airflow/example_dags/example_time_delta_sensor_async.py took 0.077 seconds
[2025-11-16T20:22:12.074+0000] {processor.py:161} INFO - Started process (PID=414) to work on /home/airflow/.local/lib/python3.8/site-packages/airflow/example_dags/example_time_delta_sensor_async.py
[2025-11-16T20:22:12.075+0000] {processor.py:830} INFO - Processing file /home/airflow/.local/lib/python3.8/site-packages/airflow/example_dags/example_time_delta_sensor_async.py for tasks to queue
[2025-11-16T20:22:12.077+0000] {logging_mixin.py:188} INFO - [2025-11-16T20:22:12.076+0000] {dagbag.py:538} INFO - Filling up the DagBag from /home/airflow/.local/lib/python3.8/site-packages/airflow/example_dags/example_time_delta_sensor_async.py
[2025-11-16T20:22:12.083+0000] {processor.py:840} INFO - DAG(s) 'example_time_delta_sensor_async' retrieved from /home/airflow/.local/lib/python3.8/site-packages/airflow/example_dags/example_time_delta_sensor_async.py
[2025-11-16T20:22:12.112+0000] {logging_mixin.py:188} INFO - [2025-11-16T20:22:12.112+0000] {dag.py:3036} INFO - Sync 1 DAGs
[2025-11-16T20:22:12.126+0000] {logging_mixin.py:188} INFO - [2025-11-16T20:22:12.125+0000] {dag.py:3823} INFO - Setting next_dagrun for example_time_delta_sensor_async to None, run_after=None
[2025-11-16T20:22:12.151+0000] {processor.py:183} INFO - Processing /home/airflow/.local/lib/python3.8/site-packages/airflow/example_dags/example_time_delta_sensor_async.py took 0.080 seconds
[2025-11-16T20:22:42.758+0000] {processor.py:161} INFO - Started process (PID=495) to work on /home/airflow/.local/lib/python3.8/site-packages/airflow/example_dags/example_time_delta_sensor_async.py
[2025-11-16T20:22:42.759+0000] {processor.py:830} INFO - Processing file /home/airflow/.local/lib/python3.8/site-packages/airflow/example_dags/example_time_delta_sensor_async.py for tasks to queue
[2025-11-16T20:22:42.761+0000] {logging_mixin.py:188} INFO - [2025-11-16T20:22:42.760+0000] {dagbag.py:538} INFO - Filling up the DagBag from /home/airflow/.local/lib/python3.8/site-packages/airflow/example_dags/example_time_delta_sensor_async.py
[2025-11-16T20:22:42.786+0000] {processor.py:840} INFO - DAG(s) 'example_time_delta_sensor_async' retrieved from /home/airflow/.local/lib/python3.8/site-packages/airflow/example_dags/example_time_delta_sensor_async.py
[2025-11-16T20:22:42.825+0000] {logging_mixin.py:188} INFO - [2025-11-16T20:22:42.825+0000] {dag.py:3036} INFO - Sync 1 DAGs
[2025-11-16T20:22:42.847+0000] {logging_mixin.py:188} INFO - [2025-11-16T20:22:42.846+0000] {dag.py:3823} INFO - Setting next_dagrun for example_time_delta_sensor_async to None, run_after=None
[2025-11-16T20:22:42.880+0000] {processor.py:183} INFO - Processing /home/airflow/.local/lib/python3.8/site-packages/airflow/example_dags/example_time_delta_sensor_async.py took 0.126 seconds
[2025-11-16T20:23:12.937+0000] {processor.py:161} INFO - Started process (PID=583) to work on /home/airflow/.local/lib/python3.8/site-packages/airflow/example_dags/example_time_delta_sensor_async.py
[2025-11-16T20:23:12.938+0000] {processor.py:830} INFO - Processing file /home/airflow/.local/lib/python3.8/site-packages/airflow/example_dags/example_time_delta_sensor_async.py for tasks to queue
[2025-11-16T20:23:13.020+0000] {logging_mixin.py:188} INFO - [2025-11-16T20:23:13.019+0000] {dagbag.py:538} INFO - Filling up the DagBag from /home/airflow/.local/lib/python3.8/site-packages/airflow/example_dags/example_time_delta_sensor_async.py
[2025-11-16T20:23:13.025+0000] {processor.py:840} INFO - DAG(s) 'example_time_delta_sensor_async' retrieved from /home/airflow/.local/lib/python3.8/site-packages/airflow/example_dags/example_time_delta_sensor_async.py
[2025-11-16T20:23:13.051+0000] {logging_mixin.py:188} INFO - [2025-11-16T20:23:13.050+0000] {dag.py:3036} INFO - Sync 1 DAGs
[2025-11-16T20:23:13.062+0000] {logging_mixin.py:188} INFO - [2025-11-16T20:23:13.062+0000] {dag.py:3823} INFO - Setting next_dagrun for example_time_delta_sensor_async to None, run_after=None
[2025-11-16T20:23:13.210+0000] {processor.py:183} INFO - Processing /home/airflow/.local/lib/python3.8/site-packages/airflow/example_dags/example_time_delta_sensor_async.py took 0.276 seconds
[2025-11-16T20:23:44.092+0000] {processor.py:161} INFO - Started process (PID=664) to work on /home/airflow/.local/lib/python3.8/site-packages/airflow/example_dags/example_time_delta_sensor_async.py
[2025-11-16T20:23:44.093+0000] {processor.py:830} INFO - Processing file /home/airflow/.local/lib/python3.8/site-packages/airflow/example_dags/example_time_delta_sensor_async.py for tasks to queue
[2025-11-16T20:23:44.095+0000] {logging_mixin.py:188} INFO - [2025-11-16T20:23:44.094+0000] {dagbag.py:538} INFO - Filling up the DagBag from /home/airflow/.local/lib/python3.8/site-packages/airflow/example_dags/example_time_delta_sensor_async.py
[2025-11-16T20:23:44.099+0000] {processor.py:840} INFO - DAG(s) 'example_time_delta_sensor_async' retrieved from /home/airflow/.local/lib/python3.8/site-packages/airflow/example_dags/example_time_delta_sensor_async.py
[2025-11-16T20:23:44.126+0000] {logging_mixin.py:188} INFO - [2025-11-16T20:23:44.125+0000] {dag.py:3036} INFO - Sync 1 DAGs
[2025-11-16T20:23:44.138+0000] {logging_mixin.py:188} INFO - [2025-11-16T20:23:44.138+0000] {dag.py:3823} INFO - Setting next_dagrun for example_time_delta_sensor_async to None, run_after=None
[2025-11-16T20:23:44.164+0000] {processor.py:183} INFO - Processing /home/airflow/.local/lib/python3.8/site-packages/airflow/example_dags/example_time_delta_sensor_async.py took 0.075 seconds
[2025-11-16T20:24:14.424+0000] {processor.py:161} INFO - Started process (PID=753) to work on /home/airflow/.local/lib/python3.8/site-packages/airflow/example_dags/example_time_delta_sensor_async.py
[2025-11-16T20:24:14.426+0000] {processor.py:830} INFO - Processing file /home/airflow/.local/lib/python3.8/site-packages/airflow/example_dags/example_time_delta_sensor_async.py for tasks to queue
[2025-11-16T20:24:14.428+0000] {logging_mixin.py:188} INFO - [2025-11-16T20:24:14.427+0000] {dagbag.py:538} INFO - Filling up the DagBag from /home/airflow/.local/lib/python3.8/site-packages/airflow/example_dags/example_time_delta_sensor_async.py
[2025-11-16T20:24:14.437+0000] {processor.py:840} INFO - DAG(s) 'example_time_delta_sensor_async' retrieved from /home/airflow/.local/lib/python3.8/site-packages/airflow/example_dags/example_time_delta_sensor_async.py
[2025-11-16T20:24:14.478+0000] {logging_mixin.py:188} INFO - [2025-11-16T20:24:14.478+0000] {dag.py:3036} INFO - Sync 1 DAGs
[2025-11-16T20:24:14.501+0000] {logging_mixin.py:188} INFO - [2025-11-16T20:24:14.500+0000] {dag.py:3823} INFO - Setting next_dagrun for example_time_delta_sensor_async to None, run_after=None
[2025-11-16T20:24:14.542+0000] {processor.py:183} INFO - Processing /home/airflow/.local/lib/python3.8/site-packages/airflow/example_dags/example_time_delta_sensor_async.py took 0.123 seconds
[2025-11-16T20:24:44.653+0000] {processor.py:161} INFO - Started process (PID=841) to work on /home/airflow/.local/lib/python3.8/site-packages/airflow/example_dags/example_time_delta_sensor_async.py
[2025-11-16T20:24:44.654+0000] {processor.py:830} INFO - Processing file /home/airflow/.local/lib/python3.8/site-packages/airflow/example_dags/example_time_delta_sensor_async.py for tasks to queue
[2025-11-16T20:24:44.655+0000] {logging_mixin.py:188} INFO - [2025-11-16T20:24:44.655+0000] {dagbag.py:538} INFO - Filling up the DagBag from /home/airflow/.local/lib/python3.8/site-packages/airflow/example_dags/example_time_delta_sensor_async.py
[2025-11-16T20:24:44.660+0000] {processor.py:840} INFO - DAG(s) 'example_time_delta_sensor_async' retrieved from /home/airflow/.local/lib/python3.8/site-packages/airflow/example_dags/example_time_delta_sensor_async.py
[2025-11-16T20:24:44.684+0000] {logging_mixin.py:188} INFO - [2025-11-16T20:24:44.684+0000] {dag.py:3036} INFO - Sync 1 DAGs
[2025-11-16T20:24:44.696+0000] {logging_mixin.py:188} INFO - [2025-11-16T20:24:44.696+0000] {dag.py:3823} INFO - Setting next_dagrun for example_time_delta_sensor_async to None, run_after=None
[2025-11-16T20:24:44.719+0000] {processor.py:183} INFO - Processing /home/airflow/.local/lib/python3.8/site-packages/airflow/example_dags/example_time_delta_sensor_async.py took 0.069 seconds
[2025-11-16T20:25:14.884+0000] {processor.py:161} INFO - Started process (PID=922) to work on /home/airflow/.local/lib/python3.8/site-packages/airflow/example_dags/example_time_delta_sensor_async.py
[2025-11-16T20:25:14.886+0000] {processor.py:830} INFO - Processing file /home/airflow/.local/lib/python3.8/site-packages/airflow/example_dags/example_time_delta_sensor_async.py for tasks to queue
[2025-11-16T20:25:14.887+0000] {logging_mixin.py:188} INFO - [2025-11-16T20:25:14.887+0000] {dagbag.py:538} INFO - Filling up the DagBag from /home/airflow/.local/lib/python3.8/site-packages/airflow/example_dags/example_time_delta_sensor_async.py
[2025-11-16T20:25:14.894+0000] {processor.py:840} INFO - DAG(s) 'example_time_delta_sensor_async' retrieved from /home/airflow/.local/lib/python3.8/site-packages/airflow/example_dags/example_time_delta_sensor_async.py
[2025-11-16T20:25:14.929+0000] {logging_mixin.py:188} INFO - [2025-11-16T20:25:14.928+0000] {dag.py:3036} INFO - Sync 1 DAGs
[2025-11-16T20:25:14.952+0000] {logging_mixin.py:188} INFO - [2025-11-16T20:25:14.952+0000] {dag.py:3823} INFO - Setting next_dagrun for example_time_delta_sensor_async to None, run_after=None
[2025-11-16T20:25:14.977+0000] {processor.py:183} INFO - Processing /home/airflow/.local/lib/python3.8/site-packages/airflow/example_dags/example_time_delta_sensor_async.py took 0.097 seconds
[2025-11-16T20:25:45.031+0000] {processor.py:161} INFO - Started process (PID=1018) to work on /home/airflow/.local/lib/python3.8/site-packages/airflow/example_dags/example_time_delta_sensor_async.py
[2025-11-16T20:25:45.032+0000] {processor.py:830} INFO - Processing file /home/airflow/.local/lib/python3.8/site-packages/airflow/example_dags/example_time_delta_sensor_async.py for tasks to queue
[2025-11-16T20:25:45.033+0000] {logging_mixin.py:188} INFO - [2025-11-16T20:25:45.033+0000] {dagbag.py:538} INFO - Filling up the DagBag from /home/airflow/.local/lib/python3.8/site-packages/airflow/example_dags/example_time_delta_sensor_async.py
[2025-11-16T20:25:45.039+0000] {processor.py:840} INFO - DAG(s) 'example_time_delta_sensor_async' retrieved from /home/airflow/.local/lib/python3.8/site-packages/airflow/example_dags/example_time_delta_sensor_async.py
[2025-11-16T20:25:45.066+0000] {logging_mixin.py:188} INFO - [2025-11-16T20:25:45.066+0000] {dag.py:3036} INFO - Sync 1 DAGs
[2025-11-16T20:25:45.080+0000] {logging_mixin.py:188} INFO - [2025-11-16T20:25:45.080+0000] {dag.py:3823} INFO - Setting next_dagrun for example_time_delta_sensor_async to None, run_after=None
[2025-11-16T20:25:45.105+0000] {processor.py:183} INFO - Processing /home/airflow/.local/lib/python3.8/site-packages/airflow/example_dags/example_time_delta_sensor_async.py took 0.077 seconds
[2025-11-16T20:26:15.319+0000] {processor.py:161} INFO - Started process (PID=1099) to work on /home/airflow/.local/lib/python3.8/site-packages/airflow/example_dags/example_time_delta_sensor_async.py
[2025-11-16T20:26:15.320+0000] {processor.py:830} INFO - Processing file /home/airflow/.local/lib/python3.8/site-packages/airflow/example_dags/example_time_delta_sensor_async.py for tasks to queue
[2025-11-16T20:26:15.321+0000] {logging_mixin.py:188} INFO - [2025-11-16T20:26:15.321+0000] {dagbag.py:538} INFO - Filling up the DagBag from /home/airflow/.local/lib/python3.8/site-packages/airflow/example_dags/example_time_delta_sensor_async.py
[2025-11-16T20:26:15.326+0000] {processor.py:840} INFO - DAG(s) 'example_time_delta_sensor_async' retrieved from /home/airflow/.local/lib/python3.8/site-packages/airflow/example_dags/example_time_delta_sensor_async.py
[2025-11-16T20:26:15.353+0000] {logging_mixin.py:188} INFO - [2025-11-16T20:26:15.353+0000] {dag.py:3036} INFO - Sync 1 DAGs
[2025-11-16T20:26:15.371+0000] {logging_mixin.py:188} INFO - [2025-11-16T20:26:15.370+0000] {dag.py:3823} INFO - Setting next_dagrun for example_time_delta_sensor_async to None, run_after=None
[2025-11-16T20:26:15.399+0000] {processor.py:183} INFO - Processing /home/airflow/.local/lib/python3.8/site-packages/airflow/example_dags/example_time_delta_sensor_async.py took 0.083 seconds
[2025-11-16T20:26:45.926+0000] {processor.py:161} INFO - Started process (PID=1195) to work on /home/airflow/.local/lib/python3.8/site-packages/airflow/example_dags/example_time_delta_sensor_async.py
[2025-11-16T20:26:45.927+0000] {processor.py:830} INFO - Processing file /home/airflow/.local/lib/python3.8/site-packages/airflow/example_dags/example_time_delta_sensor_async.py for tasks to queue
[2025-11-16T20:26:45.929+0000] {logging_mixin.py:188} INFO - [2025-11-16T20:26:45.928+0000] {dagbag.py:538} INFO - Filling up the DagBag from /home/airflow/.local/lib/python3.8/site-packages/airflow/example_dags/example_time_delta_sensor_async.py
[2025-11-16T20:26:45.938+0000] {processor.py:840} INFO - DAG(s) 'example_time_delta_sensor_async' retrieved from /home/airflow/.local/lib/python3.8/site-packages/airflow/example_dags/example_time_delta_sensor_async.py
[2025-11-16T20:26:45.978+0000] {logging_mixin.py:188} INFO - [2025-11-16T20:26:45.978+0000] {dag.py:3036} INFO - Sync 1 DAGs
[2025-11-16T20:26:45.995+0000] {logging_mixin.py:188} INFO - [2025-11-16T20:26:45.994+0000] {dag.py:3823} INFO - Setting next_dagrun for example_time_delta_sensor_async to None, run_after=None
[2025-11-16T20:26:46.036+0000] {processor.py:183} INFO - Processing /home/airflow/.local/lib/python3.8/site-packages/airflow/example_dags/example_time_delta_sensor_async.py took 0.116 seconds
[2025-11-16T20:27:16.502+0000] {processor.py:161} INFO - Started process (PID=1275) to work on /home/airflow/.local/lib/python3.8/site-packages/airflow/example_dags/example_time_delta_sensor_async.py
[2025-11-16T20:27:16.503+0000] {processor.py:830} INFO - Processing file /home/airflow/.local/lib/python3.8/site-packages/airflow/example_dags/example_time_delta_sensor_async.py for tasks to queue
[2025-11-16T20:27:16.505+0000] {logging_mixin.py:188} INFO - [2025-11-16T20:27:16.505+0000] {dagbag.py:538} INFO - Filling up the DagBag from /home/airflow/.local/lib/python3.8/site-packages/airflow/example_dags/example_time_delta_sensor_async.py
[2025-11-16T20:27:16.523+0000] {processor.py:840} INFO - DAG(s) 'example_time_delta_sensor_async' retrieved from /home/airflow/.local/lib/python3.8/site-packages/airflow/example_dags/example_time_delta_sensor_async.py
[2025-11-16T20:27:16.582+0000] {logging_mixin.py:188} INFO - [2025-11-16T20:27:16.581+0000] {dag.py:3036} INFO - Sync 1 DAGs
[2025-11-16T20:27:16.610+0000] {logging_mixin.py:188} INFO - [2025-11-16T20:27:16.609+0000] {dag.py:3823} INFO - Setting next_dagrun for example_time_delta_sensor_async to None, run_after=None
[2025-11-16T20:27:16.648+0000] {processor.py:183} INFO - Processing /home/airflow/.local/lib/python3.8/site-packages/airflow/example_dags/example_time_delta_sensor_async.py took 0.156 seconds
[2025-11-16T20:27:46.766+0000] {processor.py:161} INFO - Started process (PID=1356) to work on /home/airflow/.local/lib/python3.8/site-packages/airflow/example_dags/example_time_delta_sensor_async.py
[2025-11-16T20:27:46.767+0000] {processor.py:830} INFO - Processing file /home/airflow/.local/lib/python3.8/site-packages/airflow/example_dags/example_time_delta_sensor_async.py for tasks to queue
[2025-11-16T20:27:46.768+0000] {logging_mixin.py:188} INFO - [2025-11-16T20:27:46.768+0000] {dagbag.py:538} INFO - Filling up the DagBag from /home/airflow/.local/lib/python3.8/site-packages/airflow/example_dags/example_time_delta_sensor_async.py
[2025-11-16T20:27:46.775+0000] {processor.py:840} INFO - DAG(s) 'example_time_delta_sensor_async' retrieved from /home/airflow/.local/lib/python3.8/site-packages/airflow/example_dags/example_time_delta_sensor_async.py
[2025-11-16T20:27:46.815+0000] {logging_mixin.py:188} INFO - [2025-11-16T20:27:46.815+0000] {dag.py:3036} INFO - Sync 1 DAGs
[2025-11-16T20:27:46.831+0000] {logging_mixin.py:188} INFO - [2025-11-16T20:27:46.830+0000] {dag.py:3823} INFO - Setting next_dagrun for example_time_delta_sensor_async to None, run_after=None
[2025-11-16T20:27:46.858+0000] {processor.py:183} INFO - Processing /home/airflow/.local/lib/python3.8/site-packages/airflow/example_dags/example_time_delta_sensor_async.py took 0.098 seconds
[2025-11-16T20:28:17.259+0000] {processor.py:161} INFO - Started process (PID=1452) to work on /home/airflow/.local/lib/python3.8/site-packages/airflow/example_dags/example_time_delta_sensor_async.py
[2025-11-16T20:28:17.260+0000] {processor.py:830} INFO - Processing file /home/airflow/.local/lib/python3.8/site-packages/airflow/example_dags/example_time_delta_sensor_async.py for tasks to queue
[2025-11-16T20:28:17.262+0000] {logging_mixin.py:188} INFO - [2025-11-16T20:28:17.261+0000] {dagbag.py:538} INFO - Filling up the DagBag from /home/airflow/.local/lib/python3.8/site-packages/airflow/example_dags/example_time_delta_sensor_async.py
[2025-11-16T20:28:17.270+0000] {processor.py:840} INFO - DAG(s) 'example_time_delta_sensor_async' retrieved from /home/airflow/.local/lib/python3.8/site-packages/airflow/example_dags/example_time_delta_sensor_async.py
[2025-11-16T20:28:17.304+0000] {logging_mixin.py:188} INFO - [2025-11-16T20:28:17.304+0000] {dag.py:3036} INFO - Sync 1 DAGs
[2025-11-16T20:28:17.323+0000] {logging_mixin.py:188} INFO - [2025-11-16T20:28:17.322+0000] {dag.py:3823} INFO - Setting next_dagrun for example_time_delta_sensor_async to None, run_after=None
[2025-11-16T20:28:17.354+0000] {processor.py:183} INFO - Processing /home/airflow/.local/lib/python3.8/site-packages/airflow/example_dags/example_time_delta_sensor_async.py took 0.099 seconds
[2025-11-16T20:28:47.511+0000] {processor.py:161} INFO - Started process (PID=1533) to work on /home/airflow/.local/lib/python3.8/site-packages/airflow/example_dags/example_time_delta_sensor_async.py
[2025-11-16T20:28:47.512+0000] {processor.py:830} INFO - Processing file /home/airflow/.local/lib/python3.8/site-packages/airflow/example_dags/example_time_delta_sensor_async.py for tasks to queue
[2025-11-16T20:28:47.513+0000] {logging_mixin.py:188} INFO - [2025-11-16T20:28:47.513+0000] {dagbag.py:538} INFO - Filling up the DagBag from /home/airflow/.local/lib/python3.8/site-packages/airflow/example_dags/example_time_delta_sensor_async.py
[2025-11-16T20:28:47.522+0000] {processor.py:840} INFO - DAG(s) 'example_time_delta_sensor_async' retrieved from /home/airflow/.local/lib/python3.8/site-packages/airflow/example_dags/example_time_delta_sensor_async.py
[2025-11-16T20:28:47.553+0000] {logging_mixin.py:188} INFO - [2025-11-16T20:28:47.553+0000] {dag.py:3036} INFO - Sync 1 DAGs
[2025-11-16T20:28:47.569+0000] {logging_mixin.py:188} INFO - [2025-11-16T20:28:47.569+0000] {dag.py:3823} INFO - Setting next_dagrun for example_time_delta_sensor_async to None, run_after=None
[2025-11-16T20:28:47.603+0000] {processor.py:183} INFO - Processing /home/airflow/.local/lib/python3.8/site-packages/airflow/example_dags/example_time_delta_sensor_async.py took 0.098 seconds
[2025-11-16T20:29:17.892+0000] {processor.py:161} INFO - Started process (PID=1629) to work on /home/airflow/.local/lib/python3.8/site-packages/airflow/example_dags/example_time_delta_sensor_async.py
[2025-11-16T20:29:17.893+0000] {processor.py:830} INFO - Processing file /home/airflow/.local/lib/python3.8/site-packages/airflow/example_dags/example_time_delta_sensor_async.py for tasks to queue
[2025-11-16T20:29:17.894+0000] {logging_mixin.py:188} INFO - [2025-11-16T20:29:17.893+0000] {dagbag.py:538} INFO - Filling up the DagBag from /home/airflow/.local/lib/python3.8/site-packages/airflow/example_dags/example_time_delta_sensor_async.py
[2025-11-16T20:29:17.902+0000] {processor.py:840} INFO - DAG(s) 'example_time_delta_sensor_async' retrieved from /home/airflow/.local/lib/python3.8/site-packages/airflow/example_dags/example_time_delta_sensor_async.py
[2025-11-16T20:29:17.934+0000] {logging_mixin.py:188} INFO - [2025-11-16T20:29:17.933+0000] {dag.py:3036} INFO - Sync 1 DAGs
[2025-11-16T20:29:17.948+0000] {logging_mixin.py:188} INFO - [2025-11-16T20:29:17.948+0000] {dag.py:3823} INFO - Setting next_dagrun for example_time_delta_sensor_async to None, run_after=None
[2025-11-16T20:29:17.979+0000] {processor.py:183} INFO - Processing /home/airflow/.local/lib/python3.8/site-packages/airflow/example_dags/example_time_delta_sensor_async.py took 0.090 seconds
[2025-11-16T20:29:49.415+0000] {processor.py:161} INFO - Started process (PID=1703) to work on /home/airflow/.local/lib/python3.8/site-packages/airflow/example_dags/example_time_delta_sensor_async.py
[2025-11-16T20:29:49.416+0000] {processor.py:830} INFO - Processing file /home/airflow/.local/lib/python3.8/site-packages/airflow/example_dags/example_time_delta_sensor_async.py for tasks to queue
[2025-11-16T20:29:49.421+0000] {logging_mixin.py:188} INFO - [2025-11-16T20:29:49.420+0000] {dagbag.py:538} INFO - Filling up the DagBag from /home/airflow/.local/lib/python3.8/site-packages/airflow/example_dags/example_time_delta_sensor_async.py
[2025-11-16T20:29:49.450+0000] {processor.py:840} INFO - DAG(s) 'example_time_delta_sensor_async' retrieved from /home/airflow/.local/lib/python3.8/site-packages/airflow/example_dags/example_time_delta_sensor_async.py
[2025-11-16T20:29:49.635+0000] {logging_mixin.py:188} INFO - [2025-11-16T20:29:49.633+0000] {dag.py:3036} INFO - Sync 1 DAGs
[2025-11-16T20:29:49.691+0000] {logging_mixin.py:188} INFO - [2025-11-16T20:29:49.690+0000] {dag.py:3823} INFO - Setting next_dagrun for example_time_delta_sensor_async to None, run_after=None
[2025-11-16T20:29:49.790+0000] {processor.py:183} INFO - Processing /home/airflow/.local/lib/python3.8/site-packages/airflow/example_dags/example_time_delta_sensor_async.py took 0.387 seconds
[2025-11-16T20:30:20.349+0000] {processor.py:161} INFO - Started process (PID=1782) to work on /home/airflow/.local/lib/python3.8/site-packages/airflow/example_dags/example_time_delta_sensor_async.py
[2025-11-16T20:30:20.353+0000] {processor.py:830} INFO - Processing file /home/airflow/.local/lib/python3.8/site-packages/airflow/example_dags/example_time_delta_sensor_async.py for tasks to queue
[2025-11-16T20:30:20.355+0000] {logging_mixin.py:188} INFO - [2025-11-16T20:30:20.354+0000] {dagbag.py:538} INFO - Filling up the DagBag from /home/airflow/.local/lib/python3.8/site-packages/airflow/example_dags/example_time_delta_sensor_async.py
[2025-11-16T20:30:20.360+0000] {processor.py:840} INFO - DAG(s) 'example_time_delta_sensor_async' retrieved from /home/airflow/.local/lib/python3.8/site-packages/airflow/example_dags/example_time_delta_sensor_async.py
[2025-11-16T20:30:20.402+0000] {logging_mixin.py:188} INFO - [2025-11-16T20:30:20.402+0000] {dag.py:3036} INFO - Sync 1 DAGs
[2025-11-16T20:30:20.427+0000] {logging_mixin.py:188} INFO - [2025-11-16T20:30:20.426+0000] {dag.py:3823} INFO - Setting next_dagrun for example_time_delta_sensor_async to None, run_after=None
[2025-11-16T20:30:20.465+0000] {processor.py:183} INFO - Processing /home/airflow/.local/lib/python3.8/site-packages/airflow/example_dags/example_time_delta_sensor_async.py took 0.122 seconds
[2025-11-16T20:30:57.511+0000] {processor.py:161} INFO - Started process (PID=1867) to work on /home/airflow/.local/lib/python3.8/site-packages/airflow/example_dags/example_time_delta_sensor_async.py
[2025-11-16T20:30:57.512+0000] {processor.py:830} INFO - Processing file /home/airflow/.local/lib/python3.8/site-packages/airflow/example_dags/example_time_delta_sensor_async.py for tasks to queue
[2025-11-16T20:30:57.516+0000] {logging_mixin.py:188} INFO - [2025-11-16T20:30:57.516+0000] {dagbag.py:538} INFO - Filling up the DagBag from /home/airflow/.local/lib/python3.8/site-packages/airflow/example_dags/example_time_delta_sensor_async.py
[2025-11-16T20:30:57.527+0000] {processor.py:840} INFO - DAG(s) 'example_time_delta_sensor_async' retrieved from /home/airflow/.local/lib/python3.8/site-packages/airflow/example_dags/example_time_delta_sensor_async.py
[2025-11-16T20:30:57.570+0000] {logging_mixin.py:188} INFO - [2025-11-16T20:30:57.568+0000] {dag.py:3036} INFO - Sync 1 DAGs
[2025-11-16T20:30:57.599+0000] {logging_mixin.py:188} INFO - [2025-11-16T20:30:57.598+0000] {dag.py:3823} INFO - Setting next_dagrun for example_time_delta_sensor_async to None, run_after=None
[2025-11-16T20:30:57.643+0000] {processor.py:183} INFO - Processing /home/airflow/.local/lib/python3.8/site-packages/airflow/example_dags/example_time_delta_sensor_async.py took 0.135 seconds
[2025-11-16T20:31:28.073+0000] {processor.py:161} INFO - Started process (PID=1953) to work on /home/airflow/.local/lib/python3.8/site-packages/airflow/example_dags/example_time_delta_sensor_async.py
[2025-11-16T20:31:28.074+0000] {processor.py:830} INFO - Processing file /home/airflow/.local/lib/python3.8/site-packages/airflow/example_dags/example_time_delta_sensor_async.py for tasks to queue
[2025-11-16T20:31:28.075+0000] {logging_mixin.py:188} INFO - [2025-11-16T20:31:28.075+0000] {dagbag.py:538} INFO - Filling up the DagBag from /home/airflow/.local/lib/python3.8/site-packages/airflow/example_dags/example_time_delta_sensor_async.py
[2025-11-16T20:31:28.085+0000] {processor.py:840} INFO - DAG(s) 'example_time_delta_sensor_async' retrieved from /home/airflow/.local/lib/python3.8/site-packages/airflow/example_dags/example_time_delta_sensor_async.py
[2025-11-16T20:31:28.133+0000] {logging_mixin.py:188} INFO - [2025-11-16T20:31:28.133+0000] {dag.py:3036} INFO - Sync 1 DAGs
[2025-11-16T20:31:28.154+0000] {logging_mixin.py:188} INFO - [2025-11-16T20:31:28.154+0000] {dag.py:3823} INFO - Setting next_dagrun for example_time_delta_sensor_async to None, run_after=None
[2025-11-16T20:31:28.196+0000] {processor.py:183} INFO - Processing /home/airflow/.local/lib/python3.8/site-packages/airflow/example_dags/example_time_delta_sensor_async.py took 0.130 seconds
[2025-11-16T20:31:58.461+0000] {processor.py:161} INFO - Started process (PID=2034) to work on /home/airflow/.local/lib/python3.8/site-packages/airflow/example_dags/example_time_delta_sensor_async.py
[2025-11-16T20:31:58.462+0000] {processor.py:830} INFO - Processing file /home/airflow/.local/lib/python3.8/site-packages/airflow/example_dags/example_time_delta_sensor_async.py for tasks to queue
[2025-11-16T20:31:58.464+0000] {logging_mixin.py:188} INFO - [2025-11-16T20:31:58.464+0000] {dagbag.py:538} INFO - Filling up the DagBag from /home/airflow/.local/lib/python3.8/site-packages/airflow/example_dags/example_time_delta_sensor_async.py
[2025-11-16T20:31:58.475+0000] {processor.py:840} INFO - DAG(s) 'example_time_delta_sensor_async' retrieved from /home/airflow/.local/lib/python3.8/site-packages/airflow/example_dags/example_time_delta_sensor_async.py
[2025-11-16T20:31:58.511+0000] {logging_mixin.py:188} INFO - [2025-11-16T20:31:58.511+0000] {dag.py:3036} INFO - Sync 1 DAGs
[2025-11-16T20:31:58.529+0000] {logging_mixin.py:188} INFO - [2025-11-16T20:31:58.529+0000] {dag.py:3823} INFO - Setting next_dagrun for example_time_delta_sensor_async to None, run_after=None
[2025-11-16T20:31:58.554+0000] {processor.py:183} INFO - Processing /home/airflow/.local/lib/python3.8/site-packages/airflow/example_dags/example_time_delta_sensor_async.py took 0.100 seconds
[2025-11-16T20:32:48.104+0000] {processor.py:161} INFO - Started process (PID=2124) to work on /home/airflow/.local/lib/python3.8/site-packages/airflow/example_dags/example_time_delta_sensor_async.py
[2025-11-16T20:32:48.105+0000] {processor.py:830} INFO - Processing file /home/airflow/.local/lib/python3.8/site-packages/airflow/example_dags/example_time_delta_sensor_async.py for tasks to queue
[2025-11-16T20:32:48.106+0000] {logging_mixin.py:188} INFO - [2025-11-16T20:32:48.106+0000] {dagbag.py:538} INFO - Filling up the DagBag from /home/airflow/.local/lib/python3.8/site-packages/airflow/example_dags/example_time_delta_sensor_async.py
[2025-11-16T20:32:48.116+0000] {processor.py:840} INFO - DAG(s) 'example_time_delta_sensor_async' retrieved from /home/airflow/.local/lib/python3.8/site-packages/airflow/example_dags/example_time_delta_sensor_async.py
[2025-11-16T20:32:48.155+0000] {logging_mixin.py:188} INFO - [2025-11-16T20:32:48.154+0000] {dag.py:3036} INFO - Sync 1 DAGs
[2025-11-16T20:32:48.172+0000] {logging_mixin.py:188} INFO - [2025-11-16T20:32:48.172+0000] {dag.py:3823} INFO - Setting next_dagrun for example_time_delta_sensor_async to None, run_after=None
[2025-11-16T20:32:48.204+0000] {processor.py:183} INFO - Processing /home/airflow/.local/lib/python3.8/site-packages/airflow/example_dags/example_time_delta_sensor_async.py took 0.104 seconds
[2025-11-16T20:33:18.460+0000] {processor.py:161} INFO - Started process (PID=2207) to work on /home/airflow/.local/lib/python3.8/site-packages/airflow/example_dags/example_time_delta_sensor_async.py
[2025-11-16T20:33:18.461+0000] {processor.py:830} INFO - Processing file /home/airflow/.local/lib/python3.8/site-packages/airflow/example_dags/example_time_delta_sensor_async.py for tasks to queue
[2025-11-16T20:33:18.462+0000] {logging_mixin.py:188} INFO - [2025-11-16T20:33:18.461+0000] {dagbag.py:538} INFO - Filling up the DagBag from /home/airflow/.local/lib/python3.8/site-packages/airflow/example_dags/example_time_delta_sensor_async.py
[2025-11-16T20:33:18.467+0000] {processor.py:840} INFO - DAG(s) 'example_time_delta_sensor_async' retrieved from /home/airflow/.local/lib/python3.8/site-packages/airflow/example_dags/example_time_delta_sensor_async.py
[2025-11-16T20:33:18.491+0000] {logging_mixin.py:188} INFO - [2025-11-16T20:33:18.491+0000] {dag.py:3036} INFO - Sync 1 DAGs
[2025-11-16T20:33:18.503+0000] {logging_mixin.py:188} INFO - [2025-11-16T20:33:18.503+0000] {dag.py:3823} INFO - Setting next_dagrun for example_time_delta_sensor_async to None, run_after=None
[2025-11-16T20:33:18.527+0000] {processor.py:183} INFO - Processing /home/airflow/.local/lib/python3.8/site-packages/airflow/example_dags/example_time_delta_sensor_async.py took 0.070 seconds
[2025-11-16T20:33:49.406+0000] {processor.py:161} INFO - Started process (PID=2303) to work on /home/airflow/.local/lib/python3.8/site-packages/airflow/example_dags/example_time_delta_sensor_async.py
[2025-11-16T20:33:49.407+0000] {processor.py:830} INFO - Processing file /home/airflow/.local/lib/python3.8/site-packages/airflow/example_dags/example_time_delta_sensor_async.py for tasks to queue
[2025-11-16T20:33:49.408+0000] {logging_mixin.py:188} INFO - [2025-11-16T20:33:49.408+0000] {dagbag.py:538} INFO - Filling up the DagBag from /home/airflow/.local/lib/python3.8/site-packages/airflow/example_dags/example_time_delta_sensor_async.py
[2025-11-16T20:33:49.415+0000] {processor.py:840} INFO - DAG(s) 'example_time_delta_sensor_async' retrieved from /home/airflow/.local/lib/python3.8/site-packages/airflow/example_dags/example_time_delta_sensor_async.py
[2025-11-16T20:33:49.447+0000] {logging_mixin.py:188} INFO - [2025-11-16T20:33:49.446+0000] {dag.py:3036} INFO - Sync 1 DAGs
[2025-11-16T20:33:49.464+0000] {logging_mixin.py:188} INFO - [2025-11-16T20:33:49.463+0000] {dag.py:3823} INFO - Setting next_dagrun for example_time_delta_sensor_async to None, run_after=None
[2025-11-16T20:33:49.491+0000] {processor.py:183} INFO - Processing /home/airflow/.local/lib/python3.8/site-packages/airflow/example_dags/example_time_delta_sensor_async.py took 0.090 seconds
[2025-11-16T20:34:20.367+0000] {processor.py:161} INFO - Started process (PID=2385) to work on /home/airflow/.local/lib/python3.8/site-packages/airflow/example_dags/example_time_delta_sensor_async.py
[2025-11-16T20:34:20.368+0000] {processor.py:830} INFO - Processing file /home/airflow/.local/lib/python3.8/site-packages/airflow/example_dags/example_time_delta_sensor_async.py for tasks to queue
[2025-11-16T20:34:20.369+0000] {logging_mixin.py:188} INFO - [2025-11-16T20:34:20.369+0000] {dagbag.py:538} INFO - Filling up the DagBag from /home/airflow/.local/lib/python3.8/site-packages/airflow/example_dags/example_time_delta_sensor_async.py
[2025-11-16T20:34:20.374+0000] {processor.py:840} INFO - DAG(s) 'example_time_delta_sensor_async' retrieved from /home/airflow/.local/lib/python3.8/site-packages/airflow/example_dags/example_time_delta_sensor_async.py
[2025-11-16T20:34:20.398+0000] {logging_mixin.py:188} INFO - [2025-11-16T20:34:20.397+0000] {dag.py:3036} INFO - Sync 1 DAGs
[2025-11-16T20:34:20.409+0000] {logging_mixin.py:188} INFO - [2025-11-16T20:34:20.409+0000] {dag.py:3823} INFO - Setting next_dagrun for example_time_delta_sensor_async to None, run_after=None
[2025-11-16T20:34:20.430+0000] {processor.py:183} INFO - Processing /home/airflow/.local/lib/python3.8/site-packages/airflow/example_dags/example_time_delta_sensor_async.py took 0.067 seconds
[2025-11-16T20:34:50.886+0000] {processor.py:161} INFO - Started process (PID=2466) to work on /home/airflow/.local/lib/python3.8/site-packages/airflow/example_dags/example_time_delta_sensor_async.py
[2025-11-16T20:34:50.887+0000] {processor.py:830} INFO - Processing file /home/airflow/.local/lib/python3.8/site-packages/airflow/example_dags/example_time_delta_sensor_async.py for tasks to queue
[2025-11-16T20:34:50.888+0000] {logging_mixin.py:188} INFO - [2025-11-16T20:34:50.888+0000] {dagbag.py:538} INFO - Filling up the DagBag from /home/airflow/.local/lib/python3.8/site-packages/airflow/example_dags/example_time_delta_sensor_async.py
[2025-11-16T20:34:50.894+0000] {processor.py:840} INFO - DAG(s) 'example_time_delta_sensor_async' retrieved from /home/airflow/.local/lib/python3.8/site-packages/airflow/example_dags/example_time_delta_sensor_async.py
[2025-11-16T20:34:50.919+0000] {logging_mixin.py:188} INFO - [2025-11-16T20:34:50.919+0000] {dag.py:3036} INFO - Sync 1 DAGs
[2025-11-16T20:34:50.931+0000] {logging_mixin.py:188} INFO - [2025-11-16T20:34:50.931+0000] {dag.py:3823} INFO - Setting next_dagrun for example_time_delta_sensor_async to None, run_after=None
[2025-11-16T20:34:50.954+0000] {processor.py:183} INFO - Processing /home/airflow/.local/lib/python3.8/site-packages/airflow/example_dags/example_time_delta_sensor_async.py took 0.071 seconds
[2025-11-16T20:35:21.986+0000] {processor.py:161} INFO - Started process (PID=2562) to work on /home/airflow/.local/lib/python3.8/site-packages/airflow/example_dags/example_time_delta_sensor_async.py
[2025-11-16T20:35:21.987+0000] {processor.py:830} INFO - Processing file /home/airflow/.local/lib/python3.8/site-packages/airflow/example_dags/example_time_delta_sensor_async.py for tasks to queue
[2025-11-16T20:35:21.989+0000] {logging_mixin.py:188} INFO - [2025-11-16T20:35:21.988+0000] {dagbag.py:538} INFO - Filling up the DagBag from /home/airflow/.local/lib/python3.8/site-packages/airflow/example_dags/example_time_delta_sensor_async.py
[2025-11-16T20:35:22.001+0000] {processor.py:840} INFO - DAG(s) 'example_time_delta_sensor_async' retrieved from /home/airflow/.local/lib/python3.8/site-packages/airflow/example_dags/example_time_delta_sensor_async.py
[2025-11-16T20:35:22.049+0000] {logging_mixin.py:188} INFO - [2025-11-16T20:35:22.048+0000] {dag.py:3036} INFO - Sync 1 DAGs
[2025-11-16T20:35:22.065+0000] {logging_mixin.py:188} INFO - [2025-11-16T20:35:22.065+0000] {dag.py:3823} INFO - Setting next_dagrun for example_time_delta_sensor_async to None, run_after=None
[2025-11-16T20:35:22.110+0000] {processor.py:183} INFO - Processing /home/airflow/.local/lib/python3.8/site-packages/airflow/example_dags/example_time_delta_sensor_async.py took 0.131 seconds
[2025-11-16T20:35:52.327+0000] {processor.py:161} INFO - Started process (PID=2643) to work on /home/airflow/.local/lib/python3.8/site-packages/airflow/example_dags/example_time_delta_sensor_async.py
[2025-11-16T20:35:52.328+0000] {processor.py:830} INFO - Processing file /home/airflow/.local/lib/python3.8/site-packages/airflow/example_dags/example_time_delta_sensor_async.py for tasks to queue
[2025-11-16T20:35:52.329+0000] {logging_mixin.py:188} INFO - [2025-11-16T20:35:52.329+0000] {dagbag.py:538} INFO - Filling up the DagBag from /home/airflow/.local/lib/python3.8/site-packages/airflow/example_dags/example_time_delta_sensor_async.py
[2025-11-16T20:35:52.334+0000] {processor.py:840} INFO - DAG(s) 'example_time_delta_sensor_async' retrieved from /home/airflow/.local/lib/python3.8/site-packages/airflow/example_dags/example_time_delta_sensor_async.py
[2025-11-16T20:35:52.356+0000] {logging_mixin.py:188} INFO - [2025-11-16T20:35:52.356+0000] {dag.py:3036} INFO - Sync 1 DAGs
[2025-11-16T20:35:52.368+0000] {logging_mixin.py:188} INFO - [2025-11-16T20:35:52.367+0000] {dag.py:3823} INFO - Setting next_dagrun for example_time_delta_sensor_async to None, run_after=None
[2025-11-16T20:35:52.387+0000] {processor.py:183} INFO - Processing /home/airflow/.local/lib/python3.8/site-packages/airflow/example_dags/example_time_delta_sensor_async.py took 0.062 seconds
[2025-11-16T20:36:23.673+0000] {processor.py:161} INFO - Started process (PID=2726) to work on /home/airflow/.local/lib/python3.8/site-packages/airflow/example_dags/example_time_delta_sensor_async.py
[2025-11-16T20:36:23.675+0000] {processor.py:830} INFO - Processing file /home/airflow/.local/lib/python3.8/site-packages/airflow/example_dags/example_time_delta_sensor_async.py for tasks to queue
[2025-11-16T20:36:23.676+0000] {logging_mixin.py:188} INFO - [2025-11-16T20:36:23.676+0000] {dagbag.py:538} INFO - Filling up the DagBag from /home/airflow/.local/lib/python3.8/site-packages/airflow/example_dags/example_time_delta_sensor_async.py
[2025-11-16T20:36:23.684+0000] {processor.py:840} INFO - DAG(s) 'example_time_delta_sensor_async' retrieved from /home/airflow/.local/lib/python3.8/site-packages/airflow/example_dags/example_time_delta_sensor_async.py
[2025-11-16T20:36:23.717+0000] {logging_mixin.py:188} INFO - [2025-11-16T20:36:23.716+0000] {dag.py:3036} INFO - Sync 1 DAGs
[2025-11-16T20:36:23.731+0000] {logging_mixin.py:188} INFO - [2025-11-16T20:36:23.731+0000] {dag.py:3823} INFO - Setting next_dagrun for example_time_delta_sensor_async to None, run_after=None
[2025-11-16T20:36:23.763+0000] {processor.py:183} INFO - Processing /home/airflow/.local/lib/python3.8/site-packages/airflow/example_dags/example_time_delta_sensor_async.py took 0.094 seconds
[2025-11-16T20:36:54.832+0000] {processor.py:161} INFO - Started process (PID=2808) to work on /home/airflow/.local/lib/python3.8/site-packages/airflow/example_dags/example_time_delta_sensor_async.py
[2025-11-16T20:36:54.833+0000] {processor.py:830} INFO - Processing file /home/airflow/.local/lib/python3.8/site-packages/airflow/example_dags/example_time_delta_sensor_async.py for tasks to queue
[2025-11-16T20:36:54.837+0000] {logging_mixin.py:188} INFO - [2025-11-16T20:36:54.836+0000] {dagbag.py:538} INFO - Filling up the DagBag from /home/airflow/.local/lib/python3.8/site-packages/airflow/example_dags/example_time_delta_sensor_async.py
[2025-11-16T20:36:54.843+0000] {processor.py:840} INFO - DAG(s) 'example_time_delta_sensor_async' retrieved from /home/airflow/.local/lib/python3.8/site-packages/airflow/example_dags/example_time_delta_sensor_async.py
[2025-11-16T20:36:54.884+0000] {logging_mixin.py:188} INFO - [2025-11-16T20:36:54.884+0000] {dag.py:3036} INFO - Sync 1 DAGs
[2025-11-16T20:36:54.907+0000] {logging_mixin.py:188} INFO - [2025-11-16T20:36:54.907+0000] {dag.py:3823} INFO - Setting next_dagrun for example_time_delta_sensor_async to None, run_after=None
[2025-11-16T20:36:54.941+0000] {processor.py:183} INFO - Processing /home/airflow/.local/lib/python3.8/site-packages/airflow/example_dags/example_time_delta_sensor_async.py took 0.112 seconds
[2025-11-16T20:37:25.464+0000] {processor.py:161} INFO - Started process (PID=2874) to work on /home/airflow/.local/lib/python3.8/site-packages/airflow/example_dags/example_time_delta_sensor_async.py
[2025-11-16T20:37:25.465+0000] {processor.py:830} INFO - Processing file /home/airflow/.local/lib/python3.8/site-packages/airflow/example_dags/example_time_delta_sensor_async.py for tasks to queue
[2025-11-16T20:37:25.469+0000] {logging_mixin.py:188} INFO - [2025-11-16T20:37:25.469+0000] {dagbag.py:538} INFO - Filling up the DagBag from /home/airflow/.local/lib/python3.8/site-packages/airflow/example_dags/example_time_delta_sensor_async.py
[2025-11-16T20:37:25.482+0000] {processor.py:840} INFO - DAG(s) 'example_time_delta_sensor_async' retrieved from /home/airflow/.local/lib/python3.8/site-packages/airflow/example_dags/example_time_delta_sensor_async.py
[2025-11-16T20:37:25.528+0000] {logging_mixin.py:188} INFO - [2025-11-16T20:37:25.527+0000] {dag.py:3036} INFO - Sync 1 DAGs
[2025-11-16T20:37:25.548+0000] {logging_mixin.py:188} INFO - [2025-11-16T20:37:25.548+0000] {dag.py:3823} INFO - Setting next_dagrun for example_time_delta_sensor_async to None, run_after=None
[2025-11-16T20:37:25.803+0000] {processor.py:183} INFO - Processing /home/airflow/.local/lib/python3.8/site-packages/airflow/example_dags/example_time_delta_sensor_async.py took 0.344 seconds
[2025-11-16T20:37:56.371+0000] {processor.py:161} INFO - Started process (PID=2954) to work on /home/airflow/.local/lib/python3.8/site-packages/airflow/example_dags/example_time_delta_sensor_async.py
[2025-11-16T20:37:56.372+0000] {processor.py:830} INFO - Processing file /home/airflow/.local/lib/python3.8/site-packages/airflow/example_dags/example_time_delta_sensor_async.py for tasks to queue
[2025-11-16T20:37:56.373+0000] {logging_mixin.py:188} INFO - [2025-11-16T20:37:56.373+0000] {dagbag.py:538} INFO - Filling up the DagBag from /home/airflow/.local/lib/python3.8/site-packages/airflow/example_dags/example_time_delta_sensor_async.py
[2025-11-16T20:37:56.382+0000] {processor.py:840} INFO - DAG(s) 'example_time_delta_sensor_async' retrieved from /home/airflow/.local/lib/python3.8/site-packages/airflow/example_dags/example_time_delta_sensor_async.py
[2025-11-16T20:37:56.417+0000] {logging_mixin.py:188} INFO - [2025-11-16T20:37:56.416+0000] {dag.py:3036} INFO - Sync 1 DAGs
[2025-11-16T20:37:56.438+0000] {logging_mixin.py:188} INFO - [2025-11-16T20:37:56.438+0000] {dag.py:3823} INFO - Setting next_dagrun for example_time_delta_sensor_async to None, run_after=None
[2025-11-16T20:37:56.472+0000] {processor.py:183} INFO - Processing /home/airflow/.local/lib/python3.8/site-packages/airflow/example_dags/example_time_delta_sensor_async.py took 0.107 seconds
[2025-11-16T20:38:27.003+0000] {processor.py:161} INFO - Started process (PID=3037) to work on /home/airflow/.local/lib/python3.8/site-packages/airflow/example_dags/example_time_delta_sensor_async.py
[2025-11-16T20:38:27.005+0000] {processor.py:830} INFO - Processing file /home/airflow/.local/lib/python3.8/site-packages/airflow/example_dags/example_time_delta_sensor_async.py for tasks to queue
[2025-11-16T20:38:27.007+0000] {logging_mixin.py:188} INFO - [2025-11-16T20:38:27.007+0000] {dagbag.py:538} INFO - Filling up the DagBag from /home/airflow/.local/lib/python3.8/site-packages/airflow/example_dags/example_time_delta_sensor_async.py
[2025-11-16T20:38:27.019+0000] {processor.py:840} INFO - DAG(s) 'example_time_delta_sensor_async' retrieved from /home/airflow/.local/lib/python3.8/site-packages/airflow/example_dags/example_time_delta_sensor_async.py
[2025-11-16T20:38:27.057+0000] {logging_mixin.py:188} INFO - [2025-11-16T20:38:27.056+0000] {dag.py:3036} INFO - Sync 1 DAGs
[2025-11-16T20:38:27.074+0000] {logging_mixin.py:188} INFO - [2025-11-16T20:38:27.074+0000] {dag.py:3823} INFO - Setting next_dagrun for example_time_delta_sensor_async to None, run_after=None
[2025-11-16T20:38:27.109+0000] {processor.py:183} INFO - Processing /home/airflow/.local/lib/python3.8/site-packages/airflow/example_dags/example_time_delta_sensor_async.py took 0.114 seconds
[2025-11-16T20:38:57.396+0000] {processor.py:161} INFO - Started process (PID=3118) to work on /home/airflow/.local/lib/python3.8/site-packages/airflow/example_dags/example_time_delta_sensor_async.py
[2025-11-16T20:38:57.397+0000] {processor.py:830} INFO - Processing file /home/airflow/.local/lib/python3.8/site-packages/airflow/example_dags/example_time_delta_sensor_async.py for tasks to queue
[2025-11-16T20:38:57.399+0000] {logging_mixin.py:188} INFO - [2025-11-16T20:38:57.398+0000] {dagbag.py:538} INFO - Filling up the DagBag from /home/airflow/.local/lib/python3.8/site-packages/airflow/example_dags/example_time_delta_sensor_async.py
[2025-11-16T20:38:57.409+0000] {processor.py:840} INFO - DAG(s) 'example_time_delta_sensor_async' retrieved from /home/airflow/.local/lib/python3.8/site-packages/airflow/example_dags/example_time_delta_sensor_async.py
[2025-11-16T20:38:57.449+0000] {logging_mixin.py:188} INFO - [2025-11-16T20:38:57.449+0000] {dag.py:3036} INFO - Sync 1 DAGs
[2025-11-16T20:38:57.470+0000] {logging_mixin.py:188} INFO - [2025-11-16T20:38:57.469+0000] {dag.py:3823} INFO - Setting next_dagrun for example_time_delta_sensor_async to None, run_after=None
[2025-11-16T20:38:57.505+0000] {processor.py:183} INFO - Processing /home/airflow/.local/lib/python3.8/site-packages/airflow/example_dags/example_time_delta_sensor_async.py took 0.114 seconds
[2025-11-16T20:39:28.394+0000] {processor.py:161} INFO - Started process (PID=3186) to work on /home/airflow/.local/lib/python3.8/site-packages/airflow/example_dags/example_time_delta_sensor_async.py
[2025-11-16T20:39:28.395+0000] {processor.py:830} INFO - Processing file /home/airflow/.local/lib/python3.8/site-packages/airflow/example_dags/example_time_delta_sensor_async.py for tasks to queue
[2025-11-16T20:39:28.397+0000] {logging_mixin.py:188} INFO - [2025-11-16T20:39:28.396+0000] {dagbag.py:538} INFO - Filling up the DagBag from /home/airflow/.local/lib/python3.8/site-packages/airflow/example_dags/example_time_delta_sensor_async.py
[2025-11-16T20:39:28.404+0000] {processor.py:840} INFO - DAG(s) 'example_time_delta_sensor_async' retrieved from /home/airflow/.local/lib/python3.8/site-packages/airflow/example_dags/example_time_delta_sensor_async.py
[2025-11-16T20:39:28.434+0000] {logging_mixin.py:188} INFO - [2025-11-16T20:39:28.434+0000] {dag.py:3036} INFO - Sync 1 DAGs
[2025-11-16T20:39:28.449+0000] {logging_mixin.py:188} INFO - [2025-11-16T20:39:28.448+0000] {dag.py:3823} INFO - Setting next_dagrun for example_time_delta_sensor_async to None, run_after=None
[2025-11-16T20:39:28.475+0000] {processor.py:183} INFO - Processing /home/airflow/.local/lib/python3.8/site-packages/airflow/example_dags/example_time_delta_sensor_async.py took 0.083 seconds
[2025-11-16T20:39:58.750+0000] {processor.py:161} INFO - Started process (PID=3271) to work on /home/airflow/.local/lib/python3.8/site-packages/airflow/example_dags/example_time_delta_sensor_async.py
[2025-11-16T20:39:58.751+0000] {processor.py:830} INFO - Processing file /home/airflow/.local/lib/python3.8/site-packages/airflow/example_dags/example_time_delta_sensor_async.py for tasks to queue
[2025-11-16T20:39:58.752+0000] {logging_mixin.py:188} INFO - [2025-11-16T20:39:58.752+0000] {dagbag.py:538} INFO - Filling up the DagBag from /home/airflow/.local/lib/python3.8/site-packages/airflow/example_dags/example_time_delta_sensor_async.py
[2025-11-16T20:39:58.760+0000] {processor.py:840} INFO - DAG(s) 'example_time_delta_sensor_async' retrieved from /home/airflow/.local/lib/python3.8/site-packages/airflow/example_dags/example_time_delta_sensor_async.py
[2025-11-16T20:39:58.791+0000] {logging_mixin.py:188} INFO - [2025-11-16T20:39:58.790+0000] {dag.py:3036} INFO - Sync 1 DAGs
[2025-11-16T20:39:58.806+0000] {logging_mixin.py:188} INFO - [2025-11-16T20:39:58.805+0000] {dag.py:3823} INFO - Setting next_dagrun for example_time_delta_sensor_async to None, run_after=None
[2025-11-16T20:39:58.834+0000] {processor.py:183} INFO - Processing /home/airflow/.local/lib/python3.8/site-packages/airflow/example_dags/example_time_delta_sensor_async.py took 0.087 seconds
[2025-11-16T20:42:25.306+0000] {processor.py:161} INFO - Started process (PID=143) to work on /home/airflow/.local/lib/python3.8/site-packages/airflow/example_dags/example_time_delta_sensor_async.py
[2025-11-16T20:42:25.307+0000] {processor.py:830} INFO - Processing file /home/airflow/.local/lib/python3.8/site-packages/airflow/example_dags/example_time_delta_sensor_async.py for tasks to queue
[2025-11-16T20:42:25.309+0000] {logging_mixin.py:188} INFO - [2025-11-16T20:42:25.309+0000] {dagbag.py:538} INFO - Filling up the DagBag from /home/airflow/.local/lib/python3.8/site-packages/airflow/example_dags/example_time_delta_sensor_async.py
[2025-11-16T20:42:25.329+0000] {processor.py:840} INFO - DAG(s) 'example_time_delta_sensor_async' retrieved from /home/airflow/.local/lib/python3.8/site-packages/airflow/example_dags/example_time_delta_sensor_async.py
[2025-11-16T20:42:25.651+0000] {logging_mixin.py:188} INFO - [2025-11-16T20:42:25.650+0000] {dag.py:3036} INFO - Sync 1 DAGs
[2025-11-16T20:42:25.694+0000] {logging_mixin.py:188} INFO - [2025-11-16T20:42:25.693+0000] {dag.py:3823} INFO - Setting next_dagrun for example_time_delta_sensor_async to None, run_after=None
[2025-11-16T20:42:25.768+0000] {processor.py:183} INFO - Processing /home/airflow/.local/lib/python3.8/site-packages/airflow/example_dags/example_time_delta_sensor_async.py took 0.467 seconds
[2025-11-16T20:42:59.871+0000] {processor.py:161} INFO - Started process (PID=222) to work on /home/airflow/.local/lib/python3.8/site-packages/airflow/example_dags/example_time_delta_sensor_async.py
[2025-11-16T20:42:59.872+0000] {processor.py:830} INFO - Processing file /home/airflow/.local/lib/python3.8/site-packages/airflow/example_dags/example_time_delta_sensor_async.py for tasks to queue
[2025-11-16T20:42:59.873+0000] {logging_mixin.py:188} INFO - [2025-11-16T20:42:59.873+0000] {dagbag.py:538} INFO - Filling up the DagBag from /home/airflow/.local/lib/python3.8/site-packages/airflow/example_dags/example_time_delta_sensor_async.py
[2025-11-16T20:42:59.996+0000] {processor.py:840} INFO - DAG(s) 'example_time_delta_sensor_async' retrieved from /home/airflow/.local/lib/python3.8/site-packages/airflow/example_dags/example_time_delta_sensor_async.py
[2025-11-16T20:43:00.021+0000] {logging_mixin.py:188} INFO - [2025-11-16T20:43:00.020+0000] {dag.py:3036} INFO - Sync 1 DAGs
[2025-11-16T20:43:00.032+0000] {logging_mixin.py:188} INFO - [2025-11-16T20:43:00.032+0000] {dag.py:3823} INFO - Setting next_dagrun for example_time_delta_sensor_async to None, run_after=None
[2025-11-16T20:43:00.360+0000] {processor.py:183} INFO - Processing /home/airflow/.local/lib/python3.8/site-packages/airflow/example_dags/example_time_delta_sensor_async.py took 0.492 seconds
[2025-11-16T20:43:30.681+0000] {processor.py:161} INFO - Started process (PID=296) to work on /home/airflow/.local/lib/python3.8/site-packages/airflow/example_dags/example_time_delta_sensor_async.py
[2025-11-16T20:43:30.682+0000] {processor.py:830} INFO - Processing file /home/airflow/.local/lib/python3.8/site-packages/airflow/example_dags/example_time_delta_sensor_async.py for tasks to queue
[2025-11-16T20:43:30.683+0000] {logging_mixin.py:188} INFO - [2025-11-16T20:43:30.683+0000] {dagbag.py:538} INFO - Filling up the DagBag from /home/airflow/.local/lib/python3.8/site-packages/airflow/example_dags/example_time_delta_sensor_async.py
[2025-11-16T20:43:30.688+0000] {processor.py:840} INFO - DAG(s) 'example_time_delta_sensor_async' retrieved from /home/airflow/.local/lib/python3.8/site-packages/airflow/example_dags/example_time_delta_sensor_async.py
[2025-11-16T20:43:30.714+0000] {logging_mixin.py:188} INFO - [2025-11-16T20:43:30.714+0000] {dag.py:3036} INFO - Sync 1 DAGs
[2025-11-16T20:43:30.728+0000] {logging_mixin.py:188} INFO - [2025-11-16T20:43:30.728+0000] {dag.py:3823} INFO - Setting next_dagrun for example_time_delta_sensor_async to None, run_after=None
[2025-11-16T20:43:30.756+0000] {processor.py:183} INFO - Processing /home/airflow/.local/lib/python3.8/site-packages/airflow/example_dags/example_time_delta_sensor_async.py took 0.078 seconds
[2025-11-16T20:44:00.869+0000] {processor.py:161} INFO - Started process (PID=384) to work on /home/airflow/.local/lib/python3.8/site-packages/airflow/example_dags/example_time_delta_sensor_async.py
[2025-11-16T20:44:00.870+0000] {processor.py:830} INFO - Processing file /home/airflow/.local/lib/python3.8/site-packages/airflow/example_dags/example_time_delta_sensor_async.py for tasks to queue
[2025-11-16T20:44:00.872+0000] {logging_mixin.py:188} INFO - [2025-11-16T20:44:00.871+0000] {dagbag.py:538} INFO - Filling up the DagBag from /home/airflow/.local/lib/python3.8/site-packages/airflow/example_dags/example_time_delta_sensor_async.py
[2025-11-16T20:44:00.887+0000] {processor.py:840} INFO - DAG(s) 'example_time_delta_sensor_async' retrieved from /home/airflow/.local/lib/python3.8/site-packages/airflow/example_dags/example_time_delta_sensor_async.py
[2025-11-16T20:44:00.940+0000] {logging_mixin.py:188} INFO - [2025-11-16T20:44:00.939+0000] {dag.py:3036} INFO - Sync 1 DAGs
[2025-11-16T20:44:00.963+0000] {logging_mixin.py:188} INFO - [2025-11-16T20:44:00.963+0000] {dag.py:3823} INFO - Setting next_dagrun for example_time_delta_sensor_async to None, run_after=None
[2025-11-16T20:44:00.999+0000] {processor.py:183} INFO - Processing /home/airflow/.local/lib/python3.8/site-packages/airflow/example_dags/example_time_delta_sensor_async.py took 0.135 seconds
[2025-11-16T20:44:31.084+0000] {processor.py:161} INFO - Started process (PID=473) to work on /home/airflow/.local/lib/python3.8/site-packages/airflow/example_dags/example_time_delta_sensor_async.py
[2025-11-16T20:44:31.085+0000] {processor.py:830} INFO - Processing file /home/airflow/.local/lib/python3.8/site-packages/airflow/example_dags/example_time_delta_sensor_async.py for tasks to queue
[2025-11-16T20:44:31.086+0000] {logging_mixin.py:188} INFO - [2025-11-16T20:44:31.086+0000] {dagbag.py:538} INFO - Filling up the DagBag from /home/airflow/.local/lib/python3.8/site-packages/airflow/example_dags/example_time_delta_sensor_async.py
[2025-11-16T20:44:31.091+0000] {processor.py:840} INFO - DAG(s) 'example_time_delta_sensor_async' retrieved from /home/airflow/.local/lib/python3.8/site-packages/airflow/example_dags/example_time_delta_sensor_async.py
[2025-11-16T20:44:31.116+0000] {logging_mixin.py:188} INFO - [2025-11-16T20:44:31.115+0000] {dag.py:3036} INFO - Sync 1 DAGs
[2025-11-16T20:44:31.128+0000] {logging_mixin.py:188} INFO - [2025-11-16T20:44:31.127+0000] {dag.py:3823} INFO - Setting next_dagrun for example_time_delta_sensor_async to None, run_after=None
[2025-11-16T20:44:31.152+0000] {processor.py:183} INFO - Processing /home/airflow/.local/lib/python3.8/site-packages/airflow/example_dags/example_time_delta_sensor_async.py took 0.071 seconds
[2025-11-16T20:45:01.820+0000] {processor.py:161} INFO - Started process (PID=555) to work on /home/airflow/.local/lib/python3.8/site-packages/airflow/example_dags/example_time_delta_sensor_async.py
[2025-11-16T20:45:01.821+0000] {processor.py:830} INFO - Processing file /home/airflow/.local/lib/python3.8/site-packages/airflow/example_dags/example_time_delta_sensor_async.py for tasks to queue
[2025-11-16T20:45:01.823+0000] {logging_mixin.py:188} INFO - [2025-11-16T20:45:01.822+0000] {dagbag.py:538} INFO - Filling up the DagBag from /home/airflow/.local/lib/python3.8/site-packages/airflow/example_dags/example_time_delta_sensor_async.py
[2025-11-16T20:45:01.828+0000] {processor.py:840} INFO - DAG(s) 'example_time_delta_sensor_async' retrieved from /home/airflow/.local/lib/python3.8/site-packages/airflow/example_dags/example_time_delta_sensor_async.py
[2025-11-16T20:45:01.856+0000] {logging_mixin.py:188} INFO - [2025-11-16T20:45:01.856+0000] {dag.py:3036} INFO - Sync 1 DAGs
[2025-11-16T20:45:01.868+0000] {logging_mixin.py:188} INFO - [2025-11-16T20:45:01.867+0000] {dag.py:3823} INFO - Setting next_dagrun for example_time_delta_sensor_async to None, run_after=None
[2025-11-16T20:45:01.891+0000] {processor.py:183} INFO - Processing /home/airflow/.local/lib/python3.8/site-packages/airflow/example_dags/example_time_delta_sensor_async.py took 0.078 seconds
[2025-11-16T20:45:33.009+0000] {processor.py:161} INFO - Started process (PID=652) to work on /home/airflow/.local/lib/python3.8/site-packages/airflow/example_dags/example_time_delta_sensor_async.py
[2025-11-16T20:45:33.010+0000] {processor.py:830} INFO - Processing file /home/airflow/.local/lib/python3.8/site-packages/airflow/example_dags/example_time_delta_sensor_async.py for tasks to queue
[2025-11-16T20:45:33.012+0000] {logging_mixin.py:188} INFO - [2025-11-16T20:45:33.011+0000] {dagbag.py:538} INFO - Filling up the DagBag from /home/airflow/.local/lib/python3.8/site-packages/airflow/example_dags/example_time_delta_sensor_async.py
[2025-11-16T20:45:33.017+0000] {processor.py:840} INFO - DAG(s) 'example_time_delta_sensor_async' retrieved from /home/airflow/.local/lib/python3.8/site-packages/airflow/example_dags/example_time_delta_sensor_async.py
[2025-11-16T20:45:33.048+0000] {logging_mixin.py:188} INFO - [2025-11-16T20:45:33.048+0000] {dag.py:3036} INFO - Sync 1 DAGs
[2025-11-16T20:45:33.065+0000] {logging_mixin.py:188} INFO - [2025-11-16T20:45:33.065+0000] {dag.py:3823} INFO - Setting next_dagrun for example_time_delta_sensor_async to None, run_after=None
[2025-11-16T20:45:33.092+0000] {processor.py:183} INFO - Processing /home/airflow/.local/lib/python3.8/site-packages/airflow/example_dags/example_time_delta_sensor_async.py took 0.088 seconds
[2025-11-16T20:46:03.743+0000] {processor.py:161} INFO - Started process (PID=733) to work on /home/airflow/.local/lib/python3.8/site-packages/airflow/example_dags/example_time_delta_sensor_async.py
[2025-11-16T20:46:03.744+0000] {processor.py:830} INFO - Processing file /home/airflow/.local/lib/python3.8/site-packages/airflow/example_dags/example_time_delta_sensor_async.py for tasks to queue
[2025-11-16T20:46:03.746+0000] {logging_mixin.py:188} INFO - [2025-11-16T20:46:03.745+0000] {dagbag.py:538} INFO - Filling up the DagBag from /home/airflow/.local/lib/python3.8/site-packages/airflow/example_dags/example_time_delta_sensor_async.py
[2025-11-16T20:46:03.750+0000] {processor.py:840} INFO - DAG(s) 'example_time_delta_sensor_async' retrieved from /home/airflow/.local/lib/python3.8/site-packages/airflow/example_dags/example_time_delta_sensor_async.py
[2025-11-16T20:46:03.776+0000] {logging_mixin.py:188} INFO - [2025-11-16T20:46:03.776+0000] {dag.py:3036} INFO - Sync 1 DAGs
[2025-11-16T20:46:03.788+0000] {logging_mixin.py:188} INFO - [2025-11-16T20:46:03.788+0000] {dag.py:3823} INFO - Setting next_dagrun for example_time_delta_sensor_async to None, run_after=None
[2025-11-16T20:46:03.811+0000] {processor.py:183} INFO - Processing /home/airflow/.local/lib/python3.8/site-packages/airflow/example_dags/example_time_delta_sensor_async.py took 0.074 seconds
[2025-11-16T20:46:35.189+0000] {processor.py:161} INFO - Started process (PID=822) to work on /home/airflow/.local/lib/python3.8/site-packages/airflow/example_dags/example_time_delta_sensor_async.py
[2025-11-16T20:46:35.190+0000] {processor.py:830} INFO - Processing file /home/airflow/.local/lib/python3.8/site-packages/airflow/example_dags/example_time_delta_sensor_async.py for tasks to queue
[2025-11-16T20:46:35.191+0000] {logging_mixin.py:188} INFO - [2025-11-16T20:46:35.191+0000] {dagbag.py:538} INFO - Filling up the DagBag from /home/airflow/.local/lib/python3.8/site-packages/airflow/example_dags/example_time_delta_sensor_async.py
[2025-11-16T20:46:35.197+0000] {processor.py:840} INFO - DAG(s) 'example_time_delta_sensor_async' retrieved from /home/airflow/.local/lib/python3.8/site-packages/airflow/example_dags/example_time_delta_sensor_async.py
[2025-11-16T20:46:35.222+0000] {logging_mixin.py:188} INFO - [2025-11-16T20:46:35.222+0000] {dag.py:3036} INFO - Sync 1 DAGs
[2025-11-16T20:46:35.238+0000] {logging_mixin.py:188} INFO - [2025-11-16T20:46:35.238+0000] {dag.py:3823} INFO - Setting next_dagrun for example_time_delta_sensor_async to None, run_after=None
[2025-11-16T20:46:35.269+0000] {processor.py:183} INFO - Processing /home/airflow/.local/lib/python3.8/site-packages/airflow/example_dags/example_time_delta_sensor_async.py took 0.083 seconds
[2025-11-16T20:47:06.250+0000] {processor.py:161} INFO - Started process (PID=910) to work on /home/airflow/.local/lib/python3.8/site-packages/airflow/example_dags/example_time_delta_sensor_async.py
[2025-11-16T20:47:06.251+0000] {processor.py:830} INFO - Processing file /home/airflow/.local/lib/python3.8/site-packages/airflow/example_dags/example_time_delta_sensor_async.py for tasks to queue
[2025-11-16T20:47:06.252+0000] {logging_mixin.py:188} INFO - [2025-11-16T20:47:06.252+0000] {dagbag.py:538} INFO - Filling up the DagBag from /home/airflow/.local/lib/python3.8/site-packages/airflow/example_dags/example_time_delta_sensor_async.py
[2025-11-16T20:47:06.258+0000] {processor.py:840} INFO - DAG(s) 'example_time_delta_sensor_async' retrieved from /home/airflow/.local/lib/python3.8/site-packages/airflow/example_dags/example_time_delta_sensor_async.py
[2025-11-16T20:47:06.282+0000] {logging_mixin.py:188} INFO - [2025-11-16T20:47:06.282+0000] {dag.py:3036} INFO - Sync 1 DAGs
[2025-11-16T20:47:06.295+0000] {logging_mixin.py:188} INFO - [2025-11-16T20:47:06.294+0000] {dag.py:3823} INFO - Setting next_dagrun for example_time_delta_sensor_async to None, run_after=None
[2025-11-16T20:47:06.318+0000] {processor.py:183} INFO - Processing /home/airflow/.local/lib/python3.8/site-packages/airflow/example_dags/example_time_delta_sensor_async.py took 0.072 seconds
[2025-11-16T20:47:36.391+0000] {processor.py:161} INFO - Started process (PID=989) to work on /home/airflow/.local/lib/python3.8/site-packages/airflow/example_dags/example_time_delta_sensor_async.py
[2025-11-16T20:47:36.392+0000] {processor.py:830} INFO - Processing file /home/airflow/.local/lib/python3.8/site-packages/airflow/example_dags/example_time_delta_sensor_async.py for tasks to queue
[2025-11-16T20:47:36.393+0000] {logging_mixin.py:188} INFO - [2025-11-16T20:47:36.393+0000] {dagbag.py:538} INFO - Filling up the DagBag from /home/airflow/.local/lib/python3.8/site-packages/airflow/example_dags/example_time_delta_sensor_async.py
[2025-11-16T20:47:36.398+0000] {processor.py:840} INFO - DAG(s) 'example_time_delta_sensor_async' retrieved from /home/airflow/.local/lib/python3.8/site-packages/airflow/example_dags/example_time_delta_sensor_async.py
[2025-11-16T20:47:36.422+0000] {logging_mixin.py:188} INFO - [2025-11-16T20:47:36.422+0000] {dag.py:3036} INFO - Sync 1 DAGs
[2025-11-16T20:47:36.434+0000] {logging_mixin.py:188} INFO - [2025-11-16T20:47:36.434+0000] {dag.py:3823} INFO - Setting next_dagrun for example_time_delta_sensor_async to None, run_after=None
[2025-11-16T20:47:36.456+0000] {processor.py:183} INFO - Processing /home/airflow/.local/lib/python3.8/site-packages/airflow/example_dags/example_time_delta_sensor_async.py took 0.068 seconds
[2025-11-16T20:48:06.517+0000] {processor.py:161} INFO - Started process (PID=1083) to work on /home/airflow/.local/lib/python3.8/site-packages/airflow/example_dags/example_time_delta_sensor_async.py
[2025-11-16T20:48:06.518+0000] {processor.py:830} INFO - Processing file /home/airflow/.local/lib/python3.8/site-packages/airflow/example_dags/example_time_delta_sensor_async.py for tasks to queue
[2025-11-16T20:48:06.519+0000] {logging_mixin.py:188} INFO - [2025-11-16T20:48:06.519+0000] {dagbag.py:538} INFO - Filling up the DagBag from /home/airflow/.local/lib/python3.8/site-packages/airflow/example_dags/example_time_delta_sensor_async.py
[2025-11-16T20:48:06.525+0000] {processor.py:840} INFO - DAG(s) 'example_time_delta_sensor_async' retrieved from /home/airflow/.local/lib/python3.8/site-packages/airflow/example_dags/example_time_delta_sensor_async.py
[2025-11-16T20:48:06.568+0000] {logging_mixin.py:188} INFO - [2025-11-16T20:48:06.567+0000] {dag.py:3036} INFO - Sync 1 DAGs
[2025-11-16T20:48:06.589+0000] {logging_mixin.py:188} INFO - [2025-11-16T20:48:06.589+0000] {dag.py:3823} INFO - Setting next_dagrun for example_time_delta_sensor_async to None, run_after=None
[2025-11-16T20:48:06.629+0000] {processor.py:183} INFO - Processing /home/airflow/.local/lib/python3.8/site-packages/airflow/example_dags/example_time_delta_sensor_async.py took 0.116 seconds
[2025-11-16T20:48:37.243+0000] {processor.py:161} INFO - Started process (PID=1164) to work on /home/airflow/.local/lib/python3.8/site-packages/airflow/example_dags/example_time_delta_sensor_async.py
[2025-11-16T20:48:37.244+0000] {processor.py:830} INFO - Processing file /home/airflow/.local/lib/python3.8/site-packages/airflow/example_dags/example_time_delta_sensor_async.py for tasks to queue
[2025-11-16T20:48:37.246+0000] {logging_mixin.py:188} INFO - [2025-11-16T20:48:37.245+0000] {dagbag.py:538} INFO - Filling up the DagBag from /home/airflow/.local/lib/python3.8/site-packages/airflow/example_dags/example_time_delta_sensor_async.py
[2025-11-16T20:48:37.262+0000] {processor.py:840} INFO - DAG(s) 'example_time_delta_sensor_async' retrieved from /home/airflow/.local/lib/python3.8/site-packages/airflow/example_dags/example_time_delta_sensor_async.py
[2025-11-16T20:48:37.340+0000] {logging_mixin.py:188} INFO - [2025-11-16T20:48:37.339+0000] {dag.py:3036} INFO - Sync 1 DAGs
[2025-11-16T20:48:37.380+0000] {logging_mixin.py:188} INFO - [2025-11-16T20:48:37.380+0000] {dag.py:3823} INFO - Setting next_dagrun for example_time_delta_sensor_async to None, run_after=None
[2025-11-16T20:48:37.454+0000] {processor.py:183} INFO - Processing /home/airflow/.local/lib/python3.8/site-packages/airflow/example_dags/example_time_delta_sensor_async.py took 0.215 seconds
[2025-11-16T20:49:17.435+0000] {processor.py:161} INFO - Started process (PID=1249) to work on /home/airflow/.local/lib/python3.8/site-packages/airflow/example_dags/example_time_delta_sensor_async.py
[2025-11-16T20:49:17.436+0000] {processor.py:830} INFO - Processing file /home/airflow/.local/lib/python3.8/site-packages/airflow/example_dags/example_time_delta_sensor_async.py for tasks to queue
[2025-11-16T20:49:17.441+0000] {logging_mixin.py:188} INFO - [2025-11-16T20:49:17.440+0000] {dagbag.py:538} INFO - Filling up the DagBag from /home/airflow/.local/lib/python3.8/site-packages/airflow/example_dags/example_time_delta_sensor_async.py
[2025-11-16T20:49:17.453+0000] {processor.py:840} INFO - DAG(s) 'example_time_delta_sensor_async' retrieved from /home/airflow/.local/lib/python3.8/site-packages/airflow/example_dags/example_time_delta_sensor_async.py
[2025-11-16T20:49:17.500+0000] {logging_mixin.py:188} INFO - [2025-11-16T20:49:17.500+0000] {dag.py:3036} INFO - Sync 1 DAGs
[2025-11-16T20:49:17.547+0000] {logging_mixin.py:188} INFO - [2025-11-16T20:49:17.547+0000] {dag.py:3823} INFO - Setting next_dagrun for example_time_delta_sensor_async to None, run_after=None
[2025-11-16T20:49:17.643+0000] {processor.py:183} INFO - Processing /home/airflow/.local/lib/python3.8/site-packages/airflow/example_dags/example_time_delta_sensor_async.py took 0.213 seconds
[2025-11-16T20:50:05.075+0000] {processor.py:161} INFO - Started process (PID=1322) to work on /home/airflow/.local/lib/python3.8/site-packages/airflow/example_dags/example_time_delta_sensor_async.py
[2025-11-16T20:50:05.076+0000] {processor.py:830} INFO - Processing file /home/airflow/.local/lib/python3.8/site-packages/airflow/example_dags/example_time_delta_sensor_async.py for tasks to queue
[2025-11-16T20:50:05.077+0000] {logging_mixin.py:188} INFO - [2025-11-16T20:50:05.077+0000] {dagbag.py:538} INFO - Filling up the DagBag from /home/airflow/.local/lib/python3.8/site-packages/airflow/example_dags/example_time_delta_sensor_async.py
[2025-11-16T20:50:05.087+0000] {processor.py:840} INFO - DAG(s) 'example_time_delta_sensor_async' retrieved from /home/airflow/.local/lib/python3.8/site-packages/airflow/example_dags/example_time_delta_sensor_async.py
[2025-11-16T20:50:05.140+0000] {logging_mixin.py:188} INFO - [2025-11-16T20:50:05.140+0000] {dag.py:3036} INFO - Sync 1 DAGs
[2025-11-16T20:50:05.166+0000] {logging_mixin.py:188} INFO - [2025-11-16T20:50:05.166+0000] {dag.py:3823} INFO - Setting next_dagrun for example_time_delta_sensor_async to None, run_after=None
[2025-11-16T20:50:05.209+0000] {processor.py:183} INFO - Processing /home/airflow/.local/lib/python3.8/site-packages/airflow/example_dags/example_time_delta_sensor_async.py took 0.142 seconds
[2025-11-16T23:16:18.878+0000] {processor.py:161} INFO - Started process (PID=1417) to work on /home/airflow/.local/lib/python3.8/site-packages/airflow/example_dags/example_time_delta_sensor_async.py
[2025-11-16T23:16:18.880+0000] {processor.py:830} INFO - Processing file /home/airflow/.local/lib/python3.8/site-packages/airflow/example_dags/example_time_delta_sensor_async.py for tasks to queue
[2025-11-16T23:16:18.889+0000] {logging_mixin.py:188} INFO - [2025-11-16T23:16:18.883+0000] {dagbag.py:538} INFO - Filling up the DagBag from /home/airflow/.local/lib/python3.8/site-packages/airflow/example_dags/example_time_delta_sensor_async.py
[2025-11-16T23:16:18.903+0000] {processor.py:840} INFO - DAG(s) 'example_time_delta_sensor_async' retrieved from /home/airflow/.local/lib/python3.8/site-packages/airflow/example_dags/example_time_delta_sensor_async.py
[2025-11-16T23:16:18.957+0000] {logging_mixin.py:188} INFO - [2025-11-16T23:16:18.957+0000] {dag.py:3036} INFO - Sync 1 DAGs
[2025-11-16T23:16:18.991+0000] {logging_mixin.py:188} INFO - [2025-11-16T23:16:18.991+0000] {dag.py:3823} INFO - Setting next_dagrun for example_time_delta_sensor_async to None, run_after=None
[2025-11-16T23:16:19.076+0000] {processor.py:183} INFO - Processing /home/airflow/.local/lib/python3.8/site-packages/airflow/example_dags/example_time_delta_sensor_async.py took 0.211 seconds
[2025-11-16T23:16:49.656+0000] {processor.py:161} INFO - Started process (PID=1499) to work on /home/airflow/.local/lib/python3.8/site-packages/airflow/example_dags/example_time_delta_sensor_async.py
[2025-11-16T23:16:49.658+0000] {processor.py:830} INFO - Processing file /home/airflow/.local/lib/python3.8/site-packages/airflow/example_dags/example_time_delta_sensor_async.py for tasks to queue
[2025-11-16T23:16:49.662+0000] {logging_mixin.py:188} INFO - [2025-11-16T23:16:49.659+0000] {dagbag.py:538} INFO - Filling up the DagBag from /home/airflow/.local/lib/python3.8/site-packages/airflow/example_dags/example_time_delta_sensor_async.py
[2025-11-16T23:16:49.674+0000] {processor.py:840} INFO - DAG(s) 'example_time_delta_sensor_async' retrieved from /home/airflow/.local/lib/python3.8/site-packages/airflow/example_dags/example_time_delta_sensor_async.py
[2025-11-16T23:16:49.722+0000] {logging_mixin.py:188} INFO - [2025-11-16T23:16:49.722+0000] {dag.py:3036} INFO - Sync 1 DAGs
[2025-11-16T23:16:49.746+0000] {logging_mixin.py:188} INFO - [2025-11-16T23:16:49.745+0000] {dag.py:3823} INFO - Setting next_dagrun for example_time_delta_sensor_async to None, run_after=None
[2025-11-16T23:16:49.780+0000] {processor.py:183} INFO - Processing /home/airflow/.local/lib/python3.8/site-packages/airflow/example_dags/example_time_delta_sensor_async.py took 0.128 seconds
[2025-11-16T23:17:23.553+0000] {processor.py:161} INFO - Started process (PID=1581) to work on /home/airflow/.local/lib/python3.8/site-packages/airflow/example_dags/example_time_delta_sensor_async.py
[2025-11-16T23:17:23.554+0000] {processor.py:830} INFO - Processing file /home/airflow/.local/lib/python3.8/site-packages/airflow/example_dags/example_time_delta_sensor_async.py for tasks to queue
[2025-11-16T23:17:23.556+0000] {logging_mixin.py:188} INFO - [2025-11-16T23:17:23.555+0000] {dagbag.py:538} INFO - Filling up the DagBag from /home/airflow/.local/lib/python3.8/site-packages/airflow/example_dags/example_time_delta_sensor_async.py
[2025-11-16T23:17:23.565+0000] {processor.py:840} INFO - DAG(s) 'example_time_delta_sensor_async' retrieved from /home/airflow/.local/lib/python3.8/site-packages/airflow/example_dags/example_time_delta_sensor_async.py
[2025-11-16T23:17:23.609+0000] {logging_mixin.py:188} INFO - [2025-11-16T23:17:23.609+0000] {dag.py:3036} INFO - Sync 1 DAGs
[2025-11-16T23:17:23.630+0000] {logging_mixin.py:188} INFO - [2025-11-16T23:17:23.630+0000] {dag.py:3823} INFO - Setting next_dagrun for example_time_delta_sensor_async to None, run_after=None
[2025-11-16T23:17:23.664+0000] {processor.py:183} INFO - Processing /home/airflow/.local/lib/python3.8/site-packages/airflow/example_dags/example_time_delta_sensor_async.py took 0.120 seconds
[2025-11-16T23:17:57.833+0000] {processor.py:161} INFO - Started process (PID=1647) to work on /home/airflow/.local/lib/python3.8/site-packages/airflow/example_dags/example_time_delta_sensor_async.py
[2025-11-16T23:17:57.835+0000] {processor.py:830} INFO - Processing file /home/airflow/.local/lib/python3.8/site-packages/airflow/example_dags/example_time_delta_sensor_async.py for tasks to queue
[2025-11-16T23:17:57.837+0000] {logging_mixin.py:188} INFO - [2025-11-16T23:17:57.836+0000] {dagbag.py:538} INFO - Filling up the DagBag from /home/airflow/.local/lib/python3.8/site-packages/airflow/example_dags/example_time_delta_sensor_async.py
[2025-11-16T23:17:57.849+0000] {processor.py:840} INFO - DAG(s) 'example_time_delta_sensor_async' retrieved from /home/airflow/.local/lib/python3.8/site-packages/airflow/example_dags/example_time_delta_sensor_async.py
[2025-11-16T23:17:57.900+0000] {logging_mixin.py:188} INFO - [2025-11-16T23:17:57.900+0000] {dag.py:3036} INFO - Sync 1 DAGs
[2025-11-16T23:17:57.926+0000] {logging_mixin.py:188} INFO - [2025-11-16T23:17:57.925+0000] {dag.py:3823} INFO - Setting next_dagrun for example_time_delta_sensor_async to None, run_after=None
[2025-11-16T23:17:57.978+0000] {processor.py:183} INFO - Processing /home/airflow/.local/lib/python3.8/site-packages/airflow/example_dags/example_time_delta_sensor_async.py took 0.152 seconds
[2025-11-16T23:18:32.324+0000] {processor.py:161} INFO - Started process (PID=1736) to work on /home/airflow/.local/lib/python3.8/site-packages/airflow/example_dags/example_time_delta_sensor_async.py
[2025-11-16T23:18:32.325+0000] {processor.py:830} INFO - Processing file /home/airflow/.local/lib/python3.8/site-packages/airflow/example_dags/example_time_delta_sensor_async.py for tasks to queue
[2025-11-16T23:18:32.326+0000] {logging_mixin.py:188} INFO - [2025-11-16T23:18:32.326+0000] {dagbag.py:538} INFO - Filling up the DagBag from /home/airflow/.local/lib/python3.8/site-packages/airflow/example_dags/example_time_delta_sensor_async.py
[2025-11-16T23:18:32.337+0000] {processor.py:840} INFO - DAG(s) 'example_time_delta_sensor_async' retrieved from /home/airflow/.local/lib/python3.8/site-packages/airflow/example_dags/example_time_delta_sensor_async.py
[2025-11-16T23:18:32.371+0000] {logging_mixin.py:188} INFO - [2025-11-16T23:18:32.370+0000] {dag.py:3036} INFO - Sync 1 DAGs
[2025-11-16T23:18:32.468+0000] {logging_mixin.py:188} INFO - [2025-11-16T23:18:32.468+0000] {dag.py:3823} INFO - Setting next_dagrun for example_time_delta_sensor_async to None, run_after=None
[2025-11-16T23:18:32.835+0000] {processor.py:183} INFO - Processing /home/airflow/.local/lib/python3.8/site-packages/airflow/example_dags/example_time_delta_sensor_async.py took 0.514 seconds
[2025-11-16T23:19:03.659+0000] {processor.py:161} INFO - Started process (PID=1809) to work on /home/airflow/.local/lib/python3.8/site-packages/airflow/example_dags/example_time_delta_sensor_async.py
[2025-11-16T23:19:03.661+0000] {processor.py:830} INFO - Processing file /home/airflow/.local/lib/python3.8/site-packages/airflow/example_dags/example_time_delta_sensor_async.py for tasks to queue
[2025-11-16T23:19:03.664+0000] {logging_mixin.py:188} INFO - [2025-11-16T23:19:03.664+0000] {dagbag.py:538} INFO - Filling up the DagBag from /home/airflow/.local/lib/python3.8/site-packages/airflow/example_dags/example_time_delta_sensor_async.py
[2025-11-16T23:19:03.671+0000] {processor.py:840} INFO - DAG(s) 'example_time_delta_sensor_async' retrieved from /home/airflow/.local/lib/python3.8/site-packages/airflow/example_dags/example_time_delta_sensor_async.py
[2025-11-16T23:19:03.711+0000] {logging_mixin.py:188} INFO - [2025-11-16T23:19:03.711+0000] {dag.py:3036} INFO - Sync 1 DAGs
[2025-11-16T23:19:03.727+0000] {logging_mixin.py:188} INFO - [2025-11-16T23:19:03.727+0000] {dag.py:3823} INFO - Setting next_dagrun for example_time_delta_sensor_async to None, run_after=None
[2025-11-16T23:19:03.764+0000] {processor.py:183} INFO - Processing /home/airflow/.local/lib/python3.8/site-packages/airflow/example_dags/example_time_delta_sensor_async.py took 0.108 seconds
