[2025-11-16T20:20:19.501+0000] {processor.py:161} INFO - Started process (PID=126) to work on /home/airflow/.local/lib/python3.8/site-packages/airflow/example_dags/example_xcomargs.py
[2025-11-16T20:20:19.509+0000] {processor.py:830} INFO - Processing file /home/airflow/.local/lib/python3.8/site-packages/airflow/example_dags/example_xcomargs.py for tasks to queue
[2025-11-16T20:20:19.530+0000] {logging_mixin.py:188} INFO - [2025-11-16T20:20:19.514+0000] {dagbag.py:538} INFO - Filling up the DagBag from /home/airflow/.local/lib/python3.8/site-packages/airflow/example_dags/example_xcomargs.py
[2025-11-16T20:20:19.640+0000] {processor.py:840} INFO - DAG(s) 'example_xcom_args', 'example_xcom_args_with_operators' retrieved from /home/airflow/.local/lib/python3.8/site-packages/airflow/example_dags/example_xcomargs.py
[2025-11-16T20:20:20.369+0000] {logging_mixin.py:188} INFO - [2025-11-16T20:20:20.368+0000] {override.py:1769} INFO - Created Permission View: can edit on DAG:example_xcom_args
[2025-11-16T20:20:20.394+0000] {logging_mixin.py:188} INFO - [2025-11-16T20:20:20.394+0000] {override.py:1769} INFO - Created Permission View: can read on DAG:example_xcom_args
[2025-11-16T20:20:20.409+0000] {logging_mixin.py:188} INFO - [2025-11-16T20:20:20.408+0000] {override.py:1769} INFO - Created Permission View: can delete on DAG:example_xcom_args
[2025-11-16T20:20:20.436+0000] {logging_mixin.py:188} INFO - [2025-11-16T20:20:20.436+0000] {override.py:1769} INFO - Created Permission View: can edit on DAG:example_xcom_args_with_operators
[2025-11-16T20:20:20.450+0000] {logging_mixin.py:188} INFO - [2025-11-16T20:20:20.450+0000] {override.py:1769} INFO - Created Permission View: can read on DAG:example_xcom_args_with_operators
[2025-11-16T20:20:20.467+0000] {logging_mixin.py:188} INFO - [2025-11-16T20:20:20.466+0000] {override.py:1769} INFO - Created Permission View: can delete on DAG:example_xcom_args_with_operators
[2025-11-16T20:20:20.468+0000] {logging_mixin.py:188} INFO - [2025-11-16T20:20:20.467+0000] {dag.py:3036} INFO - Sync 2 DAGs
[2025-11-16T20:20:20.488+0000] {logging_mixin.py:188} INFO - [2025-11-16T20:20:20.487+0000] {dag.py:3058} INFO - Creating ORM DAG for example_xcom_args_with_operators
[2025-11-16T20:20:20.490+0000] {logging_mixin.py:188} INFO - [2025-11-16T20:20:20.490+0000] {dag.py:3058} INFO - Creating ORM DAG for example_xcom_args
[2025-11-16T20:20:20.492+0000] {logging_mixin.py:188} INFO - [2025-11-16T20:20:20.491+0000] {dag.py:3823} INFO - Setting next_dagrun for example_xcom_args to None, run_after=None
[2025-11-16T20:20:20.493+0000] {logging_mixin.py:188} INFO - [2025-11-16T20:20:20.493+0000] {dag.py:3823} INFO - Setting next_dagrun for example_xcom_args_with_operators to None, run_after=None
[2025-11-16T20:20:20.534+0000] {processor.py:183} INFO - Processing /home/airflow/.local/lib/python3.8/site-packages/airflow/example_dags/example_xcomargs.py took 1.083 seconds
[2025-11-16T20:20:51.515+0000] {processor.py:161} INFO - Started process (PID=200) to work on /home/airflow/.local/lib/python3.8/site-packages/airflow/example_dags/example_xcomargs.py
[2025-11-16T20:20:51.517+0000] {processor.py:830} INFO - Processing file /home/airflow/.local/lib/python3.8/site-packages/airflow/example_dags/example_xcomargs.py for tasks to queue
[2025-11-16T20:20:51.656+0000] {logging_mixin.py:188} INFO - [2025-11-16T20:20:51.542+0000] {dagbag.py:538} INFO - Filling up the DagBag from /home/airflow/.local/lib/python3.8/site-packages/airflow/example_dags/example_xcomargs.py
[2025-11-16T20:20:51.685+0000] {processor.py:840} INFO - DAG(s) 'example_xcom_args_with_operators', 'example_xcom_args' retrieved from /home/airflow/.local/lib/python3.8/site-packages/airflow/example_dags/example_xcomargs.py
[2025-11-16T20:20:51.929+0000] {logging_mixin.py:188} INFO - [2025-11-16T20:20:51.929+0000] {dag.py:3036} INFO - Sync 2 DAGs
[2025-11-16T20:20:52.087+0000] {logging_mixin.py:188} INFO - [2025-11-16T20:20:52.086+0000] {dag.py:3823} INFO - Setting next_dagrun for example_xcom_args to None, run_after=None
[2025-11-16T20:20:52.098+0000] {logging_mixin.py:188} INFO - [2025-11-16T20:20:52.097+0000] {dag.py:3823} INFO - Setting next_dagrun for example_xcom_args_with_operators to None, run_after=None
[2025-11-16T20:20:53.612+0000] {processor.py:183} INFO - Processing /home/airflow/.local/lib/python3.8/site-packages/airflow/example_dags/example_xcomargs.py took 2.363 seconds
[2025-11-16T20:21:26.734+0000] {processor.py:161} INFO - Started process (PID=279) to work on /home/airflow/.local/lib/python3.8/site-packages/airflow/example_dags/example_xcomargs.py
[2025-11-16T20:21:26.735+0000] {processor.py:830} INFO - Processing file /home/airflow/.local/lib/python3.8/site-packages/airflow/example_dags/example_xcomargs.py for tasks to queue
[2025-11-16T20:21:26.737+0000] {logging_mixin.py:188} INFO - [2025-11-16T20:21:26.736+0000] {dagbag.py:538} INFO - Filling up the DagBag from /home/airflow/.local/lib/python3.8/site-packages/airflow/example_dags/example_xcomargs.py
[2025-11-16T20:21:26.755+0000] {processor.py:840} INFO - DAG(s) 'example_xcom_args_with_operators', 'example_xcom_args' retrieved from /home/airflow/.local/lib/python3.8/site-packages/airflow/example_dags/example_xcomargs.py
[2025-11-16T20:21:26.799+0000] {logging_mixin.py:188} INFO - [2025-11-16T20:21:26.799+0000] {dag.py:3036} INFO - Sync 2 DAGs
[2025-11-16T20:21:26.819+0000] {logging_mixin.py:188} INFO - [2025-11-16T20:21:26.819+0000] {dag.py:3823} INFO - Setting next_dagrun for example_xcom_args to None, run_after=None
[2025-11-16T20:21:26.824+0000] {logging_mixin.py:188} INFO - [2025-11-16T20:21:26.824+0000] {dag.py:3823} INFO - Setting next_dagrun for example_xcom_args_with_operators to None, run_after=None
[2025-11-16T20:21:26.843+0000] {processor.py:183} INFO - Processing /home/airflow/.local/lib/python3.8/site-packages/airflow/example_dags/example_xcomargs.py took 0.114 seconds
[2025-11-16T20:21:57.041+0000] {processor.py:161} INFO - Started process (PID=360) to work on /home/airflow/.local/lib/python3.8/site-packages/airflow/example_dags/example_xcomargs.py
[2025-11-16T20:21:57.042+0000] {processor.py:830} INFO - Processing file /home/airflow/.local/lib/python3.8/site-packages/airflow/example_dags/example_xcomargs.py for tasks to queue
[2025-11-16T20:21:57.043+0000] {logging_mixin.py:188} INFO - [2025-11-16T20:21:57.043+0000] {dagbag.py:538} INFO - Filling up the DagBag from /home/airflow/.local/lib/python3.8/site-packages/airflow/example_dags/example_xcomargs.py
[2025-11-16T20:21:57.054+0000] {processor.py:840} INFO - DAG(s) 'example_xcom_args_with_operators', 'example_xcom_args' retrieved from /home/airflow/.local/lib/python3.8/site-packages/airflow/example_dags/example_xcomargs.py
[2025-11-16T20:21:57.094+0000] {logging_mixin.py:188} INFO - [2025-11-16T20:21:57.093+0000] {dag.py:3036} INFO - Sync 2 DAGs
[2025-11-16T20:21:57.110+0000] {logging_mixin.py:188} INFO - [2025-11-16T20:21:57.109+0000] {dag.py:3823} INFO - Setting next_dagrun for example_xcom_args to None, run_after=None
[2025-11-16T20:21:57.114+0000] {logging_mixin.py:188} INFO - [2025-11-16T20:21:57.114+0000] {dag.py:3823} INFO - Setting next_dagrun for example_xcom_args_with_operators to None, run_after=None
[2025-11-16T20:21:57.141+0000] {processor.py:183} INFO - Processing /home/airflow/.local/lib/python3.8/site-packages/airflow/example_dags/example_xcomargs.py took 0.103 seconds
[2025-11-16T20:22:29.408+0000] {processor.py:161} INFO - Started process (PID=444) to work on /home/airflow/.local/lib/python3.8/site-packages/airflow/example_dags/example_xcomargs.py
[2025-11-16T20:22:29.413+0000] {processor.py:830} INFO - Processing file /home/airflow/.local/lib/python3.8/site-packages/airflow/example_dags/example_xcomargs.py for tasks to queue
[2025-11-16T20:22:29.421+0000] {logging_mixin.py:188} INFO - [2025-11-16T20:22:29.420+0000] {dagbag.py:538} INFO - Filling up the DagBag from /home/airflow/.local/lib/python3.8/site-packages/airflow/example_dags/example_xcomargs.py
[2025-11-16T20:22:29.437+0000] {processor.py:840} INFO - DAG(s) 'example_xcom_args_with_operators', 'example_xcom_args' retrieved from /home/airflow/.local/lib/python3.8/site-packages/airflow/example_dags/example_xcomargs.py
[2025-11-16T20:22:29.490+0000] {logging_mixin.py:188} INFO - [2025-11-16T20:22:29.490+0000] {dag.py:3036} INFO - Sync 2 DAGs
[2025-11-16T20:22:29.516+0000] {logging_mixin.py:188} INFO - [2025-11-16T20:22:29.515+0000] {dag.py:3823} INFO - Setting next_dagrun for example_xcom_args to None, run_after=None
[2025-11-16T20:22:29.525+0000] {logging_mixin.py:188} INFO - [2025-11-16T20:22:29.525+0000] {dag.py:3823} INFO - Setting next_dagrun for example_xcom_args_with_operators to None, run_after=None
[2025-11-16T20:22:29.561+0000] {processor.py:183} INFO - Processing /home/airflow/.local/lib/python3.8/site-packages/airflow/example_dags/example_xcomargs.py took 0.165 seconds
[2025-11-16T20:22:59.915+0000] {processor.py:161} INFO - Started process (PID=530) to work on /home/airflow/.local/lib/python3.8/site-packages/airflow/example_dags/example_xcomargs.py
[2025-11-16T20:22:59.917+0000] {processor.py:830} INFO - Processing file /home/airflow/.local/lib/python3.8/site-packages/airflow/example_dags/example_xcomargs.py for tasks to queue
[2025-11-16T20:22:59.918+0000] {logging_mixin.py:188} INFO - [2025-11-16T20:22:59.918+0000] {dagbag.py:538} INFO - Filling up the DagBag from /home/airflow/.local/lib/python3.8/site-packages/airflow/example_dags/example_xcomargs.py
[2025-11-16T20:22:59.926+0000] {processor.py:840} INFO - DAG(s) 'example_xcom_args', 'example_xcom_args_with_operators' retrieved from /home/airflow/.local/lib/python3.8/site-packages/airflow/example_dags/example_xcomargs.py
[2025-11-16T20:22:59.953+0000] {logging_mixin.py:188} INFO - [2025-11-16T20:22:59.953+0000] {dag.py:3036} INFO - Sync 2 DAGs
[2025-11-16T20:22:59.967+0000] {logging_mixin.py:188} INFO - [2025-11-16T20:22:59.966+0000] {dag.py:3823} INFO - Setting next_dagrun for example_xcom_args to None, run_after=None
[2025-11-16T20:22:59.971+0000] {logging_mixin.py:188} INFO - [2025-11-16T20:22:59.971+0000] {dag.py:3823} INFO - Setting next_dagrun for example_xcom_args_with_operators to None, run_after=None
[2025-11-16T20:22:59.993+0000] {processor.py:183} INFO - Processing /home/airflow/.local/lib/python3.8/site-packages/airflow/example_dags/example_xcomargs.py took 0.081 seconds
[2025-11-16T20:23:30.095+0000] {processor.py:161} INFO - Started process (PID=610) to work on /home/airflow/.local/lib/python3.8/site-packages/airflow/example_dags/example_xcomargs.py
[2025-11-16T20:23:30.096+0000] {processor.py:830} INFO - Processing file /home/airflow/.local/lib/python3.8/site-packages/airflow/example_dags/example_xcomargs.py for tasks to queue
[2025-11-16T20:23:30.097+0000] {logging_mixin.py:188} INFO - [2025-11-16T20:23:30.097+0000] {dagbag.py:538} INFO - Filling up the DagBag from /home/airflow/.local/lib/python3.8/site-packages/airflow/example_dags/example_xcomargs.py
[2025-11-16T20:23:30.106+0000] {processor.py:840} INFO - DAG(s) 'example_xcom_args', 'example_xcom_args_with_operators' retrieved from /home/airflow/.local/lib/python3.8/site-packages/airflow/example_dags/example_xcomargs.py
[2025-11-16T20:23:30.136+0000] {logging_mixin.py:188} INFO - [2025-11-16T20:23:30.136+0000] {dag.py:3036} INFO - Sync 2 DAGs
[2025-11-16T20:23:30.149+0000] {logging_mixin.py:188} INFO - [2025-11-16T20:23:30.149+0000] {dag.py:3823} INFO - Setting next_dagrun for example_xcom_args to None, run_after=None
[2025-11-16T20:23:30.154+0000] {logging_mixin.py:188} INFO - [2025-11-16T20:23:30.153+0000] {dag.py:3823} INFO - Setting next_dagrun for example_xcom_args_with_operators to None, run_after=None
[2025-11-16T20:23:30.179+0000] {processor.py:183} INFO - Processing /home/airflow/.local/lib/python3.8/site-packages/airflow/example_dags/example_xcomargs.py took 0.087 seconds
[2025-11-16T20:24:00.288+0000] {processor.py:161} INFO - Started process (PID=690) to work on /home/airflow/.local/lib/python3.8/site-packages/airflow/example_dags/example_xcomargs.py
[2025-11-16T20:24:00.289+0000] {processor.py:830} INFO - Processing file /home/airflow/.local/lib/python3.8/site-packages/airflow/example_dags/example_xcomargs.py for tasks to queue
[2025-11-16T20:24:00.301+0000] {logging_mixin.py:188} INFO - [2025-11-16T20:24:00.300+0000] {dagbag.py:538} INFO - Filling up the DagBag from /home/airflow/.local/lib/python3.8/site-packages/airflow/example_dags/example_xcomargs.py
[2025-11-16T20:24:00.309+0000] {processor.py:840} INFO - DAG(s) 'example_xcom_args_with_operators', 'example_xcom_args' retrieved from /home/airflow/.local/lib/python3.8/site-packages/airflow/example_dags/example_xcomargs.py
[2025-11-16T20:24:00.340+0000] {logging_mixin.py:188} INFO - [2025-11-16T20:24:00.340+0000] {dag.py:3036} INFO - Sync 2 DAGs
[2025-11-16T20:24:00.354+0000] {logging_mixin.py:188} INFO - [2025-11-16T20:24:00.354+0000] {dag.py:3823} INFO - Setting next_dagrun for example_xcom_args to None, run_after=None
[2025-11-16T20:24:00.359+0000] {logging_mixin.py:188} INFO - [2025-11-16T20:24:00.358+0000] {dag.py:3823} INFO - Setting next_dagrun for example_xcom_args_with_operators to None, run_after=None
[2025-11-16T20:24:00.381+0000] {processor.py:183} INFO - Processing /home/airflow/.local/lib/python3.8/site-packages/airflow/example_dags/example_xcomargs.py took 0.097 seconds
[2025-11-16T20:24:30.465+0000] {processor.py:161} INFO - Started process (PID=785) to work on /home/airflow/.local/lib/python3.8/site-packages/airflow/example_dags/example_xcomargs.py
[2025-11-16T20:24:30.466+0000] {processor.py:830} INFO - Processing file /home/airflow/.local/lib/python3.8/site-packages/airflow/example_dags/example_xcomargs.py for tasks to queue
[2025-11-16T20:24:30.467+0000] {logging_mixin.py:188} INFO - [2025-11-16T20:24:30.467+0000] {dagbag.py:538} INFO - Filling up the DagBag from /home/airflow/.local/lib/python3.8/site-packages/airflow/example_dags/example_xcomargs.py
[2025-11-16T20:24:30.475+0000] {processor.py:840} INFO - DAG(s) 'example_xcom_args', 'example_xcom_args_with_operators' retrieved from /home/airflow/.local/lib/python3.8/site-packages/airflow/example_dags/example_xcomargs.py
[2025-11-16T20:24:30.505+0000] {logging_mixin.py:188} INFO - [2025-11-16T20:24:30.504+0000] {dag.py:3036} INFO - Sync 2 DAGs
[2025-11-16T20:24:30.517+0000] {logging_mixin.py:188} INFO - [2025-11-16T20:24:30.516+0000] {dag.py:3823} INFO - Setting next_dagrun for example_xcom_args to None, run_after=None
[2025-11-16T20:24:30.522+0000] {logging_mixin.py:188} INFO - [2025-11-16T20:24:30.521+0000] {dag.py:3823} INFO - Setting next_dagrun for example_xcom_args_with_operators to None, run_after=None
[2025-11-16T20:24:30.543+0000] {processor.py:183} INFO - Processing /home/airflow/.local/lib/python3.8/site-packages/airflow/example_dags/example_xcomargs.py took 0.080 seconds
[2025-11-16T20:25:00.592+0000] {processor.py:161} INFO - Started process (PID=866) to work on /home/airflow/.local/lib/python3.8/site-packages/airflow/example_dags/example_xcomargs.py
[2025-11-16T20:25:00.593+0000] {processor.py:830} INFO - Processing file /home/airflow/.local/lib/python3.8/site-packages/airflow/example_dags/example_xcomargs.py for tasks to queue
[2025-11-16T20:25:00.594+0000] {logging_mixin.py:188} INFO - [2025-11-16T20:25:00.593+0000] {dagbag.py:538} INFO - Filling up the DagBag from /home/airflow/.local/lib/python3.8/site-packages/airflow/example_dags/example_xcomargs.py
[2025-11-16T20:25:00.603+0000] {processor.py:840} INFO - DAG(s) 'example_xcom_args_with_operators', 'example_xcom_args' retrieved from /home/airflow/.local/lib/python3.8/site-packages/airflow/example_dags/example_xcomargs.py
[2025-11-16T20:25:00.631+0000] {logging_mixin.py:188} INFO - [2025-11-16T20:25:00.630+0000] {dag.py:3036} INFO - Sync 2 DAGs
[2025-11-16T20:25:00.650+0000] {logging_mixin.py:188} INFO - [2025-11-16T20:25:00.649+0000] {dag.py:3823} INFO - Setting next_dagrun for example_xcom_args to None, run_after=None
[2025-11-16T20:25:00.656+0000] {logging_mixin.py:188} INFO - [2025-11-16T20:25:00.656+0000] {dag.py:3823} INFO - Setting next_dagrun for example_xcom_args_with_operators to None, run_after=None
[2025-11-16T20:25:00.683+0000] {processor.py:183} INFO - Processing /home/airflow/.local/lib/python3.8/site-packages/airflow/example_dags/example_xcomargs.py took 0.094 seconds
[2025-11-16T20:25:30.760+0000] {processor.py:161} INFO - Started process (PID=955) to work on /home/airflow/.local/lib/python3.8/site-packages/airflow/example_dags/example_xcomargs.py
[2025-11-16T20:25:30.761+0000] {processor.py:830} INFO - Processing file /home/airflow/.local/lib/python3.8/site-packages/airflow/example_dags/example_xcomargs.py for tasks to queue
[2025-11-16T20:25:30.763+0000] {logging_mixin.py:188} INFO - [2025-11-16T20:25:30.762+0000] {dagbag.py:538} INFO - Filling up the DagBag from /home/airflow/.local/lib/python3.8/site-packages/airflow/example_dags/example_xcomargs.py
[2025-11-16T20:25:30.771+0000] {processor.py:840} INFO - DAG(s) 'example_xcom_args', 'example_xcom_args_with_operators' retrieved from /home/airflow/.local/lib/python3.8/site-packages/airflow/example_dags/example_xcomargs.py
[2025-11-16T20:25:30.798+0000] {logging_mixin.py:188} INFO - [2025-11-16T20:25:30.798+0000] {dag.py:3036} INFO - Sync 2 DAGs
[2025-11-16T20:25:30.812+0000] {logging_mixin.py:188} INFO - [2025-11-16T20:25:30.811+0000] {dag.py:3823} INFO - Setting next_dagrun for example_xcom_args to None, run_after=None
[2025-11-16T20:25:30.816+0000] {logging_mixin.py:188} INFO - [2025-11-16T20:25:30.815+0000] {dag.py:3823} INFO - Setting next_dagrun for example_xcom_args_with_operators to None, run_after=None
[2025-11-16T20:25:30.836+0000] {processor.py:183} INFO - Processing /home/airflow/.local/lib/python3.8/site-packages/airflow/example_dags/example_xcomargs.py took 0.079 seconds
[2025-11-16T20:26:01.504+0000] {processor.py:161} INFO - Started process (PID=1040) to work on /home/airflow/.local/lib/python3.8/site-packages/airflow/example_dags/example_xcomargs.py
[2025-11-16T20:26:01.505+0000] {processor.py:830} INFO - Processing file /home/airflow/.local/lib/python3.8/site-packages/airflow/example_dags/example_xcomargs.py for tasks to queue
[2025-11-16T20:26:01.507+0000] {logging_mixin.py:188} INFO - [2025-11-16T20:26:01.506+0000] {dagbag.py:538} INFO - Filling up the DagBag from /home/airflow/.local/lib/python3.8/site-packages/airflow/example_dags/example_xcomargs.py
[2025-11-16T20:26:01.515+0000] {processor.py:840} INFO - DAG(s) 'example_xcom_args_with_operators', 'example_xcom_args' retrieved from /home/airflow/.local/lib/python3.8/site-packages/airflow/example_dags/example_xcomargs.py
[2025-11-16T20:26:01.548+0000] {logging_mixin.py:188} INFO - [2025-11-16T20:26:01.548+0000] {dag.py:3036} INFO - Sync 2 DAGs
[2025-11-16T20:26:01.564+0000] {logging_mixin.py:188} INFO - [2025-11-16T20:26:01.564+0000] {dag.py:3823} INFO - Setting next_dagrun for example_xcom_args to None, run_after=None
[2025-11-16T20:26:01.569+0000] {logging_mixin.py:188} INFO - [2025-11-16T20:26:01.568+0000] {dag.py:3823} INFO - Setting next_dagrun for example_xcom_args_with_operators to None, run_after=None
[2025-11-16T20:26:01.592+0000] {processor.py:183} INFO - Processing /home/airflow/.local/lib/python3.8/site-packages/airflow/example_dags/example_xcomargs.py took 0.091 seconds
[2025-11-16T20:26:31.895+0000] {processor.py:161} INFO - Started process (PID=1128) to work on /home/airflow/.local/lib/python3.8/site-packages/airflow/example_dags/example_xcomargs.py
[2025-11-16T20:26:31.896+0000] {processor.py:830} INFO - Processing file /home/airflow/.local/lib/python3.8/site-packages/airflow/example_dags/example_xcomargs.py for tasks to queue
[2025-11-16T20:26:31.898+0000] {logging_mixin.py:188} INFO - [2025-11-16T20:26:31.897+0000] {dagbag.py:538} INFO - Filling up the DagBag from /home/airflow/.local/lib/python3.8/site-packages/airflow/example_dags/example_xcomargs.py
[2025-11-16T20:26:31.907+0000] {processor.py:840} INFO - DAG(s) 'example_xcom_args_with_operators', 'example_xcom_args' retrieved from /home/airflow/.local/lib/python3.8/site-packages/airflow/example_dags/example_xcomargs.py
[2025-11-16T20:26:31.944+0000] {logging_mixin.py:188} INFO - [2025-11-16T20:26:31.944+0000] {dag.py:3036} INFO - Sync 2 DAGs
[2025-11-16T20:26:31.956+0000] {logging_mixin.py:188} INFO - [2025-11-16T20:26:31.956+0000] {dag.py:3823} INFO - Setting next_dagrun for example_xcom_args to None, run_after=None
[2025-11-16T20:26:31.961+0000] {logging_mixin.py:188} INFO - [2025-11-16T20:26:31.960+0000] {dag.py:3823} INFO - Setting next_dagrun for example_xcom_args_with_operators to None, run_after=None
[2025-11-16T20:26:31.982+0000] {processor.py:183} INFO - Processing /home/airflow/.local/lib/python3.8/site-packages/airflow/example_dags/example_xcomargs.py took 0.091 seconds
[2025-11-16T20:27:02.399+0000] {processor.py:161} INFO - Started process (PID=1217) to work on /home/airflow/.local/lib/python3.8/site-packages/airflow/example_dags/example_xcomargs.py
[2025-11-16T20:27:02.400+0000] {processor.py:830} INFO - Processing file /home/airflow/.local/lib/python3.8/site-packages/airflow/example_dags/example_xcomargs.py for tasks to queue
[2025-11-16T20:27:02.401+0000] {logging_mixin.py:188} INFO - [2025-11-16T20:27:02.401+0000] {dagbag.py:538} INFO - Filling up the DagBag from /home/airflow/.local/lib/python3.8/site-packages/airflow/example_dags/example_xcomargs.py
[2025-11-16T20:27:02.409+0000] {processor.py:840} INFO - DAG(s) 'example_xcom_args', 'example_xcom_args_with_operators' retrieved from /home/airflow/.local/lib/python3.8/site-packages/airflow/example_dags/example_xcomargs.py
[2025-11-16T20:27:02.437+0000] {logging_mixin.py:188} INFO - [2025-11-16T20:27:02.437+0000] {dag.py:3036} INFO - Sync 2 DAGs
[2025-11-16T20:27:02.449+0000] {logging_mixin.py:188} INFO - [2025-11-16T20:27:02.449+0000] {dag.py:3823} INFO - Setting next_dagrun for example_xcom_args to None, run_after=None
[2025-11-16T20:27:02.453+0000] {logging_mixin.py:188} INFO - [2025-11-16T20:27:02.453+0000] {dag.py:3823} INFO - Setting next_dagrun for example_xcom_args_with_operators to None, run_after=None
[2025-11-16T20:27:02.475+0000] {processor.py:183} INFO - Processing /home/airflow/.local/lib/python3.8/site-packages/airflow/example_dags/example_xcomargs.py took 0.079 seconds
[2025-11-16T20:27:33.034+0000] {processor.py:161} INFO - Started process (PID=1299) to work on /home/airflow/.local/lib/python3.8/site-packages/airflow/example_dags/example_xcomargs.py
[2025-11-16T20:27:33.035+0000] {processor.py:830} INFO - Processing file /home/airflow/.local/lib/python3.8/site-packages/airflow/example_dags/example_xcomargs.py for tasks to queue
[2025-11-16T20:27:33.036+0000] {logging_mixin.py:188} INFO - [2025-11-16T20:27:33.036+0000] {dagbag.py:538} INFO - Filling up the DagBag from /home/airflow/.local/lib/python3.8/site-packages/airflow/example_dags/example_xcomargs.py
[2025-11-16T20:27:33.044+0000] {processor.py:840} INFO - DAG(s) 'example_xcom_args_with_operators', 'example_xcom_args' retrieved from /home/airflow/.local/lib/python3.8/site-packages/airflow/example_dags/example_xcomargs.py
[2025-11-16T20:27:33.071+0000] {logging_mixin.py:188} INFO - [2025-11-16T20:27:33.071+0000] {dag.py:3036} INFO - Sync 2 DAGs
[2025-11-16T20:27:33.082+0000] {logging_mixin.py:188} INFO - [2025-11-16T20:27:33.082+0000] {dag.py:3823} INFO - Setting next_dagrun for example_xcom_args to None, run_after=None
[2025-11-16T20:27:33.087+0000] {logging_mixin.py:188} INFO - [2025-11-16T20:27:33.087+0000] {dag.py:3823} INFO - Setting next_dagrun for example_xcom_args_with_operators to None, run_after=None
[2025-11-16T20:27:33.120+0000] {processor.py:183} INFO - Processing /home/airflow/.local/lib/python3.8/site-packages/airflow/example_dags/example_xcomargs.py took 0.088 seconds
[2025-11-16T20:28:03.261+0000] {processor.py:161} INFO - Started process (PID=1395) to work on /home/airflow/.local/lib/python3.8/site-packages/airflow/example_dags/example_xcomargs.py
[2025-11-16T20:28:03.262+0000] {processor.py:830} INFO - Processing file /home/airflow/.local/lib/python3.8/site-packages/airflow/example_dags/example_xcomargs.py for tasks to queue
[2025-11-16T20:28:03.263+0000] {logging_mixin.py:188} INFO - [2025-11-16T20:28:03.263+0000] {dagbag.py:538} INFO - Filling up the DagBag from /home/airflow/.local/lib/python3.8/site-packages/airflow/example_dags/example_xcomargs.py
[2025-11-16T20:28:03.272+0000] {processor.py:840} INFO - DAG(s) 'example_xcom_args', 'example_xcom_args_with_operators' retrieved from /home/airflow/.local/lib/python3.8/site-packages/airflow/example_dags/example_xcomargs.py
[2025-11-16T20:28:03.298+0000] {logging_mixin.py:188} INFO - [2025-11-16T20:28:03.298+0000] {dag.py:3036} INFO - Sync 2 DAGs
[2025-11-16T20:28:03.311+0000] {logging_mixin.py:188} INFO - [2025-11-16T20:28:03.310+0000] {dag.py:3823} INFO - Setting next_dagrun for example_xcom_args to None, run_after=None
[2025-11-16T20:28:03.315+0000] {logging_mixin.py:188} INFO - [2025-11-16T20:28:03.315+0000] {dag.py:3823} INFO - Setting next_dagrun for example_xcom_args_with_operators to None, run_after=None
[2025-11-16T20:28:03.336+0000] {processor.py:183} INFO - Processing /home/airflow/.local/lib/python3.8/site-packages/airflow/example_dags/example_xcomargs.py took 0.078 seconds
[2025-11-16T20:28:33.613+0000] {processor.py:161} INFO - Started process (PID=1476) to work on /home/airflow/.local/lib/python3.8/site-packages/airflow/example_dags/example_xcomargs.py
[2025-11-16T20:28:33.614+0000] {processor.py:830} INFO - Processing file /home/airflow/.local/lib/python3.8/site-packages/airflow/example_dags/example_xcomargs.py for tasks to queue
[2025-11-16T20:28:33.616+0000] {logging_mixin.py:188} INFO - [2025-11-16T20:28:33.615+0000] {dagbag.py:538} INFO - Filling up the DagBag from /home/airflow/.local/lib/python3.8/site-packages/airflow/example_dags/example_xcomargs.py
[2025-11-16T20:28:33.625+0000] {processor.py:840} INFO - DAG(s) 'example_xcom_args_with_operators', 'example_xcom_args' retrieved from /home/airflow/.local/lib/python3.8/site-packages/airflow/example_dags/example_xcomargs.py
[2025-11-16T20:28:33.660+0000] {logging_mixin.py:188} INFO - [2025-11-16T20:28:33.659+0000] {dag.py:3036} INFO - Sync 2 DAGs
[2025-11-16T20:28:33.672+0000] {logging_mixin.py:188} INFO - [2025-11-16T20:28:33.672+0000] {dag.py:3823} INFO - Setting next_dagrun for example_xcom_args to None, run_after=None
[2025-11-16T20:28:33.676+0000] {logging_mixin.py:188} INFO - [2025-11-16T20:28:33.676+0000] {dag.py:3823} INFO - Setting next_dagrun for example_xcom_args_with_operators to None, run_after=None
[2025-11-16T20:28:33.704+0000] {processor.py:183} INFO - Processing /home/airflow/.local/lib/python3.8/site-packages/airflow/example_dags/example_xcomargs.py took 0.094 seconds
[2025-11-16T20:29:03.947+0000] {processor.py:161} INFO - Started process (PID=1572) to work on /home/airflow/.local/lib/python3.8/site-packages/airflow/example_dags/example_xcomargs.py
[2025-11-16T20:29:03.948+0000] {processor.py:830} INFO - Processing file /home/airflow/.local/lib/python3.8/site-packages/airflow/example_dags/example_xcomargs.py for tasks to queue
[2025-11-16T20:29:03.952+0000] {logging_mixin.py:188} INFO - [2025-11-16T20:29:03.950+0000] {dagbag.py:538} INFO - Filling up the DagBag from /home/airflow/.local/lib/python3.8/site-packages/airflow/example_dags/example_xcomargs.py
[2025-11-16T20:29:03.965+0000] {processor.py:840} INFO - DAG(s) 'example_xcom_args', 'example_xcom_args_with_operators' retrieved from /home/airflow/.local/lib/python3.8/site-packages/airflow/example_dags/example_xcomargs.py
[2025-11-16T20:29:04.003+0000] {logging_mixin.py:188} INFO - [2025-11-16T20:29:04.003+0000] {dag.py:3036} INFO - Sync 2 DAGs
[2025-11-16T20:29:04.023+0000] {logging_mixin.py:188} INFO - [2025-11-16T20:29:04.023+0000] {dag.py:3823} INFO - Setting next_dagrun for example_xcom_args to None, run_after=None
[2025-11-16T20:29:04.032+0000] {logging_mixin.py:188} INFO - [2025-11-16T20:29:04.031+0000] {dag.py:3823} INFO - Setting next_dagrun for example_xcom_args_with_operators to None, run_after=None
[2025-11-16T20:29:04.080+0000] {processor.py:183} INFO - Processing /home/airflow/.local/lib/python3.8/site-packages/airflow/example_dags/example_xcomargs.py took 0.137 seconds
[2025-11-16T20:29:34.324+0000] {processor.py:161} INFO - Started process (PID=1653) to work on /home/airflow/.local/lib/python3.8/site-packages/airflow/example_dags/example_xcomargs.py
[2025-11-16T20:29:34.326+0000] {processor.py:830} INFO - Processing file /home/airflow/.local/lib/python3.8/site-packages/airflow/example_dags/example_xcomargs.py for tasks to queue
[2025-11-16T20:29:34.331+0000] {logging_mixin.py:188} INFO - [2025-11-16T20:29:34.330+0000] {dagbag.py:538} INFO - Filling up the DagBag from /home/airflow/.local/lib/python3.8/site-packages/airflow/example_dags/example_xcomargs.py
[2025-11-16T20:29:34.353+0000] {processor.py:840} INFO - DAG(s) 'example_xcom_args_with_operators', 'example_xcom_args' retrieved from /home/airflow/.local/lib/python3.8/site-packages/airflow/example_dags/example_xcomargs.py
[2025-11-16T20:29:34.400+0000] {logging_mixin.py:188} INFO - [2025-11-16T20:29:34.400+0000] {dag.py:3036} INFO - Sync 2 DAGs
[2025-11-16T20:29:34.420+0000] {logging_mixin.py:188} INFO - [2025-11-16T20:29:34.420+0000] {dag.py:3823} INFO - Setting next_dagrun for example_xcom_args to None, run_after=None
[2025-11-16T20:29:34.424+0000] {logging_mixin.py:188} INFO - [2025-11-16T20:29:34.424+0000] {dag.py:3823} INFO - Setting next_dagrun for example_xcom_args_with_operators to None, run_after=None
[2025-11-16T20:29:34.455+0000] {processor.py:183} INFO - Processing /home/airflow/.local/lib/python3.8/site-packages/airflow/example_dags/example_xcomargs.py took 0.140 seconds
[2025-11-16T20:30:05.013+0000] {processor.py:161} INFO - Started process (PID=1726) to work on /home/airflow/.local/lib/python3.8/site-packages/airflow/example_dags/example_xcomargs.py
[2025-11-16T20:30:05.015+0000] {processor.py:830} INFO - Processing file /home/airflow/.local/lib/python3.8/site-packages/airflow/example_dags/example_xcomargs.py for tasks to queue
[2025-11-16T20:30:05.018+0000] {logging_mixin.py:188} INFO - [2025-11-16T20:30:05.018+0000] {dagbag.py:538} INFO - Filling up the DagBag from /home/airflow/.local/lib/python3.8/site-packages/airflow/example_dags/example_xcomargs.py
[2025-11-16T20:30:05.123+0000] {processor.py:840} INFO - DAG(s) 'example_xcom_args_with_operators', 'example_xcom_args' retrieved from /home/airflow/.local/lib/python3.8/site-packages/airflow/example_dags/example_xcomargs.py
[2025-11-16T20:30:05.288+0000] {logging_mixin.py:188} INFO - [2025-11-16T20:30:05.287+0000] {dag.py:3036} INFO - Sync 2 DAGs
[2025-11-16T20:30:05.318+0000] {logging_mixin.py:188} INFO - [2025-11-16T20:30:05.318+0000] {dag.py:3823} INFO - Setting next_dagrun for example_xcom_args to None, run_after=None
[2025-11-16T20:30:05.325+0000] {logging_mixin.py:188} INFO - [2025-11-16T20:30:05.325+0000] {dag.py:3823} INFO - Setting next_dagrun for example_xcom_args_with_operators to None, run_after=None
[2025-11-16T20:30:05.384+0000] {processor.py:183} INFO - Processing /home/airflow/.local/lib/python3.8/site-packages/airflow/example_dags/example_xcomargs.py took 0.375 seconds
[2025-11-16T20:30:37.502+0000] {processor.py:161} INFO - Started process (PID=1802) to work on /home/airflow/.local/lib/python3.8/site-packages/airflow/example_dags/example_xcomargs.py
[2025-11-16T20:30:37.507+0000] {processor.py:830} INFO - Processing file /home/airflow/.local/lib/python3.8/site-packages/airflow/example_dags/example_xcomargs.py for tasks to queue
[2025-11-16T20:30:37.510+0000] {logging_mixin.py:188} INFO - [2025-11-16T20:30:37.509+0000] {dagbag.py:538} INFO - Filling up the DagBag from /home/airflow/.local/lib/python3.8/site-packages/airflow/example_dags/example_xcomargs.py
[2025-11-16T20:30:37.567+0000] {processor.py:840} INFO - DAG(s) 'example_xcom_args', 'example_xcom_args_with_operators' retrieved from /home/airflow/.local/lib/python3.8/site-packages/airflow/example_dags/example_xcomargs.py
[2025-11-16T20:30:37.836+0000] {logging_mixin.py:188} INFO - [2025-11-16T20:30:37.835+0000] {dag.py:3036} INFO - Sync 2 DAGs
[2025-11-16T20:30:37.874+0000] {logging_mixin.py:188} INFO - [2025-11-16T20:30:37.874+0000] {dag.py:3823} INFO - Setting next_dagrun for example_xcom_args to None, run_after=None
[2025-11-16T20:30:37.881+0000] {logging_mixin.py:188} INFO - [2025-11-16T20:30:37.881+0000] {dag.py:3823} INFO - Setting next_dagrun for example_xcom_args_with_operators to None, run_after=None
[2025-11-16T20:30:37.940+0000] {processor.py:183} INFO - Processing /home/airflow/.local/lib/python3.8/site-packages/airflow/example_dags/example_xcomargs.py took 0.444 seconds
[2025-11-16T20:31:08.667+0000] {processor.py:161} INFO - Started process (PID=1878) to work on /home/airflow/.local/lib/python3.8/site-packages/airflow/example_dags/example_xcomargs.py
[2025-11-16T20:31:08.668+0000] {processor.py:830} INFO - Processing file /home/airflow/.local/lib/python3.8/site-packages/airflow/example_dags/example_xcomargs.py for tasks to queue
[2025-11-16T20:31:08.670+0000] {logging_mixin.py:188} INFO - [2025-11-16T20:31:08.669+0000] {dagbag.py:538} INFO - Filling up the DagBag from /home/airflow/.local/lib/python3.8/site-packages/airflow/example_dags/example_xcomargs.py
[2025-11-16T20:31:08.680+0000] {processor.py:840} INFO - DAG(s) 'example_xcom_args', 'example_xcom_args_with_operators' retrieved from /home/airflow/.local/lib/python3.8/site-packages/airflow/example_dags/example_xcomargs.py
[2025-11-16T20:31:08.721+0000] {logging_mixin.py:188} INFO - [2025-11-16T20:31:08.721+0000] {dag.py:3036} INFO - Sync 2 DAGs
[2025-11-16T20:31:08.740+0000] {logging_mixin.py:188} INFO - [2025-11-16T20:31:08.740+0000] {dag.py:3823} INFO - Setting next_dagrun for example_xcom_args to None, run_after=None
[2025-11-16T20:31:08.745+0000] {logging_mixin.py:188} INFO - [2025-11-16T20:31:08.744+0000] {dag.py:3823} INFO - Setting next_dagrun for example_xcom_args_with_operators to None, run_after=None
[2025-11-16T20:31:08.777+0000] {processor.py:183} INFO - Processing /home/airflow/.local/lib/python3.8/site-packages/airflow/example_dags/example_xcomargs.py took 0.114 seconds
[2025-11-16T20:31:39.571+0000] {processor.py:161} INFO - Started process (PID=1967) to work on /home/airflow/.local/lib/python3.8/site-packages/airflow/example_dags/example_xcomargs.py
[2025-11-16T20:31:39.574+0000] {processor.py:830} INFO - Processing file /home/airflow/.local/lib/python3.8/site-packages/airflow/example_dags/example_xcomargs.py for tasks to queue
[2025-11-16T20:31:39.576+0000] {logging_mixin.py:188} INFO - [2025-11-16T20:31:39.575+0000] {dagbag.py:538} INFO - Filling up the DagBag from /home/airflow/.local/lib/python3.8/site-packages/airflow/example_dags/example_xcomargs.py
[2025-11-16T20:31:39.591+0000] {processor.py:840} INFO - DAG(s) 'example_xcom_args_with_operators', 'example_xcom_args' retrieved from /home/airflow/.local/lib/python3.8/site-packages/airflow/example_dags/example_xcomargs.py
[2025-11-16T20:31:39.651+0000] {logging_mixin.py:188} INFO - [2025-11-16T20:31:39.648+0000] {dag.py:3036} INFO - Sync 2 DAGs
[2025-11-16T20:31:39.674+0000] {logging_mixin.py:188} INFO - [2025-11-16T20:31:39.674+0000] {dag.py:3823} INFO - Setting next_dagrun for example_xcom_args to None, run_after=None
[2025-11-16T20:31:39.679+0000] {logging_mixin.py:188} INFO - [2025-11-16T20:31:39.679+0000] {dag.py:3823} INFO - Setting next_dagrun for example_xcom_args_with_operators to None, run_after=None
[2025-11-16T20:31:39.714+0000] {processor.py:183} INFO - Processing /home/airflow/.local/lib/python3.8/site-packages/airflow/example_dags/example_xcomargs.py took 0.148 seconds
[2025-11-16T20:32:09.833+0000] {processor.py:161} INFO - Started process (PID=2049) to work on /home/airflow/.local/lib/python3.8/site-packages/airflow/example_dags/example_xcomargs.py
[2025-11-16T20:32:09.835+0000] {processor.py:830} INFO - Processing file /home/airflow/.local/lib/python3.8/site-packages/airflow/example_dags/example_xcomargs.py for tasks to queue
[2025-11-16T20:32:09.839+0000] {logging_mixin.py:188} INFO - [2025-11-16T20:32:09.836+0000] {dagbag.py:538} INFO - Filling up the DagBag from /home/airflow/.local/lib/python3.8/site-packages/airflow/example_dags/example_xcomargs.py
[2025-11-16T20:32:09.855+0000] {processor.py:840} INFO - DAG(s) 'example_xcom_args_with_operators', 'example_xcom_args' retrieved from /home/airflow/.local/lib/python3.8/site-packages/airflow/example_dags/example_xcomargs.py
[2025-11-16T20:32:09.911+0000] {logging_mixin.py:188} INFO - [2025-11-16T20:32:09.911+0000] {dag.py:3036} INFO - Sync 2 DAGs
[2025-11-16T20:32:09.943+0000] {logging_mixin.py:188} INFO - [2025-11-16T20:32:09.943+0000] {dag.py:3823} INFO - Setting next_dagrun for example_xcom_args to None, run_after=None
[2025-11-16T20:32:09.952+0000] {logging_mixin.py:188} INFO - [2025-11-16T20:32:09.952+0000] {dag.py:3823} INFO - Setting next_dagrun for example_xcom_args_with_operators to None, run_after=None
[2025-11-16T20:32:09.995+0000] {processor.py:183} INFO - Processing /home/airflow/.local/lib/python3.8/site-packages/airflow/example_dags/example_xcomargs.py took 0.166 seconds
[2025-11-16T20:32:45.410+0000] {processor.py:161} INFO - Started process (PID=2100) to work on /home/airflow/.local/lib/python3.8/site-packages/airflow/example_dags/example_xcomargs.py
[2025-11-16T20:32:45.411+0000] {processor.py:830} INFO - Processing file /home/airflow/.local/lib/python3.8/site-packages/airflow/example_dags/example_xcomargs.py for tasks to queue
[2025-11-16T20:32:45.413+0000] {logging_mixin.py:188} INFO - [2025-11-16T20:32:45.413+0000] {dagbag.py:538} INFO - Filling up the DagBag from /home/airflow/.local/lib/python3.8/site-packages/airflow/example_dags/example_xcomargs.py
[2025-11-16T20:32:45.447+0000] {processor.py:840} INFO - DAG(s) 'example_xcom_args_with_operators', 'example_xcom_args' retrieved from /home/airflow/.local/lib/python3.8/site-packages/airflow/example_dags/example_xcomargs.py
[2025-11-16T20:32:45.783+0000] {logging_mixin.py:188} INFO - [2025-11-16T20:32:45.783+0000] {dag.py:3036} INFO - Sync 2 DAGs
[2025-11-16T20:32:45.813+0000] {logging_mixin.py:188} INFO - [2025-11-16T20:32:45.813+0000] {dag.py:3823} INFO - Setting next_dagrun for example_xcom_args to None, run_after=None
[2025-11-16T20:32:45.822+0000] {logging_mixin.py:188} INFO - [2025-11-16T20:32:45.822+0000] {dag.py:3823} INFO - Setting next_dagrun for example_xcom_args_with_operators to None, run_after=None
[2025-11-16T20:32:45.879+0000] {processor.py:183} INFO - Processing /home/airflow/.local/lib/python3.8/site-packages/airflow/example_dags/example_xcomargs.py took 0.487 seconds
[2025-11-16T20:33:16.099+0000] {processor.py:161} INFO - Started process (PID=2190) to work on /home/airflow/.local/lib/python3.8/site-packages/airflow/example_dags/example_xcomargs.py
[2025-11-16T20:33:16.100+0000] {processor.py:830} INFO - Processing file /home/airflow/.local/lib/python3.8/site-packages/airflow/example_dags/example_xcomargs.py for tasks to queue
[2025-11-16T20:33:16.103+0000] {logging_mixin.py:188} INFO - [2025-11-16T20:33:16.102+0000] {dagbag.py:538} INFO - Filling up the DagBag from /home/airflow/.local/lib/python3.8/site-packages/airflow/example_dags/example_xcomargs.py
[2025-11-16T20:33:16.116+0000] {processor.py:840} INFO - DAG(s) 'example_xcom_args_with_operators', 'example_xcom_args' retrieved from /home/airflow/.local/lib/python3.8/site-packages/airflow/example_dags/example_xcomargs.py
[2025-11-16T20:33:16.150+0000] {logging_mixin.py:188} INFO - [2025-11-16T20:33:16.150+0000] {dag.py:3036} INFO - Sync 2 DAGs
[2025-11-16T20:33:16.167+0000] {logging_mixin.py:188} INFO - [2025-11-16T20:33:16.167+0000] {dag.py:3823} INFO - Setting next_dagrun for example_xcom_args to None, run_after=None
[2025-11-16T20:33:16.173+0000] {logging_mixin.py:188} INFO - [2025-11-16T20:33:16.173+0000] {dag.py:3823} INFO - Setting next_dagrun for example_xcom_args_with_operators to None, run_after=None
[2025-11-16T20:33:16.197+0000] {processor.py:183} INFO - Processing /home/airflow/.local/lib/python3.8/site-packages/airflow/example_dags/example_xcomargs.py took 0.107 seconds
[2025-11-16T20:33:46.692+0000] {processor.py:161} INFO - Started process (PID=2271) to work on /home/airflow/.local/lib/python3.8/site-packages/airflow/example_dags/example_xcomargs.py
[2025-11-16T20:33:46.693+0000] {processor.py:830} INFO - Processing file /home/airflow/.local/lib/python3.8/site-packages/airflow/example_dags/example_xcomargs.py for tasks to queue
[2025-11-16T20:33:46.694+0000] {logging_mixin.py:188} INFO - [2025-11-16T20:33:46.694+0000] {dagbag.py:538} INFO - Filling up the DagBag from /home/airflow/.local/lib/python3.8/site-packages/airflow/example_dags/example_xcomargs.py
[2025-11-16T20:33:46.704+0000] {processor.py:840} INFO - DAG(s) 'example_xcom_args', 'example_xcom_args_with_operators' retrieved from /home/airflow/.local/lib/python3.8/site-packages/airflow/example_dags/example_xcomargs.py
[2025-11-16T20:33:46.744+0000] {logging_mixin.py:188} INFO - [2025-11-16T20:33:46.744+0000] {dag.py:3036} INFO - Sync 2 DAGs
[2025-11-16T20:33:46.938+0000] {logging_mixin.py:188} INFO - [2025-11-16T20:33:46.937+0000] {dag.py:3823} INFO - Setting next_dagrun for example_xcom_args to None, run_after=None
[2025-11-16T20:33:46.942+0000] {logging_mixin.py:188} INFO - [2025-11-16T20:33:46.942+0000] {dag.py:3823} INFO - Setting next_dagrun for example_xcom_args_with_operators to None, run_after=None
[2025-11-16T20:33:46.962+0000] {processor.py:183} INFO - Processing /home/airflow/.local/lib/python3.8/site-packages/airflow/example_dags/example_xcomargs.py took 0.274 seconds
[2025-11-16T20:34:17.348+0000] {processor.py:161} INFO - Started process (PID=2368) to work on /home/airflow/.local/lib/python3.8/site-packages/airflow/example_dags/example_xcomargs.py
[2025-11-16T20:34:17.349+0000] {processor.py:830} INFO - Processing file /home/airflow/.local/lib/python3.8/site-packages/airflow/example_dags/example_xcomargs.py for tasks to queue
[2025-11-16T20:34:17.350+0000] {logging_mixin.py:188} INFO - [2025-11-16T20:34:17.350+0000] {dagbag.py:538} INFO - Filling up the DagBag from /home/airflow/.local/lib/python3.8/site-packages/airflow/example_dags/example_xcomargs.py
[2025-11-16T20:34:17.358+0000] {processor.py:840} INFO - DAG(s) 'example_xcom_args', 'example_xcom_args_with_operators' retrieved from /home/airflow/.local/lib/python3.8/site-packages/airflow/example_dags/example_xcomargs.py
[2025-11-16T20:34:17.386+0000] {logging_mixin.py:188} INFO - [2025-11-16T20:34:17.386+0000] {dag.py:3036} INFO - Sync 2 DAGs
[2025-11-16T20:34:17.398+0000] {logging_mixin.py:188} INFO - [2025-11-16T20:34:17.398+0000] {dag.py:3823} INFO - Setting next_dagrun for example_xcom_args to None, run_after=None
[2025-11-16T20:34:17.402+0000] {logging_mixin.py:188} INFO - [2025-11-16T20:34:17.402+0000] {dag.py:3823} INFO - Setting next_dagrun for example_xcom_args_with_operators to None, run_after=None
[2025-11-16T20:34:17.422+0000] {processor.py:183} INFO - Processing /home/airflow/.local/lib/python3.8/site-packages/airflow/example_dags/example_xcomargs.py took 0.077 seconds
[2025-11-16T20:34:47.621+0000] {processor.py:161} INFO - Started process (PID=2449) to work on /home/airflow/.local/lib/python3.8/site-packages/airflow/example_dags/example_xcomargs.py
[2025-11-16T20:34:47.622+0000] {processor.py:830} INFO - Processing file /home/airflow/.local/lib/python3.8/site-packages/airflow/example_dags/example_xcomargs.py for tasks to queue
[2025-11-16T20:34:47.623+0000] {logging_mixin.py:188} INFO - [2025-11-16T20:34:47.623+0000] {dagbag.py:538} INFO - Filling up the DagBag from /home/airflow/.local/lib/python3.8/site-packages/airflow/example_dags/example_xcomargs.py
[2025-11-16T20:34:47.631+0000] {processor.py:840} INFO - DAG(s) 'example_xcom_args', 'example_xcom_args_with_operators' retrieved from /home/airflow/.local/lib/python3.8/site-packages/airflow/example_dags/example_xcomargs.py
[2025-11-16T20:34:47.671+0000] {logging_mixin.py:188} INFO - [2025-11-16T20:34:47.671+0000] {dag.py:3036} INFO - Sync 2 DAGs
[2025-11-16T20:34:47.687+0000] {logging_mixin.py:188} INFO - [2025-11-16T20:34:47.686+0000] {dag.py:3823} INFO - Setting next_dagrun for example_xcom_args to None, run_after=None
[2025-11-16T20:34:47.692+0000] {logging_mixin.py:188} INFO - [2025-11-16T20:34:47.692+0000] {dag.py:3823} INFO - Setting next_dagrun for example_xcom_args_with_operators to None, run_after=None
[2025-11-16T20:34:47.717+0000] {processor.py:183} INFO - Processing /home/airflow/.local/lib/python3.8/site-packages/airflow/example_dags/example_xcomargs.py took 0.099 seconds
[2025-11-16T20:35:18.311+0000] {processor.py:161} INFO - Started process (PID=2538) to work on /home/airflow/.local/lib/python3.8/site-packages/airflow/example_dags/example_xcomargs.py
[2025-11-16T20:35:18.316+0000] {processor.py:830} INFO - Processing file /home/airflow/.local/lib/python3.8/site-packages/airflow/example_dags/example_xcomargs.py for tasks to queue
[2025-11-16T20:35:18.319+0000] {logging_mixin.py:188} INFO - [2025-11-16T20:35:18.318+0000] {dagbag.py:538} INFO - Filling up the DagBag from /home/airflow/.local/lib/python3.8/site-packages/airflow/example_dags/example_xcomargs.py
[2025-11-16T20:35:18.354+0000] {processor.py:840} INFO - DAG(s) 'example_xcom_args_with_operators', 'example_xcom_args' retrieved from /home/airflow/.local/lib/python3.8/site-packages/airflow/example_dags/example_xcomargs.py
[2025-11-16T20:35:18.431+0000] {logging_mixin.py:188} INFO - [2025-11-16T20:35:18.431+0000] {dag.py:3036} INFO - Sync 2 DAGs
[2025-11-16T20:35:18.461+0000] {logging_mixin.py:188} INFO - [2025-11-16T20:35:18.461+0000] {dag.py:3823} INFO - Setting next_dagrun for example_xcom_args to None, run_after=None
[2025-11-16T20:35:18.470+0000] {logging_mixin.py:188} INFO - [2025-11-16T20:35:18.468+0000] {dag.py:3823} INFO - Setting next_dagrun for example_xcom_args_with_operators to None, run_after=None
[2025-11-16T20:35:18.510+0000] {processor.py:183} INFO - Processing /home/airflow/.local/lib/python3.8/site-packages/airflow/example_dags/example_xcomargs.py took 0.205 seconds
[2025-11-16T20:35:48.986+0000] {processor.py:161} INFO - Started process (PID=2626) to work on /home/airflow/.local/lib/python3.8/site-packages/airflow/example_dags/example_xcomargs.py
[2025-11-16T20:35:48.987+0000] {processor.py:830} INFO - Processing file /home/airflow/.local/lib/python3.8/site-packages/airflow/example_dags/example_xcomargs.py for tasks to queue
[2025-11-16T20:35:48.989+0000] {logging_mixin.py:188} INFO - [2025-11-16T20:35:48.988+0000] {dagbag.py:538} INFO - Filling up the DagBag from /home/airflow/.local/lib/python3.8/site-packages/airflow/example_dags/example_xcomargs.py
[2025-11-16T20:35:48.999+0000] {processor.py:840} INFO - DAG(s) 'example_xcom_args_with_operators', 'example_xcom_args' retrieved from /home/airflow/.local/lib/python3.8/site-packages/airflow/example_dags/example_xcomargs.py
[2025-11-16T20:35:49.043+0000] {logging_mixin.py:188} INFO - [2025-11-16T20:35:49.043+0000] {dag.py:3036} INFO - Sync 2 DAGs
[2025-11-16T20:35:49.062+0000] {logging_mixin.py:188} INFO - [2025-11-16T20:35:49.062+0000] {dag.py:3823} INFO - Setting next_dagrun for example_xcom_args to None, run_after=None
[2025-11-16T20:35:49.068+0000] {logging_mixin.py:188} INFO - [2025-11-16T20:35:49.068+0000] {dag.py:3823} INFO - Setting next_dagrun for example_xcom_args_with_operators to None, run_after=None
[2025-11-16T20:35:49.096+0000] {processor.py:183} INFO - Processing /home/airflow/.local/lib/python3.8/site-packages/airflow/example_dags/example_xcomargs.py took 0.113 seconds
[2025-11-16T20:36:19.846+0000] {processor.py:161} INFO - Started process (PID=2702) to work on /home/airflow/.local/lib/python3.8/site-packages/airflow/example_dags/example_xcomargs.py
[2025-11-16T20:36:19.849+0000] {processor.py:830} INFO - Processing file /home/airflow/.local/lib/python3.8/site-packages/airflow/example_dags/example_xcomargs.py for tasks to queue
[2025-11-16T20:36:19.850+0000] {logging_mixin.py:188} INFO - [2025-11-16T20:36:19.850+0000] {dagbag.py:538} INFO - Filling up the DagBag from /home/airflow/.local/lib/python3.8/site-packages/airflow/example_dags/example_xcomargs.py
[2025-11-16T20:36:19.866+0000] {processor.py:840} INFO - DAG(s) 'example_xcom_args_with_operators', 'example_xcom_args' retrieved from /home/airflow/.local/lib/python3.8/site-packages/airflow/example_dags/example_xcomargs.py
[2025-11-16T20:36:19.917+0000] {logging_mixin.py:188} INFO - [2025-11-16T20:36:19.916+0000] {dag.py:3036} INFO - Sync 2 DAGs
[2025-11-16T20:36:19.937+0000] {logging_mixin.py:188} INFO - [2025-11-16T20:36:19.936+0000] {dag.py:3823} INFO - Setting next_dagrun for example_xcom_args to None, run_after=None
[2025-11-16T20:36:19.943+0000] {logging_mixin.py:188} INFO - [2025-11-16T20:36:19.942+0000] {dag.py:3823} INFO - Setting next_dagrun for example_xcom_args_with_operators to None, run_after=None
[2025-11-16T20:36:19.976+0000] {processor.py:183} INFO - Processing /home/airflow/.local/lib/python3.8/site-packages/airflow/example_dags/example_xcomargs.py took 0.135 seconds
[2025-11-16T20:36:50.176+0000] {processor.py:161} INFO - Started process (PID=2790) to work on /home/airflow/.local/lib/python3.8/site-packages/airflow/example_dags/example_xcomargs.py
[2025-11-16T20:36:50.177+0000] {processor.py:830} INFO - Processing file /home/airflow/.local/lib/python3.8/site-packages/airflow/example_dags/example_xcomargs.py for tasks to queue
[2025-11-16T20:36:50.182+0000] {logging_mixin.py:188} INFO - [2025-11-16T20:36:50.181+0000] {dagbag.py:538} INFO - Filling up the DagBag from /home/airflow/.local/lib/python3.8/site-packages/airflow/example_dags/example_xcomargs.py
[2025-11-16T20:36:50.198+0000] {processor.py:840} INFO - DAG(s) 'example_xcom_args_with_operators', 'example_xcom_args' retrieved from /home/airflow/.local/lib/python3.8/site-packages/airflow/example_dags/example_xcomargs.py
[2025-11-16T20:36:50.251+0000] {logging_mixin.py:188} INFO - [2025-11-16T20:36:50.251+0000] {dag.py:3036} INFO - Sync 2 DAGs
[2025-11-16T20:36:50.275+0000] {logging_mixin.py:188} INFO - [2025-11-16T20:36:50.275+0000] {dag.py:3823} INFO - Setting next_dagrun for example_xcom_args to None, run_after=None
[2025-11-16T20:36:50.284+0000] {logging_mixin.py:188} INFO - [2025-11-16T20:36:50.284+0000] {dag.py:3823} INFO - Setting next_dagrun for example_xcom_args_with_operators to None, run_after=None
[2025-11-16T20:36:50.327+0000] {processor.py:183} INFO - Processing /home/airflow/.local/lib/python3.8/site-packages/airflow/example_dags/example_xcomargs.py took 0.155 seconds
[2025-11-16T20:37:21.206+0000] {processor.py:161} INFO - Started process (PID=2847) to work on /home/airflow/.local/lib/python3.8/site-packages/airflow/example_dags/example_xcomargs.py
[2025-11-16T20:37:21.207+0000] {processor.py:830} INFO - Processing file /home/airflow/.local/lib/python3.8/site-packages/airflow/example_dags/example_xcomargs.py for tasks to queue
[2025-11-16T20:37:21.209+0000] {logging_mixin.py:188} INFO - [2025-11-16T20:37:21.208+0000] {dagbag.py:538} INFO - Filling up the DagBag from /home/airflow/.local/lib/python3.8/site-packages/airflow/example_dags/example_xcomargs.py
[2025-11-16T20:37:21.233+0000] {processor.py:840} INFO - DAG(s) 'example_xcom_args', 'example_xcom_args_with_operators' retrieved from /home/airflow/.local/lib/python3.8/site-packages/airflow/example_dags/example_xcomargs.py
[2025-11-16T20:37:21.303+0000] {logging_mixin.py:188} INFO - [2025-11-16T20:37:21.302+0000] {dag.py:3036} INFO - Sync 2 DAGs
[2025-11-16T20:37:21.336+0000] {logging_mixin.py:188} INFO - [2025-11-16T20:37:21.335+0000] {dag.py:3823} INFO - Setting next_dagrun for example_xcom_args to None, run_after=None
[2025-11-16T20:37:21.341+0000] {logging_mixin.py:188} INFO - [2025-11-16T20:37:21.341+0000] {dag.py:3823} INFO - Setting next_dagrun for example_xcom_args_with_operators to None, run_after=None
[2025-11-16T20:37:21.375+0000] {processor.py:183} INFO - Processing /home/airflow/.local/lib/python3.8/site-packages/airflow/example_dags/example_xcomargs.py took 0.180 seconds
[2025-11-16T20:37:51.860+0000] {processor.py:161} INFO - Started process (PID=2923) to work on /home/airflow/.local/lib/python3.8/site-packages/airflow/example_dags/example_xcomargs.py
[2025-11-16T20:37:51.861+0000] {processor.py:830} INFO - Processing file /home/airflow/.local/lib/python3.8/site-packages/airflow/example_dags/example_xcomargs.py for tasks to queue
[2025-11-16T20:37:51.862+0000] {logging_mixin.py:188} INFO - [2025-11-16T20:37:51.862+0000] {dagbag.py:538} INFO - Filling up the DagBag from /home/airflow/.local/lib/python3.8/site-packages/airflow/example_dags/example_xcomargs.py
[2025-11-16T20:37:51.873+0000] {processor.py:840} INFO - DAG(s) 'example_xcom_args', 'example_xcom_args_with_operators' retrieved from /home/airflow/.local/lib/python3.8/site-packages/airflow/example_dags/example_xcomargs.py
[2025-11-16T20:37:51.909+0000] {logging_mixin.py:188} INFO - [2025-11-16T20:37:51.909+0000] {dag.py:3036} INFO - Sync 2 DAGs
[2025-11-16T20:37:51.927+0000] {logging_mixin.py:188} INFO - [2025-11-16T20:37:51.927+0000] {dag.py:3823} INFO - Setting next_dagrun for example_xcom_args to None, run_after=None
[2025-11-16T20:37:51.931+0000] {logging_mixin.py:188} INFO - [2025-11-16T20:37:51.931+0000] {dag.py:3823} INFO - Setting next_dagrun for example_xcom_args_with_operators to None, run_after=None
[2025-11-16T20:37:51.961+0000] {processor.py:183} INFO - Processing /home/airflow/.local/lib/python3.8/site-packages/airflow/example_dags/example_xcomargs.py took 0.105 seconds
[2025-11-16T20:38:22.912+0000] {processor.py:161} INFO - Started process (PID=3014) to work on /home/airflow/.local/lib/python3.8/site-packages/airflow/example_dags/example_xcomargs.py
[2025-11-16T20:38:22.913+0000] {processor.py:830} INFO - Processing file /home/airflow/.local/lib/python3.8/site-packages/airflow/example_dags/example_xcomargs.py for tasks to queue
[2025-11-16T20:38:22.914+0000] {logging_mixin.py:188} INFO - [2025-11-16T20:38:22.914+0000] {dagbag.py:538} INFO - Filling up the DagBag from /home/airflow/.local/lib/python3.8/site-packages/airflow/example_dags/example_xcomargs.py
[2025-11-16T20:38:22.926+0000] {processor.py:840} INFO - DAG(s) 'example_xcom_args', 'example_xcom_args_with_operators' retrieved from /home/airflow/.local/lib/python3.8/site-packages/airflow/example_dags/example_xcomargs.py
[2025-11-16T20:38:22.966+0000] {logging_mixin.py:188} INFO - [2025-11-16T20:38:22.966+0000] {dag.py:3036} INFO - Sync 2 DAGs
[2025-11-16T20:38:22.984+0000] {logging_mixin.py:188} INFO - [2025-11-16T20:38:22.984+0000] {dag.py:3823} INFO - Setting next_dagrun for example_xcom_args to None, run_after=None
[2025-11-16T20:38:22.990+0000] {logging_mixin.py:188} INFO - [2025-11-16T20:38:22.989+0000] {dag.py:3823} INFO - Setting next_dagrun for example_xcom_args_with_operators to None, run_after=None
[2025-11-16T20:38:23.018+0000] {processor.py:183} INFO - Processing /home/airflow/.local/lib/python3.8/site-packages/airflow/example_dags/example_xcomargs.py took 0.112 seconds
[2025-11-16T20:38:53.148+0000] {processor.py:161} INFO - Started process (PID=3100) to work on /home/airflow/.local/lib/python3.8/site-packages/airflow/example_dags/example_xcomargs.py
[2025-11-16T20:38:53.149+0000] {processor.py:830} INFO - Processing file /home/airflow/.local/lib/python3.8/site-packages/airflow/example_dags/example_xcomargs.py for tasks to queue
[2025-11-16T20:38:53.151+0000] {logging_mixin.py:188} INFO - [2025-11-16T20:38:53.150+0000] {dagbag.py:538} INFO - Filling up the DagBag from /home/airflow/.local/lib/python3.8/site-packages/airflow/example_dags/example_xcomargs.py
[2025-11-16T20:38:53.164+0000] {processor.py:840} INFO - DAG(s) 'example_xcom_args_with_operators', 'example_xcom_args' retrieved from /home/airflow/.local/lib/python3.8/site-packages/airflow/example_dags/example_xcomargs.py
[2025-11-16T20:38:53.209+0000] {logging_mixin.py:188} INFO - [2025-11-16T20:38:53.209+0000] {dag.py:3036} INFO - Sync 2 DAGs
[2025-11-16T20:38:53.414+0000] {logging_mixin.py:188} INFO - [2025-11-16T20:38:53.414+0000] {dag.py:3823} INFO - Setting next_dagrun for example_xcom_args to None, run_after=None
[2025-11-16T20:38:53.419+0000] {logging_mixin.py:188} INFO - [2025-11-16T20:38:53.418+0000] {dag.py:3823} INFO - Setting next_dagrun for example_xcom_args_with_operators to None, run_after=None
[2025-11-16T20:38:53.451+0000] {processor.py:183} INFO - Processing /home/airflow/.local/lib/python3.8/site-packages/airflow/example_dags/example_xcomargs.py took 0.309 seconds
[2025-11-16T20:39:24.358+0000] {processor.py:161} INFO - Started process (PID=3161) to work on /home/airflow/.local/lib/python3.8/site-packages/airflow/example_dags/example_xcomargs.py
[2025-11-16T20:39:24.359+0000] {processor.py:830} INFO - Processing file /home/airflow/.local/lib/python3.8/site-packages/airflow/example_dags/example_xcomargs.py for tasks to queue
[2025-11-16T20:39:24.360+0000] {logging_mixin.py:188} INFO - [2025-11-16T20:39:24.360+0000] {dagbag.py:538} INFO - Filling up the DagBag from /home/airflow/.local/lib/python3.8/site-packages/airflow/example_dags/example_xcomargs.py
[2025-11-16T20:39:24.379+0000] {processor.py:840} INFO - DAG(s) 'example_xcom_args_with_operators', 'example_xcom_args' retrieved from /home/airflow/.local/lib/python3.8/site-packages/airflow/example_dags/example_xcomargs.py
[2025-11-16T20:39:24.434+0000] {logging_mixin.py:188} INFO - [2025-11-16T20:39:24.434+0000] {dag.py:3036} INFO - Sync 2 DAGs
[2025-11-16T20:39:24.459+0000] {logging_mixin.py:188} INFO - [2025-11-16T20:39:24.459+0000] {dag.py:3823} INFO - Setting next_dagrun for example_xcom_args to None, run_after=None
[2025-11-16T20:39:24.468+0000] {logging_mixin.py:188} INFO - [2025-11-16T20:39:24.468+0000] {dag.py:3823} INFO - Setting next_dagrun for example_xcom_args_with_operators to None, run_after=None
[2025-11-16T20:39:24.507+0000] {processor.py:183} INFO - Processing /home/airflow/.local/lib/python3.8/site-packages/airflow/example_dags/example_xcomargs.py took 0.157 seconds
[2025-11-16T20:39:54.775+0000] {processor.py:161} INFO - Started process (PID=3246) to work on /home/airflow/.local/lib/python3.8/site-packages/airflow/example_dags/example_xcomargs.py
[2025-11-16T20:39:54.778+0000] {processor.py:830} INFO - Processing file /home/airflow/.local/lib/python3.8/site-packages/airflow/example_dags/example_xcomargs.py for tasks to queue
[2025-11-16T20:39:54.780+0000] {logging_mixin.py:188} INFO - [2025-11-16T20:39:54.780+0000] {dagbag.py:538} INFO - Filling up the DagBag from /home/airflow/.local/lib/python3.8/site-packages/airflow/example_dags/example_xcomargs.py
[2025-11-16T20:39:54.792+0000] {processor.py:840} INFO - DAG(s) 'example_xcom_args_with_operators', 'example_xcom_args' retrieved from /home/airflow/.local/lib/python3.8/site-packages/airflow/example_dags/example_xcomargs.py
[2025-11-16T20:39:54.830+0000] {logging_mixin.py:188} INFO - [2025-11-16T20:39:54.830+0000] {dag.py:3036} INFO - Sync 2 DAGs
[2025-11-16T20:39:54.857+0000] {logging_mixin.py:188} INFO - [2025-11-16T20:39:54.857+0000] {dag.py:3823} INFO - Setting next_dagrun for example_xcom_args to None, run_after=None
[2025-11-16T20:39:54.862+0000] {logging_mixin.py:188} INFO - [2025-11-16T20:39:54.862+0000] {dag.py:3823} INFO - Setting next_dagrun for example_xcom_args_with_operators to None, run_after=None
[2025-11-16T20:39:54.901+0000] {processor.py:183} INFO - Processing /home/airflow/.local/lib/python3.8/site-packages/airflow/example_dags/example_xcomargs.py took 0.129 seconds
[2025-11-16T20:42:15.280+0000] {processor.py:161} INFO - Started process (PID=104) to work on /home/airflow/.local/lib/python3.8/site-packages/airflow/example_dags/example_xcomargs.py
[2025-11-16T20:42:15.282+0000] {processor.py:830} INFO - Processing file /home/airflow/.local/lib/python3.8/site-packages/airflow/example_dags/example_xcomargs.py for tasks to queue
[2025-11-16T20:42:15.283+0000] {logging_mixin.py:188} INFO - [2025-11-16T20:42:15.283+0000] {dagbag.py:538} INFO - Filling up the DagBag from /home/airflow/.local/lib/python3.8/site-packages/airflow/example_dags/example_xcomargs.py
[2025-11-16T20:42:15.312+0000] {processor.py:840} INFO - DAG(s) 'example_xcom_args', 'example_xcom_args_with_operators' retrieved from /home/airflow/.local/lib/python3.8/site-packages/airflow/example_dags/example_xcomargs.py
[2025-11-16T20:42:15.683+0000] {logging_mixin.py:188} INFO - [2025-11-16T20:42:15.683+0000] {dag.py:3036} INFO - Sync 2 DAGs
[2025-11-16T20:42:15.703+0000] {logging_mixin.py:188} INFO - [2025-11-16T20:42:15.703+0000] {dag.py:3823} INFO - Setting next_dagrun for example_xcom_args to None, run_after=None
[2025-11-16T20:42:15.709+0000] {logging_mixin.py:188} INFO - [2025-11-16T20:42:15.709+0000] {dag.py:3823} INFO - Setting next_dagrun for example_xcom_args_with_operators to None, run_after=None
[2025-11-16T20:42:15.750+0000] {processor.py:183} INFO - Processing /home/airflow/.local/lib/python3.8/site-packages/airflow/example_dags/example_xcomargs.py took 0.475 seconds
[2025-11-16T20:42:47.113+0000] {processor.py:161} INFO - Started process (PID=186) to work on /home/airflow/.local/lib/python3.8/site-packages/airflow/example_dags/example_xcomargs.py
[2025-11-16T20:42:47.115+0000] {processor.py:830} INFO - Processing file /home/airflow/.local/lib/python3.8/site-packages/airflow/example_dags/example_xcomargs.py for tasks to queue
[2025-11-16T20:42:47.117+0000] {logging_mixin.py:188} INFO - [2025-11-16T20:42:47.116+0000] {dagbag.py:538} INFO - Filling up the DagBag from /home/airflow/.local/lib/python3.8/site-packages/airflow/example_dags/example_xcomargs.py
[2025-11-16T20:42:47.789+0000] {processor.py:840} INFO - DAG(s) 'example_xcom_args', 'example_xcom_args_with_operators' retrieved from /home/airflow/.local/lib/python3.8/site-packages/airflow/example_dags/example_xcomargs.py
[2025-11-16T20:42:49.758+0000] {logging_mixin.py:188} INFO - [2025-11-16T20:42:49.758+0000] {dag.py:3036} INFO - Sync 2 DAGs
[2025-11-16T20:42:49.809+0000] {logging_mixin.py:188} INFO - [2025-11-16T20:42:49.809+0000] {dag.py:3823} INFO - Setting next_dagrun for example_xcom_args to None, run_after=None
[2025-11-16T20:42:49.818+0000] {logging_mixin.py:188} INFO - [2025-11-16T20:42:49.818+0000] {dag.py:3823} INFO - Setting next_dagrun for example_xcom_args_with_operators to None, run_after=None
[2025-11-16T20:42:49.878+0000] {processor.py:183} INFO - Processing /home/airflow/.local/lib/python3.8/site-packages/airflow/example_dags/example_xcomargs.py took 2.796 seconds
[2025-11-16T20:43:20.416+0000] {processor.py:161} INFO - Started process (PID=260) to work on /home/airflow/.local/lib/python3.8/site-packages/airflow/example_dags/example_xcomargs.py
[2025-11-16T20:43:20.417+0000] {processor.py:830} INFO - Processing file /home/airflow/.local/lib/python3.8/site-packages/airflow/example_dags/example_xcomargs.py for tasks to queue
[2025-11-16T20:43:20.418+0000] {logging_mixin.py:188} INFO - [2025-11-16T20:43:20.418+0000] {dagbag.py:538} INFO - Filling up the DagBag from /home/airflow/.local/lib/python3.8/site-packages/airflow/example_dags/example_xcomargs.py
[2025-11-16T20:43:20.429+0000] {processor.py:840} INFO - DAG(s) 'example_xcom_args', 'example_xcom_args_with_operators' retrieved from /home/airflow/.local/lib/python3.8/site-packages/airflow/example_dags/example_xcomargs.py
[2025-11-16T20:43:20.476+0000] {logging_mixin.py:188} INFO - [2025-11-16T20:43:20.476+0000] {dag.py:3036} INFO - Sync 2 DAGs
[2025-11-16T20:43:20.495+0000] {logging_mixin.py:188} INFO - [2025-11-16T20:43:20.495+0000] {dag.py:3823} INFO - Setting next_dagrun for example_xcom_args to None, run_after=None
[2025-11-16T20:43:20.500+0000] {logging_mixin.py:188} INFO - [2025-11-16T20:43:20.500+0000] {dag.py:3823} INFO - Setting next_dagrun for example_xcom_args_with_operators to None, run_after=None
[2025-11-16T20:43:20.524+0000] {processor.py:183} INFO - Processing /home/airflow/.local/lib/python3.8/site-packages/airflow/example_dags/example_xcomargs.py took 0.127 seconds
[2025-11-16T20:43:50.680+0000] {processor.py:161} INFO - Started process (PID=348) to work on /home/airflow/.local/lib/python3.8/site-packages/airflow/example_dags/example_xcomargs.py
[2025-11-16T20:43:50.681+0000] {processor.py:830} INFO - Processing file /home/airflow/.local/lib/python3.8/site-packages/airflow/example_dags/example_xcomargs.py for tasks to queue
[2025-11-16T20:43:50.682+0000] {logging_mixin.py:188} INFO - [2025-11-16T20:43:50.682+0000] {dagbag.py:538} INFO - Filling up the DagBag from /home/airflow/.local/lib/python3.8/site-packages/airflow/example_dags/example_xcomargs.py
[2025-11-16T20:43:50.690+0000] {processor.py:840} INFO - DAG(s) 'example_xcom_args_with_operators', 'example_xcom_args' retrieved from /home/airflow/.local/lib/python3.8/site-packages/airflow/example_dags/example_xcomargs.py
[2025-11-16T20:43:50.716+0000] {logging_mixin.py:188} INFO - [2025-11-16T20:43:50.716+0000] {dag.py:3036} INFO - Sync 2 DAGs
[2025-11-16T20:43:50.729+0000] {logging_mixin.py:188} INFO - [2025-11-16T20:43:50.728+0000] {dag.py:3823} INFO - Setting next_dagrun for example_xcom_args to None, run_after=None
[2025-11-16T20:43:50.736+0000] {logging_mixin.py:188} INFO - [2025-11-16T20:43:50.735+0000] {dag.py:3823} INFO - Setting next_dagrun for example_xcom_args_with_operators to None, run_after=None
[2025-11-16T20:43:50.756+0000] {processor.py:183} INFO - Processing /home/airflow/.local/lib/python3.8/site-packages/airflow/example_dags/example_xcomargs.py took 0.079 seconds
[2025-11-16T20:44:20.906+0000] {processor.py:161} INFO - Started process (PID=429) to work on /home/airflow/.local/lib/python3.8/site-packages/airflow/example_dags/example_xcomargs.py
[2025-11-16T20:44:20.907+0000] {processor.py:830} INFO - Processing file /home/airflow/.local/lib/python3.8/site-packages/airflow/example_dags/example_xcomargs.py for tasks to queue
[2025-11-16T20:44:20.908+0000] {logging_mixin.py:188} INFO - [2025-11-16T20:44:20.908+0000] {dagbag.py:538} INFO - Filling up the DagBag from /home/airflow/.local/lib/python3.8/site-packages/airflow/example_dags/example_xcomargs.py
[2025-11-16T20:44:20.916+0000] {processor.py:840} INFO - DAG(s) 'example_xcom_args_with_operators', 'example_xcom_args' retrieved from /home/airflow/.local/lib/python3.8/site-packages/airflow/example_dags/example_xcomargs.py
[2025-11-16T20:44:20.949+0000] {logging_mixin.py:188} INFO - [2025-11-16T20:44:20.948+0000] {dag.py:3036} INFO - Sync 2 DAGs
[2025-11-16T20:44:20.963+0000] {logging_mixin.py:188} INFO - [2025-11-16T20:44:20.962+0000] {dag.py:3823} INFO - Setting next_dagrun for example_xcom_args to None, run_after=None
[2025-11-16T20:44:20.967+0000] {logging_mixin.py:188} INFO - [2025-11-16T20:44:20.967+0000] {dag.py:3823} INFO - Setting next_dagrun for example_xcom_args_with_operators to None, run_after=None
[2025-11-16T20:44:20.988+0000] {processor.py:183} INFO - Processing /home/airflow/.local/lib/python3.8/site-packages/airflow/example_dags/example_xcomargs.py took 0.085 seconds
[2025-11-16T20:44:51.601+0000] {processor.py:161} INFO - Started process (PID=510) to work on /home/airflow/.local/lib/python3.8/site-packages/airflow/example_dags/example_xcomargs.py
[2025-11-16T20:44:51.602+0000] {processor.py:830} INFO - Processing file /home/airflow/.local/lib/python3.8/site-packages/airflow/example_dags/example_xcomargs.py for tasks to queue
[2025-11-16T20:44:51.603+0000] {logging_mixin.py:188} INFO - [2025-11-16T20:44:51.603+0000] {dagbag.py:538} INFO - Filling up the DagBag from /home/airflow/.local/lib/python3.8/site-packages/airflow/example_dags/example_xcomargs.py
[2025-11-16T20:44:51.611+0000] {processor.py:840} INFO - DAG(s) 'example_xcom_args_with_operators', 'example_xcom_args' retrieved from /home/airflow/.local/lib/python3.8/site-packages/airflow/example_dags/example_xcomargs.py
[2025-11-16T20:44:51.639+0000] {logging_mixin.py:188} INFO - [2025-11-16T20:44:51.639+0000] {dag.py:3036} INFO - Sync 2 DAGs
[2025-11-16T20:44:51.652+0000] {logging_mixin.py:188} INFO - [2025-11-16T20:44:51.652+0000] {dag.py:3823} INFO - Setting next_dagrun for example_xcom_args to None, run_after=None
[2025-11-16T20:44:51.656+0000] {logging_mixin.py:188} INFO - [2025-11-16T20:44:51.656+0000] {dag.py:3823} INFO - Setting next_dagrun for example_xcom_args_with_operators to None, run_after=None
[2025-11-16T20:44:51.678+0000] {processor.py:183} INFO - Processing /home/airflow/.local/lib/python3.8/site-packages/airflow/example_dags/example_xcomargs.py took 0.080 seconds
[2025-11-16T20:45:22.312+0000] {processor.py:161} INFO - Started process (PID=608) to work on /home/airflow/.local/lib/python3.8/site-packages/airflow/example_dags/example_xcomargs.py
[2025-11-16T20:45:22.313+0000] {processor.py:830} INFO - Processing file /home/airflow/.local/lib/python3.8/site-packages/airflow/example_dags/example_xcomargs.py for tasks to queue
[2025-11-16T20:45:22.315+0000] {logging_mixin.py:188} INFO - [2025-11-16T20:45:22.314+0000] {dagbag.py:538} INFO - Filling up the DagBag from /home/airflow/.local/lib/python3.8/site-packages/airflow/example_dags/example_xcomargs.py
[2025-11-16T20:45:22.322+0000] {processor.py:840} INFO - DAG(s) 'example_xcom_args_with_operators', 'example_xcom_args' retrieved from /home/airflow/.local/lib/python3.8/site-packages/airflow/example_dags/example_xcomargs.py
[2025-11-16T20:45:22.350+0000] {logging_mixin.py:188} INFO - [2025-11-16T20:45:22.350+0000] {dag.py:3036} INFO - Sync 2 DAGs
[2025-11-16T20:45:22.363+0000] {logging_mixin.py:188} INFO - [2025-11-16T20:45:22.362+0000] {dag.py:3823} INFO - Setting next_dagrun for example_xcom_args to None, run_after=None
[2025-11-16T20:45:22.367+0000] {logging_mixin.py:188} INFO - [2025-11-16T20:45:22.366+0000] {dag.py:3823} INFO - Setting next_dagrun for example_xcom_args_with_operators to None, run_after=None
[2025-11-16T20:45:22.389+0000] {processor.py:183} INFO - Processing /home/airflow/.local/lib/python3.8/site-packages/airflow/example_dags/example_xcomargs.py took 0.079 seconds
[2025-11-16T20:45:52.785+0000] {processor.py:161} INFO - Started process (PID=689) to work on /home/airflow/.local/lib/python3.8/site-packages/airflow/example_dags/example_xcomargs.py
[2025-11-16T20:45:52.786+0000] {processor.py:830} INFO - Processing file /home/airflow/.local/lib/python3.8/site-packages/airflow/example_dags/example_xcomargs.py for tasks to queue
[2025-11-16T20:45:52.788+0000] {logging_mixin.py:188} INFO - [2025-11-16T20:45:52.788+0000] {dagbag.py:538} INFO - Filling up the DagBag from /home/airflow/.local/lib/python3.8/site-packages/airflow/example_dags/example_xcomargs.py
[2025-11-16T20:45:52.796+0000] {processor.py:840} INFO - DAG(s) 'example_xcom_args', 'example_xcom_args_with_operators' retrieved from /home/airflow/.local/lib/python3.8/site-packages/airflow/example_dags/example_xcomargs.py
[2025-11-16T20:45:52.824+0000] {logging_mixin.py:188} INFO - [2025-11-16T20:45:52.824+0000] {dag.py:3036} INFO - Sync 2 DAGs
[2025-11-16T20:45:52.839+0000] {logging_mixin.py:188} INFO - [2025-11-16T20:45:52.838+0000] {dag.py:3823} INFO - Setting next_dagrun for example_xcom_args to None, run_after=None
[2025-11-16T20:45:52.844+0000] {logging_mixin.py:188} INFO - [2025-11-16T20:45:52.843+0000] {dag.py:3823} INFO - Setting next_dagrun for example_xcom_args_with_operators to None, run_after=None
[2025-11-16T20:45:52.867+0000] {processor.py:183} INFO - Processing /home/airflow/.local/lib/python3.8/site-packages/airflow/example_dags/example_xcomargs.py took 0.094 seconds
[2025-11-16T20:46:23.133+0000] {processor.py:161} INFO - Started process (PID=785) to work on /home/airflow/.local/lib/python3.8/site-packages/airflow/example_dags/example_xcomargs.py
[2025-11-16T20:46:23.135+0000] {processor.py:830} INFO - Processing file /home/airflow/.local/lib/python3.8/site-packages/airflow/example_dags/example_xcomargs.py for tasks to queue
[2025-11-16T20:46:23.136+0000] {logging_mixin.py:188} INFO - [2025-11-16T20:46:23.136+0000] {dagbag.py:538} INFO - Filling up the DagBag from /home/airflow/.local/lib/python3.8/site-packages/airflow/example_dags/example_xcomargs.py
[2025-11-16T20:46:23.148+0000] {processor.py:840} INFO - DAG(s) 'example_xcom_args_with_operators', 'example_xcom_args' retrieved from /home/airflow/.local/lib/python3.8/site-packages/airflow/example_dags/example_xcomargs.py
[2025-11-16T20:46:23.184+0000] {logging_mixin.py:188} INFO - [2025-11-16T20:46:23.184+0000] {dag.py:3036} INFO - Sync 2 DAGs
[2025-11-16T20:46:23.200+0000] {logging_mixin.py:188} INFO - [2025-11-16T20:46:23.200+0000] {dag.py:3823} INFO - Setting next_dagrun for example_xcom_args to None, run_after=None
[2025-11-16T20:46:23.206+0000] {logging_mixin.py:188} INFO - [2025-11-16T20:46:23.206+0000] {dag.py:3823} INFO - Setting next_dagrun for example_xcom_args_with_operators to None, run_after=None
[2025-11-16T20:46:23.238+0000] {processor.py:183} INFO - Processing /home/airflow/.local/lib/python3.8/site-packages/airflow/example_dags/example_xcomargs.py took 0.109 seconds
[2025-11-16T20:46:53.615+0000] {processor.py:161} INFO - Started process (PID=866) to work on /home/airflow/.local/lib/python3.8/site-packages/airflow/example_dags/example_xcomargs.py
[2025-11-16T20:46:53.617+0000] {processor.py:830} INFO - Processing file /home/airflow/.local/lib/python3.8/site-packages/airflow/example_dags/example_xcomargs.py for tasks to queue
[2025-11-16T20:46:53.618+0000] {logging_mixin.py:188} INFO - [2025-11-16T20:46:53.618+0000] {dagbag.py:538} INFO - Filling up the DagBag from /home/airflow/.local/lib/python3.8/site-packages/airflow/example_dags/example_xcomargs.py
[2025-11-16T20:46:53.628+0000] {processor.py:840} INFO - DAG(s) 'example_xcom_args_with_operators', 'example_xcom_args' retrieved from /home/airflow/.local/lib/python3.8/site-packages/airflow/example_dags/example_xcomargs.py
[2025-11-16T20:46:53.662+0000] {logging_mixin.py:188} INFO - [2025-11-16T20:46:53.662+0000] {dag.py:3036} INFO - Sync 2 DAGs
[2025-11-16T20:46:53.675+0000] {logging_mixin.py:188} INFO - [2025-11-16T20:46:53.675+0000] {dag.py:3823} INFO - Setting next_dagrun for example_xcom_args to None, run_after=None
[2025-11-16T20:46:53.679+0000] {logging_mixin.py:188} INFO - [2025-11-16T20:46:53.679+0000] {dag.py:3823} INFO - Setting next_dagrun for example_xcom_args_with_operators to None, run_after=None
[2025-11-16T20:46:53.702+0000] {processor.py:183} INFO - Processing /home/airflow/.local/lib/python3.8/site-packages/airflow/example_dags/example_xcomargs.py took 0.091 seconds
[2025-11-16T20:47:23.969+0000] {processor.py:161} INFO - Started process (PID=947) to work on /home/airflow/.local/lib/python3.8/site-packages/airflow/example_dags/example_xcomargs.py
[2025-11-16T20:47:23.970+0000] {processor.py:830} INFO - Processing file /home/airflow/.local/lib/python3.8/site-packages/airflow/example_dags/example_xcomargs.py for tasks to queue
[2025-11-16T20:47:23.971+0000] {logging_mixin.py:188} INFO - [2025-11-16T20:47:23.971+0000] {dagbag.py:538} INFO - Filling up the DagBag from /home/airflow/.local/lib/python3.8/site-packages/airflow/example_dags/example_xcomargs.py
[2025-11-16T20:47:23.979+0000] {processor.py:840} INFO - DAG(s) 'example_xcom_args', 'example_xcom_args_with_operators' retrieved from /home/airflow/.local/lib/python3.8/site-packages/airflow/example_dags/example_xcomargs.py
[2025-11-16T20:47:24.007+0000] {logging_mixin.py:188} INFO - [2025-11-16T20:47:24.007+0000] {dag.py:3036} INFO - Sync 2 DAGs
[2025-11-16T20:47:24.019+0000] {logging_mixin.py:188} INFO - [2025-11-16T20:47:24.018+0000] {dag.py:3823} INFO - Setting next_dagrun for example_xcom_args to None, run_after=None
[2025-11-16T20:47:24.023+0000] {logging_mixin.py:188} INFO - [2025-11-16T20:47:24.022+0000] {dag.py:3823} INFO - Setting next_dagrun for example_xcom_args_with_operators to None, run_after=None
[2025-11-16T20:47:24.044+0000] {processor.py:183} INFO - Processing /home/airflow/.local/lib/python3.8/site-packages/airflow/example_dags/example_xcomargs.py took 0.078 seconds
[2025-11-16T20:47:54.115+0000] {processor.py:161} INFO - Started process (PID=1043) to work on /home/airflow/.local/lib/python3.8/site-packages/airflow/example_dags/example_xcomargs.py
[2025-11-16T20:47:54.116+0000] {processor.py:830} INFO - Processing file /home/airflow/.local/lib/python3.8/site-packages/airflow/example_dags/example_xcomargs.py for tasks to queue
[2025-11-16T20:47:54.117+0000] {logging_mixin.py:188} INFO - [2025-11-16T20:47:54.117+0000] {dagbag.py:538} INFO - Filling up the DagBag from /home/airflow/.local/lib/python3.8/site-packages/airflow/example_dags/example_xcomargs.py
[2025-11-16T20:47:54.125+0000] {processor.py:840} INFO - DAG(s) 'example_xcom_args', 'example_xcom_args_with_operators' retrieved from /home/airflow/.local/lib/python3.8/site-packages/airflow/example_dags/example_xcomargs.py
[2025-11-16T20:47:54.152+0000] {logging_mixin.py:188} INFO - [2025-11-16T20:47:54.152+0000] {dag.py:3036} INFO - Sync 2 DAGs
[2025-11-16T20:47:54.164+0000] {logging_mixin.py:188} INFO - [2025-11-16T20:47:54.164+0000] {dag.py:3823} INFO - Setting next_dagrun for example_xcom_args to None, run_after=None
[2025-11-16T20:47:54.168+0000] {logging_mixin.py:188} INFO - [2025-11-16T20:47:54.168+0000] {dag.py:3823} INFO - Setting next_dagrun for example_xcom_args_with_operators to None, run_after=None
[2025-11-16T20:47:54.190+0000] {processor.py:183} INFO - Processing /home/airflow/.local/lib/python3.8/site-packages/airflow/example_dags/example_xcomargs.py took 0.078 seconds
[2025-11-16T20:48:24.275+0000] {processor.py:161} INFO - Started process (PID=1123) to work on /home/airflow/.local/lib/python3.8/site-packages/airflow/example_dags/example_xcomargs.py
[2025-11-16T20:48:24.276+0000] {processor.py:830} INFO - Processing file /home/airflow/.local/lib/python3.8/site-packages/airflow/example_dags/example_xcomargs.py for tasks to queue
[2025-11-16T20:48:24.277+0000] {logging_mixin.py:188} INFO - [2025-11-16T20:48:24.277+0000] {dagbag.py:538} INFO - Filling up the DagBag from /home/airflow/.local/lib/python3.8/site-packages/airflow/example_dags/example_xcomargs.py
[2025-11-16T20:48:24.285+0000] {processor.py:840} INFO - DAG(s) 'example_xcom_args', 'example_xcom_args_with_operators' retrieved from /home/airflow/.local/lib/python3.8/site-packages/airflow/example_dags/example_xcomargs.py
[2025-11-16T20:48:24.314+0000] {logging_mixin.py:188} INFO - [2025-11-16T20:48:24.313+0000] {dag.py:3036} INFO - Sync 2 DAGs
[2025-11-16T20:48:24.325+0000] {logging_mixin.py:188} INFO - [2025-11-16T20:48:24.325+0000] {dag.py:3823} INFO - Setting next_dagrun for example_xcom_args to None, run_after=None
[2025-11-16T20:48:24.330+0000] {logging_mixin.py:188} INFO - [2025-11-16T20:48:24.329+0000] {dag.py:3823} INFO - Setting next_dagrun for example_xcom_args_with_operators to None, run_after=None
[2025-11-16T20:48:24.360+0000] {processor.py:183} INFO - Processing /home/airflow/.local/lib/python3.8/site-packages/airflow/example_dags/example_xcomargs.py took 0.088 seconds
[2025-11-16T20:48:54.744+0000] {processor.py:161} INFO - Started process (PID=1204) to work on /home/airflow/.local/lib/python3.8/site-packages/airflow/example_dags/example_xcomargs.py
[2025-11-16T20:48:54.745+0000] {processor.py:830} INFO - Processing file /home/airflow/.local/lib/python3.8/site-packages/airflow/example_dags/example_xcomargs.py for tasks to queue
[2025-11-16T20:48:54.746+0000] {logging_mixin.py:188} INFO - [2025-11-16T20:48:54.746+0000] {dagbag.py:538} INFO - Filling up the DagBag from /home/airflow/.local/lib/python3.8/site-packages/airflow/example_dags/example_xcomargs.py
[2025-11-16T20:48:54.757+0000] {processor.py:840} INFO - DAG(s) 'example_xcom_args', 'example_xcom_args_with_operators' retrieved from /home/airflow/.local/lib/python3.8/site-packages/airflow/example_dags/example_xcomargs.py
[2025-11-16T20:48:54.978+0000] {logging_mixin.py:188} INFO - [2025-11-16T20:48:54.978+0000] {dag.py:3036} INFO - Sync 2 DAGs
[2025-11-16T20:48:54.997+0000] {logging_mixin.py:188} INFO - [2025-11-16T20:48:54.997+0000] {dag.py:3823} INFO - Setting next_dagrun for example_xcom_args to None, run_after=None
[2025-11-16T20:48:55.006+0000] {logging_mixin.py:188} INFO - [2025-11-16T20:48:55.004+0000] {dag.py:3823} INFO - Setting next_dagrun for example_xcom_args_with_operators to None, run_after=None
[2025-11-16T20:48:55.034+0000] {processor.py:183} INFO - Processing /home/airflow/.local/lib/python3.8/site-packages/airflow/example_dags/example_xcomargs.py took 0.293 seconds
[2025-11-16T20:49:25.098+0000] {processor.py:161} INFO - Started process (PID=1278) to work on /home/airflow/.local/lib/python3.8/site-packages/airflow/example_dags/example_xcomargs.py
[2025-11-16T20:49:25.102+0000] {processor.py:830} INFO - Processing file /home/airflow/.local/lib/python3.8/site-packages/airflow/example_dags/example_xcomargs.py for tasks to queue
[2025-11-16T20:49:25.104+0000] {logging_mixin.py:188} INFO - [2025-11-16T20:49:25.103+0000] {dagbag.py:538} INFO - Filling up the DagBag from /home/airflow/.local/lib/python3.8/site-packages/airflow/example_dags/example_xcomargs.py
[2025-11-16T20:49:25.130+0000] {processor.py:840} INFO - DAG(s) 'example_xcom_args', 'example_xcom_args_with_operators' retrieved from /home/airflow/.local/lib/python3.8/site-packages/airflow/example_dags/example_xcomargs.py
[2025-11-16T20:49:25.208+0000] {logging_mixin.py:188} INFO - [2025-11-16T20:49:25.207+0000] {dag.py:3036} INFO - Sync 2 DAGs
[2025-11-16T20:49:25.235+0000] {logging_mixin.py:188} INFO - [2025-11-16T20:49:25.233+0000] {dag.py:3823} INFO - Setting next_dagrun for example_xcom_args to None, run_after=None
[2025-11-16T20:49:25.240+0000] {logging_mixin.py:188} INFO - [2025-11-16T20:49:25.240+0000] {dag.py:3823} INFO - Setting next_dagrun for example_xcom_args_with_operators to None, run_after=None
[2025-11-16T20:49:25.276+0000] {processor.py:183} INFO - Processing /home/airflow/.local/lib/python3.8/site-packages/airflow/example_dags/example_xcomargs.py took 0.183 seconds
[2025-11-16T20:50:06.221+0000] {processor.py:161} INFO - Started process (PID=1332) to work on /home/airflow/.local/lib/python3.8/site-packages/airflow/example_dags/example_xcomargs.py
[2025-11-16T20:50:06.222+0000] {processor.py:830} INFO - Processing file /home/airflow/.local/lib/python3.8/site-packages/airflow/example_dags/example_xcomargs.py for tasks to queue
[2025-11-16T20:50:06.227+0000] {logging_mixin.py:188} INFO - [2025-11-16T20:50:06.224+0000] {dagbag.py:538} INFO - Filling up the DagBag from /home/airflow/.local/lib/python3.8/site-packages/airflow/example_dags/example_xcomargs.py
[2025-11-16T20:50:06.244+0000] {processor.py:840} INFO - DAG(s) 'example_xcom_args_with_operators', 'example_xcom_args' retrieved from /home/airflow/.local/lib/python3.8/site-packages/airflow/example_dags/example_xcomargs.py
[2025-11-16T20:50:06.296+0000] {logging_mixin.py:188} INFO - [2025-11-16T20:50:06.295+0000] {dag.py:3036} INFO - Sync 2 DAGs
[2025-11-16T20:50:06.317+0000] {logging_mixin.py:188} INFO - [2025-11-16T20:50:06.316+0000] {dag.py:3823} INFO - Setting next_dagrun for example_xcom_args to None, run_after=None
[2025-11-16T20:50:06.322+0000] {logging_mixin.py:188} INFO - [2025-11-16T20:50:06.322+0000] {dag.py:3823} INFO - Setting next_dagrun for example_xcom_args_with_operators to None, run_after=None
[2025-11-16T20:50:06.365+0000] {processor.py:183} INFO - Processing /home/airflow/.local/lib/python3.8/site-packages/airflow/example_dags/example_xcomargs.py took 0.150 seconds
[2025-11-16T22:59:25.243+0000] {processor.py:161} INFO - Started process (PID=1381) to work on /home/airflow/.local/lib/python3.8/site-packages/airflow/example_dags/example_xcomargs.py
[2025-11-16T22:59:25.287+0000] {processor.py:830} INFO - Processing file /home/airflow/.local/lib/python3.8/site-packages/airflow/example_dags/example_xcomargs.py for tasks to queue
[2025-11-16T22:59:25.707+0000] {logging_mixin.py:188} INFO - [2025-11-16T22:59:25.686+0000] {dagbag.py:538} INFO - Filling up the DagBag from /home/airflow/.local/lib/python3.8/site-packages/airflow/example_dags/example_xcomargs.py
[2025-11-16T23:16:05.902+0000] {processor.py:840} INFO - DAG(s) 'example_xcom_args_with_operators', 'example_xcom_args' retrieved from /home/airflow/.local/lib/python3.8/site-packages/airflow/example_dags/example_xcomargs.py
[2025-11-16T23:16:36.589+0000] {processor.py:161} INFO - Started process (PID=1454) to work on /home/airflow/.local/lib/python3.8/site-packages/airflow/example_dags/example_xcomargs.py
[2025-11-16T23:16:36.593+0000] {processor.py:830} INFO - Processing file /home/airflow/.local/lib/python3.8/site-packages/airflow/example_dags/example_xcomargs.py for tasks to queue
[2025-11-16T23:16:36.596+0000] {logging_mixin.py:188} INFO - [2025-11-16T23:16:36.595+0000] {dagbag.py:538} INFO - Filling up the DagBag from /home/airflow/.local/lib/python3.8/site-packages/airflow/example_dags/example_xcomargs.py
[2025-11-16T23:16:36.642+0000] {processor.py:840} INFO - DAG(s) 'example_xcom_args', 'example_xcom_args_with_operators' retrieved from /home/airflow/.local/lib/python3.8/site-packages/airflow/example_dags/example_xcomargs.py
[2025-11-16T23:16:36.938+0000] {logging_mixin.py:188} INFO - [2025-11-16T23:16:36.931+0000] {dag.py:3036} INFO - Sync 2 DAGs
[2025-11-16T23:16:36.975+0000] {logging_mixin.py:188} INFO - [2025-11-16T23:16:36.974+0000] {dag.py:3823} INFO - Setting next_dagrun for example_xcom_args to None, run_after=None
[2025-11-16T23:16:36.984+0000] {logging_mixin.py:188} INFO - [2025-11-16T23:16:36.984+0000] {dag.py:3823} INFO - Setting next_dagrun for example_xcom_args_with_operators to None, run_after=None
[2025-11-16T23:16:37.052+0000] {processor.py:183} INFO - Processing /home/airflow/.local/lib/python3.8/site-packages/airflow/example_dags/example_xcomargs.py took 0.481 seconds
[2025-11-16T23:17:07.511+0000] {processor.py:161} INFO - Started process (PID=1536) to work on /home/airflow/.local/lib/python3.8/site-packages/airflow/example_dags/example_xcomargs.py
[2025-11-16T23:17:07.513+0000] {processor.py:830} INFO - Processing file /home/airflow/.local/lib/python3.8/site-packages/airflow/example_dags/example_xcomargs.py for tasks to queue
[2025-11-16T23:17:07.514+0000] {logging_mixin.py:188} INFO - [2025-11-16T23:17:07.514+0000] {dagbag.py:538} INFO - Filling up the DagBag from /home/airflow/.local/lib/python3.8/site-packages/airflow/example_dags/example_xcomargs.py
[2025-11-16T23:17:07.545+0000] {processor.py:840} INFO - DAG(s) 'example_xcom_args_with_operators', 'example_xcom_args' retrieved from /home/airflow/.local/lib/python3.8/site-packages/airflow/example_dags/example_xcomargs.py
[2025-11-16T23:17:07.637+0000] {logging_mixin.py:188} INFO - [2025-11-16T23:17:07.636+0000] {dag.py:3036} INFO - Sync 2 DAGs
[2025-11-16T23:17:07.689+0000] {logging_mixin.py:188} INFO - [2025-11-16T23:17:07.688+0000] {dag.py:3823} INFO - Setting next_dagrun for example_xcom_args to None, run_after=None
[2025-11-16T23:17:07.705+0000] {logging_mixin.py:188} INFO - [2025-11-16T23:17:07.704+0000] {dag.py:3823} INFO - Setting next_dagrun for example_xcom_args_with_operators to None, run_after=None
[2025-11-16T23:17:07.768+0000] {processor.py:183} INFO - Processing /home/airflow/.local/lib/python3.8/site-packages/airflow/example_dags/example_xcomargs.py took 0.264 seconds
[2025-11-16T23:17:52.359+0000] {processor.py:161} INFO - Started process (PID=1610) to work on /home/airflow/.local/lib/python3.8/site-packages/airflow/example_dags/example_xcomargs.py
[2025-11-16T23:17:52.366+0000] {processor.py:830} INFO - Processing file /home/airflow/.local/lib/python3.8/site-packages/airflow/example_dags/example_xcomargs.py for tasks to queue
[2025-11-16T23:17:52.367+0000] {logging_mixin.py:188} INFO - [2025-11-16T23:17:52.367+0000] {dagbag.py:538} INFO - Filling up the DagBag from /home/airflow/.local/lib/python3.8/site-packages/airflow/example_dags/example_xcomargs.py
[2025-11-16T23:17:52.404+0000] {processor.py:840} INFO - DAG(s) 'example_xcom_args', 'example_xcom_args_with_operators' retrieved from /home/airflow/.local/lib/python3.8/site-packages/airflow/example_dags/example_xcomargs.py
[2025-11-16T23:17:52.810+0000] {logging_mixin.py:188} INFO - [2025-11-16T23:17:52.809+0000] {dag.py:3036} INFO - Sync 2 DAGs
[2025-11-16T23:17:52.847+0000] {logging_mixin.py:188} INFO - [2025-11-16T23:17:52.846+0000] {dag.py:3823} INFO - Setting next_dagrun for example_xcom_args to None, run_after=None
[2025-11-16T23:17:52.858+0000] {logging_mixin.py:188} INFO - [2025-11-16T23:17:52.857+0000] {dag.py:3823} INFO - Setting next_dagrun for example_xcom_args_with_operators to None, run_after=None
[2025-11-16T23:17:52.932+0000] {processor.py:183} INFO - Processing /home/airflow/.local/lib/python3.8/site-packages/airflow/example_dags/example_xcomargs.py took 0.590 seconds
[2025-11-16T23:18:23.239+0000] {processor.py:161} INFO - Started process (PID=1701) to work on /home/airflow/.local/lib/python3.8/site-packages/airflow/example_dags/example_xcomargs.py
[2025-11-16T23:18:23.240+0000] {processor.py:830} INFO - Processing file /home/airflow/.local/lib/python3.8/site-packages/airflow/example_dags/example_xcomargs.py for tasks to queue
[2025-11-16T23:18:23.242+0000] {logging_mixin.py:188} INFO - [2025-11-16T23:18:23.241+0000] {dagbag.py:538} INFO - Filling up the DagBag from /home/airflow/.local/lib/python3.8/site-packages/airflow/example_dags/example_xcomargs.py
[2025-11-16T23:18:23.254+0000] {processor.py:840} INFO - DAG(s) 'example_xcom_args_with_operators', 'example_xcom_args' retrieved from /home/airflow/.local/lib/python3.8/site-packages/airflow/example_dags/example_xcomargs.py
[2025-11-16T23:18:23.296+0000] {logging_mixin.py:188} INFO - [2025-11-16T23:18:23.296+0000] {dag.py:3036} INFO - Sync 2 DAGs
[2025-11-16T23:18:23.311+0000] {logging_mixin.py:188} INFO - [2025-11-16T23:18:23.311+0000] {dag.py:3823} INFO - Setting next_dagrun for example_xcom_args to None, run_after=None
[2025-11-16T23:18:23.319+0000] {logging_mixin.py:188} INFO - [2025-11-16T23:18:23.319+0000] {dag.py:3823} INFO - Setting next_dagrun for example_xcom_args_with_operators to None, run_after=None
[2025-11-16T23:18:23.351+0000] {processor.py:183} INFO - Processing /home/airflow/.local/lib/python3.8/site-packages/airflow/example_dags/example_xcomargs.py took 0.118 seconds
[2025-11-16T23:18:54.190+0000] {processor.py:161} INFO - Started process (PID=1766) to work on /home/airflow/.local/lib/python3.8/site-packages/airflow/example_dags/example_xcomargs.py
[2025-11-16T23:18:54.192+0000] {processor.py:830} INFO - Processing file /home/airflow/.local/lib/python3.8/site-packages/airflow/example_dags/example_xcomargs.py for tasks to queue
[2025-11-16T23:18:54.195+0000] {logging_mixin.py:188} INFO - [2025-11-16T23:18:54.194+0000] {dagbag.py:538} INFO - Filling up the DagBag from /home/airflow/.local/lib/python3.8/site-packages/airflow/example_dags/example_xcomargs.py
[2025-11-16T23:18:55.232+0000] {processor.py:840} INFO - DAG(s) 'example_xcom_args', 'example_xcom_args_with_operators' retrieved from /home/airflow/.local/lib/python3.8/site-packages/airflow/example_dags/example_xcomargs.py
[2025-11-16T23:18:56.100+0000] {logging_mixin.py:188} INFO - [2025-11-16T23:18:56.100+0000] {dag.py:3036} INFO - Sync 2 DAGs
[2025-11-16T23:18:56.125+0000] {logging_mixin.py:188} INFO - [2025-11-16T23:18:56.124+0000] {dag.py:3823} INFO - Setting next_dagrun for example_xcom_args to None, run_after=None
[2025-11-16T23:18:56.135+0000] {logging_mixin.py:188} INFO - [2025-11-16T23:18:56.134+0000] {dag.py:3823} INFO - Setting next_dagrun for example_xcom_args_with_operators to None, run_after=None
[2025-11-16T23:18:56.178+0000] {processor.py:183} INFO - Processing /home/airflow/.local/lib/python3.8/site-packages/airflow/example_dags/example_xcomargs.py took 2.105 seconds
[2025-11-16T23:19:26.927+0000] {processor.py:161} INFO - Started process (PID=1847) to work on /home/airflow/.local/lib/python3.8/site-packages/airflow/example_dags/example_xcomargs.py
[2025-11-16T23:19:26.944+0000] {processor.py:830} INFO - Processing file /home/airflow/.local/lib/python3.8/site-packages/airflow/example_dags/example_xcomargs.py for tasks to queue
[2025-11-16T23:19:26.990+0000] {logging_mixin.py:188} INFO - [2025-11-16T23:19:26.988+0000] {dagbag.py:538} INFO - Filling up the DagBag from /home/airflow/.local/lib/python3.8/site-packages/airflow/example_dags/example_xcomargs.py
[2025-11-16T23:19:27.037+0000] {processor.py:840} INFO - DAG(s) 'example_xcom_args_with_operators', 'example_xcom_args' retrieved from /home/airflow/.local/lib/python3.8/site-packages/airflow/example_dags/example_xcomargs.py
[2025-11-16T23:19:27.174+0000] {logging_mixin.py:188} INFO - [2025-11-16T23:19:27.173+0000] {dag.py:3036} INFO - Sync 2 DAGs
[2025-11-16T23:19:27.227+0000] {logging_mixin.py:188} INFO - [2025-11-16T23:19:27.226+0000] {dag.py:3823} INFO - Setting next_dagrun for example_xcom_args to None, run_after=None
[2025-11-16T23:19:27.240+0000] {logging_mixin.py:188} INFO - [2025-11-16T23:19:27.239+0000] {dag.py:3823} INFO - Setting next_dagrun for example_xcom_args_with_operators to None, run_after=None
[2025-11-16T23:19:27.303+0000] {processor.py:183} INFO - Processing /home/airflow/.local/lib/python3.8/site-packages/airflow/example_dags/example_xcomargs.py took 0.399 seconds
