[2025-11-16T20:20:49.062+0000] {processor.py:161} INFO - Started process (PID=183) to work on /home/airflow/.local/lib/python3.8/site-packages/airflow/example_dags/example_branch_operator.py
[2025-11-16T20:20:49.064+0000] {processor.py:830} INFO - Processing file /home/airflow/.local/lib/python3.8/site-packages/airflow/example_dags/example_branch_operator.py for tasks to queue
[2025-11-16T20:20:49.065+0000] {logging_mixin.py:188} INFO - [2025-11-16T20:20:49.065+0000] {dagbag.py:538} INFO - Filling up the DagBag from /home/airflow/.local/lib/python3.8/site-packages/airflow/example_dags/example_branch_operator.py
[2025-11-16T20:20:49.094+0000] {processor.py:840} INFO - DAG(s) 'example_branch_operator' retrieved from /home/airflow/.local/lib/python3.8/site-packages/airflow/example_dags/example_branch_operator.py
[2025-11-16T20:20:49.274+0000] {logging_mixin.py:188} INFO - [2025-11-16T20:20:49.273+0000] {override.py:1769} INFO - Created Permission View: can edit on DAG:example_branch_operator
[2025-11-16T20:20:49.296+0000] {logging_mixin.py:188} INFO - [2025-11-16T20:20:49.296+0000] {override.py:1769} INFO - Created Permission View: can read on DAG:example_branch_operator
[2025-11-16T20:20:49.310+0000] {logging_mixin.py:188} INFO - [2025-11-16T20:20:49.308+0000] {override.py:1769} INFO - Created Permission View: can delete on DAG:example_branch_operator
[2025-11-16T20:20:49.311+0000] {logging_mixin.py:188} INFO - [2025-11-16T20:20:49.311+0000] {dag.py:3036} INFO - Sync 1 DAGs
[2025-11-16T20:20:49.324+0000] {logging_mixin.py:188} INFO - [2025-11-16T20:20:49.324+0000] {dag.py:3058} INFO - Creating ORM DAG for example_branch_operator
[2025-11-16T20:20:49.336+0000] {logging_mixin.py:188} INFO - [2025-11-16T20:20:49.336+0000] {dag.py:3823} INFO - Setting next_dagrun for example_branch_operator to 2025-11-15 00:00:00+00:00, run_after=2025-11-16 00:00:00+00:00
[2025-11-16T20:20:49.367+0000] {processor.py:183} INFO - Processing /home/airflow/.local/lib/python3.8/site-packages/airflow/example_dags/example_branch_operator.py took 0.308 seconds
[2025-11-16T20:21:26.265+0000] {processor.py:161} INFO - Started process (PID=271) to work on /home/airflow/.local/lib/python3.8/site-packages/airflow/example_dags/example_branch_operator.py
[2025-11-16T20:21:26.266+0000] {processor.py:830} INFO - Processing file /home/airflow/.local/lib/python3.8/site-packages/airflow/example_dags/example_branch_operator.py for tasks to queue
[2025-11-16T20:21:26.268+0000] {logging_mixin.py:188} INFO - [2025-11-16T20:21:26.267+0000] {dagbag.py:538} INFO - Filling up the DagBag from /home/airflow/.local/lib/python3.8/site-packages/airflow/example_dags/example_branch_operator.py
[2025-11-16T20:21:26.295+0000] {processor.py:840} INFO - DAG(s) 'example_branch_operator' retrieved from /home/airflow/.local/lib/python3.8/site-packages/airflow/example_dags/example_branch_operator.py
[2025-11-16T20:21:26.344+0000] {logging_mixin.py:188} INFO - [2025-11-16T20:21:26.343+0000] {dag.py:3036} INFO - Sync 1 DAGs
[2025-11-16T20:21:26.379+0000] {logging_mixin.py:188} INFO - [2025-11-16T20:21:26.378+0000] {dag.py:3823} INFO - Setting next_dagrun for example_branch_operator to 2025-11-15 00:00:00+00:00, run_after=2025-11-16 00:00:00+00:00
[2025-11-16T20:21:26.403+0000] {processor.py:183} INFO - Processing /home/airflow/.local/lib/python3.8/site-packages/airflow/example_dags/example_branch_operator.py took 0.143 seconds
[2025-11-16T20:21:56.571+0000] {processor.py:161} INFO - Started process (PID=352) to work on /home/airflow/.local/lib/python3.8/site-packages/airflow/example_dags/example_branch_operator.py
[2025-11-16T20:21:56.572+0000] {processor.py:830} INFO - Processing file /home/airflow/.local/lib/python3.8/site-packages/airflow/example_dags/example_branch_operator.py for tasks to queue
[2025-11-16T20:21:56.574+0000] {logging_mixin.py:188} INFO - [2025-11-16T20:21:56.573+0000] {dagbag.py:538} INFO - Filling up the DagBag from /home/airflow/.local/lib/python3.8/site-packages/airflow/example_dags/example_branch_operator.py
[2025-11-16T20:21:56.597+0000] {processor.py:840} INFO - DAG(s) 'example_branch_operator' retrieved from /home/airflow/.local/lib/python3.8/site-packages/airflow/example_dags/example_branch_operator.py
[2025-11-16T20:21:56.639+0000] {logging_mixin.py:188} INFO - [2025-11-16T20:21:56.639+0000] {dag.py:3036} INFO - Sync 1 DAGs
[2025-11-16T20:21:56.669+0000] {logging_mixin.py:188} INFO - [2025-11-16T20:21:56.669+0000] {dag.py:3823} INFO - Setting next_dagrun for example_branch_operator to 2025-11-15 00:00:00+00:00, run_after=2025-11-16 00:00:00+00:00
[2025-11-16T20:21:56.706+0000] {processor.py:183} INFO - Processing /home/airflow/.local/lib/python3.8/site-packages/airflow/example_dags/example_branch_operator.py took 0.139 seconds
[2025-11-16T20:22:29.071+0000] {processor.py:161} INFO - Started process (PID=441) to work on /home/airflow/.local/lib/python3.8/site-packages/airflow/example_dags/example_branch_operator.py
[2025-11-16T20:22:29.076+0000] {processor.py:830} INFO - Processing file /home/airflow/.local/lib/python3.8/site-packages/airflow/example_dags/example_branch_operator.py for tasks to queue
[2025-11-16T20:22:29.078+0000] {logging_mixin.py:188} INFO - [2025-11-16T20:22:29.078+0000] {dagbag.py:538} INFO - Filling up the DagBag from /home/airflow/.local/lib/python3.8/site-packages/airflow/example_dags/example_branch_operator.py
[2025-11-16T20:22:29.129+0000] {processor.py:840} INFO - DAG(s) 'example_branch_operator' retrieved from /home/airflow/.local/lib/python3.8/site-packages/airflow/example_dags/example_branch_operator.py
[2025-11-16T20:22:29.204+0000] {logging_mixin.py:188} INFO - [2025-11-16T20:22:29.204+0000] {dag.py:3036} INFO - Sync 1 DAGs
[2025-11-16T20:22:29.253+0000] {logging_mixin.py:188} INFO - [2025-11-16T20:22:29.253+0000] {dag.py:3823} INFO - Setting next_dagrun for example_branch_operator to 2025-11-15 00:00:00+00:00, run_after=2025-11-16 00:00:00+00:00
[2025-11-16T20:22:29.288+0000] {processor.py:183} INFO - Processing /home/airflow/.local/lib/python3.8/site-packages/airflow/example_dags/example_branch_operator.py took 0.223 seconds
[2025-11-16T20:22:59.877+0000] {processor.py:161} INFO - Started process (PID=529) to work on /home/airflow/.local/lib/python3.8/site-packages/airflow/example_dags/example_branch_operator.py
[2025-11-16T20:22:59.879+0000] {processor.py:830} INFO - Processing file /home/airflow/.local/lib/python3.8/site-packages/airflow/example_dags/example_branch_operator.py for tasks to queue
[2025-11-16T20:22:59.881+0000] {logging_mixin.py:188} INFO - [2025-11-16T20:22:59.880+0000] {dagbag.py:538} INFO - Filling up the DagBag from /home/airflow/.local/lib/python3.8/site-packages/airflow/example_dags/example_branch_operator.py
[2025-11-16T20:22:59.905+0000] {processor.py:840} INFO - DAG(s) 'example_branch_operator' retrieved from /home/airflow/.local/lib/python3.8/site-packages/airflow/example_dags/example_branch_operator.py
[2025-11-16T20:22:59.937+0000] {logging_mixin.py:188} INFO - [2025-11-16T20:22:59.937+0000] {dag.py:3036} INFO - Sync 1 DAGs
[2025-11-16T20:22:59.958+0000] {logging_mixin.py:188} INFO - [2025-11-16T20:22:59.958+0000] {dag.py:3823} INFO - Setting next_dagrun for example_branch_operator to 2025-11-15 00:00:00+00:00, run_after=2025-11-16 00:00:00+00:00
[2025-11-16T20:22:59.982+0000] {processor.py:183} INFO - Processing /home/airflow/.local/lib/python3.8/site-packages/airflow/example_dags/example_branch_operator.py took 0.107 seconds
[2025-11-16T20:23:30.192+0000] {processor.py:161} INFO - Started process (PID=611) to work on /home/airflow/.local/lib/python3.8/site-packages/airflow/example_dags/example_branch_operator.py
[2025-11-16T20:23:30.193+0000] {processor.py:830} INFO - Processing file /home/airflow/.local/lib/python3.8/site-packages/airflow/example_dags/example_branch_operator.py for tasks to queue
[2025-11-16T20:23:30.194+0000] {logging_mixin.py:188} INFO - [2025-11-16T20:23:30.194+0000] {dagbag.py:538} INFO - Filling up the DagBag from /home/airflow/.local/lib/python3.8/site-packages/airflow/example_dags/example_branch_operator.py
[2025-11-16T20:23:30.215+0000] {processor.py:840} INFO - DAG(s) 'example_branch_operator' retrieved from /home/airflow/.local/lib/python3.8/site-packages/airflow/example_dags/example_branch_operator.py
[2025-11-16T20:23:30.249+0000] {logging_mixin.py:188} INFO - [2025-11-16T20:23:30.249+0000] {dag.py:3036} INFO - Sync 1 DAGs
[2025-11-16T20:23:30.275+0000] {logging_mixin.py:188} INFO - [2025-11-16T20:23:30.275+0000] {dag.py:3823} INFO - Setting next_dagrun for example_branch_operator to 2025-11-15 00:00:00+00:00, run_after=2025-11-16 00:00:00+00:00
[2025-11-16T20:23:30.302+0000] {processor.py:183} INFO - Processing /home/airflow/.local/lib/python3.8/site-packages/airflow/example_dags/example_branch_operator.py took 0.113 seconds
[2025-11-16T20:24:00.529+0000] {processor.py:161} INFO - Started process (PID=693) to work on /home/airflow/.local/lib/python3.8/site-packages/airflow/example_dags/example_branch_operator.py
[2025-11-16T20:24:00.530+0000] {processor.py:830} INFO - Processing file /home/airflow/.local/lib/python3.8/site-packages/airflow/example_dags/example_branch_operator.py for tasks to queue
[2025-11-16T20:24:00.531+0000] {logging_mixin.py:188} INFO - [2025-11-16T20:24:00.531+0000] {dagbag.py:538} INFO - Filling up the DagBag from /home/airflow/.local/lib/python3.8/site-packages/airflow/example_dags/example_branch_operator.py
[2025-11-16T20:24:00.549+0000] {processor.py:840} INFO - DAG(s) 'example_branch_operator' retrieved from /home/airflow/.local/lib/python3.8/site-packages/airflow/example_dags/example_branch_operator.py
[2025-11-16T20:24:00.583+0000] {logging_mixin.py:188} INFO - [2025-11-16T20:24:00.583+0000] {dag.py:3036} INFO - Sync 1 DAGs
[2025-11-16T20:24:00.607+0000] {logging_mixin.py:188} INFO - [2025-11-16T20:24:00.607+0000] {dag.py:3823} INFO - Setting next_dagrun for example_branch_operator to 2025-11-15 00:00:00+00:00, run_after=2025-11-16 00:00:00+00:00
[2025-11-16T20:24:00.655+0000] {processor.py:183} INFO - Processing /home/airflow/.local/lib/python3.8/site-packages/airflow/example_dags/example_branch_operator.py took 0.129 seconds
[2025-11-16T20:24:30.731+0000] {processor.py:161} INFO - Started process (PID=789) to work on /home/airflow/.local/lib/python3.8/site-packages/airflow/example_dags/example_branch_operator.py
[2025-11-16T20:24:30.732+0000] {processor.py:830} INFO - Processing file /home/airflow/.local/lib/python3.8/site-packages/airflow/example_dags/example_branch_operator.py for tasks to queue
[2025-11-16T20:24:30.734+0000] {logging_mixin.py:188} INFO - [2025-11-16T20:24:30.733+0000] {dagbag.py:538} INFO - Filling up the DagBag from /home/airflow/.local/lib/python3.8/site-packages/airflow/example_dags/example_branch_operator.py
[2025-11-16T20:24:30.749+0000] {processor.py:840} INFO - DAG(s) 'example_branch_operator' retrieved from /home/airflow/.local/lib/python3.8/site-packages/airflow/example_dags/example_branch_operator.py
[2025-11-16T20:24:30.780+0000] {logging_mixin.py:188} INFO - [2025-11-16T20:24:30.780+0000] {dag.py:3036} INFO - Sync 1 DAGs
[2025-11-16T20:24:30.804+0000] {logging_mixin.py:188} INFO - [2025-11-16T20:24:30.804+0000] {dag.py:3823} INFO - Setting next_dagrun for example_branch_operator to 2025-11-15 00:00:00+00:00, run_after=2025-11-16 00:00:00+00:00
[2025-11-16T20:24:30.827+0000] {processor.py:183} INFO - Processing /home/airflow/.local/lib/python3.8/site-packages/airflow/example_dags/example_branch_operator.py took 0.099 seconds
[2025-11-16T20:25:01.037+0000] {processor.py:161} INFO - Started process (PID=870) to work on /home/airflow/.local/lib/python3.8/site-packages/airflow/example_dags/example_branch_operator.py
[2025-11-16T20:25:01.038+0000] {processor.py:830} INFO - Processing file /home/airflow/.local/lib/python3.8/site-packages/airflow/example_dags/example_branch_operator.py for tasks to queue
[2025-11-16T20:25:01.040+0000] {logging_mixin.py:188} INFO - [2025-11-16T20:25:01.039+0000] {dagbag.py:538} INFO - Filling up the DagBag from /home/airflow/.local/lib/python3.8/site-packages/airflow/example_dags/example_branch_operator.py
[2025-11-16T20:25:01.065+0000] {processor.py:840} INFO - DAG(s) 'example_branch_operator' retrieved from /home/airflow/.local/lib/python3.8/site-packages/airflow/example_dags/example_branch_operator.py
[2025-11-16T20:25:01.109+0000] {logging_mixin.py:188} INFO - [2025-11-16T20:25:01.108+0000] {dag.py:3036} INFO - Sync 1 DAGs
[2025-11-16T20:25:01.153+0000] {logging_mixin.py:188} INFO - [2025-11-16T20:25:01.153+0000] {dag.py:3823} INFO - Setting next_dagrun for example_branch_operator to 2025-11-15 00:00:00+00:00, run_after=2025-11-16 00:00:00+00:00
[2025-11-16T20:25:01.177+0000] {processor.py:183} INFO - Processing /home/airflow/.local/lib/python3.8/site-packages/airflow/example_dags/example_branch_operator.py took 0.145 seconds
[2025-11-16T20:25:32.157+0000] {processor.py:161} INFO - Started process (PID=968) to work on /home/airflow/.local/lib/python3.8/site-packages/airflow/example_dags/example_branch_operator.py
[2025-11-16T20:25:32.158+0000] {processor.py:830} INFO - Processing file /home/airflow/.local/lib/python3.8/site-packages/airflow/example_dags/example_branch_operator.py for tasks to queue
[2025-11-16T20:25:32.158+0000] {logging_mixin.py:188} INFO - [2025-11-16T20:25:32.158+0000] {dagbag.py:538} INFO - Filling up the DagBag from /home/airflow/.local/lib/python3.8/site-packages/airflow/example_dags/example_branch_operator.py
[2025-11-16T20:25:32.176+0000] {processor.py:840} INFO - DAG(s) 'example_branch_operator' retrieved from /home/airflow/.local/lib/python3.8/site-packages/airflow/example_dags/example_branch_operator.py
[2025-11-16T20:25:32.214+0000] {logging_mixin.py:188} INFO - [2025-11-16T20:25:32.214+0000] {dag.py:3036} INFO - Sync 1 DAGs
[2025-11-16T20:25:32.243+0000] {logging_mixin.py:188} INFO - [2025-11-16T20:25:32.243+0000] {dag.py:3823} INFO - Setting next_dagrun for example_branch_operator to 2025-11-15 00:00:00+00:00, run_after=2025-11-16 00:00:00+00:00
[2025-11-16T20:25:32.274+0000] {processor.py:183} INFO - Processing /home/airflow/.local/lib/python3.8/site-packages/airflow/example_dags/example_branch_operator.py took 0.120 seconds
[2025-11-16T20:26:03.054+0000] {processor.py:161} INFO - Started process (PID=1049) to work on /home/airflow/.local/lib/python3.8/site-packages/airflow/example_dags/example_branch_operator.py
[2025-11-16T20:26:03.055+0000] {processor.py:830} INFO - Processing file /home/airflow/.local/lib/python3.8/site-packages/airflow/example_dags/example_branch_operator.py for tasks to queue
[2025-11-16T20:26:03.056+0000] {logging_mixin.py:188} INFO - [2025-11-16T20:26:03.056+0000] {dagbag.py:538} INFO - Filling up the DagBag from /home/airflow/.local/lib/python3.8/site-packages/airflow/example_dags/example_branch_operator.py
[2025-11-16T20:26:03.078+0000] {processor.py:840} INFO - DAG(s) 'example_branch_operator' retrieved from /home/airflow/.local/lib/python3.8/site-packages/airflow/example_dags/example_branch_operator.py
[2025-11-16T20:26:03.118+0000] {logging_mixin.py:188} INFO - [2025-11-16T20:26:03.118+0000] {dag.py:3036} INFO - Sync 1 DAGs
[2025-11-16T20:26:03.148+0000] {logging_mixin.py:188} INFO - [2025-11-16T20:26:03.148+0000] {dag.py:3823} INFO - Setting next_dagrun for example_branch_operator to 2025-11-15 00:00:00+00:00, run_after=2025-11-16 00:00:00+00:00
[2025-11-16T20:26:03.194+0000] {processor.py:183} INFO - Processing /home/airflow/.local/lib/python3.8/site-packages/airflow/example_dags/example_branch_operator.py took 0.144 seconds
[2025-11-16T20:26:33.428+0000] {processor.py:161} INFO - Started process (PID=1144) to work on /home/airflow/.local/lib/python3.8/site-packages/airflow/example_dags/example_branch_operator.py
[2025-11-16T20:26:33.429+0000] {processor.py:830} INFO - Processing file /home/airflow/.local/lib/python3.8/site-packages/airflow/example_dags/example_branch_operator.py for tasks to queue
[2025-11-16T20:26:33.430+0000] {logging_mixin.py:188} INFO - [2025-11-16T20:26:33.430+0000] {dagbag.py:538} INFO - Filling up the DagBag from /home/airflow/.local/lib/python3.8/site-packages/airflow/example_dags/example_branch_operator.py
[2025-11-16T20:26:33.447+0000] {processor.py:840} INFO - DAG(s) 'example_branch_operator' retrieved from /home/airflow/.local/lib/python3.8/site-packages/airflow/example_dags/example_branch_operator.py
[2025-11-16T20:26:33.488+0000] {logging_mixin.py:188} INFO - [2025-11-16T20:26:33.488+0000] {dag.py:3036} INFO - Sync 1 DAGs
[2025-11-16T20:26:33.516+0000] {logging_mixin.py:188} INFO - [2025-11-16T20:26:33.516+0000] {dag.py:3823} INFO - Setting next_dagrun for example_branch_operator to 2025-11-15 00:00:00+00:00, run_after=2025-11-16 00:00:00+00:00
[2025-11-16T20:26:33.537+0000] {processor.py:183} INFO - Processing /home/airflow/.local/lib/python3.8/site-packages/airflow/example_dags/example_branch_operator.py took 0.112 seconds
[2025-11-16T20:27:03.963+0000] {processor.py:161} INFO - Started process (PID=1225) to work on /home/airflow/.local/lib/python3.8/site-packages/airflow/example_dags/example_branch_operator.py
[2025-11-16T20:27:03.964+0000] {processor.py:830} INFO - Processing file /home/airflow/.local/lib/python3.8/site-packages/airflow/example_dags/example_branch_operator.py for tasks to queue
[2025-11-16T20:27:03.965+0000] {logging_mixin.py:188} INFO - [2025-11-16T20:27:03.965+0000] {dagbag.py:538} INFO - Filling up the DagBag from /home/airflow/.local/lib/python3.8/site-packages/airflow/example_dags/example_branch_operator.py
[2025-11-16T20:27:03.988+0000] {processor.py:840} INFO - DAG(s) 'example_branch_operator' retrieved from /home/airflow/.local/lib/python3.8/site-packages/airflow/example_dags/example_branch_operator.py
[2025-11-16T20:27:04.025+0000] {logging_mixin.py:188} INFO - [2025-11-16T20:27:04.024+0000] {dag.py:3036} INFO - Sync 1 DAGs
[2025-11-16T20:27:04.058+0000] {logging_mixin.py:188} INFO - [2025-11-16T20:27:04.058+0000] {dag.py:3823} INFO - Setting next_dagrun for example_branch_operator to 2025-11-15 00:00:00+00:00, run_after=2025-11-16 00:00:00+00:00
[2025-11-16T20:27:04.090+0000] {processor.py:183} INFO - Processing /home/airflow/.local/lib/python3.8/site-packages/airflow/example_dags/example_branch_operator.py took 0.130 seconds
[2025-11-16T20:27:34.481+0000] {processor.py:161} INFO - Started process (PID=1307) to work on /home/airflow/.local/lib/python3.8/site-packages/airflow/example_dags/example_branch_operator.py
[2025-11-16T20:27:34.482+0000] {processor.py:830} INFO - Processing file /home/airflow/.local/lib/python3.8/site-packages/airflow/example_dags/example_branch_operator.py for tasks to queue
[2025-11-16T20:27:34.483+0000] {logging_mixin.py:188} INFO - [2025-11-16T20:27:34.483+0000] {dagbag.py:538} INFO - Filling up the DagBag from /home/airflow/.local/lib/python3.8/site-packages/airflow/example_dags/example_branch_operator.py
[2025-11-16T20:27:34.506+0000] {processor.py:840} INFO - DAG(s) 'example_branch_operator' retrieved from /home/airflow/.local/lib/python3.8/site-packages/airflow/example_dags/example_branch_operator.py
[2025-11-16T20:27:34.561+0000] {logging_mixin.py:188} INFO - [2025-11-16T20:27:34.561+0000] {dag.py:3036} INFO - Sync 1 DAGs
[2025-11-16T20:27:34.612+0000] {logging_mixin.py:188} INFO - [2025-11-16T20:27:34.611+0000] {dag.py:3823} INFO - Setting next_dagrun for example_branch_operator to 2025-11-15 00:00:00+00:00, run_after=2025-11-16 00:00:00+00:00
[2025-11-16T20:27:34.679+0000] {processor.py:183} INFO - Processing /home/airflow/.local/lib/python3.8/site-packages/airflow/example_dags/example_branch_operator.py took 0.201 seconds
[2025-11-16T20:28:04.737+0000] {processor.py:161} INFO - Started process (PID=1403) to work on /home/airflow/.local/lib/python3.8/site-packages/airflow/example_dags/example_branch_operator.py
[2025-11-16T20:28:04.741+0000] {processor.py:830} INFO - Processing file /home/airflow/.local/lib/python3.8/site-packages/airflow/example_dags/example_branch_operator.py for tasks to queue
[2025-11-16T20:28:04.743+0000] {logging_mixin.py:188} INFO - [2025-11-16T20:28:04.742+0000] {dagbag.py:538} INFO - Filling up the DagBag from /home/airflow/.local/lib/python3.8/site-packages/airflow/example_dags/example_branch_operator.py
[2025-11-16T20:28:04.775+0000] {processor.py:840} INFO - DAG(s) 'example_branch_operator' retrieved from /home/airflow/.local/lib/python3.8/site-packages/airflow/example_dags/example_branch_operator.py
[2025-11-16T20:28:04.819+0000] {logging_mixin.py:188} INFO - [2025-11-16T20:28:04.819+0000] {dag.py:3036} INFO - Sync 1 DAGs
[2025-11-16T20:28:04.854+0000] {logging_mixin.py:188} INFO - [2025-11-16T20:28:04.854+0000] {dag.py:3823} INFO - Setting next_dagrun for example_branch_operator to 2025-11-15 00:00:00+00:00, run_after=2025-11-16 00:00:00+00:00
[2025-11-16T20:28:04.886+0000] {processor.py:183} INFO - Processing /home/airflow/.local/lib/python3.8/site-packages/airflow/example_dags/example_branch_operator.py took 0.152 seconds
[2025-11-16T20:28:35.377+0000] {processor.py:161} INFO - Started process (PID=1484) to work on /home/airflow/.local/lib/python3.8/site-packages/airflow/example_dags/example_branch_operator.py
[2025-11-16T20:28:35.378+0000] {processor.py:830} INFO - Processing file /home/airflow/.local/lib/python3.8/site-packages/airflow/example_dags/example_branch_operator.py for tasks to queue
[2025-11-16T20:28:35.379+0000] {logging_mixin.py:188} INFO - [2025-11-16T20:28:35.379+0000] {dagbag.py:538} INFO - Filling up the DagBag from /home/airflow/.local/lib/python3.8/site-packages/airflow/example_dags/example_branch_operator.py
[2025-11-16T20:28:35.403+0000] {processor.py:840} INFO - DAG(s) 'example_branch_operator' retrieved from /home/airflow/.local/lib/python3.8/site-packages/airflow/example_dags/example_branch_operator.py
[2025-11-16T20:28:35.451+0000] {logging_mixin.py:188} INFO - [2025-11-16T20:28:35.449+0000] {dag.py:3036} INFO - Sync 1 DAGs
[2025-11-16T20:28:35.480+0000] {logging_mixin.py:188} INFO - [2025-11-16T20:28:35.480+0000] {dag.py:3823} INFO - Setting next_dagrun for example_branch_operator to 2025-11-15 00:00:00+00:00, run_after=2025-11-16 00:00:00+00:00
[2025-11-16T20:28:35.513+0000] {processor.py:183} INFO - Processing /home/airflow/.local/lib/python3.8/site-packages/airflow/example_dags/example_branch_operator.py took 0.139 seconds
[2025-11-16T20:29:05.835+0000] {processor.py:161} INFO - Started process (PID=1580) to work on /home/airflow/.local/lib/python3.8/site-packages/airflow/example_dags/example_branch_operator.py
[2025-11-16T20:29:05.836+0000] {processor.py:830} INFO - Processing file /home/airflow/.local/lib/python3.8/site-packages/airflow/example_dags/example_branch_operator.py for tasks to queue
[2025-11-16T20:29:05.838+0000] {logging_mixin.py:188} INFO - [2025-11-16T20:29:05.837+0000] {dagbag.py:538} INFO - Filling up the DagBag from /home/airflow/.local/lib/python3.8/site-packages/airflow/example_dags/example_branch_operator.py
[2025-11-16T20:29:05.862+0000] {processor.py:840} INFO - DAG(s) 'example_branch_operator' retrieved from /home/airflow/.local/lib/python3.8/site-packages/airflow/example_dags/example_branch_operator.py
[2025-11-16T20:29:05.910+0000] {logging_mixin.py:188} INFO - [2025-11-16T20:29:05.910+0000] {dag.py:3036} INFO - Sync 1 DAGs
[2025-11-16T20:29:05.944+0000] {logging_mixin.py:188} INFO - [2025-11-16T20:29:05.944+0000] {dag.py:3823} INFO - Setting next_dagrun for example_branch_operator to 2025-11-15 00:00:00+00:00, run_after=2025-11-16 00:00:00+00:00
[2025-11-16T20:29:05.971+0000] {processor.py:183} INFO - Processing /home/airflow/.local/lib/python3.8/site-packages/airflow/example_dags/example_branch_operator.py took 0.139 seconds
[2025-11-16T20:29:36.241+0000] {processor.py:161} INFO - Started process (PID=1661) to work on /home/airflow/.local/lib/python3.8/site-packages/airflow/example_dags/example_branch_operator.py
[2025-11-16T20:29:36.243+0000] {processor.py:830} INFO - Processing file /home/airflow/.local/lib/python3.8/site-packages/airflow/example_dags/example_branch_operator.py for tasks to queue
[2025-11-16T20:29:36.244+0000] {logging_mixin.py:188} INFO - [2025-11-16T20:29:36.244+0000] {dagbag.py:538} INFO - Filling up the DagBag from /home/airflow/.local/lib/python3.8/site-packages/airflow/example_dags/example_branch_operator.py
[2025-11-16T20:29:36.273+0000] {processor.py:840} INFO - DAG(s) 'example_branch_operator' retrieved from /home/airflow/.local/lib/python3.8/site-packages/airflow/example_dags/example_branch_operator.py
[2025-11-16T20:29:36.353+0000] {logging_mixin.py:188} INFO - [2025-11-16T20:29:36.352+0000] {dag.py:3036} INFO - Sync 1 DAGs
[2025-11-16T20:29:36.428+0000] {logging_mixin.py:188} INFO - [2025-11-16T20:29:36.426+0000] {dag.py:3823} INFO - Setting next_dagrun for example_branch_operator to 2025-11-15 00:00:00+00:00, run_after=2025-11-16 00:00:00+00:00
[2025-11-16T20:29:36.469+0000] {processor.py:183} INFO - Processing /home/airflow/.local/lib/python3.8/site-packages/airflow/example_dags/example_branch_operator.py took 0.236 seconds
[2025-11-16T20:30:06.947+0000] {processor.py:161} INFO - Started process (PID=1735) to work on /home/airflow/.local/lib/python3.8/site-packages/airflow/example_dags/example_branch_operator.py
[2025-11-16T20:30:06.950+0000] {processor.py:830} INFO - Processing file /home/airflow/.local/lib/python3.8/site-packages/airflow/example_dags/example_branch_operator.py for tasks to queue
[2025-11-16T20:30:06.953+0000] {logging_mixin.py:188} INFO - [2025-11-16T20:30:06.952+0000] {dagbag.py:538} INFO - Filling up the DagBag from /home/airflow/.local/lib/python3.8/site-packages/airflow/example_dags/example_branch_operator.py
[2025-11-16T20:30:06.986+0000] {processor.py:840} INFO - DAG(s) 'example_branch_operator' retrieved from /home/airflow/.local/lib/python3.8/site-packages/airflow/example_dags/example_branch_operator.py
[2025-11-16T20:30:07.044+0000] {logging_mixin.py:188} INFO - [2025-11-16T20:30:07.044+0000] {dag.py:3036} INFO - Sync 1 DAGs
[2025-11-16T20:30:07.092+0000] {logging_mixin.py:188} INFO - [2025-11-16T20:30:07.091+0000] {dag.py:3823} INFO - Setting next_dagrun for example_branch_operator to 2025-11-15 00:00:00+00:00, run_after=2025-11-16 00:00:00+00:00
[2025-11-16T20:30:07.131+0000] {processor.py:183} INFO - Processing /home/airflow/.local/lib/python3.8/site-packages/airflow/example_dags/example_branch_operator.py took 0.189 seconds
[2025-11-16T20:30:39.351+0000] {processor.py:161} INFO - Started process (PID=1816) to work on /home/airflow/.local/lib/python3.8/site-packages/airflow/example_dags/example_branch_operator.py
[2025-11-16T20:30:39.352+0000] {processor.py:830} INFO - Processing file /home/airflow/.local/lib/python3.8/site-packages/airflow/example_dags/example_branch_operator.py for tasks to queue
[2025-11-16T20:30:39.354+0000] {logging_mixin.py:188} INFO - [2025-11-16T20:30:39.354+0000] {dagbag.py:538} INFO - Filling up the DagBag from /home/airflow/.local/lib/python3.8/site-packages/airflow/example_dags/example_branch_operator.py
[2025-11-16T20:30:39.384+0000] {processor.py:840} INFO - DAG(s) 'example_branch_operator' retrieved from /home/airflow/.local/lib/python3.8/site-packages/airflow/example_dags/example_branch_operator.py
[2025-11-16T20:30:39.443+0000] {logging_mixin.py:188} INFO - [2025-11-16T20:30:39.442+0000] {dag.py:3036} INFO - Sync 1 DAGs
[2025-11-16T20:30:39.492+0000] {logging_mixin.py:188} INFO - [2025-11-16T20:30:39.492+0000] {dag.py:3823} INFO - Setting next_dagrun for example_branch_operator to 2025-11-15 00:00:00+00:00, run_after=2025-11-16 00:00:00+00:00
[2025-11-16T20:30:39.535+0000] {processor.py:183} INFO - Processing /home/airflow/.local/lib/python3.8/site-packages/airflow/example_dags/example_branch_operator.py took 0.191 seconds
[2025-11-16T20:31:09.690+0000] {processor.py:161} INFO - Started process (PID=1891) to work on /home/airflow/.local/lib/python3.8/site-packages/airflow/example_dags/example_branch_operator.py
[2025-11-16T20:31:09.692+0000] {processor.py:830} INFO - Processing file /home/airflow/.local/lib/python3.8/site-packages/airflow/example_dags/example_branch_operator.py for tasks to queue
[2025-11-16T20:31:09.695+0000] {logging_mixin.py:188} INFO - [2025-11-16T20:31:09.695+0000] {dagbag.py:538} INFO - Filling up the DagBag from /home/airflow/.local/lib/python3.8/site-packages/airflow/example_dags/example_branch_operator.py
[2025-11-16T20:31:09.718+0000] {processor.py:840} INFO - DAG(s) 'example_branch_operator' retrieved from /home/airflow/.local/lib/python3.8/site-packages/airflow/example_dags/example_branch_operator.py
[2025-11-16T20:31:09.757+0000] {logging_mixin.py:188} INFO - [2025-11-16T20:31:09.757+0000] {dag.py:3036} INFO - Sync 1 DAGs
[2025-11-16T20:31:09.795+0000] {logging_mixin.py:188} INFO - [2025-11-16T20:31:09.793+0000] {dag.py:3823} INFO - Setting next_dagrun for example_branch_operator to 2025-11-15 00:00:00+00:00, run_after=2025-11-16 00:00:00+00:00
[2025-11-16T20:31:09.830+0000] {processor.py:183} INFO - Processing /home/airflow/.local/lib/python3.8/site-packages/airflow/example_dags/example_branch_operator.py took 0.143 seconds
[2025-11-16T20:31:41.273+0000] {processor.py:161} INFO - Started process (PID=1981) to work on /home/airflow/.local/lib/python3.8/site-packages/airflow/example_dags/example_branch_operator.py
[2025-11-16T20:31:41.275+0000] {processor.py:830} INFO - Processing file /home/airflow/.local/lib/python3.8/site-packages/airflow/example_dags/example_branch_operator.py for tasks to queue
[2025-11-16T20:31:41.277+0000] {logging_mixin.py:188} INFO - [2025-11-16T20:31:41.276+0000] {dagbag.py:538} INFO - Filling up the DagBag from /home/airflow/.local/lib/python3.8/site-packages/airflow/example_dags/example_branch_operator.py
[2025-11-16T20:31:41.310+0000] {processor.py:840} INFO - DAG(s) 'example_branch_operator' retrieved from /home/airflow/.local/lib/python3.8/site-packages/airflow/example_dags/example_branch_operator.py
[2025-11-16T20:31:41.363+0000] {logging_mixin.py:188} INFO - [2025-11-16T20:31:41.363+0000] {dag.py:3036} INFO - Sync 1 DAGs
[2025-11-16T20:31:41.414+0000] {logging_mixin.py:188} INFO - [2025-11-16T20:31:41.413+0000] {dag.py:3823} INFO - Setting next_dagrun for example_branch_operator to 2025-11-15 00:00:00+00:00, run_after=2025-11-16 00:00:00+00:00
[2025-11-16T20:31:41.480+0000] {processor.py:183} INFO - Processing /home/airflow/.local/lib/python3.8/site-packages/airflow/example_dags/example_branch_operator.py took 0.214 seconds
[2025-11-16T20:32:11.608+0000] {processor.py:161} INFO - Started process (PID=2070) to work on /home/airflow/.local/lib/python3.8/site-packages/airflow/example_dags/example_branch_operator.py
[2025-11-16T20:32:11.609+0000] {processor.py:830} INFO - Processing file /home/airflow/.local/lib/python3.8/site-packages/airflow/example_dags/example_branch_operator.py for tasks to queue
[2025-11-16T20:32:11.611+0000] {logging_mixin.py:188} INFO - [2025-11-16T20:32:11.611+0000] {dagbag.py:538} INFO - Filling up the DagBag from /home/airflow/.local/lib/python3.8/site-packages/airflow/example_dags/example_branch_operator.py
[2025-11-16T20:32:11.644+0000] {processor.py:840} INFO - DAG(s) 'example_branch_operator' retrieved from /home/airflow/.local/lib/python3.8/site-packages/airflow/example_dags/example_branch_operator.py
[2025-11-16T20:32:11.713+0000] {logging_mixin.py:188} INFO - [2025-11-16T20:32:11.712+0000] {dag.py:3036} INFO - Sync 1 DAGs
[2025-11-16T20:32:11.756+0000] {logging_mixin.py:188} INFO - [2025-11-16T20:32:11.756+0000] {dag.py:3823} INFO - Setting next_dagrun for example_branch_operator to 2025-11-15 00:00:00+00:00, run_after=2025-11-16 00:00:00+00:00
[2025-11-16T20:32:11.795+0000] {processor.py:183} INFO - Processing /home/airflow/.local/lib/python3.8/site-packages/airflow/example_dags/example_branch_operator.py took 0.194 seconds
[2025-11-16T20:32:49.268+0000] {processor.py:161} INFO - Started process (PID=2135) to work on /home/airflow/.local/lib/python3.8/site-packages/airflow/example_dags/example_branch_operator.py
[2025-11-16T20:32:49.269+0000] {processor.py:830} INFO - Processing file /home/airflow/.local/lib/python3.8/site-packages/airflow/example_dags/example_branch_operator.py for tasks to queue
[2025-11-16T20:32:49.270+0000] {logging_mixin.py:188} INFO - [2025-11-16T20:32:49.270+0000] {dagbag.py:538} INFO - Filling up the DagBag from /home/airflow/.local/lib/python3.8/site-packages/airflow/example_dags/example_branch_operator.py
[2025-11-16T20:32:49.303+0000] {processor.py:840} INFO - DAG(s) 'example_branch_operator' retrieved from /home/airflow/.local/lib/python3.8/site-packages/airflow/example_dags/example_branch_operator.py
[2025-11-16T20:32:49.358+0000] {logging_mixin.py:188} INFO - [2025-11-16T20:32:49.357+0000] {dag.py:3036} INFO - Sync 1 DAGs
[2025-11-16T20:32:49.402+0000] {logging_mixin.py:188} INFO - [2025-11-16T20:32:49.401+0000] {dag.py:3823} INFO - Setting next_dagrun for example_branch_operator to 2025-11-15 00:00:00+00:00, run_after=2025-11-16 00:00:00+00:00
[2025-11-16T20:32:49.444+0000] {processor.py:183} INFO - Processing /home/airflow/.local/lib/python3.8/site-packages/airflow/example_dags/example_branch_operator.py took 0.183 seconds
[2025-11-16T20:33:19.513+0000] {processor.py:161} INFO - Started process (PID=2218) to work on /home/airflow/.local/lib/python3.8/site-packages/airflow/example_dags/example_branch_operator.py
[2025-11-16T20:33:19.514+0000] {processor.py:830} INFO - Processing file /home/airflow/.local/lib/python3.8/site-packages/airflow/example_dags/example_branch_operator.py for tasks to queue
[2025-11-16T20:33:19.515+0000] {logging_mixin.py:188} INFO - [2025-11-16T20:33:19.515+0000] {dagbag.py:538} INFO - Filling up the DagBag from /home/airflow/.local/lib/python3.8/site-packages/airflow/example_dags/example_branch_operator.py
[2025-11-16T20:33:19.539+0000] {processor.py:840} INFO - DAG(s) 'example_branch_operator' retrieved from /home/airflow/.local/lib/python3.8/site-packages/airflow/example_dags/example_branch_operator.py
[2025-11-16T20:33:19.572+0000] {logging_mixin.py:188} INFO - [2025-11-16T20:33:19.572+0000] {dag.py:3036} INFO - Sync 1 DAGs
[2025-11-16T20:33:19.599+0000] {logging_mixin.py:188} INFO - [2025-11-16T20:33:19.598+0000] {dag.py:3823} INFO - Setting next_dagrun for example_branch_operator to 2025-11-15 00:00:00+00:00, run_after=2025-11-16 00:00:00+00:00
[2025-11-16T20:33:19.624+0000] {processor.py:183} INFO - Processing /home/airflow/.local/lib/python3.8/site-packages/airflow/example_dags/example_branch_operator.py took 0.114 seconds
[2025-11-16T20:33:50.168+0000] {processor.py:161} INFO - Started process (PID=2314) to work on /home/airflow/.local/lib/python3.8/site-packages/airflow/example_dags/example_branch_operator.py
[2025-11-16T20:33:50.169+0000] {processor.py:830} INFO - Processing file /home/airflow/.local/lib/python3.8/site-packages/airflow/example_dags/example_branch_operator.py for tasks to queue
[2025-11-16T20:33:50.171+0000] {logging_mixin.py:188} INFO - [2025-11-16T20:33:50.170+0000] {dagbag.py:538} INFO - Filling up the DagBag from /home/airflow/.local/lib/python3.8/site-packages/airflow/example_dags/example_branch_operator.py
[2025-11-16T20:33:50.193+0000] {processor.py:840} INFO - DAG(s) 'example_branch_operator' retrieved from /home/airflow/.local/lib/python3.8/site-packages/airflow/example_dags/example_branch_operator.py
[2025-11-16T20:33:50.236+0000] {logging_mixin.py:188} INFO - [2025-11-16T20:33:50.235+0000] {dag.py:3036} INFO - Sync 1 DAGs
[2025-11-16T20:33:50.263+0000] {logging_mixin.py:188} INFO - [2025-11-16T20:33:50.263+0000] {dag.py:3823} INFO - Setting next_dagrun for example_branch_operator to 2025-11-15 00:00:00+00:00, run_after=2025-11-16 00:00:00+00:00
[2025-11-16T20:33:50.295+0000] {processor.py:183} INFO - Processing /home/airflow/.local/lib/python3.8/site-packages/airflow/example_dags/example_branch_operator.py took 0.130 seconds
[2025-11-16T20:34:21.132+0000] {processor.py:161} INFO - Started process (PID=2396) to work on /home/airflow/.local/lib/python3.8/site-packages/airflow/example_dags/example_branch_operator.py
[2025-11-16T20:34:21.133+0000] {processor.py:830} INFO - Processing file /home/airflow/.local/lib/python3.8/site-packages/airflow/example_dags/example_branch_operator.py for tasks to queue
[2025-11-16T20:34:21.134+0000] {logging_mixin.py:188} INFO - [2025-11-16T20:34:21.134+0000] {dagbag.py:538} INFO - Filling up the DagBag from /home/airflow/.local/lib/python3.8/site-packages/airflow/example_dags/example_branch_operator.py
[2025-11-16T20:34:21.152+0000] {processor.py:840} INFO - DAG(s) 'example_branch_operator' retrieved from /home/airflow/.local/lib/python3.8/site-packages/airflow/example_dags/example_branch_operator.py
[2025-11-16T20:34:21.182+0000] {logging_mixin.py:188} INFO - [2025-11-16T20:34:21.181+0000] {dag.py:3036} INFO - Sync 1 DAGs
[2025-11-16T20:34:21.204+0000] {logging_mixin.py:188} INFO - [2025-11-16T20:34:21.204+0000] {dag.py:3823} INFO - Setting next_dagrun for example_branch_operator to 2025-11-15 00:00:00+00:00, run_after=2025-11-16 00:00:00+00:00
[2025-11-16T20:34:21.226+0000] {processor.py:183} INFO - Processing /home/airflow/.local/lib/python3.8/site-packages/airflow/example_dags/example_branch_operator.py took 0.097 seconds
[2025-11-16T20:34:51.763+0000] {processor.py:161} INFO - Started process (PID=2484) to work on /home/airflow/.local/lib/python3.8/site-packages/airflow/example_dags/example_branch_operator.py
[2025-11-16T20:34:51.764+0000] {processor.py:830} INFO - Processing file /home/airflow/.local/lib/python3.8/site-packages/airflow/example_dags/example_branch_operator.py for tasks to queue
[2025-11-16T20:34:51.766+0000] {logging_mixin.py:188} INFO - [2025-11-16T20:34:51.765+0000] {dagbag.py:538} INFO - Filling up the DagBag from /home/airflow/.local/lib/python3.8/site-packages/airflow/example_dags/example_branch_operator.py
[2025-11-16T20:34:51.792+0000] {processor.py:840} INFO - DAG(s) 'example_branch_operator' retrieved from /home/airflow/.local/lib/python3.8/site-packages/airflow/example_dags/example_branch_operator.py
[2025-11-16T20:34:51.840+0000] {logging_mixin.py:188} INFO - [2025-11-16T20:34:51.839+0000] {dag.py:3036} INFO - Sync 1 DAGs
[2025-11-16T20:34:51.867+0000] {logging_mixin.py:188} INFO - [2025-11-16T20:34:51.867+0000] {dag.py:3823} INFO - Setting next_dagrun for example_branch_operator to 2025-11-15 00:00:00+00:00, run_after=2025-11-16 00:00:00+00:00
[2025-11-16T20:34:51.894+0000] {processor.py:183} INFO - Processing /home/airflow/.local/lib/python3.8/site-packages/airflow/example_dags/example_branch_operator.py took 0.134 seconds
[2025-11-16T20:35:23.053+0000] {processor.py:161} INFO - Started process (PID=2573) to work on /home/airflow/.local/lib/python3.8/site-packages/airflow/example_dags/example_branch_operator.py
[2025-11-16T20:35:23.054+0000] {processor.py:830} INFO - Processing file /home/airflow/.local/lib/python3.8/site-packages/airflow/example_dags/example_branch_operator.py for tasks to queue
[2025-11-16T20:35:23.055+0000] {logging_mixin.py:188} INFO - [2025-11-16T20:35:23.055+0000] {dagbag.py:538} INFO - Filling up the DagBag from /home/airflow/.local/lib/python3.8/site-packages/airflow/example_dags/example_branch_operator.py
[2025-11-16T20:35:23.072+0000] {processor.py:840} INFO - DAG(s) 'example_branch_operator' retrieved from /home/airflow/.local/lib/python3.8/site-packages/airflow/example_dags/example_branch_operator.py
[2025-11-16T20:35:23.107+0000] {logging_mixin.py:188} INFO - [2025-11-16T20:35:23.106+0000] {dag.py:3036} INFO - Sync 1 DAGs
[2025-11-16T20:35:23.131+0000] {logging_mixin.py:188} INFO - [2025-11-16T20:35:23.131+0000] {dag.py:3823} INFO - Setting next_dagrun for example_branch_operator to 2025-11-15 00:00:00+00:00, run_after=2025-11-16 00:00:00+00:00
[2025-11-16T20:35:23.153+0000] {processor.py:183} INFO - Processing /home/airflow/.local/lib/python3.8/site-packages/airflow/example_dags/example_branch_operator.py took 0.103 seconds
[2025-11-16T20:35:53.963+0000] {processor.py:161} INFO - Started process (PID=2654) to work on /home/airflow/.local/lib/python3.8/site-packages/airflow/example_dags/example_branch_operator.py
[2025-11-16T20:35:53.964+0000] {processor.py:830} INFO - Processing file /home/airflow/.local/lib/python3.8/site-packages/airflow/example_dags/example_branch_operator.py for tasks to queue
[2025-11-16T20:35:53.965+0000] {logging_mixin.py:188} INFO - [2025-11-16T20:35:53.965+0000] {dagbag.py:538} INFO - Filling up the DagBag from /home/airflow/.local/lib/python3.8/site-packages/airflow/example_dags/example_branch_operator.py
[2025-11-16T20:35:53.985+0000] {processor.py:840} INFO - DAG(s) 'example_branch_operator' retrieved from /home/airflow/.local/lib/python3.8/site-packages/airflow/example_dags/example_branch_operator.py
[2025-11-16T20:35:54.021+0000] {logging_mixin.py:188} INFO - [2025-11-16T20:35:54.021+0000] {dag.py:3036} INFO - Sync 1 DAGs
[2025-11-16T20:35:54.048+0000] {logging_mixin.py:188} INFO - [2025-11-16T20:35:54.047+0000] {dag.py:3823} INFO - Setting next_dagrun for example_branch_operator to 2025-11-15 00:00:00+00:00, run_after=2025-11-16 00:00:00+00:00
[2025-11-16T20:35:54.075+0000] {processor.py:183} INFO - Processing /home/airflow/.local/lib/python3.8/site-packages/airflow/example_dags/example_branch_operator.py took 0.115 seconds
[2025-11-16T20:36:24.886+0000] {processor.py:161} INFO - Started process (PID=2741) to work on /home/airflow/.local/lib/python3.8/site-packages/airflow/example_dags/example_branch_operator.py
[2025-11-16T20:36:24.887+0000] {processor.py:830} INFO - Processing file /home/airflow/.local/lib/python3.8/site-packages/airflow/example_dags/example_branch_operator.py for tasks to queue
[2025-11-16T20:36:24.889+0000] {logging_mixin.py:188} INFO - [2025-11-16T20:36:24.888+0000] {dagbag.py:538} INFO - Filling up the DagBag from /home/airflow/.local/lib/python3.8/site-packages/airflow/example_dags/example_branch_operator.py
[2025-11-16T20:36:24.912+0000] {processor.py:840} INFO - DAG(s) 'example_branch_operator' retrieved from /home/airflow/.local/lib/python3.8/site-packages/airflow/example_dags/example_branch_operator.py
[2025-11-16T20:36:24.955+0000] {logging_mixin.py:188} INFO - [2025-11-16T20:36:24.955+0000] {dag.py:3036} INFO - Sync 1 DAGs
[2025-11-16T20:36:24.985+0000] {logging_mixin.py:188} INFO - [2025-11-16T20:36:24.985+0000] {dag.py:3823} INFO - Setting next_dagrun for example_branch_operator to 2025-11-15 00:00:00+00:00, run_after=2025-11-16 00:00:00+00:00
[2025-11-16T20:36:25.011+0000] {processor.py:183} INFO - Processing /home/airflow/.local/lib/python3.8/site-packages/airflow/example_dags/example_branch_operator.py took 0.128 seconds
[2025-11-16T20:36:56.829+0000] {processor.py:161} INFO - Started process (PID=2827) to work on /home/airflow/.local/lib/python3.8/site-packages/airflow/example_dags/example_branch_operator.py
[2025-11-16T20:36:56.830+0000] {processor.py:830} INFO - Processing file /home/airflow/.local/lib/python3.8/site-packages/airflow/example_dags/example_branch_operator.py for tasks to queue
[2025-11-16T20:36:56.831+0000] {logging_mixin.py:188} INFO - [2025-11-16T20:36:56.831+0000] {dagbag.py:538} INFO - Filling up the DagBag from /home/airflow/.local/lib/python3.8/site-packages/airflow/example_dags/example_branch_operator.py
[2025-11-16T20:36:56.865+0000] {processor.py:840} INFO - DAG(s) 'example_branch_operator' retrieved from /home/airflow/.local/lib/python3.8/site-packages/airflow/example_dags/example_branch_operator.py
[2025-11-16T20:36:56.914+0000] {logging_mixin.py:188} INFO - [2025-11-16T20:36:56.912+0000] {dag.py:3036} INFO - Sync 1 DAGs
[2025-11-16T20:36:56.952+0000] {logging_mixin.py:188} INFO - [2025-11-16T20:36:56.952+0000] {dag.py:3823} INFO - Setting next_dagrun for example_branch_operator to 2025-11-15 00:00:00+00:00, run_after=2025-11-16 00:00:00+00:00
[2025-11-16T20:36:56.988+0000] {processor.py:183} INFO - Processing /home/airflow/.local/lib/python3.8/site-packages/airflow/example_dags/example_branch_operator.py took 0.165 seconds
[2025-11-16T20:37:33.987+0000] {processor.py:161} INFO - Started process (PID=2898) to work on /home/airflow/.local/lib/python3.8/site-packages/airflow/example_dags/example_branch_operator.py
[2025-11-16T20:37:33.988+0000] {processor.py:830} INFO - Processing file /home/airflow/.local/lib/python3.8/site-packages/airflow/example_dags/example_branch_operator.py for tasks to queue
[2025-11-16T20:37:33.992+0000] {logging_mixin.py:188} INFO - [2025-11-16T20:37:33.991+0000] {dagbag.py:538} INFO - Filling up the DagBag from /home/airflow/.local/lib/python3.8/site-packages/airflow/example_dags/example_branch_operator.py
[2025-11-16T20:37:34.016+0000] {processor.py:840} INFO - DAG(s) 'example_branch_operator' retrieved from /home/airflow/.local/lib/python3.8/site-packages/airflow/example_dags/example_branch_operator.py
[2025-11-16T20:37:34.064+0000] {logging_mixin.py:188} INFO - [2025-11-16T20:37:34.064+0000] {dag.py:3036} INFO - Sync 1 DAGs
[2025-11-16T20:37:34.098+0000] {logging_mixin.py:188} INFO - [2025-11-16T20:37:34.098+0000] {dag.py:3823} INFO - Setting next_dagrun for example_branch_operator to 2025-11-15 00:00:00+00:00, run_after=2025-11-16 00:00:00+00:00
[2025-11-16T20:37:34.129+0000] {processor.py:183} INFO - Processing /home/airflow/.local/lib/python3.8/site-packages/airflow/example_dags/example_branch_operator.py took 0.145 seconds
[2025-11-16T20:38:04.775+0000] {processor.py:161} INFO - Started process (PID=2979) to work on /home/airflow/.local/lib/python3.8/site-packages/airflow/example_dags/example_branch_operator.py
[2025-11-16T20:38:04.776+0000] {processor.py:830} INFO - Processing file /home/airflow/.local/lib/python3.8/site-packages/airflow/example_dags/example_branch_operator.py for tasks to queue
[2025-11-16T20:38:04.778+0000] {logging_mixin.py:188} INFO - [2025-11-16T20:38:04.777+0000] {dagbag.py:538} INFO - Filling up the DagBag from /home/airflow/.local/lib/python3.8/site-packages/airflow/example_dags/example_branch_operator.py
[2025-11-16T20:38:04.819+0000] {processor.py:840} INFO - DAG(s) 'example_branch_operator' retrieved from /home/airflow/.local/lib/python3.8/site-packages/airflow/example_dags/example_branch_operator.py
[2025-11-16T20:38:04.877+0000] {logging_mixin.py:188} INFO - [2025-11-16T20:38:04.877+0000] {dag.py:3036} INFO - Sync 1 DAGs
[2025-11-16T20:38:04.921+0000] {logging_mixin.py:188} INFO - [2025-11-16T20:38:04.921+0000] {dag.py:3823} INFO - Setting next_dagrun for example_branch_operator to 2025-11-15 00:00:00+00:00, run_after=2025-11-16 00:00:00+00:00
[2025-11-16T20:38:04.958+0000] {processor.py:183} INFO - Processing /home/airflow/.local/lib/python3.8/site-packages/airflow/example_dags/example_branch_operator.py took 0.190 seconds
[2025-11-16T20:38:35.088+0000] {processor.py:161} INFO - Started process (PID=3060) to work on /home/airflow/.local/lib/python3.8/site-packages/airflow/example_dags/example_branch_operator.py
[2025-11-16T20:38:35.091+0000] {processor.py:830} INFO - Processing file /home/airflow/.local/lib/python3.8/site-packages/airflow/example_dags/example_branch_operator.py for tasks to queue
[2025-11-16T20:38:35.094+0000] {logging_mixin.py:188} INFO - [2025-11-16T20:38:35.093+0000] {dagbag.py:538} INFO - Filling up the DagBag from /home/airflow/.local/lib/python3.8/site-packages/airflow/example_dags/example_branch_operator.py
[2025-11-16T20:38:35.121+0000] {processor.py:840} INFO - DAG(s) 'example_branch_operator' retrieved from /home/airflow/.local/lib/python3.8/site-packages/airflow/example_dags/example_branch_operator.py
[2025-11-16T20:38:35.169+0000] {logging_mixin.py:188} INFO - [2025-11-16T20:38:35.168+0000] {dag.py:3036} INFO - Sync 1 DAGs
[2025-11-16T20:38:35.198+0000] {logging_mixin.py:188} INFO - [2025-11-16T20:38:35.198+0000] {dag.py:3823} INFO - Setting next_dagrun for example_branch_operator to 2025-11-15 00:00:00+00:00, run_after=2025-11-16 00:00:00+00:00
[2025-11-16T20:38:35.427+0000] {processor.py:183} INFO - Processing /home/airflow/.local/lib/python3.8/site-packages/airflow/example_dags/example_branch_operator.py took 0.342 seconds
[2025-11-16T20:39:23.438+0000] {processor.py:161} INFO - Started process (PID=3151) to work on /home/airflow/.local/lib/python3.8/site-packages/airflow/example_dags/example_branch_operator.py
[2025-11-16T20:39:23.439+0000] {processor.py:830} INFO - Processing file /home/airflow/.local/lib/python3.8/site-packages/airflow/example_dags/example_branch_operator.py for tasks to queue
[2025-11-16T20:39:23.440+0000] {logging_mixin.py:188} INFO - [2025-11-16T20:39:23.440+0000] {dagbag.py:538} INFO - Filling up the DagBag from /home/airflow/.local/lib/python3.8/site-packages/airflow/example_dags/example_branch_operator.py
[2025-11-16T20:39:23.467+0000] {processor.py:840} INFO - DAG(s) 'example_branch_operator' retrieved from /home/airflow/.local/lib/python3.8/site-packages/airflow/example_dags/example_branch_operator.py
[2025-11-16T20:39:23.515+0000] {logging_mixin.py:188} INFO - [2025-11-16T20:39:23.515+0000] {dag.py:3036} INFO - Sync 1 DAGs
[2025-11-16T20:39:23.554+0000] {logging_mixin.py:188} INFO - [2025-11-16T20:39:23.553+0000] {dag.py:3823} INFO - Setting next_dagrun for example_branch_operator to 2025-11-15 00:00:00+00:00, run_after=2025-11-16 00:00:00+00:00
[2025-11-16T20:39:23.590+0000] {processor.py:183} INFO - Processing /home/airflow/.local/lib/python3.8/site-packages/airflow/example_dags/example_branch_operator.py took 0.156 seconds
[2025-11-16T20:39:54.580+0000] {processor.py:161} INFO - Started process (PID=3243) to work on /home/airflow/.local/lib/python3.8/site-packages/airflow/example_dags/example_branch_operator.py
[2025-11-16T20:39:54.581+0000] {processor.py:830} INFO - Processing file /home/airflow/.local/lib/python3.8/site-packages/airflow/example_dags/example_branch_operator.py for tasks to queue
[2025-11-16T20:39:54.582+0000] {logging_mixin.py:188} INFO - [2025-11-16T20:39:54.582+0000] {dagbag.py:538} INFO - Filling up the DagBag from /home/airflow/.local/lib/python3.8/site-packages/airflow/example_dags/example_branch_operator.py
[2025-11-16T20:39:54.607+0000] {processor.py:840} INFO - DAG(s) 'example_branch_operator' retrieved from /home/airflow/.local/lib/python3.8/site-packages/airflow/example_dags/example_branch_operator.py
[2025-11-16T20:39:54.652+0000] {logging_mixin.py:188} INFO - [2025-11-16T20:39:54.652+0000] {dag.py:3036} INFO - Sync 1 DAGs
[2025-11-16T20:39:54.685+0000] {logging_mixin.py:188} INFO - [2025-11-16T20:39:54.685+0000] {dag.py:3823} INFO - Setting next_dagrun for example_branch_operator to 2025-11-15 00:00:00+00:00, run_after=2025-11-16 00:00:00+00:00
[2025-11-16T20:39:54.720+0000] {processor.py:183} INFO - Processing /home/airflow/.local/lib/python3.8/site-packages/airflow/example_dags/example_branch_operator.py took 0.146 seconds
[2025-11-16T20:42:27.905+0000] {processor.py:161} INFO - Started process (PID=161) to work on /home/airflow/.local/lib/python3.8/site-packages/airflow/example_dags/example_branch_operator.py
[2025-11-16T20:42:27.910+0000] {processor.py:830} INFO - Processing file /home/airflow/.local/lib/python3.8/site-packages/airflow/example_dags/example_branch_operator.py for tasks to queue
[2025-11-16T20:42:27.918+0000] {logging_mixin.py:188} INFO - [2025-11-16T20:42:27.917+0000] {dagbag.py:538} INFO - Filling up the DagBag from /home/airflow/.local/lib/python3.8/site-packages/airflow/example_dags/example_branch_operator.py
[2025-11-16T20:42:27.959+0000] {processor.py:840} INFO - DAG(s) 'example_branch_operator' retrieved from /home/airflow/.local/lib/python3.8/site-packages/airflow/example_dags/example_branch_operator.py
[2025-11-16T20:42:28.131+0000] {logging_mixin.py:188} INFO - [2025-11-16T20:42:28.130+0000] {dag.py:3036} INFO - Sync 1 DAGs
[2025-11-16T20:42:28.165+0000] {logging_mixin.py:188} INFO - [2025-11-16T20:42:28.165+0000] {dag.py:3823} INFO - Setting next_dagrun for example_branch_operator to 2025-11-15 00:00:00+00:00, run_after=2025-11-16 00:00:00+00:00
[2025-11-16T20:42:28.198+0000] {processor.py:183} INFO - Processing /home/airflow/.local/lib/python3.8/site-packages/airflow/example_dags/example_branch_operator.py took 0.298 seconds
[2025-11-16T20:43:05.077+0000] {processor.py:161} INFO - Started process (PID=235) to work on /home/airflow/.local/lib/python3.8/site-packages/airflow/example_dags/example_branch_operator.py
[2025-11-16T20:43:05.078+0000] {processor.py:830} INFO - Processing file /home/airflow/.local/lib/python3.8/site-packages/airflow/example_dags/example_branch_operator.py for tasks to queue
[2025-11-16T20:43:05.079+0000] {logging_mixin.py:188} INFO - [2025-11-16T20:43:05.079+0000] {dagbag.py:538} INFO - Filling up the DagBag from /home/airflow/.local/lib/python3.8/site-packages/airflow/example_dags/example_branch_operator.py
[2025-11-16T20:43:05.105+0000] {processor.py:840} INFO - DAG(s) 'example_branch_operator' retrieved from /home/airflow/.local/lib/python3.8/site-packages/airflow/example_dags/example_branch_operator.py
[2025-11-16T20:43:05.144+0000] {logging_mixin.py:188} INFO - [2025-11-16T20:43:05.143+0000] {dag.py:3036} INFO - Sync 1 DAGs
[2025-11-16T20:43:05.180+0000] {logging_mixin.py:188} INFO - [2025-11-16T20:43:05.179+0000] {dag.py:3823} INFO - Setting next_dagrun for example_branch_operator to 2025-11-15 00:00:00+00:00, run_after=2025-11-16 00:00:00+00:00
[2025-11-16T20:43:05.213+0000] {processor.py:183} INFO - Processing /home/airflow/.local/lib/python3.8/site-packages/airflow/example_dags/example_branch_operator.py took 0.141 seconds
[2025-11-16T20:43:35.771+0000] {processor.py:161} INFO - Started process (PID=316) to work on /home/airflow/.local/lib/python3.8/site-packages/airflow/example_dags/example_branch_operator.py
[2025-11-16T20:43:35.773+0000] {processor.py:830} INFO - Processing file /home/airflow/.local/lib/python3.8/site-packages/airflow/example_dags/example_branch_operator.py for tasks to queue
[2025-11-16T20:43:35.774+0000] {logging_mixin.py:188} INFO - [2025-11-16T20:43:35.774+0000] {dagbag.py:538} INFO - Filling up the DagBag from /home/airflow/.local/lib/python3.8/site-packages/airflow/example_dags/example_branch_operator.py
[2025-11-16T20:43:35.799+0000] {processor.py:840} INFO - DAG(s) 'example_branch_operator' retrieved from /home/airflow/.local/lib/python3.8/site-packages/airflow/example_dags/example_branch_operator.py
[2025-11-16T20:43:35.847+0000] {logging_mixin.py:188} INFO - [2025-11-16T20:43:35.847+0000] {dag.py:3036} INFO - Sync 1 DAGs
[2025-11-16T20:43:35.883+0000] {logging_mixin.py:188} INFO - [2025-11-16T20:43:35.883+0000] {dag.py:3823} INFO - Setting next_dagrun for example_branch_operator to 2025-11-15 00:00:00+00:00, run_after=2025-11-16 00:00:00+00:00
[2025-11-16T20:43:35.907+0000] {processor.py:183} INFO - Processing /home/airflow/.local/lib/python3.8/site-packages/airflow/example_dags/example_branch_operator.py took 0.139 seconds
[2025-11-16T20:44:06.060+0000] {processor.py:161} INFO - Started process (PID=404) to work on /home/airflow/.local/lib/python3.8/site-packages/airflow/example_dags/example_branch_operator.py
[2025-11-16T20:44:06.061+0000] {processor.py:830} INFO - Processing file /home/airflow/.local/lib/python3.8/site-packages/airflow/example_dags/example_branch_operator.py for tasks to queue
[2025-11-16T20:44:06.062+0000] {logging_mixin.py:188} INFO - [2025-11-16T20:44:06.062+0000] {dagbag.py:538} INFO - Filling up the DagBag from /home/airflow/.local/lib/python3.8/site-packages/airflow/example_dags/example_branch_operator.py
[2025-11-16T20:44:06.079+0000] {processor.py:840} INFO - DAG(s) 'example_branch_operator' retrieved from /home/airflow/.local/lib/python3.8/site-packages/airflow/example_dags/example_branch_operator.py
[2025-11-16T20:44:06.109+0000] {logging_mixin.py:188} INFO - [2025-11-16T20:44:06.109+0000] {dag.py:3036} INFO - Sync 1 DAGs
[2025-11-16T20:44:06.130+0000] {logging_mixin.py:188} INFO - [2025-11-16T20:44:06.130+0000] {dag.py:3823} INFO - Setting next_dagrun for example_branch_operator to 2025-11-15 00:00:00+00:00, run_after=2025-11-16 00:00:00+00:00
[2025-11-16T20:44:06.150+0000] {processor.py:183} INFO - Processing /home/airflow/.local/lib/python3.8/site-packages/airflow/example_dags/example_branch_operator.py took 0.094 seconds
[2025-11-16T20:44:37.009+0000] {processor.py:161} INFO - Started process (PID=485) to work on /home/airflow/.local/lib/python3.8/site-packages/airflow/example_dags/example_branch_operator.py
[2025-11-16T20:44:37.010+0000] {processor.py:830} INFO - Processing file /home/airflow/.local/lib/python3.8/site-packages/airflow/example_dags/example_branch_operator.py for tasks to queue
[2025-11-16T20:44:37.012+0000] {logging_mixin.py:188} INFO - [2025-11-16T20:44:37.012+0000] {dagbag.py:538} INFO - Filling up the DagBag from /home/airflow/.local/lib/python3.8/site-packages/airflow/example_dags/example_branch_operator.py
[2025-11-16T20:44:37.031+0000] {processor.py:840} INFO - DAG(s) 'example_branch_operator' retrieved from /home/airflow/.local/lib/python3.8/site-packages/airflow/example_dags/example_branch_operator.py
[2025-11-16T20:44:37.064+0000] {logging_mixin.py:188} INFO - [2025-11-16T20:44:37.063+0000] {dag.py:3036} INFO - Sync 1 DAGs
[2025-11-16T20:44:37.095+0000] {logging_mixin.py:188} INFO - [2025-11-16T20:44:37.095+0000] {dag.py:3823} INFO - Setting next_dagrun for example_branch_operator to 2025-11-15 00:00:00+00:00, run_after=2025-11-16 00:00:00+00:00
[2025-11-16T20:44:37.117+0000] {processor.py:183} INFO - Processing /home/airflow/.local/lib/python3.8/site-packages/airflow/example_dags/example_branch_operator.py took 0.111 seconds
[2025-11-16T20:45:07.659+0000] {processor.py:161} INFO - Started process (PID=582) to work on /home/airflow/.local/lib/python3.8/site-packages/airflow/example_dags/example_branch_operator.py
[2025-11-16T20:45:07.660+0000] {processor.py:830} INFO - Processing file /home/airflow/.local/lib/python3.8/site-packages/airflow/example_dags/example_branch_operator.py for tasks to queue
[2025-11-16T20:45:07.662+0000] {logging_mixin.py:188} INFO - [2025-11-16T20:45:07.661+0000] {dagbag.py:538} INFO - Filling up the DagBag from /home/airflow/.local/lib/python3.8/site-packages/airflow/example_dags/example_branch_operator.py
[2025-11-16T20:45:07.693+0000] {processor.py:840} INFO - DAG(s) 'example_branch_operator' retrieved from /home/airflow/.local/lib/python3.8/site-packages/airflow/example_dags/example_branch_operator.py
[2025-11-16T20:45:07.751+0000] {logging_mixin.py:188} INFO - [2025-11-16T20:45:07.750+0000] {dag.py:3036} INFO - Sync 1 DAGs
[2025-11-16T20:45:07.788+0000] {logging_mixin.py:188} INFO - [2025-11-16T20:45:07.788+0000] {dag.py:3823} INFO - Setting next_dagrun for example_branch_operator to 2025-11-15 00:00:00+00:00, run_after=2025-11-16 00:00:00+00:00
[2025-11-16T20:45:07.818+0000] {processor.py:183} INFO - Processing /home/airflow/.local/lib/python3.8/site-packages/airflow/example_dags/example_branch_operator.py took 0.163 seconds
[2025-11-16T20:45:38.073+0000] {processor.py:161} INFO - Started process (PID=664) to work on /home/airflow/.local/lib/python3.8/site-packages/airflow/example_dags/example_branch_operator.py
[2025-11-16T20:45:38.074+0000] {processor.py:830} INFO - Processing file /home/airflow/.local/lib/python3.8/site-packages/airflow/example_dags/example_branch_operator.py for tasks to queue
[2025-11-16T20:45:38.075+0000] {logging_mixin.py:188} INFO - [2025-11-16T20:45:38.075+0000] {dagbag.py:538} INFO - Filling up the DagBag from /home/airflow/.local/lib/python3.8/site-packages/airflow/example_dags/example_branch_operator.py
[2025-11-16T20:45:38.099+0000] {processor.py:840} INFO - DAG(s) 'example_branch_operator' retrieved from /home/airflow/.local/lib/python3.8/site-packages/airflow/example_dags/example_branch_operator.py
[2025-11-16T20:45:38.142+0000] {logging_mixin.py:188} INFO - [2025-11-16T20:45:38.142+0000] {dag.py:3036} INFO - Sync 1 DAGs
[2025-11-16T20:45:38.174+0000] {logging_mixin.py:188} INFO - [2025-11-16T20:45:38.173+0000] {dag.py:3823} INFO - Setting next_dagrun for example_branch_operator to 2025-11-15 00:00:00+00:00, run_after=2025-11-16 00:00:00+00:00
[2025-11-16T20:45:38.198+0000] {processor.py:183} INFO - Processing /home/airflow/.local/lib/python3.8/site-packages/airflow/example_dags/example_branch_operator.py took 0.129 seconds
[2025-11-16T20:46:08.507+0000] {processor.py:161} INFO - Started process (PID=745) to work on /home/airflow/.local/lib/python3.8/site-packages/airflow/example_dags/example_branch_operator.py
[2025-11-16T20:46:08.508+0000] {processor.py:830} INFO - Processing file /home/airflow/.local/lib/python3.8/site-packages/airflow/example_dags/example_branch_operator.py for tasks to queue
[2025-11-16T20:46:08.509+0000] {logging_mixin.py:188} INFO - [2025-11-16T20:46:08.509+0000] {dagbag.py:538} INFO - Filling up the DagBag from /home/airflow/.local/lib/python3.8/site-packages/airflow/example_dags/example_branch_operator.py
[2025-11-16T20:46:08.529+0000] {processor.py:840} INFO - DAG(s) 'example_branch_operator' retrieved from /home/airflow/.local/lib/python3.8/site-packages/airflow/example_dags/example_branch_operator.py
[2025-11-16T20:46:08.561+0000] {logging_mixin.py:188} INFO - [2025-11-16T20:46:08.561+0000] {dag.py:3036} INFO - Sync 1 DAGs
[2025-11-16T20:46:08.586+0000] {logging_mixin.py:188} INFO - [2025-11-16T20:46:08.586+0000] {dag.py:3823} INFO - Setting next_dagrun for example_branch_operator to 2025-11-15 00:00:00+00:00, run_after=2025-11-16 00:00:00+00:00
[2025-11-16T20:46:08.612+0000] {processor.py:183} INFO - Processing /home/airflow/.local/lib/python3.8/site-packages/airflow/example_dags/example_branch_operator.py took 0.108 seconds
[2025-11-16T20:46:39.074+0000] {processor.py:161} INFO - Started process (PID=841) to work on /home/airflow/.local/lib/python3.8/site-packages/airflow/example_dags/example_branch_operator.py
[2025-11-16T20:46:39.076+0000] {processor.py:830} INFO - Processing file /home/airflow/.local/lib/python3.8/site-packages/airflow/example_dags/example_branch_operator.py for tasks to queue
[2025-11-16T20:46:39.077+0000] {logging_mixin.py:188} INFO - [2025-11-16T20:46:39.076+0000] {dagbag.py:538} INFO - Filling up the DagBag from /home/airflow/.local/lib/python3.8/site-packages/airflow/example_dags/example_branch_operator.py
[2025-11-16T20:46:39.094+0000] {processor.py:840} INFO - DAG(s) 'example_branch_operator' retrieved from /home/airflow/.local/lib/python3.8/site-packages/airflow/example_dags/example_branch_operator.py
[2025-11-16T20:46:39.126+0000] {logging_mixin.py:188} INFO - [2025-11-16T20:46:39.126+0000] {dag.py:3036} INFO - Sync 1 DAGs
[2025-11-16T20:46:39.147+0000] {logging_mixin.py:188} INFO - [2025-11-16T20:46:39.147+0000] {dag.py:3823} INFO - Setting next_dagrun for example_branch_operator to 2025-11-15 00:00:00+00:00, run_after=2025-11-16 00:00:00+00:00
[2025-11-16T20:46:39.166+0000] {processor.py:183} INFO - Processing /home/airflow/.local/lib/python3.8/site-packages/airflow/example_dags/example_branch_operator.py took 0.095 seconds
[2025-11-16T20:47:09.441+0000] {processor.py:161} INFO - Started process (PID=922) to work on /home/airflow/.local/lib/python3.8/site-packages/airflow/example_dags/example_branch_operator.py
[2025-11-16T20:47:09.442+0000] {processor.py:830} INFO - Processing file /home/airflow/.local/lib/python3.8/site-packages/airflow/example_dags/example_branch_operator.py for tasks to queue
[2025-11-16T20:47:09.443+0000] {logging_mixin.py:188} INFO - [2025-11-16T20:47:09.443+0000] {dagbag.py:538} INFO - Filling up the DagBag from /home/airflow/.local/lib/python3.8/site-packages/airflow/example_dags/example_branch_operator.py
[2025-11-16T20:47:09.459+0000] {processor.py:840} INFO - DAG(s) 'example_branch_operator' retrieved from /home/airflow/.local/lib/python3.8/site-packages/airflow/example_dags/example_branch_operator.py
[2025-11-16T20:47:09.492+0000] {logging_mixin.py:188} INFO - [2025-11-16T20:47:09.491+0000] {dag.py:3036} INFO - Sync 1 DAGs
[2025-11-16T20:47:09.513+0000] {logging_mixin.py:188} INFO - [2025-11-16T20:47:09.513+0000] {dag.py:3823} INFO - Setting next_dagrun for example_branch_operator to 2025-11-15 00:00:00+00:00, run_after=2025-11-16 00:00:00+00:00
[2025-11-16T20:47:09.535+0000] {processor.py:183} INFO - Processing /home/airflow/.local/lib/python3.8/site-packages/airflow/example_dags/example_branch_operator.py took 0.097 seconds
[2025-11-16T20:47:40.304+0000] {processor.py:161} INFO - Started process (PID=1018) to work on /home/airflow/.local/lib/python3.8/site-packages/airflow/example_dags/example_branch_operator.py
[2025-11-16T20:47:40.305+0000] {processor.py:830} INFO - Processing file /home/airflow/.local/lib/python3.8/site-packages/airflow/example_dags/example_branch_operator.py for tasks to queue
[2025-11-16T20:47:40.307+0000] {logging_mixin.py:188} INFO - [2025-11-16T20:47:40.306+0000] {dagbag.py:538} INFO - Filling up the DagBag from /home/airflow/.local/lib/python3.8/site-packages/airflow/example_dags/example_branch_operator.py
[2025-11-16T20:47:40.324+0000] {processor.py:840} INFO - DAG(s) 'example_branch_operator' retrieved from /home/airflow/.local/lib/python3.8/site-packages/airflow/example_dags/example_branch_operator.py
[2025-11-16T20:47:40.372+0000] {logging_mixin.py:188} INFO - [2025-11-16T20:47:40.371+0000] {dag.py:3036} INFO - Sync 1 DAGs
[2025-11-16T20:47:40.404+0000] {logging_mixin.py:188} INFO - [2025-11-16T20:47:40.403+0000] {dag.py:3823} INFO - Setting next_dagrun for example_branch_operator to 2025-11-15 00:00:00+00:00, run_after=2025-11-16 00:00:00+00:00
[2025-11-16T20:47:40.431+0000] {processor.py:183} INFO - Processing /home/airflow/.local/lib/python3.8/site-packages/airflow/example_dags/example_branch_operator.py took 0.130 seconds
[2025-11-16T20:48:10.694+0000] {processor.py:161} INFO - Started process (PID=1098) to work on /home/airflow/.local/lib/python3.8/site-packages/airflow/example_dags/example_branch_operator.py
[2025-11-16T20:48:10.695+0000] {processor.py:830} INFO - Processing file /home/airflow/.local/lib/python3.8/site-packages/airflow/example_dags/example_branch_operator.py for tasks to queue
[2025-11-16T20:48:10.696+0000] {logging_mixin.py:188} INFO - [2025-11-16T20:48:10.696+0000] {dagbag.py:538} INFO - Filling up the DagBag from /home/airflow/.local/lib/python3.8/site-packages/airflow/example_dags/example_branch_operator.py
[2025-11-16T20:48:10.714+0000] {processor.py:840} INFO - DAG(s) 'example_branch_operator' retrieved from /home/airflow/.local/lib/python3.8/site-packages/airflow/example_dags/example_branch_operator.py
[2025-11-16T20:48:10.750+0000] {logging_mixin.py:188} INFO - [2025-11-16T20:48:10.749+0000] {dag.py:3036} INFO - Sync 1 DAGs
[2025-11-16T20:48:10.772+0000] {logging_mixin.py:188} INFO - [2025-11-16T20:48:10.771+0000] {dag.py:3823} INFO - Setting next_dagrun for example_branch_operator to 2025-11-15 00:00:00+00:00, run_after=2025-11-16 00:00:00+00:00
[2025-11-16T20:48:10.793+0000] {processor.py:183} INFO - Processing /home/airflow/.local/lib/python3.8/site-packages/airflow/example_dags/example_branch_operator.py took 0.103 seconds
[2025-11-16T20:48:41.979+0000] {processor.py:161} INFO - Started process (PID=1179) to work on /home/airflow/.local/lib/python3.8/site-packages/airflow/example_dags/example_branch_operator.py
[2025-11-16T20:48:41.980+0000] {processor.py:830} INFO - Processing file /home/airflow/.local/lib/python3.8/site-packages/airflow/example_dags/example_branch_operator.py for tasks to queue
[2025-11-16T20:48:41.981+0000] {logging_mixin.py:188} INFO - [2025-11-16T20:48:41.981+0000] {dagbag.py:538} INFO - Filling up the DagBag from /home/airflow/.local/lib/python3.8/site-packages/airflow/example_dags/example_branch_operator.py
[2025-11-16T20:48:42.004+0000] {processor.py:840} INFO - DAG(s) 'example_branch_operator' retrieved from /home/airflow/.local/lib/python3.8/site-packages/airflow/example_dags/example_branch_operator.py
[2025-11-16T20:48:42.059+0000] {logging_mixin.py:188} INFO - [2025-11-16T20:48:42.058+0000] {dag.py:3036} INFO - Sync 1 DAGs
[2025-11-16T20:48:42.103+0000] {logging_mixin.py:188} INFO - [2025-11-16T20:48:42.103+0000] {dag.py:3823} INFO - Setting next_dagrun for example_branch_operator to 2025-11-15 00:00:00+00:00, run_after=2025-11-16 00:00:00+00:00
[2025-11-16T20:48:42.140+0000] {processor.py:183} INFO - Processing /home/airflow/.local/lib/python3.8/site-packages/airflow/example_dags/example_branch_operator.py took 0.164 seconds
[2025-11-16T20:49:18.976+0000] {processor.py:161} INFO - Started process (PID=1260) to work on /home/airflow/.local/lib/python3.8/site-packages/airflow/example_dags/example_branch_operator.py
[2025-11-16T20:49:18.978+0000] {processor.py:830} INFO - Processing file /home/airflow/.local/lib/python3.8/site-packages/airflow/example_dags/example_branch_operator.py for tasks to queue
[2025-11-16T20:49:18.986+0000] {logging_mixin.py:188} INFO - [2025-11-16T20:49:18.986+0000] {dagbag.py:538} INFO - Filling up the DagBag from /home/airflow/.local/lib/python3.8/site-packages/airflow/example_dags/example_branch_operator.py
[2025-11-16T20:49:19.044+0000] {processor.py:840} INFO - DAG(s) 'example_branch_operator' retrieved from /home/airflow/.local/lib/python3.8/site-packages/airflow/example_dags/example_branch_operator.py
[2025-11-16T20:49:19.112+0000] {logging_mixin.py:188} INFO - [2025-11-16T20:49:19.111+0000] {dag.py:3036} INFO - Sync 1 DAGs
[2025-11-16T20:49:19.168+0000] {logging_mixin.py:188} INFO - [2025-11-16T20:49:19.168+0000] {dag.py:3823} INFO - Setting next_dagrun for example_branch_operator to 2025-11-15 00:00:00+00:00, run_after=2025-11-16 00:00:00+00:00
[2025-11-16T20:49:19.220+0000] {processor.py:183} INFO - Processing /home/airflow/.local/lib/python3.8/site-packages/airflow/example_dags/example_branch_operator.py took 0.266 seconds
[2025-11-16T20:50:07.052+0000] {processor.py:161} INFO - Started process (PID=1339) to work on /home/airflow/.local/lib/python3.8/site-packages/airflow/example_dags/example_branch_operator.py
[2025-11-16T20:50:07.053+0000] {processor.py:830} INFO - Processing file /home/airflow/.local/lib/python3.8/site-packages/airflow/example_dags/example_branch_operator.py for tasks to queue
[2025-11-16T20:50:07.055+0000] {logging_mixin.py:188} INFO - [2025-11-16T20:50:07.055+0000] {dagbag.py:538} INFO - Filling up the DagBag from /home/airflow/.local/lib/python3.8/site-packages/airflow/example_dags/example_branch_operator.py
[2025-11-16T20:50:07.089+0000] {processor.py:840} INFO - DAG(s) 'example_branch_operator' retrieved from /home/airflow/.local/lib/python3.8/site-packages/airflow/example_dags/example_branch_operator.py
[2025-11-16T20:50:07.143+0000] {logging_mixin.py:188} INFO - [2025-11-16T20:50:07.143+0000] {dag.py:3036} INFO - Sync 1 DAGs
[2025-11-16T20:50:07.187+0000] {logging_mixin.py:188} INFO - [2025-11-16T20:50:07.186+0000] {dag.py:3823} INFO - Setting next_dagrun for example_branch_operator to 2025-11-15 00:00:00+00:00, run_after=2025-11-16 00:00:00+00:00
[2025-11-16T20:50:07.229+0000] {processor.py:183} INFO - Processing /home/airflow/.local/lib/python3.8/site-packages/airflow/example_dags/example_branch_operator.py took 0.183 seconds
[2025-11-16T23:16:21.881+0000] {processor.py:161} INFO - Started process (PID=1436) to work on /home/airflow/.local/lib/python3.8/site-packages/airflow/example_dags/example_branch_operator.py
[2025-11-16T23:16:21.882+0000] {processor.py:830} INFO - Processing file /home/airflow/.local/lib/python3.8/site-packages/airflow/example_dags/example_branch_operator.py for tasks to queue
[2025-11-16T23:16:21.885+0000] {logging_mixin.py:188} INFO - [2025-11-16T23:16:21.883+0000] {dagbag.py:538} INFO - Filling up the DagBag from /home/airflow/.local/lib/python3.8/site-packages/airflow/example_dags/example_branch_operator.py
[2025-11-16T23:16:21.945+0000] {processor.py:840} INFO - DAG(s) 'example_branch_operator' retrieved from /home/airflow/.local/lib/python3.8/site-packages/airflow/example_dags/example_branch_operator.py
[2025-11-16T23:16:22.050+0000] {logging_mixin.py:188} INFO - [2025-11-16T23:16:22.049+0000] {dag.py:3036} INFO - Sync 1 DAGs
[2025-11-16T23:16:22.121+0000] {logging_mixin.py:188} INFO - [2025-11-16T23:16:22.120+0000] {dag.py:3823} INFO - Setting next_dagrun for example_branch_operator to 2025-11-15 00:00:00+00:00, run_after=2025-11-16 00:00:00+00:00
[2025-11-16T23:16:22.187+0000] {processor.py:183} INFO - Processing /home/airflow/.local/lib/python3.8/site-packages/airflow/example_dags/example_branch_operator.py took 0.318 seconds
[2025-11-16T23:16:52.300+0000] {processor.py:161} INFO - Started process (PID=1511) to work on /home/airflow/.local/lib/python3.8/site-packages/airflow/example_dags/example_branch_operator.py
[2025-11-16T23:16:52.301+0000] {processor.py:830} INFO - Processing file /home/airflow/.local/lib/python3.8/site-packages/airflow/example_dags/example_branch_operator.py for tasks to queue
[2025-11-16T23:16:52.302+0000] {logging_mixin.py:188} INFO - [2025-11-16T23:16:52.302+0000] {dagbag.py:538} INFO - Filling up the DagBag from /home/airflow/.local/lib/python3.8/site-packages/airflow/example_dags/example_branch_operator.py
[2025-11-16T23:16:52.326+0000] {processor.py:840} INFO - DAG(s) 'example_branch_operator' retrieved from /home/airflow/.local/lib/python3.8/site-packages/airflow/example_dags/example_branch_operator.py
[2025-11-16T23:16:52.367+0000] {logging_mixin.py:188} INFO - [2025-11-16T23:16:52.367+0000] {dag.py:3036} INFO - Sync 1 DAGs
[2025-11-16T23:16:52.395+0000] {logging_mixin.py:188} INFO - [2025-11-16T23:16:52.394+0000] {dag.py:3823} INFO - Setting next_dagrun for example_branch_operator to 2025-11-15 00:00:00+00:00, run_after=2025-11-16 00:00:00+00:00
[2025-11-16T23:16:52.428+0000] {processor.py:183} INFO - Processing /home/airflow/.local/lib/python3.8/site-packages/airflow/example_dags/example_branch_operator.py took 0.135 seconds
[2025-11-16T23:17:24.828+0000] {processor.py:161} INFO - Started process (PID=1592) to work on /home/airflow/.local/lib/python3.8/site-packages/airflow/example_dags/example_branch_operator.py
[2025-11-16T23:17:24.832+0000] {processor.py:830} INFO - Processing file /home/airflow/.local/lib/python3.8/site-packages/airflow/example_dags/example_branch_operator.py for tasks to queue
[2025-11-16T23:17:24.834+0000] {logging_mixin.py:188} INFO - [2025-11-16T23:17:24.833+0000] {dagbag.py:538} INFO - Filling up the DagBag from /home/airflow/.local/lib/python3.8/site-packages/airflow/example_dags/example_branch_operator.py
[2025-11-16T23:17:24.874+0000] {processor.py:840} INFO - DAG(s) 'example_branch_operator' retrieved from /home/airflow/.local/lib/python3.8/site-packages/airflow/example_dags/example_branch_operator.py
[2025-11-16T23:17:24.954+0000] {logging_mixin.py:188} INFO - [2025-11-16T23:17:24.953+0000] {dag.py:3036} INFO - Sync 1 DAGs
[2025-11-16T23:17:24.994+0000] {logging_mixin.py:188} INFO - [2025-11-16T23:17:24.993+0000] {dag.py:3823} INFO - Setting next_dagrun for example_branch_operator to 2025-11-15 00:00:00+00:00, run_after=2025-11-16 00:00:00+00:00
[2025-11-16T23:17:25.046+0000] {processor.py:183} INFO - Processing /home/airflow/.local/lib/python3.8/site-packages/airflow/example_dags/example_branch_operator.py took 0.224 seconds
[2025-11-16T23:17:59.134+0000] {processor.py:161} INFO - Started process (PID=1658) to work on /home/airflow/.local/lib/python3.8/site-packages/airflow/example_dags/example_branch_operator.py
[2025-11-16T23:17:59.135+0000] {processor.py:830} INFO - Processing file /home/airflow/.local/lib/python3.8/site-packages/airflow/example_dags/example_branch_operator.py for tasks to queue
[2025-11-16T23:17:59.137+0000] {logging_mixin.py:188} INFO - [2025-11-16T23:17:59.137+0000] {dagbag.py:538} INFO - Filling up the DagBag from /home/airflow/.local/lib/python3.8/site-packages/airflow/example_dags/example_branch_operator.py
[2025-11-16T23:17:59.164+0000] {processor.py:840} INFO - DAG(s) 'example_branch_operator' retrieved from /home/airflow/.local/lib/python3.8/site-packages/airflow/example_dags/example_branch_operator.py
[2025-11-16T23:17:59.214+0000] {logging_mixin.py:188} INFO - [2025-11-16T23:17:59.213+0000] {dag.py:3036} INFO - Sync 1 DAGs
[2025-11-16T23:17:59.259+0000] {logging_mixin.py:188} INFO - [2025-11-16T23:17:59.258+0000] {dag.py:3823} INFO - Setting next_dagrun for example_branch_operator to 2025-11-15 00:00:00+00:00, run_after=2025-11-16 00:00:00+00:00
[2025-11-16T23:17:59.299+0000] {processor.py:183} INFO - Processing /home/airflow/.local/lib/python3.8/site-packages/airflow/example_dags/example_branch_operator.py took 0.172 seconds
[2025-11-16T23:18:34.501+0000] {processor.py:161} INFO - Started process (PID=1754) to work on /home/airflow/.local/lib/python3.8/site-packages/airflow/example_dags/example_branch_operator.py
[2025-11-16T23:18:34.502+0000] {processor.py:830} INFO - Processing file /home/airflow/.local/lib/python3.8/site-packages/airflow/example_dags/example_branch_operator.py for tasks to queue
[2025-11-16T23:18:34.503+0000] {logging_mixin.py:188} INFO - [2025-11-16T23:18:34.502+0000] {dagbag.py:538} INFO - Filling up the DagBag from /home/airflow/.local/lib/python3.8/site-packages/airflow/example_dags/example_branch_operator.py
[2025-11-16T23:18:34.543+0000] {processor.py:840} INFO - DAG(s) 'example_branch_operator' retrieved from /home/airflow/.local/lib/python3.8/site-packages/airflow/example_dags/example_branch_operator.py
[2025-11-16T23:18:34.624+0000] {logging_mixin.py:188} INFO - [2025-11-16T23:18:34.623+0000] {dag.py:3036} INFO - Sync 1 DAGs
[2025-11-16T23:18:34.692+0000] {logging_mixin.py:188} INFO - [2025-11-16T23:18:34.692+0000] {dag.py:3823} INFO - Setting next_dagrun for example_branch_operator to 2025-11-15 00:00:00+00:00, run_after=2025-11-16 00:00:00+00:00
[2025-11-16T23:18:34.733+0000] {processor.py:183} INFO - Processing /home/airflow/.local/lib/python3.8/site-packages/airflow/example_dags/example_branch_operator.py took 0.239 seconds
[2025-11-16T23:19:04.815+0000] {processor.py:161} INFO - Started process (PID=1820) to work on /home/airflow/.local/lib/python3.8/site-packages/airflow/example_dags/example_branch_operator.py
[2025-11-16T23:19:04.816+0000] {processor.py:830} INFO - Processing file /home/airflow/.local/lib/python3.8/site-packages/airflow/example_dags/example_branch_operator.py for tasks to queue
[2025-11-16T23:19:04.820+0000] {logging_mixin.py:188} INFO - [2025-11-16T23:19:04.819+0000] {dagbag.py:538} INFO - Filling up the DagBag from /home/airflow/.local/lib/python3.8/site-packages/airflow/example_dags/example_branch_operator.py
[2025-11-16T23:19:04.845+0000] {processor.py:840} INFO - DAG(s) 'example_branch_operator' retrieved from /home/airflow/.local/lib/python3.8/site-packages/airflow/example_dags/example_branch_operator.py
[2025-11-16T23:19:04.884+0000] {logging_mixin.py:188} INFO - [2025-11-16T23:19:04.883+0000] {dag.py:3036} INFO - Sync 1 DAGs
[2025-11-16T23:19:04.921+0000] {logging_mixin.py:188} INFO - [2025-11-16T23:19:04.920+0000] {dag.py:3823} INFO - Setting next_dagrun for example_branch_operator to 2025-11-15 00:00:00+00:00, run_after=2025-11-16 00:00:00+00:00
[2025-11-16T23:19:04.957+0000] {processor.py:183} INFO - Processing /home/airflow/.local/lib/python3.8/site-packages/airflow/example_dags/example_branch_operator.py took 0.145 seconds
