[2025-11-16T20:20:36.921+0000] {processor.py:161} INFO - Started process (PID=170) to work on /home/airflow/.local/lib/python3.8/site-packages/airflow/example_dags/example_sla_dag.py
[2025-11-16T20:20:36.922+0000] {processor.py:830} INFO - Processing file /home/airflow/.local/lib/python3.8/site-packages/airflow/example_dags/example_sla_dag.py for tasks to queue
[2025-11-16T20:20:36.923+0000] {logging_mixin.py:188} INFO - [2025-11-16T20:20:36.923+0000] {dagbag.py:538} INFO - Filling up the DagBag from /home/airflow/.local/lib/python3.8/site-packages/airflow/example_dags/example_sla_dag.py
[2025-11-16T20:20:36.972+0000] {processor.py:840} INFO - DAG(s) 'example_sla_dag' retrieved from /home/airflow/.local/lib/python3.8/site-packages/airflow/example_dags/example_sla_dag.py
[2025-11-16T20:20:37.414+0000] {logging_mixin.py:188} INFO - [2025-11-16T20:20:37.413+0000] {override.py:1769} INFO - Created Permission View: can edit on DAG:example_sla_dag
[2025-11-16T20:20:37.574+0000] {logging_mixin.py:188} INFO - [2025-11-16T20:20:37.573+0000] {override.py:1769} INFO - Created Permission View: can read on DAG:example_sla_dag
[2025-11-16T20:20:37.860+0000] {logging_mixin.py:188} INFO - [2025-11-16T20:20:37.859+0000] {override.py:1769} INFO - Created Permission View: can delete on DAG:example_sla_dag
[2025-11-16T20:20:37.861+0000] {logging_mixin.py:188} INFO - [2025-11-16T20:20:37.861+0000] {dag.py:3036} INFO - Sync 1 DAGs
[2025-11-16T20:20:37.873+0000] {logging_mixin.py:188} INFO - [2025-11-16T20:20:37.873+0000] {dag.py:3058} INFO - Creating ORM DAG for example_sla_dag
[2025-11-16T20:20:37.888+0000] {logging_mixin.py:188} INFO - [2025-11-16T20:20:37.888+0000] {dag.py:3823} INFO - Setting next_dagrun for example_sla_dag to 2025-11-16 20:18:00+00:00, run_after=2025-11-16 20:20:00+00:00
[2025-11-16T20:20:38.239+0000] {processor.py:183} INFO - Processing /home/airflow/.local/lib/python3.8/site-packages/airflow/example_dags/example_sla_dag.py took 1.322 seconds
[2025-11-16T20:21:08.953+0000] {processor.py:161} INFO - Started process (PID=244) to work on /home/airflow/.local/lib/python3.8/site-packages/airflow/example_dags/example_sla_dag.py
[2025-11-16T20:21:08.954+0000] {processor.py:830} INFO - Processing file /home/airflow/.local/lib/python3.8/site-packages/airflow/example_dags/example_sla_dag.py for tasks to queue
[2025-11-16T20:21:08.956+0000] {logging_mixin.py:188} INFO - [2025-11-16T20:21:08.956+0000] {dagbag.py:538} INFO - Filling up the DagBag from /home/airflow/.local/lib/python3.8/site-packages/airflow/example_dags/example_sla_dag.py
[2025-11-16T20:21:08.965+0000] {processor.py:840} INFO - DAG(s) 'example_sla_dag' retrieved from /home/airflow/.local/lib/python3.8/site-packages/airflow/example_dags/example_sla_dag.py
[2025-11-16T20:21:08.988+0000] {logging_mixin.py:188} INFO - [2025-11-16T20:21:08.988+0000] {dag.py:3036} INFO - Sync 1 DAGs
[2025-11-16T20:21:09.010+0000] {logging_mixin.py:188} INFO - [2025-11-16T20:21:09.009+0000] {dag.py:3823} INFO - Setting next_dagrun for example_sla_dag to 2025-11-16 20:18:00+00:00, run_after=2025-11-16 20:20:00+00:00
[2025-11-16T20:21:10.331+0000] {processor.py:183} INFO - Processing /home/airflow/.local/lib/python3.8/site-packages/airflow/example_dags/example_sla_dag.py took 1.381 seconds
[2025-11-16T20:21:40.606+0000] {processor.py:161} INFO - Started process (PID=324) to work on /home/airflow/.local/lib/python3.8/site-packages/airflow/example_dags/example_sla_dag.py
[2025-11-16T20:21:40.607+0000] {processor.py:830} INFO - Processing file /home/airflow/.local/lib/python3.8/site-packages/airflow/example_dags/example_sla_dag.py for tasks to queue
[2025-11-16T20:21:40.608+0000] {logging_mixin.py:188} INFO - [2025-11-16T20:21:40.608+0000] {dagbag.py:538} INFO - Filling up the DagBag from /home/airflow/.local/lib/python3.8/site-packages/airflow/example_dags/example_sla_dag.py
[2025-11-16T20:21:40.616+0000] {processor.py:840} INFO - DAG(s) 'example_sla_dag' retrieved from /home/airflow/.local/lib/python3.8/site-packages/airflow/example_dags/example_sla_dag.py
[2025-11-16T20:21:40.640+0000] {logging_mixin.py:188} INFO - [2025-11-16T20:21:40.639+0000] {dag.py:3036} INFO - Sync 1 DAGs
[2025-11-16T20:21:40.668+0000] {logging_mixin.py:188} INFO - [2025-11-16T20:21:40.667+0000] {dag.py:3823} INFO - Setting next_dagrun for example_sla_dag to 2025-11-16 20:18:00+00:00, run_after=2025-11-16 20:20:00+00:00
[2025-11-16T20:21:40.689+0000] {processor.py:183} INFO - Processing /home/airflow/.local/lib/python3.8/site-packages/airflow/example_dags/example_sla_dag.py took 0.086 seconds
[2025-11-16T20:22:11.020+0000] {processor.py:161} INFO - Started process (PID=405) to work on /home/airflow/.local/lib/python3.8/site-packages/airflow/example_dags/example_sla_dag.py
[2025-11-16T20:22:11.021+0000] {processor.py:830} INFO - Processing file /home/airflow/.local/lib/python3.8/site-packages/airflow/example_dags/example_sla_dag.py for tasks to queue
[2025-11-16T20:22:11.022+0000] {logging_mixin.py:188} INFO - [2025-11-16T20:22:11.022+0000] {dagbag.py:538} INFO - Filling up the DagBag from /home/airflow/.local/lib/python3.8/site-packages/airflow/example_dags/example_sla_dag.py
[2025-11-16T20:22:11.036+0000] {processor.py:840} INFO - DAG(s) 'example_sla_dag' retrieved from /home/airflow/.local/lib/python3.8/site-packages/airflow/example_dags/example_sla_dag.py
[2025-11-16T20:22:11.069+0000] {logging_mixin.py:188} INFO - [2025-11-16T20:22:11.069+0000] {dag.py:3036} INFO - Sync 1 DAGs
[2025-11-16T20:22:11.107+0000] {logging_mixin.py:188} INFO - [2025-11-16T20:22:11.107+0000] {dag.py:3823} INFO - Setting next_dagrun for example_sla_dag to 2025-11-16 20:20:00+00:00, run_after=2025-11-16 20:22:00+00:00
[2025-11-16T20:22:11.135+0000] {processor.py:183} INFO - Processing /home/airflow/.local/lib/python3.8/site-packages/airflow/example_dags/example_sla_dag.py took 0.118 seconds
[2025-11-16T20:22:41.645+0000] {processor.py:161} INFO - Started process (PID=486) to work on /home/airflow/.local/lib/python3.8/site-packages/airflow/example_dags/example_sla_dag.py
[2025-11-16T20:22:41.646+0000] {processor.py:830} INFO - Processing file /home/airflow/.local/lib/python3.8/site-packages/airflow/example_dags/example_sla_dag.py for tasks to queue
[2025-11-16T20:22:41.647+0000] {logging_mixin.py:188} INFO - [2025-11-16T20:22:41.647+0000] {dagbag.py:538} INFO - Filling up the DagBag from /home/airflow/.local/lib/python3.8/site-packages/airflow/example_dags/example_sla_dag.py
[2025-11-16T20:22:41.656+0000] {processor.py:840} INFO - DAG(s) 'example_sla_dag' retrieved from /home/airflow/.local/lib/python3.8/site-packages/airflow/example_dags/example_sla_dag.py
[2025-11-16T20:22:41.679+0000] {logging_mixin.py:188} INFO - [2025-11-16T20:22:41.678+0000] {dag.py:3036} INFO - Sync 1 DAGs
[2025-11-16T20:22:41.701+0000] {logging_mixin.py:188} INFO - [2025-11-16T20:22:41.701+0000] {dag.py:3823} INFO - Setting next_dagrun for example_sla_dag to 2025-11-16 20:20:00+00:00, run_after=2025-11-16 20:22:00+00:00
[2025-11-16T20:22:41.723+0000] {processor.py:183} INFO - Processing /home/airflow/.local/lib/python3.8/site-packages/airflow/example_dags/example_sla_dag.py took 0.081 seconds
[2025-11-16T20:23:12.387+0000] {processor.py:161} INFO - Started process (PID=575) to work on /home/airflow/.local/lib/python3.8/site-packages/airflow/example_dags/example_sla_dag.py
[2025-11-16T20:23:12.388+0000] {processor.py:830} INFO - Processing file /home/airflow/.local/lib/python3.8/site-packages/airflow/example_dags/example_sla_dag.py for tasks to queue
[2025-11-16T20:23:12.389+0000] {logging_mixin.py:188} INFO - [2025-11-16T20:23:12.389+0000] {dagbag.py:538} INFO - Filling up the DagBag from /home/airflow/.local/lib/python3.8/site-packages/airflow/example_dags/example_sla_dag.py
[2025-11-16T20:23:12.399+0000] {processor.py:840} INFO - DAG(s) 'example_sla_dag' retrieved from /home/airflow/.local/lib/python3.8/site-packages/airflow/example_dags/example_sla_dag.py
[2025-11-16T20:23:12.423+0000] {logging_mixin.py:188} INFO - [2025-11-16T20:23:12.423+0000] {dag.py:3036} INFO - Sync 1 DAGs
[2025-11-16T20:23:12.447+0000] {logging_mixin.py:188} INFO - [2025-11-16T20:23:12.447+0000] {dag.py:3823} INFO - Setting next_dagrun for example_sla_dag to 2025-11-16 20:20:00+00:00, run_after=2025-11-16 20:22:00+00:00
[2025-11-16T20:23:12.899+0000] {processor.py:183} INFO - Processing /home/airflow/.local/lib/python3.8/site-packages/airflow/example_dags/example_sla_dag.py took 0.515 seconds
[2025-11-16T20:23:43.020+0000] {processor.py:161} INFO - Started process (PID=663) to work on /home/airflow/.local/lib/python3.8/site-packages/airflow/example_dags/example_sla_dag.py
[2025-11-16T20:23:43.021+0000] {processor.py:830} INFO - Processing file /home/airflow/.local/lib/python3.8/site-packages/airflow/example_dags/example_sla_dag.py for tasks to queue
[2025-11-16T20:23:43.022+0000] {logging_mixin.py:188} INFO - [2025-11-16T20:23:43.021+0000] {dagbag.py:538} INFO - Filling up the DagBag from /home/airflow/.local/lib/python3.8/site-packages/airflow/example_dags/example_sla_dag.py
[2025-11-16T20:23:43.030+0000] {processor.py:840} INFO - DAG(s) 'example_sla_dag' retrieved from /home/airflow/.local/lib/python3.8/site-packages/airflow/example_dags/example_sla_dag.py
[2025-11-16T20:23:43.055+0000] {logging_mixin.py:188} INFO - [2025-11-16T20:23:43.054+0000] {dag.py:3036} INFO - Sync 1 DAGs
[2025-11-16T20:23:43.079+0000] {logging_mixin.py:188} INFO - [2025-11-16T20:23:43.079+0000] {dag.py:3823} INFO - Setting next_dagrun for example_sla_dag to 2025-11-16 20:20:00+00:00, run_after=2025-11-16 20:22:00+00:00
[2025-11-16T20:23:43.103+0000] {processor.py:183} INFO - Processing /home/airflow/.local/lib/python3.8/site-packages/airflow/example_dags/example_sla_dag.py took 0.086 seconds
[2025-11-16T20:24:13.288+0000] {processor.py:161} INFO - Started process (PID=744) to work on /home/airflow/.local/lib/python3.8/site-packages/airflow/example_dags/example_sla_dag.py
[2025-11-16T20:24:13.289+0000] {processor.py:830} INFO - Processing file /home/airflow/.local/lib/python3.8/site-packages/airflow/example_dags/example_sla_dag.py for tasks to queue
[2025-11-16T20:24:13.290+0000] {logging_mixin.py:188} INFO - [2025-11-16T20:24:13.290+0000] {dagbag.py:538} INFO - Filling up the DagBag from /home/airflow/.local/lib/python3.8/site-packages/airflow/example_dags/example_sla_dag.py
[2025-11-16T20:24:13.302+0000] {processor.py:840} INFO - DAG(s) 'example_sla_dag' retrieved from /home/airflow/.local/lib/python3.8/site-packages/airflow/example_dags/example_sla_dag.py
[2025-11-16T20:24:13.337+0000] {logging_mixin.py:188} INFO - [2025-11-16T20:24:13.336+0000] {dag.py:3036} INFO - Sync 1 DAGs
[2025-11-16T20:24:13.367+0000] {logging_mixin.py:188} INFO - [2025-11-16T20:24:13.366+0000] {dag.py:3823} INFO - Setting next_dagrun for example_sla_dag to 2025-11-16 20:22:00+00:00, run_after=2025-11-16 20:24:00+00:00
[2025-11-16T20:24:13.402+0000] {processor.py:183} INFO - Processing /home/airflow/.local/lib/python3.8/site-packages/airflow/example_dags/example_sla_dag.py took 0.117 seconds
[2025-11-16T20:24:43.526+0000] {processor.py:161} INFO - Started process (PID=840) to work on /home/airflow/.local/lib/python3.8/site-packages/airflow/example_dags/example_sla_dag.py
[2025-11-16T20:24:43.527+0000] {processor.py:830} INFO - Processing file /home/airflow/.local/lib/python3.8/site-packages/airflow/example_dags/example_sla_dag.py for tasks to queue
[2025-11-16T20:24:43.528+0000] {logging_mixin.py:188} INFO - [2025-11-16T20:24:43.528+0000] {dagbag.py:538} INFO - Filling up the DagBag from /home/airflow/.local/lib/python3.8/site-packages/airflow/example_dags/example_sla_dag.py
[2025-11-16T20:24:43.536+0000] {processor.py:840} INFO - DAG(s) 'example_sla_dag' retrieved from /home/airflow/.local/lib/python3.8/site-packages/airflow/example_dags/example_sla_dag.py
[2025-11-16T20:24:43.558+0000] {logging_mixin.py:188} INFO - [2025-11-16T20:24:43.557+0000] {dag.py:3036} INFO - Sync 1 DAGs
[2025-11-16T20:24:43.579+0000] {logging_mixin.py:188} INFO - [2025-11-16T20:24:43.578+0000] {dag.py:3823} INFO - Setting next_dagrun for example_sla_dag to 2025-11-16 20:22:00+00:00, run_after=2025-11-16 20:24:00+00:00
[2025-11-16T20:24:43.598+0000] {processor.py:183} INFO - Processing /home/airflow/.local/lib/python3.8/site-packages/airflow/example_dags/example_sla_dag.py took 0.075 seconds
[2025-11-16T20:25:13.749+0000] {processor.py:161} INFO - Started process (PID=921) to work on /home/airflow/.local/lib/python3.8/site-packages/airflow/example_dags/example_sla_dag.py
[2025-11-16T20:25:13.751+0000] {processor.py:830} INFO - Processing file /home/airflow/.local/lib/python3.8/site-packages/airflow/example_dags/example_sla_dag.py for tasks to queue
[2025-11-16T20:25:13.752+0000] {logging_mixin.py:188} INFO - [2025-11-16T20:25:13.752+0000] {dagbag.py:538} INFO - Filling up the DagBag from /home/airflow/.local/lib/python3.8/site-packages/airflow/example_dags/example_sla_dag.py
[2025-11-16T20:25:13.763+0000] {processor.py:840} INFO - DAG(s) 'example_sla_dag' retrieved from /home/airflow/.local/lib/python3.8/site-packages/airflow/example_dags/example_sla_dag.py
[2025-11-16T20:25:13.790+0000] {logging_mixin.py:188} INFO - [2025-11-16T20:25:13.790+0000] {dag.py:3036} INFO - Sync 1 DAGs
[2025-11-16T20:25:13.828+0000] {logging_mixin.py:188} INFO - [2025-11-16T20:25:13.827+0000] {dag.py:3823} INFO - Setting next_dagrun for example_sla_dag to 2025-11-16 20:22:00+00:00, run_after=2025-11-16 20:24:00+00:00
[2025-11-16T20:25:13.857+0000] {processor.py:183} INFO - Processing /home/airflow/.local/lib/python3.8/site-packages/airflow/example_dags/example_sla_dag.py took 0.111 seconds
[2025-11-16T20:25:44.023+0000] {processor.py:161} INFO - Started process (PID=1017) to work on /home/airflow/.local/lib/python3.8/site-packages/airflow/example_dags/example_sla_dag.py
[2025-11-16T20:25:44.024+0000] {processor.py:830} INFO - Processing file /home/airflow/.local/lib/python3.8/site-packages/airflow/example_dags/example_sla_dag.py for tasks to queue
[2025-11-16T20:25:44.025+0000] {logging_mixin.py:188} INFO - [2025-11-16T20:25:44.025+0000] {dagbag.py:538} INFO - Filling up the DagBag from /home/airflow/.local/lib/python3.8/site-packages/airflow/example_dags/example_sla_dag.py
[2025-11-16T20:25:44.035+0000] {processor.py:840} INFO - DAG(s) 'example_sla_dag' retrieved from /home/airflow/.local/lib/python3.8/site-packages/airflow/example_dags/example_sla_dag.py
[2025-11-16T20:25:44.061+0000] {logging_mixin.py:188} INFO - [2025-11-16T20:25:44.060+0000] {dag.py:3036} INFO - Sync 1 DAGs
[2025-11-16T20:25:44.086+0000] {logging_mixin.py:188} INFO - [2025-11-16T20:25:44.085+0000] {dag.py:3823} INFO - Setting next_dagrun for example_sla_dag to 2025-11-16 20:22:00+00:00, run_after=2025-11-16 20:24:00+00:00
[2025-11-16T20:25:44.109+0000] {processor.py:183} INFO - Processing /home/airflow/.local/lib/python3.8/site-packages/airflow/example_dags/example_sla_dag.py took 0.090 seconds
[2025-11-16T20:26:14.304+0000] {processor.py:161} INFO - Started process (PID=1098) to work on /home/airflow/.local/lib/python3.8/site-packages/airflow/example_dags/example_sla_dag.py
[2025-11-16T20:26:14.305+0000] {processor.py:830} INFO - Processing file /home/airflow/.local/lib/python3.8/site-packages/airflow/example_dags/example_sla_dag.py for tasks to queue
[2025-11-16T20:26:14.306+0000] {logging_mixin.py:188} INFO - [2025-11-16T20:26:14.305+0000] {dagbag.py:538} INFO - Filling up the DagBag from /home/airflow/.local/lib/python3.8/site-packages/airflow/example_dags/example_sla_dag.py
[2025-11-16T20:26:14.317+0000] {processor.py:840} INFO - DAG(s) 'example_sla_dag' retrieved from /home/airflow/.local/lib/python3.8/site-packages/airflow/example_dags/example_sla_dag.py
[2025-11-16T20:26:14.341+0000] {logging_mixin.py:188} INFO - [2025-11-16T20:26:14.341+0000] {dag.py:3036} INFO - Sync 1 DAGs
[2025-11-16T20:26:14.370+0000] {logging_mixin.py:188} INFO - [2025-11-16T20:26:14.370+0000] {dag.py:3823} INFO - Setting next_dagrun for example_sla_dag to 2025-11-16 20:24:00+00:00, run_after=2025-11-16 20:26:00+00:00
[2025-11-16T20:26:14.395+0000] {processor.py:183} INFO - Processing /home/airflow/.local/lib/python3.8/site-packages/airflow/example_dags/example_sla_dag.py took 0.094 seconds
[2025-11-16T20:26:45.099+0000] {processor.py:161} INFO - Started process (PID=1186) to work on /home/airflow/.local/lib/python3.8/site-packages/airflow/example_dags/example_sla_dag.py
[2025-11-16T20:26:45.100+0000] {processor.py:830} INFO - Processing file /home/airflow/.local/lib/python3.8/site-packages/airflow/example_dags/example_sla_dag.py for tasks to queue
[2025-11-16T20:26:45.101+0000] {logging_mixin.py:188} INFO - [2025-11-16T20:26:45.101+0000] {dagbag.py:538} INFO - Filling up the DagBag from /home/airflow/.local/lib/python3.8/site-packages/airflow/example_dags/example_sla_dag.py
[2025-11-16T20:26:45.112+0000] {processor.py:840} INFO - DAG(s) 'example_sla_dag' retrieved from /home/airflow/.local/lib/python3.8/site-packages/airflow/example_dags/example_sla_dag.py
[2025-11-16T20:26:45.136+0000] {logging_mixin.py:188} INFO - [2025-11-16T20:26:45.136+0000] {dag.py:3036} INFO - Sync 1 DAGs
[2025-11-16T20:26:45.162+0000] {logging_mixin.py:188} INFO - [2025-11-16T20:26:45.162+0000] {dag.py:3823} INFO - Setting next_dagrun for example_sla_dag to 2025-11-16 20:24:00+00:00, run_after=2025-11-16 20:26:00+00:00
[2025-11-16T20:26:45.183+0000] {processor.py:183} INFO - Processing /home/airflow/.local/lib/python3.8/site-packages/airflow/example_dags/example_sla_dag.py took 0.087 seconds
[2025-11-16T20:27:15.419+0000] {processor.py:161} INFO - Started process (PID=1273) to work on /home/airflow/.local/lib/python3.8/site-packages/airflow/example_dags/example_sla_dag.py
[2025-11-16T20:27:15.420+0000] {processor.py:830} INFO - Processing file /home/airflow/.local/lib/python3.8/site-packages/airflow/example_dags/example_sla_dag.py for tasks to queue
[2025-11-16T20:27:15.422+0000] {logging_mixin.py:188} INFO - [2025-11-16T20:27:15.421+0000] {dagbag.py:538} INFO - Filling up the DagBag from /home/airflow/.local/lib/python3.8/site-packages/airflow/example_dags/example_sla_dag.py
[2025-11-16T20:27:15.433+0000] {processor.py:840} INFO - DAG(s) 'example_sla_dag' retrieved from /home/airflow/.local/lib/python3.8/site-packages/airflow/example_dags/example_sla_dag.py
[2025-11-16T20:27:15.465+0000] {logging_mixin.py:188} INFO - [2025-11-16T20:27:15.465+0000] {dag.py:3036} INFO - Sync 1 DAGs
[2025-11-16T20:27:15.488+0000] {logging_mixin.py:188} INFO - [2025-11-16T20:27:15.488+0000] {dag.py:3823} INFO - Setting next_dagrun for example_sla_dag to 2025-11-16 20:24:00+00:00, run_after=2025-11-16 20:26:00+00:00
[2025-11-16T20:27:15.509+0000] {processor.py:183} INFO - Processing /home/airflow/.local/lib/python3.8/site-packages/airflow/example_dags/example_sla_dag.py took 0.092 seconds
[2025-11-16T20:27:45.748+0000] {processor.py:161} INFO - Started process (PID=1355) to work on /home/airflow/.local/lib/python3.8/site-packages/airflow/example_dags/example_sla_dag.py
[2025-11-16T20:27:45.749+0000] {processor.py:830} INFO - Processing file /home/airflow/.local/lib/python3.8/site-packages/airflow/example_dags/example_sla_dag.py for tasks to queue
[2025-11-16T20:27:45.750+0000] {logging_mixin.py:188} INFO - [2025-11-16T20:27:45.750+0000] {dagbag.py:538} INFO - Filling up the DagBag from /home/airflow/.local/lib/python3.8/site-packages/airflow/example_dags/example_sla_dag.py
[2025-11-16T20:27:45.762+0000] {processor.py:840} INFO - DAG(s) 'example_sla_dag' retrieved from /home/airflow/.local/lib/python3.8/site-packages/airflow/example_dags/example_sla_dag.py
[2025-11-16T20:27:45.802+0000] {logging_mixin.py:188} INFO - [2025-11-16T20:27:45.802+0000] {dag.py:3036} INFO - Sync 1 DAGs
[2025-11-16T20:27:45.832+0000] {logging_mixin.py:188} INFO - [2025-11-16T20:27:45.831+0000] {dag.py:3823} INFO - Setting next_dagrun for example_sla_dag to 2025-11-16 20:24:00+00:00, run_after=2025-11-16 20:26:00+00:00
[2025-11-16T20:27:45.858+0000] {processor.py:183} INFO - Processing /home/airflow/.local/lib/python3.8/site-packages/airflow/example_dags/example_sla_dag.py took 0.113 seconds
[2025-11-16T20:28:16.227+0000] {processor.py:161} INFO - Started process (PID=1451) to work on /home/airflow/.local/lib/python3.8/site-packages/airflow/example_dags/example_sla_dag.py
[2025-11-16T20:28:16.228+0000] {processor.py:830} INFO - Processing file /home/airflow/.local/lib/python3.8/site-packages/airflow/example_dags/example_sla_dag.py for tasks to queue
[2025-11-16T20:28:16.231+0000] {logging_mixin.py:188} INFO - [2025-11-16T20:28:16.230+0000] {dagbag.py:538} INFO - Filling up the DagBag from /home/airflow/.local/lib/python3.8/site-packages/airflow/example_dags/example_sla_dag.py
[2025-11-16T20:28:16.240+0000] {processor.py:840} INFO - DAG(s) 'example_sla_dag' retrieved from /home/airflow/.local/lib/python3.8/site-packages/airflow/example_dags/example_sla_dag.py
[2025-11-16T20:28:16.268+0000] {logging_mixin.py:188} INFO - [2025-11-16T20:28:16.268+0000] {dag.py:3036} INFO - Sync 1 DAGs
[2025-11-16T20:28:16.297+0000] {logging_mixin.py:188} INFO - [2025-11-16T20:28:16.296+0000] {dag.py:3823} INFO - Setting next_dagrun for example_sla_dag to 2025-11-16 20:26:00+00:00, run_after=2025-11-16 20:28:00+00:00
[2025-11-16T20:28:16.324+0000] {processor.py:183} INFO - Processing /home/airflow/.local/lib/python3.8/site-packages/airflow/example_dags/example_sla_dag.py took 0.099 seconds
[2025-11-16T20:28:46.476+0000] {processor.py:161} INFO - Started process (PID=1532) to work on /home/airflow/.local/lib/python3.8/site-packages/airflow/example_dags/example_sla_dag.py
[2025-11-16T20:28:46.479+0000] {processor.py:830} INFO - Processing file /home/airflow/.local/lib/python3.8/site-packages/airflow/example_dags/example_sla_dag.py for tasks to queue
[2025-11-16T20:28:46.481+0000] {logging_mixin.py:188} INFO - [2025-11-16T20:28:46.480+0000] {dagbag.py:538} INFO - Filling up the DagBag from /home/airflow/.local/lib/python3.8/site-packages/airflow/example_dags/example_sla_dag.py
[2025-11-16T20:28:46.493+0000] {processor.py:840} INFO - DAG(s) 'example_sla_dag' retrieved from /home/airflow/.local/lib/python3.8/site-packages/airflow/example_dags/example_sla_dag.py
[2025-11-16T20:28:46.530+0000] {logging_mixin.py:188} INFO - [2025-11-16T20:28:46.528+0000] {dag.py:3036} INFO - Sync 1 DAGs
[2025-11-16T20:28:46.568+0000] {logging_mixin.py:188} INFO - [2025-11-16T20:28:46.568+0000] {dag.py:3823} INFO - Setting next_dagrun for example_sla_dag to 2025-11-16 20:26:00+00:00, run_after=2025-11-16 20:28:00+00:00
[2025-11-16T20:28:46.601+0000] {processor.py:183} INFO - Processing /home/airflow/.local/lib/python3.8/site-packages/airflow/example_dags/example_sla_dag.py took 0.132 seconds
[2025-11-16T20:29:16.770+0000] {processor.py:161} INFO - Started process (PID=1628) to work on /home/airflow/.local/lib/python3.8/site-packages/airflow/example_dags/example_sla_dag.py
[2025-11-16T20:29:16.771+0000] {processor.py:830} INFO - Processing file /home/airflow/.local/lib/python3.8/site-packages/airflow/example_dags/example_sla_dag.py for tasks to queue
[2025-11-16T20:29:16.774+0000] {logging_mixin.py:188} INFO - [2025-11-16T20:29:16.772+0000] {dagbag.py:538} INFO - Filling up the DagBag from /home/airflow/.local/lib/python3.8/site-packages/airflow/example_dags/example_sla_dag.py
[2025-11-16T20:29:16.790+0000] {processor.py:840} INFO - DAG(s) 'example_sla_dag' retrieved from /home/airflow/.local/lib/python3.8/site-packages/airflow/example_dags/example_sla_dag.py
[2025-11-16T20:29:16.827+0000] {logging_mixin.py:188} INFO - [2025-11-16T20:29:16.827+0000] {dag.py:3036} INFO - Sync 1 DAGs
[2025-11-16T20:29:16.887+0000] {logging_mixin.py:188} INFO - [2025-11-16T20:29:16.885+0000] {dag.py:3823} INFO - Setting next_dagrun for example_sla_dag to 2025-11-16 20:26:00+00:00, run_after=2025-11-16 20:28:00+00:00
[2025-11-16T20:29:16.958+0000] {processor.py:183} INFO - Processing /home/airflow/.local/lib/python3.8/site-packages/airflow/example_dags/example_sla_dag.py took 0.191 seconds
[2025-11-16T20:29:47.437+0000] {processor.py:161} INFO - Started process (PID=1701) to work on /home/airflow/.local/lib/python3.8/site-packages/airflow/example_dags/example_sla_dag.py
[2025-11-16T20:29:47.443+0000] {processor.py:830} INFO - Processing file /home/airflow/.local/lib/python3.8/site-packages/airflow/example_dags/example_sla_dag.py for tasks to queue
[2025-11-16T20:29:47.445+0000] {logging_mixin.py:188} INFO - [2025-11-16T20:29:47.444+0000] {dagbag.py:538} INFO - Filling up the DagBag from /home/airflow/.local/lib/python3.8/site-packages/airflow/example_dags/example_sla_dag.py
[2025-11-16T20:29:47.481+0000] {processor.py:840} INFO - DAG(s) 'example_sla_dag' retrieved from /home/airflow/.local/lib/python3.8/site-packages/airflow/example_dags/example_sla_dag.py
[2025-11-16T20:29:47.667+0000] {logging_mixin.py:188} INFO - [2025-11-16T20:29:47.667+0000] {dag.py:3036} INFO - Sync 1 DAGs
[2025-11-16T20:29:47.733+0000] {logging_mixin.py:188} INFO - [2025-11-16T20:29:47.733+0000] {dag.py:3823} INFO - Setting next_dagrun for example_sla_dag to 2025-11-16 20:26:00+00:00, run_after=2025-11-16 20:28:00+00:00
[2025-11-16T20:29:47.796+0000] {processor.py:183} INFO - Processing /home/airflow/.local/lib/python3.8/site-packages/airflow/example_dags/example_sla_dag.py took 0.370 seconds
[2025-11-16T20:30:18.147+0000] {processor.py:161} INFO - Started process (PID=1773) to work on /home/airflow/.local/lib/python3.8/site-packages/airflow/example_dags/example_sla_dag.py
[2025-11-16T20:30:18.148+0000] {processor.py:830} INFO - Processing file /home/airflow/.local/lib/python3.8/site-packages/airflow/example_dags/example_sla_dag.py for tasks to queue
[2025-11-16T20:30:18.151+0000] {logging_mixin.py:188} INFO - [2025-11-16T20:30:18.150+0000] {dagbag.py:538} INFO - Filling up the DagBag from /home/airflow/.local/lib/python3.8/site-packages/airflow/example_dags/example_sla_dag.py
[2025-11-16T20:30:18.164+0000] {processor.py:840} INFO - DAG(s) 'example_sla_dag' retrieved from /home/airflow/.local/lib/python3.8/site-packages/airflow/example_dags/example_sla_dag.py
[2025-11-16T20:30:18.196+0000] {logging_mixin.py:188} INFO - [2025-11-16T20:30:18.194+0000] {dag.py:3036} INFO - Sync 1 DAGs
[2025-11-16T20:30:18.229+0000] {logging_mixin.py:188} INFO - [2025-11-16T20:30:18.228+0000] {dag.py:3823} INFO - Setting next_dagrun for example_sla_dag to 2025-11-16 20:28:00+00:00, run_after=2025-11-16 20:30:00+00:00
[2025-11-16T20:30:18.266+0000] {processor.py:183} INFO - Processing /home/airflow/.local/lib/python3.8/site-packages/airflow/example_dags/example_sla_dag.py took 0.122 seconds
[2025-11-16T20:30:56.869+0000] {processor.py:161} INFO - Started process (PID=1860) to work on /home/airflow/.local/lib/python3.8/site-packages/airflow/example_dags/example_sla_dag.py
[2025-11-16T20:30:56.872+0000] {processor.py:830} INFO - Processing file /home/airflow/.local/lib/python3.8/site-packages/airflow/example_dags/example_sla_dag.py for tasks to queue
[2025-11-16T20:30:56.874+0000] {logging_mixin.py:188} INFO - [2025-11-16T20:30:56.873+0000] {dagbag.py:538} INFO - Filling up the DagBag from /home/airflow/.local/lib/python3.8/site-packages/airflow/example_dags/example_sla_dag.py
[2025-11-16T20:30:56.894+0000] {processor.py:840} INFO - DAG(s) 'example_sla_dag' retrieved from /home/airflow/.local/lib/python3.8/site-packages/airflow/example_dags/example_sla_dag.py
[2025-11-16T20:30:56.940+0000] {logging_mixin.py:188} INFO - [2025-11-16T20:30:56.940+0000] {dag.py:3036} INFO - Sync 1 DAGs
[2025-11-16T20:30:56.987+0000] {logging_mixin.py:188} INFO - [2025-11-16T20:30:56.987+0000] {dag.py:3823} INFO - Setting next_dagrun for example_sla_dag to 2025-11-16 20:28:00+00:00, run_after=2025-11-16 20:30:00+00:00
[2025-11-16T20:30:57.027+0000] {processor.py:183} INFO - Processing /home/airflow/.local/lib/python3.8/site-packages/airflow/example_dags/example_sla_dag.py took 0.164 seconds
[2025-11-16T20:31:27.611+0000] {processor.py:161} INFO - Started process (PID=1949) to work on /home/airflow/.local/lib/python3.8/site-packages/airflow/example_dags/example_sla_dag.py
[2025-11-16T20:31:27.612+0000] {processor.py:830} INFO - Processing file /home/airflow/.local/lib/python3.8/site-packages/airflow/example_dags/example_sla_dag.py for tasks to queue
[2025-11-16T20:31:27.614+0000] {logging_mixin.py:188} INFO - [2025-11-16T20:31:27.613+0000] {dagbag.py:538} INFO - Filling up the DagBag from /home/airflow/.local/lib/python3.8/site-packages/airflow/example_dags/example_sla_dag.py
[2025-11-16T20:31:27.632+0000] {processor.py:840} INFO - DAG(s) 'example_sla_dag' retrieved from /home/airflow/.local/lib/python3.8/site-packages/airflow/example_dags/example_sla_dag.py
[2025-11-16T20:31:27.674+0000] {logging_mixin.py:188} INFO - [2025-11-16T20:31:27.674+0000] {dag.py:3036} INFO - Sync 1 DAGs
[2025-11-16T20:31:27.721+0000] {logging_mixin.py:188} INFO - [2025-11-16T20:31:27.720+0000] {dag.py:3823} INFO - Setting next_dagrun for example_sla_dag to 2025-11-16 20:28:00+00:00, run_after=2025-11-16 20:30:00+00:00
[2025-11-16T20:31:27.757+0000] {processor.py:183} INFO - Processing /home/airflow/.local/lib/python3.8/site-packages/airflow/example_dags/example_sla_dag.py took 0.150 seconds
[2025-11-16T20:31:57.895+0000] {processor.py:161} INFO - Started process (PID=2031) to work on /home/airflow/.local/lib/python3.8/site-packages/airflow/example_dags/example_sla_dag.py
[2025-11-16T20:31:57.896+0000] {processor.py:830} INFO - Processing file /home/airflow/.local/lib/python3.8/site-packages/airflow/example_dags/example_sla_dag.py for tasks to queue
[2025-11-16T20:31:57.897+0000] {logging_mixin.py:188} INFO - [2025-11-16T20:31:57.897+0000] {dagbag.py:538} INFO - Filling up the DagBag from /home/airflow/.local/lib/python3.8/site-packages/airflow/example_dags/example_sla_dag.py
[2025-11-16T20:31:57.910+0000] {processor.py:840} INFO - DAG(s) 'example_sla_dag' retrieved from /home/airflow/.local/lib/python3.8/site-packages/airflow/example_dags/example_sla_dag.py
[2025-11-16T20:31:57.951+0000] {logging_mixin.py:188} INFO - [2025-11-16T20:31:57.950+0000] {dag.py:3036} INFO - Sync 1 DAGs
[2025-11-16T20:31:57.989+0000] {logging_mixin.py:188} INFO - [2025-11-16T20:31:57.989+0000] {dag.py:3823} INFO - Setting next_dagrun for example_sla_dag to 2025-11-16 20:28:00+00:00, run_after=2025-11-16 20:30:00+00:00
[2025-11-16T20:31:58.031+0000] {processor.py:183} INFO - Processing /home/airflow/.local/lib/python3.8/site-packages/airflow/example_dags/example_sla_dag.py took 0.142 seconds
[2025-11-16T20:32:47.911+0000] {processor.py:161} INFO - Started process (PID=2123) to work on /home/airflow/.local/lib/python3.8/site-packages/airflow/example_dags/example_sla_dag.py
[2025-11-16T20:32:47.912+0000] {processor.py:830} INFO - Processing file /home/airflow/.local/lib/python3.8/site-packages/airflow/example_dags/example_sla_dag.py for tasks to queue
[2025-11-16T20:32:47.913+0000] {logging_mixin.py:188} INFO - [2025-11-16T20:32:47.913+0000] {dagbag.py:538} INFO - Filling up the DagBag from /home/airflow/.local/lib/python3.8/site-packages/airflow/example_dags/example_sla_dag.py
[2025-11-16T20:32:47.931+0000] {processor.py:840} INFO - DAG(s) 'example_sla_dag' retrieved from /home/airflow/.local/lib/python3.8/site-packages/airflow/example_dags/example_sla_dag.py
[2025-11-16T20:32:47.972+0000] {logging_mixin.py:188} INFO - [2025-11-16T20:32:47.971+0000] {dag.py:3036} INFO - Sync 1 DAGs
[2025-11-16T20:32:48.019+0000] {logging_mixin.py:188} INFO - [2025-11-16T20:32:48.017+0000] {dag.py:3823} INFO - Setting next_dagrun for example_sla_dag to 2025-11-16 20:30:00+00:00, run_after=2025-11-16 20:32:00+00:00
[2025-11-16T20:32:48.056+0000] {processor.py:183} INFO - Processing /home/airflow/.local/lib/python3.8/site-packages/airflow/example_dags/example_sla_dag.py took 0.152 seconds
[2025-11-16T20:33:18.460+0000] {processor.py:161} INFO - Started process (PID=2206) to work on /home/airflow/.local/lib/python3.8/site-packages/airflow/example_dags/example_sla_dag.py
[2025-11-16T20:33:18.461+0000] {processor.py:830} INFO - Processing file /home/airflow/.local/lib/python3.8/site-packages/airflow/example_dags/example_sla_dag.py for tasks to queue
[2025-11-16T20:33:18.462+0000] {logging_mixin.py:188} INFO - [2025-11-16T20:33:18.462+0000] {dagbag.py:538} INFO - Filling up the DagBag from /home/airflow/.local/lib/python3.8/site-packages/airflow/example_dags/example_sla_dag.py
[2025-11-16T20:33:18.470+0000] {processor.py:840} INFO - DAG(s) 'example_sla_dag' retrieved from /home/airflow/.local/lib/python3.8/site-packages/airflow/example_dags/example_sla_dag.py
[2025-11-16T20:33:18.495+0000] {logging_mixin.py:188} INFO - [2025-11-16T20:33:18.495+0000] {dag.py:3036} INFO - Sync 1 DAGs
[2025-11-16T20:33:18.518+0000] {logging_mixin.py:188} INFO - [2025-11-16T20:33:18.518+0000] {dag.py:3823} INFO - Setting next_dagrun for example_sla_dag to 2025-11-16 20:30:00+00:00, run_after=2025-11-16 20:32:00+00:00
[2025-11-16T20:33:18.543+0000] {processor.py:183} INFO - Processing /home/airflow/.local/lib/python3.8/site-packages/airflow/example_dags/example_sla_dag.py took 0.087 seconds
[2025-11-16T20:33:49.229+0000] {processor.py:161} INFO - Started process (PID=2295) to work on /home/airflow/.local/lib/python3.8/site-packages/airflow/example_dags/example_sla_dag.py
[2025-11-16T20:33:49.230+0000] {processor.py:830} INFO - Processing file /home/airflow/.local/lib/python3.8/site-packages/airflow/example_dags/example_sla_dag.py for tasks to queue
[2025-11-16T20:33:49.232+0000] {logging_mixin.py:188} INFO - [2025-11-16T20:33:49.231+0000] {dagbag.py:538} INFO - Filling up the DagBag from /home/airflow/.local/lib/python3.8/site-packages/airflow/example_dags/example_sla_dag.py
[2025-11-16T20:33:49.243+0000] {processor.py:840} INFO - DAG(s) 'example_sla_dag' retrieved from /home/airflow/.local/lib/python3.8/site-packages/airflow/example_dags/example_sla_dag.py
[2025-11-16T20:33:49.331+0000] {logging_mixin.py:188} INFO - [2025-11-16T20:33:49.330+0000] {dag.py:3036} INFO - Sync 1 DAGs
[2025-11-16T20:33:49.364+0000] {logging_mixin.py:188} INFO - [2025-11-16T20:33:49.363+0000] {dag.py:3823} INFO - Setting next_dagrun for example_sla_dag to 2025-11-16 20:30:00+00:00, run_after=2025-11-16 20:32:00+00:00
[2025-11-16T20:33:49.394+0000] {processor.py:183} INFO - Processing /home/airflow/.local/lib/python3.8/site-packages/airflow/example_dags/example_sla_dag.py took 0.168 seconds
[2025-11-16T20:34:20.348+0000] {processor.py:161} INFO - Started process (PID=2384) to work on /home/airflow/.local/lib/python3.8/site-packages/airflow/example_dags/example_sla_dag.py
[2025-11-16T20:34:20.349+0000] {processor.py:830} INFO - Processing file /home/airflow/.local/lib/python3.8/site-packages/airflow/example_dags/example_sla_dag.py for tasks to queue
[2025-11-16T20:34:20.350+0000] {logging_mixin.py:188} INFO - [2025-11-16T20:34:20.350+0000] {dagbag.py:538} INFO - Filling up the DagBag from /home/airflow/.local/lib/python3.8/site-packages/airflow/example_dags/example_sla_dag.py
[2025-11-16T20:34:20.359+0000] {processor.py:840} INFO - DAG(s) 'example_sla_dag' retrieved from /home/airflow/.local/lib/python3.8/site-packages/airflow/example_dags/example_sla_dag.py
[2025-11-16T20:34:20.383+0000] {logging_mixin.py:188} INFO - [2025-11-16T20:34:20.383+0000] {dag.py:3036} INFO - Sync 1 DAGs
[2025-11-16T20:34:20.405+0000] {logging_mixin.py:188} INFO - [2025-11-16T20:34:20.405+0000] {dag.py:3823} INFO - Setting next_dagrun for example_sla_dag to 2025-11-16 20:32:00+00:00, run_after=2025-11-16 20:34:00+00:00
[2025-11-16T20:34:20.428+0000] {processor.py:183} INFO - Processing /home/airflow/.local/lib/python3.8/site-packages/airflow/example_dags/example_sla_dag.py took 0.083 seconds
[2025-11-16T20:34:50.866+0000] {processor.py:161} INFO - Started process (PID=2465) to work on /home/airflow/.local/lib/python3.8/site-packages/airflow/example_dags/example_sla_dag.py
[2025-11-16T20:34:50.867+0000] {processor.py:830} INFO - Processing file /home/airflow/.local/lib/python3.8/site-packages/airflow/example_dags/example_sla_dag.py for tasks to queue
[2025-11-16T20:34:50.868+0000] {logging_mixin.py:188} INFO - [2025-11-16T20:34:50.867+0000] {dagbag.py:538} INFO - Filling up the DagBag from /home/airflow/.local/lib/python3.8/site-packages/airflow/example_dags/example_sla_dag.py
[2025-11-16T20:34:50.877+0000] {processor.py:840} INFO - DAG(s) 'example_sla_dag' retrieved from /home/airflow/.local/lib/python3.8/site-packages/airflow/example_dags/example_sla_dag.py
[2025-11-16T20:34:50.901+0000] {logging_mixin.py:188} INFO - [2025-11-16T20:34:50.900+0000] {dag.py:3036} INFO - Sync 1 DAGs
[2025-11-16T20:34:50.926+0000] {logging_mixin.py:188} INFO - [2025-11-16T20:34:50.926+0000] {dag.py:3823} INFO - Setting next_dagrun for example_sla_dag to 2025-11-16 20:32:00+00:00, run_after=2025-11-16 20:34:00+00:00
[2025-11-16T20:34:50.948+0000] {processor.py:183} INFO - Processing /home/airflow/.local/lib/python3.8/site-packages/airflow/example_dags/example_sla_dag.py took 0.085 seconds
[2025-11-16T20:35:21.566+0000] {processor.py:161} INFO - Started process (PID=2561) to work on /home/airflow/.local/lib/python3.8/site-packages/airflow/example_dags/example_sla_dag.py
[2025-11-16T20:35:21.567+0000] {processor.py:830} INFO - Processing file /home/airflow/.local/lib/python3.8/site-packages/airflow/example_dags/example_sla_dag.py for tasks to queue
[2025-11-16T20:35:21.573+0000] {logging_mixin.py:188} INFO - [2025-11-16T20:35:21.571+0000] {dagbag.py:538} INFO - Filling up the DagBag from /home/airflow/.local/lib/python3.8/site-packages/airflow/example_dags/example_sla_dag.py
[2025-11-16T20:35:21.599+0000] {processor.py:840} INFO - DAG(s) 'example_sla_dag' retrieved from /home/airflow/.local/lib/python3.8/site-packages/airflow/example_dags/example_sla_dag.py
[2025-11-16T20:35:21.687+0000] {logging_mixin.py:188} INFO - [2025-11-16T20:35:21.686+0000] {dag.py:3036} INFO - Sync 1 DAGs
[2025-11-16T20:35:21.816+0000] {logging_mixin.py:188} INFO - [2025-11-16T20:35:21.816+0000] {dag.py:3823} INFO - Setting next_dagrun for example_sla_dag to 2025-11-16 20:32:00+00:00, run_after=2025-11-16 20:34:00+00:00
[2025-11-16T20:35:21.895+0000] {processor.py:183} INFO - Processing /home/airflow/.local/lib/python3.8/site-packages/airflow/example_dags/example_sla_dag.py took 0.337 seconds
[2025-11-16T20:35:52.197+0000] {processor.py:161} INFO - Started process (PID=2642) to work on /home/airflow/.local/lib/python3.8/site-packages/airflow/example_dags/example_sla_dag.py
[2025-11-16T20:35:52.198+0000] {processor.py:830} INFO - Processing file /home/airflow/.local/lib/python3.8/site-packages/airflow/example_dags/example_sla_dag.py for tasks to queue
[2025-11-16T20:35:52.199+0000] {logging_mixin.py:188} INFO - [2025-11-16T20:35:52.199+0000] {dagbag.py:538} INFO - Filling up the DagBag from /home/airflow/.local/lib/python3.8/site-packages/airflow/example_dags/example_sla_dag.py
[2025-11-16T20:35:52.208+0000] {processor.py:840} INFO - DAG(s) 'example_sla_dag' retrieved from /home/airflow/.local/lib/python3.8/site-packages/airflow/example_dags/example_sla_dag.py
[2025-11-16T20:35:52.236+0000] {logging_mixin.py:188} INFO - [2025-11-16T20:35:52.235+0000] {dag.py:3036} INFO - Sync 1 DAGs
[2025-11-16T20:35:52.262+0000] {logging_mixin.py:188} INFO - [2025-11-16T20:35:52.262+0000] {dag.py:3823} INFO - Setting next_dagrun for example_sla_dag to 2025-11-16 20:32:00+00:00, run_after=2025-11-16 20:34:00+00:00
[2025-11-16T20:35:52.289+0000] {processor.py:183} INFO - Processing /home/airflow/.local/lib/python3.8/site-packages/airflow/example_dags/example_sla_dag.py took 0.095 seconds
[2025-11-16T20:36:23.518+0000] {processor.py:161} INFO - Started process (PID=2725) to work on /home/airflow/.local/lib/python3.8/site-packages/airflow/example_dags/example_sla_dag.py
[2025-11-16T20:36:23.519+0000] {processor.py:830} INFO - Processing file /home/airflow/.local/lib/python3.8/site-packages/airflow/example_dags/example_sla_dag.py for tasks to queue
[2025-11-16T20:36:23.520+0000] {logging_mixin.py:188} INFO - [2025-11-16T20:36:23.520+0000] {dagbag.py:538} INFO - Filling up the DagBag from /home/airflow/.local/lib/python3.8/site-packages/airflow/example_dags/example_sla_dag.py
[2025-11-16T20:36:23.532+0000] {processor.py:840} INFO - DAG(s) 'example_sla_dag' retrieved from /home/airflow/.local/lib/python3.8/site-packages/airflow/example_dags/example_sla_dag.py
[2025-11-16T20:36:23.566+0000] {logging_mixin.py:188} INFO - [2025-11-16T20:36:23.565+0000] {dag.py:3036} INFO - Sync 1 DAGs
[2025-11-16T20:36:23.597+0000] {logging_mixin.py:188} INFO - [2025-11-16T20:36:23.596+0000] {dag.py:3823} INFO - Setting next_dagrun for example_sla_dag to 2025-11-16 20:34:00+00:00, run_after=2025-11-16 20:36:00+00:00
[2025-11-16T20:36:23.628+0000] {processor.py:183} INFO - Processing /home/airflow/.local/lib/python3.8/site-packages/airflow/example_dags/example_sla_dag.py took 0.113 seconds
[2025-11-16T20:36:54.651+0000] {processor.py:161} INFO - Started process (PID=2807) to work on /home/airflow/.local/lib/python3.8/site-packages/airflow/example_dags/example_sla_dag.py
[2025-11-16T20:36:54.652+0000] {processor.py:830} INFO - Processing file /home/airflow/.local/lib/python3.8/site-packages/airflow/example_dags/example_sla_dag.py for tasks to queue
[2025-11-16T20:36:54.654+0000] {logging_mixin.py:188} INFO - [2025-11-16T20:36:54.653+0000] {dagbag.py:538} INFO - Filling up the DagBag from /home/airflow/.local/lib/python3.8/site-packages/airflow/example_dags/example_sla_dag.py
[2025-11-16T20:36:54.668+0000] {processor.py:840} INFO - DAG(s) 'example_sla_dag' retrieved from /home/airflow/.local/lib/python3.8/site-packages/airflow/example_dags/example_sla_dag.py
[2025-11-16T20:36:54.707+0000] {logging_mixin.py:188} INFO - [2025-11-16T20:36:54.707+0000] {dag.py:3036} INFO - Sync 1 DAGs
[2025-11-16T20:36:54.747+0000] {logging_mixin.py:188} INFO - [2025-11-16T20:36:54.746+0000] {dag.py:3823} INFO - Setting next_dagrun for example_sla_dag to 2025-11-16 20:34:00+00:00, run_after=2025-11-16 20:36:00+00:00
[2025-11-16T20:36:54.794+0000] {processor.py:183} INFO - Processing /home/airflow/.local/lib/python3.8/site-packages/airflow/example_dags/example_sla_dag.py took 0.145 seconds
[2025-11-16T20:37:25.279+0000] {processor.py:161} INFO - Started process (PID=2873) to work on /home/airflow/.local/lib/python3.8/site-packages/airflow/example_dags/example_sla_dag.py
[2025-11-16T20:37:25.281+0000] {processor.py:830} INFO - Processing file /home/airflow/.local/lib/python3.8/site-packages/airflow/example_dags/example_sla_dag.py for tasks to queue
[2025-11-16T20:37:25.282+0000] {logging_mixin.py:188} INFO - [2025-11-16T20:37:25.281+0000] {dagbag.py:538} INFO - Filling up the DagBag from /home/airflow/.local/lib/python3.8/site-packages/airflow/example_dags/example_sla_dag.py
[2025-11-16T20:37:25.297+0000] {processor.py:840} INFO - DAG(s) 'example_sla_dag' retrieved from /home/airflow/.local/lib/python3.8/site-packages/airflow/example_dags/example_sla_dag.py
[2025-11-16T20:37:25.339+0000] {logging_mixin.py:188} INFO - [2025-11-16T20:37:25.339+0000] {dag.py:3036} INFO - Sync 1 DAGs
[2025-11-16T20:37:25.386+0000] {logging_mixin.py:188} INFO - [2025-11-16T20:37:25.385+0000] {dag.py:3823} INFO - Setting next_dagrun for example_sla_dag to 2025-11-16 20:34:00+00:00, run_after=2025-11-16 20:36:00+00:00
[2025-11-16T20:37:25.419+0000] {processor.py:183} INFO - Processing /home/airflow/.local/lib/python3.8/site-packages/airflow/example_dags/example_sla_dag.py took 0.146 seconds
[2025-11-16T20:37:56.351+0000] {processor.py:161} INFO - Started process (PID=2953) to work on /home/airflow/.local/lib/python3.8/site-packages/airflow/example_dags/example_sla_dag.py
[2025-11-16T20:37:56.352+0000] {processor.py:830} INFO - Processing file /home/airflow/.local/lib/python3.8/site-packages/airflow/example_dags/example_sla_dag.py for tasks to queue
[2025-11-16T20:37:56.353+0000] {logging_mixin.py:188} INFO - [2025-11-16T20:37:56.353+0000] {dagbag.py:538} INFO - Filling up the DagBag from /home/airflow/.local/lib/python3.8/site-packages/airflow/example_dags/example_sla_dag.py
[2025-11-16T20:37:56.367+0000] {processor.py:840} INFO - DAG(s) 'example_sla_dag' retrieved from /home/airflow/.local/lib/python3.8/site-packages/airflow/example_dags/example_sla_dag.py
[2025-11-16T20:37:56.406+0000] {logging_mixin.py:188} INFO - [2025-11-16T20:37:56.405+0000] {dag.py:3036} INFO - Sync 1 DAGs
[2025-11-16T20:37:56.442+0000] {logging_mixin.py:188} INFO - [2025-11-16T20:37:56.441+0000] {dag.py:3823} INFO - Setting next_dagrun for example_sla_dag to 2025-11-16 20:34:00+00:00, run_after=2025-11-16 20:36:00+00:00
[2025-11-16T20:37:56.475+0000] {processor.py:183} INFO - Processing /home/airflow/.local/lib/python3.8/site-packages/airflow/example_dags/example_sla_dag.py took 0.128 seconds
[2025-11-16T20:38:26.790+0000] {processor.py:161} INFO - Started process (PID=3036) to work on /home/airflow/.local/lib/python3.8/site-packages/airflow/example_dags/example_sla_dag.py
[2025-11-16T20:38:26.792+0000] {processor.py:830} INFO - Processing file /home/airflow/.local/lib/python3.8/site-packages/airflow/example_dags/example_sla_dag.py for tasks to queue
[2025-11-16T20:38:26.794+0000] {logging_mixin.py:188} INFO - [2025-11-16T20:38:26.794+0000] {dagbag.py:538} INFO - Filling up the DagBag from /home/airflow/.local/lib/python3.8/site-packages/airflow/example_dags/example_sla_dag.py
[2025-11-16T20:38:26.817+0000] {processor.py:840} INFO - DAG(s) 'example_sla_dag' retrieved from /home/airflow/.local/lib/python3.8/site-packages/airflow/example_dags/example_sla_dag.py
[2025-11-16T20:38:26.865+0000] {logging_mixin.py:188} INFO - [2025-11-16T20:38:26.864+0000] {dag.py:3036} INFO - Sync 1 DAGs
[2025-11-16T20:38:26.912+0000] {logging_mixin.py:188} INFO - [2025-11-16T20:38:26.910+0000] {dag.py:3823} INFO - Setting next_dagrun for example_sla_dag to 2025-11-16 20:36:00+00:00, run_after=2025-11-16 20:38:00+00:00
[2025-11-16T20:38:26.941+0000] {processor.py:183} INFO - Processing /home/airflow/.local/lib/python3.8/site-packages/airflow/example_dags/example_sla_dag.py took 0.159 seconds
[2025-11-16T20:38:57.212+0000] {processor.py:161} INFO - Started process (PID=3117) to work on /home/airflow/.local/lib/python3.8/site-packages/airflow/example_dags/example_sla_dag.py
[2025-11-16T20:38:57.214+0000] {processor.py:830} INFO - Processing file /home/airflow/.local/lib/python3.8/site-packages/airflow/example_dags/example_sla_dag.py for tasks to queue
[2025-11-16T20:38:57.215+0000] {logging_mixin.py:188} INFO - [2025-11-16T20:38:57.215+0000] {dagbag.py:538} INFO - Filling up the DagBag from /home/airflow/.local/lib/python3.8/site-packages/airflow/example_dags/example_sla_dag.py
[2025-11-16T20:38:57.228+0000] {processor.py:840} INFO - DAG(s) 'example_sla_dag' retrieved from /home/airflow/.local/lib/python3.8/site-packages/airflow/example_dags/example_sla_dag.py
[2025-11-16T20:38:57.264+0000] {logging_mixin.py:188} INFO - [2025-11-16T20:38:57.264+0000] {dag.py:3036} INFO - Sync 1 DAGs
[2025-11-16T20:38:57.303+0000] {logging_mixin.py:188} INFO - [2025-11-16T20:38:57.301+0000] {dag.py:3823} INFO - Setting next_dagrun for example_sla_dag to 2025-11-16 20:36:00+00:00, run_after=2025-11-16 20:38:00+00:00
[2025-11-16T20:38:57.338+0000] {processor.py:183} INFO - Processing /home/airflow/.local/lib/python3.8/site-packages/airflow/example_dags/example_sla_dag.py took 0.131 seconds
[2025-11-16T20:39:28.252+0000] {processor.py:161} INFO - Started process (PID=3185) to work on /home/airflow/.local/lib/python3.8/site-packages/airflow/example_dags/example_sla_dag.py
[2025-11-16T20:39:28.254+0000] {processor.py:830} INFO - Processing file /home/airflow/.local/lib/python3.8/site-packages/airflow/example_dags/example_sla_dag.py for tasks to queue
[2025-11-16T20:39:28.257+0000] {logging_mixin.py:188} INFO - [2025-11-16T20:39:28.256+0000] {dagbag.py:538} INFO - Filling up the DagBag from /home/airflow/.local/lib/python3.8/site-packages/airflow/example_dags/example_sla_dag.py
[2025-11-16T20:39:28.269+0000] {processor.py:840} INFO - DAG(s) 'example_sla_dag' retrieved from /home/airflow/.local/lib/python3.8/site-packages/airflow/example_dags/example_sla_dag.py
[2025-11-16T20:39:28.295+0000] {logging_mixin.py:188} INFO - [2025-11-16T20:39:28.295+0000] {dag.py:3036} INFO - Sync 1 DAGs
[2025-11-16T20:39:28.327+0000] {logging_mixin.py:188} INFO - [2025-11-16T20:39:28.327+0000] {dag.py:3823} INFO - Setting next_dagrun for example_sla_dag to 2025-11-16 20:36:00+00:00, run_after=2025-11-16 20:38:00+00:00
[2025-11-16T20:39:28.352+0000] {processor.py:183} INFO - Processing /home/airflow/.local/lib/python3.8/site-packages/airflow/example_dags/example_sla_dag.py took 0.103 seconds
[2025-11-16T20:39:58.576+0000] {processor.py:161} INFO - Started process (PID=3270) to work on /home/airflow/.local/lib/python3.8/site-packages/airflow/example_dags/example_sla_dag.py
[2025-11-16T20:39:58.580+0000] {processor.py:830} INFO - Processing file /home/airflow/.local/lib/python3.8/site-packages/airflow/example_dags/example_sla_dag.py for tasks to queue
[2025-11-16T20:39:58.581+0000] {logging_mixin.py:188} INFO - [2025-11-16T20:39:58.581+0000] {dagbag.py:538} INFO - Filling up the DagBag from /home/airflow/.local/lib/python3.8/site-packages/airflow/example_dags/example_sla_dag.py
[2025-11-16T20:39:58.593+0000] {processor.py:840} INFO - DAG(s) 'example_sla_dag' retrieved from /home/airflow/.local/lib/python3.8/site-packages/airflow/example_dags/example_sla_dag.py
[2025-11-16T20:39:58.628+0000] {logging_mixin.py:188} INFO - [2025-11-16T20:39:58.627+0000] {dag.py:3036} INFO - Sync 1 DAGs
[2025-11-16T20:39:58.665+0000] {logging_mixin.py:188} INFO - [2025-11-16T20:39:58.664+0000] {dag.py:3823} INFO - Setting next_dagrun for example_sla_dag to 2025-11-16 20:36:00+00:00, run_after=2025-11-16 20:38:00+00:00
[2025-11-16T20:39:58.697+0000] {processor.py:183} INFO - Processing /home/airflow/.local/lib/python3.8/site-packages/airflow/example_dags/example_sla_dag.py took 0.124 seconds
[2025-11-16T20:42:25.145+0000] {processor.py:161} INFO - Started process (PID=142) to work on /home/airflow/.local/lib/python3.8/site-packages/airflow/example_dags/example_sla_dag.py
[2025-11-16T20:42:25.146+0000] {processor.py:830} INFO - Processing file /home/airflow/.local/lib/python3.8/site-packages/airflow/example_dags/example_sla_dag.py for tasks to queue
[2025-11-16T20:42:25.148+0000] {logging_mixin.py:188} INFO - [2025-11-16T20:42:25.148+0000] {dagbag.py:538} INFO - Filling up the DagBag from /home/airflow/.local/lib/python3.8/site-packages/airflow/example_dags/example_sla_dag.py
[2025-11-16T20:42:25.168+0000] {processor.py:840} INFO - DAG(s) 'example_sla_dag' retrieved from /home/airflow/.local/lib/python3.8/site-packages/airflow/example_dags/example_sla_dag.py
[2025-11-16T20:42:25.385+0000] {logging_mixin.py:188} INFO - [2025-11-16T20:42:25.384+0000] {dag.py:3036} INFO - Sync 1 DAGs
[2025-11-16T20:42:25.480+0000] {logging_mixin.py:188} INFO - [2025-11-16T20:42:25.479+0000] {dag.py:3823} INFO - Setting next_dagrun for example_sla_dag to 2025-11-16 20:40:00+00:00, run_after=2025-11-16 20:42:00+00:00
[2025-11-16T20:42:25.562+0000] {processor.py:183} INFO - Processing /home/airflow/.local/lib/python3.8/site-packages/airflow/example_dags/example_sla_dag.py took 0.424 seconds
[2025-11-16T20:42:59.315+0000] {processor.py:161} INFO - Started process (PID=215) to work on /home/airflow/.local/lib/python3.8/site-packages/airflow/example_dags/example_sla_dag.py
[2025-11-16T20:42:59.316+0000] {processor.py:830} INFO - Processing file /home/airflow/.local/lib/python3.8/site-packages/airflow/example_dags/example_sla_dag.py for tasks to queue
[2025-11-16T20:42:59.317+0000] {logging_mixin.py:188} INFO - [2025-11-16T20:42:59.317+0000] {dagbag.py:538} INFO - Filling up the DagBag from /home/airflow/.local/lib/python3.8/site-packages/airflow/example_dags/example_sla_dag.py
[2025-11-16T20:42:59.438+0000] {processor.py:840} INFO - DAG(s) 'example_sla_dag' retrieved from /home/airflow/.local/lib/python3.8/site-packages/airflow/example_dags/example_sla_dag.py
[2025-11-16T20:42:59.461+0000] {logging_mixin.py:188} INFO - [2025-11-16T20:42:59.461+0000] {dag.py:3036} INFO - Sync 1 DAGs
[2025-11-16T20:42:59.595+0000] {logging_mixin.py:188} INFO - [2025-11-16T20:42:59.595+0000] {dag.py:3823} INFO - Setting next_dagrun for example_sla_dag to 2025-11-16 20:40:00+00:00, run_after=2025-11-16 20:42:00+00:00
[2025-11-16T20:42:59.843+0000] {processor.py:183} INFO - Processing /home/airflow/.local/lib/python3.8/site-packages/airflow/example_dags/example_sla_dag.py took 0.531 seconds
[2025-11-16T20:43:30.681+0000] {processor.py:161} INFO - Started process (PID=295) to work on /home/airflow/.local/lib/python3.8/site-packages/airflow/example_dags/example_sla_dag.py
[2025-11-16T20:43:30.682+0000] {processor.py:830} INFO - Processing file /home/airflow/.local/lib/python3.8/site-packages/airflow/example_dags/example_sla_dag.py for tasks to queue
[2025-11-16T20:43:30.683+0000] {logging_mixin.py:188} INFO - [2025-11-16T20:43:30.683+0000] {dagbag.py:538} INFO - Filling up the DagBag from /home/airflow/.local/lib/python3.8/site-packages/airflow/example_dags/example_sla_dag.py
[2025-11-16T20:43:30.692+0000] {processor.py:840} INFO - DAG(s) 'example_sla_dag' retrieved from /home/airflow/.local/lib/python3.8/site-packages/airflow/example_dags/example_sla_dag.py
[2025-11-16T20:43:30.715+0000] {logging_mixin.py:188} INFO - [2025-11-16T20:43:30.715+0000] {dag.py:3036} INFO - Sync 1 DAGs
[2025-11-16T20:43:30.743+0000] {logging_mixin.py:188} INFO - [2025-11-16T20:43:30.743+0000] {dag.py:3823} INFO - Setting next_dagrun for example_sla_dag to 2025-11-16 20:40:00+00:00, run_after=2025-11-16 20:42:00+00:00
[2025-11-16T20:43:30.767+0000] {processor.py:183} INFO - Processing /home/airflow/.local/lib/python3.8/site-packages/airflow/example_dags/example_sla_dag.py took 0.089 seconds
[2025-11-16T20:44:00.868+0000] {processor.py:161} INFO - Started process (PID=383) to work on /home/airflow/.local/lib/python3.8/site-packages/airflow/example_dags/example_sla_dag.py
[2025-11-16T20:44:00.869+0000] {processor.py:830} INFO - Processing file /home/airflow/.local/lib/python3.8/site-packages/airflow/example_dags/example_sla_dag.py for tasks to queue
[2025-11-16T20:44:00.871+0000] {logging_mixin.py:188} INFO - [2025-11-16T20:44:00.870+0000] {dagbag.py:538} INFO - Filling up the DagBag from /home/airflow/.local/lib/python3.8/site-packages/airflow/example_dags/example_sla_dag.py
[2025-11-16T20:44:00.892+0000] {processor.py:840} INFO - DAG(s) 'example_sla_dag' retrieved from /home/airflow/.local/lib/python3.8/site-packages/airflow/example_dags/example_sla_dag.py
[2025-11-16T20:44:00.932+0000] {logging_mixin.py:188} INFO - [2025-11-16T20:44:00.932+0000] {dag.py:3036} INFO - Sync 1 DAGs
[2025-11-16T20:44:00.977+0000] {logging_mixin.py:188} INFO - [2025-11-16T20:44:00.977+0000] {dag.py:3823} INFO - Setting next_dagrun for example_sla_dag to 2025-11-16 20:42:00+00:00, run_after=2025-11-16 20:44:00+00:00
[2025-11-16T20:44:01.005+0000] {processor.py:183} INFO - Processing /home/airflow/.local/lib/python3.8/site-packages/airflow/example_dags/example_sla_dag.py took 0.144 seconds
[2025-11-16T20:44:31.081+0000] {processor.py:161} INFO - Started process (PID=472) to work on /home/airflow/.local/lib/python3.8/site-packages/airflow/example_dags/example_sla_dag.py
[2025-11-16T20:44:31.082+0000] {processor.py:830} INFO - Processing file /home/airflow/.local/lib/python3.8/site-packages/airflow/example_dags/example_sla_dag.py for tasks to queue
[2025-11-16T20:44:31.083+0000] {logging_mixin.py:188} INFO - [2025-11-16T20:44:31.083+0000] {dagbag.py:538} INFO - Filling up the DagBag from /home/airflow/.local/lib/python3.8/site-packages/airflow/example_dags/example_sla_dag.py
[2025-11-16T20:44:31.092+0000] {processor.py:840} INFO - DAG(s) 'example_sla_dag' retrieved from /home/airflow/.local/lib/python3.8/site-packages/airflow/example_dags/example_sla_dag.py
[2025-11-16T20:44:31.116+0000] {logging_mixin.py:188} INFO - [2025-11-16T20:44:31.115+0000] {dag.py:3036} INFO - Sync 1 DAGs
[2025-11-16T20:44:31.142+0000] {logging_mixin.py:188} INFO - [2025-11-16T20:44:31.142+0000] {dag.py:3823} INFO - Setting next_dagrun for example_sla_dag to 2025-11-16 20:42:00+00:00, run_after=2025-11-16 20:44:00+00:00
[2025-11-16T20:44:31.166+0000] {processor.py:183} INFO - Processing /home/airflow/.local/lib/python3.8/site-packages/airflow/example_dags/example_sla_dag.py took 0.088 seconds
[2025-11-16T20:45:01.729+0000] {processor.py:161} INFO - Started process (PID=554) to work on /home/airflow/.local/lib/python3.8/site-packages/airflow/example_dags/example_sla_dag.py
[2025-11-16T20:45:01.730+0000] {processor.py:830} INFO - Processing file /home/airflow/.local/lib/python3.8/site-packages/airflow/example_dags/example_sla_dag.py for tasks to queue
[2025-11-16T20:45:01.732+0000] {logging_mixin.py:188} INFO - [2025-11-16T20:45:01.732+0000] {dagbag.py:538} INFO - Filling up the DagBag from /home/airflow/.local/lib/python3.8/site-packages/airflow/example_dags/example_sla_dag.py
[2025-11-16T20:45:01.745+0000] {processor.py:840} INFO - DAG(s) 'example_sla_dag' retrieved from /home/airflow/.local/lib/python3.8/site-packages/airflow/example_dags/example_sla_dag.py
[2025-11-16T20:45:01.769+0000] {logging_mixin.py:188} INFO - [2025-11-16T20:45:01.769+0000] {dag.py:3036} INFO - Sync 1 DAGs
[2025-11-16T20:45:01.797+0000] {logging_mixin.py:188} INFO - [2025-11-16T20:45:01.796+0000] {dag.py:3823} INFO - Setting next_dagrun for example_sla_dag to 2025-11-16 20:42:00+00:00, run_after=2025-11-16 20:44:00+00:00
[2025-11-16T20:45:01.824+0000] {processor.py:183} INFO - Processing /home/airflow/.local/lib/python3.8/site-packages/airflow/example_dags/example_sla_dag.py took 0.099 seconds
[2025-11-16T20:45:32.941+0000] {processor.py:161} INFO - Started process (PID=651) to work on /home/airflow/.local/lib/python3.8/site-packages/airflow/example_dags/example_sla_dag.py
[2025-11-16T20:45:32.942+0000] {processor.py:830} INFO - Processing file /home/airflow/.local/lib/python3.8/site-packages/airflow/example_dags/example_sla_dag.py for tasks to queue
[2025-11-16T20:45:32.943+0000] {logging_mixin.py:188} INFO - [2025-11-16T20:45:32.943+0000] {dagbag.py:538} INFO - Filling up the DagBag from /home/airflow/.local/lib/python3.8/site-packages/airflow/example_dags/example_sla_dag.py
[2025-11-16T20:45:32.953+0000] {processor.py:840} INFO - DAG(s) 'example_sla_dag' retrieved from /home/airflow/.local/lib/python3.8/site-packages/airflow/example_dags/example_sla_dag.py
[2025-11-16T20:45:32.977+0000] {logging_mixin.py:188} INFO - [2025-11-16T20:45:32.977+0000] {dag.py:3036} INFO - Sync 1 DAGs
[2025-11-16T20:45:33.007+0000] {logging_mixin.py:188} INFO - [2025-11-16T20:45:33.006+0000] {dag.py:3823} INFO - Setting next_dagrun for example_sla_dag to 2025-11-16 20:42:00+00:00, run_after=2025-11-16 20:44:00+00:00
[2025-11-16T20:45:33.032+0000] {processor.py:183} INFO - Processing /home/airflow/.local/lib/python3.8/site-packages/airflow/example_dags/example_sla_dag.py took 0.094 seconds
[2025-11-16T20:46:03.663+0000] {processor.py:161} INFO - Started process (PID=732) to work on /home/airflow/.local/lib/python3.8/site-packages/airflow/example_dags/example_sla_dag.py
[2025-11-16T20:46:03.664+0000] {processor.py:830} INFO - Processing file /home/airflow/.local/lib/python3.8/site-packages/airflow/example_dags/example_sla_dag.py for tasks to queue
[2025-11-16T20:46:03.666+0000] {logging_mixin.py:188} INFO - [2025-11-16T20:46:03.666+0000] {dagbag.py:538} INFO - Filling up the DagBag from /home/airflow/.local/lib/python3.8/site-packages/airflow/example_dags/example_sla_dag.py
[2025-11-16T20:46:03.674+0000] {processor.py:840} INFO - DAG(s) 'example_sla_dag' retrieved from /home/airflow/.local/lib/python3.8/site-packages/airflow/example_dags/example_sla_dag.py
[2025-11-16T20:46:03.698+0000] {logging_mixin.py:188} INFO - [2025-11-16T20:46:03.697+0000] {dag.py:3036} INFO - Sync 1 DAGs
[2025-11-16T20:46:03.723+0000] {logging_mixin.py:188} INFO - [2025-11-16T20:46:03.723+0000] {dag.py:3823} INFO - Setting next_dagrun for example_sla_dag to 2025-11-16 20:44:00+00:00, run_after=2025-11-16 20:46:00+00:00
[2025-11-16T20:46:03.750+0000] {processor.py:183} INFO - Processing /home/airflow/.local/lib/python3.8/site-packages/airflow/example_dags/example_sla_dag.py took 0.089 seconds
[2025-11-16T20:46:35.008+0000] {processor.py:161} INFO - Started process (PID=821) to work on /home/airflow/.local/lib/python3.8/site-packages/airflow/example_dags/example_sla_dag.py
[2025-11-16T20:46:35.009+0000] {processor.py:830} INFO - Processing file /home/airflow/.local/lib/python3.8/site-packages/airflow/example_dags/example_sla_dag.py for tasks to queue
[2025-11-16T20:46:35.011+0000] {logging_mixin.py:188} INFO - [2025-11-16T20:46:35.010+0000] {dagbag.py:538} INFO - Filling up the DagBag from /home/airflow/.local/lib/python3.8/site-packages/airflow/example_dags/example_sla_dag.py
[2025-11-16T20:46:35.027+0000] {processor.py:840} INFO - DAG(s) 'example_sla_dag' retrieved from /home/airflow/.local/lib/python3.8/site-packages/airflow/example_dags/example_sla_dag.py
[2025-11-16T20:46:35.065+0000] {logging_mixin.py:188} INFO - [2025-11-16T20:46:35.064+0000] {dag.py:3036} INFO - Sync 1 DAGs
[2025-11-16T20:46:35.117+0000] {logging_mixin.py:188} INFO - [2025-11-16T20:46:35.117+0000] {dag.py:3823} INFO - Setting next_dagrun for example_sla_dag to 2025-11-16 20:44:00+00:00, run_after=2025-11-16 20:46:00+00:00
[2025-11-16T20:46:35.150+0000] {processor.py:183} INFO - Processing /home/airflow/.local/lib/python3.8/site-packages/airflow/example_dags/example_sla_dag.py took 0.147 seconds
[2025-11-16T20:47:06.119+0000] {processor.py:161} INFO - Started process (PID=908) to work on /home/airflow/.local/lib/python3.8/site-packages/airflow/example_dags/example_sla_dag.py
[2025-11-16T20:47:06.120+0000] {processor.py:830} INFO - Processing file /home/airflow/.local/lib/python3.8/site-packages/airflow/example_dags/example_sla_dag.py for tasks to queue
[2025-11-16T20:47:06.121+0000] {logging_mixin.py:188} INFO - [2025-11-16T20:47:06.120+0000] {dagbag.py:538} INFO - Filling up the DagBag from /home/airflow/.local/lib/python3.8/site-packages/airflow/example_dags/example_sla_dag.py
[2025-11-16T20:47:06.131+0000] {processor.py:840} INFO - DAG(s) 'example_sla_dag' retrieved from /home/airflow/.local/lib/python3.8/site-packages/airflow/example_dags/example_sla_dag.py
[2025-11-16T20:47:06.166+0000] {logging_mixin.py:188} INFO - [2025-11-16T20:47:06.166+0000] {dag.py:3036} INFO - Sync 1 DAGs
[2025-11-16T20:47:06.190+0000] {logging_mixin.py:188} INFO - [2025-11-16T20:47:06.190+0000] {dag.py:3823} INFO - Setting next_dagrun for example_sla_dag to 2025-11-16 20:44:00+00:00, run_after=2025-11-16 20:46:00+00:00
[2025-11-16T20:47:06.212+0000] {processor.py:183} INFO - Processing /home/airflow/.local/lib/python3.8/site-packages/airflow/example_dags/example_sla_dag.py took 0.098 seconds
[2025-11-16T20:47:36.391+0000] {processor.py:161} INFO - Started process (PID=988) to work on /home/airflow/.local/lib/python3.8/site-packages/airflow/example_dags/example_sla_dag.py
[2025-11-16T20:47:36.392+0000] {processor.py:830} INFO - Processing file /home/airflow/.local/lib/python3.8/site-packages/airflow/example_dags/example_sla_dag.py for tasks to queue
[2025-11-16T20:47:36.393+0000] {logging_mixin.py:188} INFO - [2025-11-16T20:47:36.393+0000] {dagbag.py:538} INFO - Filling up the DagBag from /home/airflow/.local/lib/python3.8/site-packages/airflow/example_dags/example_sla_dag.py
[2025-11-16T20:47:36.402+0000] {processor.py:840} INFO - DAG(s) 'example_sla_dag' retrieved from /home/airflow/.local/lib/python3.8/site-packages/airflow/example_dags/example_sla_dag.py
[2025-11-16T20:47:36.424+0000] {logging_mixin.py:188} INFO - [2025-11-16T20:47:36.424+0000] {dag.py:3036} INFO - Sync 1 DAGs
[2025-11-16T20:47:36.445+0000] {logging_mixin.py:188} INFO - [2025-11-16T20:47:36.445+0000] {dag.py:3823} INFO - Setting next_dagrun for example_sla_dag to 2025-11-16 20:44:00+00:00, run_after=2025-11-16 20:46:00+00:00
[2025-11-16T20:47:36.468+0000] {processor.py:183} INFO - Processing /home/airflow/.local/lib/python3.8/site-packages/airflow/example_dags/example_sla_dag.py took 0.079 seconds
[2025-11-16T20:48:06.686+0000] {processor.py:161} INFO - Started process (PID=1084) to work on /home/airflow/.local/lib/python3.8/site-packages/airflow/example_dags/example_sla_dag.py
[2025-11-16T20:48:06.687+0000] {processor.py:830} INFO - Processing file /home/airflow/.local/lib/python3.8/site-packages/airflow/example_dags/example_sla_dag.py for tasks to queue
[2025-11-16T20:48:06.689+0000] {logging_mixin.py:188} INFO - [2025-11-16T20:48:06.688+0000] {dagbag.py:538} INFO - Filling up the DagBag from /home/airflow/.local/lib/python3.8/site-packages/airflow/example_dags/example_sla_dag.py
[2025-11-16T20:48:06.704+0000] {processor.py:840} INFO - DAG(s) 'example_sla_dag' retrieved from /home/airflow/.local/lib/python3.8/site-packages/airflow/example_dags/example_sla_dag.py
[2025-11-16T20:48:06.747+0000] {logging_mixin.py:188} INFO - [2025-11-16T20:48:06.747+0000] {dag.py:3036} INFO - Sync 1 DAGs
[2025-11-16T20:48:06.793+0000] {logging_mixin.py:188} INFO - [2025-11-16T20:48:06.793+0000] {dag.py:3823} INFO - Setting next_dagrun for example_sla_dag to 2025-11-16 20:46:00+00:00, run_after=2025-11-16 20:48:00+00:00
[2025-11-16T20:48:06.826+0000] {processor.py:183} INFO - Processing /home/airflow/.local/lib/python3.8/site-packages/airflow/example_dags/example_sla_dag.py took 0.146 seconds
[2025-11-16T20:48:37.365+0000] {processor.py:161} INFO - Started process (PID=1165) to work on /home/airflow/.local/lib/python3.8/site-packages/airflow/example_dags/example_sla_dag.py
[2025-11-16T20:48:37.369+0000] {processor.py:830} INFO - Processing file /home/airflow/.local/lib/python3.8/site-packages/airflow/example_dags/example_sla_dag.py for tasks to queue
[2025-11-16T20:48:37.371+0000] {logging_mixin.py:188} INFO - [2025-11-16T20:48:37.370+0000] {dagbag.py:538} INFO - Filling up the DagBag from /home/airflow/.local/lib/python3.8/site-packages/airflow/example_dags/example_sla_dag.py
[2025-11-16T20:48:37.403+0000] {processor.py:840} INFO - DAG(s) 'example_sla_dag' retrieved from /home/airflow/.local/lib/python3.8/site-packages/airflow/example_dags/example_sla_dag.py
[2025-11-16T20:48:37.467+0000] {logging_mixin.py:188} INFO - [2025-11-16T20:48:37.467+0000] {dag.py:3036} INFO - Sync 1 DAGs
[2025-11-16T20:48:37.546+0000] {logging_mixin.py:188} INFO - [2025-11-16T20:48:37.545+0000] {dag.py:3823} INFO - Setting next_dagrun for example_sla_dag to 2025-11-16 20:46:00+00:00, run_after=2025-11-16 20:48:00+00:00
[2025-11-16T20:48:37.614+0000] {processor.py:183} INFO - Processing /home/airflow/.local/lib/python3.8/site-packages/airflow/example_dags/example_sla_dag.py took 0.265 seconds
[2025-11-16T20:49:17.209+0000] {processor.py:161} INFO - Started process (PID=1248) to work on /home/airflow/.local/lib/python3.8/site-packages/airflow/example_dags/example_sla_dag.py
[2025-11-16T20:49:17.210+0000] {processor.py:830} INFO - Processing file /home/airflow/.local/lib/python3.8/site-packages/airflow/example_dags/example_sla_dag.py for tasks to queue
[2025-11-16T20:49:17.212+0000] {logging_mixin.py:188} INFO - [2025-11-16T20:49:17.211+0000] {dagbag.py:538} INFO - Filling up the DagBag from /home/airflow/.local/lib/python3.8/site-packages/airflow/example_dags/example_sla_dag.py
[2025-11-16T20:49:17.229+0000] {processor.py:840} INFO - DAG(s) 'example_sla_dag' retrieved from /home/airflow/.local/lib/python3.8/site-packages/airflow/example_dags/example_sla_dag.py
[2025-11-16T20:49:17.274+0000] {logging_mixin.py:188} INFO - [2025-11-16T20:49:17.273+0000] {dag.py:3036} INFO - Sync 1 DAGs
[2025-11-16T20:49:17.333+0000] {logging_mixin.py:188} INFO - [2025-11-16T20:49:17.332+0000] {dag.py:3823} INFO - Setting next_dagrun for example_sla_dag to 2025-11-16 20:46:00+00:00, run_after=2025-11-16 20:48:00+00:00
[2025-11-16T20:49:17.375+0000] {processor.py:183} INFO - Processing /home/airflow/.local/lib/python3.8/site-packages/airflow/example_dags/example_sla_dag.py took 0.173 seconds
[2025-11-16T20:50:04.911+0000] {processor.py:161} INFO - Started process (PID=1321) to work on /home/airflow/.local/lib/python3.8/site-packages/airflow/example_dags/example_sla_dag.py
[2025-11-16T20:50:04.914+0000] {processor.py:830} INFO - Processing file /home/airflow/.local/lib/python3.8/site-packages/airflow/example_dags/example_sla_dag.py for tasks to queue
[2025-11-16T20:50:04.919+0000] {logging_mixin.py:188} INFO - [2025-11-16T20:50:04.918+0000] {dagbag.py:538} INFO - Filling up the DagBag from /home/airflow/.local/lib/python3.8/site-packages/airflow/example_dags/example_sla_dag.py
[2025-11-16T20:50:04.939+0000] {processor.py:840} INFO - DAG(s) 'example_sla_dag' retrieved from /home/airflow/.local/lib/python3.8/site-packages/airflow/example_dags/example_sla_dag.py
[2025-11-16T20:50:04.981+0000] {logging_mixin.py:188} INFO - [2025-11-16T20:50:04.980+0000] {dag.py:3036} INFO - Sync 1 DAGs
[2025-11-16T20:50:05.038+0000] {logging_mixin.py:188} INFO - [2025-11-16T20:50:05.037+0000] {dag.py:3823} INFO - Setting next_dagrun for example_sla_dag to 2025-11-16 20:48:00+00:00, run_after=2025-11-16 20:50:00+00:00
[2025-11-16T20:50:05.079+0000] {processor.py:183} INFO - Processing /home/airflow/.local/lib/python3.8/site-packages/airflow/example_dags/example_sla_dag.py took 0.177 seconds
[2025-11-16T23:16:18.559+0000] {processor.py:161} INFO - Started process (PID=1416) to work on /home/airflow/.local/lib/python3.8/site-packages/airflow/example_dags/example_sla_dag.py
[2025-11-16T23:16:18.560+0000] {processor.py:830} INFO - Processing file /home/airflow/.local/lib/python3.8/site-packages/airflow/example_dags/example_sla_dag.py for tasks to queue
[2025-11-16T23:16:18.564+0000] {logging_mixin.py:188} INFO - [2025-11-16T23:16:18.562+0000] {dagbag.py:538} INFO - Filling up the DagBag from /home/airflow/.local/lib/python3.8/site-packages/airflow/example_dags/example_sla_dag.py
[2025-11-16T23:16:18.588+0000] {processor.py:840} INFO - DAG(s) 'example_sla_dag' retrieved from /home/airflow/.local/lib/python3.8/site-packages/airflow/example_dags/example_sla_dag.py
[2025-11-16T23:16:18.639+0000] {logging_mixin.py:188} INFO - [2025-11-16T23:16:18.638+0000] {dag.py:3036} INFO - Sync 1 DAGs
[2025-11-16T23:16:18.717+0000] {logging_mixin.py:188} INFO - [2025-11-16T23:16:18.716+0000] {dag.py:3823} INFO - Setting next_dagrun for example_sla_dag to 2025-11-16 23:14:00+00:00, run_after=2025-11-16 23:16:00+00:00
[2025-11-16T23:16:18.780+0000] {processor.py:183} INFO - Processing /home/airflow/.local/lib/python3.8/site-packages/airflow/example_dags/example_sla_dag.py took 0.230 seconds
[2025-11-16T23:16:49.471+0000] {processor.py:161} INFO - Started process (PID=1498) to work on /home/airflow/.local/lib/python3.8/site-packages/airflow/example_dags/example_sla_dag.py
[2025-11-16T23:16:49.475+0000] {processor.py:830} INFO - Processing file /home/airflow/.local/lib/python3.8/site-packages/airflow/example_dags/example_sla_dag.py for tasks to queue
[2025-11-16T23:16:49.476+0000] {logging_mixin.py:188} INFO - [2025-11-16T23:16:49.476+0000] {dagbag.py:538} INFO - Filling up the DagBag from /home/airflow/.local/lib/python3.8/site-packages/airflow/example_dags/example_sla_dag.py
[2025-11-16T23:16:49.498+0000] {processor.py:840} INFO - DAG(s) 'example_sla_dag' retrieved from /home/airflow/.local/lib/python3.8/site-packages/airflow/example_dags/example_sla_dag.py
[2025-11-16T23:16:49.558+0000] {logging_mixin.py:188} INFO - [2025-11-16T23:16:49.557+0000] {dag.py:3036} INFO - Sync 1 DAGs
[2025-11-16T23:16:49.630+0000] {logging_mixin.py:188} INFO - [2025-11-16T23:16:49.626+0000] {dag.py:3823} INFO - Setting next_dagrun for example_sla_dag to 2025-11-16 23:14:00+00:00, run_after=2025-11-16 23:16:00+00:00
[2025-11-16T23:16:49.670+0000] {processor.py:183} INFO - Processing /home/airflow/.local/lib/python3.8/site-packages/airflow/example_dags/example_sla_dag.py took 0.203 seconds
[2025-11-16T23:17:23.509+0000] {processor.py:161} INFO - Started process (PID=1580) to work on /home/airflow/.local/lib/python3.8/site-packages/airflow/example_dags/example_sla_dag.py
[2025-11-16T23:17:23.510+0000] {processor.py:830} INFO - Processing file /home/airflow/.local/lib/python3.8/site-packages/airflow/example_dags/example_sla_dag.py for tasks to queue
[2025-11-16T23:17:23.512+0000] {logging_mixin.py:188} INFO - [2025-11-16T23:17:23.511+0000] {dagbag.py:538} INFO - Filling up the DagBag from /home/airflow/.local/lib/python3.8/site-packages/airflow/example_dags/example_sla_dag.py
[2025-11-16T23:17:23.530+0000] {processor.py:840} INFO - DAG(s) 'example_sla_dag' retrieved from /home/airflow/.local/lib/python3.8/site-packages/airflow/example_dags/example_sla_dag.py
[2025-11-16T23:17:23.570+0000] {logging_mixin.py:188} INFO - [2025-11-16T23:17:23.569+0000] {dag.py:3036} INFO - Sync 1 DAGs
[2025-11-16T23:17:23.619+0000] {logging_mixin.py:188} INFO - [2025-11-16T23:17:23.618+0000] {dag.py:3823} INFO - Setting next_dagrun for example_sla_dag to 2025-11-16 23:14:00+00:00, run_after=2025-11-16 23:16:00+00:00
[2025-11-16T23:17:23.652+0000] {processor.py:183} INFO - Processing /home/airflow/.local/lib/python3.8/site-packages/airflow/example_dags/example_sla_dag.py took 0.151 seconds
[2025-11-16T23:17:57.691+0000] {processor.py:161} INFO - Started process (PID=1646) to work on /home/airflow/.local/lib/python3.8/site-packages/airflow/example_dags/example_sla_dag.py
[2025-11-16T23:17:57.692+0000] {processor.py:830} INFO - Processing file /home/airflow/.local/lib/python3.8/site-packages/airflow/example_dags/example_sla_dag.py for tasks to queue
[2025-11-16T23:17:57.694+0000] {logging_mixin.py:188} INFO - [2025-11-16T23:17:57.693+0000] {dagbag.py:538} INFO - Filling up the DagBag from /home/airflow/.local/lib/python3.8/site-packages/airflow/example_dags/example_sla_dag.py
[2025-11-16T23:17:57.716+0000] {processor.py:840} INFO - DAG(s) 'example_sla_dag' retrieved from /home/airflow/.local/lib/python3.8/site-packages/airflow/example_dags/example_sla_dag.py
[2025-11-16T23:17:57.770+0000] {logging_mixin.py:188} INFO - [2025-11-16T23:17:57.770+0000] {dag.py:3036} INFO - Sync 1 DAGs
[2025-11-16T23:17:57.834+0000] {logging_mixin.py:188} INFO - [2025-11-16T23:17:57.834+0000] {dag.py:3823} INFO - Setting next_dagrun for example_sla_dag to 2025-11-16 23:14:00+00:00, run_after=2025-11-16 23:16:00+00:00
[2025-11-16T23:17:57.878+0000] {processor.py:183} INFO - Processing /home/airflow/.local/lib/python3.8/site-packages/airflow/example_dags/example_sla_dag.py took 0.193 seconds
[2025-11-16T23:18:31.977+0000] {processor.py:161} INFO - Started process (PID=1734) to work on /home/airflow/.local/lib/python3.8/site-packages/airflow/example_dags/example_sla_dag.py
[2025-11-16T23:18:31.978+0000] {processor.py:830} INFO - Processing file /home/airflow/.local/lib/python3.8/site-packages/airflow/example_dags/example_sla_dag.py for tasks to queue
[2025-11-16T23:18:31.979+0000] {logging_mixin.py:188} INFO - [2025-11-16T23:18:31.979+0000] {dagbag.py:538} INFO - Filling up the DagBag from /home/airflow/.local/lib/python3.8/site-packages/airflow/example_dags/example_sla_dag.py
[2025-11-16T23:18:31.998+0000] {processor.py:840} INFO - DAG(s) 'example_sla_dag' retrieved from /home/airflow/.local/lib/python3.8/site-packages/airflow/example_dags/example_sla_dag.py
[2025-11-16T23:18:32.034+0000] {logging_mixin.py:188} INFO - [2025-11-16T23:18:32.034+0000] {dag.py:3036} INFO - Sync 1 DAGs
[2025-11-16T23:18:32.075+0000] {logging_mixin.py:188} INFO - [2025-11-16T23:18:32.075+0000] {dag.py:3823} INFO - Setting next_dagrun for example_sla_dag to 2025-11-16 23:16:00+00:00, run_after=2025-11-16 23:18:00+00:00
[2025-11-16T23:18:32.419+0000] {processor.py:183} INFO - Processing /home/airflow/.local/lib/python3.8/site-packages/airflow/example_dags/example_sla_dag.py took 0.449 seconds
[2025-11-16T23:19:02.637+0000] {processor.py:161} INFO - Started process (PID=1808) to work on /home/airflow/.local/lib/python3.8/site-packages/airflow/example_dags/example_sla_dag.py
[2025-11-16T23:19:02.637+0000] {processor.py:830} INFO - Processing file /home/airflow/.local/lib/python3.8/site-packages/airflow/example_dags/example_sla_dag.py for tasks to queue
[2025-11-16T23:19:02.641+0000] {logging_mixin.py:188} INFO - [2025-11-16T23:19:02.640+0000] {dagbag.py:538} INFO - Filling up the DagBag from /home/airflow/.local/lib/python3.8/site-packages/airflow/example_dags/example_sla_dag.py
[2025-11-16T23:19:02.653+0000] {processor.py:840} INFO - DAG(s) 'example_sla_dag' retrieved from /home/airflow/.local/lib/python3.8/site-packages/airflow/example_dags/example_sla_dag.py
[2025-11-16T23:19:02.682+0000] {logging_mixin.py:188} INFO - [2025-11-16T23:19:02.681+0000] {dag.py:3036} INFO - Sync 1 DAGs
[2025-11-16T23:19:02.715+0000] {logging_mixin.py:188} INFO - [2025-11-16T23:19:02.714+0000] {dag.py:3823} INFO - Setting next_dagrun for example_sla_dag to 2025-11-16 23:16:00+00:00, run_after=2025-11-16 23:18:00+00:00
[2025-11-16T23:19:02.746+0000] {processor.py:183} INFO - Processing /home/airflow/.local/lib/python3.8/site-packages/airflow/example_dags/example_sla_dag.py took 0.113 seconds
