[2025-11-16T20:20:48.116+0000] {processor.py:161} INFO - Started process (PID=181) to work on /home/airflow/.local/lib/python3.8/site-packages/airflow/example_dags/example_latest_only.py
[2025-11-16T20:20:48.118+0000] {processor.py:830} INFO - Processing file /home/airflow/.local/lib/python3.8/site-packages/airflow/example_dags/example_latest_only.py for tasks to queue
[2025-11-16T20:20:48.120+0000] {logging_mixin.py:188} INFO - [2025-11-16T20:20:48.119+0000] {dagbag.py:538} INFO - Filling up the DagBag from /home/airflow/.local/lib/python3.8/site-packages/airflow/example_dags/example_latest_only.py
[2025-11-16T20:20:48.133+0000] {processor.py:840} INFO - DAG(s) 'latest_only' retrieved from /home/airflow/.local/lib/python3.8/site-packages/airflow/example_dags/example_latest_only.py
[2025-11-16T20:20:48.472+0000] {logging_mixin.py:188} INFO - [2025-11-16T20:20:48.471+0000] {override.py:1769} INFO - Created Permission View: can edit on DAG:latest_only
[2025-11-16T20:20:48.499+0000] {logging_mixin.py:188} INFO - [2025-11-16T20:20:48.499+0000] {override.py:1769} INFO - Created Permission View: can read on DAG:latest_only
[2025-11-16T20:20:48.508+0000] {logging_mixin.py:188} INFO - [2025-11-16T20:20:48.507+0000] {override.py:1769} INFO - Created Permission View: can delete on DAG:latest_only
[2025-11-16T20:20:48.509+0000] {logging_mixin.py:188} INFO - [2025-11-16T20:20:48.509+0000] {dag.py:3036} INFO - Sync 1 DAGs
[2025-11-16T20:20:48.524+0000] {logging_mixin.py:188} INFO - [2025-11-16T20:20:48.523+0000] {dag.py:3058} INFO - Creating ORM DAG for latest_only
[2025-11-16T20:20:48.536+0000] {logging_mixin.py:188} INFO - [2025-11-16T20:20:48.535+0000] {dag.py:3823} INFO - Setting next_dagrun for latest_only to 2025-11-16 16:00:00+00:00, run_after=2025-11-16 20:00:00+00:00
[2025-11-16T20:20:48.579+0000] {processor.py:183} INFO - Processing /home/airflow/.local/lib/python3.8/site-packages/airflow/example_dags/example_latest_only.py took 0.467 seconds
[2025-11-16T20:21:26.109+0000] {processor.py:161} INFO - Started process (PID=269) to work on /home/airflow/.local/lib/python3.8/site-packages/airflow/example_dags/example_latest_only.py
[2025-11-16T20:21:26.110+0000] {processor.py:830} INFO - Processing file /home/airflow/.local/lib/python3.8/site-packages/airflow/example_dags/example_latest_only.py for tasks to queue
[2025-11-16T20:21:26.111+0000] {logging_mixin.py:188} INFO - [2025-11-16T20:21:26.111+0000] {dagbag.py:538} INFO - Filling up the DagBag from /home/airflow/.local/lib/python3.8/site-packages/airflow/example_dags/example_latest_only.py
[2025-11-16T20:21:26.120+0000] {processor.py:840} INFO - DAG(s) 'latest_only' retrieved from /home/airflow/.local/lib/python3.8/site-packages/airflow/example_dags/example_latest_only.py
[2025-11-16T20:21:26.158+0000] {logging_mixin.py:188} INFO - [2025-11-16T20:21:26.158+0000] {dag.py:3036} INFO - Sync 1 DAGs
[2025-11-16T20:21:26.196+0000] {logging_mixin.py:188} INFO - [2025-11-16T20:21:26.195+0000] {dag.py:3823} INFO - Setting next_dagrun for latest_only to 2025-11-16 16:00:00+00:00, run_after=2025-11-16 20:00:00+00:00
[2025-11-16T20:21:26.226+0000] {processor.py:183} INFO - Processing /home/airflow/.local/lib/python3.8/site-packages/airflow/example_dags/example_latest_only.py took 0.122 seconds
[2025-11-16T20:21:56.413+0000] {processor.py:161} INFO - Started process (PID=350) to work on /home/airflow/.local/lib/python3.8/site-packages/airflow/example_dags/example_latest_only.py
[2025-11-16T20:21:56.414+0000] {processor.py:830} INFO - Processing file /home/airflow/.local/lib/python3.8/site-packages/airflow/example_dags/example_latest_only.py for tasks to queue
[2025-11-16T20:21:56.416+0000] {logging_mixin.py:188} INFO - [2025-11-16T20:21:56.415+0000] {dagbag.py:538} INFO - Filling up the DagBag from /home/airflow/.local/lib/python3.8/site-packages/airflow/example_dags/example_latest_only.py
[2025-11-16T20:21:56.423+0000] {processor.py:840} INFO - DAG(s) 'latest_only' retrieved from /home/airflow/.local/lib/python3.8/site-packages/airflow/example_dags/example_latest_only.py
[2025-11-16T20:21:56.454+0000] {logging_mixin.py:188} INFO - [2025-11-16T20:21:56.454+0000] {dag.py:3036} INFO - Sync 1 DAGs
[2025-11-16T20:21:56.487+0000] {logging_mixin.py:188} INFO - [2025-11-16T20:21:56.486+0000] {dag.py:3823} INFO - Setting next_dagrun for latest_only to 2025-11-16 16:00:00+00:00, run_after=2025-11-16 20:00:00+00:00
[2025-11-16T20:21:56.515+0000] {processor.py:183} INFO - Processing /home/airflow/.local/lib/python3.8/site-packages/airflow/example_dags/example_latest_only.py took 0.106 seconds
[2025-11-16T20:22:28.772+0000] {processor.py:161} INFO - Started process (PID=439) to work on /home/airflow/.local/lib/python3.8/site-packages/airflow/example_dags/example_latest_only.py
[2025-11-16T20:22:28.783+0000] {processor.py:830} INFO - Processing file /home/airflow/.local/lib/python3.8/site-packages/airflow/example_dags/example_latest_only.py for tasks to queue
[2025-11-16T20:22:28.788+0000] {logging_mixin.py:188} INFO - [2025-11-16T20:22:28.788+0000] {dagbag.py:538} INFO - Filling up the DagBag from /home/airflow/.local/lib/python3.8/site-packages/airflow/example_dags/example_latest_only.py
[2025-11-16T20:22:28.804+0000] {processor.py:840} INFO - DAG(s) 'latest_only' retrieved from /home/airflow/.local/lib/python3.8/site-packages/airflow/example_dags/example_latest_only.py
[2025-11-16T20:22:28.858+0000] {logging_mixin.py:188} INFO - [2025-11-16T20:22:28.858+0000] {dag.py:3036} INFO - Sync 1 DAGs
[2025-11-16T20:22:28.941+0000] {logging_mixin.py:188} INFO - [2025-11-16T20:22:28.941+0000] {dag.py:3823} INFO - Setting next_dagrun for latest_only to 2025-11-16 16:00:00+00:00, run_after=2025-11-16 20:00:00+00:00
[2025-11-16T20:22:28.984+0000] {processor.py:183} INFO - Processing /home/airflow/.local/lib/python3.8/site-packages/airflow/example_dags/example_latest_only.py took 0.221 seconds
[2025-11-16T20:22:59.763+0000] {processor.py:161} INFO - Started process (PID=527) to work on /home/airflow/.local/lib/python3.8/site-packages/airflow/example_dags/example_latest_only.py
[2025-11-16T20:22:59.764+0000] {processor.py:830} INFO - Processing file /home/airflow/.local/lib/python3.8/site-packages/airflow/example_dags/example_latest_only.py for tasks to queue
[2025-11-16T20:22:59.766+0000] {logging_mixin.py:188} INFO - [2025-11-16T20:22:59.765+0000] {dagbag.py:538} INFO - Filling up the DagBag from /home/airflow/.local/lib/python3.8/site-packages/airflow/example_dags/example_latest_only.py
[2025-11-16T20:22:59.772+0000] {processor.py:840} INFO - DAG(s) 'latest_only' retrieved from /home/airflow/.local/lib/python3.8/site-packages/airflow/example_dags/example_latest_only.py
[2025-11-16T20:22:59.796+0000] {logging_mixin.py:188} INFO - [2025-11-16T20:22:59.796+0000] {dag.py:3036} INFO - Sync 1 DAGs
[2025-11-16T20:22:59.822+0000] {logging_mixin.py:188} INFO - [2025-11-16T20:22:59.822+0000] {dag.py:3823} INFO - Setting next_dagrun for latest_only to 2025-11-16 16:00:00+00:00, run_after=2025-11-16 20:00:00+00:00
[2025-11-16T20:22:59.844+0000] {processor.py:183} INFO - Processing /home/airflow/.local/lib/python3.8/site-packages/airflow/example_dags/example_latest_only.py took 0.084 seconds
[2025-11-16T20:23:29.941+0000] {processor.py:161} INFO - Started process (PID=608) to work on /home/airflow/.local/lib/python3.8/site-packages/airflow/example_dags/example_latest_only.py
[2025-11-16T20:23:29.942+0000] {processor.py:830} INFO - Processing file /home/airflow/.local/lib/python3.8/site-packages/airflow/example_dags/example_latest_only.py for tasks to queue
[2025-11-16T20:23:29.944+0000] {logging_mixin.py:188} INFO - [2025-11-16T20:23:29.944+0000] {dagbag.py:538} INFO - Filling up the DagBag from /home/airflow/.local/lib/python3.8/site-packages/airflow/example_dags/example_latest_only.py
[2025-11-16T20:23:29.951+0000] {processor.py:840} INFO - DAG(s) 'latest_only' retrieved from /home/airflow/.local/lib/python3.8/site-packages/airflow/example_dags/example_latest_only.py
[2025-11-16T20:23:29.978+0000] {logging_mixin.py:188} INFO - [2025-11-16T20:23:29.978+0000] {dag.py:3036} INFO - Sync 1 DAGs
[2025-11-16T20:23:30.002+0000] {logging_mixin.py:188} INFO - [2025-11-16T20:23:30.001+0000] {dag.py:3823} INFO - Setting next_dagrun for latest_only to 2025-11-16 16:00:00+00:00, run_after=2025-11-16 20:00:00+00:00
[2025-11-16T20:23:30.045+0000] {processor.py:183} INFO - Processing /home/airflow/.local/lib/python3.8/site-packages/airflow/example_dags/example_latest_only.py took 0.107 seconds
[2025-11-16T20:24:00.161+0000] {processor.py:161} INFO - Started process (PID=689) to work on /home/airflow/.local/lib/python3.8/site-packages/airflow/example_dags/example_latest_only.py
[2025-11-16T20:24:00.162+0000] {processor.py:830} INFO - Processing file /home/airflow/.local/lib/python3.8/site-packages/airflow/example_dags/example_latest_only.py for tasks to queue
[2025-11-16T20:24:00.163+0000] {logging_mixin.py:188} INFO - [2025-11-16T20:24:00.163+0000] {dagbag.py:538} INFO - Filling up the DagBag from /home/airflow/.local/lib/python3.8/site-packages/airflow/example_dags/example_latest_only.py
[2025-11-16T20:24:00.169+0000] {processor.py:840} INFO - DAG(s) 'latest_only' retrieved from /home/airflow/.local/lib/python3.8/site-packages/airflow/example_dags/example_latest_only.py
[2025-11-16T20:24:00.195+0000] {logging_mixin.py:188} INFO - [2025-11-16T20:24:00.195+0000] {dag.py:3036} INFO - Sync 1 DAGs
[2025-11-16T20:24:00.218+0000] {logging_mixin.py:188} INFO - [2025-11-16T20:24:00.218+0000] {dag.py:3823} INFO - Setting next_dagrun for latest_only to 2025-11-16 16:00:00+00:00, run_after=2025-11-16 20:00:00+00:00
[2025-11-16T20:24:00.252+0000] {processor.py:183} INFO - Processing /home/airflow/.local/lib/python3.8/site-packages/airflow/example_dags/example_latest_only.py took 0.094 seconds
[2025-11-16T20:24:30.347+0000] {processor.py:161} INFO - Started process (PID=784) to work on /home/airflow/.local/lib/python3.8/site-packages/airflow/example_dags/example_latest_only.py
[2025-11-16T20:24:30.348+0000] {processor.py:830} INFO - Processing file /home/airflow/.local/lib/python3.8/site-packages/airflow/example_dags/example_latest_only.py for tasks to queue
[2025-11-16T20:24:30.349+0000] {logging_mixin.py:188} INFO - [2025-11-16T20:24:30.348+0000] {dagbag.py:538} INFO - Filling up the DagBag from /home/airflow/.local/lib/python3.8/site-packages/airflow/example_dags/example_latest_only.py
[2025-11-16T20:24:30.354+0000] {processor.py:840} INFO - DAG(s) 'latest_only' retrieved from /home/airflow/.local/lib/python3.8/site-packages/airflow/example_dags/example_latest_only.py
[2025-11-16T20:24:30.381+0000] {logging_mixin.py:188} INFO - [2025-11-16T20:24:30.381+0000] {dag.py:3036} INFO - Sync 1 DAGs
[2025-11-16T20:24:30.403+0000] {logging_mixin.py:188} INFO - [2025-11-16T20:24:30.403+0000] {dag.py:3823} INFO - Setting next_dagrun for latest_only to 2025-11-16 16:00:00+00:00, run_after=2025-11-16 20:00:00+00:00
[2025-11-16T20:24:30.425+0000] {processor.py:183} INFO - Processing /home/airflow/.local/lib/python3.8/site-packages/airflow/example_dags/example_latest_only.py took 0.082 seconds
[2025-11-16T20:25:00.465+0000] {processor.py:161} INFO - Started process (PID=865) to work on /home/airflow/.local/lib/python3.8/site-packages/airflow/example_dags/example_latest_only.py
[2025-11-16T20:25:00.466+0000] {processor.py:830} INFO - Processing file /home/airflow/.local/lib/python3.8/site-packages/airflow/example_dags/example_latest_only.py for tasks to queue
[2025-11-16T20:25:00.468+0000] {logging_mixin.py:188} INFO - [2025-11-16T20:25:00.468+0000] {dagbag.py:538} INFO - Filling up the DagBag from /home/airflow/.local/lib/python3.8/site-packages/airflow/example_dags/example_latest_only.py
[2025-11-16T20:25:00.475+0000] {processor.py:840} INFO - DAG(s) 'latest_only' retrieved from /home/airflow/.local/lib/python3.8/site-packages/airflow/example_dags/example_latest_only.py
[2025-11-16T20:25:00.504+0000] {logging_mixin.py:188} INFO - [2025-11-16T20:25:00.503+0000] {dag.py:3036} INFO - Sync 1 DAGs
[2025-11-16T20:25:00.533+0000] {logging_mixin.py:188} INFO - [2025-11-16T20:25:00.533+0000] {dag.py:3823} INFO - Setting next_dagrun for latest_only to 2025-11-16 16:00:00+00:00, run_after=2025-11-16 20:00:00+00:00
[2025-11-16T20:25:00.558+0000] {processor.py:183} INFO - Processing /home/airflow/.local/lib/python3.8/site-packages/airflow/example_dags/example_latest_only.py took 0.096 seconds
[2025-11-16T20:25:30.643+0000] {processor.py:161} INFO - Started process (PID=954) to work on /home/airflow/.local/lib/python3.8/site-packages/airflow/example_dags/example_latest_only.py
[2025-11-16T20:25:30.644+0000] {processor.py:830} INFO - Processing file /home/airflow/.local/lib/python3.8/site-packages/airflow/example_dags/example_latest_only.py for tasks to queue
[2025-11-16T20:25:30.645+0000] {logging_mixin.py:188} INFO - [2025-11-16T20:25:30.645+0000] {dagbag.py:538} INFO - Filling up the DagBag from /home/airflow/.local/lib/python3.8/site-packages/airflow/example_dags/example_latest_only.py
[2025-11-16T20:25:30.651+0000] {processor.py:840} INFO - DAG(s) 'latest_only' retrieved from /home/airflow/.local/lib/python3.8/site-packages/airflow/example_dags/example_latest_only.py
[2025-11-16T20:25:30.677+0000] {logging_mixin.py:188} INFO - [2025-11-16T20:25:30.676+0000] {dag.py:3036} INFO - Sync 1 DAGs
[2025-11-16T20:25:30.700+0000] {logging_mixin.py:188} INFO - [2025-11-16T20:25:30.700+0000] {dag.py:3823} INFO - Setting next_dagrun for latest_only to 2025-11-16 16:00:00+00:00, run_after=2025-11-16 20:00:00+00:00
[2025-11-16T20:25:30.726+0000] {processor.py:183} INFO - Processing /home/airflow/.local/lib/python3.8/site-packages/airflow/example_dags/example_latest_only.py took 0.089 seconds
[2025-11-16T20:26:01.782+0000] {processor.py:161} INFO - Started process (PID=1043) to work on /home/airflow/.local/lib/python3.8/site-packages/airflow/example_dags/example_latest_only.py
[2025-11-16T20:26:01.783+0000] {processor.py:830} INFO - Processing file /home/airflow/.local/lib/python3.8/site-packages/airflow/example_dags/example_latest_only.py for tasks to queue
[2025-11-16T20:26:01.784+0000] {logging_mixin.py:188} INFO - [2025-11-16T20:26:01.784+0000] {dagbag.py:538} INFO - Filling up the DagBag from /home/airflow/.local/lib/python3.8/site-packages/airflow/example_dags/example_latest_only.py
[2025-11-16T20:26:01.790+0000] {processor.py:840} INFO - DAG(s) 'latest_only' retrieved from /home/airflow/.local/lib/python3.8/site-packages/airflow/example_dags/example_latest_only.py
[2025-11-16T20:26:01.818+0000] {logging_mixin.py:188} INFO - [2025-11-16T20:26:01.818+0000] {dag.py:3036} INFO - Sync 1 DAGs
[2025-11-16T20:26:01.840+0000] {logging_mixin.py:188} INFO - [2025-11-16T20:26:01.840+0000] {dag.py:3823} INFO - Setting next_dagrun for latest_only to 2025-11-16 16:00:00+00:00, run_after=2025-11-16 20:00:00+00:00
[2025-11-16T20:26:01.864+0000] {processor.py:183} INFO - Processing /home/airflow/.local/lib/python3.8/site-packages/airflow/example_dags/example_latest_only.py took 0.085 seconds
[2025-11-16T20:26:32.164+0000] {processor.py:161} INFO - Started process (PID=1132) to work on /home/airflow/.local/lib/python3.8/site-packages/airflow/example_dags/example_latest_only.py
[2025-11-16T20:26:32.165+0000] {processor.py:830} INFO - Processing file /home/airflow/.local/lib/python3.8/site-packages/airflow/example_dags/example_latest_only.py for tasks to queue
[2025-11-16T20:26:32.166+0000] {logging_mixin.py:188} INFO - [2025-11-16T20:26:32.165+0000] {dagbag.py:538} INFO - Filling up the DagBag from /home/airflow/.local/lib/python3.8/site-packages/airflow/example_dags/example_latest_only.py
[2025-11-16T20:26:32.171+0000] {processor.py:840} INFO - DAG(s) 'latest_only' retrieved from /home/airflow/.local/lib/python3.8/site-packages/airflow/example_dags/example_latest_only.py
[2025-11-16T20:26:32.198+0000] {logging_mixin.py:188} INFO - [2025-11-16T20:26:32.198+0000] {dag.py:3036} INFO - Sync 1 DAGs
[2025-11-16T20:26:32.223+0000] {logging_mixin.py:188} INFO - [2025-11-16T20:26:32.223+0000] {dag.py:3823} INFO - Setting next_dagrun for latest_only to 2025-11-16 16:00:00+00:00, run_after=2025-11-16 20:00:00+00:00
[2025-11-16T20:26:32.250+0000] {processor.py:183} INFO - Processing /home/airflow/.local/lib/python3.8/site-packages/airflow/example_dags/example_latest_only.py took 0.089 seconds
[2025-11-16T20:27:02.515+0000] {processor.py:161} INFO - Started process (PID=1220) to work on /home/airflow/.local/lib/python3.8/site-packages/airflow/example_dags/example_latest_only.py
[2025-11-16T20:27:02.516+0000] {processor.py:830} INFO - Processing file /home/airflow/.local/lib/python3.8/site-packages/airflow/example_dags/example_latest_only.py for tasks to queue
[2025-11-16T20:27:02.517+0000] {logging_mixin.py:188} INFO - [2025-11-16T20:27:02.517+0000] {dagbag.py:538} INFO - Filling up the DagBag from /home/airflow/.local/lib/python3.8/site-packages/airflow/example_dags/example_latest_only.py
[2025-11-16T20:27:02.523+0000] {processor.py:840} INFO - DAG(s) 'latest_only' retrieved from /home/airflow/.local/lib/python3.8/site-packages/airflow/example_dags/example_latest_only.py
[2025-11-16T20:27:02.546+0000] {logging_mixin.py:188} INFO - [2025-11-16T20:27:02.546+0000] {dag.py:3036} INFO - Sync 1 DAGs
[2025-11-16T20:27:02.567+0000] {logging_mixin.py:188} INFO - [2025-11-16T20:27:02.567+0000] {dag.py:3823} INFO - Setting next_dagrun for latest_only to 2025-11-16 16:00:00+00:00, run_after=2025-11-16 20:00:00+00:00
[2025-11-16T20:27:02.590+0000] {processor.py:183} INFO - Processing /home/airflow/.local/lib/python3.8/site-packages/airflow/example_dags/example_latest_only.py took 0.078 seconds
[2025-11-16T20:27:33.283+0000] {processor.py:161} INFO - Started process (PID=1302) to work on /home/airflow/.local/lib/python3.8/site-packages/airflow/example_dags/example_latest_only.py
[2025-11-16T20:27:33.284+0000] {processor.py:830} INFO - Processing file /home/airflow/.local/lib/python3.8/site-packages/airflow/example_dags/example_latest_only.py for tasks to queue
[2025-11-16T20:27:33.285+0000] {logging_mixin.py:188} INFO - [2025-11-16T20:27:33.285+0000] {dagbag.py:538} INFO - Filling up the DagBag from /home/airflow/.local/lib/python3.8/site-packages/airflow/example_dags/example_latest_only.py
[2025-11-16T20:27:33.290+0000] {processor.py:840} INFO - DAG(s) 'latest_only' retrieved from /home/airflow/.local/lib/python3.8/site-packages/airflow/example_dags/example_latest_only.py
[2025-11-16T20:27:33.313+0000] {logging_mixin.py:188} INFO - [2025-11-16T20:27:33.313+0000] {dag.py:3036} INFO - Sync 1 DAGs
[2025-11-16T20:27:33.335+0000] {logging_mixin.py:188} INFO - [2025-11-16T20:27:33.335+0000] {dag.py:3823} INFO - Setting next_dagrun for latest_only to 2025-11-16 16:00:00+00:00, run_after=2025-11-16 20:00:00+00:00
[2025-11-16T20:27:33.358+0000] {processor.py:183} INFO - Processing /home/airflow/.local/lib/python3.8/site-packages/airflow/example_dags/example_latest_only.py took 0.078 seconds
[2025-11-16T20:28:03.504+0000] {processor.py:161} INFO - Started process (PID=1398) to work on /home/airflow/.local/lib/python3.8/site-packages/airflow/example_dags/example_latest_only.py
[2025-11-16T20:28:03.505+0000] {processor.py:830} INFO - Processing file /home/airflow/.local/lib/python3.8/site-packages/airflow/example_dags/example_latest_only.py for tasks to queue
[2025-11-16T20:28:03.506+0000] {logging_mixin.py:188} INFO - [2025-11-16T20:28:03.506+0000] {dagbag.py:538} INFO - Filling up the DagBag from /home/airflow/.local/lib/python3.8/site-packages/airflow/example_dags/example_latest_only.py
[2025-11-16T20:28:03.511+0000] {processor.py:840} INFO - DAG(s) 'latest_only' retrieved from /home/airflow/.local/lib/python3.8/site-packages/airflow/example_dags/example_latest_only.py
[2025-11-16T20:28:03.537+0000] {logging_mixin.py:188} INFO - [2025-11-16T20:28:03.537+0000] {dag.py:3036} INFO - Sync 1 DAGs
[2025-11-16T20:28:03.562+0000] {logging_mixin.py:188} INFO - [2025-11-16T20:28:03.562+0000] {dag.py:3823} INFO - Setting next_dagrun for latest_only to 2025-11-16 16:00:00+00:00, run_after=2025-11-16 20:00:00+00:00
[2025-11-16T20:28:03.584+0000] {processor.py:183} INFO - Processing /home/airflow/.local/lib/python3.8/site-packages/airflow/example_dags/example_latest_only.py took 0.083 seconds
[2025-11-16T20:28:33.941+0000] {processor.py:161} INFO - Started process (PID=1479) to work on /home/airflow/.local/lib/python3.8/site-packages/airflow/example_dags/example_latest_only.py
[2025-11-16T20:28:33.941+0000] {processor.py:830} INFO - Processing file /home/airflow/.local/lib/python3.8/site-packages/airflow/example_dags/example_latest_only.py for tasks to queue
[2025-11-16T20:28:33.943+0000] {logging_mixin.py:188} INFO - [2025-11-16T20:28:33.942+0000] {dagbag.py:538} INFO - Filling up the DagBag from /home/airflow/.local/lib/python3.8/site-packages/airflow/example_dags/example_latest_only.py
[2025-11-16T20:28:33.951+0000] {processor.py:840} INFO - DAG(s) 'latest_only' retrieved from /home/airflow/.local/lib/python3.8/site-packages/airflow/example_dags/example_latest_only.py
[2025-11-16T20:28:33.986+0000] {logging_mixin.py:188} INFO - [2025-11-16T20:28:33.986+0000] {dag.py:3036} INFO - Sync 1 DAGs
[2025-11-16T20:28:34.022+0000] {logging_mixin.py:188} INFO - [2025-11-16T20:28:34.021+0000] {dag.py:3823} INFO - Setting next_dagrun for latest_only to 2025-11-16 16:00:00+00:00, run_after=2025-11-16 20:00:00+00:00
[2025-11-16T20:28:34.056+0000] {processor.py:183} INFO - Processing /home/airflow/.local/lib/python3.8/site-packages/airflow/example_dags/example_latest_only.py took 0.121 seconds
[2025-11-16T20:29:04.370+0000] {processor.py:161} INFO - Started process (PID=1575) to work on /home/airflow/.local/lib/python3.8/site-packages/airflow/example_dags/example_latest_only.py
[2025-11-16T20:29:04.371+0000] {processor.py:830} INFO - Processing file /home/airflow/.local/lib/python3.8/site-packages/airflow/example_dags/example_latest_only.py for tasks to queue
[2025-11-16T20:29:04.373+0000] {logging_mixin.py:188} INFO - [2025-11-16T20:29:04.372+0000] {dagbag.py:538} INFO - Filling up the DagBag from /home/airflow/.local/lib/python3.8/site-packages/airflow/example_dags/example_latest_only.py
[2025-11-16T20:29:04.378+0000] {processor.py:840} INFO - DAG(s) 'latest_only' retrieved from /home/airflow/.local/lib/python3.8/site-packages/airflow/example_dags/example_latest_only.py
[2025-11-16T20:29:04.419+0000] {logging_mixin.py:188} INFO - [2025-11-16T20:29:04.419+0000] {dag.py:3036} INFO - Sync 1 DAGs
[2025-11-16T20:29:04.466+0000] {logging_mixin.py:188} INFO - [2025-11-16T20:29:04.465+0000] {dag.py:3823} INFO - Setting next_dagrun for latest_only to 2025-11-16 16:00:00+00:00, run_after=2025-11-16 20:00:00+00:00
[2025-11-16T20:29:04.511+0000] {processor.py:183} INFO - Processing /home/airflow/.local/lib/python3.8/site-packages/airflow/example_dags/example_latest_only.py took 0.144 seconds
[2025-11-16T20:29:34.711+0000] {processor.py:161} INFO - Started process (PID=1656) to work on /home/airflow/.local/lib/python3.8/site-packages/airflow/example_dags/example_latest_only.py
[2025-11-16T20:29:34.712+0000] {processor.py:830} INFO - Processing file /home/airflow/.local/lib/python3.8/site-packages/airflow/example_dags/example_latest_only.py for tasks to queue
[2025-11-16T20:29:34.714+0000] {logging_mixin.py:188} INFO - [2025-11-16T20:29:34.713+0000] {dagbag.py:538} INFO - Filling up the DagBag from /home/airflow/.local/lib/python3.8/site-packages/airflow/example_dags/example_latest_only.py
[2025-11-16T20:29:34.729+0000] {processor.py:840} INFO - DAG(s) 'latest_only' retrieved from /home/airflow/.local/lib/python3.8/site-packages/airflow/example_dags/example_latest_only.py
[2025-11-16T20:29:34.799+0000] {logging_mixin.py:188} INFO - [2025-11-16T20:29:34.798+0000] {dag.py:3036} INFO - Sync 1 DAGs
[2025-11-16T20:29:34.854+0000] {logging_mixin.py:188} INFO - [2025-11-16T20:29:34.854+0000] {dag.py:3823} INFO - Setting next_dagrun for latest_only to 2025-11-16 16:00:00+00:00, run_after=2025-11-16 20:00:00+00:00
[2025-11-16T20:29:34.926+0000] {processor.py:183} INFO - Processing /home/airflow/.local/lib/python3.8/site-packages/airflow/example_dags/example_latest_only.py took 0.223 seconds
[2025-11-16T20:30:05.465+0000] {processor.py:161} INFO - Started process (PID=1729) to work on /home/airflow/.local/lib/python3.8/site-packages/airflow/example_dags/example_latest_only.py
[2025-11-16T20:30:05.466+0000] {processor.py:830} INFO - Processing file /home/airflow/.local/lib/python3.8/site-packages/airflow/example_dags/example_latest_only.py for tasks to queue
[2025-11-16T20:30:05.467+0000] {logging_mixin.py:188} INFO - [2025-11-16T20:30:05.467+0000] {dagbag.py:538} INFO - Filling up the DagBag from /home/airflow/.local/lib/python3.8/site-packages/airflow/example_dags/example_latest_only.py
[2025-11-16T20:30:05.477+0000] {processor.py:840} INFO - DAG(s) 'latest_only' retrieved from /home/airflow/.local/lib/python3.8/site-packages/airflow/example_dags/example_latest_only.py
[2025-11-16T20:30:05.520+0000] {logging_mixin.py:188} INFO - [2025-11-16T20:30:05.520+0000] {dag.py:3036} INFO - Sync 1 DAGs
[2025-11-16T20:30:05.561+0000] {logging_mixin.py:188} INFO - [2025-11-16T20:30:05.559+0000] {dag.py:3823} INFO - Setting next_dagrun for latest_only to 2025-11-16 16:00:00+00:00, run_after=2025-11-16 20:00:00+00:00
[2025-11-16T20:30:05.599+0000] {processor.py:183} INFO - Processing /home/airflow/.local/lib/python3.8/site-packages/airflow/example_dags/example_latest_only.py took 0.141 seconds
[2025-11-16T20:30:39.146+0000] {processor.py:161} INFO - Started process (PID=1813) to work on /home/airflow/.local/lib/python3.8/site-packages/airflow/example_dags/example_latest_only.py
[2025-11-16T20:30:39.147+0000] {processor.py:830} INFO - Processing file /home/airflow/.local/lib/python3.8/site-packages/airflow/example_dags/example_latest_only.py for tasks to queue
[2025-11-16T20:30:39.150+0000] {logging_mixin.py:188} INFO - [2025-11-16T20:30:39.148+0000] {dagbag.py:538} INFO - Filling up the DagBag from /home/airflow/.local/lib/python3.8/site-packages/airflow/example_dags/example_latest_only.py
[2025-11-16T20:30:39.162+0000] {processor.py:840} INFO - DAG(s) 'latest_only' retrieved from /home/airflow/.local/lib/python3.8/site-packages/airflow/example_dags/example_latest_only.py
[2025-11-16T20:30:39.208+0000] {logging_mixin.py:188} INFO - [2025-11-16T20:30:39.208+0000] {dag.py:3036} INFO - Sync 1 DAGs
[2025-11-16T20:30:39.249+0000] {logging_mixin.py:188} INFO - [2025-11-16T20:30:39.248+0000] {dag.py:3823} INFO - Setting next_dagrun for latest_only to 2025-11-16 16:00:00+00:00, run_after=2025-11-16 20:00:00+00:00
[2025-11-16T20:30:39.289+0000] {processor.py:183} INFO - Processing /home/airflow/.local/lib/python3.8/site-packages/airflow/example_dags/example_latest_only.py took 0.147 seconds
[2025-11-16T20:31:09.541+0000] {processor.py:161} INFO - Started process (PID=1889) to work on /home/airflow/.local/lib/python3.8/site-packages/airflow/example_dags/example_latest_only.py
[2025-11-16T20:31:09.542+0000] {processor.py:830} INFO - Processing file /home/airflow/.local/lib/python3.8/site-packages/airflow/example_dags/example_latest_only.py for tasks to queue
[2025-11-16T20:31:09.544+0000] {logging_mixin.py:188} INFO - [2025-11-16T20:31:09.543+0000] {dagbag.py:538} INFO - Filling up the DagBag from /home/airflow/.local/lib/python3.8/site-packages/airflow/example_dags/example_latest_only.py
[2025-11-16T20:31:09.552+0000] {processor.py:840} INFO - DAG(s) 'latest_only' retrieved from /home/airflow/.local/lib/python3.8/site-packages/airflow/example_dags/example_latest_only.py
[2025-11-16T20:31:09.583+0000] {logging_mixin.py:188} INFO - [2025-11-16T20:31:09.583+0000] {dag.py:3036} INFO - Sync 1 DAGs
[2025-11-16T20:31:09.613+0000] {logging_mixin.py:188} INFO - [2025-11-16T20:31:09.613+0000] {dag.py:3823} INFO - Setting next_dagrun for latest_only to 2025-11-16 16:00:00+00:00, run_after=2025-11-16 20:00:00+00:00
[2025-11-16T20:31:09.646+0000] {processor.py:183} INFO - Processing /home/airflow/.local/lib/python3.8/site-packages/airflow/example_dags/example_latest_only.py took 0.110 seconds
[2025-11-16T20:31:40.867+0000] {processor.py:161} INFO - Started process (PID=1979) to work on /home/airflow/.local/lib/python3.8/site-packages/airflow/example_dags/example_latest_only.py
[2025-11-16T20:31:40.868+0000] {processor.py:830} INFO - Processing file /home/airflow/.local/lib/python3.8/site-packages/airflow/example_dags/example_latest_only.py for tasks to queue
[2025-11-16T20:31:40.870+0000] {logging_mixin.py:188} INFO - [2025-11-16T20:31:40.869+0000] {dagbag.py:538} INFO - Filling up the DagBag from /home/airflow/.local/lib/python3.8/site-packages/airflow/example_dags/example_latest_only.py
[2025-11-16T20:31:40.882+0000] {processor.py:840} INFO - DAG(s) 'latest_only' retrieved from /home/airflow/.local/lib/python3.8/site-packages/airflow/example_dags/example_latest_only.py
[2025-11-16T20:31:40.944+0000] {logging_mixin.py:188} INFO - [2025-11-16T20:31:40.943+0000] {dag.py:3036} INFO - Sync 1 DAGs
[2025-11-16T20:31:41.000+0000] {logging_mixin.py:188} INFO - [2025-11-16T20:31:41.000+0000] {dag.py:3823} INFO - Setting next_dagrun for latest_only to 2025-11-16 16:00:00+00:00, run_after=2025-11-16 20:00:00+00:00
[2025-11-16T20:31:41.044+0000] {processor.py:183} INFO - Processing /home/airflow/.local/lib/python3.8/site-packages/airflow/example_dags/example_latest_only.py took 0.184 seconds
[2025-11-16T20:32:11.339+0000] {processor.py:161} INFO - Started process (PID=2067) to work on /home/airflow/.local/lib/python3.8/site-packages/airflow/example_dags/example_latest_only.py
[2025-11-16T20:32:11.340+0000] {processor.py:830} INFO - Processing file /home/airflow/.local/lib/python3.8/site-packages/airflow/example_dags/example_latest_only.py for tasks to queue
[2025-11-16T20:32:11.342+0000] {logging_mixin.py:188} INFO - [2025-11-16T20:32:11.341+0000] {dagbag.py:538} INFO - Filling up the DagBag from /home/airflow/.local/lib/python3.8/site-packages/airflow/example_dags/example_latest_only.py
[2025-11-16T20:32:11.351+0000] {processor.py:840} INFO - DAG(s) 'latest_only' retrieved from /home/airflow/.local/lib/python3.8/site-packages/airflow/example_dags/example_latest_only.py
[2025-11-16T20:32:11.387+0000] {logging_mixin.py:188} INFO - [2025-11-16T20:32:11.386+0000] {dag.py:3036} INFO - Sync 1 DAGs
[2025-11-16T20:32:11.430+0000] {logging_mixin.py:188} INFO - [2025-11-16T20:32:11.429+0000] {dag.py:3823} INFO - Setting next_dagrun for latest_only to 2025-11-16 16:00:00+00:00, run_after=2025-11-16 20:00:00+00:00
[2025-11-16T20:32:11.465+0000] {processor.py:183} INFO - Processing /home/airflow/.local/lib/python3.8/site-packages/airflow/example_dags/example_latest_only.py took 0.132 seconds
[2025-11-16T20:32:49.079+0000] {processor.py:161} INFO - Started process (PID=2133) to work on /home/airflow/.local/lib/python3.8/site-packages/airflow/example_dags/example_latest_only.py
[2025-11-16T20:32:49.080+0000] {processor.py:830} INFO - Processing file /home/airflow/.local/lib/python3.8/site-packages/airflow/example_dags/example_latest_only.py for tasks to queue
[2025-11-16T20:32:49.081+0000] {logging_mixin.py:188} INFO - [2025-11-16T20:32:49.081+0000] {dagbag.py:538} INFO - Filling up the DagBag from /home/airflow/.local/lib/python3.8/site-packages/airflow/example_dags/example_latest_only.py
[2025-11-16T20:32:49.092+0000] {processor.py:840} INFO - DAG(s) 'latest_only' retrieved from /home/airflow/.local/lib/python3.8/site-packages/airflow/example_dags/example_latest_only.py
[2025-11-16T20:32:49.135+0000] {logging_mixin.py:188} INFO - [2025-11-16T20:32:49.134+0000] {dag.py:3036} INFO - Sync 1 DAGs
[2025-11-16T20:32:49.174+0000] {logging_mixin.py:188} INFO - [2025-11-16T20:32:49.173+0000] {dag.py:3823} INFO - Setting next_dagrun for latest_only to 2025-11-16 16:00:00+00:00, run_after=2025-11-16 20:00:00+00:00
[2025-11-16T20:32:49.214+0000] {processor.py:183} INFO - Processing /home/airflow/.local/lib/python3.8/site-packages/airflow/example_dags/example_latest_only.py took 0.142 seconds
[2025-11-16T20:33:19.372+0000] {processor.py:161} INFO - Started process (PID=2216) to work on /home/airflow/.local/lib/python3.8/site-packages/airflow/example_dags/example_latest_only.py
[2025-11-16T20:33:19.373+0000] {processor.py:830} INFO - Processing file /home/airflow/.local/lib/python3.8/site-packages/airflow/example_dags/example_latest_only.py for tasks to queue
[2025-11-16T20:33:19.374+0000] {logging_mixin.py:188} INFO - [2025-11-16T20:33:19.373+0000] {dagbag.py:538} INFO - Filling up the DagBag from /home/airflow/.local/lib/python3.8/site-packages/airflow/example_dags/example_latest_only.py
[2025-11-16T20:33:19.380+0000] {processor.py:840} INFO - DAG(s) 'latest_only' retrieved from /home/airflow/.local/lib/python3.8/site-packages/airflow/example_dags/example_latest_only.py
[2025-11-16T20:33:19.408+0000] {logging_mixin.py:188} INFO - [2025-11-16T20:33:19.407+0000] {dag.py:3036} INFO - Sync 1 DAGs
[2025-11-16T20:33:19.437+0000] {logging_mixin.py:188} INFO - [2025-11-16T20:33:19.437+0000] {dag.py:3823} INFO - Setting next_dagrun for latest_only to 2025-11-16 16:00:00+00:00, run_after=2025-11-16 20:00:00+00:00
[2025-11-16T20:33:19.468+0000] {processor.py:183} INFO - Processing /home/airflow/.local/lib/python3.8/site-packages/airflow/example_dags/example_latest_only.py took 0.100 seconds
[2025-11-16T20:33:50.044+0000] {processor.py:161} INFO - Started process (PID=2312) to work on /home/airflow/.local/lib/python3.8/site-packages/airflow/example_dags/example_latest_only.py
[2025-11-16T20:33:50.045+0000] {processor.py:830} INFO - Processing file /home/airflow/.local/lib/python3.8/site-packages/airflow/example_dags/example_latest_only.py for tasks to queue
[2025-11-16T20:33:50.046+0000] {logging_mixin.py:188} INFO - [2025-11-16T20:33:50.046+0000] {dagbag.py:538} INFO - Filling up the DagBag from /home/airflow/.local/lib/python3.8/site-packages/airflow/example_dags/example_latest_only.py
[2025-11-16T20:33:50.052+0000] {processor.py:840} INFO - DAG(s) 'latest_only' retrieved from /home/airflow/.local/lib/python3.8/site-packages/airflow/example_dags/example_latest_only.py
[2025-11-16T20:33:50.084+0000] {logging_mixin.py:188} INFO - [2025-11-16T20:33:50.083+0000] {dag.py:3036} INFO - Sync 1 DAGs
[2025-11-16T20:33:50.109+0000] {logging_mixin.py:188} INFO - [2025-11-16T20:33:50.109+0000] {dag.py:3823} INFO - Setting next_dagrun for latest_only to 2025-11-16 16:00:00+00:00, run_after=2025-11-16 20:00:00+00:00
[2025-11-16T20:33:50.132+0000] {processor.py:183} INFO - Processing /home/airflow/.local/lib/python3.8/site-packages/airflow/example_dags/example_latest_only.py took 0.092 seconds
[2025-11-16T20:34:21.023+0000] {processor.py:161} INFO - Started process (PID=2394) to work on /home/airflow/.local/lib/python3.8/site-packages/airflow/example_dags/example_latest_only.py
[2025-11-16T20:34:21.024+0000] {processor.py:830} INFO - Processing file /home/airflow/.local/lib/python3.8/site-packages/airflow/example_dags/example_latest_only.py for tasks to queue
[2025-11-16T20:34:21.025+0000] {logging_mixin.py:188} INFO - [2025-11-16T20:34:21.024+0000] {dagbag.py:538} INFO - Filling up the DagBag from /home/airflow/.local/lib/python3.8/site-packages/airflow/example_dags/example_latest_only.py
[2025-11-16T20:34:21.032+0000] {processor.py:840} INFO - DAG(s) 'latest_only' retrieved from /home/airflow/.local/lib/python3.8/site-packages/airflow/example_dags/example_latest_only.py
[2025-11-16T20:34:21.056+0000] {logging_mixin.py:188} INFO - [2025-11-16T20:34:21.056+0000] {dag.py:3036} INFO - Sync 1 DAGs
[2025-11-16T20:34:21.077+0000] {logging_mixin.py:188} INFO - [2025-11-16T20:34:21.077+0000] {dag.py:3823} INFO - Setting next_dagrun for latest_only to 2025-11-16 16:00:00+00:00, run_after=2025-11-16 20:00:00+00:00
[2025-11-16T20:34:21.099+0000] {processor.py:183} INFO - Processing /home/airflow/.local/lib/python3.8/site-packages/airflow/example_dags/example_latest_only.py took 0.080 seconds
[2025-11-16T20:34:51.648+0000] {processor.py:161} INFO - Started process (PID=2482) to work on /home/airflow/.local/lib/python3.8/site-packages/airflow/example_dags/example_latest_only.py
[2025-11-16T20:34:51.649+0000] {processor.py:830} INFO - Processing file /home/airflow/.local/lib/python3.8/site-packages/airflow/example_dags/example_latest_only.py for tasks to queue
[2025-11-16T20:34:51.650+0000] {logging_mixin.py:188} INFO - [2025-11-16T20:34:51.650+0000] {dagbag.py:538} INFO - Filling up the DagBag from /home/airflow/.local/lib/python3.8/site-packages/airflow/example_dags/example_latest_only.py
[2025-11-16T20:34:51.656+0000] {processor.py:840} INFO - DAG(s) 'latest_only' retrieved from /home/airflow/.local/lib/python3.8/site-packages/airflow/example_dags/example_latest_only.py
[2025-11-16T20:34:51.685+0000] {logging_mixin.py:188} INFO - [2025-11-16T20:34:51.685+0000] {dag.py:3036} INFO - Sync 1 DAGs
[2025-11-16T20:34:51.709+0000] {logging_mixin.py:188} INFO - [2025-11-16T20:34:51.709+0000] {dag.py:3823} INFO - Setting next_dagrun for latest_only to 2025-11-16 16:00:00+00:00, run_after=2025-11-16 20:00:00+00:00
[2025-11-16T20:34:51.732+0000] {processor.py:183} INFO - Processing /home/airflow/.local/lib/python3.8/site-packages/airflow/example_dags/example_latest_only.py took 0.088 seconds
[2025-11-16T20:35:22.943+0000] {processor.py:161} INFO - Started process (PID=2571) to work on /home/airflow/.local/lib/python3.8/site-packages/airflow/example_dags/example_latest_only.py
[2025-11-16T20:35:22.944+0000] {processor.py:830} INFO - Processing file /home/airflow/.local/lib/python3.8/site-packages/airflow/example_dags/example_latest_only.py for tasks to queue
[2025-11-16T20:35:22.945+0000] {logging_mixin.py:188} INFO - [2025-11-16T20:35:22.945+0000] {dagbag.py:538} INFO - Filling up the DagBag from /home/airflow/.local/lib/python3.8/site-packages/airflow/example_dags/example_latest_only.py
[2025-11-16T20:35:22.951+0000] {processor.py:840} INFO - DAG(s) 'latest_only' retrieved from /home/airflow/.local/lib/python3.8/site-packages/airflow/example_dags/example_latest_only.py
[2025-11-16T20:35:22.974+0000] {logging_mixin.py:188} INFO - [2025-11-16T20:35:22.973+0000] {dag.py:3036} INFO - Sync 1 DAGs
[2025-11-16T20:35:22.995+0000] {logging_mixin.py:188} INFO - [2025-11-16T20:35:22.995+0000] {dag.py:3823} INFO - Setting next_dagrun for latest_only to 2025-11-16 16:00:00+00:00, run_after=2025-11-16 20:00:00+00:00
[2025-11-16T20:35:23.018+0000] {processor.py:183} INFO - Processing /home/airflow/.local/lib/python3.8/site-packages/airflow/example_dags/example_latest_only.py took 0.079 seconds
[2025-11-16T20:35:53.835+0000] {processor.py:161} INFO - Started process (PID=2652) to work on /home/airflow/.local/lib/python3.8/site-packages/airflow/example_dags/example_latest_only.py
[2025-11-16T20:35:53.836+0000] {processor.py:830} INFO - Processing file /home/airflow/.local/lib/python3.8/site-packages/airflow/example_dags/example_latest_only.py for tasks to queue
[2025-11-16T20:35:53.837+0000] {logging_mixin.py:188} INFO - [2025-11-16T20:35:53.837+0000] {dagbag.py:538} INFO - Filling up the DagBag from /home/airflow/.local/lib/python3.8/site-packages/airflow/example_dags/example_latest_only.py
[2025-11-16T20:35:53.843+0000] {processor.py:840} INFO - DAG(s) 'latest_only' retrieved from /home/airflow/.local/lib/python3.8/site-packages/airflow/example_dags/example_latest_only.py
[2025-11-16T20:35:53.872+0000] {logging_mixin.py:188} INFO - [2025-11-16T20:35:53.872+0000] {dag.py:3036} INFO - Sync 1 DAGs
[2025-11-16T20:35:53.900+0000] {logging_mixin.py:188} INFO - [2025-11-16T20:35:53.900+0000] {dag.py:3823} INFO - Setting next_dagrun for latest_only to 2025-11-16 16:00:00+00:00, run_after=2025-11-16 20:00:00+00:00
[2025-11-16T20:35:53.927+0000] {processor.py:183} INFO - Processing /home/airflow/.local/lib/python3.8/site-packages/airflow/example_dags/example_latest_only.py took 0.095 seconds
[2025-11-16T20:36:24.419+0000] {processor.py:161} INFO - Started process (PID=2735) to work on /home/airflow/.local/lib/python3.8/site-packages/airflow/example_dags/example_latest_only.py
[2025-11-16T20:36:24.420+0000] {processor.py:830} INFO - Processing file /home/airflow/.local/lib/python3.8/site-packages/airflow/example_dags/example_latest_only.py for tasks to queue
[2025-11-16T20:36:24.421+0000] {logging_mixin.py:188} INFO - [2025-11-16T20:36:24.421+0000] {dagbag.py:538} INFO - Filling up the DagBag from /home/airflow/.local/lib/python3.8/site-packages/airflow/example_dags/example_latest_only.py
[2025-11-16T20:36:24.430+0000] {processor.py:840} INFO - DAG(s) 'latest_only' retrieved from /home/airflow/.local/lib/python3.8/site-packages/airflow/example_dags/example_latest_only.py
[2025-11-16T20:36:24.461+0000] {logging_mixin.py:188} INFO - [2025-11-16T20:36:24.461+0000] {dag.py:3036} INFO - Sync 1 DAGs
[2025-11-16T20:36:24.497+0000] {logging_mixin.py:188} INFO - [2025-11-16T20:36:24.497+0000] {dag.py:3823} INFO - Setting next_dagrun for latest_only to 2025-11-16 16:00:00+00:00, run_after=2025-11-16 20:00:00+00:00
[2025-11-16T20:36:24.531+0000] {processor.py:183} INFO - Processing /home/airflow/.local/lib/python3.8/site-packages/airflow/example_dags/example_latest_only.py took 0.115 seconds
[2025-11-16T20:36:55.801+0000] {processor.py:161} INFO - Started process (PID=2817) to work on /home/airflow/.local/lib/python3.8/site-packages/airflow/example_dags/example_latest_only.py
[2025-11-16T20:36:55.804+0000] {processor.py:830} INFO - Processing file /home/airflow/.local/lib/python3.8/site-packages/airflow/example_dags/example_latest_only.py for tasks to queue
[2025-11-16T20:36:55.805+0000] {logging_mixin.py:188} INFO - [2025-11-16T20:36:55.805+0000] {dagbag.py:538} INFO - Filling up the DagBag from /home/airflow/.local/lib/python3.8/site-packages/airflow/example_dags/example_latest_only.py
[2025-11-16T20:36:55.814+0000] {processor.py:840} INFO - DAG(s) 'latest_only' retrieved from /home/airflow/.local/lib/python3.8/site-packages/airflow/example_dags/example_latest_only.py
[2025-11-16T20:36:55.852+0000] {logging_mixin.py:188} INFO - [2025-11-16T20:36:55.852+0000] {dag.py:3036} INFO - Sync 1 DAGs
[2025-11-16T20:36:55.884+0000] {logging_mixin.py:188} INFO - [2025-11-16T20:36:55.884+0000] {dag.py:3823} INFO - Setting next_dagrun for latest_only to 2025-11-16 16:00:00+00:00, run_after=2025-11-16 20:00:00+00:00
[2025-11-16T20:36:55.929+0000] {processor.py:183} INFO - Processing /home/airflow/.local/lib/python3.8/site-packages/airflow/example_dags/example_latest_only.py took 0.132 seconds
[2025-11-16T20:37:33.315+0000] {processor.py:161} INFO - Started process (PID=2890) to work on /home/airflow/.local/lib/python3.8/site-packages/airflow/example_dags/example_latest_only.py
[2025-11-16T20:37:33.316+0000] {processor.py:830} INFO - Processing file /home/airflow/.local/lib/python3.8/site-packages/airflow/example_dags/example_latest_only.py for tasks to queue
[2025-11-16T20:37:33.317+0000] {logging_mixin.py:188} INFO - [2025-11-16T20:37:33.316+0000] {dagbag.py:538} INFO - Filling up the DagBag from /home/airflow/.local/lib/python3.8/site-packages/airflow/example_dags/example_latest_only.py
[2025-11-16T20:37:33.326+0000] {processor.py:840} INFO - DAG(s) 'latest_only' retrieved from /home/airflow/.local/lib/python3.8/site-packages/airflow/example_dags/example_latest_only.py
[2025-11-16T20:37:33.361+0000] {logging_mixin.py:188} INFO - [2025-11-16T20:37:33.360+0000] {dag.py:3036} INFO - Sync 1 DAGs
[2025-11-16T20:37:33.394+0000] {logging_mixin.py:188} INFO - [2025-11-16T20:37:33.393+0000] {dag.py:3823} INFO - Setting next_dagrun for latest_only to 2025-11-16 16:00:00+00:00, run_after=2025-11-16 20:00:00+00:00
[2025-11-16T20:37:33.426+0000] {processor.py:183} INFO - Processing /home/airflow/.local/lib/python3.8/site-packages/airflow/example_dags/example_latest_only.py took 0.117 seconds
[2025-11-16T20:38:03.505+0000] {processor.py:161} INFO - Started process (PID=2970) to work on /home/airflow/.local/lib/python3.8/site-packages/airflow/example_dags/example_latest_only.py
[2025-11-16T20:38:03.506+0000] {processor.py:830} INFO - Processing file /home/airflow/.local/lib/python3.8/site-packages/airflow/example_dags/example_latest_only.py for tasks to queue
[2025-11-16T20:38:03.507+0000] {logging_mixin.py:188} INFO - [2025-11-16T20:38:03.507+0000] {dagbag.py:538} INFO - Filling up the DagBag from /home/airflow/.local/lib/python3.8/site-packages/airflow/example_dags/example_latest_only.py
[2025-11-16T20:38:03.517+0000] {processor.py:840} INFO - DAG(s) 'latest_only' retrieved from /home/airflow/.local/lib/python3.8/site-packages/airflow/example_dags/example_latest_only.py
[2025-11-16T20:38:03.555+0000] {logging_mixin.py:188} INFO - [2025-11-16T20:38:03.554+0000] {dag.py:3036} INFO - Sync 1 DAGs
[2025-11-16T20:38:03.593+0000] {logging_mixin.py:188} INFO - [2025-11-16T20:38:03.591+0000] {dag.py:3823} INFO - Setting next_dagrun for latest_only to 2025-11-16 16:00:00+00:00, run_after=2025-11-16 20:00:00+00:00
[2025-11-16T20:38:03.632+0000] {processor.py:183} INFO - Processing /home/airflow/.local/lib/python3.8/site-packages/airflow/example_dags/example_latest_only.py took 0.133 seconds
[2025-11-16T20:38:34.248+0000] {processor.py:161} INFO - Started process (PID=3054) to work on /home/airflow/.local/lib/python3.8/site-packages/airflow/example_dags/example_latest_only.py
[2025-11-16T20:38:34.249+0000] {processor.py:830} INFO - Processing file /home/airflow/.local/lib/python3.8/site-packages/airflow/example_dags/example_latest_only.py for tasks to queue
[2025-11-16T20:38:34.250+0000] {logging_mixin.py:188} INFO - [2025-11-16T20:38:34.250+0000] {dagbag.py:538} INFO - Filling up the DagBag from /home/airflow/.local/lib/python3.8/site-packages/airflow/example_dags/example_latest_only.py
[2025-11-16T20:38:34.261+0000] {processor.py:840} INFO - DAG(s) 'latest_only' retrieved from /home/airflow/.local/lib/python3.8/site-packages/airflow/example_dags/example_latest_only.py
[2025-11-16T20:38:34.306+0000] {logging_mixin.py:188} INFO - [2025-11-16T20:38:34.305+0000] {dag.py:3036} INFO - Sync 1 DAGs
[2025-11-16T20:38:34.361+0000] {logging_mixin.py:188} INFO - [2025-11-16T20:38:34.360+0000] {dag.py:3823} INFO - Setting next_dagrun for latest_only to 2025-11-16 16:00:00+00:00, run_after=2025-11-16 20:00:00+00:00
[2025-11-16T20:38:34.390+0000] {processor.py:183} INFO - Processing /home/airflow/.local/lib/python3.8/site-packages/airflow/example_dags/example_latest_only.py took 0.149 seconds
[2025-11-16T20:39:23.242+0000] {processor.py:161} INFO - Started process (PID=3149) to work on /home/airflow/.local/lib/python3.8/site-packages/airflow/example_dags/example_latest_only.py
[2025-11-16T20:39:23.246+0000] {processor.py:830} INFO - Processing file /home/airflow/.local/lib/python3.8/site-packages/airflow/example_dags/example_latest_only.py for tasks to queue
[2025-11-16T20:39:23.248+0000] {logging_mixin.py:188} INFO - [2025-11-16T20:39:23.247+0000] {dagbag.py:538} INFO - Filling up the DagBag from /home/airflow/.local/lib/python3.8/site-packages/airflow/example_dags/example_latest_only.py
[2025-11-16T20:39:23.258+0000] {processor.py:840} INFO - DAG(s) 'latest_only' retrieved from /home/airflow/.local/lib/python3.8/site-packages/airflow/example_dags/example_latest_only.py
[2025-11-16T20:39:23.301+0000] {logging_mixin.py:188} INFO - [2025-11-16T20:39:23.301+0000] {dag.py:3036} INFO - Sync 1 DAGs
[2025-11-16T20:39:23.349+0000] {logging_mixin.py:188} INFO - [2025-11-16T20:39:23.348+0000] {dag.py:3823} INFO - Setting next_dagrun for latest_only to 2025-11-16 16:00:00+00:00, run_after=2025-11-16 20:00:00+00:00
[2025-11-16T20:39:23.390+0000] {processor.py:183} INFO - Processing /home/airflow/.local/lib/python3.8/site-packages/airflow/example_dags/example_latest_only.py took 0.154 seconds
[2025-11-16T20:39:54.207+0000] {processor.py:161} INFO - Started process (PID=3241) to work on /home/airflow/.local/lib/python3.8/site-packages/airflow/example_dags/example_latest_only.py
[2025-11-16T20:39:54.208+0000] {processor.py:830} INFO - Processing file /home/airflow/.local/lib/python3.8/site-packages/airflow/example_dags/example_latest_only.py for tasks to queue
[2025-11-16T20:39:54.213+0000] {logging_mixin.py:188} INFO - [2025-11-16T20:39:54.211+0000] {dagbag.py:538} INFO - Filling up the DagBag from /home/airflow/.local/lib/python3.8/site-packages/airflow/example_dags/example_latest_only.py
[2025-11-16T20:39:54.225+0000] {processor.py:840} INFO - DAG(s) 'latest_only' retrieved from /home/airflow/.local/lib/python3.8/site-packages/airflow/example_dags/example_latest_only.py
[2025-11-16T20:39:54.270+0000] {logging_mixin.py:188} INFO - [2025-11-16T20:39:54.269+0000] {dag.py:3036} INFO - Sync 1 DAGs
[2025-11-16T20:39:54.331+0000] {logging_mixin.py:188} INFO - [2025-11-16T20:39:54.330+0000] {dag.py:3823} INFO - Setting next_dagrun for latest_only to 2025-11-16 16:00:00+00:00, run_after=2025-11-16 20:00:00+00:00
[2025-11-16T20:39:54.370+0000] {processor.py:183} INFO - Processing /home/airflow/.local/lib/python3.8/site-packages/airflow/example_dags/example_latest_only.py took 0.168 seconds
[2025-11-16T20:42:27.602+0000] {processor.py:161} INFO - Started process (PID=159) to work on /home/airflow/.local/lib/python3.8/site-packages/airflow/example_dags/example_latest_only.py
[2025-11-16T20:42:27.603+0000] {processor.py:830} INFO - Processing file /home/airflow/.local/lib/python3.8/site-packages/airflow/example_dags/example_latest_only.py for tasks to queue
[2025-11-16T20:42:27.605+0000] {logging_mixin.py:188} INFO - [2025-11-16T20:42:27.604+0000] {dagbag.py:538} INFO - Filling up the DagBag from /home/airflow/.local/lib/python3.8/site-packages/airflow/example_dags/example_latest_only.py
[2025-11-16T20:42:27.615+0000] {processor.py:840} INFO - DAG(s) 'latest_only' retrieved from /home/airflow/.local/lib/python3.8/site-packages/airflow/example_dags/example_latest_only.py
[2025-11-16T20:42:27.801+0000] {logging_mixin.py:188} INFO - [2025-11-16T20:42:27.800+0000] {dag.py:3036} INFO - Sync 1 DAGs
[2025-11-16T20:42:27.847+0000] {logging_mixin.py:188} INFO - [2025-11-16T20:42:27.846+0000] {dag.py:3823} INFO - Setting next_dagrun for latest_only to 2025-11-16 16:00:00+00:00, run_after=2025-11-16 20:00:00+00:00
[2025-11-16T20:42:27.892+0000] {processor.py:183} INFO - Processing /home/airflow/.local/lib/python3.8/site-packages/airflow/example_dags/example_latest_only.py took 0.294 seconds
[2025-11-16T20:43:04.806+0000] {processor.py:161} INFO - Started process (PID=233) to work on /home/airflow/.local/lib/python3.8/site-packages/airflow/example_dags/example_latest_only.py
[2025-11-16T20:43:04.807+0000] {processor.py:830} INFO - Processing file /home/airflow/.local/lib/python3.8/site-packages/airflow/example_dags/example_latest_only.py for tasks to queue
[2025-11-16T20:43:04.808+0000] {logging_mixin.py:188} INFO - [2025-11-16T20:43:04.808+0000] {dagbag.py:538} INFO - Filling up the DagBag from /home/airflow/.local/lib/python3.8/site-packages/airflow/example_dags/example_latest_only.py
[2025-11-16T20:43:04.814+0000] {processor.py:840} INFO - DAG(s) 'latest_only' retrieved from /home/airflow/.local/lib/python3.8/site-packages/airflow/example_dags/example_latest_only.py
[2025-11-16T20:43:04.847+0000] {logging_mixin.py:188} INFO - [2025-11-16T20:43:04.846+0000] {dag.py:3036} INFO - Sync 1 DAGs
[2025-11-16T20:43:04.882+0000] {logging_mixin.py:188} INFO - [2025-11-16T20:43:04.881+0000] {dag.py:3823} INFO - Setting next_dagrun for latest_only to 2025-11-16 16:00:00+00:00, run_after=2025-11-16 20:00:00+00:00
[2025-11-16T20:43:04.911+0000] {processor.py:183} INFO - Processing /home/airflow/.local/lib/python3.8/site-packages/airflow/example_dags/example_latest_only.py took 0.109 seconds
[2025-11-16T20:43:35.630+0000] {processor.py:161} INFO - Started process (PID=314) to work on /home/airflow/.local/lib/python3.8/site-packages/airflow/example_dags/example_latest_only.py
[2025-11-16T20:43:35.631+0000] {processor.py:830} INFO - Processing file /home/airflow/.local/lib/python3.8/site-packages/airflow/example_dags/example_latest_only.py for tasks to queue
[2025-11-16T20:43:35.633+0000] {logging_mixin.py:188} INFO - [2025-11-16T20:43:35.632+0000] {dagbag.py:538} INFO - Filling up the DagBag from /home/airflow/.local/lib/python3.8/site-packages/airflow/example_dags/example_latest_only.py
[2025-11-16T20:43:35.640+0000] {processor.py:840} INFO - DAG(s) 'latest_only' retrieved from /home/airflow/.local/lib/python3.8/site-packages/airflow/example_dags/example_latest_only.py
[2025-11-16T20:43:35.669+0000] {logging_mixin.py:188} INFO - [2025-11-16T20:43:35.669+0000] {dag.py:3036} INFO - Sync 1 DAGs
[2025-11-16T20:43:35.701+0000] {logging_mixin.py:188} INFO - [2025-11-16T20:43:35.700+0000] {dag.py:3823} INFO - Setting next_dagrun for latest_only to 2025-11-16 16:00:00+00:00, run_after=2025-11-16 20:00:00+00:00
[2025-11-16T20:43:35.731+0000] {processor.py:183} INFO - Processing /home/airflow/.local/lib/python3.8/site-packages/airflow/example_dags/example_latest_only.py took 0.105 seconds
[2025-11-16T20:44:05.953+0000] {processor.py:161} INFO - Started process (PID=402) to work on /home/airflow/.local/lib/python3.8/site-packages/airflow/example_dags/example_latest_only.py
[2025-11-16T20:44:05.955+0000] {processor.py:830} INFO - Processing file /home/airflow/.local/lib/python3.8/site-packages/airflow/example_dags/example_latest_only.py for tasks to queue
[2025-11-16T20:44:05.956+0000] {logging_mixin.py:188} INFO - [2025-11-16T20:44:05.956+0000] {dagbag.py:538} INFO - Filling up the DagBag from /home/airflow/.local/lib/python3.8/site-packages/airflow/example_dags/example_latest_only.py
[2025-11-16T20:44:05.962+0000] {processor.py:840} INFO - DAG(s) 'latest_only' retrieved from /home/airflow/.local/lib/python3.8/site-packages/airflow/example_dags/example_latest_only.py
[2025-11-16T20:44:05.986+0000] {logging_mixin.py:188} INFO - [2025-11-16T20:44:05.986+0000] {dag.py:3036} INFO - Sync 1 DAGs
[2025-11-16T20:44:06.007+0000] {logging_mixin.py:188} INFO - [2025-11-16T20:44:06.007+0000] {dag.py:3823} INFO - Setting next_dagrun for latest_only to 2025-11-16 16:00:00+00:00, run_after=2025-11-16 20:00:00+00:00
[2025-11-16T20:44:06.029+0000] {processor.py:183} INFO - Processing /home/airflow/.local/lib/python3.8/site-packages/airflow/example_dags/example_latest_only.py took 0.078 seconds
[2025-11-16T20:44:36.893+0000] {processor.py:161} INFO - Started process (PID=483) to work on /home/airflow/.local/lib/python3.8/site-packages/airflow/example_dags/example_latest_only.py
[2025-11-16T20:44:36.894+0000] {processor.py:830} INFO - Processing file /home/airflow/.local/lib/python3.8/site-packages/airflow/example_dags/example_latest_only.py for tasks to queue
[2025-11-16T20:44:36.895+0000] {logging_mixin.py:188} INFO - [2025-11-16T20:44:36.895+0000] {dagbag.py:538} INFO - Filling up the DagBag from /home/airflow/.local/lib/python3.8/site-packages/airflow/example_dags/example_latest_only.py
[2025-11-16T20:44:36.901+0000] {processor.py:840} INFO - DAG(s) 'latest_only' retrieved from /home/airflow/.local/lib/python3.8/site-packages/airflow/example_dags/example_latest_only.py
[2025-11-16T20:44:36.931+0000] {logging_mixin.py:188} INFO - [2025-11-16T20:44:36.931+0000] {dag.py:3036} INFO - Sync 1 DAGs
[2025-11-16T20:44:36.956+0000] {logging_mixin.py:188} INFO - [2025-11-16T20:44:36.955+0000] {dag.py:3823} INFO - Setting next_dagrun for latest_only to 2025-11-16 16:00:00+00:00, run_after=2025-11-16 20:00:00+00:00
[2025-11-16T20:44:36.977+0000] {processor.py:183} INFO - Processing /home/airflow/.local/lib/python3.8/site-packages/airflow/example_dags/example_latest_only.py took 0.087 seconds
[2025-11-16T20:45:07.515+0000] {processor.py:161} INFO - Started process (PID=580) to work on /home/airflow/.local/lib/python3.8/site-packages/airflow/example_dags/example_latest_only.py
[2025-11-16T20:45:07.516+0000] {processor.py:830} INFO - Processing file /home/airflow/.local/lib/python3.8/site-packages/airflow/example_dags/example_latest_only.py for tasks to queue
[2025-11-16T20:45:07.517+0000] {logging_mixin.py:188} INFO - [2025-11-16T20:45:07.517+0000] {dagbag.py:538} INFO - Filling up the DagBag from /home/airflow/.local/lib/python3.8/site-packages/airflow/example_dags/example_latest_only.py
[2025-11-16T20:45:07.523+0000] {processor.py:840} INFO - DAG(s) 'latest_only' retrieved from /home/airflow/.local/lib/python3.8/site-packages/airflow/example_dags/example_latest_only.py
[2025-11-16T20:45:07.555+0000] {logging_mixin.py:188} INFO - [2025-11-16T20:45:07.554+0000] {dag.py:3036} INFO - Sync 1 DAGs
[2025-11-16T20:45:07.583+0000] {logging_mixin.py:188} INFO - [2025-11-16T20:45:07.582+0000] {dag.py:3823} INFO - Setting next_dagrun for latest_only to 2025-11-16 16:00:00+00:00, run_after=2025-11-16 20:00:00+00:00
[2025-11-16T20:45:07.610+0000] {processor.py:183} INFO - Processing /home/airflow/.local/lib/python3.8/site-packages/airflow/example_dags/example_latest_only.py took 0.099 seconds
[2025-11-16T20:45:37.944+0000] {processor.py:161} INFO - Started process (PID=662) to work on /home/airflow/.local/lib/python3.8/site-packages/airflow/example_dags/example_latest_only.py
[2025-11-16T20:45:37.945+0000] {processor.py:830} INFO - Processing file /home/airflow/.local/lib/python3.8/site-packages/airflow/example_dags/example_latest_only.py for tasks to queue
[2025-11-16T20:45:37.946+0000] {logging_mixin.py:188} INFO - [2025-11-16T20:45:37.946+0000] {dagbag.py:538} INFO - Filling up the DagBag from /home/airflow/.local/lib/python3.8/site-packages/airflow/example_dags/example_latest_only.py
[2025-11-16T20:45:37.952+0000] {processor.py:840} INFO - DAG(s) 'latest_only' retrieved from /home/airflow/.local/lib/python3.8/site-packages/airflow/example_dags/example_latest_only.py
[2025-11-16T20:45:37.981+0000] {logging_mixin.py:188} INFO - [2025-11-16T20:45:37.981+0000] {dag.py:3036} INFO - Sync 1 DAGs
[2025-11-16T20:45:38.013+0000] {logging_mixin.py:188} INFO - [2025-11-16T20:45:38.013+0000] {dag.py:3823} INFO - Setting next_dagrun for latest_only to 2025-11-16 16:00:00+00:00, run_after=2025-11-16 20:00:00+00:00
[2025-11-16T20:45:38.037+0000] {processor.py:183} INFO - Processing /home/airflow/.local/lib/python3.8/site-packages/airflow/example_dags/example_latest_only.py took 0.097 seconds
[2025-11-16T20:46:08.395+0000] {processor.py:161} INFO - Started process (PID=743) to work on /home/airflow/.local/lib/python3.8/site-packages/airflow/example_dags/example_latest_only.py
[2025-11-16T20:46:08.396+0000] {processor.py:830} INFO - Processing file /home/airflow/.local/lib/python3.8/site-packages/airflow/example_dags/example_latest_only.py for tasks to queue
[2025-11-16T20:46:08.397+0000] {logging_mixin.py:188} INFO - [2025-11-16T20:46:08.396+0000] {dagbag.py:538} INFO - Filling up the DagBag from /home/airflow/.local/lib/python3.8/site-packages/airflow/example_dags/example_latest_only.py
[2025-11-16T20:46:08.403+0000] {processor.py:840} INFO - DAG(s) 'latest_only' retrieved from /home/airflow/.local/lib/python3.8/site-packages/airflow/example_dags/example_latest_only.py
[2025-11-16T20:46:08.430+0000] {logging_mixin.py:188} INFO - [2025-11-16T20:46:08.430+0000] {dag.py:3036} INFO - Sync 1 DAGs
[2025-11-16T20:46:08.454+0000] {logging_mixin.py:188} INFO - [2025-11-16T20:46:08.453+0000] {dag.py:3823} INFO - Setting next_dagrun for latest_only to 2025-11-16 16:00:00+00:00, run_after=2025-11-16 20:00:00+00:00
[2025-11-16T20:46:08.478+0000] {processor.py:183} INFO - Processing /home/airflow/.local/lib/python3.8/site-packages/airflow/example_dags/example_latest_only.py took 0.086 seconds
[2025-11-16T20:46:38.967+0000] {processor.py:161} INFO - Started process (PID=839) to work on /home/airflow/.local/lib/python3.8/site-packages/airflow/example_dags/example_latest_only.py
[2025-11-16T20:46:38.968+0000] {processor.py:830} INFO - Processing file /home/airflow/.local/lib/python3.8/site-packages/airflow/example_dags/example_latest_only.py for tasks to queue
[2025-11-16T20:46:38.969+0000] {logging_mixin.py:188} INFO - [2025-11-16T20:46:38.969+0000] {dagbag.py:538} INFO - Filling up the DagBag from /home/airflow/.local/lib/python3.8/site-packages/airflow/example_dags/example_latest_only.py
[2025-11-16T20:46:38.975+0000] {processor.py:840} INFO - DAG(s) 'latest_only' retrieved from /home/airflow/.local/lib/python3.8/site-packages/airflow/example_dags/example_latest_only.py
[2025-11-16T20:46:38.997+0000] {logging_mixin.py:188} INFO - [2025-11-16T20:46:38.997+0000] {dag.py:3036} INFO - Sync 1 DAGs
[2025-11-16T20:46:39.022+0000] {logging_mixin.py:188} INFO - [2025-11-16T20:46:39.022+0000] {dag.py:3823} INFO - Setting next_dagrun for latest_only to 2025-11-16 16:00:00+00:00, run_after=2025-11-16 20:00:00+00:00
[2025-11-16T20:46:39.043+0000] {processor.py:183} INFO - Processing /home/airflow/.local/lib/python3.8/site-packages/airflow/example_dags/example_latest_only.py took 0.079 seconds
[2025-11-16T20:47:09.333+0000] {processor.py:161} INFO - Started process (PID=920) to work on /home/airflow/.local/lib/python3.8/site-packages/airflow/example_dags/example_latest_only.py
[2025-11-16T20:47:09.334+0000] {processor.py:830} INFO - Processing file /home/airflow/.local/lib/python3.8/site-packages/airflow/example_dags/example_latest_only.py for tasks to queue
[2025-11-16T20:47:09.335+0000] {logging_mixin.py:188} INFO - [2025-11-16T20:47:09.335+0000] {dagbag.py:538} INFO - Filling up the DagBag from /home/airflow/.local/lib/python3.8/site-packages/airflow/example_dags/example_latest_only.py
[2025-11-16T20:47:09.340+0000] {processor.py:840} INFO - DAG(s) 'latest_only' retrieved from /home/airflow/.local/lib/python3.8/site-packages/airflow/example_dags/example_latest_only.py
[2025-11-16T20:47:09.365+0000] {logging_mixin.py:188} INFO - [2025-11-16T20:47:09.365+0000] {dag.py:3036} INFO - Sync 1 DAGs
[2025-11-16T20:47:09.387+0000] {logging_mixin.py:188} INFO - [2025-11-16T20:47:09.387+0000] {dag.py:3823} INFO - Setting next_dagrun for latest_only to 2025-11-16 16:00:00+00:00, run_after=2025-11-16 20:00:00+00:00
[2025-11-16T20:47:09.410+0000] {processor.py:183} INFO - Processing /home/airflow/.local/lib/python3.8/site-packages/airflow/example_dags/example_latest_only.py took 0.080 seconds
[2025-11-16T20:47:40.176+0000] {processor.py:161} INFO - Started process (PID=1016) to work on /home/airflow/.local/lib/python3.8/site-packages/airflow/example_dags/example_latest_only.py
[2025-11-16T20:47:40.177+0000] {processor.py:830} INFO - Processing file /home/airflow/.local/lib/python3.8/site-packages/airflow/example_dags/example_latest_only.py for tasks to queue
[2025-11-16T20:47:40.178+0000] {logging_mixin.py:188} INFO - [2025-11-16T20:47:40.178+0000] {dagbag.py:538} INFO - Filling up the DagBag from /home/airflow/.local/lib/python3.8/site-packages/airflow/example_dags/example_latest_only.py
[2025-11-16T20:47:40.183+0000] {processor.py:840} INFO - DAG(s) 'latest_only' retrieved from /home/airflow/.local/lib/python3.8/site-packages/airflow/example_dags/example_latest_only.py
[2025-11-16T20:47:40.211+0000] {logging_mixin.py:188} INFO - [2025-11-16T20:47:40.210+0000] {dag.py:3036} INFO - Sync 1 DAGs
[2025-11-16T20:47:40.233+0000] {logging_mixin.py:188} INFO - [2025-11-16T20:47:40.233+0000] {dag.py:3823} INFO - Setting next_dagrun for latest_only to 2025-11-16 16:00:00+00:00, run_after=2025-11-16 20:00:00+00:00
[2025-11-16T20:47:40.263+0000] {processor.py:183} INFO - Processing /home/airflow/.local/lib/python3.8/site-packages/airflow/example_dags/example_latest_only.py took 0.091 seconds
[2025-11-16T20:48:10.588+0000] {processor.py:161} INFO - Started process (PID=1096) to work on /home/airflow/.local/lib/python3.8/site-packages/airflow/example_dags/example_latest_only.py
[2025-11-16T20:48:10.589+0000] {processor.py:830} INFO - Processing file /home/airflow/.local/lib/python3.8/site-packages/airflow/example_dags/example_latest_only.py for tasks to queue
[2025-11-16T20:48:10.590+0000] {logging_mixin.py:188} INFO - [2025-11-16T20:48:10.590+0000] {dagbag.py:538} INFO - Filling up the DagBag from /home/airflow/.local/lib/python3.8/site-packages/airflow/example_dags/example_latest_only.py
[2025-11-16T20:48:10.596+0000] {processor.py:840} INFO - DAG(s) 'latest_only' retrieved from /home/airflow/.local/lib/python3.8/site-packages/airflow/example_dags/example_latest_only.py
[2025-11-16T20:48:10.619+0000] {logging_mixin.py:188} INFO - [2025-11-16T20:48:10.619+0000] {dag.py:3036} INFO - Sync 1 DAGs
[2025-11-16T20:48:10.641+0000] {logging_mixin.py:188} INFO - [2025-11-16T20:48:10.641+0000] {dag.py:3823} INFO - Setting next_dagrun for latest_only to 2025-11-16 16:00:00+00:00, run_after=2025-11-16 20:00:00+00:00
[2025-11-16T20:48:10.663+0000] {processor.py:183} INFO - Processing /home/airflow/.local/lib/python3.8/site-packages/airflow/example_dags/example_latest_only.py took 0.078 seconds
[2025-11-16T20:48:41.811+0000] {processor.py:161} INFO - Started process (PID=1177) to work on /home/airflow/.local/lib/python3.8/site-packages/airflow/example_dags/example_latest_only.py
[2025-11-16T20:48:41.813+0000] {processor.py:830} INFO - Processing file /home/airflow/.local/lib/python3.8/site-packages/airflow/example_dags/example_latest_only.py for tasks to queue
[2025-11-16T20:48:41.816+0000] {logging_mixin.py:188} INFO - [2025-11-16T20:48:41.815+0000] {dagbag.py:538} INFO - Filling up the DagBag from /home/airflow/.local/lib/python3.8/site-packages/airflow/example_dags/example_latest_only.py
[2025-11-16T20:48:41.832+0000] {processor.py:840} INFO - DAG(s) 'latest_only' retrieved from /home/airflow/.local/lib/python3.8/site-packages/airflow/example_dags/example_latest_only.py
[2025-11-16T20:48:41.876+0000] {logging_mixin.py:188} INFO - [2025-11-16T20:48:41.875+0000] {dag.py:3036} INFO - Sync 1 DAGs
[2025-11-16T20:48:41.903+0000] {logging_mixin.py:188} INFO - [2025-11-16T20:48:41.903+0000] {dag.py:3823} INFO - Setting next_dagrun for latest_only to 2025-11-16 16:00:00+00:00, run_after=2025-11-16 20:00:00+00:00
[2025-11-16T20:48:41.937+0000] {processor.py:183} INFO - Processing /home/airflow/.local/lib/python3.8/site-packages/airflow/example_dags/example_latest_only.py took 0.133 seconds
[2025-11-16T20:49:18.659+0000] {processor.py:161} INFO - Started process (PID=1258) to work on /home/airflow/.local/lib/python3.8/site-packages/airflow/example_dags/example_latest_only.py
[2025-11-16T20:49:18.662+0000] {processor.py:830} INFO - Processing file /home/airflow/.local/lib/python3.8/site-packages/airflow/example_dags/example_latest_only.py for tasks to queue
[2025-11-16T20:49:18.668+0000] {logging_mixin.py:188} INFO - [2025-11-16T20:49:18.666+0000] {dagbag.py:538} INFO - Filling up the DagBag from /home/airflow/.local/lib/python3.8/site-packages/airflow/example_dags/example_latest_only.py
[2025-11-16T20:49:18.698+0000] {processor.py:840} INFO - DAG(s) 'latest_only' retrieved from /home/airflow/.local/lib/python3.8/site-packages/airflow/example_dags/example_latest_only.py
[2025-11-16T20:49:18.769+0000] {logging_mixin.py:188} INFO - [2025-11-16T20:49:18.768+0000] {dag.py:3036} INFO - Sync 1 DAGs
[2025-11-16T20:49:18.823+0000] {logging_mixin.py:188} INFO - [2025-11-16T20:49:18.822+0000] {dag.py:3823} INFO - Setting next_dagrun for latest_only to 2025-11-16 16:00:00+00:00, run_after=2025-11-16 20:00:00+00:00
[2025-11-16T20:49:18.872+0000] {processor.py:183} INFO - Processing /home/airflow/.local/lib/python3.8/site-packages/airflow/example_dags/example_latest_only.py took 0.217 seconds
[2025-11-16T20:50:06.179+0000] {processor.py:161} INFO - Started process (PID=1331) to work on /home/airflow/.local/lib/python3.8/site-packages/airflow/example_dags/example_latest_only.py
[2025-11-16T20:50:06.180+0000] {processor.py:830} INFO - Processing file /home/airflow/.local/lib/python3.8/site-packages/airflow/example_dags/example_latest_only.py for tasks to queue
[2025-11-16T20:50:06.184+0000] {logging_mixin.py:188} INFO - [2025-11-16T20:50:06.183+0000] {dagbag.py:538} INFO - Filling up the DagBag from /home/airflow/.local/lib/python3.8/site-packages/airflow/example_dags/example_latest_only.py
[2025-11-16T20:50:06.195+0000] {processor.py:840} INFO - DAG(s) 'latest_only' retrieved from /home/airflow/.local/lib/python3.8/site-packages/airflow/example_dags/example_latest_only.py
[2025-11-16T20:50:06.240+0000] {logging_mixin.py:188} INFO - [2025-11-16T20:50:06.240+0000] {dag.py:3036} INFO - Sync 1 DAGs
[2025-11-16T20:50:06.285+0000] {logging_mixin.py:188} INFO - [2025-11-16T20:50:06.284+0000] {dag.py:3823} INFO - Setting next_dagrun for latest_only to 2025-11-16 16:00:00+00:00, run_after=2025-11-16 20:00:00+00:00
[2025-11-16T20:50:06.323+0000] {processor.py:183} INFO - Processing /home/airflow/.local/lib/python3.8/site-packages/airflow/example_dags/example_latest_only.py took 0.148 seconds
[2025-11-16T23:16:21.582+0000] {processor.py:161} INFO - Started process (PID=1434) to work on /home/airflow/.local/lib/python3.8/site-packages/airflow/example_dags/example_latest_only.py
[2025-11-16T23:16:21.587+0000] {processor.py:830} INFO - Processing file /home/airflow/.local/lib/python3.8/site-packages/airflow/example_dags/example_latest_only.py for tasks to queue
[2025-11-16T23:16:21.591+0000] {logging_mixin.py:188} INFO - [2025-11-16T23:16:21.590+0000] {dagbag.py:538} INFO - Filling up the DagBag from /home/airflow/.local/lib/python3.8/site-packages/airflow/example_dags/example_latest_only.py
[2025-11-16T23:16:21.604+0000] {processor.py:840} INFO - DAG(s) 'latest_only' retrieved from /home/airflow/.local/lib/python3.8/site-packages/airflow/example_dags/example_latest_only.py
[2025-11-16T23:16:21.656+0000] {logging_mixin.py:188} INFO - [2025-11-16T23:16:21.655+0000] {dag.py:3036} INFO - Sync 1 DAGs
[2025-11-16T23:16:21.717+0000] {logging_mixin.py:188} INFO - [2025-11-16T23:16:21.716+0000] {dag.py:3823} INFO - Setting next_dagrun for latest_only to 2025-11-16 16:00:00+00:00, run_after=2025-11-16 20:00:00+00:00
[2025-11-16T23:16:21.772+0000] {processor.py:183} INFO - Processing /home/airflow/.local/lib/python3.8/site-packages/airflow/example_dags/example_latest_only.py took 0.195 seconds
[2025-11-16T23:16:51.951+0000] {processor.py:161} INFO - Started process (PID=1509) to work on /home/airflow/.local/lib/python3.8/site-packages/airflow/example_dags/example_latest_only.py
[2025-11-16T23:16:51.955+0000] {processor.py:830} INFO - Processing file /home/airflow/.local/lib/python3.8/site-packages/airflow/example_dags/example_latest_only.py for tasks to queue
[2025-11-16T23:16:51.956+0000] {logging_mixin.py:188} INFO - [2025-11-16T23:16:51.956+0000] {dagbag.py:538} INFO - Filling up the DagBag from /home/airflow/.local/lib/python3.8/site-packages/airflow/example_dags/example_latest_only.py
[2025-11-16T23:16:51.968+0000] {processor.py:840} INFO - DAG(s) 'latest_only' retrieved from /home/airflow/.local/lib/python3.8/site-packages/airflow/example_dags/example_latest_only.py
[2025-11-16T23:16:52.015+0000] {logging_mixin.py:188} INFO - [2025-11-16T23:16:52.015+0000] {dag.py:3036} INFO - Sync 1 DAGs
[2025-11-16T23:16:52.071+0000] {logging_mixin.py:188} INFO - [2025-11-16T23:16:52.071+0000] {dag.py:3823} INFO - Setting next_dagrun for latest_only to 2025-11-16 16:00:00+00:00, run_after=2025-11-16 20:00:00+00:00
[2025-11-16T23:16:52.126+0000] {processor.py:183} INFO - Processing /home/airflow/.local/lib/python3.8/site-packages/airflow/example_dags/example_latest_only.py took 0.179 seconds
[2025-11-16T23:17:24.623+0000] {processor.py:161} INFO - Started process (PID=1590) to work on /home/airflow/.local/lib/python3.8/site-packages/airflow/example_dags/example_latest_only.py
[2025-11-16T23:17:24.624+0000] {processor.py:830} INFO - Processing file /home/airflow/.local/lib/python3.8/site-packages/airflow/example_dags/example_latest_only.py for tasks to queue
[2025-11-16T23:17:24.626+0000] {logging_mixin.py:188} INFO - [2025-11-16T23:17:24.625+0000] {dagbag.py:538} INFO - Filling up the DagBag from /home/airflow/.local/lib/python3.8/site-packages/airflow/example_dags/example_latest_only.py
[2025-11-16T23:17:24.635+0000] {processor.py:840} INFO - DAG(s) 'latest_only' retrieved from /home/airflow/.local/lib/python3.8/site-packages/airflow/example_dags/example_latest_only.py
[2025-11-16T23:17:24.680+0000] {logging_mixin.py:188} INFO - [2025-11-16T23:17:24.680+0000] {dag.py:3036} INFO - Sync 1 DAGs
[2025-11-16T23:17:24.730+0000] {logging_mixin.py:188} INFO - [2025-11-16T23:17:24.729+0000] {dag.py:3823} INFO - Setting next_dagrun for latest_only to 2025-11-16 16:00:00+00:00, run_after=2025-11-16 20:00:00+00:00
[2025-11-16T23:17:24.766+0000] {processor.py:183} INFO - Processing /home/airflow/.local/lib/python3.8/site-packages/airflow/example_dags/example_latest_only.py took 0.147 seconds
[2025-11-16T23:17:58.749+0000] {processor.py:161} INFO - Started process (PID=1656) to work on /home/airflow/.local/lib/python3.8/site-packages/airflow/example_dags/example_latest_only.py
[2025-11-16T23:17:58.754+0000] {processor.py:830} INFO - Processing file /home/airflow/.local/lib/python3.8/site-packages/airflow/example_dags/example_latest_only.py for tasks to queue
[2025-11-16T23:17:58.756+0000] {logging_mixin.py:188} INFO - [2025-11-16T23:17:58.755+0000] {dagbag.py:538} INFO - Filling up the DagBag from /home/airflow/.local/lib/python3.8/site-packages/airflow/example_dags/example_latest_only.py
[2025-11-16T23:17:58.768+0000] {processor.py:840} INFO - DAG(s) 'latest_only' retrieved from /home/airflow/.local/lib/python3.8/site-packages/airflow/example_dags/example_latest_only.py
[2025-11-16T23:17:58.823+0000] {logging_mixin.py:188} INFO - [2025-11-16T23:17:58.822+0000] {dag.py:3036} INFO - Sync 1 DAGs
[2025-11-16T23:17:58.871+0000] {logging_mixin.py:188} INFO - [2025-11-16T23:17:58.871+0000] {dag.py:3823} INFO - Setting next_dagrun for latest_only to 2025-11-16 16:00:00+00:00, run_after=2025-11-16 20:00:00+00:00
[2025-11-16T23:17:58.913+0000] {processor.py:183} INFO - Processing /home/airflow/.local/lib/python3.8/site-packages/airflow/example_dags/example_latest_only.py took 0.169 seconds
[2025-11-16T23:18:34.288+0000] {processor.py:161} INFO - Started process (PID=1752) to work on /home/airflow/.local/lib/python3.8/site-packages/airflow/example_dags/example_latest_only.py
[2025-11-16T23:18:34.289+0000] {processor.py:830} INFO - Processing file /home/airflow/.local/lib/python3.8/site-packages/airflow/example_dags/example_latest_only.py for tasks to queue
[2025-11-16T23:18:34.291+0000] {logging_mixin.py:188} INFO - [2025-11-16T23:18:34.291+0000] {dagbag.py:538} INFO - Filling up the DagBag from /home/airflow/.local/lib/python3.8/site-packages/airflow/example_dags/example_latest_only.py
[2025-11-16T23:18:34.303+0000] {processor.py:840} INFO - DAG(s) 'latest_only' retrieved from /home/airflow/.local/lib/python3.8/site-packages/airflow/example_dags/example_latest_only.py
[2025-11-16T23:18:34.349+0000] {logging_mixin.py:188} INFO - [2025-11-16T23:18:34.349+0000] {dag.py:3036} INFO - Sync 1 DAGs
[2025-11-16T23:18:34.400+0000] {logging_mixin.py:188} INFO - [2025-11-16T23:18:34.400+0000] {dag.py:3823} INFO - Setting next_dagrun for latest_only to 2025-11-16 16:00:00+00:00, run_after=2025-11-16 20:00:00+00:00
[2025-11-16T23:18:34.445+0000] {processor.py:183} INFO - Processing /home/airflow/.local/lib/python3.8/site-packages/airflow/example_dags/example_latest_only.py took 0.164 seconds
[2025-11-16T23:19:04.661+0000] {processor.py:161} INFO - Started process (PID=1818) to work on /home/airflow/.local/lib/python3.8/site-packages/airflow/example_dags/example_latest_only.py
[2025-11-16T23:19:04.664+0000] {processor.py:830} INFO - Processing file /home/airflow/.local/lib/python3.8/site-packages/airflow/example_dags/example_latest_only.py for tasks to queue
[2025-11-16T23:19:04.665+0000] {logging_mixin.py:188} INFO - [2025-11-16T23:19:04.665+0000] {dagbag.py:538} INFO - Filling up the DagBag from /home/airflow/.local/lib/python3.8/site-packages/airflow/example_dags/example_latest_only.py
[2025-11-16T23:19:04.671+0000] {processor.py:840} INFO - DAG(s) 'latest_only' retrieved from /home/airflow/.local/lib/python3.8/site-packages/airflow/example_dags/example_latest_only.py
[2025-11-16T23:19:04.705+0000] {logging_mixin.py:188} INFO - [2025-11-16T23:19:04.705+0000] {dag.py:3036} INFO - Sync 1 DAGs
[2025-11-16T23:19:04.734+0000] {logging_mixin.py:188} INFO - [2025-11-16T23:19:04.734+0000] {dag.py:3823} INFO - Setting next_dagrun for latest_only to 2025-11-16 16:00:00+00:00, run_after=2025-11-16 20:00:00+00:00
[2025-11-16T23:19:04.759+0000] {processor.py:183} INFO - Processing /home/airflow/.local/lib/python3.8/site-packages/airflow/example_dags/example_latest_only.py took 0.102 seconds
