[2025-11-16T20:20:29.704+0000] {processor.py:161} INFO - Started process (PID=151) to work on /home/airflow/.local/lib/python3.8/site-packages/airflow/example_dags/example_python_operator.py
[2025-11-16T20:20:29.712+0000] {processor.py:830} INFO - Processing file /home/airflow/.local/lib/python3.8/site-packages/airflow/example_dags/example_python_operator.py for tasks to queue
[2025-11-16T20:20:29.719+0000] {logging_mixin.py:188} INFO - [2025-11-16T20:20:29.717+0000] {dagbag.py:538} INFO - Filling up the DagBag from /home/airflow/.local/lib/python3.8/site-packages/airflow/example_dags/example_python_operator.py
[2025-11-16T20:20:29.883+0000] {processor.py:840} INFO - DAG(s) 'example_python_operator' retrieved from /home/airflow/.local/lib/python3.8/site-packages/airflow/example_dags/example_python_operator.py
[2025-11-16T20:20:30.554+0000] {logging_mixin.py:188} INFO - [2025-11-16T20:20:30.552+0000] {override.py:1769} INFO - Created Permission View: can edit on DAG:example_python_operator
[2025-11-16T20:20:30.577+0000] {logging_mixin.py:188} INFO - [2025-11-16T20:20:30.576+0000] {override.py:1769} INFO - Created Permission View: can read on DAG:example_python_operator
[2025-11-16T20:20:30.601+0000] {logging_mixin.py:188} INFO - [2025-11-16T20:20:30.601+0000] {override.py:1769} INFO - Created Permission View: can delete on DAG:example_python_operator
[2025-11-16T20:20:30.603+0000] {logging_mixin.py:188} INFO - [2025-11-16T20:20:30.602+0000] {dag.py:3036} INFO - Sync 1 DAGs
[2025-11-16T20:20:30.639+0000] {logging_mixin.py:188} INFO - [2025-11-16T20:20:30.639+0000] {dag.py:3058} INFO - Creating ORM DAG for example_python_operator
[2025-11-16T20:20:30.641+0000] {logging_mixin.py:188} INFO - [2025-11-16T20:20:30.641+0000] {dag.py:3823} INFO - Setting next_dagrun for example_python_operator to None, run_after=None
[2025-11-16T20:20:30.680+0000] {processor.py:183} INFO - Processing /home/airflow/.local/lib/python3.8/site-packages/airflow/example_dags/example_python_operator.py took 1.032 seconds
[2025-11-16T20:21:00.755+0000] {processor.py:161} INFO - Started process (PID=232) to work on /home/airflow/.local/lib/python3.8/site-packages/airflow/example_dags/example_python_operator.py
[2025-11-16T20:21:00.756+0000] {processor.py:830} INFO - Processing file /home/airflow/.local/lib/python3.8/site-packages/airflow/example_dags/example_python_operator.py for tasks to queue
[2025-11-16T20:21:00.759+0000] {logging_mixin.py:188} INFO - [2025-11-16T20:21:00.757+0000] {dagbag.py:538} INFO - Filling up the DagBag from /home/airflow/.local/lib/python3.8/site-packages/airflow/example_dags/example_python_operator.py
[2025-11-16T20:21:00.780+0000] {processor.py:840} INFO - DAG(s) 'example_python_operator' retrieved from /home/airflow/.local/lib/python3.8/site-packages/airflow/example_dags/example_python_operator.py
[2025-11-16T20:21:00.816+0000] {logging_mixin.py:188} INFO - [2025-11-16T20:21:00.816+0000] {dag.py:3036} INFO - Sync 1 DAGs
[2025-11-16T20:21:01.001+0000] {logging_mixin.py:188} INFO - [2025-11-16T20:21:01.000+0000] {dag.py:3823} INFO - Setting next_dagrun for example_python_operator to None, run_after=None
[2025-11-16T20:21:01.028+0000] {processor.py:183} INFO - Processing /home/airflow/.local/lib/python3.8/site-packages/airflow/example_dags/example_python_operator.py took 0.277 seconds
[2025-11-16T20:21:31.864+0000] {processor.py:161} INFO - Started process (PID=298) to work on /home/airflow/.local/lib/python3.8/site-packages/airflow/example_dags/example_python_operator.py
[2025-11-16T20:21:31.864+0000] {processor.py:830} INFO - Processing file /home/airflow/.local/lib/python3.8/site-packages/airflow/example_dags/example_python_operator.py for tasks to queue
[2025-11-16T20:21:31.866+0000] {logging_mixin.py:188} INFO - [2025-11-16T20:21:31.865+0000] {dagbag.py:538} INFO - Filling up the DagBag from /home/airflow/.local/lib/python3.8/site-packages/airflow/example_dags/example_python_operator.py
[2025-11-16T20:21:31.876+0000] {processor.py:840} INFO - DAG(s) 'example_python_operator' retrieved from /home/airflow/.local/lib/python3.8/site-packages/airflow/example_dags/example_python_operator.py
[2025-11-16T20:21:31.903+0000] {logging_mixin.py:188} INFO - [2025-11-16T20:21:31.902+0000] {dag.py:3036} INFO - Sync 1 DAGs
[2025-11-16T20:21:31.917+0000] {logging_mixin.py:188} INFO - [2025-11-16T20:21:31.917+0000] {dag.py:3823} INFO - Setting next_dagrun for example_python_operator to None, run_after=None
[2025-11-16T20:21:31.940+0000] {processor.py:183} INFO - Processing /home/airflow/.local/lib/python3.8/site-packages/airflow/example_dags/example_python_operator.py took 0.079 seconds
[2025-11-16T20:22:02.213+0000] {processor.py:161} INFO - Started process (PID=394) to work on /home/airflow/.local/lib/python3.8/site-packages/airflow/example_dags/example_python_operator.py
[2025-11-16T20:22:02.214+0000] {processor.py:830} INFO - Processing file /home/airflow/.local/lib/python3.8/site-packages/airflow/example_dags/example_python_operator.py for tasks to queue
[2025-11-16T20:22:02.215+0000] {logging_mixin.py:188} INFO - [2025-11-16T20:22:02.215+0000] {dagbag.py:538} INFO - Filling up the DagBag from /home/airflow/.local/lib/python3.8/site-packages/airflow/example_dags/example_python_operator.py
[2025-11-16T20:22:02.225+0000] {processor.py:840} INFO - DAG(s) 'example_python_operator' retrieved from /home/airflow/.local/lib/python3.8/site-packages/airflow/example_dags/example_python_operator.py
[2025-11-16T20:22:02.255+0000] {logging_mixin.py:188} INFO - [2025-11-16T20:22:02.254+0000] {dag.py:3036} INFO - Sync 1 DAGs
[2025-11-16T20:22:02.268+0000] {logging_mixin.py:188} INFO - [2025-11-16T20:22:02.268+0000] {dag.py:3823} INFO - Setting next_dagrun for example_python_operator to None, run_after=None
[2025-11-16T20:22:02.293+0000] {processor.py:183} INFO - Processing /home/airflow/.local/lib/python3.8/site-packages/airflow/example_dags/example_python_operator.py took 0.084 seconds
[2025-11-16T20:22:32.793+0000] {processor.py:161} INFO - Started process (PID=475) to work on /home/airflow/.local/lib/python3.8/site-packages/airflow/example_dags/example_python_operator.py
[2025-11-16T20:22:32.795+0000] {processor.py:830} INFO - Processing file /home/airflow/.local/lib/python3.8/site-packages/airflow/example_dags/example_python_operator.py for tasks to queue
[2025-11-16T20:22:32.797+0000] {logging_mixin.py:188} INFO - [2025-11-16T20:22:32.796+0000] {dagbag.py:538} INFO - Filling up the DagBag from /home/airflow/.local/lib/python3.8/site-packages/airflow/example_dags/example_python_operator.py
[2025-11-16T20:22:32.813+0000] {processor.py:840} INFO - DAG(s) 'example_python_operator' retrieved from /home/airflow/.local/lib/python3.8/site-packages/airflow/example_dags/example_python_operator.py
[2025-11-16T20:22:32.856+0000] {logging_mixin.py:188} INFO - [2025-11-16T20:22:32.856+0000] {dag.py:3036} INFO - Sync 1 DAGs
[2025-11-16T20:22:32.878+0000] {logging_mixin.py:188} INFO - [2025-11-16T20:22:32.878+0000] {dag.py:3823} INFO - Setting next_dagrun for example_python_operator to None, run_after=None
[2025-11-16T20:22:32.906+0000] {processor.py:183} INFO - Processing /home/airflow/.local/lib/python3.8/site-packages/airflow/example_dags/example_python_operator.py took 0.119 seconds
[2025-11-16T20:23:03.672+0000] {processor.py:161} INFO - Started process (PID=554) to work on /home/airflow/.local/lib/python3.8/site-packages/airflow/example_dags/example_python_operator.py
[2025-11-16T20:23:03.673+0000] {processor.py:830} INFO - Processing file /home/airflow/.local/lib/python3.8/site-packages/airflow/example_dags/example_python_operator.py for tasks to queue
[2025-11-16T20:23:03.675+0000] {logging_mixin.py:188} INFO - [2025-11-16T20:23:03.674+0000] {dagbag.py:538} INFO - Filling up the DagBag from /home/airflow/.local/lib/python3.8/site-packages/airflow/example_dags/example_python_operator.py
[2025-11-16T20:23:03.688+0000] {processor.py:840} INFO - DAG(s) 'example_python_operator' retrieved from /home/airflow/.local/lib/python3.8/site-packages/airflow/example_dags/example_python_operator.py
[2025-11-16T20:23:03.717+0000] {logging_mixin.py:188} INFO - [2025-11-16T20:23:03.716+0000] {dag.py:3036} INFO - Sync 1 DAGs
[2025-11-16T20:23:03.738+0000] {logging_mixin.py:188} INFO - [2025-11-16T20:23:03.737+0000] {dag.py:3823} INFO - Setting next_dagrun for example_python_operator to None, run_after=None
[2025-11-16T20:23:03.771+0000] {processor.py:183} INFO - Processing /home/airflow/.local/lib/python3.8/site-packages/airflow/example_dags/example_python_operator.py took 0.102 seconds
[2025-11-16T20:23:33.927+0000] {processor.py:161} INFO - Started process (PID=635) to work on /home/airflow/.local/lib/python3.8/site-packages/airflow/example_dags/example_python_operator.py
[2025-11-16T20:23:33.928+0000] {processor.py:830} INFO - Processing file /home/airflow/.local/lib/python3.8/site-packages/airflow/example_dags/example_python_operator.py for tasks to queue
[2025-11-16T20:23:33.929+0000] {logging_mixin.py:188} INFO - [2025-11-16T20:23:33.929+0000] {dagbag.py:538} INFO - Filling up the DagBag from /home/airflow/.local/lib/python3.8/site-packages/airflow/example_dags/example_python_operator.py
[2025-11-16T20:23:33.945+0000] {processor.py:840} INFO - DAG(s) 'example_python_operator' retrieved from /home/airflow/.local/lib/python3.8/site-packages/airflow/example_dags/example_python_operator.py
[2025-11-16T20:23:33.981+0000] {logging_mixin.py:188} INFO - [2025-11-16T20:23:33.981+0000] {dag.py:3036} INFO - Sync 1 DAGs
[2025-11-16T20:23:33.997+0000] {logging_mixin.py:188} INFO - [2025-11-16T20:23:33.996+0000] {dag.py:3823} INFO - Setting next_dagrun for example_python_operator to None, run_after=None
[2025-11-16T20:23:34.037+0000] {processor.py:183} INFO - Processing /home/airflow/.local/lib/python3.8/site-packages/airflow/example_dags/example_python_operator.py took 0.115 seconds
[2025-11-16T20:24:04.264+0000] {processor.py:161} INFO - Started process (PID=731) to work on /home/airflow/.local/lib/python3.8/site-packages/airflow/example_dags/example_python_operator.py
[2025-11-16T20:24:04.266+0000] {processor.py:830} INFO - Processing file /home/airflow/.local/lib/python3.8/site-packages/airflow/example_dags/example_python_operator.py for tasks to queue
[2025-11-16T20:24:04.267+0000] {logging_mixin.py:188} INFO - [2025-11-16T20:24:04.267+0000] {dagbag.py:538} INFO - Filling up the DagBag from /home/airflow/.local/lib/python3.8/site-packages/airflow/example_dags/example_python_operator.py
[2025-11-16T20:24:04.280+0000] {processor.py:840} INFO - DAG(s) 'example_python_operator' retrieved from /home/airflow/.local/lib/python3.8/site-packages/airflow/example_dags/example_python_operator.py
[2025-11-16T20:24:04.314+0000] {logging_mixin.py:188} INFO - [2025-11-16T20:24:04.314+0000] {dag.py:3036} INFO - Sync 1 DAGs
[2025-11-16T20:24:04.333+0000] {logging_mixin.py:188} INFO - [2025-11-16T20:24:04.333+0000] {dag.py:3823} INFO - Setting next_dagrun for example_python_operator to None, run_after=None
[2025-11-16T20:24:04.366+0000] {processor.py:183} INFO - Processing /home/airflow/.local/lib/python3.8/site-packages/airflow/example_dags/example_python_operator.py took 0.107 seconds
[2025-11-16T20:24:34.599+0000] {processor.py:161} INFO - Started process (PID=810) to work on /home/airflow/.local/lib/python3.8/site-packages/airflow/example_dags/example_python_operator.py
[2025-11-16T20:24:34.601+0000] {processor.py:830} INFO - Processing file /home/airflow/.local/lib/python3.8/site-packages/airflow/example_dags/example_python_operator.py for tasks to queue
[2025-11-16T20:24:34.605+0000] {logging_mixin.py:188} INFO - [2025-11-16T20:24:34.603+0000] {dagbag.py:538} INFO - Filling up the DagBag from /home/airflow/.local/lib/python3.8/site-packages/airflow/example_dags/example_python_operator.py
[2025-11-16T20:24:34.625+0000] {processor.py:840} INFO - DAG(s) 'example_python_operator' retrieved from /home/airflow/.local/lib/python3.8/site-packages/airflow/example_dags/example_python_operator.py
[2025-11-16T20:24:34.665+0000] {logging_mixin.py:188} INFO - [2025-11-16T20:24:34.664+0000] {dag.py:3036} INFO - Sync 1 DAGs
[2025-11-16T20:24:34.686+0000] {logging_mixin.py:188} INFO - [2025-11-16T20:24:34.685+0000] {dag.py:3823} INFO - Setting next_dagrun for example_python_operator to None, run_after=None
[2025-11-16T20:24:34.729+0000] {processor.py:183} INFO - Processing /home/airflow/.local/lib/python3.8/site-packages/airflow/example_dags/example_python_operator.py took 0.134 seconds
[2025-11-16T20:25:04.900+0000] {processor.py:161} INFO - Started process (PID=898) to work on /home/airflow/.local/lib/python3.8/site-packages/airflow/example_dags/example_python_operator.py
[2025-11-16T20:25:04.901+0000] {processor.py:830} INFO - Processing file /home/airflow/.local/lib/python3.8/site-packages/airflow/example_dags/example_python_operator.py for tasks to queue
[2025-11-16T20:25:04.902+0000] {logging_mixin.py:188} INFO - [2025-11-16T20:25:04.902+0000] {dagbag.py:538} INFO - Filling up the DagBag from /home/airflow/.local/lib/python3.8/site-packages/airflow/example_dags/example_python_operator.py
[2025-11-16T20:25:04.924+0000] {processor.py:840} INFO - DAG(s) 'example_python_operator' retrieved from /home/airflow/.local/lib/python3.8/site-packages/airflow/example_dags/example_python_operator.py
[2025-11-16T20:25:04.972+0000] {logging_mixin.py:188} INFO - [2025-11-16T20:25:04.971+0000] {dag.py:3036} INFO - Sync 1 DAGs
[2025-11-16T20:25:04.998+0000] {logging_mixin.py:188} INFO - [2025-11-16T20:25:04.998+0000] {dag.py:3823} INFO - Setting next_dagrun for example_python_operator to None, run_after=None
[2025-11-16T20:25:05.034+0000] {processor.py:183} INFO - Processing /home/airflow/.local/lib/python3.8/site-packages/airflow/example_dags/example_python_operator.py took 0.142 seconds
[2025-11-16T20:25:35.721+0000] {processor.py:161} INFO - Started process (PID=987) to work on /home/airflow/.local/lib/python3.8/site-packages/airflow/example_dags/example_python_operator.py
[2025-11-16T20:25:35.723+0000] {processor.py:830} INFO - Processing file /home/airflow/.local/lib/python3.8/site-packages/airflow/example_dags/example_python_operator.py for tasks to queue
[2025-11-16T20:25:35.724+0000] {logging_mixin.py:188} INFO - [2025-11-16T20:25:35.724+0000] {dagbag.py:538} INFO - Filling up the DagBag from /home/airflow/.local/lib/python3.8/site-packages/airflow/example_dags/example_python_operator.py
[2025-11-16T20:25:35.739+0000] {processor.py:840} INFO - DAG(s) 'example_python_operator' retrieved from /home/airflow/.local/lib/python3.8/site-packages/airflow/example_dags/example_python_operator.py
[2025-11-16T20:25:35.779+0000] {logging_mixin.py:188} INFO - [2025-11-16T20:25:35.779+0000] {dag.py:3036} INFO - Sync 1 DAGs
[2025-11-16T20:25:35.791+0000] {logging_mixin.py:188} INFO - [2025-11-16T20:25:35.791+0000] {dag.py:3823} INFO - Setting next_dagrun for example_python_operator to None, run_after=None
[2025-11-16T20:25:35.811+0000] {processor.py:183} INFO - Processing /home/airflow/.local/lib/python3.8/site-packages/airflow/example_dags/example_python_operator.py took 0.096 seconds
[2025-11-16T20:26:05.855+0000] {processor.py:161} INFO - Started process (PID=1068) to work on /home/airflow/.local/lib/python3.8/site-packages/airflow/example_dags/example_python_operator.py
[2025-11-16T20:26:05.856+0000] {processor.py:830} INFO - Processing file /home/airflow/.local/lib/python3.8/site-packages/airflow/example_dags/example_python_operator.py for tasks to queue
[2025-11-16T20:26:05.858+0000] {logging_mixin.py:188} INFO - [2025-11-16T20:26:05.857+0000] {dagbag.py:538} INFO - Filling up the DagBag from /home/airflow/.local/lib/python3.8/site-packages/airflow/example_dags/example_python_operator.py
[2025-11-16T20:26:05.870+0000] {processor.py:840} INFO - DAG(s) 'example_python_operator' retrieved from /home/airflow/.local/lib/python3.8/site-packages/airflow/example_dags/example_python_operator.py
[2025-11-16T20:26:05.899+0000] {logging_mixin.py:188} INFO - [2025-11-16T20:26:05.898+0000] {dag.py:3036} INFO - Sync 1 DAGs
[2025-11-16T20:26:05.911+0000] {logging_mixin.py:188} INFO - [2025-11-16T20:26:05.911+0000] {dag.py:3823} INFO - Setting next_dagrun for example_python_operator to None, run_after=None
[2025-11-16T20:26:05.931+0000] {processor.py:183} INFO - Processing /home/airflow/.local/lib/python3.8/site-packages/airflow/example_dags/example_python_operator.py took 0.079 seconds
[2025-11-16T20:26:36.172+0000] {processor.py:161} INFO - Started process (PID=1164) to work on /home/airflow/.local/lib/python3.8/site-packages/airflow/example_dags/example_python_operator.py
[2025-11-16T20:26:36.173+0000] {processor.py:830} INFO - Processing file /home/airflow/.local/lib/python3.8/site-packages/airflow/example_dags/example_python_operator.py for tasks to queue
[2025-11-16T20:26:36.174+0000] {logging_mixin.py:188} INFO - [2025-11-16T20:26:36.173+0000] {dagbag.py:538} INFO - Filling up the DagBag from /home/airflow/.local/lib/python3.8/site-packages/airflow/example_dags/example_python_operator.py
[2025-11-16T20:26:36.185+0000] {processor.py:840} INFO - DAG(s) 'example_python_operator' retrieved from /home/airflow/.local/lib/python3.8/site-packages/airflow/example_dags/example_python_operator.py
[2025-11-16T20:26:36.209+0000] {logging_mixin.py:188} INFO - [2025-11-16T20:26:36.209+0000] {dag.py:3036} INFO - Sync 1 DAGs
[2025-11-16T20:26:36.221+0000] {logging_mixin.py:188} INFO - [2025-11-16T20:26:36.220+0000] {dag.py:3823} INFO - Setting next_dagrun for example_python_operator to None, run_after=None
[2025-11-16T20:26:36.239+0000] {processor.py:183} INFO - Processing /home/airflow/.local/lib/python3.8/site-packages/airflow/example_dags/example_python_operator.py took 0.070 seconds
[2025-11-16T20:27:06.572+0000] {processor.py:161} INFO - Started process (PID=1244) to work on /home/airflow/.local/lib/python3.8/site-packages/airflow/example_dags/example_python_operator.py
[2025-11-16T20:27:06.584+0000] {processor.py:830} INFO - Processing file /home/airflow/.local/lib/python3.8/site-packages/airflow/example_dags/example_python_operator.py for tasks to queue
[2025-11-16T20:27:06.585+0000] {logging_mixin.py:188} INFO - [2025-11-16T20:27:06.585+0000] {dagbag.py:538} INFO - Filling up the DagBag from /home/airflow/.local/lib/python3.8/site-packages/airflow/example_dags/example_python_operator.py
[2025-11-16T20:27:06.601+0000] {processor.py:840} INFO - DAG(s) 'example_python_operator' retrieved from /home/airflow/.local/lib/python3.8/site-packages/airflow/example_dags/example_python_operator.py
[2025-11-16T20:27:06.650+0000] {logging_mixin.py:188} INFO - [2025-11-16T20:27:06.649+0000] {dag.py:3036} INFO - Sync 1 DAGs
[2025-11-16T20:27:06.663+0000] {logging_mixin.py:188} INFO - [2025-11-16T20:27:06.663+0000] {dag.py:3823} INFO - Setting next_dagrun for example_python_operator to None, run_after=None
[2025-11-16T20:27:06.686+0000] {processor.py:183} INFO - Processing /home/airflow/.local/lib/python3.8/site-packages/airflow/example_dags/example_python_operator.py took 0.119 seconds
[2025-11-16T20:27:36.911+0000] {processor.py:161} INFO - Started process (PID=1341) to work on /home/airflow/.local/lib/python3.8/site-packages/airflow/example_dags/example_python_operator.py
[2025-11-16T20:27:36.912+0000] {processor.py:830} INFO - Processing file /home/airflow/.local/lib/python3.8/site-packages/airflow/example_dags/example_python_operator.py for tasks to queue
[2025-11-16T20:27:36.914+0000] {logging_mixin.py:188} INFO - [2025-11-16T20:27:36.913+0000] {dagbag.py:538} INFO - Filling up the DagBag from /home/airflow/.local/lib/python3.8/site-packages/airflow/example_dags/example_python_operator.py
[2025-11-16T20:27:36.926+0000] {processor.py:840} INFO - DAG(s) 'example_python_operator' retrieved from /home/airflow/.local/lib/python3.8/site-packages/airflow/example_dags/example_python_operator.py
[2025-11-16T20:27:36.958+0000] {logging_mixin.py:188} INFO - [2025-11-16T20:27:36.958+0000] {dag.py:3036} INFO - Sync 1 DAGs
[2025-11-16T20:27:36.973+0000] {logging_mixin.py:188} INFO - [2025-11-16T20:27:36.973+0000] {dag.py:3823} INFO - Setting next_dagrun for example_python_operator to None, run_after=None
[2025-11-16T20:27:36.998+0000] {processor.py:183} INFO - Processing /home/airflow/.local/lib/python3.8/site-packages/airflow/example_dags/example_python_operator.py took 0.090 seconds
[2025-11-16T20:28:07.250+0000] {processor.py:161} INFO - Started process (PID=1422) to work on /home/airflow/.local/lib/python3.8/site-packages/airflow/example_dags/example_python_operator.py
[2025-11-16T20:28:07.251+0000] {processor.py:830} INFO - Processing file /home/airflow/.local/lib/python3.8/site-packages/airflow/example_dags/example_python_operator.py for tasks to queue
[2025-11-16T20:28:07.253+0000] {logging_mixin.py:188} INFO - [2025-11-16T20:28:07.252+0000] {dagbag.py:538} INFO - Filling up the DagBag from /home/airflow/.local/lib/python3.8/site-packages/airflow/example_dags/example_python_operator.py
[2025-11-16T20:28:07.263+0000] {processor.py:840} INFO - DAG(s) 'example_python_operator' retrieved from /home/airflow/.local/lib/python3.8/site-packages/airflow/example_dags/example_python_operator.py
[2025-11-16T20:28:07.292+0000] {logging_mixin.py:188} INFO - [2025-11-16T20:28:07.291+0000] {dag.py:3036} INFO - Sync 1 DAGs
[2025-11-16T20:28:07.304+0000] {logging_mixin.py:188} INFO - [2025-11-16T20:28:07.303+0000] {dag.py:3823} INFO - Setting next_dagrun for example_python_operator to None, run_after=None
[2025-11-16T20:28:07.333+0000] {processor.py:183} INFO - Processing /home/airflow/.local/lib/python3.8/site-packages/airflow/example_dags/example_python_operator.py took 0.086 seconds
[2025-11-16T20:28:37.668+0000] {processor.py:161} INFO - Started process (PID=1511) to work on /home/airflow/.local/lib/python3.8/site-packages/airflow/example_dags/example_python_operator.py
[2025-11-16T20:28:37.669+0000] {processor.py:830} INFO - Processing file /home/airflow/.local/lib/python3.8/site-packages/airflow/example_dags/example_python_operator.py for tasks to queue
[2025-11-16T20:28:37.671+0000] {logging_mixin.py:188} INFO - [2025-11-16T20:28:37.670+0000] {dagbag.py:538} INFO - Filling up the DagBag from /home/airflow/.local/lib/python3.8/site-packages/airflow/example_dags/example_python_operator.py
[2025-11-16T20:28:37.683+0000] {processor.py:840} INFO - DAG(s) 'example_python_operator' retrieved from /home/airflow/.local/lib/python3.8/site-packages/airflow/example_dags/example_python_operator.py
[2025-11-16T20:28:37.712+0000] {logging_mixin.py:188} INFO - [2025-11-16T20:28:37.712+0000] {dag.py:3036} INFO - Sync 1 DAGs
[2025-11-16T20:28:37.729+0000] {logging_mixin.py:188} INFO - [2025-11-16T20:28:37.729+0000] {dag.py:3823} INFO - Setting next_dagrun for example_python_operator to None, run_after=None
[2025-11-16T20:28:37.755+0000] {processor.py:183} INFO - Processing /home/airflow/.local/lib/python3.8/site-packages/airflow/example_dags/example_python_operator.py took 0.090 seconds
[2025-11-16T20:29:09.074+0000] {processor.py:161} INFO - Started process (PID=1595) to work on /home/airflow/.local/lib/python3.8/site-packages/airflow/example_dags/example_python_operator.py
[2025-11-16T20:29:09.075+0000] {processor.py:830} INFO - Processing file /home/airflow/.local/lib/python3.8/site-packages/airflow/example_dags/example_python_operator.py for tasks to queue
[2025-11-16T20:29:09.076+0000] {logging_mixin.py:188} INFO - [2025-11-16T20:29:09.076+0000] {dagbag.py:538} INFO - Filling up the DagBag from /home/airflow/.local/lib/python3.8/site-packages/airflow/example_dags/example_python_operator.py
[2025-11-16T20:29:09.090+0000] {processor.py:840} INFO - DAG(s) 'example_python_operator' retrieved from /home/airflow/.local/lib/python3.8/site-packages/airflow/example_dags/example_python_operator.py
[2025-11-16T20:29:09.118+0000] {logging_mixin.py:188} INFO - [2025-11-16T20:29:09.118+0000] {dag.py:3036} INFO - Sync 1 DAGs
[2025-11-16T20:29:09.131+0000] {logging_mixin.py:188} INFO - [2025-11-16T20:29:09.131+0000] {dag.py:3823} INFO - Setting next_dagrun for example_python_operator to None, run_after=None
[2025-11-16T20:29:09.153+0000] {processor.py:183} INFO - Processing /home/airflow/.local/lib/python3.8/site-packages/airflow/example_dags/example_python_operator.py took 0.084 seconds
[2025-11-16T20:29:42.091+0000] {processor.py:161} INFO - Started process (PID=1675) to work on /home/airflow/.local/lib/python3.8/site-packages/airflow/example_dags/example_python_operator.py
[2025-11-16T20:29:42.093+0000] {processor.py:830} INFO - Processing file /home/airflow/.local/lib/python3.8/site-packages/airflow/example_dags/example_python_operator.py for tasks to queue
[2025-11-16T20:29:42.097+0000] {logging_mixin.py:188} INFO - [2025-11-16T20:29:42.096+0000] {dagbag.py:538} INFO - Filling up the DagBag from /home/airflow/.local/lib/python3.8/site-packages/airflow/example_dags/example_python_operator.py
[2025-11-16T20:29:42.137+0000] {processor.py:840} INFO - DAG(s) 'example_python_operator' retrieved from /home/airflow/.local/lib/python3.8/site-packages/airflow/example_dags/example_python_operator.py
[2025-11-16T20:29:42.191+0000] {logging_mixin.py:188} INFO - [2025-11-16T20:29:42.190+0000] {dag.py:3036} INFO - Sync 1 DAGs
[2025-11-16T20:29:42.230+0000] {logging_mixin.py:188} INFO - [2025-11-16T20:29:42.228+0000] {dag.py:3823} INFO - Setting next_dagrun for example_python_operator to None, run_after=None
[2025-11-16T20:29:42.292+0000] {processor.py:183} INFO - Processing /home/airflow/.local/lib/python3.8/site-packages/airflow/example_dags/example_python_operator.py took 0.204 seconds
[2025-11-16T20:30:12.347+0000] {processor.py:161} INFO - Started process (PID=1756) to work on /home/airflow/.local/lib/python3.8/site-packages/airflow/example_dags/example_python_operator.py
[2025-11-16T20:30:12.348+0000] {processor.py:830} INFO - Processing file /home/airflow/.local/lib/python3.8/site-packages/airflow/example_dags/example_python_operator.py for tasks to queue
[2025-11-16T20:30:12.352+0000] {logging_mixin.py:188} INFO - [2025-11-16T20:30:12.351+0000] {dagbag.py:538} INFO - Filling up the DagBag from /home/airflow/.local/lib/python3.8/site-packages/airflow/example_dags/example_python_operator.py
[2025-11-16T20:30:12.365+0000] {processor.py:840} INFO - DAG(s) 'example_python_operator' retrieved from /home/airflow/.local/lib/python3.8/site-packages/airflow/example_dags/example_python_operator.py
[2025-11-16T20:30:12.399+0000] {logging_mixin.py:188} INFO - [2025-11-16T20:30:12.398+0000] {dag.py:3036} INFO - Sync 1 DAGs
[2025-11-16T20:30:12.414+0000] {logging_mixin.py:188} INFO - [2025-11-16T20:30:12.413+0000] {dag.py:3823} INFO - Setting next_dagrun for example_python_operator to None, run_after=None
[2025-11-16T20:30:12.447+0000] {processor.py:183} INFO - Processing /home/airflow/.local/lib/python3.8/site-packages/airflow/example_dags/example_python_operator.py took 0.102 seconds
[2025-11-16T20:30:47.510+0000] {processor.py:161} INFO - Started process (PID=1839) to work on /home/airflow/.local/lib/python3.8/site-packages/airflow/example_dags/example_python_operator.py
[2025-11-16T20:30:47.517+0000] {processor.py:830} INFO - Processing file /home/airflow/.local/lib/python3.8/site-packages/airflow/example_dags/example_python_operator.py for tasks to queue
[2025-11-16T20:30:47.520+0000] {logging_mixin.py:188} INFO - [2025-11-16T20:30:47.520+0000] {dagbag.py:538} INFO - Filling up the DagBag from /home/airflow/.local/lib/python3.8/site-packages/airflow/example_dags/example_python_operator.py
[2025-11-16T20:30:47.654+0000] {processor.py:840} INFO - DAG(s) 'example_python_operator' retrieved from /home/airflow/.local/lib/python3.8/site-packages/airflow/example_dags/example_python_operator.py
[2025-11-16T20:30:47.686+0000] {logging_mixin.py:188} INFO - [2025-11-16T20:30:47.686+0000] {dag.py:3036} INFO - Sync 1 DAGs
[2025-11-16T20:30:47.700+0000] {logging_mixin.py:188} INFO - [2025-11-16T20:30:47.700+0000] {dag.py:3823} INFO - Setting next_dagrun for example_python_operator to None, run_after=None
[2025-11-16T20:30:48.023+0000] {processor.py:183} INFO - Processing /home/airflow/.local/lib/python3.8/site-packages/airflow/example_dags/example_python_operator.py took 0.516 seconds
[2025-11-16T20:31:18.124+0000] {processor.py:161} INFO - Started process (PID=1920) to work on /home/airflow/.local/lib/python3.8/site-packages/airflow/example_dags/example_python_operator.py
[2025-11-16T20:31:18.125+0000] {processor.py:830} INFO - Processing file /home/airflow/.local/lib/python3.8/site-packages/airflow/example_dags/example_python_operator.py for tasks to queue
[2025-11-16T20:31:18.128+0000] {logging_mixin.py:188} INFO - [2025-11-16T20:31:18.126+0000] {dagbag.py:538} INFO - Filling up the DagBag from /home/airflow/.local/lib/python3.8/site-packages/airflow/example_dags/example_python_operator.py
[2025-11-16T20:31:18.143+0000] {processor.py:840} INFO - DAG(s) 'example_python_operator' retrieved from /home/airflow/.local/lib/python3.8/site-packages/airflow/example_dags/example_python_operator.py
[2025-11-16T20:31:18.177+0000] {logging_mixin.py:188} INFO - [2025-11-16T20:31:18.177+0000] {dag.py:3036} INFO - Sync 1 DAGs
[2025-11-16T20:31:18.192+0000] {logging_mixin.py:188} INFO - [2025-11-16T20:31:18.192+0000] {dag.py:3823} INFO - Setting next_dagrun for example_python_operator to None, run_after=None
[2025-11-16T20:31:18.222+0000] {processor.py:183} INFO - Processing /home/airflow/.local/lib/python3.8/site-packages/airflow/example_dags/example_python_operator.py took 0.102 seconds
[2025-11-16T20:31:48.945+0000] {processor.py:161} INFO - Started process (PID=2004) to work on /home/airflow/.local/lib/python3.8/site-packages/airflow/example_dags/example_python_operator.py
[2025-11-16T20:31:48.946+0000] {processor.py:830} INFO - Processing file /home/airflow/.local/lib/python3.8/site-packages/airflow/example_dags/example_python_operator.py for tasks to queue
[2025-11-16T20:31:48.947+0000] {logging_mixin.py:188} INFO - [2025-11-16T20:31:48.947+0000] {dagbag.py:538} INFO - Filling up the DagBag from /home/airflow/.local/lib/python3.8/site-packages/airflow/example_dags/example_python_operator.py
[2025-11-16T20:31:48.963+0000] {processor.py:840} INFO - DAG(s) 'example_python_operator' retrieved from /home/airflow/.local/lib/python3.8/site-packages/airflow/example_dags/example_python_operator.py
[2025-11-16T20:31:49.001+0000] {logging_mixin.py:188} INFO - [2025-11-16T20:31:49.001+0000] {dag.py:3036} INFO - Sync 1 DAGs
[2025-11-16T20:31:49.020+0000] {logging_mixin.py:188} INFO - [2025-11-16T20:31:49.019+0000] {dag.py:3823} INFO - Setting next_dagrun for example_python_operator to None, run_after=None
[2025-11-16T20:31:49.053+0000] {processor.py:183} INFO - Processing /home/airflow/.local/lib/python3.8/site-packages/airflow/example_dags/example_python_operator.py took 0.111 seconds
[2025-11-16T20:32:19.352+0000] {processor.py:161} INFO - Started process (PID=2085) to work on /home/airflow/.local/lib/python3.8/site-packages/airflow/example_dags/example_python_operator.py
[2025-11-16T20:32:19.353+0000] {processor.py:830} INFO - Processing file /home/airflow/.local/lib/python3.8/site-packages/airflow/example_dags/example_python_operator.py for tasks to queue
[2025-11-16T20:32:19.354+0000] {logging_mixin.py:188} INFO - [2025-11-16T20:32:19.354+0000] {dagbag.py:538} INFO - Filling up the DagBag from /home/airflow/.local/lib/python3.8/site-packages/airflow/example_dags/example_python_operator.py
[2025-11-16T20:32:19.373+0000] {processor.py:840} INFO - DAG(s) 'example_python_operator' retrieved from /home/airflow/.local/lib/python3.8/site-packages/airflow/example_dags/example_python_operator.py
[2025-11-16T20:32:19.413+0000] {logging_mixin.py:188} INFO - [2025-11-16T20:32:19.413+0000] {dag.py:3036} INFO - Sync 1 DAGs
[2025-11-16T20:32:19.433+0000] {logging_mixin.py:188} INFO - [2025-11-16T20:32:19.433+0000] {dag.py:3823} INFO - Setting next_dagrun for example_python_operator to None, run_after=None
[2025-11-16T20:32:19.464+0000] {processor.py:183} INFO - Processing /home/airflow/.local/lib/python3.8/site-packages/airflow/example_dags/example_python_operator.py took 0.118 seconds
[2025-11-16T20:32:51.595+0000] {processor.py:161} INFO - Started process (PID=2151) to work on /home/airflow/.local/lib/python3.8/site-packages/airflow/example_dags/example_python_operator.py
[2025-11-16T20:32:51.596+0000] {processor.py:830} INFO - Processing file /home/airflow/.local/lib/python3.8/site-packages/airflow/example_dags/example_python_operator.py for tasks to queue
[2025-11-16T20:32:51.600+0000] {logging_mixin.py:188} INFO - [2025-11-16T20:32:51.599+0000] {dagbag.py:538} INFO - Filling up the DagBag from /home/airflow/.local/lib/python3.8/site-packages/airflow/example_dags/example_python_operator.py
[2025-11-16T20:32:51.614+0000] {processor.py:840} INFO - DAG(s) 'example_python_operator' retrieved from /home/airflow/.local/lib/python3.8/site-packages/airflow/example_dags/example_python_operator.py
[2025-11-16T20:32:51.667+0000] {logging_mixin.py:188} INFO - [2025-11-16T20:32:51.666+0000] {dag.py:3036} INFO - Sync 1 DAGs
[2025-11-16T20:32:51.691+0000] {logging_mixin.py:188} INFO - [2025-11-16T20:32:51.690+0000] {dag.py:3823} INFO - Setting next_dagrun for example_python_operator to None, run_after=None
[2025-11-16T20:32:51.736+0000] {processor.py:183} INFO - Processing /home/airflow/.local/lib/python3.8/site-packages/airflow/example_dags/example_python_operator.py took 0.145 seconds
[2025-11-16T20:33:22.162+0000] {processor.py:161} INFO - Started process (PID=2232) to work on /home/airflow/.local/lib/python3.8/site-packages/airflow/example_dags/example_python_operator.py
[2025-11-16T20:33:22.163+0000] {processor.py:830} INFO - Processing file /home/airflow/.local/lib/python3.8/site-packages/airflow/example_dags/example_python_operator.py for tasks to queue
[2025-11-16T20:33:22.164+0000] {logging_mixin.py:188} INFO - [2025-11-16T20:33:22.163+0000] {dagbag.py:538} INFO - Filling up the DagBag from /home/airflow/.local/lib/python3.8/site-packages/airflow/example_dags/example_python_operator.py
[2025-11-16T20:33:22.175+0000] {processor.py:840} INFO - DAG(s) 'example_python_operator' retrieved from /home/airflow/.local/lib/python3.8/site-packages/airflow/example_dags/example_python_operator.py
[2025-11-16T20:33:22.203+0000] {logging_mixin.py:188} INFO - [2025-11-16T20:33:22.203+0000] {dag.py:3036} INFO - Sync 1 DAGs
[2025-11-16T20:33:22.215+0000] {logging_mixin.py:188} INFO - [2025-11-16T20:33:22.215+0000] {dag.py:3823} INFO - Setting next_dagrun for example_python_operator to None, run_after=None
[2025-11-16T20:33:22.238+0000] {processor.py:183} INFO - Processing /home/airflow/.local/lib/python3.8/site-packages/airflow/example_dags/example_python_operator.py took 0.080 seconds
[2025-11-16T20:33:52.429+0000] {processor.py:161} INFO - Started process (PID=2329) to work on /home/airflow/.local/lib/python3.8/site-packages/airflow/example_dags/example_python_operator.py
[2025-11-16T20:33:52.430+0000] {processor.py:830} INFO - Processing file /home/airflow/.local/lib/python3.8/site-packages/airflow/example_dags/example_python_operator.py for tasks to queue
[2025-11-16T20:33:52.432+0000] {logging_mixin.py:188} INFO - [2025-11-16T20:33:52.431+0000] {dagbag.py:538} INFO - Filling up the DagBag from /home/airflow/.local/lib/python3.8/site-packages/airflow/example_dags/example_python_operator.py
[2025-11-16T20:33:52.446+0000] {processor.py:840} INFO - DAG(s) 'example_python_operator' retrieved from /home/airflow/.local/lib/python3.8/site-packages/airflow/example_dags/example_python_operator.py
[2025-11-16T20:33:52.477+0000] {logging_mixin.py:188} INFO - [2025-11-16T20:33:52.477+0000] {dag.py:3036} INFO - Sync 1 DAGs
[2025-11-16T20:33:52.490+0000] {logging_mixin.py:188} INFO - [2025-11-16T20:33:52.490+0000] {dag.py:3823} INFO - Setting next_dagrun for example_python_operator to None, run_after=None
[2025-11-16T20:33:52.511+0000] {processor.py:183} INFO - Processing /home/airflow/.local/lib/python3.8/site-packages/airflow/example_dags/example_python_operator.py took 0.085 seconds
[2025-11-16T20:34:23.121+0000] {processor.py:161} INFO - Started process (PID=2411) to work on /home/airflow/.local/lib/python3.8/site-packages/airflow/example_dags/example_python_operator.py
[2025-11-16T20:34:23.122+0000] {processor.py:830} INFO - Processing file /home/airflow/.local/lib/python3.8/site-packages/airflow/example_dags/example_python_operator.py for tasks to queue
[2025-11-16T20:34:23.123+0000] {logging_mixin.py:188} INFO - [2025-11-16T20:34:23.123+0000] {dagbag.py:538} INFO - Filling up the DagBag from /home/airflow/.local/lib/python3.8/site-packages/airflow/example_dags/example_python_operator.py
[2025-11-16T20:34:23.133+0000] {processor.py:840} INFO - DAG(s) 'example_python_operator' retrieved from /home/airflow/.local/lib/python3.8/site-packages/airflow/example_dags/example_python_operator.py
[2025-11-16T20:34:23.159+0000] {logging_mixin.py:188} INFO - [2025-11-16T20:34:23.159+0000] {dag.py:3036} INFO - Sync 1 DAGs
[2025-11-16T20:34:23.171+0000] {logging_mixin.py:188} INFO - [2025-11-16T20:34:23.171+0000] {dag.py:3823} INFO - Setting next_dagrun for example_python_operator to None, run_after=None
[2025-11-16T20:34:23.195+0000] {processor.py:183} INFO - Processing /home/airflow/.local/lib/python3.8/site-packages/airflow/example_dags/example_python_operator.py took 0.077 seconds
[2025-11-16T20:34:53.632+0000] {processor.py:161} INFO - Started process (PID=2504) to work on /home/airflow/.local/lib/python3.8/site-packages/airflow/example_dags/example_python_operator.py
[2025-11-16T20:34:53.633+0000] {processor.py:830} INFO - Processing file /home/airflow/.local/lib/python3.8/site-packages/airflow/example_dags/example_python_operator.py for tasks to queue
[2025-11-16T20:34:53.635+0000] {logging_mixin.py:188} INFO - [2025-11-16T20:34:53.634+0000] {dagbag.py:538} INFO - Filling up the DagBag from /home/airflow/.local/lib/python3.8/site-packages/airflow/example_dags/example_python_operator.py
[2025-11-16T20:34:53.647+0000] {processor.py:840} INFO - DAG(s) 'example_python_operator' retrieved from /home/airflow/.local/lib/python3.8/site-packages/airflow/example_dags/example_python_operator.py
[2025-11-16T20:34:53.674+0000] {logging_mixin.py:188} INFO - [2025-11-16T20:34:53.673+0000] {dag.py:3036} INFO - Sync 1 DAGs
[2025-11-16T20:34:53.687+0000] {logging_mixin.py:188} INFO - [2025-11-16T20:34:53.687+0000] {dag.py:3823} INFO - Setting next_dagrun for example_python_operator to None, run_after=None
[2025-11-16T20:34:53.709+0000] {processor.py:183} INFO - Processing /home/airflow/.local/lib/python3.8/site-packages/airflow/example_dags/example_python_operator.py took 0.080 seconds
[2025-11-16T20:35:24.031+0000] {processor.py:161} INFO - Started process (PID=2585) to work on /home/airflow/.local/lib/python3.8/site-packages/airflow/example_dags/example_python_operator.py
[2025-11-16T20:35:24.032+0000] {processor.py:830} INFO - Processing file /home/airflow/.local/lib/python3.8/site-packages/airflow/example_dags/example_python_operator.py for tasks to queue
[2025-11-16T20:35:24.033+0000] {logging_mixin.py:188} INFO - [2025-11-16T20:35:24.033+0000] {dagbag.py:538} INFO - Filling up the DagBag from /home/airflow/.local/lib/python3.8/site-packages/airflow/example_dags/example_python_operator.py
[2025-11-16T20:35:24.052+0000] {processor.py:840} INFO - DAG(s) 'example_python_operator' retrieved from /home/airflow/.local/lib/python3.8/site-packages/airflow/example_dags/example_python_operator.py
[2025-11-16T20:35:24.096+0000] {logging_mixin.py:188} INFO - [2025-11-16T20:35:24.095+0000] {dag.py:3036} INFO - Sync 1 DAGs
[2025-11-16T20:35:24.111+0000] {logging_mixin.py:188} INFO - [2025-11-16T20:35:24.110+0000] {dag.py:3823} INFO - Setting next_dagrun for example_python_operator to None, run_after=None
[2025-11-16T20:35:24.143+0000] {processor.py:183} INFO - Processing /home/airflow/.local/lib/python3.8/site-packages/airflow/example_dags/example_python_operator.py took 0.116 seconds
[2025-11-16T20:35:54.683+0000] {processor.py:161} INFO - Started process (PID=2666) to work on /home/airflow/.local/lib/python3.8/site-packages/airflow/example_dags/example_python_operator.py
[2025-11-16T20:35:54.684+0000] {processor.py:830} INFO - Processing file /home/airflow/.local/lib/python3.8/site-packages/airflow/example_dags/example_python_operator.py for tasks to queue
[2025-11-16T20:35:54.686+0000] {logging_mixin.py:188} INFO - [2025-11-16T20:35:54.685+0000] {dagbag.py:538} INFO - Filling up the DagBag from /home/airflow/.local/lib/python3.8/site-packages/airflow/example_dags/example_python_operator.py
[2025-11-16T20:35:54.697+0000] {processor.py:840} INFO - DAG(s) 'example_python_operator' retrieved from /home/airflow/.local/lib/python3.8/site-packages/airflow/example_dags/example_python_operator.py
[2025-11-16T20:35:54.724+0000] {logging_mixin.py:188} INFO - [2025-11-16T20:35:54.724+0000] {dag.py:3036} INFO - Sync 1 DAGs
[2025-11-16T20:35:54.738+0000] {logging_mixin.py:188} INFO - [2025-11-16T20:35:54.737+0000] {dag.py:3823} INFO - Setting next_dagrun for example_python_operator to None, run_after=None
[2025-11-16T20:35:54.771+0000] {processor.py:183} INFO - Processing /home/airflow/.local/lib/python3.8/site-packages/airflow/example_dags/example_python_operator.py took 0.091 seconds
[2025-11-16T20:36:25.119+0000] {processor.py:161} INFO - Started process (PID=2744) to work on /home/airflow/.local/lib/python3.8/site-packages/airflow/example_dags/example_python_operator.py
[2025-11-16T20:36:25.120+0000] {processor.py:830} INFO - Processing file /home/airflow/.local/lib/python3.8/site-packages/airflow/example_dags/example_python_operator.py for tasks to queue
[2025-11-16T20:36:25.121+0000] {logging_mixin.py:188} INFO - [2025-11-16T20:36:25.121+0000] {dagbag.py:538} INFO - Filling up the DagBag from /home/airflow/.local/lib/python3.8/site-packages/airflow/example_dags/example_python_operator.py
[2025-11-16T20:36:25.137+0000] {processor.py:840} INFO - DAG(s) 'example_python_operator' retrieved from /home/airflow/.local/lib/python3.8/site-packages/airflow/example_dags/example_python_operator.py
[2025-11-16T20:36:25.178+0000] {logging_mixin.py:188} INFO - [2025-11-16T20:36:25.177+0000] {dag.py:3036} INFO - Sync 1 DAGs
[2025-11-16T20:36:25.198+0000] {logging_mixin.py:188} INFO - [2025-11-16T20:36:25.198+0000] {dag.py:3823} INFO - Setting next_dagrun for example_python_operator to None, run_after=None
[2025-11-16T20:36:25.234+0000] {processor.py:183} INFO - Processing /home/airflow/.local/lib/python3.8/site-packages/airflow/example_dags/example_python_operator.py took 0.118 seconds
[2025-11-16T20:36:56.292+0000] {processor.py:161} INFO - Started process (PID=2822) to work on /home/airflow/.local/lib/python3.8/site-packages/airflow/example_dags/example_python_operator.py
[2025-11-16T20:36:56.293+0000] {processor.py:830} INFO - Processing file /home/airflow/.local/lib/python3.8/site-packages/airflow/example_dags/example_python_operator.py for tasks to queue
[2025-11-16T20:36:56.295+0000] {logging_mixin.py:188} INFO - [2025-11-16T20:36:56.294+0000] {dagbag.py:538} INFO - Filling up the DagBag from /home/airflow/.local/lib/python3.8/site-packages/airflow/example_dags/example_python_operator.py
[2025-11-16T20:36:56.312+0000] {processor.py:840} INFO - DAG(s) 'example_python_operator' retrieved from /home/airflow/.local/lib/python3.8/site-packages/airflow/example_dags/example_python_operator.py
[2025-11-16T20:36:56.351+0000] {logging_mixin.py:188} INFO - [2025-11-16T20:36:56.351+0000] {dag.py:3036} INFO - Sync 1 DAGs
[2025-11-16T20:36:56.366+0000] {logging_mixin.py:188} INFO - [2025-11-16T20:36:56.365+0000] {dag.py:3823} INFO - Setting next_dagrun for example_python_operator to None, run_after=None
[2025-11-16T20:36:56.430+0000] {processor.py:183} INFO - Processing /home/airflow/.local/lib/python3.8/site-packages/airflow/example_dags/example_python_operator.py took 0.144 seconds
[2025-11-16T20:37:33.361+0000] {processor.py:161} INFO - Started process (PID=2891) to work on /home/airflow/.local/lib/python3.8/site-packages/airflow/example_dags/example_python_operator.py
[2025-11-16T20:37:33.362+0000] {processor.py:830} INFO - Processing file /home/airflow/.local/lib/python3.8/site-packages/airflow/example_dags/example_python_operator.py for tasks to queue
[2025-11-16T20:37:33.363+0000] {logging_mixin.py:188} INFO - [2025-11-16T20:37:33.363+0000] {dagbag.py:538} INFO - Filling up the DagBag from /home/airflow/.local/lib/python3.8/site-packages/airflow/example_dags/example_python_operator.py
[2025-11-16T20:37:33.378+0000] {processor.py:840} INFO - DAG(s) 'example_python_operator' retrieved from /home/airflow/.local/lib/python3.8/site-packages/airflow/example_dags/example_python_operator.py
[2025-11-16T20:37:33.416+0000] {logging_mixin.py:188} INFO - [2025-11-16T20:37:33.416+0000] {dag.py:3036} INFO - Sync 1 DAGs
[2025-11-16T20:37:33.433+0000] {logging_mixin.py:188} INFO - [2025-11-16T20:37:33.432+0000] {dag.py:3823} INFO - Setting next_dagrun for example_python_operator to None, run_after=None
[2025-11-16T20:37:33.471+0000] {processor.py:183} INFO - Processing /home/airflow/.local/lib/python3.8/site-packages/airflow/example_dags/example_python_operator.py took 0.116 seconds
[2025-11-16T20:38:03.695+0000] {processor.py:161} INFO - Started process (PID=2972) to work on /home/airflow/.local/lib/python3.8/site-packages/airflow/example_dags/example_python_operator.py
[2025-11-16T20:38:03.696+0000] {processor.py:830} INFO - Processing file /home/airflow/.local/lib/python3.8/site-packages/airflow/example_dags/example_python_operator.py for tasks to queue
[2025-11-16T20:38:03.698+0000] {logging_mixin.py:188} INFO - [2025-11-16T20:38:03.697+0000] {dagbag.py:538} INFO - Filling up the DagBag from /home/airflow/.local/lib/python3.8/site-packages/airflow/example_dags/example_python_operator.py
[2025-11-16T20:38:03.717+0000] {processor.py:840} INFO - DAG(s) 'example_python_operator' retrieved from /home/airflow/.local/lib/python3.8/site-packages/airflow/example_dags/example_python_operator.py
[2025-11-16T20:38:03.755+0000] {logging_mixin.py:188} INFO - [2025-11-16T20:38:03.754+0000] {dag.py:3036} INFO - Sync 1 DAGs
[2025-11-16T20:38:03.776+0000] {logging_mixin.py:188} INFO - [2025-11-16T20:38:03.775+0000] {dag.py:3823} INFO - Setting next_dagrun for example_python_operator to None, run_after=None
[2025-11-16T20:38:03.810+0000] {processor.py:183} INFO - Processing /home/airflow/.local/lib/python3.8/site-packages/airflow/example_dags/example_python_operator.py took 0.122 seconds
[2025-11-16T20:38:34.096+0000] {processor.py:161} INFO - Started process (PID=3052) to work on /home/airflow/.local/lib/python3.8/site-packages/airflow/example_dags/example_python_operator.py
[2025-11-16T20:38:34.097+0000] {processor.py:830} INFO - Processing file /home/airflow/.local/lib/python3.8/site-packages/airflow/example_dags/example_python_operator.py for tasks to queue
[2025-11-16T20:38:34.098+0000] {logging_mixin.py:188} INFO - [2025-11-16T20:38:34.098+0000] {dagbag.py:538} INFO - Filling up the DagBag from /home/airflow/.local/lib/python3.8/site-packages/airflow/example_dags/example_python_operator.py
[2025-11-16T20:38:34.115+0000] {processor.py:840} INFO - DAG(s) 'example_python_operator' retrieved from /home/airflow/.local/lib/python3.8/site-packages/airflow/example_dags/example_python_operator.py
[2025-11-16T20:38:34.150+0000] {logging_mixin.py:188} INFO - [2025-11-16T20:38:34.150+0000] {dag.py:3036} INFO - Sync 1 DAGs
[2025-11-16T20:38:34.169+0000] {logging_mixin.py:188} INFO - [2025-11-16T20:38:34.169+0000] {dag.py:3823} INFO - Setting next_dagrun for example_python_operator to None, run_after=None
[2025-11-16T20:38:34.200+0000] {processor.py:183} INFO - Processing /home/airflow/.local/lib/python3.8/site-packages/airflow/example_dags/example_python_operator.py took 0.108 seconds
[2025-11-16T20:39:21.968+0000] {processor.py:161} INFO - Started process (PID=3140) to work on /home/airflow/.local/lib/python3.8/site-packages/airflow/example_dags/example_python_operator.py
[2025-11-16T20:39:21.970+0000] {processor.py:830} INFO - Processing file /home/airflow/.local/lib/python3.8/site-packages/airflow/example_dags/example_python_operator.py for tasks to queue
[2025-11-16T20:39:21.972+0000] {logging_mixin.py:188} INFO - [2025-11-16T20:39:21.971+0000] {dagbag.py:538} INFO - Filling up the DagBag from /home/airflow/.local/lib/python3.8/site-packages/airflow/example_dags/example_python_operator.py
[2025-11-16T20:39:21.999+0000] {processor.py:840} INFO - DAG(s) 'example_python_operator' retrieved from /home/airflow/.local/lib/python3.8/site-packages/airflow/example_dags/example_python_operator.py
[2025-11-16T20:39:22.057+0000] {logging_mixin.py:188} INFO - [2025-11-16T20:39:22.057+0000] {dag.py:3036} INFO - Sync 1 DAGs
[2025-11-16T20:39:22.083+0000] {logging_mixin.py:188} INFO - [2025-11-16T20:39:22.082+0000] {dag.py:3823} INFO - Setting next_dagrun for example_python_operator to None, run_after=None
[2025-11-16T20:39:22.129+0000] {processor.py:183} INFO - Processing /home/airflow/.local/lib/python3.8/site-packages/airflow/example_dags/example_python_operator.py took 0.168 seconds
[2025-11-16T20:39:52.815+0000] {processor.py:161} INFO - Started process (PID=3225) to work on /home/airflow/.local/lib/python3.8/site-packages/airflow/example_dags/example_python_operator.py
[2025-11-16T20:39:52.816+0000] {processor.py:830} INFO - Processing file /home/airflow/.local/lib/python3.8/site-packages/airflow/example_dags/example_python_operator.py for tasks to queue
[2025-11-16T20:39:52.818+0000] {logging_mixin.py:188} INFO - [2025-11-16T20:39:52.817+0000] {dagbag.py:538} INFO - Filling up the DagBag from /home/airflow/.local/lib/python3.8/site-packages/airflow/example_dags/example_python_operator.py
[2025-11-16T20:39:52.840+0000] {processor.py:840} INFO - DAG(s) 'example_python_operator' retrieved from /home/airflow/.local/lib/python3.8/site-packages/airflow/example_dags/example_python_operator.py
[2025-11-16T20:39:52.896+0000] {logging_mixin.py:188} INFO - [2025-11-16T20:39:52.895+0000] {dag.py:3036} INFO - Sync 1 DAGs
[2025-11-16T20:39:52.922+0000] {logging_mixin.py:188} INFO - [2025-11-16T20:39:52.920+0000] {dag.py:3823} INFO - Setting next_dagrun for example_python_operator to None, run_after=None
[2025-11-16T20:39:52.968+0000] {processor.py:183} INFO - Processing /home/airflow/.local/lib/python3.8/site-packages/airflow/example_dags/example_python_operator.py took 0.160 seconds
[2025-11-16T20:42:21.768+0000] {processor.py:161} INFO - Started process (PID=122) to work on /home/airflow/.local/lib/python3.8/site-packages/airflow/example_dags/example_python_operator.py
[2025-11-16T20:42:21.770+0000] {processor.py:830} INFO - Processing file /home/airflow/.local/lib/python3.8/site-packages/airflow/example_dags/example_python_operator.py for tasks to queue
[2025-11-16T20:42:21.771+0000] {logging_mixin.py:188} INFO - [2025-11-16T20:42:21.771+0000] {dagbag.py:538} INFO - Filling up the DagBag from /home/airflow/.local/lib/python3.8/site-packages/airflow/example_dags/example_python_operator.py
[2025-11-16T20:42:21.791+0000] {processor.py:840} INFO - DAG(s) 'example_python_operator' retrieved from /home/airflow/.local/lib/python3.8/site-packages/airflow/example_dags/example_python_operator.py
[2025-11-16T20:42:21.944+0000] {logging_mixin.py:188} INFO - [2025-11-16T20:42:21.944+0000] {dag.py:3036} INFO - Sync 1 DAGs
[2025-11-16T20:42:21.969+0000] {logging_mixin.py:188} INFO - [2025-11-16T20:42:21.968+0000] {dag.py:3823} INFO - Setting next_dagrun for example_python_operator to None, run_after=None
[2025-11-16T20:42:22.025+0000] {processor.py:183} INFO - Processing /home/airflow/.local/lib/python3.8/site-packages/airflow/example_dags/example_python_operator.py took 0.260 seconds
[2025-11-16T20:42:52.464+0000] {processor.py:161} INFO - Started process (PID=203) to work on /home/airflow/.local/lib/python3.8/site-packages/airflow/example_dags/example_python_operator.py
[2025-11-16T20:42:52.465+0000] {processor.py:830} INFO - Processing file /home/airflow/.local/lib/python3.8/site-packages/airflow/example_dags/example_python_operator.py for tasks to queue
[2025-11-16T20:42:52.466+0000] {logging_mixin.py:188} INFO - [2025-11-16T20:42:52.466+0000] {dagbag.py:538} INFO - Filling up the DagBag from /home/airflow/.local/lib/python3.8/site-packages/airflow/example_dags/example_python_operator.py
[2025-11-16T20:42:52.476+0000] {processor.py:840} INFO - DAG(s) 'example_python_operator' retrieved from /home/airflow/.local/lib/python3.8/site-packages/airflow/example_dags/example_python_operator.py
[2025-11-16T20:42:52.505+0000] {logging_mixin.py:188} INFO - [2025-11-16T20:42:52.504+0000] {dag.py:3036} INFO - Sync 1 DAGs
[2025-11-16T20:42:52.524+0000] {logging_mixin.py:188} INFO - [2025-11-16T20:42:52.524+0000] {dag.py:3823} INFO - Setting next_dagrun for example_python_operator to None, run_after=None
[2025-11-16T20:42:52.707+0000] {processor.py:183} INFO - Processing /home/airflow/.local/lib/python3.8/site-packages/airflow/example_dags/example_python_operator.py took 0.246 seconds
[2025-11-16T20:43:25.992+0000] {processor.py:161} INFO - Started process (PID=284) to work on /home/airflow/.local/lib/python3.8/site-packages/airflow/example_dags/example_python_operator.py
[2025-11-16T20:43:25.993+0000] {processor.py:830} INFO - Processing file /home/airflow/.local/lib/python3.8/site-packages/airflow/example_dags/example_python_operator.py for tasks to queue
[2025-11-16T20:43:25.994+0000] {logging_mixin.py:188} INFO - [2025-11-16T20:43:25.994+0000] {dagbag.py:538} INFO - Filling up the DagBag from /home/airflow/.local/lib/python3.8/site-packages/airflow/example_dags/example_python_operator.py
[2025-11-16T20:43:26.005+0000] {processor.py:840} INFO - DAG(s) 'example_python_operator' retrieved from /home/airflow/.local/lib/python3.8/site-packages/airflow/example_dags/example_python_operator.py
[2025-11-16T20:43:26.032+0000] {logging_mixin.py:188} INFO - [2025-11-16T20:43:26.031+0000] {dag.py:3036} INFO - Sync 1 DAGs
[2025-11-16T20:43:26.045+0000] {logging_mixin.py:188} INFO - [2025-11-16T20:43:26.044+0000] {dag.py:3823} INFO - Setting next_dagrun for example_python_operator to None, run_after=None
[2025-11-16T20:43:26.065+0000] {processor.py:183} INFO - Processing /home/airflow/.local/lib/python3.8/site-packages/airflow/example_dags/example_python_operator.py took 0.076 seconds
[2025-11-16T20:43:57.035+0000] {processor.py:161} INFO - Started process (PID=365) to work on /home/airflow/.local/lib/python3.8/site-packages/airflow/example_dags/example_python_operator.py
[2025-11-16T20:43:57.036+0000] {processor.py:830} INFO - Processing file /home/airflow/.local/lib/python3.8/site-packages/airflow/example_dags/example_python_operator.py for tasks to queue
[2025-11-16T20:43:57.037+0000] {logging_mixin.py:188} INFO - [2025-11-16T20:43:57.036+0000] {dagbag.py:538} INFO - Filling up the DagBag from /home/airflow/.local/lib/python3.8/site-packages/airflow/example_dags/example_python_operator.py
[2025-11-16T20:43:57.047+0000] {processor.py:840} INFO - DAG(s) 'example_python_operator' retrieved from /home/airflow/.local/lib/python3.8/site-packages/airflow/example_dags/example_python_operator.py
[2025-11-16T20:43:57.072+0000] {logging_mixin.py:188} INFO - [2025-11-16T20:43:57.072+0000] {dag.py:3036} INFO - Sync 1 DAGs
[2025-11-16T20:43:57.086+0000] {logging_mixin.py:188} INFO - [2025-11-16T20:43:57.085+0000] {dag.py:3823} INFO - Setting next_dagrun for example_python_operator to None, run_after=None
[2025-11-16T20:43:57.110+0000] {processor.py:183} INFO - Processing /home/airflow/.local/lib/python3.8/site-packages/airflow/example_dags/example_python_operator.py took 0.078 seconds
[2025-11-16T20:44:30.320+0000] {processor.py:161} INFO - Started process (PID=461) to work on /home/airflow/.local/lib/python3.8/site-packages/airflow/example_dags/example_python_operator.py
[2025-11-16T20:44:30.321+0000] {processor.py:830} INFO - Processing file /home/airflow/.local/lib/python3.8/site-packages/airflow/example_dags/example_python_operator.py for tasks to queue
[2025-11-16T20:44:30.323+0000] {logging_mixin.py:188} INFO - [2025-11-16T20:44:30.322+0000] {dagbag.py:538} INFO - Filling up the DagBag from /home/airflow/.local/lib/python3.8/site-packages/airflow/example_dags/example_python_operator.py
[2025-11-16T20:44:30.336+0000] {processor.py:840} INFO - DAG(s) 'example_python_operator' retrieved from /home/airflow/.local/lib/python3.8/site-packages/airflow/example_dags/example_python_operator.py
[2025-11-16T20:44:30.364+0000] {logging_mixin.py:188} INFO - [2025-11-16T20:44:30.363+0000] {dag.py:3036} INFO - Sync 1 DAGs
[2025-11-16T20:44:30.379+0000] {logging_mixin.py:188} INFO - [2025-11-16T20:44:30.379+0000] {dag.py:3823} INFO - Setting next_dagrun for example_python_operator to None, run_after=None
[2025-11-16T20:44:30.399+0000] {processor.py:183} INFO - Processing /home/airflow/.local/lib/python3.8/site-packages/airflow/example_dags/example_python_operator.py took 0.082 seconds
[2025-11-16T20:45:00.780+0000] {processor.py:161} INFO - Started process (PID=543) to work on /home/airflow/.local/lib/python3.8/site-packages/airflow/example_dags/example_python_operator.py
[2025-11-16T20:45:00.781+0000] {processor.py:830} INFO - Processing file /home/airflow/.local/lib/python3.8/site-packages/airflow/example_dags/example_python_operator.py for tasks to queue
[2025-11-16T20:45:00.783+0000] {logging_mixin.py:188} INFO - [2025-11-16T20:45:00.782+0000] {dagbag.py:538} INFO - Filling up the DagBag from /home/airflow/.local/lib/python3.8/site-packages/airflow/example_dags/example_python_operator.py
[2025-11-16T20:45:00.794+0000] {processor.py:840} INFO - DAG(s) 'example_python_operator' retrieved from /home/airflow/.local/lib/python3.8/site-packages/airflow/example_dags/example_python_operator.py
[2025-11-16T20:45:00.822+0000] {logging_mixin.py:188} INFO - [2025-11-16T20:45:00.821+0000] {dag.py:3036} INFO - Sync 1 DAGs
[2025-11-16T20:45:00.834+0000] {logging_mixin.py:188} INFO - [2025-11-16T20:45:00.834+0000] {dag.py:3823} INFO - Setting next_dagrun for example_python_operator to None, run_after=None
[2025-11-16T20:45:00.858+0000] {processor.py:183} INFO - Processing /home/airflow/.local/lib/python3.8/site-packages/airflow/example_dags/example_python_operator.py took 0.081 seconds
[2025-11-16T20:45:31.297+0000] {processor.py:161} INFO - Started process (PID=630) to work on /home/airflow/.local/lib/python3.8/site-packages/airflow/example_dags/example_python_operator.py
[2025-11-16T20:45:31.298+0000] {processor.py:830} INFO - Processing file /home/airflow/.local/lib/python3.8/site-packages/airflow/example_dags/example_python_operator.py for tasks to queue
[2025-11-16T20:45:31.300+0000] {logging_mixin.py:188} INFO - [2025-11-16T20:45:31.299+0000] {dagbag.py:538} INFO - Filling up the DagBag from /home/airflow/.local/lib/python3.8/site-packages/airflow/example_dags/example_python_operator.py
[2025-11-16T20:45:31.311+0000] {processor.py:840} INFO - DAG(s) 'example_python_operator' retrieved from /home/airflow/.local/lib/python3.8/site-packages/airflow/example_dags/example_python_operator.py
[2025-11-16T20:45:31.342+0000] {logging_mixin.py:188} INFO - [2025-11-16T20:45:31.342+0000] {dag.py:3036} INFO - Sync 1 DAGs
[2025-11-16T20:45:31.360+0000] {logging_mixin.py:188} INFO - [2025-11-16T20:45:31.359+0000] {dag.py:3823} INFO - Setting next_dagrun for example_python_operator to None, run_after=None
[2025-11-16T20:45:31.395+0000] {processor.py:183} INFO - Processing /home/airflow/.local/lib/python3.8/site-packages/airflow/example_dags/example_python_operator.py took 0.102 seconds
[2025-11-16T20:46:01.747+0000] {processor.py:161} INFO - Started process (PID=719) to work on /home/airflow/.local/lib/python3.8/site-packages/airflow/example_dags/example_python_operator.py
[2025-11-16T20:46:01.748+0000] {processor.py:830} INFO - Processing file /home/airflow/.local/lib/python3.8/site-packages/airflow/example_dags/example_python_operator.py for tasks to queue
[2025-11-16T20:46:01.749+0000] {logging_mixin.py:188} INFO - [2025-11-16T20:46:01.749+0000] {dagbag.py:538} INFO - Filling up the DagBag from /home/airflow/.local/lib/python3.8/site-packages/airflow/example_dags/example_python_operator.py
[2025-11-16T20:46:01.760+0000] {processor.py:840} INFO - DAG(s) 'example_python_operator' retrieved from /home/airflow/.local/lib/python3.8/site-packages/airflow/example_dags/example_python_operator.py
[2025-11-16T20:46:01.788+0000] {logging_mixin.py:188} INFO - [2025-11-16T20:46:01.788+0000] {dag.py:3036} INFO - Sync 1 DAGs
[2025-11-16T20:46:01.800+0000] {logging_mixin.py:188} INFO - [2025-11-16T20:46:01.800+0000] {dag.py:3823} INFO - Setting next_dagrun for example_python_operator to None, run_after=None
[2025-11-16T20:46:01.827+0000] {processor.py:183} INFO - Processing /home/airflow/.local/lib/python3.8/site-packages/airflow/example_dags/example_python_operator.py took 0.083 seconds
[2025-11-16T20:46:32.119+0000] {processor.py:161} INFO - Started process (PID=800) to work on /home/airflow/.local/lib/python3.8/site-packages/airflow/example_dags/example_python_operator.py
[2025-11-16T20:46:32.120+0000] {processor.py:830} INFO - Processing file /home/airflow/.local/lib/python3.8/site-packages/airflow/example_dags/example_python_operator.py for tasks to queue
[2025-11-16T20:46:32.121+0000] {logging_mixin.py:188} INFO - [2025-11-16T20:46:32.121+0000] {dagbag.py:538} INFO - Filling up the DagBag from /home/airflow/.local/lib/python3.8/site-packages/airflow/example_dags/example_python_operator.py
[2025-11-16T20:46:32.131+0000] {processor.py:840} INFO - DAG(s) 'example_python_operator' retrieved from /home/airflow/.local/lib/python3.8/site-packages/airflow/example_dags/example_python_operator.py
[2025-11-16T20:46:32.156+0000] {logging_mixin.py:188} INFO - [2025-11-16T20:46:32.156+0000] {dag.py:3036} INFO - Sync 1 DAGs
[2025-11-16T20:46:32.168+0000] {logging_mixin.py:188} INFO - [2025-11-16T20:46:32.168+0000] {dag.py:3823} INFO - Setting next_dagrun for example_python_operator to None, run_after=None
[2025-11-16T20:46:32.190+0000] {processor.py:183} INFO - Processing /home/airflow/.local/lib/python3.8/site-packages/airflow/example_dags/example_python_operator.py took 0.075 seconds
[2025-11-16T20:47:02.595+0000] {processor.py:161} INFO - Started process (PID=896) to work on /home/airflow/.local/lib/python3.8/site-packages/airflow/example_dags/example_python_operator.py
[2025-11-16T20:47:02.596+0000] {processor.py:830} INFO - Processing file /home/airflow/.local/lib/python3.8/site-packages/airflow/example_dags/example_python_operator.py for tasks to queue
[2025-11-16T20:47:02.597+0000] {logging_mixin.py:188} INFO - [2025-11-16T20:47:02.597+0000] {dagbag.py:538} INFO - Filling up the DagBag from /home/airflow/.local/lib/python3.8/site-packages/airflow/example_dags/example_python_operator.py
[2025-11-16T20:47:02.607+0000] {processor.py:840} INFO - DAG(s) 'example_python_operator' retrieved from /home/airflow/.local/lib/python3.8/site-packages/airflow/example_dags/example_python_operator.py
[2025-11-16T20:47:02.633+0000] {logging_mixin.py:188} INFO - [2025-11-16T20:47:02.632+0000] {dag.py:3036} INFO - Sync 1 DAGs
[2025-11-16T20:47:02.648+0000] {logging_mixin.py:188} INFO - [2025-11-16T20:47:02.647+0000] {dag.py:3823} INFO - Setting next_dagrun for example_python_operator to None, run_after=None
[2025-11-16T20:47:02.671+0000] {processor.py:183} INFO - Processing /home/airflow/.local/lib/python3.8/site-packages/airflow/example_dags/example_python_operator.py took 0.080 seconds
[2025-11-16T20:47:32.886+0000] {processor.py:161} INFO - Started process (PID=977) to work on /home/airflow/.local/lib/python3.8/site-packages/airflow/example_dags/example_python_operator.py
[2025-11-16T20:47:32.887+0000] {processor.py:830} INFO - Processing file /home/airflow/.local/lib/python3.8/site-packages/airflow/example_dags/example_python_operator.py for tasks to queue
[2025-11-16T20:47:32.888+0000] {logging_mixin.py:188} INFO - [2025-11-16T20:47:32.888+0000] {dagbag.py:538} INFO - Filling up the DagBag from /home/airflow/.local/lib/python3.8/site-packages/airflow/example_dags/example_python_operator.py
[2025-11-16T20:47:32.898+0000] {processor.py:840} INFO - DAG(s) 'example_python_operator' retrieved from /home/airflow/.local/lib/python3.8/site-packages/airflow/example_dags/example_python_operator.py
[2025-11-16T20:47:32.924+0000] {logging_mixin.py:188} INFO - [2025-11-16T20:47:32.924+0000] {dag.py:3036} INFO - Sync 1 DAGs
[2025-11-16T20:47:32.937+0000] {logging_mixin.py:188} INFO - [2025-11-16T20:47:32.937+0000] {dag.py:3823} INFO - Setting next_dagrun for example_python_operator to None, run_after=None
[2025-11-16T20:47:32.960+0000] {processor.py:183} INFO - Processing /home/airflow/.local/lib/python3.8/site-packages/airflow/example_dags/example_python_operator.py took 0.077 seconds
[2025-11-16T20:48:03.465+0000] {processor.py:161} INFO - Started process (PID=1064) to work on /home/airflow/.local/lib/python3.8/site-packages/airflow/example_dags/example_python_operator.py
[2025-11-16T20:48:03.466+0000] {processor.py:830} INFO - Processing file /home/airflow/.local/lib/python3.8/site-packages/airflow/example_dags/example_python_operator.py for tasks to queue
[2025-11-16T20:48:03.467+0000] {logging_mixin.py:188} INFO - [2025-11-16T20:48:03.467+0000] {dagbag.py:538} INFO - Filling up the DagBag from /home/airflow/.local/lib/python3.8/site-packages/airflow/example_dags/example_python_operator.py
[2025-11-16T20:48:03.489+0000] {processor.py:840} INFO - DAG(s) 'example_python_operator' retrieved from /home/airflow/.local/lib/python3.8/site-packages/airflow/example_dags/example_python_operator.py
[2025-11-16T20:48:03.547+0000] {logging_mixin.py:188} INFO - [2025-11-16T20:48:03.547+0000] {dag.py:3036} INFO - Sync 1 DAGs
[2025-11-16T20:48:03.580+0000] {logging_mixin.py:188} INFO - [2025-11-16T20:48:03.579+0000] {dag.py:3823} INFO - Setting next_dagrun for example_python_operator to None, run_after=None
[2025-11-16T20:48:03.624+0000] {processor.py:183} INFO - Processing /home/airflow/.local/lib/python3.8/site-packages/airflow/example_dags/example_python_operator.py took 0.167 seconds
[2025-11-16T20:48:34.529+0000] {processor.py:161} INFO - Started process (PID=1153) to work on /home/airflow/.local/lib/python3.8/site-packages/airflow/example_dags/example_python_operator.py
[2025-11-16T20:48:34.531+0000] {processor.py:830} INFO - Processing file /home/airflow/.local/lib/python3.8/site-packages/airflow/example_dags/example_python_operator.py for tasks to queue
[2025-11-16T20:48:34.534+0000] {logging_mixin.py:188} INFO - [2025-11-16T20:48:34.533+0000] {dagbag.py:538} INFO - Filling up the DagBag from /home/airflow/.local/lib/python3.8/site-packages/airflow/example_dags/example_python_operator.py
[2025-11-16T20:48:34.555+0000] {processor.py:840} INFO - DAG(s) 'example_python_operator' retrieved from /home/airflow/.local/lib/python3.8/site-packages/airflow/example_dags/example_python_operator.py
[2025-11-16T20:48:34.635+0000] {logging_mixin.py:188} INFO - [2025-11-16T20:48:34.635+0000] {dag.py:3036} INFO - Sync 1 DAGs
[2025-11-16T20:48:34.676+0000] {logging_mixin.py:188} INFO - [2025-11-16T20:48:34.673+0000] {dag.py:3823} INFO - Setting next_dagrun for example_python_operator to None, run_after=None
[2025-11-16T20:48:34.735+0000] {processor.py:183} INFO - Processing /home/airflow/.local/lib/python3.8/site-packages/airflow/example_dags/example_python_operator.py took 0.213 seconds
[2025-11-16T20:49:11.555+0000] {processor.py:161} INFO - Started process (PID=1226) to work on /home/airflow/.local/lib/python3.8/site-packages/airflow/example_dags/example_python_operator.py
[2025-11-16T20:49:11.655+0000] {processor.py:830} INFO - Processing file /home/airflow/.local/lib/python3.8/site-packages/airflow/example_dags/example_python_operator.py for tasks to queue
[2025-11-16T20:49:11.663+0000] {logging_mixin.py:188} INFO - [2025-11-16T20:49:11.662+0000] {dagbag.py:538} INFO - Filling up the DagBag from /home/airflow/.local/lib/python3.8/site-packages/airflow/example_dags/example_python_operator.py
[2025-11-16T20:49:13.101+0000] {processor.py:840} INFO - DAG(s) 'example_python_operator' retrieved from /home/airflow/.local/lib/python3.8/site-packages/airflow/example_dags/example_python_operator.py
[2025-11-16T20:49:13.282+0000] {logging_mixin.py:188} INFO - [2025-11-16T20:49:13.281+0000] {dag.py:3036} INFO - Sync 1 DAGs
[2025-11-16T20:49:13.334+0000] {logging_mixin.py:188} INFO - [2025-11-16T20:49:13.334+0000] {dag.py:3823} INFO - Setting next_dagrun for example_python_operator to None, run_after=None
[2025-11-16T20:49:13.466+0000] {processor.py:183} INFO - Processing /home/airflow/.local/lib/python3.8/site-packages/airflow/example_dags/example_python_operator.py took 2.058 seconds
[2025-11-16T20:49:43.667+0000] {processor.py:161} INFO - Started process (PID=1300) to work on /home/airflow/.local/lib/python3.8/site-packages/airflow/example_dags/example_python_operator.py
[2025-11-16T20:49:43.668+0000] {processor.py:830} INFO - Processing file /home/airflow/.local/lib/python3.8/site-packages/airflow/example_dags/example_python_operator.py for tasks to queue
[2025-11-16T20:49:43.669+0000] {logging_mixin.py:188} INFO - [2025-11-16T20:49:43.668+0000] {dagbag.py:538} INFO - Filling up the DagBag from /home/airflow/.local/lib/python3.8/site-packages/airflow/example_dags/example_python_operator.py
[2025-11-16T20:49:43.689+0000] {processor.py:840} INFO - DAG(s) 'example_python_operator' retrieved from /home/airflow/.local/lib/python3.8/site-packages/airflow/example_dags/example_python_operator.py
[2025-11-16T20:49:43.763+0000] {logging_mixin.py:188} INFO - [2025-11-16T20:49:43.761+0000] {dag.py:3036} INFO - Sync 1 DAGs
[2025-11-16T20:49:43.799+0000] {logging_mixin.py:188} INFO - [2025-11-16T20:49:43.799+0000] {dag.py:3823} INFO - Setting next_dagrun for example_python_operator to None, run_after=None
[2025-11-16T20:49:43.834+0000] {processor.py:183} INFO - Processing /home/airflow/.local/lib/python3.8/site-packages/airflow/example_dags/example_python_operator.py took 0.174 seconds
[2025-11-16T20:50:14.064+0000] {processor.py:161} INFO - Started process (PID=1367) to work on /home/airflow/.local/lib/python3.8/site-packages/airflow/example_dags/example_python_operator.py
[2025-11-16T20:50:14.065+0000] {processor.py:830} INFO - Processing file /home/airflow/.local/lib/python3.8/site-packages/airflow/example_dags/example_python_operator.py for tasks to queue
[2025-11-16T20:50:14.066+0000] {logging_mixin.py:188} INFO - [2025-11-16T20:50:14.066+0000] {dagbag.py:538} INFO - Filling up the DagBag from /home/airflow/.local/lib/python3.8/site-packages/airflow/example_dags/example_python_operator.py
[2025-11-16T20:50:14.083+0000] {processor.py:840} INFO - DAG(s) 'example_python_operator' retrieved from /home/airflow/.local/lib/python3.8/site-packages/airflow/example_dags/example_python_operator.py
[2025-11-16T20:50:14.121+0000] {logging_mixin.py:188} INFO - [2025-11-16T20:50:14.121+0000] {dag.py:3036} INFO - Sync 1 DAGs
[2025-11-16T20:50:14.140+0000] {logging_mixin.py:188} INFO - [2025-11-16T20:50:14.140+0000] {dag.py:3823} INFO - Setting next_dagrun for example_python_operator to None, run_after=None
[2025-11-16T20:50:14.172+0000] {processor.py:183} INFO - Processing /home/airflow/.local/lib/python3.8/site-packages/airflow/example_dags/example_python_operator.py took 0.112 seconds
[2025-11-16T23:16:13.250+0000] {processor.py:161} INFO - Started process (PID=1404) to work on /home/airflow/.local/lib/python3.8/site-packages/airflow/example_dags/example_python_operator.py
[2025-11-16T23:16:13.254+0000] {processor.py:830} INFO - Processing file /home/airflow/.local/lib/python3.8/site-packages/airflow/example_dags/example_python_operator.py for tasks to queue
[2025-11-16T23:16:13.256+0000] {logging_mixin.py:188} INFO - [2025-11-16T23:16:13.255+0000] {dagbag.py:538} INFO - Filling up the DagBag from /home/airflow/.local/lib/python3.8/site-packages/airflow/example_dags/example_python_operator.py
[2025-11-16T23:16:13.538+0000] {processor.py:840} INFO - DAG(s) 'example_python_operator' retrieved from /home/airflow/.local/lib/python3.8/site-packages/airflow/example_dags/example_python_operator.py
[2025-11-16T23:16:13.658+0000] {logging_mixin.py:188} INFO - [2025-11-16T23:16:13.657+0000] {dag.py:3036} INFO - Sync 1 DAGs
[2025-11-16T23:16:13.744+0000] {logging_mixin.py:188} INFO - [2025-11-16T23:16:13.743+0000] {dag.py:3823} INFO - Setting next_dagrun for example_python_operator to None, run_after=None
[2025-11-16T23:16:13.893+0000] {processor.py:183} INFO - Processing /home/airflow/.local/lib/python3.8/site-packages/airflow/example_dags/example_python_operator.py took 0.657 seconds
[2025-11-16T23:16:47.931+0000] {processor.py:161} INFO - Started process (PID=1480) to work on /home/airflow/.local/lib/python3.8/site-packages/airflow/example_dags/example_python_operator.py
[2025-11-16T23:16:47.932+0000] {processor.py:830} INFO - Processing file /home/airflow/.local/lib/python3.8/site-packages/airflow/example_dags/example_python_operator.py for tasks to queue
[2025-11-16T23:16:47.934+0000] {logging_mixin.py:188} INFO - [2025-11-16T23:16:47.933+0000] {dagbag.py:538} INFO - Filling up the DagBag from /home/airflow/.local/lib/python3.8/site-packages/airflow/example_dags/example_python_operator.py
[2025-11-16T23:16:47.955+0000] {processor.py:840} INFO - DAG(s) 'example_python_operator' retrieved from /home/airflow/.local/lib/python3.8/site-packages/airflow/example_dags/example_python_operator.py
[2025-11-16T23:16:47.999+0000] {logging_mixin.py:188} INFO - [2025-11-16T23:16:47.999+0000] {dag.py:3036} INFO - Sync 1 DAGs
[2025-11-16T23:16:48.024+0000] {logging_mixin.py:188} INFO - [2025-11-16T23:16:48.024+0000] {dag.py:3823} INFO - Setting next_dagrun for example_python_operator to None, run_after=None
[2025-11-16T23:16:48.064+0000] {processor.py:183} INFO - Processing /home/airflow/.local/lib/python3.8/site-packages/airflow/example_dags/example_python_operator.py took 0.142 seconds
[2025-11-16T23:17:20.161+0000] {processor.py:161} INFO - Started process (PID=1568) to work on /home/airflow/.local/lib/python3.8/site-packages/airflow/example_dags/example_python_operator.py
[2025-11-16T23:17:20.162+0000] {processor.py:830} INFO - Processing file /home/airflow/.local/lib/python3.8/site-packages/airflow/example_dags/example_python_operator.py for tasks to queue
[2025-11-16T23:17:20.164+0000] {logging_mixin.py:188} INFO - [2025-11-16T23:17:20.163+0000] {dagbag.py:538} INFO - Filling up the DagBag from /home/airflow/.local/lib/python3.8/site-packages/airflow/example_dags/example_python_operator.py
[2025-11-16T23:17:20.187+0000] {processor.py:840} INFO - DAG(s) 'example_python_operator' retrieved from /home/airflow/.local/lib/python3.8/site-packages/airflow/example_dags/example_python_operator.py
[2025-11-16T23:17:20.243+0000] {logging_mixin.py:188} INFO - [2025-11-16T23:17:20.242+0000] {dag.py:3036} INFO - Sync 1 DAGs
[2025-11-16T23:17:20.277+0000] {logging_mixin.py:188} INFO - [2025-11-16T23:17:20.275+0000] {dag.py:3823} INFO - Setting next_dagrun for example_python_operator to None, run_after=None
[2025-11-16T23:17:20.340+0000] {processor.py:183} INFO - Processing /home/airflow/.local/lib/python3.8/site-packages/airflow/example_dags/example_python_operator.py took 0.187 seconds
[2025-11-16T23:17:55.652+0000] {processor.py:161} INFO - Started process (PID=1627) to work on /home/airflow/.local/lib/python3.8/site-packages/airflow/example_dags/example_python_operator.py
[2025-11-16T23:17:55.655+0000] {processor.py:830} INFO - Processing file /home/airflow/.local/lib/python3.8/site-packages/airflow/example_dags/example_python_operator.py for tasks to queue
[2025-11-16T23:17:55.657+0000] {logging_mixin.py:188} INFO - [2025-11-16T23:17:55.656+0000] {dagbag.py:538} INFO - Filling up the DagBag from /home/airflow/.local/lib/python3.8/site-packages/airflow/example_dags/example_python_operator.py
[2025-11-16T23:17:55.688+0000] {processor.py:840} INFO - DAG(s) 'example_python_operator' retrieved from /home/airflow/.local/lib/python3.8/site-packages/airflow/example_dags/example_python_operator.py
[2025-11-16T23:17:55.753+0000] {logging_mixin.py:188} INFO - [2025-11-16T23:17:55.753+0000] {dag.py:3036} INFO - Sync 1 DAGs
[2025-11-16T23:17:55.788+0000] {logging_mixin.py:188} INFO - [2025-11-16T23:17:55.788+0000] {dag.py:3823} INFO - Setting next_dagrun for example_python_operator to None, run_after=None
[2025-11-16T23:17:55.839+0000] {processor.py:183} INFO - Processing /home/airflow/.local/lib/python3.8/site-packages/airflow/example_dags/example_python_operator.py took 0.196 seconds
[2025-11-16T23:18:27.376+0000] {processor.py:161} INFO - Started process (PID=1716) to work on /home/airflow/.local/lib/python3.8/site-packages/airflow/example_dags/example_python_operator.py
[2025-11-16T23:18:27.377+0000] {processor.py:830} INFO - Processing file /home/airflow/.local/lib/python3.8/site-packages/airflow/example_dags/example_python_operator.py for tasks to queue
[2025-11-16T23:18:27.378+0000] {logging_mixin.py:188} INFO - [2025-11-16T23:18:27.378+0000] {dagbag.py:538} INFO - Filling up the DagBag from /home/airflow/.local/lib/python3.8/site-packages/airflow/example_dags/example_python_operator.py
[2025-11-16T23:18:27.391+0000] {processor.py:840} INFO - DAG(s) 'example_python_operator' retrieved from /home/airflow/.local/lib/python3.8/site-packages/airflow/example_dags/example_python_operator.py
[2025-11-16T23:18:27.428+0000] {logging_mixin.py:188} INFO - [2025-11-16T23:18:27.428+0000] {dag.py:3036} INFO - Sync 1 DAGs
[2025-11-16T23:18:27.442+0000] {logging_mixin.py:188} INFO - [2025-11-16T23:18:27.442+0000] {dag.py:3823} INFO - Setting next_dagrun for example_python_operator to None, run_after=None
[2025-11-16T23:18:27.755+0000] {processor.py:183} INFO - Processing /home/airflow/.local/lib/python3.8/site-packages/airflow/example_dags/example_python_operator.py took 0.382 seconds
[2025-11-16T23:18:58.577+0000] {processor.py:161} INFO - Started process (PID=1789) to work on /home/airflow/.local/lib/python3.8/site-packages/airflow/example_dags/example_python_operator.py
[2025-11-16T23:18:58.578+0000] {processor.py:830} INFO - Processing file /home/airflow/.local/lib/python3.8/site-packages/airflow/example_dags/example_python_operator.py for tasks to queue
[2025-11-16T23:18:58.580+0000] {logging_mixin.py:188} INFO - [2025-11-16T23:18:58.579+0000] {dagbag.py:538} INFO - Filling up the DagBag from /home/airflow/.local/lib/python3.8/site-packages/airflow/example_dags/example_python_operator.py
[2025-11-16T23:18:58.599+0000] {processor.py:840} INFO - DAG(s) 'example_python_operator' retrieved from /home/airflow/.local/lib/python3.8/site-packages/airflow/example_dags/example_python_operator.py
[2025-11-16T23:18:58.643+0000] {logging_mixin.py:188} INFO - [2025-11-16T23:18:58.643+0000] {dag.py:3036} INFO - Sync 1 DAGs
[2025-11-16T23:18:58.667+0000] {logging_mixin.py:188} INFO - [2025-11-16T23:18:58.667+0000] {dag.py:3823} INFO - Setting next_dagrun for example_python_operator to None, run_after=None
[2025-11-16T23:18:58.707+0000] {processor.py:183} INFO - Processing /home/airflow/.local/lib/python3.8/site-packages/airflow/example_dags/example_python_operator.py took 0.134 seconds
