[2025-11-16T20:20:21.373+0000] {processor.py:161} INFO - Started process (PID=129) to work on /home/airflow/.local/lib/python3.8/site-packages/airflow/example_dags/example_python_decorator.py
[2025-11-16T20:20:21.377+0000] {processor.py:830} INFO - Processing file /home/airflow/.local/lib/python3.8/site-packages/airflow/example_dags/example_python_decorator.py for tasks to queue
[2025-11-16T20:20:21.384+0000] {logging_mixin.py:188} INFO - [2025-11-16T20:20:21.381+0000] {dagbag.py:538} INFO - Filling up the DagBag from /home/airflow/.local/lib/python3.8/site-packages/airflow/example_dags/example_python_decorator.py
[2025-11-16T20:20:21.650+0000] {processor.py:840} INFO - DAG(s) 'example_python_decorator' retrieved from /home/airflow/.local/lib/python3.8/site-packages/airflow/example_dags/example_python_decorator.py
[2025-11-16T20:20:22.559+0000] {logging_mixin.py:188} INFO - [2025-11-16T20:20:22.557+0000] {override.py:1769} INFO - Created Permission View: can edit on DAG:example_python_decorator
[2025-11-16T20:20:22.586+0000] {logging_mixin.py:188} INFO - [2025-11-16T20:20:22.586+0000] {override.py:1769} INFO - Created Permission View: can read on DAG:example_python_decorator
[2025-11-16T20:20:22.603+0000] {logging_mixin.py:188} INFO - [2025-11-16T20:20:22.602+0000] {override.py:1769} INFO - Created Permission View: can delete on DAG:example_python_decorator
[2025-11-16T20:20:22.604+0000] {logging_mixin.py:188} INFO - [2025-11-16T20:20:22.604+0000] {dag.py:3036} INFO - Sync 1 DAGs
[2025-11-16T20:20:22.702+0000] {logging_mixin.py:188} INFO - [2025-11-16T20:20:22.701+0000] {dag.py:3058} INFO - Creating ORM DAG for example_python_decorator
[2025-11-16T20:20:22.704+0000] {logging_mixin.py:188} INFO - [2025-11-16T20:20:22.704+0000] {dag.py:3823} INFO - Setting next_dagrun for example_python_decorator to None, run_after=None
[2025-11-16T20:20:22.763+0000] {processor.py:183} INFO - Processing /home/airflow/.local/lib/python3.8/site-packages/airflow/example_dags/example_python_decorator.py took 1.459 seconds
[2025-11-16T20:20:55.138+0000] {processor.py:161} INFO - Started process (PID=209) to work on /home/airflow/.local/lib/python3.8/site-packages/airflow/example_dags/example_python_decorator.py
[2025-11-16T20:20:55.145+0000] {processor.py:830} INFO - Processing file /home/airflow/.local/lib/python3.8/site-packages/airflow/example_dags/example_python_decorator.py for tasks to queue
[2025-11-16T20:20:55.165+0000] {logging_mixin.py:188} INFO - [2025-11-16T20:20:55.165+0000] {dagbag.py:538} INFO - Filling up the DagBag from /home/airflow/.local/lib/python3.8/site-packages/airflow/example_dags/example_python_decorator.py
[2025-11-16T20:20:55.301+0000] {processor.py:840} INFO - DAG(s) 'example_python_decorator' retrieved from /home/airflow/.local/lib/python3.8/site-packages/airflow/example_dags/example_python_decorator.py
[2025-11-16T20:20:55.359+0000] {logging_mixin.py:188} INFO - [2025-11-16T20:20:55.359+0000] {dag.py:3036} INFO - Sync 1 DAGs
[2025-11-16T20:20:55.380+0000] {logging_mixin.py:188} INFO - [2025-11-16T20:20:55.379+0000] {dag.py:3823} INFO - Setting next_dagrun for example_python_decorator to None, run_after=None
[2025-11-16T20:20:55.424+0000] {processor.py:183} INFO - Processing /home/airflow/.local/lib/python3.8/site-packages/airflow/example_dags/example_python_decorator.py took 0.290 seconds
[2025-11-16T20:21:26.871+0000] {processor.py:161} INFO - Started process (PID=281) to work on /home/airflow/.local/lib/python3.8/site-packages/airflow/example_dags/example_python_decorator.py
[2025-11-16T20:21:26.872+0000] {processor.py:830} INFO - Processing file /home/airflow/.local/lib/python3.8/site-packages/airflow/example_dags/example_python_decorator.py for tasks to queue
[2025-11-16T20:21:26.873+0000] {logging_mixin.py:188} INFO - [2025-11-16T20:21:26.873+0000] {dagbag.py:538} INFO - Filling up the DagBag from /home/airflow/.local/lib/python3.8/site-packages/airflow/example_dags/example_python_decorator.py
[2025-11-16T20:21:26.892+0000] {processor.py:840} INFO - DAG(s) 'example_python_decorator' retrieved from /home/airflow/.local/lib/python3.8/site-packages/airflow/example_dags/example_python_decorator.py
[2025-11-16T20:21:26.921+0000] {logging_mixin.py:188} INFO - [2025-11-16T20:21:26.921+0000] {dag.py:3036} INFO - Sync 1 DAGs
[2025-11-16T20:21:26.934+0000] {logging_mixin.py:188} INFO - [2025-11-16T20:21:26.934+0000] {dag.py:3823} INFO - Setting next_dagrun for example_python_decorator to None, run_after=None
[2025-11-16T20:21:26.959+0000] {processor.py:183} INFO - Processing /home/airflow/.local/lib/python3.8/site-packages/airflow/example_dags/example_python_decorator.py took 0.092 seconds
[2025-11-16T20:21:57.175+0000] {processor.py:161} INFO - Started process (PID=362) to work on /home/airflow/.local/lib/python3.8/site-packages/airflow/example_dags/example_python_decorator.py
[2025-11-16T20:21:57.178+0000] {processor.py:830} INFO - Processing file /home/airflow/.local/lib/python3.8/site-packages/airflow/example_dags/example_python_decorator.py for tasks to queue
[2025-11-16T20:21:57.180+0000] {logging_mixin.py:188} INFO - [2025-11-16T20:21:57.180+0000] {dagbag.py:538} INFO - Filling up the DagBag from /home/airflow/.local/lib/python3.8/site-packages/airflow/example_dags/example_python_decorator.py
[2025-11-16T20:21:57.195+0000] {processor.py:840} INFO - DAG(s) 'example_python_decorator' retrieved from /home/airflow/.local/lib/python3.8/site-packages/airflow/example_dags/example_python_decorator.py
[2025-11-16T20:21:57.227+0000] {logging_mixin.py:188} INFO - [2025-11-16T20:21:57.227+0000] {dag.py:3036} INFO - Sync 1 DAGs
[2025-11-16T20:21:57.240+0000] {logging_mixin.py:188} INFO - [2025-11-16T20:21:57.240+0000] {dag.py:3823} INFO - Setting next_dagrun for example_python_decorator to None, run_after=None
[2025-11-16T20:21:57.264+0000] {processor.py:183} INFO - Processing /home/airflow/.local/lib/python3.8/site-packages/airflow/example_dags/example_python_decorator.py took 0.094 seconds
[2025-11-16T20:22:29.647+0000] {processor.py:161} INFO - Started process (PID=453) to work on /home/airflow/.local/lib/python3.8/site-packages/airflow/example_dags/example_python_decorator.py
[2025-11-16T20:22:29.650+0000] {processor.py:830} INFO - Processing file /home/airflow/.local/lib/python3.8/site-packages/airflow/example_dags/example_python_decorator.py for tasks to queue
[2025-11-16T20:22:29.652+0000] {logging_mixin.py:188} INFO - [2025-11-16T20:22:29.652+0000] {dagbag.py:538} INFO - Filling up the DagBag from /home/airflow/.local/lib/python3.8/site-packages/airflow/example_dags/example_python_decorator.py
[2025-11-16T20:22:29.681+0000] {processor.py:840} INFO - DAG(s) 'example_python_decorator' retrieved from /home/airflow/.local/lib/python3.8/site-packages/airflow/example_dags/example_python_decorator.py
[2025-11-16T20:22:29.730+0000] {logging_mixin.py:188} INFO - [2025-11-16T20:22:29.729+0000] {dag.py:3036} INFO - Sync 1 DAGs
[2025-11-16T20:22:29.759+0000] {logging_mixin.py:188} INFO - [2025-11-16T20:22:29.758+0000] {dag.py:3823} INFO - Setting next_dagrun for example_python_decorator to None, run_after=None
[2025-11-16T20:22:29.824+0000] {processor.py:183} INFO - Processing /home/airflow/.local/lib/python3.8/site-packages/airflow/example_dags/example_python_decorator.py took 0.190 seconds
[2025-11-16T20:23:00.034+0000] {processor.py:161} INFO - Started process (PID=532) to work on /home/airflow/.local/lib/python3.8/site-packages/airflow/example_dags/example_python_decorator.py
[2025-11-16T20:23:00.036+0000] {processor.py:830} INFO - Processing file /home/airflow/.local/lib/python3.8/site-packages/airflow/example_dags/example_python_decorator.py for tasks to queue
[2025-11-16T20:23:00.037+0000] {logging_mixin.py:188} INFO - [2025-11-16T20:23:00.037+0000] {dagbag.py:538} INFO - Filling up the DagBag from /home/airflow/.local/lib/python3.8/site-packages/airflow/example_dags/example_python_decorator.py
[2025-11-16T20:23:00.051+0000] {processor.py:840} INFO - DAG(s) 'example_python_decorator' retrieved from /home/airflow/.local/lib/python3.8/site-packages/airflow/example_dags/example_python_decorator.py
[2025-11-16T20:23:00.077+0000] {logging_mixin.py:188} INFO - [2025-11-16T20:23:00.077+0000] {dag.py:3036} INFO - Sync 1 DAGs
[2025-11-16T20:23:00.090+0000] {logging_mixin.py:188} INFO - [2025-11-16T20:23:00.089+0000] {dag.py:3823} INFO - Setting next_dagrun for example_python_decorator to None, run_after=None
[2025-11-16T20:23:00.123+0000] {processor.py:183} INFO - Processing /home/airflow/.local/lib/python3.8/site-packages/airflow/example_dags/example_python_decorator.py took 0.092 seconds
[2025-11-16T20:23:30.335+0000] {processor.py:161} INFO - Started process (PID=613) to work on /home/airflow/.local/lib/python3.8/site-packages/airflow/example_dags/example_python_decorator.py
[2025-11-16T20:23:30.336+0000] {processor.py:830} INFO - Processing file /home/airflow/.local/lib/python3.8/site-packages/airflow/example_dags/example_python_decorator.py for tasks to queue
[2025-11-16T20:23:30.337+0000] {logging_mixin.py:188} INFO - [2025-11-16T20:23:30.337+0000] {dagbag.py:538} INFO - Filling up the DagBag from /home/airflow/.local/lib/python3.8/site-packages/airflow/example_dags/example_python_decorator.py
[2025-11-16T20:23:30.353+0000] {processor.py:840} INFO - DAG(s) 'example_python_decorator' retrieved from /home/airflow/.local/lib/python3.8/site-packages/airflow/example_dags/example_python_decorator.py
[2025-11-16T20:23:30.382+0000] {logging_mixin.py:188} INFO - [2025-11-16T20:23:30.381+0000] {dag.py:3036} INFO - Sync 1 DAGs
[2025-11-16T20:23:30.397+0000] {logging_mixin.py:188} INFO - [2025-11-16T20:23:30.396+0000] {dag.py:3823} INFO - Setting next_dagrun for example_python_decorator to None, run_after=None
[2025-11-16T20:23:30.424+0000] {processor.py:183} INFO - Processing /home/airflow/.local/lib/python3.8/site-packages/airflow/example_dags/example_python_decorator.py took 0.091 seconds
[2025-11-16T20:24:00.593+0000] {processor.py:161} INFO - Started process (PID=694) to work on /home/airflow/.local/lib/python3.8/site-packages/airflow/example_dags/example_python_decorator.py
[2025-11-16T20:24:00.594+0000] {processor.py:830} INFO - Processing file /home/airflow/.local/lib/python3.8/site-packages/airflow/example_dags/example_python_decorator.py for tasks to queue
[2025-11-16T20:24:00.595+0000] {logging_mixin.py:188} INFO - [2025-11-16T20:24:00.595+0000] {dagbag.py:538} INFO - Filling up the DagBag from /home/airflow/.local/lib/python3.8/site-packages/airflow/example_dags/example_python_decorator.py
[2025-11-16T20:24:00.608+0000] {processor.py:840} INFO - DAG(s) 'example_python_decorator' retrieved from /home/airflow/.local/lib/python3.8/site-packages/airflow/example_dags/example_python_decorator.py
[2025-11-16T20:24:00.635+0000] {logging_mixin.py:188} INFO - [2025-11-16T20:24:00.635+0000] {dag.py:3036} INFO - Sync 1 DAGs
[2025-11-16T20:24:00.657+0000] {logging_mixin.py:188} INFO - [2025-11-16T20:24:00.656+0000] {dag.py:3823} INFO - Setting next_dagrun for example_python_decorator to None, run_after=None
[2025-11-16T20:24:00.685+0000] {processor.py:183} INFO - Processing /home/airflow/.local/lib/python3.8/site-packages/airflow/example_dags/example_python_decorator.py took 0.095 seconds
[2025-11-16T20:24:30.822+0000] {processor.py:161} INFO - Started process (PID=790) to work on /home/airflow/.local/lib/python3.8/site-packages/airflow/example_dags/example_python_decorator.py
[2025-11-16T20:24:30.824+0000] {processor.py:830} INFO - Processing file /home/airflow/.local/lib/python3.8/site-packages/airflow/example_dags/example_python_decorator.py for tasks to queue
[2025-11-16T20:24:30.825+0000] {logging_mixin.py:188} INFO - [2025-11-16T20:24:30.825+0000] {dagbag.py:538} INFO - Filling up the DagBag from /home/airflow/.local/lib/python3.8/site-packages/airflow/example_dags/example_python_decorator.py
[2025-11-16T20:24:30.841+0000] {processor.py:840} INFO - DAG(s) 'example_python_decorator' retrieved from /home/airflow/.local/lib/python3.8/site-packages/airflow/example_dags/example_python_decorator.py
[2025-11-16T20:24:30.869+0000] {logging_mixin.py:188} INFO - [2025-11-16T20:24:30.869+0000] {dag.py:3036} INFO - Sync 1 DAGs
[2025-11-16T20:24:30.882+0000] {logging_mixin.py:188} INFO - [2025-11-16T20:24:30.882+0000] {dag.py:3823} INFO - Setting next_dagrun for example_python_decorator to None, run_after=None
[2025-11-16T20:24:30.904+0000] {processor.py:183} INFO - Processing /home/airflow/.local/lib/python3.8/site-packages/airflow/example_dags/example_python_decorator.py took 0.085 seconds
[2025-11-16T20:25:01.214+0000] {processor.py:161} INFO - Started process (PID=871) to work on /home/airflow/.local/lib/python3.8/site-packages/airflow/example_dags/example_python_decorator.py
[2025-11-16T20:25:01.215+0000] {processor.py:830} INFO - Processing file /home/airflow/.local/lib/python3.8/site-packages/airflow/example_dags/example_python_decorator.py for tasks to queue
[2025-11-16T20:25:01.216+0000] {logging_mixin.py:188} INFO - [2025-11-16T20:25:01.216+0000] {dagbag.py:538} INFO - Filling up the DagBag from /home/airflow/.local/lib/python3.8/site-packages/airflow/example_dags/example_python_decorator.py
[2025-11-16T20:25:01.233+0000] {processor.py:840} INFO - DAG(s) 'example_python_decorator' retrieved from /home/airflow/.local/lib/python3.8/site-packages/airflow/example_dags/example_python_decorator.py
[2025-11-16T20:25:01.265+0000] {logging_mixin.py:188} INFO - [2025-11-16T20:25:01.265+0000] {dag.py:3036} INFO - Sync 1 DAGs
[2025-11-16T20:25:01.284+0000] {logging_mixin.py:188} INFO - [2025-11-16T20:25:01.284+0000] {dag.py:3823} INFO - Setting next_dagrun for example_python_decorator to None, run_after=None
[2025-11-16T20:25:01.313+0000] {processor.py:183} INFO - Processing /home/airflow/.local/lib/python3.8/site-packages/airflow/example_dags/example_python_decorator.py took 0.103 seconds
[2025-11-16T20:25:31.896+0000] {processor.py:161} INFO - Started process (PID=965) to work on /home/airflow/.local/lib/python3.8/site-packages/airflow/example_dags/example_python_decorator.py
[2025-11-16T20:25:31.897+0000] {processor.py:830} INFO - Processing file /home/airflow/.local/lib/python3.8/site-packages/airflow/example_dags/example_python_decorator.py for tasks to queue
[2025-11-16T20:25:31.898+0000] {logging_mixin.py:188} INFO - [2025-11-16T20:25:31.898+0000] {dagbag.py:538} INFO - Filling up the DagBag from /home/airflow/.local/lib/python3.8/site-packages/airflow/example_dags/example_python_decorator.py
[2025-11-16T20:25:31.916+0000] {processor.py:840} INFO - DAG(s) 'example_python_decorator' retrieved from /home/airflow/.local/lib/python3.8/site-packages/airflow/example_dags/example_python_decorator.py
[2025-11-16T20:25:31.950+0000] {logging_mixin.py:188} INFO - [2025-11-16T20:25:31.949+0000] {dag.py:3036} INFO - Sync 1 DAGs
[2025-11-16T20:25:31.968+0000] {logging_mixin.py:188} INFO - [2025-11-16T20:25:31.968+0000] {dag.py:3823} INFO - Setting next_dagrun for example_python_decorator to None, run_after=None
[2025-11-16T20:25:32.000+0000] {processor.py:183} INFO - Processing /home/airflow/.local/lib/python3.8/site-packages/airflow/example_dags/example_python_decorator.py took 0.107 seconds
[2025-11-16T20:26:02.804+0000] {processor.py:161} INFO - Started process (PID=1046) to work on /home/airflow/.local/lib/python3.8/site-packages/airflow/example_dags/example_python_decorator.py
[2025-11-16T20:26:02.805+0000] {processor.py:830} INFO - Processing file /home/airflow/.local/lib/python3.8/site-packages/airflow/example_dags/example_python_decorator.py for tasks to queue
[2025-11-16T20:26:02.807+0000] {logging_mixin.py:188} INFO - [2025-11-16T20:26:02.806+0000] {dagbag.py:538} INFO - Filling up the DagBag from /home/airflow/.local/lib/python3.8/site-packages/airflow/example_dags/example_python_decorator.py
[2025-11-16T20:26:02.830+0000] {processor.py:840} INFO - DAG(s) 'example_python_decorator' retrieved from /home/airflow/.local/lib/python3.8/site-packages/airflow/example_dags/example_python_decorator.py
[2025-11-16T20:26:02.859+0000] {logging_mixin.py:188} INFO - [2025-11-16T20:26:02.858+0000] {dag.py:3036} INFO - Sync 1 DAGs
[2025-11-16T20:26:02.876+0000] {logging_mixin.py:188} INFO - [2025-11-16T20:26:02.876+0000] {dag.py:3823} INFO - Setting next_dagrun for example_python_decorator to None, run_after=None
[2025-11-16T20:26:02.903+0000] {processor.py:183} INFO - Processing /home/airflow/.local/lib/python3.8/site-packages/airflow/example_dags/example_python_decorator.py took 0.101 seconds
[2025-11-16T20:26:33.291+0000] {processor.py:161} INFO - Started process (PID=1142) to work on /home/airflow/.local/lib/python3.8/site-packages/airflow/example_dags/example_python_decorator.py
[2025-11-16T20:26:33.292+0000] {processor.py:830} INFO - Processing file /home/airflow/.local/lib/python3.8/site-packages/airflow/example_dags/example_python_decorator.py for tasks to queue
[2025-11-16T20:26:33.293+0000] {logging_mixin.py:188} INFO - [2025-11-16T20:26:33.293+0000] {dagbag.py:538} INFO - Filling up the DagBag from /home/airflow/.local/lib/python3.8/site-packages/airflow/example_dags/example_python_decorator.py
[2025-11-16T20:26:33.305+0000] {processor.py:840} INFO - DAG(s) 'example_python_decorator' retrieved from /home/airflow/.local/lib/python3.8/site-packages/airflow/example_dags/example_python_decorator.py
[2025-11-16T20:26:33.338+0000] {logging_mixin.py:188} INFO - [2025-11-16T20:26:33.338+0000] {dag.py:3036} INFO - Sync 1 DAGs
[2025-11-16T20:26:33.351+0000] {logging_mixin.py:188} INFO - [2025-11-16T20:26:33.351+0000] {dag.py:3823} INFO - Setting next_dagrun for example_python_decorator to None, run_after=None
[2025-11-16T20:26:33.380+0000] {processor.py:183} INFO - Processing /home/airflow/.local/lib/python3.8/site-packages/airflow/example_dags/example_python_decorator.py took 0.091 seconds
[2025-11-16T20:27:03.665+0000] {processor.py:161} INFO - Started process (PID=1223) to work on /home/airflow/.local/lib/python3.8/site-packages/airflow/example_dags/example_python_decorator.py
[2025-11-16T20:27:03.666+0000] {processor.py:830} INFO - Processing file /home/airflow/.local/lib/python3.8/site-packages/airflow/example_dags/example_python_decorator.py for tasks to queue
[2025-11-16T20:27:03.667+0000] {logging_mixin.py:188} INFO - [2025-11-16T20:27:03.667+0000] {dagbag.py:538} INFO - Filling up the DagBag from /home/airflow/.local/lib/python3.8/site-packages/airflow/example_dags/example_python_decorator.py
[2025-11-16T20:27:03.680+0000] {processor.py:840} INFO - DAG(s) 'example_python_decorator' retrieved from /home/airflow/.local/lib/python3.8/site-packages/airflow/example_dags/example_python_decorator.py
[2025-11-16T20:27:03.707+0000] {logging_mixin.py:188} INFO - [2025-11-16T20:27:03.707+0000] {dag.py:3036} INFO - Sync 1 DAGs
[2025-11-16T20:27:03.719+0000] {logging_mixin.py:188} INFO - [2025-11-16T20:27:03.719+0000] {dag.py:3823} INFO - Setting next_dagrun for example_python_decorator to None, run_after=None
[2025-11-16T20:27:03.757+0000] {processor.py:183} INFO - Processing /home/airflow/.local/lib/python3.8/site-packages/airflow/example_dags/example_python_decorator.py took 0.095 seconds
[2025-11-16T20:27:34.313+0000] {processor.py:161} INFO - Started process (PID=1305) to work on /home/airflow/.local/lib/python3.8/site-packages/airflow/example_dags/example_python_decorator.py
[2025-11-16T20:27:34.314+0000] {processor.py:830} INFO - Processing file /home/airflow/.local/lib/python3.8/site-packages/airflow/example_dags/example_python_decorator.py for tasks to queue
[2025-11-16T20:27:34.315+0000] {logging_mixin.py:188} INFO - [2025-11-16T20:27:34.315+0000] {dagbag.py:538} INFO - Filling up the DagBag from /home/airflow/.local/lib/python3.8/site-packages/airflow/example_dags/example_python_decorator.py
[2025-11-16T20:27:34.332+0000] {processor.py:840} INFO - DAG(s) 'example_python_decorator' retrieved from /home/airflow/.local/lib/python3.8/site-packages/airflow/example_dags/example_python_decorator.py
[2025-11-16T20:27:34.365+0000] {logging_mixin.py:188} INFO - [2025-11-16T20:27:34.364+0000] {dag.py:3036} INFO - Sync 1 DAGs
[2025-11-16T20:27:34.382+0000] {logging_mixin.py:188} INFO - [2025-11-16T20:27:34.381+0000] {dag.py:3823} INFO - Setting next_dagrun for example_python_decorator to None, run_after=None
[2025-11-16T20:27:34.413+0000] {processor.py:183} INFO - Processing /home/airflow/.local/lib/python3.8/site-packages/airflow/example_dags/example_python_decorator.py took 0.103 seconds
[2025-11-16T20:28:04.537+0000] {processor.py:161} INFO - Started process (PID=1401) to work on /home/airflow/.local/lib/python3.8/site-packages/airflow/example_dags/example_python_decorator.py
[2025-11-16T20:28:04.541+0000] {processor.py:830} INFO - Processing file /home/airflow/.local/lib/python3.8/site-packages/airflow/example_dags/example_python_decorator.py for tasks to queue
[2025-11-16T20:28:04.543+0000] {logging_mixin.py:188} INFO - [2025-11-16T20:28:04.542+0000] {dagbag.py:538} INFO - Filling up the DagBag from /home/airflow/.local/lib/python3.8/site-packages/airflow/example_dags/example_python_decorator.py
[2025-11-16T20:28:04.563+0000] {processor.py:840} INFO - DAG(s) 'example_python_decorator' retrieved from /home/airflow/.local/lib/python3.8/site-packages/airflow/example_dags/example_python_decorator.py
[2025-11-16T20:28:04.600+0000] {logging_mixin.py:188} INFO - [2025-11-16T20:28:04.600+0000] {dag.py:3036} INFO - Sync 1 DAGs
[2025-11-16T20:28:04.623+0000] {logging_mixin.py:188} INFO - [2025-11-16T20:28:04.623+0000] {dag.py:3823} INFO - Setting next_dagrun for example_python_decorator to None, run_after=None
[2025-11-16T20:28:04.667+0000] {processor.py:183} INFO - Processing /home/airflow/.local/lib/python3.8/site-packages/airflow/example_dags/example_python_decorator.py took 0.134 seconds
[2025-11-16T20:28:34.994+0000] {processor.py:161} INFO - Started process (PID=1482) to work on /home/airflow/.local/lib/python3.8/site-packages/airflow/example_dags/example_python_decorator.py
[2025-11-16T20:28:34.997+0000] {processor.py:830} INFO - Processing file /home/airflow/.local/lib/python3.8/site-packages/airflow/example_dags/example_python_decorator.py for tasks to queue
[2025-11-16T20:28:34.999+0000] {logging_mixin.py:188} INFO - [2025-11-16T20:28:34.998+0000] {dagbag.py:538} INFO - Filling up the DagBag from /home/airflow/.local/lib/python3.8/site-packages/airflow/example_dags/example_python_decorator.py
[2025-11-16T20:28:35.031+0000] {processor.py:840} INFO - DAG(s) 'example_python_decorator' retrieved from /home/airflow/.local/lib/python3.8/site-packages/airflow/example_dags/example_python_decorator.py
[2025-11-16T20:28:35.086+0000] {logging_mixin.py:188} INFO - [2025-11-16T20:28:35.085+0000] {dag.py:3036} INFO - Sync 1 DAGs
[2025-11-16T20:28:35.112+0000] {logging_mixin.py:188} INFO - [2025-11-16T20:28:35.112+0000] {dag.py:3823} INFO - Setting next_dagrun for example_python_decorator to None, run_after=None
[2025-11-16T20:28:35.155+0000] {processor.py:183} INFO - Processing /home/airflow/.local/lib/python3.8/site-packages/airflow/example_dags/example_python_decorator.py took 0.168 seconds
[2025-11-16T20:29:05.624+0000] {processor.py:161} INFO - Started process (PID=1578) to work on /home/airflow/.local/lib/python3.8/site-packages/airflow/example_dags/example_python_decorator.py
[2025-11-16T20:29:05.625+0000] {processor.py:830} INFO - Processing file /home/airflow/.local/lib/python3.8/site-packages/airflow/example_dags/example_python_decorator.py for tasks to queue
[2025-11-16T20:29:05.626+0000] {logging_mixin.py:188} INFO - [2025-11-16T20:29:05.625+0000] {dagbag.py:538} INFO - Filling up the DagBag from /home/airflow/.local/lib/python3.8/site-packages/airflow/example_dags/example_python_decorator.py
[2025-11-16T20:29:05.660+0000] {processor.py:840} INFO - DAG(s) 'example_python_decorator' retrieved from /home/airflow/.local/lib/python3.8/site-packages/airflow/example_dags/example_python_decorator.py
[2025-11-16T20:29:05.714+0000] {logging_mixin.py:188} INFO - [2025-11-16T20:29:05.714+0000] {dag.py:3036} INFO - Sync 1 DAGs
[2025-11-16T20:29:05.744+0000] {logging_mixin.py:188} INFO - [2025-11-16T20:29:05.744+0000] {dag.py:3823} INFO - Setting next_dagrun for example_python_decorator to None, run_after=None
[2025-11-16T20:29:05.785+0000] {processor.py:183} INFO - Processing /home/airflow/.local/lib/python3.8/site-packages/airflow/example_dags/example_python_decorator.py took 0.165 seconds
[2025-11-16T20:29:35.989+0000] {processor.py:161} INFO - Started process (PID=1659) to work on /home/airflow/.local/lib/python3.8/site-packages/airflow/example_dags/example_python_decorator.py
[2025-11-16T20:29:35.990+0000] {processor.py:830} INFO - Processing file /home/airflow/.local/lib/python3.8/site-packages/airflow/example_dags/example_python_decorator.py for tasks to queue
[2025-11-16T20:29:35.991+0000] {logging_mixin.py:188} INFO - [2025-11-16T20:29:35.991+0000] {dagbag.py:538} INFO - Filling up the DagBag from /home/airflow/.local/lib/python3.8/site-packages/airflow/example_dags/example_python_decorator.py
[2025-11-16T20:29:36.013+0000] {processor.py:840} INFO - DAG(s) 'example_python_decorator' retrieved from /home/airflow/.local/lib/python3.8/site-packages/airflow/example_dags/example_python_decorator.py
[2025-11-16T20:29:36.065+0000] {logging_mixin.py:188} INFO - [2025-11-16T20:29:36.065+0000] {dag.py:3036} INFO - Sync 1 DAGs
[2025-11-16T20:29:36.091+0000] {logging_mixin.py:188} INFO - [2025-11-16T20:29:36.091+0000] {dag.py:3823} INFO - Setting next_dagrun for example_python_decorator to None, run_after=None
[2025-11-16T20:29:36.132+0000] {processor.py:183} INFO - Processing /home/airflow/.local/lib/python3.8/site-packages/airflow/example_dags/example_python_decorator.py took 0.148 seconds
[2025-11-16T20:30:06.711+0000] {processor.py:161} INFO - Started process (PID=1733) to work on /home/airflow/.local/lib/python3.8/site-packages/airflow/example_dags/example_python_decorator.py
[2025-11-16T20:30:06.713+0000] {processor.py:830} INFO - Processing file /home/airflow/.local/lib/python3.8/site-packages/airflow/example_dags/example_python_decorator.py for tasks to queue
[2025-11-16T20:30:06.715+0000] {logging_mixin.py:188} INFO - [2025-11-16T20:30:06.714+0000] {dagbag.py:538} INFO - Filling up the DagBag from /home/airflow/.local/lib/python3.8/site-packages/airflow/example_dags/example_python_decorator.py
[2025-11-16T20:30:06.745+0000] {processor.py:840} INFO - DAG(s) 'example_python_decorator' retrieved from /home/airflow/.local/lib/python3.8/site-packages/airflow/example_dags/example_python_decorator.py
[2025-11-16T20:30:06.799+0000] {logging_mixin.py:188} INFO - [2025-11-16T20:30:06.798+0000] {dag.py:3036} INFO - Sync 1 DAGs
[2025-11-16T20:30:06.830+0000] {logging_mixin.py:188} INFO - [2025-11-16T20:30:06.829+0000] {dag.py:3823} INFO - Setting next_dagrun for example_python_decorator to None, run_after=None
[2025-11-16T20:30:06.874+0000] {processor.py:183} INFO - Processing /home/airflow/.local/lib/python3.8/site-packages/airflow/example_dags/example_python_decorator.py took 0.170 seconds
[2025-11-16T20:30:38.041+0000] {processor.py:161} INFO - Started process (PID=1804) to work on /home/airflow/.local/lib/python3.8/site-packages/airflow/example_dags/example_python_decorator.py
[2025-11-16T20:30:38.043+0000] {processor.py:830} INFO - Processing file /home/airflow/.local/lib/python3.8/site-packages/airflow/example_dags/example_python_decorator.py for tasks to queue
[2025-11-16T20:30:38.051+0000] {logging_mixin.py:188} INFO - [2025-11-16T20:30:38.045+0000] {dagbag.py:538} INFO - Filling up the DagBag from /home/airflow/.local/lib/python3.8/site-packages/airflow/example_dags/example_python_decorator.py
[2025-11-16T20:30:38.090+0000] {processor.py:840} INFO - DAG(s) 'example_python_decorator' retrieved from /home/airflow/.local/lib/python3.8/site-packages/airflow/example_dags/example_python_decorator.py
[2025-11-16T20:30:38.152+0000] {logging_mixin.py:188} INFO - [2025-11-16T20:30:38.151+0000] {dag.py:3036} INFO - Sync 1 DAGs
[2025-11-16T20:30:38.181+0000] {logging_mixin.py:188} INFO - [2025-11-16T20:30:38.181+0000] {dag.py:3823} INFO - Setting next_dagrun for example_python_decorator to None, run_after=None
[2025-11-16T20:30:38.237+0000] {processor.py:183} INFO - Processing /home/airflow/.local/lib/python3.8/site-packages/airflow/example_dags/example_python_decorator.py took 0.203 seconds
[2025-11-16T20:31:08.835+0000] {processor.py:161} INFO - Started process (PID=1880) to work on /home/airflow/.local/lib/python3.8/site-packages/airflow/example_dags/example_python_decorator.py
[2025-11-16T20:31:08.836+0000] {processor.py:830} INFO - Processing file /home/airflow/.local/lib/python3.8/site-packages/airflow/example_dags/example_python_decorator.py for tasks to queue
[2025-11-16T20:31:08.840+0000] {logging_mixin.py:188} INFO - [2025-11-16T20:31:08.839+0000] {dagbag.py:538} INFO - Filling up the DagBag from /home/airflow/.local/lib/python3.8/site-packages/airflow/example_dags/example_python_decorator.py
[2025-11-16T20:31:08.855+0000] {processor.py:840} INFO - DAG(s) 'example_python_decorator' retrieved from /home/airflow/.local/lib/python3.8/site-packages/airflow/example_dags/example_python_decorator.py
[2025-11-16T20:31:08.888+0000] {logging_mixin.py:188} INFO - [2025-11-16T20:31:08.887+0000] {dag.py:3036} INFO - Sync 1 DAGs
[2025-11-16T20:31:08.901+0000] {logging_mixin.py:188} INFO - [2025-11-16T20:31:08.901+0000] {dag.py:3823} INFO - Setting next_dagrun for example_python_decorator to None, run_after=None
[2025-11-16T20:31:08.928+0000] {processor.py:183} INFO - Processing /home/airflow/.local/lib/python3.8/site-packages/airflow/example_dags/example_python_decorator.py took 0.097 seconds
[2025-11-16T20:31:39.777+0000] {processor.py:161} INFO - Started process (PID=1969) to work on /home/airflow/.local/lib/python3.8/site-packages/airflow/example_dags/example_python_decorator.py
[2025-11-16T20:31:39.778+0000] {processor.py:830} INFO - Processing file /home/airflow/.local/lib/python3.8/site-packages/airflow/example_dags/example_python_decorator.py for tasks to queue
[2025-11-16T20:31:39.780+0000] {logging_mixin.py:188} INFO - [2025-11-16T20:31:39.780+0000] {dagbag.py:538} INFO - Filling up the DagBag from /home/airflow/.local/lib/python3.8/site-packages/airflow/example_dags/example_python_decorator.py
[2025-11-16T20:31:39.804+0000] {processor.py:840} INFO - DAG(s) 'example_python_decorator' retrieved from /home/airflow/.local/lib/python3.8/site-packages/airflow/example_dags/example_python_decorator.py
[2025-11-16T20:31:39.855+0000] {logging_mixin.py:188} INFO - [2025-11-16T20:31:39.854+0000] {dag.py:3036} INFO - Sync 1 DAGs
[2025-11-16T20:31:39.878+0000] {logging_mixin.py:188} INFO - [2025-11-16T20:31:39.878+0000] {dag.py:3823} INFO - Setting next_dagrun for example_python_decorator to None, run_after=None
[2025-11-16T20:31:39.923+0000] {processor.py:183} INFO - Processing /home/airflow/.local/lib/python3.8/site-packages/airflow/example_dags/example_python_decorator.py took 0.149 seconds
[2025-11-16T20:32:10.066+0000] {processor.py:161} INFO - Started process (PID=2051) to work on /home/airflow/.local/lib/python3.8/site-packages/airflow/example_dags/example_python_decorator.py
[2025-11-16T20:32:10.067+0000] {processor.py:830} INFO - Processing file /home/airflow/.local/lib/python3.8/site-packages/airflow/example_dags/example_python_decorator.py for tasks to queue
[2025-11-16T20:32:10.069+0000] {logging_mixin.py:188} INFO - [2025-11-16T20:32:10.068+0000] {dagbag.py:538} INFO - Filling up the DagBag from /home/airflow/.local/lib/python3.8/site-packages/airflow/example_dags/example_python_decorator.py
[2025-11-16T20:32:10.097+0000] {processor.py:840} INFO - DAG(s) 'example_python_decorator' retrieved from /home/airflow/.local/lib/python3.8/site-packages/airflow/example_dags/example_python_decorator.py
[2025-11-16T20:32:10.143+0000] {logging_mixin.py:188} INFO - [2025-11-16T20:32:10.142+0000] {dag.py:3036} INFO - Sync 1 DAGs
[2025-11-16T20:32:10.162+0000] {logging_mixin.py:188} INFO - [2025-11-16T20:32:10.161+0000] {dag.py:3823} INFO - Setting next_dagrun for example_python_decorator to None, run_after=None
[2025-11-16T20:32:10.189+0000] {processor.py:183} INFO - Processing /home/airflow/.local/lib/python3.8/site-packages/airflow/example_dags/example_python_decorator.py took 0.126 seconds
[2025-11-16T20:32:45.975+0000] {processor.py:161} INFO - Started process (PID=2102) to work on /home/airflow/.local/lib/python3.8/site-packages/airflow/example_dags/example_python_decorator.py
[2025-11-16T20:32:45.977+0000] {processor.py:830} INFO - Processing file /home/airflow/.local/lib/python3.8/site-packages/airflow/example_dags/example_python_decorator.py for tasks to queue
[2025-11-16T20:32:45.980+0000] {logging_mixin.py:188} INFO - [2025-11-16T20:32:45.979+0000] {dagbag.py:538} INFO - Filling up the DagBag from /home/airflow/.local/lib/python3.8/site-packages/airflow/example_dags/example_python_decorator.py
[2025-11-16T20:32:46.014+0000] {processor.py:840} INFO - DAG(s) 'example_python_decorator' retrieved from /home/airflow/.local/lib/python3.8/site-packages/airflow/example_dags/example_python_decorator.py
[2025-11-16T20:32:46.093+0000] {logging_mixin.py:188} INFO - [2025-11-16T20:32:46.093+0000] {dag.py:3036} INFO - Sync 1 DAGs
[2025-11-16T20:32:46.125+0000] {logging_mixin.py:188} INFO - [2025-11-16T20:32:46.125+0000] {dag.py:3823} INFO - Setting next_dagrun for example_python_decorator to None, run_after=None
[2025-11-16T20:32:46.181+0000] {processor.py:183} INFO - Processing /home/airflow/.local/lib/python3.8/site-packages/airflow/example_dags/example_python_decorator.py took 0.213 seconds
[2025-11-16T20:33:16.235+0000] {processor.py:161} INFO - Started process (PID=2192) to work on /home/airflow/.local/lib/python3.8/site-packages/airflow/example_dags/example_python_decorator.py
[2025-11-16T20:33:16.236+0000] {processor.py:830} INFO - Processing file /home/airflow/.local/lib/python3.8/site-packages/airflow/example_dags/example_python_decorator.py for tasks to queue
[2025-11-16T20:33:16.237+0000] {logging_mixin.py:188} INFO - [2025-11-16T20:33:16.237+0000] {dagbag.py:538} INFO - Filling up the DagBag from /home/airflow/.local/lib/python3.8/site-packages/airflow/example_dags/example_python_decorator.py
[2025-11-16T20:33:16.257+0000] {processor.py:840} INFO - DAG(s) 'example_python_decorator' retrieved from /home/airflow/.local/lib/python3.8/site-packages/airflow/example_dags/example_python_decorator.py
[2025-11-16T20:33:16.296+0000] {logging_mixin.py:188} INFO - [2025-11-16T20:33:16.296+0000] {dag.py:3036} INFO - Sync 1 DAGs
[2025-11-16T20:33:16.311+0000] {logging_mixin.py:188} INFO - [2025-11-16T20:33:16.311+0000] {dag.py:3823} INFO - Setting next_dagrun for example_python_decorator to None, run_after=None
[2025-11-16T20:33:16.341+0000] {processor.py:183} INFO - Processing /home/airflow/.local/lib/python3.8/site-packages/airflow/example_dags/example_python_decorator.py took 0.109 seconds
[2025-11-16T20:33:46.994+0000] {processor.py:161} INFO - Started process (PID=2273) to work on /home/airflow/.local/lib/python3.8/site-packages/airflow/example_dags/example_python_decorator.py
[2025-11-16T20:33:46.995+0000] {processor.py:830} INFO - Processing file /home/airflow/.local/lib/python3.8/site-packages/airflow/example_dags/example_python_decorator.py for tasks to queue
[2025-11-16T20:33:46.996+0000] {logging_mixin.py:188} INFO - [2025-11-16T20:33:46.996+0000] {dagbag.py:538} INFO - Filling up the DagBag from /home/airflow/.local/lib/python3.8/site-packages/airflow/example_dags/example_python_decorator.py
[2025-11-16T20:33:47.008+0000] {processor.py:840} INFO - DAG(s) 'example_python_decorator' retrieved from /home/airflow/.local/lib/python3.8/site-packages/airflow/example_dags/example_python_decorator.py
[2025-11-16T20:33:47.140+0000] {logging_mixin.py:188} INFO - [2025-11-16T20:33:47.140+0000] {dag.py:3036} INFO - Sync 1 DAGs
[2025-11-16T20:33:47.150+0000] {logging_mixin.py:188} INFO - [2025-11-16T20:33:47.150+0000] {dag.py:3823} INFO - Setting next_dagrun for example_python_decorator to None, run_after=None
[2025-11-16T20:33:47.169+0000] {processor.py:183} INFO - Processing /home/airflow/.local/lib/python3.8/site-packages/airflow/example_dags/example_python_decorator.py took 0.178 seconds
[2025-11-16T20:34:17.464+0000] {processor.py:161} INFO - Started process (PID=2370) to work on /home/airflow/.local/lib/python3.8/site-packages/airflow/example_dags/example_python_decorator.py
[2025-11-16T20:34:17.465+0000] {processor.py:830} INFO - Processing file /home/airflow/.local/lib/python3.8/site-packages/airflow/example_dags/example_python_decorator.py for tasks to queue
[2025-11-16T20:34:17.466+0000] {logging_mixin.py:188} INFO - [2025-11-16T20:34:17.465+0000] {dagbag.py:538} INFO - Filling up the DagBag from /home/airflow/.local/lib/python3.8/site-packages/airflow/example_dags/example_python_decorator.py
[2025-11-16T20:34:17.477+0000] {processor.py:840} INFO - DAG(s) 'example_python_decorator' retrieved from /home/airflow/.local/lib/python3.8/site-packages/airflow/example_dags/example_python_decorator.py
[2025-11-16T20:34:17.501+0000] {logging_mixin.py:188} INFO - [2025-11-16T20:34:17.500+0000] {dag.py:3036} INFO - Sync 1 DAGs
[2025-11-16T20:34:17.511+0000] {logging_mixin.py:188} INFO - [2025-11-16T20:34:17.511+0000] {dag.py:3823} INFO - Setting next_dagrun for example_python_decorator to None, run_after=None
[2025-11-16T20:34:17.534+0000] {processor.py:183} INFO - Processing /home/airflow/.local/lib/python3.8/site-packages/airflow/example_dags/example_python_decorator.py took 0.073 seconds
[2025-11-16T20:34:47.765+0000] {processor.py:161} INFO - Started process (PID=2451) to work on /home/airflow/.local/lib/python3.8/site-packages/airflow/example_dags/example_python_decorator.py
[2025-11-16T20:34:47.766+0000] {processor.py:830} INFO - Processing file /home/airflow/.local/lib/python3.8/site-packages/airflow/example_dags/example_python_decorator.py for tasks to queue
[2025-11-16T20:34:47.767+0000] {logging_mixin.py:188} INFO - [2025-11-16T20:34:47.766+0000] {dagbag.py:538} INFO - Filling up the DagBag from /home/airflow/.local/lib/python3.8/site-packages/airflow/example_dags/example_python_decorator.py
[2025-11-16T20:34:47.780+0000] {processor.py:840} INFO - DAG(s) 'example_python_decorator' retrieved from /home/airflow/.local/lib/python3.8/site-packages/airflow/example_dags/example_python_decorator.py
[2025-11-16T20:34:47.808+0000] {logging_mixin.py:188} INFO - [2025-11-16T20:34:47.808+0000] {dag.py:3036} INFO - Sync 1 DAGs
[2025-11-16T20:34:47.821+0000] {logging_mixin.py:188} INFO - [2025-11-16T20:34:47.821+0000] {dag.py:3823} INFO - Setting next_dagrun for example_python_decorator to None, run_after=None
[2025-11-16T20:34:47.840+0000] {processor.py:183} INFO - Processing /home/airflow/.local/lib/python3.8/site-packages/airflow/example_dags/example_python_decorator.py took 0.078 seconds
[2025-11-16T20:35:18.562+0000] {processor.py:161} INFO - Started process (PID=2540) to work on /home/airflow/.local/lib/python3.8/site-packages/airflow/example_dags/example_python_decorator.py
[2025-11-16T20:35:18.563+0000] {processor.py:830} INFO - Processing file /home/airflow/.local/lib/python3.8/site-packages/airflow/example_dags/example_python_decorator.py for tasks to queue
[2025-11-16T20:35:18.564+0000] {logging_mixin.py:188} INFO - [2025-11-16T20:35:18.564+0000] {dagbag.py:538} INFO - Filling up the DagBag from /home/airflow/.local/lib/python3.8/site-packages/airflow/example_dags/example_python_decorator.py
[2025-11-16T20:35:18.589+0000] {processor.py:840} INFO - DAG(s) 'example_python_decorator' retrieved from /home/airflow/.local/lib/python3.8/site-packages/airflow/example_dags/example_python_decorator.py
[2025-11-16T20:35:18.632+0000] {logging_mixin.py:188} INFO - [2025-11-16T20:35:18.632+0000] {dag.py:3036} INFO - Sync 1 DAGs
[2025-11-16T20:35:18.653+0000] {logging_mixin.py:188} INFO - [2025-11-16T20:35:18.652+0000] {dag.py:3823} INFO - Setting next_dagrun for example_python_decorator to None, run_after=None
[2025-11-16T20:35:18.695+0000] {processor.py:183} INFO - Processing /home/airflow/.local/lib/python3.8/site-packages/airflow/example_dags/example_python_decorator.py took 0.141 seconds
[2025-11-16T20:35:49.132+0000] {processor.py:161} INFO - Started process (PID=2628) to work on /home/airflow/.local/lib/python3.8/site-packages/airflow/example_dags/example_python_decorator.py
[2025-11-16T20:35:49.133+0000] {processor.py:830} INFO - Processing file /home/airflow/.local/lib/python3.8/site-packages/airflow/example_dags/example_python_decorator.py for tasks to queue
[2025-11-16T20:35:49.135+0000] {logging_mixin.py:188} INFO - [2025-11-16T20:35:49.134+0000] {dagbag.py:538} INFO - Filling up the DagBag from /home/airflow/.local/lib/python3.8/site-packages/airflow/example_dags/example_python_decorator.py
[2025-11-16T20:35:49.149+0000] {processor.py:840} INFO - DAG(s) 'example_python_decorator' retrieved from /home/airflow/.local/lib/python3.8/site-packages/airflow/example_dags/example_python_decorator.py
[2025-11-16T20:35:49.180+0000] {logging_mixin.py:188} INFO - [2025-11-16T20:35:49.180+0000] {dag.py:3036} INFO - Sync 1 DAGs
[2025-11-16T20:35:49.194+0000] {logging_mixin.py:188} INFO - [2025-11-16T20:35:49.194+0000] {dag.py:3823} INFO - Setting next_dagrun for example_python_decorator to None, run_after=None
[2025-11-16T20:35:49.221+0000] {processor.py:183} INFO - Processing /home/airflow/.local/lib/python3.8/site-packages/airflow/example_dags/example_python_decorator.py took 0.093 seconds
[2025-11-16T20:36:20.033+0000] {processor.py:161} INFO - Started process (PID=2704) to work on /home/airflow/.local/lib/python3.8/site-packages/airflow/example_dags/example_python_decorator.py
[2025-11-16T20:36:20.037+0000] {processor.py:830} INFO - Processing file /home/airflow/.local/lib/python3.8/site-packages/airflow/example_dags/example_python_decorator.py for tasks to queue
[2025-11-16T20:36:20.039+0000] {logging_mixin.py:188} INFO - [2025-11-16T20:36:20.038+0000] {dagbag.py:538} INFO - Filling up the DagBag from /home/airflow/.local/lib/python3.8/site-packages/airflow/example_dags/example_python_decorator.py
[2025-11-16T20:36:20.066+0000] {processor.py:840} INFO - DAG(s) 'example_python_decorator' retrieved from /home/airflow/.local/lib/python3.8/site-packages/airflow/example_dags/example_python_decorator.py
[2025-11-16T20:36:20.118+0000] {logging_mixin.py:188} INFO - [2025-11-16T20:36:20.117+0000] {dag.py:3036} INFO - Sync 1 DAGs
[2025-11-16T20:36:20.143+0000] {logging_mixin.py:188} INFO - [2025-11-16T20:36:20.142+0000] {dag.py:3823} INFO - Setting next_dagrun for example_python_decorator to None, run_after=None
[2025-11-16T20:36:20.178+0000] {processor.py:183} INFO - Processing /home/airflow/.local/lib/python3.8/site-packages/airflow/example_dags/example_python_decorator.py took 0.148 seconds
[2025-11-16T20:36:50.387+0000] {processor.py:161} INFO - Started process (PID=2792) to work on /home/airflow/.local/lib/python3.8/site-packages/airflow/example_dags/example_python_decorator.py
[2025-11-16T20:36:50.388+0000] {processor.py:830} INFO - Processing file /home/airflow/.local/lib/python3.8/site-packages/airflow/example_dags/example_python_decorator.py for tasks to queue
[2025-11-16T20:36:50.392+0000] {logging_mixin.py:188} INFO - [2025-11-16T20:36:50.390+0000] {dagbag.py:538} INFO - Filling up the DagBag from /home/airflow/.local/lib/python3.8/site-packages/airflow/example_dags/example_python_decorator.py
[2025-11-16T20:36:50.416+0000] {processor.py:840} INFO - DAG(s) 'example_python_decorator' retrieved from /home/airflow/.local/lib/python3.8/site-packages/airflow/example_dags/example_python_decorator.py
[2025-11-16T20:36:50.452+0000] {logging_mixin.py:188} INFO - [2025-11-16T20:36:50.452+0000] {dag.py:3036} INFO - Sync 1 DAGs
[2025-11-16T20:36:50.470+0000] {logging_mixin.py:188} INFO - [2025-11-16T20:36:50.470+0000] {dag.py:3823} INFO - Setting next_dagrun for example_python_decorator to None, run_after=None
[2025-11-16T20:36:50.502+0000] {processor.py:183} INFO - Processing /home/airflow/.local/lib/python3.8/site-packages/airflow/example_dags/example_python_decorator.py took 0.118 seconds
[2025-11-16T20:37:21.436+0000] {processor.py:161} INFO - Started process (PID=2849) to work on /home/airflow/.local/lib/python3.8/site-packages/airflow/example_dags/example_python_decorator.py
[2025-11-16T20:37:21.438+0000] {processor.py:830} INFO - Processing file /home/airflow/.local/lib/python3.8/site-packages/airflow/example_dags/example_python_decorator.py for tasks to queue
[2025-11-16T20:37:21.439+0000] {logging_mixin.py:188} INFO - [2025-11-16T20:37:21.439+0000] {dagbag.py:538} INFO - Filling up the DagBag from /home/airflow/.local/lib/python3.8/site-packages/airflow/example_dags/example_python_decorator.py
[2025-11-16T20:37:21.473+0000] {processor.py:840} INFO - DAG(s) 'example_python_decorator' retrieved from /home/airflow/.local/lib/python3.8/site-packages/airflow/example_dags/example_python_decorator.py
[2025-11-16T20:37:21.537+0000] {logging_mixin.py:188} INFO - [2025-11-16T20:37:21.537+0000] {dag.py:3036} INFO - Sync 1 DAGs
[2025-11-16T20:37:21.581+0000] {logging_mixin.py:188} INFO - [2025-11-16T20:37:21.581+0000] {dag.py:3823} INFO - Setting next_dagrun for example_python_decorator to None, run_after=None
[2025-11-16T20:37:21.618+0000] {processor.py:183} INFO - Processing /home/airflow/.local/lib/python3.8/site-packages/airflow/example_dags/example_python_decorator.py took 0.190 seconds
[2025-11-16T20:37:52.017+0000] {processor.py:161} INFO - Started process (PID=2925) to work on /home/airflow/.local/lib/python3.8/site-packages/airflow/example_dags/example_python_decorator.py
[2025-11-16T20:37:52.018+0000] {processor.py:830} INFO - Processing file /home/airflow/.local/lib/python3.8/site-packages/airflow/example_dags/example_python_decorator.py for tasks to queue
[2025-11-16T20:37:52.020+0000] {logging_mixin.py:188} INFO - [2025-11-16T20:37:52.019+0000] {dagbag.py:538} INFO - Filling up the DagBag from /home/airflow/.local/lib/python3.8/site-packages/airflow/example_dags/example_python_decorator.py
[2025-11-16T20:37:52.036+0000] {processor.py:840} INFO - DAG(s) 'example_python_decorator' retrieved from /home/airflow/.local/lib/python3.8/site-packages/airflow/example_dags/example_python_decorator.py
[2025-11-16T20:37:52.070+0000] {logging_mixin.py:188} INFO - [2025-11-16T20:37:52.070+0000] {dag.py:3036} INFO - Sync 1 DAGs
[2025-11-16T20:37:52.083+0000] {logging_mixin.py:188} INFO - [2025-11-16T20:37:52.083+0000] {dag.py:3823} INFO - Setting next_dagrun for example_python_decorator to None, run_after=None
[2025-11-16T20:37:52.115+0000] {processor.py:183} INFO - Processing /home/airflow/.local/lib/python3.8/site-packages/airflow/example_dags/example_python_decorator.py took 0.100 seconds
[2025-11-16T20:38:23.253+0000] {processor.py:161} INFO - Started process (PID=3016) to work on /home/airflow/.local/lib/python3.8/site-packages/airflow/example_dags/example_python_decorator.py
[2025-11-16T20:38:23.254+0000] {processor.py:830} INFO - Processing file /home/airflow/.local/lib/python3.8/site-packages/airflow/example_dags/example_python_decorator.py for tasks to queue
[2025-11-16T20:38:23.257+0000] {logging_mixin.py:188} INFO - [2025-11-16T20:38:23.256+0000] {dagbag.py:538} INFO - Filling up the DagBag from /home/airflow/.local/lib/python3.8/site-packages/airflow/example_dags/example_python_decorator.py
[2025-11-16T20:38:23.281+0000] {processor.py:840} INFO - DAG(s) 'example_python_decorator' retrieved from /home/airflow/.local/lib/python3.8/site-packages/airflow/example_dags/example_python_decorator.py
[2025-11-16T20:38:23.316+0000] {logging_mixin.py:188} INFO - [2025-11-16T20:38:23.316+0000] {dag.py:3036} INFO - Sync 1 DAGs
[2025-11-16T20:38:23.332+0000] {logging_mixin.py:188} INFO - [2025-11-16T20:38:23.332+0000] {dag.py:3823} INFO - Setting next_dagrun for example_python_decorator to None, run_after=None
[2025-11-16T20:38:23.358+0000] {processor.py:183} INFO - Processing /home/airflow/.local/lib/python3.8/site-packages/airflow/example_dags/example_python_decorator.py took 0.110 seconds
[2025-11-16T20:38:53.515+0000] {processor.py:161} INFO - Started process (PID=3102) to work on /home/airflow/.local/lib/python3.8/site-packages/airflow/example_dags/example_python_decorator.py
[2025-11-16T20:38:53.516+0000] {processor.py:830} INFO - Processing file /home/airflow/.local/lib/python3.8/site-packages/airflow/example_dags/example_python_decorator.py for tasks to queue
[2025-11-16T20:38:53.517+0000] {logging_mixin.py:188} INFO - [2025-11-16T20:38:53.517+0000] {dagbag.py:538} INFO - Filling up the DagBag from /home/airflow/.local/lib/python3.8/site-packages/airflow/example_dags/example_python_decorator.py
[2025-11-16T20:38:53.535+0000] {processor.py:840} INFO - DAG(s) 'example_python_decorator' retrieved from /home/airflow/.local/lib/python3.8/site-packages/airflow/example_dags/example_python_decorator.py
[2025-11-16T20:38:53.574+0000] {logging_mixin.py:188} INFO - [2025-11-16T20:38:53.574+0000] {dag.py:3036} INFO - Sync 1 DAGs
[2025-11-16T20:38:53.831+0000] {logging_mixin.py:188} INFO - [2025-11-16T20:38:53.830+0000] {dag.py:3823} INFO - Setting next_dagrun for example_python_decorator to None, run_after=None
[2025-11-16T20:38:53.869+0000] {processor.py:183} INFO - Processing /home/airflow/.local/lib/python3.8/site-packages/airflow/example_dags/example_python_decorator.py took 0.360 seconds
[2025-11-16T20:39:24.615+0000] {processor.py:161} INFO - Started process (PID=3163) to work on /home/airflow/.local/lib/python3.8/site-packages/airflow/example_dags/example_python_decorator.py
[2025-11-16T20:39:24.616+0000] {processor.py:830} INFO - Processing file /home/airflow/.local/lib/python3.8/site-packages/airflow/example_dags/example_python_decorator.py for tasks to queue
[2025-11-16T20:39:24.618+0000] {logging_mixin.py:188} INFO - [2025-11-16T20:39:24.618+0000] {dagbag.py:538} INFO - Filling up the DagBag from /home/airflow/.local/lib/python3.8/site-packages/airflow/example_dags/example_python_decorator.py
[2025-11-16T20:39:24.639+0000] {processor.py:840} INFO - DAG(s) 'example_python_decorator' retrieved from /home/airflow/.local/lib/python3.8/site-packages/airflow/example_dags/example_python_decorator.py
[2025-11-16T20:39:24.684+0000] {logging_mixin.py:188} INFO - [2025-11-16T20:39:24.684+0000] {dag.py:3036} INFO - Sync 1 DAGs
[2025-11-16T20:39:24.713+0000] {logging_mixin.py:188} INFO - [2025-11-16T20:39:24.712+0000] {dag.py:3823} INFO - Setting next_dagrun for example_python_decorator to None, run_after=None
[2025-11-16T20:39:24.759+0000] {processor.py:183} INFO - Processing /home/airflow/.local/lib/python3.8/site-packages/airflow/example_dags/example_python_decorator.py took 0.149 seconds
[2025-11-16T20:39:56.040+0000] {processor.py:161} INFO - Started process (PID=3256) to work on /home/airflow/.local/lib/python3.8/site-packages/airflow/example_dags/example_python_decorator.py
[2025-11-16T20:39:56.041+0000] {processor.py:830} INFO - Processing file /home/airflow/.local/lib/python3.8/site-packages/airflow/example_dags/example_python_decorator.py for tasks to queue
[2025-11-16T20:39:56.044+0000] {logging_mixin.py:188} INFO - [2025-11-16T20:39:56.043+0000] {dagbag.py:538} INFO - Filling up the DagBag from /home/airflow/.local/lib/python3.8/site-packages/airflow/example_dags/example_python_decorator.py
[2025-11-16T20:39:56.069+0000] {processor.py:840} INFO - DAG(s) 'example_python_decorator' retrieved from /home/airflow/.local/lib/python3.8/site-packages/airflow/example_dags/example_python_decorator.py
[2025-11-16T20:39:56.129+0000] {logging_mixin.py:188} INFO - [2025-11-16T20:39:56.129+0000] {dag.py:3036} INFO - Sync 1 DAGs
[2025-11-16T20:39:56.148+0000] {logging_mixin.py:188} INFO - [2025-11-16T20:39:56.148+0000] {dag.py:3823} INFO - Setting next_dagrun for example_python_decorator to None, run_after=None
[2025-11-16T20:39:56.180+0000] {processor.py:183} INFO - Processing /home/airflow/.local/lib/python3.8/site-packages/airflow/example_dags/example_python_decorator.py took 0.147 seconds
[2025-11-16T20:42:16.250+0000] {processor.py:161} INFO - Started process (PID=107) to work on /home/airflow/.local/lib/python3.8/site-packages/airflow/example_dags/example_python_decorator.py
[2025-11-16T20:42:16.253+0000] {processor.py:830} INFO - Processing file /home/airflow/.local/lib/python3.8/site-packages/airflow/example_dags/example_python_decorator.py for tasks to queue
[2025-11-16T20:42:16.258+0000] {logging_mixin.py:188} INFO - [2025-11-16T20:42:16.255+0000] {dagbag.py:538} INFO - Filling up the DagBag from /home/airflow/.local/lib/python3.8/site-packages/airflow/example_dags/example_python_decorator.py
[2025-11-16T20:42:16.402+0000] {processor.py:840} INFO - DAG(s) 'example_python_decorator' retrieved from /home/airflow/.local/lib/python3.8/site-packages/airflow/example_dags/example_python_decorator.py
[2025-11-16T20:42:16.946+0000] {logging_mixin.py:188} INFO - [2025-11-16T20:42:16.946+0000] {dag.py:3036} INFO - Sync 1 DAGs
[2025-11-16T20:42:16.996+0000] {logging_mixin.py:188} INFO - [2025-11-16T20:42:16.995+0000] {dag.py:3823} INFO - Setting next_dagrun for example_python_decorator to None, run_after=None
[2025-11-16T20:42:17.033+0000] {processor.py:183} INFO - Processing /home/airflow/.local/lib/python3.8/site-packages/airflow/example_dags/example_python_decorator.py took 0.787 seconds
[2025-11-16T20:42:49.931+0000] {processor.py:161} INFO - Started process (PID=188) to work on /home/airflow/.local/lib/python3.8/site-packages/airflow/example_dags/example_python_decorator.py
[2025-11-16T20:42:49.933+0000] {processor.py:830} INFO - Processing file /home/airflow/.local/lib/python3.8/site-packages/airflow/example_dags/example_python_decorator.py for tasks to queue
[2025-11-16T20:42:49.936+0000] {logging_mixin.py:188} INFO - [2025-11-16T20:42:49.935+0000] {dagbag.py:538} INFO - Filling up the DagBag from /home/airflow/.local/lib/python3.8/site-packages/airflow/example_dags/example_python_decorator.py
[2025-11-16T20:42:49.963+0000] {processor.py:840} INFO - DAG(s) 'example_python_decorator' retrieved from /home/airflow/.local/lib/python3.8/site-packages/airflow/example_dags/example_python_decorator.py
[2025-11-16T20:42:50.000+0000] {logging_mixin.py:188} INFO - [2025-11-16T20:42:49.999+0000] {dag.py:3036} INFO - Sync 1 DAGs
[2025-11-16T20:42:50.023+0000] {logging_mixin.py:188} INFO - [2025-11-16T20:42:50.022+0000] {dag.py:3823} INFO - Setting next_dagrun for example_python_decorator to None, run_after=None
[2025-11-16T20:42:50.057+0000] {processor.py:183} INFO - Processing /home/airflow/.local/lib/python3.8/site-packages/airflow/example_dags/example_python_decorator.py took 0.137 seconds
[2025-11-16T20:43:20.560+0000] {processor.py:161} INFO - Started process (PID=262) to work on /home/airflow/.local/lib/python3.8/site-packages/airflow/example_dags/example_python_decorator.py
[2025-11-16T20:43:20.561+0000] {processor.py:830} INFO - Processing file /home/airflow/.local/lib/python3.8/site-packages/airflow/example_dags/example_python_decorator.py for tasks to queue
[2025-11-16T20:43:20.563+0000] {logging_mixin.py:188} INFO - [2025-11-16T20:43:20.563+0000] {dagbag.py:538} INFO - Filling up the DagBag from /home/airflow/.local/lib/python3.8/site-packages/airflow/example_dags/example_python_decorator.py
[2025-11-16T20:43:20.593+0000] {processor.py:840} INFO - DAG(s) 'example_python_decorator' retrieved from /home/airflow/.local/lib/python3.8/site-packages/airflow/example_dags/example_python_decorator.py
[2025-11-16T20:43:20.658+0000] {logging_mixin.py:188} INFO - [2025-11-16T20:43:20.658+0000] {dag.py:3036} INFO - Sync 1 DAGs
[2025-11-16T20:43:20.677+0000] {logging_mixin.py:188} INFO - [2025-11-16T20:43:20.676+0000] {dag.py:3823} INFO - Setting next_dagrun for example_python_decorator to None, run_after=None
[2025-11-16T20:43:20.716+0000] {processor.py:183} INFO - Processing /home/airflow/.local/lib/python3.8/site-packages/airflow/example_dags/example_python_decorator.py took 0.160 seconds
[2025-11-16T20:43:50.798+0000] {processor.py:161} INFO - Started process (PID=350) to work on /home/airflow/.local/lib/python3.8/site-packages/airflow/example_dags/example_python_decorator.py
[2025-11-16T20:43:50.798+0000] {processor.py:830} INFO - Processing file /home/airflow/.local/lib/python3.8/site-packages/airflow/example_dags/example_python_decorator.py for tasks to queue
[2025-11-16T20:43:50.799+0000] {logging_mixin.py:188} INFO - [2025-11-16T20:43:50.799+0000] {dagbag.py:538} INFO - Filling up the DagBag from /home/airflow/.local/lib/python3.8/site-packages/airflow/example_dags/example_python_decorator.py
[2025-11-16T20:43:50.811+0000] {processor.py:840} INFO - DAG(s) 'example_python_decorator' retrieved from /home/airflow/.local/lib/python3.8/site-packages/airflow/example_dags/example_python_decorator.py
[2025-11-16T20:43:50.839+0000] {logging_mixin.py:188} INFO - [2025-11-16T20:43:50.839+0000] {dag.py:3036} INFO - Sync 1 DAGs
[2025-11-16T20:43:50.850+0000] {logging_mixin.py:188} INFO - [2025-11-16T20:43:50.850+0000] {dag.py:3823} INFO - Setting next_dagrun for example_python_decorator to None, run_after=None
[2025-11-16T20:43:50.874+0000] {processor.py:183} INFO - Processing /home/airflow/.local/lib/python3.8/site-packages/airflow/example_dags/example_python_decorator.py took 0.079 seconds
[2025-11-16T20:44:21.032+0000] {processor.py:161} INFO - Started process (PID=431) to work on /home/airflow/.local/lib/python3.8/site-packages/airflow/example_dags/example_python_decorator.py
[2025-11-16T20:44:21.033+0000] {processor.py:830} INFO - Processing file /home/airflow/.local/lib/python3.8/site-packages/airflow/example_dags/example_python_decorator.py for tasks to queue
[2025-11-16T20:44:21.034+0000] {logging_mixin.py:188} INFO - [2025-11-16T20:44:21.034+0000] {dagbag.py:538} INFO - Filling up the DagBag from /home/airflow/.local/lib/python3.8/site-packages/airflow/example_dags/example_python_decorator.py
[2025-11-16T20:44:21.046+0000] {processor.py:840} INFO - DAG(s) 'example_python_decorator' retrieved from /home/airflow/.local/lib/python3.8/site-packages/airflow/example_dags/example_python_decorator.py
[2025-11-16T20:44:21.070+0000] {logging_mixin.py:188} INFO - [2025-11-16T20:44:21.069+0000] {dag.py:3036} INFO - Sync 1 DAGs
[2025-11-16T20:44:21.081+0000] {logging_mixin.py:188} INFO - [2025-11-16T20:44:21.080+0000] {dag.py:3823} INFO - Setting next_dagrun for example_python_decorator to None, run_after=None
[2025-11-16T20:44:21.101+0000] {processor.py:183} INFO - Processing /home/airflow/.local/lib/python3.8/site-packages/airflow/example_dags/example_python_decorator.py took 0.071 seconds
[2025-11-16T20:44:51.713+0000] {processor.py:161} INFO - Started process (PID=512) to work on /home/airflow/.local/lib/python3.8/site-packages/airflow/example_dags/example_python_decorator.py
[2025-11-16T20:44:51.714+0000] {processor.py:830} INFO - Processing file /home/airflow/.local/lib/python3.8/site-packages/airflow/example_dags/example_python_decorator.py for tasks to queue
[2025-11-16T20:44:51.716+0000] {logging_mixin.py:188} INFO - [2025-11-16T20:44:51.715+0000] {dagbag.py:538} INFO - Filling up the DagBag from /home/airflow/.local/lib/python3.8/site-packages/airflow/example_dags/example_python_decorator.py
[2025-11-16T20:44:51.728+0000] {processor.py:840} INFO - DAG(s) 'example_python_decorator' retrieved from /home/airflow/.local/lib/python3.8/site-packages/airflow/example_dags/example_python_decorator.py
[2025-11-16T20:44:51.758+0000] {logging_mixin.py:188} INFO - [2025-11-16T20:44:51.757+0000] {dag.py:3036} INFO - Sync 1 DAGs
[2025-11-16T20:44:51.770+0000] {logging_mixin.py:188} INFO - [2025-11-16T20:44:51.769+0000] {dag.py:3823} INFO - Setting next_dagrun for example_python_decorator to None, run_after=None
[2025-11-16T20:44:51.793+0000] {processor.py:183} INFO - Processing /home/airflow/.local/lib/python3.8/site-packages/airflow/example_dags/example_python_decorator.py took 0.083 seconds
[2025-11-16T20:45:22.426+0000] {processor.py:161} INFO - Started process (PID=610) to work on /home/airflow/.local/lib/python3.8/site-packages/airflow/example_dags/example_python_decorator.py
[2025-11-16T20:45:22.427+0000] {processor.py:830} INFO - Processing file /home/airflow/.local/lib/python3.8/site-packages/airflow/example_dags/example_python_decorator.py for tasks to queue
[2025-11-16T20:45:22.428+0000] {logging_mixin.py:188} INFO - [2025-11-16T20:45:22.428+0000] {dagbag.py:538} INFO - Filling up the DagBag from /home/airflow/.local/lib/python3.8/site-packages/airflow/example_dags/example_python_decorator.py
[2025-11-16T20:45:22.440+0000] {processor.py:840} INFO - DAG(s) 'example_python_decorator' retrieved from /home/airflow/.local/lib/python3.8/site-packages/airflow/example_dags/example_python_decorator.py
[2025-11-16T20:45:22.466+0000] {logging_mixin.py:188} INFO - [2025-11-16T20:45:22.466+0000] {dag.py:3036} INFO - Sync 1 DAGs
[2025-11-16T20:45:22.482+0000] {logging_mixin.py:188} INFO - [2025-11-16T20:45:22.482+0000] {dag.py:3823} INFO - Setting next_dagrun for example_python_decorator to None, run_after=None
[2025-11-16T20:45:22.504+0000] {processor.py:183} INFO - Processing /home/airflow/.local/lib/python3.8/site-packages/airflow/example_dags/example_python_decorator.py took 0.081 seconds
[2025-11-16T20:45:52.904+0000] {processor.py:161} INFO - Started process (PID=691) to work on /home/airflow/.local/lib/python3.8/site-packages/airflow/example_dags/example_python_decorator.py
[2025-11-16T20:45:52.905+0000] {processor.py:830} INFO - Processing file /home/airflow/.local/lib/python3.8/site-packages/airflow/example_dags/example_python_decorator.py for tasks to queue
[2025-11-16T20:45:52.906+0000] {logging_mixin.py:188} INFO - [2025-11-16T20:45:52.906+0000] {dagbag.py:538} INFO - Filling up the DagBag from /home/airflow/.local/lib/python3.8/site-packages/airflow/example_dags/example_python_decorator.py
[2025-11-16T20:45:52.918+0000] {processor.py:840} INFO - DAG(s) 'example_python_decorator' retrieved from /home/airflow/.local/lib/python3.8/site-packages/airflow/example_dags/example_python_decorator.py
[2025-11-16T20:45:52.942+0000] {logging_mixin.py:188} INFO - [2025-11-16T20:45:52.942+0000] {dag.py:3036} INFO - Sync 1 DAGs
[2025-11-16T20:45:52.953+0000] {logging_mixin.py:188} INFO - [2025-11-16T20:45:52.953+0000] {dag.py:3823} INFO - Setting next_dagrun for example_python_decorator to None, run_after=None
[2025-11-16T20:45:52.973+0000] {processor.py:183} INFO - Processing /home/airflow/.local/lib/python3.8/site-packages/airflow/example_dags/example_python_decorator.py took 0.072 seconds
[2025-11-16T20:46:23.281+0000] {processor.py:161} INFO - Started process (PID=787) to work on /home/airflow/.local/lib/python3.8/site-packages/airflow/example_dags/example_python_decorator.py
[2025-11-16T20:46:23.282+0000] {processor.py:830} INFO - Processing file /home/airflow/.local/lib/python3.8/site-packages/airflow/example_dags/example_python_decorator.py for tasks to queue
[2025-11-16T20:46:23.283+0000] {logging_mixin.py:188} INFO - [2025-11-16T20:46:23.283+0000] {dagbag.py:538} INFO - Filling up the DagBag from /home/airflow/.local/lib/python3.8/site-packages/airflow/example_dags/example_python_decorator.py
[2025-11-16T20:46:23.298+0000] {processor.py:840} INFO - DAG(s) 'example_python_decorator' retrieved from /home/airflow/.local/lib/python3.8/site-packages/airflow/example_dags/example_python_decorator.py
[2025-11-16T20:46:23.324+0000] {logging_mixin.py:188} INFO - [2025-11-16T20:46:23.324+0000] {dag.py:3036} INFO - Sync 1 DAGs
[2025-11-16T20:46:23.338+0000] {logging_mixin.py:188} INFO - [2025-11-16T20:46:23.337+0000] {dag.py:3823} INFO - Setting next_dagrun for example_python_decorator to None, run_after=None
[2025-11-16T20:46:23.363+0000] {processor.py:183} INFO - Processing /home/airflow/.local/lib/python3.8/site-packages/airflow/example_dags/example_python_decorator.py took 0.085 seconds
[2025-11-16T20:46:53.737+0000] {processor.py:161} INFO - Started process (PID=868) to work on /home/airflow/.local/lib/python3.8/site-packages/airflow/example_dags/example_python_decorator.py
[2025-11-16T20:46:53.737+0000] {processor.py:830} INFO - Processing file /home/airflow/.local/lib/python3.8/site-packages/airflow/example_dags/example_python_decorator.py for tasks to queue
[2025-11-16T20:46:53.738+0000] {logging_mixin.py:188} INFO - [2025-11-16T20:46:53.738+0000] {dagbag.py:538} INFO - Filling up the DagBag from /home/airflow/.local/lib/python3.8/site-packages/airflow/example_dags/example_python_decorator.py
[2025-11-16T20:46:53.752+0000] {processor.py:840} INFO - DAG(s) 'example_python_decorator' retrieved from /home/airflow/.local/lib/python3.8/site-packages/airflow/example_dags/example_python_decorator.py
[2025-11-16T20:46:53.778+0000] {logging_mixin.py:188} INFO - [2025-11-16T20:46:53.777+0000] {dag.py:3036} INFO - Sync 1 DAGs
[2025-11-16T20:46:53.789+0000] {logging_mixin.py:188} INFO - [2025-11-16T20:46:53.789+0000] {dag.py:3823} INFO - Setting next_dagrun for example_python_decorator to None, run_after=None
[2025-11-16T20:46:53.811+0000] {processor.py:183} INFO - Processing /home/airflow/.local/lib/python3.8/site-packages/airflow/example_dags/example_python_decorator.py took 0.078 seconds
[2025-11-16T20:47:24.080+0000] {processor.py:161} INFO - Started process (PID=949) to work on /home/airflow/.local/lib/python3.8/site-packages/airflow/example_dags/example_python_decorator.py
[2025-11-16T20:47:24.081+0000] {processor.py:830} INFO - Processing file /home/airflow/.local/lib/python3.8/site-packages/airflow/example_dags/example_python_decorator.py for tasks to queue
[2025-11-16T20:47:24.081+0000] {logging_mixin.py:188} INFO - [2025-11-16T20:47:24.081+0000] {dagbag.py:538} INFO - Filling up the DagBag from /home/airflow/.local/lib/python3.8/site-packages/airflow/example_dags/example_python_decorator.py
[2025-11-16T20:47:24.093+0000] {processor.py:840} INFO - DAG(s) 'example_python_decorator' retrieved from /home/airflow/.local/lib/python3.8/site-packages/airflow/example_dags/example_python_decorator.py
[2025-11-16T20:47:24.117+0000] {logging_mixin.py:188} INFO - [2025-11-16T20:47:24.117+0000] {dag.py:3036} INFO - Sync 1 DAGs
[2025-11-16T20:47:24.128+0000] {logging_mixin.py:188} INFO - [2025-11-16T20:47:24.128+0000] {dag.py:3823} INFO - Setting next_dagrun for example_python_decorator to None, run_after=None
[2025-11-16T20:47:24.152+0000] {processor.py:183} INFO - Processing /home/airflow/.local/lib/python3.8/site-packages/airflow/example_dags/example_python_decorator.py took 0.075 seconds
[2025-11-16T20:47:54.227+0000] {processor.py:161} INFO - Started process (PID=1045) to work on /home/airflow/.local/lib/python3.8/site-packages/airflow/example_dags/example_python_decorator.py
[2025-11-16T20:47:54.228+0000] {processor.py:830} INFO - Processing file /home/airflow/.local/lib/python3.8/site-packages/airflow/example_dags/example_python_decorator.py for tasks to queue
[2025-11-16T20:47:54.231+0000] {logging_mixin.py:188} INFO - [2025-11-16T20:47:54.230+0000] {dagbag.py:538} INFO - Filling up the DagBag from /home/airflow/.local/lib/python3.8/site-packages/airflow/example_dags/example_python_decorator.py
[2025-11-16T20:47:54.244+0000] {processor.py:840} INFO - DAG(s) 'example_python_decorator' retrieved from /home/airflow/.local/lib/python3.8/site-packages/airflow/example_dags/example_python_decorator.py
[2025-11-16T20:47:54.269+0000] {logging_mixin.py:188} INFO - [2025-11-16T20:47:54.268+0000] {dag.py:3036} INFO - Sync 1 DAGs
[2025-11-16T20:47:54.281+0000] {logging_mixin.py:188} INFO - [2025-11-16T20:47:54.281+0000] {dag.py:3823} INFO - Setting next_dagrun for example_python_decorator to None, run_after=None
[2025-11-16T20:47:54.305+0000] {processor.py:183} INFO - Processing /home/airflow/.local/lib/python3.8/site-packages/airflow/example_dags/example_python_decorator.py took 0.081 seconds
[2025-11-16T20:48:24.410+0000] {processor.py:161} INFO - Started process (PID=1125) to work on /home/airflow/.local/lib/python3.8/site-packages/airflow/example_dags/example_python_decorator.py
[2025-11-16T20:48:24.411+0000] {processor.py:830} INFO - Processing file /home/airflow/.local/lib/python3.8/site-packages/airflow/example_dags/example_python_decorator.py for tasks to queue
[2025-11-16T20:48:24.412+0000] {logging_mixin.py:188} INFO - [2025-11-16T20:48:24.412+0000] {dagbag.py:538} INFO - Filling up the DagBag from /home/airflow/.local/lib/python3.8/site-packages/airflow/example_dags/example_python_decorator.py
[2025-11-16T20:48:24.425+0000] {processor.py:840} INFO - DAG(s) 'example_python_decorator' retrieved from /home/airflow/.local/lib/python3.8/site-packages/airflow/example_dags/example_python_decorator.py
[2025-11-16T20:48:24.449+0000] {logging_mixin.py:188} INFO - [2025-11-16T20:48:24.449+0000] {dag.py:3036} INFO - Sync 1 DAGs
[2025-11-16T20:48:24.460+0000] {logging_mixin.py:188} INFO - [2025-11-16T20:48:24.460+0000] {dag.py:3823} INFO - Setting next_dagrun for example_python_decorator to None, run_after=None
[2025-11-16T20:48:24.488+0000] {processor.py:183} INFO - Processing /home/airflow/.local/lib/python3.8/site-packages/airflow/example_dags/example_python_decorator.py took 0.081 seconds
[2025-11-16T20:48:55.052+0000] {processor.py:161} INFO - Started process (PID=1206) to work on /home/airflow/.local/lib/python3.8/site-packages/airflow/example_dags/example_python_decorator.py
[2025-11-16T20:48:55.053+0000] {processor.py:830} INFO - Processing file /home/airflow/.local/lib/python3.8/site-packages/airflow/example_dags/example_python_decorator.py for tasks to queue
[2025-11-16T20:48:55.055+0000] {logging_mixin.py:188} INFO - [2025-11-16T20:48:55.054+0000] {dagbag.py:538} INFO - Filling up the DagBag from /home/airflow/.local/lib/python3.8/site-packages/airflow/example_dags/example_python_decorator.py
[2025-11-16T20:48:55.077+0000] {processor.py:840} INFO - DAG(s) 'example_python_decorator' retrieved from /home/airflow/.local/lib/python3.8/site-packages/airflow/example_dags/example_python_decorator.py
[2025-11-16T20:48:55.120+0000] {logging_mixin.py:188} INFO - [2025-11-16T20:48:55.119+0000] {dag.py:3036} INFO - Sync 1 DAGs
[2025-11-16T20:48:55.139+0000] {logging_mixin.py:188} INFO - [2025-11-16T20:48:55.137+0000] {dag.py:3823} INFO - Setting next_dagrun for example_python_decorator to None, run_after=None
[2025-11-16T20:48:55.174+0000] {processor.py:183} INFO - Processing /home/airflow/.local/lib/python3.8/site-packages/airflow/example_dags/example_python_decorator.py took 0.129 seconds
[2025-11-16T20:49:25.352+0000] {processor.py:161} INFO - Started process (PID=1280) to work on /home/airflow/.local/lib/python3.8/site-packages/airflow/example_dags/example_python_decorator.py
[2025-11-16T20:49:25.355+0000] {processor.py:830} INFO - Processing file /home/airflow/.local/lib/python3.8/site-packages/airflow/example_dags/example_python_decorator.py for tasks to queue
[2025-11-16T20:49:25.359+0000] {logging_mixin.py:188} INFO - [2025-11-16T20:49:25.358+0000] {dagbag.py:538} INFO - Filling up the DagBag from /home/airflow/.local/lib/python3.8/site-packages/airflow/example_dags/example_python_decorator.py
[2025-11-16T20:49:25.394+0000] {processor.py:840} INFO - DAG(s) 'example_python_decorator' retrieved from /home/airflow/.local/lib/python3.8/site-packages/airflow/example_dags/example_python_decorator.py
[2025-11-16T20:49:25.440+0000] {logging_mixin.py:188} INFO - [2025-11-16T20:49:25.440+0000] {dag.py:3036} INFO - Sync 1 DAGs
[2025-11-16T20:49:25.469+0000] {logging_mixin.py:188} INFO - [2025-11-16T20:49:25.468+0000] {dag.py:3823} INFO - Setting next_dagrun for example_python_decorator to None, run_after=None
[2025-11-16T20:49:25.514+0000] {processor.py:183} INFO - Processing /home/airflow/.local/lib/python3.8/site-packages/airflow/example_dags/example_python_decorator.py took 0.172 seconds
[2025-11-16T20:50:06.417+0000] {processor.py:161} INFO - Started process (PID=1334) to work on /home/airflow/.local/lib/python3.8/site-packages/airflow/example_dags/example_python_decorator.py
[2025-11-16T20:50:06.418+0000] {processor.py:830} INFO - Processing file /home/airflow/.local/lib/python3.8/site-packages/airflow/example_dags/example_python_decorator.py for tasks to queue
[2025-11-16T20:50:06.420+0000] {logging_mixin.py:188} INFO - [2025-11-16T20:50:06.420+0000] {dagbag.py:538} INFO - Filling up the DagBag from /home/airflow/.local/lib/python3.8/site-packages/airflow/example_dags/example_python_decorator.py
[2025-11-16T20:50:06.444+0000] {processor.py:840} INFO - DAG(s) 'example_python_decorator' retrieved from /home/airflow/.local/lib/python3.8/site-packages/airflow/example_dags/example_python_decorator.py
[2025-11-16T20:50:06.509+0000] {logging_mixin.py:188} INFO - [2025-11-16T20:50:06.508+0000] {dag.py:3036} INFO - Sync 1 DAGs
[2025-11-16T20:50:06.534+0000] {logging_mixin.py:188} INFO - [2025-11-16T20:50:06.534+0000] {dag.py:3823} INFO - Setting next_dagrun for example_python_decorator to None, run_after=None
[2025-11-16T20:50:06.578+0000] {processor.py:183} INFO - Processing /home/airflow/.local/lib/python3.8/site-packages/airflow/example_dags/example_python_decorator.py took 0.167 seconds
[2025-11-16T23:16:07.161+0000] {processor.py:161} INFO - Started process (PID=1384) to work on /home/airflow/.local/lib/python3.8/site-packages/airflow/example_dags/example_python_decorator.py
[2025-11-16T23:16:07.167+0000] {processor.py:830} INFO - Processing file /home/airflow/.local/lib/python3.8/site-packages/airflow/example_dags/example_python_decorator.py for tasks to queue
[2025-11-16T23:16:07.192+0000] {logging_mixin.py:188} INFO - [2025-11-16T23:16:07.189+0000] {dagbag.py:538} INFO - Filling up the DagBag from /home/airflow/.local/lib/python3.8/site-packages/airflow/example_dags/example_python_decorator.py
[2025-11-16T23:16:07.656+0000] {processor.py:840} INFO - DAG(s) 'example_python_decorator' retrieved from /home/airflow/.local/lib/python3.8/site-packages/airflow/example_dags/example_python_decorator.py
[2025-11-16T23:16:08.258+0000] {logging_mixin.py:188} INFO - [2025-11-16T23:16:08.257+0000] {dag.py:3036} INFO - Sync 1 DAGs
[2025-11-16T23:16:08.405+0000] {logging_mixin.py:188} INFO - [2025-11-16T23:16:08.404+0000] {dag.py:3823} INFO - Setting next_dagrun for example_python_decorator to None, run_after=None
[2025-11-16T23:16:08.499+0000] {processor.py:183} INFO - Processing /home/airflow/.local/lib/python3.8/site-packages/airflow/example_dags/example_python_decorator.py took 1.394 seconds
[2025-11-16T23:16:44.289+0000] {processor.py:161} INFO - Started process (PID=1464) to work on /home/airflow/.local/lib/python3.8/site-packages/airflow/example_dags/example_python_decorator.py
[2025-11-16T23:16:44.290+0000] {processor.py:830} INFO - Processing file /home/airflow/.local/lib/python3.8/site-packages/airflow/example_dags/example_python_decorator.py for tasks to queue
[2025-11-16T23:16:44.291+0000] {logging_mixin.py:188} INFO - [2025-11-16T23:16:44.291+0000] {dagbag.py:538} INFO - Filling up the DagBag from /home/airflow/.local/lib/python3.8/site-packages/airflow/example_dags/example_python_decorator.py
[2025-11-16T23:16:44.321+0000] {processor.py:840} INFO - DAG(s) 'example_python_decorator' retrieved from /home/airflow/.local/lib/python3.8/site-packages/airflow/example_dags/example_python_decorator.py
[2025-11-16T23:16:44.379+0000] {logging_mixin.py:188} INFO - [2025-11-16T23:16:44.379+0000] {dag.py:3036} INFO - Sync 1 DAGs
[2025-11-16T23:16:44.412+0000] {logging_mixin.py:188} INFO - [2025-11-16T23:16:44.411+0000] {dag.py:3823} INFO - Setting next_dagrun for example_python_decorator to None, run_after=None
[2025-11-16T23:16:44.452+0000] {processor.py:183} INFO - Processing /home/airflow/.local/lib/python3.8/site-packages/airflow/example_dags/example_python_decorator.py took 0.168 seconds
[2025-11-16T23:17:14.867+0000] {processor.py:161} INFO - Started process (PID=1538) to work on /home/airflow/.local/lib/python3.8/site-packages/airflow/example_dags/example_python_decorator.py
[2025-11-16T23:17:15.238+0000] {processor.py:830} INFO - Processing file /home/airflow/.local/lib/python3.8/site-packages/airflow/example_dags/example_python_decorator.py for tasks to queue
[2025-11-16T23:17:15.240+0000] {logging_mixin.py:188} INFO - [2025-11-16T23:17:15.239+0000] {dagbag.py:538} INFO - Filling up the DagBag from /home/airflow/.local/lib/python3.8/site-packages/airflow/example_dags/example_python_decorator.py
[2025-11-16T23:17:15.260+0000] {processor.py:840} INFO - DAG(s) 'example_python_decorator' retrieved from /home/airflow/.local/lib/python3.8/site-packages/airflow/example_dags/example_python_decorator.py
[2025-11-16T23:17:15.295+0000] {logging_mixin.py:188} INFO - [2025-11-16T23:17:15.295+0000] {dag.py:3036} INFO - Sync 1 DAGs
[2025-11-16T23:17:15.313+0000] {logging_mixin.py:188} INFO - [2025-11-16T23:17:15.313+0000] {dag.py:3823} INFO - Setting next_dagrun for example_python_decorator to None, run_after=None
[2025-11-16T23:17:15.552+0000] {processor.py:183} INFO - Processing /home/airflow/.local/lib/python3.8/site-packages/airflow/example_dags/example_python_decorator.py took 0.690 seconds
[2025-11-16T23:17:53.370+0000] {processor.py:161} INFO - Started process (PID=1613) to work on /home/airflow/.local/lib/python3.8/site-packages/airflow/example_dags/example_python_decorator.py
[2025-11-16T23:17:53.374+0000] {processor.py:830} INFO - Processing file /home/airflow/.local/lib/python3.8/site-packages/airflow/example_dags/example_python_decorator.py for tasks to queue
[2025-11-16T23:17:53.376+0000] {logging_mixin.py:188} INFO - [2025-11-16T23:17:53.375+0000] {dagbag.py:538} INFO - Filling up the DagBag from /home/airflow/.local/lib/python3.8/site-packages/airflow/example_dags/example_python_decorator.py
[2025-11-16T23:17:53.410+0000] {processor.py:840} INFO - DAG(s) 'example_python_decorator' retrieved from /home/airflow/.local/lib/python3.8/site-packages/airflow/example_dags/example_python_decorator.py
[2025-11-16T23:17:53.466+0000] {logging_mixin.py:188} INFO - [2025-11-16T23:17:53.465+0000] {dag.py:3036} INFO - Sync 1 DAGs
[2025-11-16T23:17:53.491+0000] {logging_mixin.py:188} INFO - [2025-11-16T23:17:53.491+0000] {dag.py:3823} INFO - Setting next_dagrun for example_python_decorator to None, run_after=None
[2025-11-16T23:17:53.536+0000] {processor.py:183} INFO - Processing /home/airflow/.local/lib/python3.8/site-packages/airflow/example_dags/example_python_decorator.py took 0.171 seconds
[2025-11-16T23:18:24.421+0000] {processor.py:161} INFO - Started process (PID=1703) to work on /home/airflow/.local/lib/python3.8/site-packages/airflow/example_dags/example_python_decorator.py
[2025-11-16T23:18:24.422+0000] {processor.py:830} INFO - Processing file /home/airflow/.local/lib/python3.8/site-packages/airflow/example_dags/example_python_decorator.py for tasks to queue
[2025-11-16T23:18:24.423+0000] {logging_mixin.py:188} INFO - [2025-11-16T23:18:24.423+0000] {dagbag.py:538} INFO - Filling up the DagBag from /home/airflow/.local/lib/python3.8/site-packages/airflow/example_dags/example_python_decorator.py
[2025-11-16T23:18:24.443+0000] {processor.py:840} INFO - DAG(s) 'example_python_decorator' retrieved from /home/airflow/.local/lib/python3.8/site-packages/airflow/example_dags/example_python_decorator.py
[2025-11-16T23:18:24.486+0000] {logging_mixin.py:188} INFO - [2025-11-16T23:18:24.485+0000] {dag.py:3036} INFO - Sync 1 DAGs
[2025-11-16T23:18:24.507+0000] {logging_mixin.py:188} INFO - [2025-11-16T23:18:24.507+0000] {dag.py:3823} INFO - Setting next_dagrun for example_python_decorator to None, run_after=None
[2025-11-16T23:18:24.541+0000] {processor.py:183} INFO - Processing /home/airflow/.local/lib/python3.8/site-packages/airflow/example_dags/example_python_decorator.py took 0.123 seconds
[2025-11-16T23:18:56.240+0000] {processor.py:161} INFO - Started process (PID=1768) to work on /home/airflow/.local/lib/python3.8/site-packages/airflow/example_dags/example_python_decorator.py
[2025-11-16T23:18:56.241+0000] {processor.py:830} INFO - Processing file /home/airflow/.local/lib/python3.8/site-packages/airflow/example_dags/example_python_decorator.py for tasks to queue
[2025-11-16T23:18:56.242+0000] {logging_mixin.py:188} INFO - [2025-11-16T23:18:56.242+0000] {dagbag.py:538} INFO - Filling up the DagBag from /home/airflow/.local/lib/python3.8/site-packages/airflow/example_dags/example_python_decorator.py
[2025-11-16T23:18:56.273+0000] {processor.py:840} INFO - DAG(s) 'example_python_decorator' retrieved from /home/airflow/.local/lib/python3.8/site-packages/airflow/example_dags/example_python_decorator.py
[2025-11-16T23:18:56.312+0000] {logging_mixin.py:188} INFO - [2025-11-16T23:18:56.312+0000] {dag.py:3036} INFO - Sync 1 DAGs
[2025-11-16T23:18:56.341+0000] {logging_mixin.py:188} INFO - [2025-11-16T23:18:56.341+0000] {dag.py:3823} INFO - Setting next_dagrun for example_python_decorator to None, run_after=None
[2025-11-16T23:18:56.387+0000] {processor.py:183} INFO - Processing /home/airflow/.local/lib/python3.8/site-packages/airflow/example_dags/example_python_decorator.py took 0.153 seconds
[2025-11-16T23:19:27.371+0000] {processor.py:161} INFO - Started process (PID=1856) to work on /home/airflow/.local/lib/python3.8/site-packages/airflow/example_dags/example_python_decorator.py
[2025-11-16T23:19:27.373+0000] {processor.py:830} INFO - Processing file /home/airflow/.local/lib/python3.8/site-packages/airflow/example_dags/example_python_decorator.py for tasks to queue
[2025-11-16T23:19:27.374+0000] {logging_mixin.py:188} INFO - [2025-11-16T23:19:27.374+0000] {dagbag.py:538} INFO - Filling up the DagBag from /home/airflow/.local/lib/python3.8/site-packages/airflow/example_dags/example_python_decorator.py
[2025-11-16T23:19:27.410+0000] {processor.py:840} INFO - DAG(s) 'example_python_decorator' retrieved from /home/airflow/.local/lib/python3.8/site-packages/airflow/example_dags/example_python_decorator.py
[2025-11-16T23:19:27.470+0000] {logging_mixin.py:188} INFO - [2025-11-16T23:19:27.470+0000] {dag.py:3036} INFO - Sync 1 DAGs
[2025-11-16T23:19:27.506+0000] {logging_mixin.py:188} INFO - [2025-11-16T23:19:27.500+0000] {dag.py:3823} INFO - Setting next_dagrun for example_python_decorator to None, run_after=None
[2025-11-16T23:19:27.565+0000] {processor.py:183} INFO - Processing /home/airflow/.local/lib/python3.8/site-packages/airflow/example_dags/example_python_decorator.py took 0.206 seconds
