[2025-11-16T20:20:27.336+0000] {processor.py:161} INFO - Started process (PID=144) to work on /home/airflow/.local/lib/python3.8/site-packages/airflow/example_dags/example_nested_branch_dag.py
[2025-11-16T20:20:27.337+0000] {processor.py:830} INFO - Processing file /home/airflow/.local/lib/python3.8/site-packages/airflow/example_dags/example_nested_branch_dag.py for tasks to queue
[2025-11-16T20:20:27.339+0000] {logging_mixin.py:188} INFO - [2025-11-16T20:20:27.339+0000] {dagbag.py:538} INFO - Filling up the DagBag from /home/airflow/.local/lib/python3.8/site-packages/airflow/example_dags/example_nested_branch_dag.py
[2025-11-16T20:20:27.371+0000] {processor.py:840} INFO - DAG(s) 'example_nested_branch_dag' retrieved from /home/airflow/.local/lib/python3.8/site-packages/airflow/example_dags/example_nested_branch_dag.py
[2025-11-16T20:20:27.587+0000] {logging_mixin.py:188} INFO - [2025-11-16T20:20:27.586+0000] {override.py:1769} INFO - Created Permission View: can edit on DAG:example_nested_branch_dag
[2025-11-16T20:20:27.614+0000] {logging_mixin.py:188} INFO - [2025-11-16T20:20:27.613+0000] {override.py:1769} INFO - Created Permission View: can read on DAG:example_nested_branch_dag
[2025-11-16T20:20:27.631+0000] {logging_mixin.py:188} INFO - [2025-11-16T20:20:27.631+0000] {override.py:1769} INFO - Created Permission View: can delete on DAG:example_nested_branch_dag
[2025-11-16T20:20:27.633+0000] {logging_mixin.py:188} INFO - [2025-11-16T20:20:27.632+0000] {dag.py:3036} INFO - Sync 1 DAGs
[2025-11-16T20:20:27.659+0000] {logging_mixin.py:188} INFO - [2025-11-16T20:20:27.659+0000] {dag.py:3058} INFO - Creating ORM DAG for example_nested_branch_dag
[2025-11-16T20:20:27.693+0000] {logging_mixin.py:188} INFO - [2025-11-16T20:20:27.692+0000] {dag.py:3823} INFO - Setting next_dagrun for example_nested_branch_dag to 2025-11-15 00:00:00+00:00, run_after=2025-11-16 00:00:00+00:00
[2025-11-16T20:20:27.731+0000] {processor.py:183} INFO - Processing /home/airflow/.local/lib/python3.8/site-packages/airflow/example_dags/example_nested_branch_dag.py took 0.401 seconds
[2025-11-16T20:20:58.578+0000] {processor.py:161} INFO - Started process (PID=225) to work on /home/airflow/.local/lib/python3.8/site-packages/airflow/example_dags/example_nested_branch_dag.py
[2025-11-16T20:20:58.580+0000] {processor.py:830} INFO - Processing file /home/airflow/.local/lib/python3.8/site-packages/airflow/example_dags/example_nested_branch_dag.py for tasks to queue
[2025-11-16T20:20:58.581+0000] {logging_mixin.py:188} INFO - [2025-11-16T20:20:58.581+0000] {dagbag.py:538} INFO - Filling up the DagBag from /home/airflow/.local/lib/python3.8/site-packages/airflow/example_dags/example_nested_branch_dag.py
[2025-11-16T20:20:58.594+0000] {processor.py:840} INFO - DAG(s) 'example_nested_branch_dag' retrieved from /home/airflow/.local/lib/python3.8/site-packages/airflow/example_dags/example_nested_branch_dag.py
[2025-11-16T20:20:58.630+0000] {logging_mixin.py:188} INFO - [2025-11-16T20:20:58.630+0000] {dag.py:3036} INFO - Sync 1 DAGs
[2025-11-16T20:20:58.667+0000] {logging_mixin.py:188} INFO - [2025-11-16T20:20:58.667+0000] {dag.py:3823} INFO - Setting next_dagrun for example_nested_branch_dag to 2025-11-15 00:00:00+00:00, run_after=2025-11-16 00:00:00+00:00
[2025-11-16T20:20:58.871+0000] {processor.py:183} INFO - Processing /home/airflow/.local/lib/python3.8/site-packages/airflow/example_dags/example_nested_branch_dag.py took 0.297 seconds
[2025-11-16T20:21:29.124+0000] {processor.py:161} INFO - Started process (PID=291) to work on /home/airflow/.local/lib/python3.8/site-packages/airflow/example_dags/example_nested_branch_dag.py
[2025-11-16T20:21:29.125+0000] {processor.py:830} INFO - Processing file /home/airflow/.local/lib/python3.8/site-packages/airflow/example_dags/example_nested_branch_dag.py for tasks to queue
[2025-11-16T20:21:29.127+0000] {logging_mixin.py:188} INFO - [2025-11-16T20:21:29.126+0000] {dagbag.py:538} INFO - Filling up the DagBag from /home/airflow/.local/lib/python3.8/site-packages/airflow/example_dags/example_nested_branch_dag.py
[2025-11-16T20:21:29.141+0000] {processor.py:840} INFO - DAG(s) 'example_nested_branch_dag' retrieved from /home/airflow/.local/lib/python3.8/site-packages/airflow/example_dags/example_nested_branch_dag.py
[2025-11-16T20:21:29.175+0000] {logging_mixin.py:188} INFO - [2025-11-16T20:21:29.175+0000] {dag.py:3036} INFO - Sync 1 DAGs
[2025-11-16T20:21:29.215+0000] {logging_mixin.py:188} INFO - [2025-11-16T20:21:29.215+0000] {dag.py:3823} INFO - Setting next_dagrun for example_nested_branch_dag to 2025-11-15 00:00:00+00:00, run_after=2025-11-16 00:00:00+00:00
[2025-11-16T20:21:29.248+0000] {processor.py:183} INFO - Processing /home/airflow/.local/lib/python3.8/site-packages/airflow/example_dags/example_nested_branch_dag.py took 0.128 seconds
[2025-11-16T20:21:59.692+0000] {processor.py:161} INFO - Started process (PID=378) to work on /home/airflow/.local/lib/python3.8/site-packages/airflow/example_dags/example_nested_branch_dag.py
[2025-11-16T20:21:59.693+0000] {processor.py:830} INFO - Processing file /home/airflow/.local/lib/python3.8/site-packages/airflow/example_dags/example_nested_branch_dag.py for tasks to queue
[2025-11-16T20:21:59.695+0000] {logging_mixin.py:188} INFO - [2025-11-16T20:21:59.694+0000] {dagbag.py:538} INFO - Filling up the DagBag from /home/airflow/.local/lib/python3.8/site-packages/airflow/example_dags/example_nested_branch_dag.py
[2025-11-16T20:21:59.708+0000] {processor.py:840} INFO - DAG(s) 'example_nested_branch_dag' retrieved from /home/airflow/.local/lib/python3.8/site-packages/airflow/example_dags/example_nested_branch_dag.py
[2025-11-16T20:21:59.743+0000] {logging_mixin.py:188} INFO - [2025-11-16T20:21:59.742+0000] {dag.py:3036} INFO - Sync 1 DAGs
[2025-11-16T20:21:59.768+0000] {logging_mixin.py:188} INFO - [2025-11-16T20:21:59.767+0000] {dag.py:3823} INFO - Setting next_dagrun for example_nested_branch_dag to 2025-11-15 00:00:00+00:00, run_after=2025-11-16 00:00:00+00:00
[2025-11-16T20:21:59.797+0000] {processor.py:183} INFO - Processing /home/airflow/.local/lib/python3.8/site-packages/airflow/example_dags/example_nested_branch_dag.py took 0.108 seconds
[2025-11-16T20:22:31.416+0000] {processor.py:161} INFO - Started process (PID=466) to work on /home/airflow/.local/lib/python3.8/site-packages/airflow/example_dags/example_nested_branch_dag.py
[2025-11-16T20:22:31.417+0000] {processor.py:830} INFO - Processing file /home/airflow/.local/lib/python3.8/site-packages/airflow/example_dags/example_nested_branch_dag.py for tasks to queue
[2025-11-16T20:22:31.420+0000] {logging_mixin.py:188} INFO - [2025-11-16T20:22:31.419+0000] {dagbag.py:538} INFO - Filling up the DagBag from /home/airflow/.local/lib/python3.8/site-packages/airflow/example_dags/example_nested_branch_dag.py
[2025-11-16T20:22:31.443+0000] {processor.py:840} INFO - DAG(s) 'example_nested_branch_dag' retrieved from /home/airflow/.local/lib/python3.8/site-packages/airflow/example_dags/example_nested_branch_dag.py
[2025-11-16T20:22:31.491+0000] {logging_mixin.py:188} INFO - [2025-11-16T20:22:31.490+0000] {dag.py:3036} INFO - Sync 1 DAGs
[2025-11-16T20:22:31.560+0000] {logging_mixin.py:188} INFO - [2025-11-16T20:22:31.559+0000] {dag.py:3823} INFO - Setting next_dagrun for example_nested_branch_dag to 2025-11-15 00:00:00+00:00, run_after=2025-11-16 00:00:00+00:00
[2025-11-16T20:22:31.616+0000] {processor.py:183} INFO - Processing /home/airflow/.local/lib/python3.8/site-packages/airflow/example_dags/example_nested_branch_dag.py took 0.207 seconds
[2025-11-16T20:23:01.920+0000] {processor.py:161} INFO - Started process (PID=544) to work on /home/airflow/.local/lib/python3.8/site-packages/airflow/example_dags/example_nested_branch_dag.py
[2025-11-16T20:23:01.922+0000] {processor.py:830} INFO - Processing file /home/airflow/.local/lib/python3.8/site-packages/airflow/example_dags/example_nested_branch_dag.py for tasks to queue
[2025-11-16T20:23:01.923+0000] {logging_mixin.py:188} INFO - [2025-11-16T20:23:01.923+0000] {dagbag.py:538} INFO - Filling up the DagBag from /home/airflow/.local/lib/python3.8/site-packages/airflow/example_dags/example_nested_branch_dag.py
[2025-11-16T20:23:01.933+0000] {processor.py:840} INFO - DAG(s) 'example_nested_branch_dag' retrieved from /home/airflow/.local/lib/python3.8/site-packages/airflow/example_dags/example_nested_branch_dag.py
[2025-11-16T20:23:01.957+0000] {logging_mixin.py:188} INFO - [2025-11-16T20:23:01.957+0000] {dag.py:3036} INFO - Sync 1 DAGs
[2025-11-16T20:23:01.978+0000] {logging_mixin.py:188} INFO - [2025-11-16T20:23:01.978+0000] {dag.py:3823} INFO - Setting next_dagrun for example_nested_branch_dag to 2025-11-15 00:00:00+00:00, run_after=2025-11-16 00:00:00+00:00
[2025-11-16T20:23:02.019+0000] {processor.py:183} INFO - Processing /home/airflow/.local/lib/python3.8/site-packages/airflow/example_dags/example_nested_branch_dag.py took 0.101 seconds
[2025-11-16T20:23:32.133+0000] {processor.py:161} INFO - Started process (PID=625) to work on /home/airflow/.local/lib/python3.8/site-packages/airflow/example_dags/example_nested_branch_dag.py
[2025-11-16T20:23:32.134+0000] {processor.py:830} INFO - Processing file /home/airflow/.local/lib/python3.8/site-packages/airflow/example_dags/example_nested_branch_dag.py for tasks to queue
[2025-11-16T20:23:32.135+0000] {logging_mixin.py:188} INFO - [2025-11-16T20:23:32.135+0000] {dagbag.py:538} INFO - Filling up the DagBag from /home/airflow/.local/lib/python3.8/site-packages/airflow/example_dags/example_nested_branch_dag.py
[2025-11-16T20:23:32.145+0000] {processor.py:840} INFO - DAG(s) 'example_nested_branch_dag' retrieved from /home/airflow/.local/lib/python3.8/site-packages/airflow/example_dags/example_nested_branch_dag.py
[2025-11-16T20:23:32.171+0000] {logging_mixin.py:188} INFO - [2025-11-16T20:23:32.170+0000] {dag.py:3036} INFO - Sync 1 DAGs
[2025-11-16T20:23:32.194+0000] {logging_mixin.py:188} INFO - [2025-11-16T20:23:32.194+0000] {dag.py:3823} INFO - Setting next_dagrun for example_nested_branch_dag to 2025-11-15 00:00:00+00:00, run_after=2025-11-16 00:00:00+00:00
[2025-11-16T20:23:32.224+0000] {processor.py:183} INFO - Processing /home/airflow/.local/lib/python3.8/site-packages/airflow/example_dags/example_nested_branch_dag.py took 0.094 seconds
[2025-11-16T20:24:02.507+0000] {processor.py:161} INFO - Started process (PID=714) to work on /home/airflow/.local/lib/python3.8/site-packages/airflow/example_dags/example_nested_branch_dag.py
[2025-11-16T20:24:02.508+0000] {processor.py:830} INFO - Processing file /home/airflow/.local/lib/python3.8/site-packages/airflow/example_dags/example_nested_branch_dag.py for tasks to queue
[2025-11-16T20:24:02.509+0000] {logging_mixin.py:188} INFO - [2025-11-16T20:24:02.509+0000] {dagbag.py:538} INFO - Filling up the DagBag from /home/airflow/.local/lib/python3.8/site-packages/airflow/example_dags/example_nested_branch_dag.py
[2025-11-16T20:24:02.519+0000] {processor.py:840} INFO - DAG(s) 'example_nested_branch_dag' retrieved from /home/airflow/.local/lib/python3.8/site-packages/airflow/example_dags/example_nested_branch_dag.py
[2025-11-16T20:24:02.546+0000] {logging_mixin.py:188} INFO - [2025-11-16T20:24:02.546+0000] {dag.py:3036} INFO - Sync 1 DAGs
[2025-11-16T20:24:02.571+0000] {logging_mixin.py:188} INFO - [2025-11-16T20:24:02.571+0000] {dag.py:3823} INFO - Setting next_dagrun for example_nested_branch_dag to 2025-11-15 00:00:00+00:00, run_after=2025-11-16 00:00:00+00:00
[2025-11-16T20:24:02.602+0000] {processor.py:183} INFO - Processing /home/airflow/.local/lib/python3.8/site-packages/airflow/example_dags/example_nested_branch_dag.py took 0.098 seconds
[2025-11-16T20:24:33.474+0000] {processor.py:161} INFO - Started process (PID=802) to work on /home/airflow/.local/lib/python3.8/site-packages/airflow/example_dags/example_nested_branch_dag.py
[2025-11-16T20:24:33.475+0000] {processor.py:830} INFO - Processing file /home/airflow/.local/lib/python3.8/site-packages/airflow/example_dags/example_nested_branch_dag.py for tasks to queue
[2025-11-16T20:24:33.476+0000] {logging_mixin.py:188} INFO - [2025-11-16T20:24:33.476+0000] {dagbag.py:538} INFO - Filling up the DagBag from /home/airflow/.local/lib/python3.8/site-packages/airflow/example_dags/example_nested_branch_dag.py
[2025-11-16T20:24:33.487+0000] {processor.py:840} INFO - DAG(s) 'example_nested_branch_dag' retrieved from /home/airflow/.local/lib/python3.8/site-packages/airflow/example_dags/example_nested_branch_dag.py
[2025-11-16T20:24:33.520+0000] {logging_mixin.py:188} INFO - [2025-11-16T20:24:33.520+0000] {dag.py:3036} INFO - Sync 1 DAGs
[2025-11-16T20:24:33.549+0000] {logging_mixin.py:188} INFO - [2025-11-16T20:24:33.548+0000] {dag.py:3823} INFO - Setting next_dagrun for example_nested_branch_dag to 2025-11-15 00:00:00+00:00, run_after=2025-11-16 00:00:00+00:00
[2025-11-16T20:24:33.574+0000] {processor.py:183} INFO - Processing /home/airflow/.local/lib/python3.8/site-packages/airflow/example_dags/example_nested_branch_dag.py took 0.103 seconds
[2025-11-16T20:25:03.985+0000] {processor.py:161} INFO - Started process (PID=883) to work on /home/airflow/.local/lib/python3.8/site-packages/airflow/example_dags/example_nested_branch_dag.py
[2025-11-16T20:25:03.987+0000] {processor.py:830} INFO - Processing file /home/airflow/.local/lib/python3.8/site-packages/airflow/example_dags/example_nested_branch_dag.py for tasks to queue
[2025-11-16T20:25:03.989+0000] {logging_mixin.py:188} INFO - [2025-11-16T20:25:03.988+0000] {dagbag.py:538} INFO - Filling up the DagBag from /home/airflow/.local/lib/python3.8/site-packages/airflow/example_dags/example_nested_branch_dag.py
[2025-11-16T20:25:04.003+0000] {processor.py:840} INFO - DAG(s) 'example_nested_branch_dag' retrieved from /home/airflow/.local/lib/python3.8/site-packages/airflow/example_dags/example_nested_branch_dag.py
[2025-11-16T20:25:04.045+0000] {logging_mixin.py:188} INFO - [2025-11-16T20:25:04.044+0000] {dag.py:3036} INFO - Sync 1 DAGs
[2025-11-16T20:25:04.077+0000] {logging_mixin.py:188} INFO - [2025-11-16T20:25:04.077+0000] {dag.py:3823} INFO - Setting next_dagrun for example_nested_branch_dag to 2025-11-15 00:00:00+00:00, run_after=2025-11-16 00:00:00+00:00
[2025-11-16T20:25:04.114+0000] {processor.py:183} INFO - Processing /home/airflow/.local/lib/python3.8/site-packages/airflow/example_dags/example_nested_branch_dag.py took 0.134 seconds
[2025-11-16T20:25:35.002+0000] {processor.py:161} INFO - Started process (PID=979) to work on /home/airflow/.local/lib/python3.8/site-packages/airflow/example_dags/example_nested_branch_dag.py
[2025-11-16T20:25:35.003+0000] {processor.py:830} INFO - Processing file /home/airflow/.local/lib/python3.8/site-packages/airflow/example_dags/example_nested_branch_dag.py for tasks to queue
[2025-11-16T20:25:35.005+0000] {logging_mixin.py:188} INFO - [2025-11-16T20:25:35.004+0000] {dagbag.py:538} INFO - Filling up the DagBag from /home/airflow/.local/lib/python3.8/site-packages/airflow/example_dags/example_nested_branch_dag.py
[2025-11-16T20:25:35.022+0000] {processor.py:840} INFO - DAG(s) 'example_nested_branch_dag' retrieved from /home/airflow/.local/lib/python3.8/site-packages/airflow/example_dags/example_nested_branch_dag.py
[2025-11-16T20:25:35.056+0000] {logging_mixin.py:188} INFO - [2025-11-16T20:25:35.055+0000] {dag.py:3036} INFO - Sync 1 DAGs
[2025-11-16T20:25:35.081+0000] {logging_mixin.py:188} INFO - [2025-11-16T20:25:35.081+0000] {dag.py:3823} INFO - Setting next_dagrun for example_nested_branch_dag to 2025-11-15 00:00:00+00:00, run_after=2025-11-16 00:00:00+00:00
[2025-11-16T20:25:35.111+0000] {processor.py:183} INFO - Processing /home/airflow/.local/lib/python3.8/site-packages/airflow/example_dags/example_nested_branch_dag.py took 0.113 seconds
[2025-11-16T20:26:05.217+0000] {processor.py:161} INFO - Started process (PID=1060) to work on /home/airflow/.local/lib/python3.8/site-packages/airflow/example_dags/example_nested_branch_dag.py
[2025-11-16T20:26:05.219+0000] {processor.py:830} INFO - Processing file /home/airflow/.local/lib/python3.8/site-packages/airflow/example_dags/example_nested_branch_dag.py for tasks to queue
[2025-11-16T20:26:05.221+0000] {logging_mixin.py:188} INFO - [2025-11-16T20:26:05.221+0000] {dagbag.py:538} INFO - Filling up the DagBag from /home/airflow/.local/lib/python3.8/site-packages/airflow/example_dags/example_nested_branch_dag.py
[2025-11-16T20:26:05.238+0000] {processor.py:840} INFO - DAG(s) 'example_nested_branch_dag' retrieved from /home/airflow/.local/lib/python3.8/site-packages/airflow/example_dags/example_nested_branch_dag.py
[2025-11-16T20:26:05.274+0000] {logging_mixin.py:188} INFO - [2025-11-16T20:26:05.273+0000] {dag.py:3036} INFO - Sync 1 DAGs
[2025-11-16T20:26:05.306+0000] {logging_mixin.py:188} INFO - [2025-11-16T20:26:05.305+0000] {dag.py:3823} INFO - Setting next_dagrun for example_nested_branch_dag to 2025-11-15 00:00:00+00:00, run_after=2025-11-16 00:00:00+00:00
[2025-11-16T20:26:05.344+0000] {processor.py:183} INFO - Processing /home/airflow/.local/lib/python3.8/site-packages/airflow/example_dags/example_nested_branch_dag.py took 0.131 seconds
[2025-11-16T20:26:35.604+0000] {processor.py:161} INFO - Started process (PID=1153) to work on /home/airflow/.local/lib/python3.8/site-packages/airflow/example_dags/example_nested_branch_dag.py
[2025-11-16T20:26:35.605+0000] {processor.py:830} INFO - Processing file /home/airflow/.local/lib/python3.8/site-packages/airflow/example_dags/example_nested_branch_dag.py for tasks to queue
[2025-11-16T20:26:35.608+0000] {logging_mixin.py:188} INFO - [2025-11-16T20:26:35.606+0000] {dagbag.py:538} INFO - Filling up the DagBag from /home/airflow/.local/lib/python3.8/site-packages/airflow/example_dags/example_nested_branch_dag.py
[2025-11-16T20:26:35.622+0000] {processor.py:840} INFO - DAG(s) 'example_nested_branch_dag' retrieved from /home/airflow/.local/lib/python3.8/site-packages/airflow/example_dags/example_nested_branch_dag.py
[2025-11-16T20:26:35.658+0000] {logging_mixin.py:188} INFO - [2025-11-16T20:26:35.657+0000] {dag.py:3036} INFO - Sync 1 DAGs
[2025-11-16T20:26:35.690+0000] {logging_mixin.py:188} INFO - [2025-11-16T20:26:35.689+0000] {dag.py:3823} INFO - Setting next_dagrun for example_nested_branch_dag to 2025-11-15 00:00:00+00:00, run_after=2025-11-16 00:00:00+00:00
[2025-11-16T20:26:35.722+0000] {processor.py:183} INFO - Processing /home/airflow/.local/lib/python3.8/site-packages/airflow/example_dags/example_nested_branch_dag.py took 0.121 seconds
[2025-11-16T20:27:05.920+0000] {processor.py:161} INFO - Started process (PID=1234) to work on /home/airflow/.local/lib/python3.8/site-packages/airflow/example_dags/example_nested_branch_dag.py
[2025-11-16T20:27:05.921+0000] {processor.py:830} INFO - Processing file /home/airflow/.local/lib/python3.8/site-packages/airflow/example_dags/example_nested_branch_dag.py for tasks to queue
[2025-11-16T20:27:05.922+0000] {logging_mixin.py:188} INFO - [2025-11-16T20:27:05.922+0000] {dagbag.py:538} INFO - Filling up the DagBag from /home/airflow/.local/lib/python3.8/site-packages/airflow/example_dags/example_nested_branch_dag.py
[2025-11-16T20:27:05.933+0000] {processor.py:840} INFO - DAG(s) 'example_nested_branch_dag' retrieved from /home/airflow/.local/lib/python3.8/site-packages/airflow/example_dags/example_nested_branch_dag.py
[2025-11-16T20:27:05.959+0000] {logging_mixin.py:188} INFO - [2025-11-16T20:27:05.959+0000] {dag.py:3036} INFO - Sync 1 DAGs
[2025-11-16T20:27:05.983+0000] {logging_mixin.py:188} INFO - [2025-11-16T20:27:05.983+0000] {dag.py:3823} INFO - Setting next_dagrun for example_nested_branch_dag to 2025-11-15 00:00:00+00:00, run_after=2025-11-16 00:00:00+00:00
[2025-11-16T20:27:06.006+0000] {processor.py:183} INFO - Processing /home/airflow/.local/lib/python3.8/site-packages/airflow/example_dags/example_nested_branch_dag.py took 0.088 seconds
[2025-11-16T20:27:36.290+0000] {processor.py:161} INFO - Started process (PID=1324) to work on /home/airflow/.local/lib/python3.8/site-packages/airflow/example_dags/example_nested_branch_dag.py
[2025-11-16T20:27:36.291+0000] {processor.py:830} INFO - Processing file /home/airflow/.local/lib/python3.8/site-packages/airflow/example_dags/example_nested_branch_dag.py for tasks to queue
[2025-11-16T20:27:36.293+0000] {logging_mixin.py:188} INFO - [2025-11-16T20:27:36.292+0000] {dagbag.py:538} INFO - Filling up the DagBag from /home/airflow/.local/lib/python3.8/site-packages/airflow/example_dags/example_nested_branch_dag.py
[2025-11-16T20:27:36.303+0000] {processor.py:840} INFO - DAG(s) 'example_nested_branch_dag' retrieved from /home/airflow/.local/lib/python3.8/site-packages/airflow/example_dags/example_nested_branch_dag.py
[2025-11-16T20:27:36.331+0000] {logging_mixin.py:188} INFO - [2025-11-16T20:27:36.331+0000] {dag.py:3036} INFO - Sync 1 DAGs
[2025-11-16T20:27:36.385+0000] {logging_mixin.py:188} INFO - [2025-11-16T20:27:36.385+0000] {dag.py:3823} INFO - Setting next_dagrun for example_nested_branch_dag to 2025-11-15 00:00:00+00:00, run_after=2025-11-16 00:00:00+00:00
[2025-11-16T20:27:36.423+0000] {processor.py:183} INFO - Processing /home/airflow/.local/lib/python3.8/site-packages/airflow/example_dags/example_nested_branch_dag.py took 0.136 seconds
[2025-11-16T20:28:06.532+0000] {processor.py:161} INFO - Started process (PID=1411) to work on /home/airflow/.local/lib/python3.8/site-packages/airflow/example_dags/example_nested_branch_dag.py
[2025-11-16T20:28:06.533+0000] {processor.py:830} INFO - Processing file /home/airflow/.local/lib/python3.8/site-packages/airflow/example_dags/example_nested_branch_dag.py for tasks to queue
[2025-11-16T20:28:06.535+0000] {logging_mixin.py:188} INFO - [2025-11-16T20:28:06.534+0000] {dagbag.py:538} INFO - Filling up the DagBag from /home/airflow/.local/lib/python3.8/site-packages/airflow/example_dags/example_nested_branch_dag.py
[2025-11-16T20:28:06.547+0000] {processor.py:840} INFO - DAG(s) 'example_nested_branch_dag' retrieved from /home/airflow/.local/lib/python3.8/site-packages/airflow/example_dags/example_nested_branch_dag.py
[2025-11-16T20:28:06.572+0000] {logging_mixin.py:188} INFO - [2025-11-16T20:28:06.572+0000] {dag.py:3036} INFO - Sync 1 DAGs
[2025-11-16T20:28:06.595+0000] {logging_mixin.py:188} INFO - [2025-11-16T20:28:06.595+0000] {dag.py:3823} INFO - Setting next_dagrun for example_nested_branch_dag to 2025-11-15 00:00:00+00:00, run_after=2025-11-16 00:00:00+00:00
[2025-11-16T20:28:06.619+0000] {processor.py:183} INFO - Processing /home/airflow/.local/lib/python3.8/site-packages/airflow/example_dags/example_nested_branch_dag.py took 0.090 seconds
[2025-11-16T20:28:37.035+0000] {processor.py:161} INFO - Started process (PID=1500) to work on /home/airflow/.local/lib/python3.8/site-packages/airflow/example_dags/example_nested_branch_dag.py
[2025-11-16T20:28:37.036+0000] {processor.py:830} INFO - Processing file /home/airflow/.local/lib/python3.8/site-packages/airflow/example_dags/example_nested_branch_dag.py for tasks to queue
[2025-11-16T20:28:37.037+0000] {logging_mixin.py:188} INFO - [2025-11-16T20:28:37.037+0000] {dagbag.py:538} INFO - Filling up the DagBag from /home/airflow/.local/lib/python3.8/site-packages/airflow/example_dags/example_nested_branch_dag.py
[2025-11-16T20:28:37.049+0000] {processor.py:840} INFO - DAG(s) 'example_nested_branch_dag' retrieved from /home/airflow/.local/lib/python3.8/site-packages/airflow/example_dags/example_nested_branch_dag.py
[2025-11-16T20:28:37.073+0000] {logging_mixin.py:188} INFO - [2025-11-16T20:28:37.073+0000] {dag.py:3036} INFO - Sync 1 DAGs
[2025-11-16T20:28:37.097+0000] {logging_mixin.py:188} INFO - [2025-11-16T20:28:37.097+0000] {dag.py:3823} INFO - Setting next_dagrun for example_nested_branch_dag to 2025-11-15 00:00:00+00:00, run_after=2025-11-16 00:00:00+00:00
[2025-11-16T20:28:37.119+0000] {processor.py:183} INFO - Processing /home/airflow/.local/lib/python3.8/site-packages/airflow/example_dags/example_nested_branch_dag.py took 0.087 seconds
[2025-11-16T20:29:07.864+0000] {processor.py:161} INFO - Started process (PID=1588) to work on /home/airflow/.local/lib/python3.8/site-packages/airflow/example_dags/example_nested_branch_dag.py
[2025-11-16T20:29:07.879+0000] {processor.py:830} INFO - Processing file /home/airflow/.local/lib/python3.8/site-packages/airflow/example_dags/example_nested_branch_dag.py for tasks to queue
[2025-11-16T20:29:07.882+0000] {logging_mixin.py:188} INFO - [2025-11-16T20:29:07.881+0000] {dagbag.py:538} INFO - Filling up the DagBag from /home/airflow/.local/lib/python3.8/site-packages/airflow/example_dags/example_nested_branch_dag.py
[2025-11-16T20:29:07.919+0000] {processor.py:840} INFO - DAG(s) 'example_nested_branch_dag' retrieved from /home/airflow/.local/lib/python3.8/site-packages/airflow/example_dags/example_nested_branch_dag.py
[2025-11-16T20:29:08.011+0000] {logging_mixin.py:188} INFO - [2025-11-16T20:29:08.010+0000] {dag.py:3036} INFO - Sync 1 DAGs
[2025-11-16T20:29:08.132+0000] {logging_mixin.py:188} INFO - [2025-11-16T20:29:08.131+0000] {dag.py:3823} INFO - Setting next_dagrun for example_nested_branch_dag to 2025-11-15 00:00:00+00:00, run_after=2025-11-16 00:00:00+00:00
[2025-11-16T20:29:08.185+0000] {processor.py:183} INFO - Processing /home/airflow/.local/lib/python3.8/site-packages/airflow/example_dags/example_nested_branch_dag.py took 0.333 seconds
[2025-11-16T20:29:41.186+0000] {processor.py:161} INFO - Started process (PID=1668) to work on /home/airflow/.local/lib/python3.8/site-packages/airflow/example_dags/example_nested_branch_dag.py
[2025-11-16T20:29:41.187+0000] {processor.py:830} INFO - Processing file /home/airflow/.local/lib/python3.8/site-packages/airflow/example_dags/example_nested_branch_dag.py for tasks to queue
[2025-11-16T20:29:41.188+0000] {logging_mixin.py:188} INFO - [2025-11-16T20:29:41.188+0000] {dagbag.py:538} INFO - Filling up the DagBag from /home/airflow/.local/lib/python3.8/site-packages/airflow/example_dags/example_nested_branch_dag.py
[2025-11-16T20:29:41.203+0000] {processor.py:840} INFO - DAG(s) 'example_nested_branch_dag' retrieved from /home/airflow/.local/lib/python3.8/site-packages/airflow/example_dags/example_nested_branch_dag.py
[2025-11-16T20:29:41.243+0000] {logging_mixin.py:188} INFO - [2025-11-16T20:29:41.242+0000] {dag.py:3036} INFO - Sync 1 DAGs
[2025-11-16T20:29:41.270+0000] {logging_mixin.py:188} INFO - [2025-11-16T20:29:41.270+0000] {dag.py:3823} INFO - Setting next_dagrun for example_nested_branch_dag to 2025-11-15 00:00:00+00:00, run_after=2025-11-16 00:00:00+00:00
[2025-11-16T20:29:41.304+0000] {processor.py:183} INFO - Processing /home/airflow/.local/lib/python3.8/site-packages/airflow/example_dags/example_nested_branch_dag.py took 0.124 seconds
[2025-11-16T20:30:11.710+0000] {processor.py:161} INFO - Started process (PID=1749) to work on /home/airflow/.local/lib/python3.8/site-packages/airflow/example_dags/example_nested_branch_dag.py
[2025-11-16T20:30:11.711+0000] {processor.py:830} INFO - Processing file /home/airflow/.local/lib/python3.8/site-packages/airflow/example_dags/example_nested_branch_dag.py for tasks to queue
[2025-11-16T20:30:11.712+0000] {logging_mixin.py:188} INFO - [2025-11-16T20:30:11.712+0000] {dagbag.py:538} INFO - Filling up the DagBag from /home/airflow/.local/lib/python3.8/site-packages/airflow/example_dags/example_nested_branch_dag.py
[2025-11-16T20:30:11.731+0000] {processor.py:840} INFO - DAG(s) 'example_nested_branch_dag' retrieved from /home/airflow/.local/lib/python3.8/site-packages/airflow/example_dags/example_nested_branch_dag.py
[2025-11-16T20:30:11.765+0000] {logging_mixin.py:188} INFO - [2025-11-16T20:30:11.765+0000] {dag.py:3036} INFO - Sync 1 DAGs
[2025-11-16T20:30:11.792+0000] {logging_mixin.py:188} INFO - [2025-11-16T20:30:11.792+0000] {dag.py:3823} INFO - Setting next_dagrun for example_nested_branch_dag to 2025-11-15 00:00:00+00:00, run_after=2025-11-16 00:00:00+00:00
[2025-11-16T20:30:11.831+0000] {processor.py:183} INFO - Processing /home/airflow/.local/lib/python3.8/site-packages/airflow/example_dags/example_nested_branch_dag.py took 0.127 seconds
[2025-11-16T20:30:42.807+0000] {processor.py:161} INFO - Started process (PID=1832) to work on /home/airflow/.local/lib/python3.8/site-packages/airflow/example_dags/example_nested_branch_dag.py
[2025-11-16T20:30:42.808+0000] {processor.py:830} INFO - Processing file /home/airflow/.local/lib/python3.8/site-packages/airflow/example_dags/example_nested_branch_dag.py for tasks to queue
[2025-11-16T20:30:42.810+0000] {logging_mixin.py:188} INFO - [2025-11-16T20:30:42.809+0000] {dagbag.py:538} INFO - Filling up the DagBag from /home/airflow/.local/lib/python3.8/site-packages/airflow/example_dags/example_nested_branch_dag.py
[2025-11-16T20:30:42.827+0000] {processor.py:840} INFO - DAG(s) 'example_nested_branch_dag' retrieved from /home/airflow/.local/lib/python3.8/site-packages/airflow/example_dags/example_nested_branch_dag.py
[2025-11-16T20:30:42.876+0000] {logging_mixin.py:188} INFO - [2025-11-16T20:30:42.875+0000] {dag.py:3036} INFO - Sync 1 DAGs
[2025-11-16T20:30:42.922+0000] {logging_mixin.py:188} INFO - [2025-11-16T20:30:42.922+0000] {dag.py:3823} INFO - Setting next_dagrun for example_nested_branch_dag to 2025-11-15 00:00:00+00:00, run_after=2025-11-16 00:00:00+00:00
[2025-11-16T20:30:42.962+0000] {processor.py:183} INFO - Processing /home/airflow/.local/lib/python3.8/site-packages/airflow/example_dags/example_nested_branch_dag.py took 0.162 seconds
[2025-11-16T20:31:13.545+0000] {processor.py:161} INFO - Started process (PID=1913) to work on /home/airflow/.local/lib/python3.8/site-packages/airflow/example_dags/example_nested_branch_dag.py
[2025-11-16T20:31:13.547+0000] {processor.py:830} INFO - Processing file /home/airflow/.local/lib/python3.8/site-packages/airflow/example_dags/example_nested_branch_dag.py for tasks to queue
[2025-11-16T20:31:13.551+0000] {logging_mixin.py:188} INFO - [2025-11-16T20:31:13.550+0000] {dagbag.py:538} INFO - Filling up the DagBag from /home/airflow/.local/lib/python3.8/site-packages/airflow/example_dags/example_nested_branch_dag.py
[2025-11-16T20:31:13.575+0000] {processor.py:840} INFO - DAG(s) 'example_nested_branch_dag' retrieved from /home/airflow/.local/lib/python3.8/site-packages/airflow/example_dags/example_nested_branch_dag.py
[2025-11-16T20:31:13.621+0000] {logging_mixin.py:188} INFO - [2025-11-16T20:31:13.621+0000] {dag.py:3036} INFO - Sync 1 DAGs
[2025-11-16T20:31:13.665+0000] {logging_mixin.py:188} INFO - [2025-11-16T20:31:13.665+0000] {dag.py:3823} INFO - Setting next_dagrun for example_nested_branch_dag to 2025-11-15 00:00:00+00:00, run_after=2025-11-16 00:00:00+00:00
[2025-11-16T20:31:13.696+0000] {processor.py:183} INFO - Processing /home/airflow/.local/lib/python3.8/site-packages/airflow/example_dags/example_nested_branch_dag.py took 0.155 seconds
[2025-11-16T20:31:44.314+0000] {processor.py:161} INFO - Started process (PID=1997) to work on /home/airflow/.local/lib/python3.8/site-packages/airflow/example_dags/example_nested_branch_dag.py
[2025-11-16T20:31:44.316+0000] {processor.py:830} INFO - Processing file /home/airflow/.local/lib/python3.8/site-packages/airflow/example_dags/example_nested_branch_dag.py for tasks to queue
[2025-11-16T20:31:44.319+0000] {logging_mixin.py:188} INFO - [2025-11-16T20:31:44.319+0000] {dagbag.py:538} INFO - Filling up the DagBag from /home/airflow/.local/lib/python3.8/site-packages/airflow/example_dags/example_nested_branch_dag.py
[2025-11-16T20:31:44.340+0000] {processor.py:840} INFO - DAG(s) 'example_nested_branch_dag' retrieved from /home/airflow/.local/lib/python3.8/site-packages/airflow/example_dags/example_nested_branch_dag.py
[2025-11-16T20:31:44.381+0000] {logging_mixin.py:188} INFO - [2025-11-16T20:31:44.381+0000] {dag.py:3036} INFO - Sync 1 DAGs
[2025-11-16T20:31:44.440+0000] {logging_mixin.py:188} INFO - [2025-11-16T20:31:44.438+0000] {dag.py:3823} INFO - Setting next_dagrun for example_nested_branch_dag to 2025-11-15 00:00:00+00:00, run_after=2025-11-16 00:00:00+00:00
[2025-11-16T20:31:44.485+0000] {processor.py:183} INFO - Processing /home/airflow/.local/lib/python3.8/site-packages/airflow/example_dags/example_nested_branch_dag.py took 0.175 seconds
[2025-11-16T20:32:14.591+0000] {processor.py:161} INFO - Started process (PID=2076) to work on /home/airflow/.local/lib/python3.8/site-packages/airflow/example_dags/example_nested_branch_dag.py
[2025-11-16T20:32:14.591+0000] {processor.py:830} INFO - Processing file /home/airflow/.local/lib/python3.8/site-packages/airflow/example_dags/example_nested_branch_dag.py for tasks to queue
[2025-11-16T20:32:14.595+0000] {logging_mixin.py:188} INFO - [2025-11-16T20:32:14.594+0000] {dagbag.py:538} INFO - Filling up the DagBag from /home/airflow/.local/lib/python3.8/site-packages/airflow/example_dags/example_nested_branch_dag.py
[2025-11-16T20:32:14.607+0000] {processor.py:840} INFO - DAG(s) 'example_nested_branch_dag' retrieved from /home/airflow/.local/lib/python3.8/site-packages/airflow/example_dags/example_nested_branch_dag.py
[2025-11-16T20:32:14.635+0000] {logging_mixin.py:188} INFO - [2025-11-16T20:32:14.635+0000] {dag.py:3036} INFO - Sync 1 DAGs
[2025-11-16T20:32:14.665+0000] {logging_mixin.py:188} INFO - [2025-11-16T20:32:14.664+0000] {dag.py:3823} INFO - Setting next_dagrun for example_nested_branch_dag to 2025-11-15 00:00:00+00:00, run_after=2025-11-16 00:00:00+00:00
[2025-11-16T20:32:14.699+0000] {processor.py:183} INFO - Processing /home/airflow/.local/lib/python3.8/site-packages/airflow/example_dags/example_nested_branch_dag.py took 0.112 seconds
[2025-11-16T20:32:46.833+0000] {processor.py:161} INFO - Started process (PID=2108) to work on /home/airflow/.local/lib/python3.8/site-packages/airflow/example_dags/example_nested_branch_dag.py
[2025-11-16T20:32:46.834+0000] {processor.py:830} INFO - Processing file /home/airflow/.local/lib/python3.8/site-packages/airflow/example_dags/example_nested_branch_dag.py for tasks to queue
[2025-11-16T20:32:46.835+0000] {logging_mixin.py:188} INFO - [2025-11-16T20:32:46.835+0000] {dagbag.py:538} INFO - Filling up the DagBag from /home/airflow/.local/lib/python3.8/site-packages/airflow/example_dags/example_nested_branch_dag.py
[2025-11-16T20:32:46.858+0000] {processor.py:840} INFO - DAG(s) 'example_nested_branch_dag' retrieved from /home/airflow/.local/lib/python3.8/site-packages/airflow/example_dags/example_nested_branch_dag.py
[2025-11-16T20:32:46.917+0000] {logging_mixin.py:188} INFO - [2025-11-16T20:32:46.917+0000] {dag.py:3036} INFO - Sync 1 DAGs
[2025-11-16T20:32:46.976+0000] {logging_mixin.py:188} INFO - [2025-11-16T20:32:46.974+0000] {dag.py:3823} INFO - Setting next_dagrun for example_nested_branch_dag to 2025-11-15 00:00:00+00:00, run_after=2025-11-16 00:00:00+00:00
[2025-11-16T20:32:47.016+0000] {processor.py:183} INFO - Processing /home/airflow/.local/lib/python3.8/site-packages/airflow/example_dags/example_nested_branch_dag.py took 0.190 seconds
[2025-11-16T20:33:17.692+0000] {processor.py:161} INFO - Started process (PID=2198) to work on /home/airflow/.local/lib/python3.8/site-packages/airflow/example_dags/example_nested_branch_dag.py
[2025-11-16T20:33:17.693+0000] {processor.py:830} INFO - Processing file /home/airflow/.local/lib/python3.8/site-packages/airflow/example_dags/example_nested_branch_dag.py for tasks to queue
[2025-11-16T20:33:17.695+0000] {logging_mixin.py:188} INFO - [2025-11-16T20:33:17.694+0000] {dagbag.py:538} INFO - Filling up the DagBag from /home/airflow/.local/lib/python3.8/site-packages/airflow/example_dags/example_nested_branch_dag.py
[2025-11-16T20:33:17.713+0000] {processor.py:840} INFO - DAG(s) 'example_nested_branch_dag' retrieved from /home/airflow/.local/lib/python3.8/site-packages/airflow/example_dags/example_nested_branch_dag.py
[2025-11-16T20:33:17.746+0000] {logging_mixin.py:188} INFO - [2025-11-16T20:33:17.745+0000] {dag.py:3036} INFO - Sync 1 DAGs
[2025-11-16T20:33:17.774+0000] {logging_mixin.py:188} INFO - [2025-11-16T20:33:17.773+0000] {dag.py:3823} INFO - Setting next_dagrun for example_nested_branch_dag to 2025-11-15 00:00:00+00:00, run_after=2025-11-16 00:00:00+00:00
[2025-11-16T20:33:17.798+0000] {processor.py:183} INFO - Processing /home/airflow/.local/lib/python3.8/site-packages/airflow/example_dags/example_nested_branch_dag.py took 0.110 seconds
[2025-11-16T20:33:48.524+0000] {processor.py:161} INFO - Started process (PID=2287) to work on /home/airflow/.local/lib/python3.8/site-packages/airflow/example_dags/example_nested_branch_dag.py
[2025-11-16T20:33:48.525+0000] {processor.py:830} INFO - Processing file /home/airflow/.local/lib/python3.8/site-packages/airflow/example_dags/example_nested_branch_dag.py for tasks to queue
[2025-11-16T20:33:48.526+0000] {logging_mixin.py:188} INFO - [2025-11-16T20:33:48.526+0000] {dagbag.py:538} INFO - Filling up the DagBag from /home/airflow/.local/lib/python3.8/site-packages/airflow/example_dags/example_nested_branch_dag.py
[2025-11-16T20:33:48.540+0000] {processor.py:840} INFO - DAG(s) 'example_nested_branch_dag' retrieved from /home/airflow/.local/lib/python3.8/site-packages/airflow/example_dags/example_nested_branch_dag.py
[2025-11-16T20:33:48.570+0000] {logging_mixin.py:188} INFO - [2025-11-16T20:33:48.570+0000] {dag.py:3036} INFO - Sync 1 DAGs
[2025-11-16T20:33:48.599+0000] {logging_mixin.py:188} INFO - [2025-11-16T20:33:48.598+0000] {dag.py:3823} INFO - Setting next_dagrun for example_nested_branch_dag to 2025-11-15 00:00:00+00:00, run_after=2025-11-16 00:00:00+00:00
[2025-11-16T20:33:48.622+0000] {processor.py:183} INFO - Processing /home/airflow/.local/lib/python3.8/site-packages/airflow/example_dags/example_nested_branch_dag.py took 0.101 seconds
[2025-11-16T20:34:18.772+0000] {processor.py:161} INFO - Started process (PID=2376) to work on /home/airflow/.local/lib/python3.8/site-packages/airflow/example_dags/example_nested_branch_dag.py
[2025-11-16T20:34:18.773+0000] {processor.py:830} INFO - Processing file /home/airflow/.local/lib/python3.8/site-packages/airflow/example_dags/example_nested_branch_dag.py for tasks to queue
[2025-11-16T20:34:18.774+0000] {logging_mixin.py:188} INFO - [2025-11-16T20:34:18.774+0000] {dagbag.py:538} INFO - Filling up the DagBag from /home/airflow/.local/lib/python3.8/site-packages/airflow/example_dags/example_nested_branch_dag.py
[2025-11-16T20:34:18.785+0000] {processor.py:840} INFO - DAG(s) 'example_nested_branch_dag' retrieved from /home/airflow/.local/lib/python3.8/site-packages/airflow/example_dags/example_nested_branch_dag.py
[2025-11-16T20:34:18.814+0000] {logging_mixin.py:188} INFO - [2025-11-16T20:34:18.814+0000] {dag.py:3036} INFO - Sync 1 DAGs
[2025-11-16T20:34:18.838+0000] {logging_mixin.py:188} INFO - [2025-11-16T20:34:18.838+0000] {dag.py:3823} INFO - Setting next_dagrun for example_nested_branch_dag to 2025-11-15 00:00:00+00:00, run_after=2025-11-16 00:00:00+00:00
[2025-11-16T20:34:18.861+0000] {processor.py:183} INFO - Processing /home/airflow/.local/lib/python3.8/site-packages/airflow/example_dags/example_nested_branch_dag.py took 0.093 seconds
[2025-11-16T20:34:49.151+0000] {processor.py:161} INFO - Started process (PID=2457) to work on /home/airflow/.local/lib/python3.8/site-packages/airflow/example_dags/example_nested_branch_dag.py
[2025-11-16T20:34:49.153+0000] {processor.py:830} INFO - Processing file /home/airflow/.local/lib/python3.8/site-packages/airflow/example_dags/example_nested_branch_dag.py for tasks to queue
[2025-11-16T20:34:49.154+0000] {logging_mixin.py:188} INFO - [2025-11-16T20:34:49.154+0000] {dagbag.py:538} INFO - Filling up the DagBag from /home/airflow/.local/lib/python3.8/site-packages/airflow/example_dags/example_nested_branch_dag.py
[2025-11-16T20:34:49.167+0000] {processor.py:840} INFO - DAG(s) 'example_nested_branch_dag' retrieved from /home/airflow/.local/lib/python3.8/site-packages/airflow/example_dags/example_nested_branch_dag.py
[2025-11-16T20:34:49.203+0000] {logging_mixin.py:188} INFO - [2025-11-16T20:34:49.201+0000] {dag.py:3036} INFO - Sync 1 DAGs
[2025-11-16T20:34:49.234+0000] {logging_mixin.py:188} INFO - [2025-11-16T20:34:49.234+0000] {dag.py:3823} INFO - Setting next_dagrun for example_nested_branch_dag to 2025-11-15 00:00:00+00:00, run_after=2025-11-16 00:00:00+00:00
[2025-11-16T20:34:49.271+0000] {processor.py:183} INFO - Processing /home/airflow/.local/lib/python3.8/site-packages/airflow/example_dags/example_nested_branch_dag.py took 0.123 seconds
[2025-11-16T20:35:20.487+0000] {processor.py:161} INFO - Started process (PID=2553) to work on /home/airflow/.local/lib/python3.8/site-packages/airflow/example_dags/example_nested_branch_dag.py
[2025-11-16T20:35:20.488+0000] {processor.py:830} INFO - Processing file /home/airflow/.local/lib/python3.8/site-packages/airflow/example_dags/example_nested_branch_dag.py for tasks to queue
[2025-11-16T20:35:20.490+0000] {logging_mixin.py:188} INFO - [2025-11-16T20:35:20.489+0000] {dagbag.py:538} INFO - Filling up the DagBag from /home/airflow/.local/lib/python3.8/site-packages/airflow/example_dags/example_nested_branch_dag.py
[2025-11-16T20:35:20.511+0000] {processor.py:840} INFO - DAG(s) 'example_nested_branch_dag' retrieved from /home/airflow/.local/lib/python3.8/site-packages/airflow/example_dags/example_nested_branch_dag.py
[2025-11-16T20:35:20.570+0000] {logging_mixin.py:188} INFO - [2025-11-16T20:35:20.568+0000] {dag.py:3036} INFO - Sync 1 DAGs
[2025-11-16T20:35:20.625+0000] {logging_mixin.py:188} INFO - [2025-11-16T20:35:20.623+0000] {dag.py:3823} INFO - Setting next_dagrun for example_nested_branch_dag to 2025-11-15 00:00:00+00:00, run_after=2025-11-16 00:00:00+00:00
[2025-11-16T20:35:20.667+0000] {processor.py:183} INFO - Processing /home/airflow/.local/lib/python3.8/site-packages/airflow/example_dags/example_nested_branch_dag.py took 0.183 seconds
[2025-11-16T20:35:51.460+0000] {processor.py:161} INFO - Started process (PID=2634) to work on /home/airflow/.local/lib/python3.8/site-packages/airflow/example_dags/example_nested_branch_dag.py
[2025-11-16T20:35:51.461+0000] {processor.py:830} INFO - Processing file /home/airflow/.local/lib/python3.8/site-packages/airflow/example_dags/example_nested_branch_dag.py for tasks to queue
[2025-11-16T20:35:51.462+0000] {logging_mixin.py:188} INFO - [2025-11-16T20:35:51.461+0000] {dagbag.py:538} INFO - Filling up the DagBag from /home/airflow/.local/lib/python3.8/site-packages/airflow/example_dags/example_nested_branch_dag.py
[2025-11-16T20:35:51.472+0000] {processor.py:840} INFO - DAG(s) 'example_nested_branch_dag' retrieved from /home/airflow/.local/lib/python3.8/site-packages/airflow/example_dags/example_nested_branch_dag.py
[2025-11-16T20:35:51.504+0000] {logging_mixin.py:188} INFO - [2025-11-16T20:35:51.503+0000] {dag.py:3036} INFO - Sync 1 DAGs
[2025-11-16T20:35:51.564+0000] {logging_mixin.py:188} INFO - [2025-11-16T20:35:51.562+0000] {dag.py:3823} INFO - Setting next_dagrun for example_nested_branch_dag to 2025-11-15 00:00:00+00:00, run_after=2025-11-16 00:00:00+00:00
[2025-11-16T20:35:51.610+0000] {processor.py:183} INFO - Processing /home/airflow/.local/lib/python3.8/site-packages/airflow/example_dags/example_nested_branch_dag.py took 0.153 seconds
[2025-11-16T20:36:22.589+0000] {processor.py:161} INFO - Started process (PID=2717) to work on /home/airflow/.local/lib/python3.8/site-packages/airflow/example_dags/example_nested_branch_dag.py
[2025-11-16T20:36:22.592+0000] {processor.py:830} INFO - Processing file /home/airflow/.local/lib/python3.8/site-packages/airflow/example_dags/example_nested_branch_dag.py for tasks to queue
[2025-11-16T20:36:22.594+0000] {logging_mixin.py:188} INFO - [2025-11-16T20:36:22.594+0000] {dagbag.py:538} INFO - Filling up the DagBag from /home/airflow/.local/lib/python3.8/site-packages/airflow/example_dags/example_nested_branch_dag.py
[2025-11-16T20:36:22.610+0000] {processor.py:840} INFO - DAG(s) 'example_nested_branch_dag' retrieved from /home/airflow/.local/lib/python3.8/site-packages/airflow/example_dags/example_nested_branch_dag.py
[2025-11-16T20:36:22.653+0000] {logging_mixin.py:188} INFO - [2025-11-16T20:36:22.652+0000] {dag.py:3036} INFO - Sync 1 DAGs
[2025-11-16T20:36:22.688+0000] {logging_mixin.py:188} INFO - [2025-11-16T20:36:22.688+0000] {dag.py:3823} INFO - Setting next_dagrun for example_nested_branch_dag to 2025-11-15 00:00:00+00:00, run_after=2025-11-16 00:00:00+00:00
[2025-11-16T20:36:22.728+0000] {processor.py:183} INFO - Processing /home/airflow/.local/lib/python3.8/site-packages/airflow/example_dags/example_nested_branch_dag.py took 0.143 seconds
[2025-11-16T20:36:53.817+0000] {processor.py:161} INFO - Started process (PID=2799) to work on /home/airflow/.local/lib/python3.8/site-packages/airflow/example_dags/example_nested_branch_dag.py
[2025-11-16T20:36:53.818+0000] {processor.py:830} INFO - Processing file /home/airflow/.local/lib/python3.8/site-packages/airflow/example_dags/example_nested_branch_dag.py for tasks to queue
[2025-11-16T20:36:53.819+0000] {logging_mixin.py:188} INFO - [2025-11-16T20:36:53.819+0000] {dagbag.py:538} INFO - Filling up the DagBag from /home/airflow/.local/lib/python3.8/site-packages/airflow/example_dags/example_nested_branch_dag.py
[2025-11-16T20:36:53.838+0000] {processor.py:840} INFO - DAG(s) 'example_nested_branch_dag' retrieved from /home/airflow/.local/lib/python3.8/site-packages/airflow/example_dags/example_nested_branch_dag.py
[2025-11-16T20:36:53.873+0000] {logging_mixin.py:188} INFO - [2025-11-16T20:36:53.872+0000] {dag.py:3036} INFO - Sync 1 DAGs
[2025-11-16T20:36:53.909+0000] {logging_mixin.py:188} INFO - [2025-11-16T20:36:53.909+0000] {dag.py:3823} INFO - Setting next_dagrun for example_nested_branch_dag to 2025-11-15 00:00:00+00:00, run_after=2025-11-16 00:00:00+00:00
[2025-11-16T20:36:53.942+0000] {processor.py:183} INFO - Processing /home/airflow/.local/lib/python3.8/site-packages/airflow/example_dags/example_nested_branch_dag.py took 0.132 seconds
[2025-11-16T20:37:24.458+0000] {processor.py:161} INFO - Started process (PID=2863) to work on /home/airflow/.local/lib/python3.8/site-packages/airflow/example_dags/example_nested_branch_dag.py
[2025-11-16T20:37:24.468+0000] {processor.py:830} INFO - Processing file /home/airflow/.local/lib/python3.8/site-packages/airflow/example_dags/example_nested_branch_dag.py for tasks to queue
[2025-11-16T20:37:24.485+0000] {logging_mixin.py:188} INFO - [2025-11-16T20:37:24.485+0000] {dagbag.py:538} INFO - Filling up the DagBag from /home/airflow/.local/lib/python3.8/site-packages/airflow/example_dags/example_nested_branch_dag.py
[2025-11-16T20:37:24.518+0000] {processor.py:840} INFO - DAG(s) 'example_nested_branch_dag' retrieved from /home/airflow/.local/lib/python3.8/site-packages/airflow/example_dags/example_nested_branch_dag.py
[2025-11-16T20:37:24.568+0000] {logging_mixin.py:188} INFO - [2025-11-16T20:37:24.566+0000] {dag.py:3036} INFO - Sync 1 DAGs
[2025-11-16T20:37:24.613+0000] {logging_mixin.py:188} INFO - [2025-11-16T20:37:24.612+0000] {dag.py:3823} INFO - Setting next_dagrun for example_nested_branch_dag to 2025-11-15 00:00:00+00:00, run_after=2025-11-16 00:00:00+00:00
[2025-11-16T20:37:24.651+0000] {processor.py:183} INFO - Processing /home/airflow/.local/lib/python3.8/site-packages/airflow/example_dags/example_nested_branch_dag.py took 0.201 seconds
[2025-11-16T20:37:55.638+0000] {processor.py:161} INFO - Started process (PID=2946) to work on /home/airflow/.local/lib/python3.8/site-packages/airflow/example_dags/example_nested_branch_dag.py
[2025-11-16T20:37:55.640+0000] {processor.py:830} INFO - Processing file /home/airflow/.local/lib/python3.8/site-packages/airflow/example_dags/example_nested_branch_dag.py for tasks to queue
[2025-11-16T20:37:55.641+0000] {logging_mixin.py:188} INFO - [2025-11-16T20:37:55.641+0000] {dagbag.py:538} INFO - Filling up the DagBag from /home/airflow/.local/lib/python3.8/site-packages/airflow/example_dags/example_nested_branch_dag.py
[2025-11-16T20:37:55.662+0000] {processor.py:840} INFO - DAG(s) 'example_nested_branch_dag' retrieved from /home/airflow/.local/lib/python3.8/site-packages/airflow/example_dags/example_nested_branch_dag.py
[2025-11-16T20:37:55.708+0000] {logging_mixin.py:188} INFO - [2025-11-16T20:37:55.708+0000] {dag.py:3036} INFO - Sync 1 DAGs
[2025-11-16T20:37:55.752+0000] {logging_mixin.py:188} INFO - [2025-11-16T20:37:55.752+0000] {dag.py:3823} INFO - Setting next_dagrun for example_nested_branch_dag to 2025-11-15 00:00:00+00:00, run_after=2025-11-16 00:00:00+00:00
[2025-11-16T20:37:55.797+0000] {processor.py:183} INFO - Processing /home/airflow/.local/lib/python3.8/site-packages/airflow/example_dags/example_nested_branch_dag.py took 0.165 seconds
[2025-11-16T20:38:26.024+0000] {processor.py:161} INFO - Started process (PID=3029) to work on /home/airflow/.local/lib/python3.8/site-packages/airflow/example_dags/example_nested_branch_dag.py
[2025-11-16T20:38:26.025+0000] {processor.py:830} INFO - Processing file /home/airflow/.local/lib/python3.8/site-packages/airflow/example_dags/example_nested_branch_dag.py for tasks to queue
[2025-11-16T20:38:26.027+0000] {logging_mixin.py:188} INFO - [2025-11-16T20:38:26.026+0000] {dagbag.py:538} INFO - Filling up the DagBag from /home/airflow/.local/lib/python3.8/site-packages/airflow/example_dags/example_nested_branch_dag.py
[2025-11-16T20:38:26.048+0000] {processor.py:840} INFO - DAG(s) 'example_nested_branch_dag' retrieved from /home/airflow/.local/lib/python3.8/site-packages/airflow/example_dags/example_nested_branch_dag.py
[2025-11-16T20:38:26.086+0000] {logging_mixin.py:188} INFO - [2025-11-16T20:38:26.086+0000] {dag.py:3036} INFO - Sync 1 DAGs
[2025-11-16T20:38:26.127+0000] {logging_mixin.py:188} INFO - [2025-11-16T20:38:26.127+0000] {dag.py:3823} INFO - Setting next_dagrun for example_nested_branch_dag to 2025-11-15 00:00:00+00:00, run_after=2025-11-16 00:00:00+00:00
[2025-11-16T20:38:26.160+0000] {processor.py:183} INFO - Processing /home/airflow/.local/lib/python3.8/site-packages/airflow/example_dags/example_nested_branch_dag.py took 0.142 seconds
[2025-11-16T20:38:56.524+0000] {processor.py:161} INFO - Started process (PID=3110) to work on /home/airflow/.local/lib/python3.8/site-packages/airflow/example_dags/example_nested_branch_dag.py
[2025-11-16T20:38:56.526+0000] {processor.py:830} INFO - Processing file /home/airflow/.local/lib/python3.8/site-packages/airflow/example_dags/example_nested_branch_dag.py for tasks to queue
[2025-11-16T20:38:56.527+0000] {logging_mixin.py:188} INFO - [2025-11-16T20:38:56.527+0000] {dagbag.py:538} INFO - Filling up the DagBag from /home/airflow/.local/lib/python3.8/site-packages/airflow/example_dags/example_nested_branch_dag.py
[2025-11-16T20:38:56.542+0000] {processor.py:840} INFO - DAG(s) 'example_nested_branch_dag' retrieved from /home/airflow/.local/lib/python3.8/site-packages/airflow/example_dags/example_nested_branch_dag.py
[2025-11-16T20:38:56.578+0000] {logging_mixin.py:188} INFO - [2025-11-16T20:38:56.577+0000] {dag.py:3036} INFO - Sync 1 DAGs
[2025-11-16T20:38:56.617+0000] {logging_mixin.py:188} INFO - [2025-11-16T20:38:56.616+0000] {dag.py:3823} INFO - Setting next_dagrun for example_nested_branch_dag to 2025-11-15 00:00:00+00:00, run_after=2025-11-16 00:00:00+00:00
[2025-11-16T20:38:56.665+0000] {processor.py:183} INFO - Processing /home/airflow/.local/lib/python3.8/site-packages/airflow/example_dags/example_nested_branch_dag.py took 0.147 seconds
[2025-11-16T20:39:27.515+0000] {processor.py:161} INFO - Started process (PID=3178) to work on /home/airflow/.local/lib/python3.8/site-packages/airflow/example_dags/example_nested_branch_dag.py
[2025-11-16T20:39:27.516+0000] {processor.py:830} INFO - Processing file /home/airflow/.local/lib/python3.8/site-packages/airflow/example_dags/example_nested_branch_dag.py for tasks to queue
[2025-11-16T20:39:27.517+0000] {logging_mixin.py:188} INFO - [2025-11-16T20:39:27.516+0000] {dagbag.py:538} INFO - Filling up the DagBag from /home/airflow/.local/lib/python3.8/site-packages/airflow/example_dags/example_nested_branch_dag.py
[2025-11-16T20:39:27.527+0000] {processor.py:840} INFO - DAG(s) 'example_nested_branch_dag' retrieved from /home/airflow/.local/lib/python3.8/site-packages/airflow/example_dags/example_nested_branch_dag.py
[2025-11-16T20:39:27.557+0000] {logging_mixin.py:188} INFO - [2025-11-16T20:39:27.556+0000] {dag.py:3036} INFO - Sync 1 DAGs
[2025-11-16T20:39:27.625+0000] {logging_mixin.py:188} INFO - [2025-11-16T20:39:27.624+0000] {dag.py:3823} INFO - Setting next_dagrun for example_nested_branch_dag to 2025-11-15 00:00:00+00:00, run_after=2025-11-16 00:00:00+00:00
[2025-11-16T20:39:27.684+0000] {processor.py:183} INFO - Processing /home/airflow/.local/lib/python3.8/site-packages/airflow/example_dags/example_nested_branch_dag.py took 0.172 seconds
[2025-11-16T20:39:57.829+0000] {processor.py:161} INFO - Started process (PID=3263) to work on /home/airflow/.local/lib/python3.8/site-packages/airflow/example_dags/example_nested_branch_dag.py
[2025-11-16T20:39:57.830+0000] {processor.py:830} INFO - Processing file /home/airflow/.local/lib/python3.8/site-packages/airflow/example_dags/example_nested_branch_dag.py for tasks to queue
[2025-11-16T20:39:57.831+0000] {logging_mixin.py:188} INFO - [2025-11-16T20:39:57.830+0000] {dagbag.py:538} INFO - Filling up the DagBag from /home/airflow/.local/lib/python3.8/site-packages/airflow/example_dags/example_nested_branch_dag.py
[2025-11-16T20:39:57.849+0000] {processor.py:840} INFO - DAG(s) 'example_nested_branch_dag' retrieved from /home/airflow/.local/lib/python3.8/site-packages/airflow/example_dags/example_nested_branch_dag.py
[2025-11-16T20:39:57.894+0000] {logging_mixin.py:188} INFO - [2025-11-16T20:39:57.894+0000] {dag.py:3036} INFO - Sync 1 DAGs
[2025-11-16T20:39:57.940+0000] {logging_mixin.py:188} INFO - [2025-11-16T20:39:57.940+0000] {dag.py:3823} INFO - Setting next_dagrun for example_nested_branch_dag to 2025-11-15 00:00:00+00:00, run_after=2025-11-16 00:00:00+00:00
[2025-11-16T20:39:57.984+0000] {processor.py:183} INFO - Processing /home/airflow/.local/lib/python3.8/site-packages/airflow/example_dags/example_nested_branch_dag.py took 0.160 seconds
[2025-11-16T20:42:19.911+0000] {processor.py:161} INFO - Started process (PID=115) to work on /home/airflow/.local/lib/python3.8/site-packages/airflow/example_dags/example_nested_branch_dag.py
[2025-11-16T20:42:19.914+0000] {processor.py:830} INFO - Processing file /home/airflow/.local/lib/python3.8/site-packages/airflow/example_dags/example_nested_branch_dag.py for tasks to queue
[2025-11-16T20:42:19.919+0000] {logging_mixin.py:188} INFO - [2025-11-16T20:42:19.917+0000] {dagbag.py:538} INFO - Filling up the DagBag from /home/airflow/.local/lib/python3.8/site-packages/airflow/example_dags/example_nested_branch_dag.py
[2025-11-16T20:42:19.972+0000] {processor.py:840} INFO - DAG(s) 'example_nested_branch_dag' retrieved from /home/airflow/.local/lib/python3.8/site-packages/airflow/example_dags/example_nested_branch_dag.py
[2025-11-16T20:42:20.330+0000] {logging_mixin.py:188} INFO - [2025-11-16T20:42:20.329+0000] {dag.py:3036} INFO - Sync 1 DAGs
[2025-11-16T20:42:20.399+0000] {logging_mixin.py:188} INFO - [2025-11-16T20:42:20.398+0000] {dag.py:3823} INFO - Setting next_dagrun for example_nested_branch_dag to 2025-11-15 00:00:00+00:00, run_after=2025-11-16 00:00:00+00:00
[2025-11-16T20:42:20.435+0000] {processor.py:183} INFO - Processing /home/airflow/.local/lib/python3.8/site-packages/airflow/example_dags/example_nested_branch_dag.py took 0.541 seconds
[2025-11-16T20:42:51.157+0000] {processor.py:161} INFO - Started process (PID=196) to work on /home/airflow/.local/lib/python3.8/site-packages/airflow/example_dags/example_nested_branch_dag.py
[2025-11-16T20:42:51.158+0000] {processor.py:830} INFO - Processing file /home/airflow/.local/lib/python3.8/site-packages/airflow/example_dags/example_nested_branch_dag.py for tasks to queue
[2025-11-16T20:42:51.159+0000] {logging_mixin.py:188} INFO - [2025-11-16T20:42:51.159+0000] {dagbag.py:538} INFO - Filling up the DagBag from /home/airflow/.local/lib/python3.8/site-packages/airflow/example_dags/example_nested_branch_dag.py
[2025-11-16T20:42:51.170+0000] {processor.py:840} INFO - DAG(s) 'example_nested_branch_dag' retrieved from /home/airflow/.local/lib/python3.8/site-packages/airflow/example_dags/example_nested_branch_dag.py
[2025-11-16T20:42:51.198+0000] {logging_mixin.py:188} INFO - [2025-11-16T20:42:51.198+0000] {dag.py:3036} INFO - Sync 1 DAGs
[2025-11-16T20:42:51.224+0000] {logging_mixin.py:188} INFO - [2025-11-16T20:42:51.224+0000] {dag.py:3823} INFO - Setting next_dagrun for example_nested_branch_dag to 2025-11-15 00:00:00+00:00, run_after=2025-11-16 00:00:00+00:00
[2025-11-16T20:42:51.377+0000] {processor.py:183} INFO - Processing /home/airflow/.local/lib/python3.8/site-packages/airflow/example_dags/example_nested_branch_dag.py took 0.223 seconds
[2025-11-16T20:43:25.306+0000] {processor.py:161} INFO - Started process (PID=277) to work on /home/airflow/.local/lib/python3.8/site-packages/airflow/example_dags/example_nested_branch_dag.py
[2025-11-16T20:43:25.307+0000] {processor.py:830} INFO - Processing file /home/airflow/.local/lib/python3.8/site-packages/airflow/example_dags/example_nested_branch_dag.py for tasks to queue
[2025-11-16T20:43:25.308+0000] {logging_mixin.py:188} INFO - [2025-11-16T20:43:25.308+0000] {dagbag.py:538} INFO - Filling up the DagBag from /home/airflow/.local/lib/python3.8/site-packages/airflow/example_dags/example_nested_branch_dag.py
[2025-11-16T20:43:25.319+0000] {processor.py:840} INFO - DAG(s) 'example_nested_branch_dag' retrieved from /home/airflow/.local/lib/python3.8/site-packages/airflow/example_dags/example_nested_branch_dag.py
[2025-11-16T20:43:25.344+0000] {logging_mixin.py:188} INFO - [2025-11-16T20:43:25.344+0000] {dag.py:3036} INFO - Sync 1 DAGs
[2025-11-16T20:43:25.378+0000] {logging_mixin.py:188} INFO - [2025-11-16T20:43:25.378+0000] {dag.py:3823} INFO - Setting next_dagrun for example_nested_branch_dag to 2025-11-15 00:00:00+00:00, run_after=2025-11-16 00:00:00+00:00
[2025-11-16T20:43:25.402+0000] {processor.py:183} INFO - Processing /home/airflow/.local/lib/python3.8/site-packages/airflow/example_dags/example_nested_branch_dag.py took 0.099 seconds
[2025-11-16T20:43:56.348+0000] {processor.py:161} INFO - Started process (PID=358) to work on /home/airflow/.local/lib/python3.8/site-packages/airflow/example_dags/example_nested_branch_dag.py
[2025-11-16T20:43:56.348+0000] {processor.py:830} INFO - Processing file /home/airflow/.local/lib/python3.8/site-packages/airflow/example_dags/example_nested_branch_dag.py for tasks to queue
[2025-11-16T20:43:56.350+0000] {logging_mixin.py:188} INFO - [2025-11-16T20:43:56.349+0000] {dagbag.py:538} INFO - Filling up the DagBag from /home/airflow/.local/lib/python3.8/site-packages/airflow/example_dags/example_nested_branch_dag.py
[2025-11-16T20:43:56.361+0000] {processor.py:840} INFO - DAG(s) 'example_nested_branch_dag' retrieved from /home/airflow/.local/lib/python3.8/site-packages/airflow/example_dags/example_nested_branch_dag.py
[2025-11-16T20:43:56.386+0000] {logging_mixin.py:188} INFO - [2025-11-16T20:43:56.385+0000] {dag.py:3036} INFO - Sync 1 DAGs
[2025-11-16T20:43:56.407+0000] {logging_mixin.py:188} INFO - [2025-11-16T20:43:56.407+0000] {dag.py:3823} INFO - Setting next_dagrun for example_nested_branch_dag to 2025-11-15 00:00:00+00:00, run_after=2025-11-16 00:00:00+00:00
[2025-11-16T20:43:56.429+0000] {processor.py:183} INFO - Processing /home/airflow/.local/lib/python3.8/site-packages/airflow/example_dags/example_nested_branch_dag.py took 0.084 seconds
[2025-11-16T20:44:26.467+0000] {processor.py:161} INFO - Started process (PID=445) to work on /home/airflow/.local/lib/python3.8/site-packages/airflow/example_dags/example_nested_branch_dag.py
[2025-11-16T20:44:26.468+0000] {processor.py:830} INFO - Processing file /home/airflow/.local/lib/python3.8/site-packages/airflow/example_dags/example_nested_branch_dag.py for tasks to queue
[2025-11-16T20:44:26.470+0000] {logging_mixin.py:188} INFO - [2025-11-16T20:44:26.469+0000] {dagbag.py:538} INFO - Filling up the DagBag from /home/airflow/.local/lib/python3.8/site-packages/airflow/example_dags/example_nested_branch_dag.py
[2025-11-16T20:44:26.483+0000] {processor.py:840} INFO - DAG(s) 'example_nested_branch_dag' retrieved from /home/airflow/.local/lib/python3.8/site-packages/airflow/example_dags/example_nested_branch_dag.py
[2025-11-16T20:44:26.516+0000] {logging_mixin.py:188} INFO - [2025-11-16T20:44:26.515+0000] {dag.py:3036} INFO - Sync 1 DAGs
[2025-11-16T20:44:26.544+0000] {logging_mixin.py:188} INFO - [2025-11-16T20:44:26.544+0000] {dag.py:3823} INFO - Setting next_dagrun for example_nested_branch_dag to 2025-11-15 00:00:00+00:00, run_after=2025-11-16 00:00:00+00:00
[2025-11-16T20:44:26.576+0000] {processor.py:183} INFO - Processing /home/airflow/.local/lib/python3.8/site-packages/airflow/example_dags/example_nested_branch_dag.py took 0.112 seconds
[2025-11-16T20:44:57.092+0000] {processor.py:161} INFO - Started process (PID=534) to work on /home/airflow/.local/lib/python3.8/site-packages/airflow/example_dags/example_nested_branch_dag.py
[2025-11-16T20:44:57.093+0000] {processor.py:830} INFO - Processing file /home/airflow/.local/lib/python3.8/site-packages/airflow/example_dags/example_nested_branch_dag.py for tasks to queue
[2025-11-16T20:44:57.095+0000] {logging_mixin.py:188} INFO - [2025-11-16T20:44:57.094+0000] {dagbag.py:538} INFO - Filling up the DagBag from /home/airflow/.local/lib/python3.8/site-packages/airflow/example_dags/example_nested_branch_dag.py
[2025-11-16T20:44:57.105+0000] {processor.py:840} INFO - DAG(s) 'example_nested_branch_dag' retrieved from /home/airflow/.local/lib/python3.8/site-packages/airflow/example_dags/example_nested_branch_dag.py
[2025-11-16T20:44:57.133+0000] {logging_mixin.py:188} INFO - [2025-11-16T20:44:57.133+0000] {dag.py:3036} INFO - Sync 1 DAGs
[2025-11-16T20:44:57.153+0000] {logging_mixin.py:188} INFO - [2025-11-16T20:44:57.152+0000] {dag.py:3823} INFO - Setting next_dagrun for example_nested_branch_dag to 2025-11-15 00:00:00+00:00, run_after=2025-11-16 00:00:00+00:00
[2025-11-16T20:44:57.174+0000] {processor.py:183} INFO - Processing /home/airflow/.local/lib/python3.8/site-packages/airflow/example_dags/example_nested_branch_dag.py took 0.084 seconds
[2025-11-16T20:45:27.844+0000] {processor.py:161} INFO - Started process (PID=616) to work on /home/airflow/.local/lib/python3.8/site-packages/airflow/example_dags/example_nested_branch_dag.py
[2025-11-16T20:45:27.846+0000] {processor.py:830} INFO - Processing file /home/airflow/.local/lib/python3.8/site-packages/airflow/example_dags/example_nested_branch_dag.py for tasks to queue
[2025-11-16T20:45:27.847+0000] {logging_mixin.py:188} INFO - [2025-11-16T20:45:27.847+0000] {dagbag.py:538} INFO - Filling up the DagBag from /home/airflow/.local/lib/python3.8/site-packages/airflow/example_dags/example_nested_branch_dag.py
[2025-11-16T20:45:27.858+0000] {processor.py:840} INFO - DAG(s) 'example_nested_branch_dag' retrieved from /home/airflow/.local/lib/python3.8/site-packages/airflow/example_dags/example_nested_branch_dag.py
[2025-11-16T20:45:27.885+0000] {logging_mixin.py:188} INFO - [2025-11-16T20:45:27.884+0000] {dag.py:3036} INFO - Sync 1 DAGs
[2025-11-16T20:45:27.908+0000] {logging_mixin.py:188} INFO - [2025-11-16T20:45:27.907+0000] {dag.py:3823} INFO - Setting next_dagrun for example_nested_branch_dag to 2025-11-15 00:00:00+00:00, run_after=2025-11-16 00:00:00+00:00
[2025-11-16T20:45:27.925+0000] {processor.py:183} INFO - Processing /home/airflow/.local/lib/python3.8/site-packages/airflow/example_dags/example_nested_branch_dag.py took 0.085 seconds
[2025-11-16T20:45:58.299+0000] {processor.py:161} INFO - Started process (PID=712) to work on /home/airflow/.local/lib/python3.8/site-packages/airflow/example_dags/example_nested_branch_dag.py
[2025-11-16T20:45:58.300+0000] {processor.py:830} INFO - Processing file /home/airflow/.local/lib/python3.8/site-packages/airflow/example_dags/example_nested_branch_dag.py for tasks to queue
[2025-11-16T20:45:58.301+0000] {logging_mixin.py:188} INFO - [2025-11-16T20:45:58.301+0000] {dagbag.py:538} INFO - Filling up the DagBag from /home/airflow/.local/lib/python3.8/site-packages/airflow/example_dags/example_nested_branch_dag.py
[2025-11-16T20:45:58.312+0000] {processor.py:840} INFO - DAG(s) 'example_nested_branch_dag' retrieved from /home/airflow/.local/lib/python3.8/site-packages/airflow/example_dags/example_nested_branch_dag.py
[2025-11-16T20:45:58.340+0000] {logging_mixin.py:188} INFO - [2025-11-16T20:45:58.339+0000] {dag.py:3036} INFO - Sync 1 DAGs
[2025-11-16T20:45:58.363+0000] {logging_mixin.py:188} INFO - [2025-11-16T20:45:58.363+0000] {dag.py:3823} INFO - Setting next_dagrun for example_nested_branch_dag to 2025-11-15 00:00:00+00:00, run_after=2025-11-16 00:00:00+00:00
[2025-11-16T20:45:58.386+0000] {processor.py:183} INFO - Processing /home/airflow/.local/lib/python3.8/site-packages/airflow/example_dags/example_nested_branch_dag.py took 0.090 seconds
[2025-11-16T20:46:28.678+0000] {processor.py:161} INFO - Started process (PID=793) to work on /home/airflow/.local/lib/python3.8/site-packages/airflow/example_dags/example_nested_branch_dag.py
[2025-11-16T20:46:28.680+0000] {processor.py:830} INFO - Processing file /home/airflow/.local/lib/python3.8/site-packages/airflow/example_dags/example_nested_branch_dag.py for tasks to queue
[2025-11-16T20:46:28.681+0000] {logging_mixin.py:188} INFO - [2025-11-16T20:46:28.681+0000] {dagbag.py:538} INFO - Filling up the DagBag from /home/airflow/.local/lib/python3.8/site-packages/airflow/example_dags/example_nested_branch_dag.py
[2025-11-16T20:46:28.692+0000] {processor.py:840} INFO - DAG(s) 'example_nested_branch_dag' retrieved from /home/airflow/.local/lib/python3.8/site-packages/airflow/example_dags/example_nested_branch_dag.py
[2025-11-16T20:46:28.719+0000] {logging_mixin.py:188} INFO - [2025-11-16T20:46:28.718+0000] {dag.py:3036} INFO - Sync 1 DAGs
[2025-11-16T20:46:28.747+0000] {logging_mixin.py:188} INFO - [2025-11-16T20:46:28.747+0000] {dag.py:3823} INFO - Setting next_dagrun for example_nested_branch_dag to 2025-11-15 00:00:00+00:00, run_after=2025-11-16 00:00:00+00:00
[2025-11-16T20:46:28.767+0000] {processor.py:183} INFO - Processing /home/airflow/.local/lib/python3.8/site-packages/airflow/example_dags/example_nested_branch_dag.py took 0.091 seconds
[2025-11-16T20:46:59.115+0000] {processor.py:161} INFO - Started process (PID=874) to work on /home/airflow/.local/lib/python3.8/site-packages/airflow/example_dags/example_nested_branch_dag.py
[2025-11-16T20:46:59.116+0000] {processor.py:830} INFO - Processing file /home/airflow/.local/lib/python3.8/site-packages/airflow/example_dags/example_nested_branch_dag.py for tasks to queue
[2025-11-16T20:46:59.118+0000] {logging_mixin.py:188} INFO - [2025-11-16T20:46:59.117+0000] {dagbag.py:538} INFO - Filling up the DagBag from /home/airflow/.local/lib/python3.8/site-packages/airflow/example_dags/example_nested_branch_dag.py
[2025-11-16T20:46:59.129+0000] {processor.py:840} INFO - DAG(s) 'example_nested_branch_dag' retrieved from /home/airflow/.local/lib/python3.8/site-packages/airflow/example_dags/example_nested_branch_dag.py
[2025-11-16T20:46:59.158+0000] {logging_mixin.py:188} INFO - [2025-11-16T20:46:59.158+0000] {dag.py:3036} INFO - Sync 1 DAGs
[2025-11-16T20:46:59.184+0000] {logging_mixin.py:188} INFO - [2025-11-16T20:46:59.184+0000] {dag.py:3823} INFO - Setting next_dagrun for example_nested_branch_dag to 2025-11-15 00:00:00+00:00, run_after=2025-11-16 00:00:00+00:00
[2025-11-16T20:46:59.206+0000] {processor.py:183} INFO - Processing /home/airflow/.local/lib/python3.8/site-packages/airflow/example_dags/example_nested_branch_dag.py took 0.094 seconds
[2025-11-16T20:47:29.468+0000] {processor.py:161} INFO - Started process (PID=970) to work on /home/airflow/.local/lib/python3.8/site-packages/airflow/example_dags/example_nested_branch_dag.py
[2025-11-16T20:47:29.469+0000] {processor.py:830} INFO - Processing file /home/airflow/.local/lib/python3.8/site-packages/airflow/example_dags/example_nested_branch_dag.py for tasks to queue
[2025-11-16T20:47:29.470+0000] {logging_mixin.py:188} INFO - [2025-11-16T20:47:29.470+0000] {dagbag.py:538} INFO - Filling up the DagBag from /home/airflow/.local/lib/python3.8/site-packages/airflow/example_dags/example_nested_branch_dag.py
[2025-11-16T20:47:29.481+0000] {processor.py:840} INFO - DAG(s) 'example_nested_branch_dag' retrieved from /home/airflow/.local/lib/python3.8/site-packages/airflow/example_dags/example_nested_branch_dag.py
[2025-11-16T20:47:29.507+0000] {logging_mixin.py:188} INFO - [2025-11-16T20:47:29.507+0000] {dag.py:3036} INFO - Sync 1 DAGs
[2025-11-16T20:47:29.528+0000] {logging_mixin.py:188} INFO - [2025-11-16T20:47:29.527+0000] {dag.py:3823} INFO - Setting next_dagrun for example_nested_branch_dag to 2025-11-15 00:00:00+00:00, run_after=2025-11-16 00:00:00+00:00
[2025-11-16T20:47:29.551+0000] {processor.py:183} INFO - Processing /home/airflow/.local/lib/python3.8/site-packages/airflow/example_dags/example_nested_branch_dag.py took 0.087 seconds
[2025-11-16T20:47:59.619+0000] {processor.py:161} INFO - Started process (PID=1051) to work on /home/airflow/.local/lib/python3.8/site-packages/airflow/example_dags/example_nested_branch_dag.py
[2025-11-16T20:47:59.620+0000] {processor.py:830} INFO - Processing file /home/airflow/.local/lib/python3.8/site-packages/airflow/example_dags/example_nested_branch_dag.py for tasks to queue
[2025-11-16T20:47:59.621+0000] {logging_mixin.py:188} INFO - [2025-11-16T20:47:59.621+0000] {dagbag.py:538} INFO - Filling up the DagBag from /home/airflow/.local/lib/python3.8/site-packages/airflow/example_dags/example_nested_branch_dag.py
[2025-11-16T20:47:59.630+0000] {processor.py:840} INFO - DAG(s) 'example_nested_branch_dag' retrieved from /home/airflow/.local/lib/python3.8/site-packages/airflow/example_dags/example_nested_branch_dag.py
[2025-11-16T20:47:59.654+0000] {logging_mixin.py:188} INFO - [2025-11-16T20:47:59.654+0000] {dag.py:3036} INFO - Sync 1 DAGs
[2025-11-16T20:47:59.676+0000] {logging_mixin.py:188} INFO - [2025-11-16T20:47:59.675+0000] {dag.py:3823} INFO - Setting next_dagrun for example_nested_branch_dag to 2025-11-15 00:00:00+00:00, run_after=2025-11-16 00:00:00+00:00
[2025-11-16T20:47:59.698+0000] {processor.py:183} INFO - Processing /home/airflow/.local/lib/python3.8/site-packages/airflow/example_dags/example_nested_branch_dag.py took 0.081 seconds
[2025-11-16T20:48:29.905+0000] {processor.py:161} INFO - Started process (PID=1131) to work on /home/airflow/.local/lib/python3.8/site-packages/airflow/example_dags/example_nested_branch_dag.py
[2025-11-16T20:48:29.907+0000] {processor.py:830} INFO - Processing file /home/airflow/.local/lib/python3.8/site-packages/airflow/example_dags/example_nested_branch_dag.py for tasks to queue
[2025-11-16T20:48:29.908+0000] {logging_mixin.py:188} INFO - [2025-11-16T20:48:29.908+0000] {dagbag.py:538} INFO - Filling up the DagBag from /home/airflow/.local/lib/python3.8/site-packages/airflow/example_dags/example_nested_branch_dag.py
[2025-11-16T20:48:29.918+0000] {processor.py:840} INFO - DAG(s) 'example_nested_branch_dag' retrieved from /home/airflow/.local/lib/python3.8/site-packages/airflow/example_dags/example_nested_branch_dag.py
[2025-11-16T20:48:29.945+0000] {logging_mixin.py:188} INFO - [2025-11-16T20:48:29.945+0000] {dag.py:3036} INFO - Sync 1 DAGs
[2025-11-16T20:48:29.974+0000] {logging_mixin.py:188} INFO - [2025-11-16T20:48:29.973+0000] {dag.py:3823} INFO - Setting next_dagrun for example_nested_branch_dag to 2025-11-15 00:00:00+00:00, run_after=2025-11-16 00:00:00+00:00
[2025-11-16T20:48:29.994+0000] {processor.py:183} INFO - Processing /home/airflow/.local/lib/python3.8/site-packages/airflow/example_dags/example_nested_branch_dag.py took 0.092 seconds
[2025-11-16T20:49:05.231+0000] {processor.py:161} INFO - Started process (PID=1219) to work on /home/airflow/.local/lib/python3.8/site-packages/airflow/example_dags/example_nested_branch_dag.py
[2025-11-16T20:49:05.232+0000] {processor.py:830} INFO - Processing file /home/airflow/.local/lib/python3.8/site-packages/airflow/example_dags/example_nested_branch_dag.py for tasks to queue
[2025-11-16T20:49:05.234+0000] {logging_mixin.py:188} INFO - [2025-11-16T20:49:05.234+0000] {dagbag.py:538} INFO - Filling up the DagBag from /home/airflow/.local/lib/python3.8/site-packages/airflow/example_dags/example_nested_branch_dag.py
[2025-11-16T20:49:05.274+0000] {processor.py:840} INFO - DAG(s) 'example_nested_branch_dag' retrieved from /home/airflow/.local/lib/python3.8/site-packages/airflow/example_dags/example_nested_branch_dag.py
[2025-11-16T20:49:06.970+0000] {logging_mixin.py:188} INFO - [2025-11-16T20:49:06.969+0000] {dag.py:3036} INFO - Sync 1 DAGs
[2025-11-16T20:49:07.052+0000] {logging_mixin.py:188} INFO - [2025-11-16T20:49:07.051+0000] {dag.py:3823} INFO - Setting next_dagrun for example_nested_branch_dag to 2025-11-15 00:00:00+00:00, run_after=2025-11-16 00:00:00+00:00
[2025-11-16T20:49:07.686+0000] {processor.py:183} INFO - Processing /home/airflow/.local/lib/python3.8/site-packages/airflow/example_dags/example_nested_branch_dag.py took 2.473 seconds
[2025-11-16T20:49:38.014+0000] {processor.py:161} INFO - Started process (PID=1293) to work on /home/airflow/.local/lib/python3.8/site-packages/airflow/example_dags/example_nested_branch_dag.py
[2025-11-16T20:49:38.018+0000] {processor.py:830} INFO - Processing file /home/airflow/.local/lib/python3.8/site-packages/airflow/example_dags/example_nested_branch_dag.py for tasks to queue
[2025-11-16T20:49:38.023+0000] {logging_mixin.py:188} INFO - [2025-11-16T20:49:38.022+0000] {dagbag.py:538} INFO - Filling up the DagBag from /home/airflow/.local/lib/python3.8/site-packages/airflow/example_dags/example_nested_branch_dag.py
[2025-11-16T20:49:38.045+0000] {processor.py:840} INFO - DAG(s) 'example_nested_branch_dag' retrieved from /home/airflow/.local/lib/python3.8/site-packages/airflow/example_dags/example_nested_branch_dag.py
[2025-11-16T20:49:38.099+0000] {logging_mixin.py:188} INFO - [2025-11-16T20:49:38.099+0000] {dag.py:3036} INFO - Sync 1 DAGs
[2025-11-16T20:49:38.151+0000] {logging_mixin.py:188} INFO - [2025-11-16T20:49:38.150+0000] {dag.py:3823} INFO - Setting next_dagrun for example_nested_branch_dag to 2025-11-15 00:00:00+00:00, run_after=2025-11-16 00:00:00+00:00
[2025-11-16T20:49:38.209+0000] {processor.py:183} INFO - Processing /home/airflow/.local/lib/python3.8/site-packages/airflow/example_dags/example_nested_branch_dag.py took 0.205 seconds
[2025-11-16T20:50:08.475+0000] {processor.py:161} INFO - Started process (PID=1358) to work on /home/airflow/.local/lib/python3.8/site-packages/airflow/example_dags/example_nested_branch_dag.py
[2025-11-16T20:50:08.476+0000] {processor.py:830} INFO - Processing file /home/airflow/.local/lib/python3.8/site-packages/airflow/example_dags/example_nested_branch_dag.py for tasks to queue
[2025-11-16T20:50:08.477+0000] {logging_mixin.py:188} INFO - [2025-11-16T20:50:08.476+0000] {dagbag.py:538} INFO - Filling up the DagBag from /home/airflow/.local/lib/python3.8/site-packages/airflow/example_dags/example_nested_branch_dag.py
[2025-11-16T20:50:08.495+0000] {processor.py:840} INFO - DAG(s) 'example_nested_branch_dag' retrieved from /home/airflow/.local/lib/python3.8/site-packages/airflow/example_dags/example_nested_branch_dag.py
[2025-11-16T20:50:08.534+0000] {logging_mixin.py:188} INFO - [2025-11-16T20:50:08.534+0000] {dag.py:3036} INFO - Sync 1 DAGs
[2025-11-16T20:50:08.568+0000] {logging_mixin.py:188} INFO - [2025-11-16T20:50:08.568+0000] {dag.py:3823} INFO - Setting next_dagrun for example_nested_branch_dag to 2025-11-15 00:00:00+00:00, run_after=2025-11-16 00:00:00+00:00
[2025-11-16T20:50:08.601+0000] {processor.py:183} INFO - Processing /home/airflow/.local/lib/python3.8/site-packages/airflow/example_dags/example_nested_branch_dag.py took 0.132 seconds
[2025-11-16T23:16:10.164+0000] {processor.py:161} INFO - Started process (PID=1390) to work on /home/airflow/.local/lib/python3.8/site-packages/airflow/example_dags/example_nested_branch_dag.py
[2025-11-16T23:16:10.179+0000] {processor.py:830} INFO - Processing file /home/airflow/.local/lib/python3.8/site-packages/airflow/example_dags/example_nested_branch_dag.py for tasks to queue
[2025-11-16T23:16:10.200+0000] {logging_mixin.py:188} INFO - [2025-11-16T23:16:10.192+0000] {dagbag.py:538} INFO - Filling up the DagBag from /home/airflow/.local/lib/python3.8/site-packages/airflow/example_dags/example_nested_branch_dag.py
[2025-11-16T23:16:10.455+0000] {processor.py:840} INFO - DAG(s) 'example_nested_branch_dag' retrieved from /home/airflow/.local/lib/python3.8/site-packages/airflow/example_dags/example_nested_branch_dag.py
[2025-11-16T23:16:10.569+0000] {logging_mixin.py:188} INFO - [2025-11-16T23:16:10.568+0000] {dag.py:3036} INFO - Sync 1 DAGs
[2025-11-16T23:16:10.667+0000] {logging_mixin.py:188} INFO - [2025-11-16T23:16:10.665+0000] {dag.py:3823} INFO - Setting next_dagrun for example_nested_branch_dag to 2025-11-15 00:00:00+00:00, run_after=2025-11-16 00:00:00+00:00
[2025-11-16T23:16:10.749+0000] {processor.py:183} INFO - Processing /home/airflow/.local/lib/python3.8/site-packages/airflow/example_dags/example_nested_branch_dag.py took 0.615 seconds
[2025-11-16T23:16:46.564+0000] {processor.py:161} INFO - Started process (PID=1473) to work on /home/airflow/.local/lib/python3.8/site-packages/airflow/example_dags/example_nested_branch_dag.py
[2025-11-16T23:16:46.565+0000] {processor.py:830} INFO - Processing file /home/airflow/.local/lib/python3.8/site-packages/airflow/example_dags/example_nested_branch_dag.py for tasks to queue
[2025-11-16T23:16:46.567+0000] {logging_mixin.py:188} INFO - [2025-11-16T23:16:46.567+0000] {dagbag.py:538} INFO - Filling up the DagBag from /home/airflow/.local/lib/python3.8/site-packages/airflow/example_dags/example_nested_branch_dag.py
[2025-11-16T23:16:46.587+0000] {processor.py:840} INFO - DAG(s) 'example_nested_branch_dag' retrieved from /home/airflow/.local/lib/python3.8/site-packages/airflow/example_dags/example_nested_branch_dag.py
[2025-11-16T23:16:46.635+0000] {logging_mixin.py:188} INFO - [2025-11-16T23:16:46.635+0000] {dag.py:3036} INFO - Sync 1 DAGs
[2025-11-16T23:16:46.681+0000] {logging_mixin.py:188} INFO - [2025-11-16T23:16:46.680+0000] {dag.py:3823} INFO - Setting next_dagrun for example_nested_branch_dag to 2025-11-15 00:00:00+00:00, run_after=2025-11-16 00:00:00+00:00
[2025-11-16T23:16:46.722+0000] {processor.py:183} INFO - Processing /home/airflow/.local/lib/python3.8/site-packages/airflow/example_dags/example_nested_branch_dag.py took 0.165 seconds
[2025-11-16T23:17:17.748+0000] {processor.py:161} INFO - Started process (PID=1552) to work on /home/airflow/.local/lib/python3.8/site-packages/airflow/example_dags/example_nested_branch_dag.py
[2025-11-16T23:17:17.803+0000] {processor.py:830} INFO - Processing file /home/airflow/.local/lib/python3.8/site-packages/airflow/example_dags/example_nested_branch_dag.py for tasks to queue
[2025-11-16T23:17:17.805+0000] {logging_mixin.py:188} INFO - [2025-11-16T23:17:17.804+0000] {dagbag.py:538} INFO - Filling up the DagBag from /home/airflow/.local/lib/python3.8/site-packages/airflow/example_dags/example_nested_branch_dag.py
[2025-11-16T23:17:17.823+0000] {processor.py:840} INFO - DAG(s) 'example_nested_branch_dag' retrieved from /home/airflow/.local/lib/python3.8/site-packages/airflow/example_dags/example_nested_branch_dag.py
[2025-11-16T23:17:17.867+0000] {logging_mixin.py:188} INFO - [2025-11-16T23:17:17.865+0000] {dag.py:3036} INFO - Sync 1 DAGs
[2025-11-16T23:17:17.909+0000] {logging_mixin.py:188} INFO - [2025-11-16T23:17:17.908+0000] {dag.py:3823} INFO - Setting next_dagrun for example_nested_branch_dag to 2025-11-15 00:00:00+00:00, run_after=2025-11-16 00:00:00+00:00
[2025-11-16T23:17:18.259+0000] {processor.py:183} INFO - Processing /home/airflow/.local/lib/python3.8/site-packages/airflow/example_dags/example_nested_branch_dag.py took 0.518 seconds
[2025-11-16T23:17:54.801+0000] {processor.py:161} INFO - Started process (PID=1620) to work on /home/airflow/.local/lib/python3.8/site-packages/airflow/example_dags/example_nested_branch_dag.py
[2025-11-16T23:17:54.802+0000] {processor.py:830} INFO - Processing file /home/airflow/.local/lib/python3.8/site-packages/airflow/example_dags/example_nested_branch_dag.py for tasks to queue
[2025-11-16T23:17:54.806+0000] {logging_mixin.py:188} INFO - [2025-11-16T23:17:54.804+0000] {dagbag.py:538} INFO - Filling up the DagBag from /home/airflow/.local/lib/python3.8/site-packages/airflow/example_dags/example_nested_branch_dag.py
[2025-11-16T23:17:54.826+0000] {processor.py:840} INFO - DAG(s) 'example_nested_branch_dag' retrieved from /home/airflow/.local/lib/python3.8/site-packages/airflow/example_dags/example_nested_branch_dag.py
[2025-11-16T23:17:54.886+0000] {logging_mixin.py:188} INFO - [2025-11-16T23:17:54.886+0000] {dag.py:3036} INFO - Sync 1 DAGs
[2025-11-16T23:17:54.929+0000] {logging_mixin.py:188} INFO - [2025-11-16T23:17:54.927+0000] {dag.py:3823} INFO - Setting next_dagrun for example_nested_branch_dag to 2025-11-15 00:00:00+00:00, run_after=2025-11-16 00:00:00+00:00
[2025-11-16T23:17:54.966+0000] {processor.py:183} INFO - Processing /home/airflow/.local/lib/python3.8/site-packages/airflow/example_dags/example_nested_branch_dag.py took 0.173 seconds
[2025-11-16T23:18:25.956+0000] {processor.py:161} INFO - Started process (PID=1709) to work on /home/airflow/.local/lib/python3.8/site-packages/airflow/example_dags/example_nested_branch_dag.py
[2025-11-16T23:18:25.959+0000] {processor.py:830} INFO - Processing file /home/airflow/.local/lib/python3.8/site-packages/airflow/example_dags/example_nested_branch_dag.py for tasks to queue
[2025-11-16T23:18:25.962+0000] {logging_mixin.py:188} INFO - [2025-11-16T23:18:25.961+0000] {dagbag.py:538} INFO - Filling up the DagBag from /home/airflow/.local/lib/python3.8/site-packages/airflow/example_dags/example_nested_branch_dag.py
[2025-11-16T23:18:25.979+0000] {processor.py:840} INFO - DAG(s) 'example_nested_branch_dag' retrieved from /home/airflow/.local/lib/python3.8/site-packages/airflow/example_dags/example_nested_branch_dag.py
[2025-11-16T23:18:26.027+0000] {logging_mixin.py:188} INFO - [2025-11-16T23:18:26.024+0000] {dag.py:3036} INFO - Sync 1 DAGs
[2025-11-16T23:18:26.069+0000] {logging_mixin.py:188} INFO - [2025-11-16T23:18:26.068+0000] {dag.py:3823} INFO - Setting next_dagrun for example_nested_branch_dag to 2025-11-15 00:00:00+00:00, run_after=2025-11-16 00:00:00+00:00
[2025-11-16T23:18:26.223+0000] {processor.py:183} INFO - Processing /home/airflow/.local/lib/python3.8/site-packages/airflow/example_dags/example_nested_branch_dag.py took 0.272 seconds
[2025-11-16T23:18:56.945+0000] {processor.py:161} INFO - Started process (PID=1781) to work on /home/airflow/.local/lib/python3.8/site-packages/airflow/example_dags/example_nested_branch_dag.py
[2025-11-16T23:18:56.946+0000] {processor.py:830} INFO - Processing file /home/airflow/.local/lib/python3.8/site-packages/airflow/example_dags/example_nested_branch_dag.py for tasks to queue
[2025-11-16T23:18:56.950+0000] {logging_mixin.py:188} INFO - [2025-11-16T23:18:56.948+0000] {dagbag.py:538} INFO - Filling up the DagBag from /home/airflow/.local/lib/python3.8/site-packages/airflow/example_dags/example_nested_branch_dag.py
[2025-11-16T23:18:56.967+0000] {processor.py:840} INFO - DAG(s) 'example_nested_branch_dag' retrieved from /home/airflow/.local/lib/python3.8/site-packages/airflow/example_dags/example_nested_branch_dag.py
[2025-11-16T23:18:57.009+0000] {logging_mixin.py:188} INFO - [2025-11-16T23:18:57.009+0000] {dag.py:3036} INFO - Sync 1 DAGs
[2025-11-16T23:18:57.056+0000] {logging_mixin.py:188} INFO - [2025-11-16T23:18:57.056+0000] {dag.py:3823} INFO - Setting next_dagrun for example_nested_branch_dag to 2025-11-15 00:00:00+00:00, run_after=2025-11-16 00:00:00+00:00
[2025-11-16T23:18:57.096+0000] {processor.py:183} INFO - Processing /home/airflow/.local/lib/python3.8/site-packages/airflow/example_dags/example_nested_branch_dag.py took 0.155 seconds
[2025-11-16T23:19:30.334+0000] {processor.py:161} INFO - Started process (PID=1862) to work on /home/airflow/.local/lib/python3.8/site-packages/airflow/example_dags/example_nested_branch_dag.py
[2025-11-16T23:19:30.338+0000] {processor.py:830} INFO - Processing file /home/airflow/.local/lib/python3.8/site-packages/airflow/example_dags/example_nested_branch_dag.py for tasks to queue
[2025-11-16T23:19:30.341+0000] {logging_mixin.py:188} INFO - [2025-11-16T23:19:30.340+0000] {dagbag.py:538} INFO - Filling up the DagBag from /home/airflow/.local/lib/python3.8/site-packages/airflow/example_dags/example_nested_branch_dag.py
[2025-11-16T23:19:30.403+0000] {processor.py:840} INFO - DAG(s) 'example_nested_branch_dag' retrieved from /home/airflow/.local/lib/python3.8/site-packages/airflow/example_dags/example_nested_branch_dag.py
[2025-11-16T23:19:30.613+0000] {logging_mixin.py:188} INFO - [2025-11-16T23:19:30.612+0000] {dag.py:3036} INFO - Sync 1 DAGs
[2025-11-16T23:19:30.707+0000] {logging_mixin.py:188} INFO - [2025-11-16T23:19:30.706+0000] {dag.py:3823} INFO - Setting next_dagrun for example_nested_branch_dag to 2025-11-15 00:00:00+00:00, run_after=2025-11-16 00:00:00+00:00
[2025-11-16T23:19:30.794+0000] {processor.py:183} INFO - Processing /home/airflow/.local/lib/python3.8/site-packages/airflow/example_dags/example_nested_branch_dag.py took 0.473 seconds
