[2025-11-16T20:20:49.063+0000] {processor.py:161} INFO - Started process (PID=184) to work on /home/airflow/.local/lib/python3.8/site-packages/airflow/example_dags/example_latest_only_with_trigger.py
[2025-11-16T20:20:49.064+0000] {processor.py:830} INFO - Processing file /home/airflow/.local/lib/python3.8/site-packages/airflow/example_dags/example_latest_only_with_trigger.py for tasks to queue
[2025-11-16T20:20:49.065+0000] {logging_mixin.py:188} INFO - [2025-11-16T20:20:49.065+0000] {dagbag.py:538} INFO - Filling up the DagBag from /home/airflow/.local/lib/python3.8/site-packages/airflow/example_dags/example_latest_only_with_trigger.py
[2025-11-16T20:20:49.081+0000] {processor.py:840} INFO - DAG(s) 'latest_only_with_trigger' retrieved from /home/airflow/.local/lib/python3.8/site-packages/airflow/example_dags/example_latest_only_with_trigger.py
[2025-11-16T20:20:49.251+0000] {logging_mixin.py:188} INFO - [2025-11-16T20:20:49.249+0000] {override.py:1769} INFO - Created Permission View: can edit on DAG:latest_only_with_trigger
[2025-11-16T20:20:49.273+0000] {logging_mixin.py:188} INFO - [2025-11-16T20:20:49.272+0000] {override.py:1769} INFO - Created Permission View: can read on DAG:latest_only_with_trigger
[2025-11-16T20:20:49.284+0000] {logging_mixin.py:188} INFO - [2025-11-16T20:20:49.284+0000] {override.py:1769} INFO - Created Permission View: can delete on DAG:latest_only_with_trigger
[2025-11-16T20:20:49.285+0000] {logging_mixin.py:188} INFO - [2025-11-16T20:20:49.285+0000] {dag.py:3036} INFO - Sync 1 DAGs
[2025-11-16T20:20:49.300+0000] {logging_mixin.py:188} INFO - [2025-11-16T20:20:49.299+0000] {dag.py:3058} INFO - Creating ORM DAG for latest_only_with_trigger
[2025-11-16T20:20:49.316+0000] {logging_mixin.py:188} INFO - [2025-11-16T20:20:49.315+0000] {dag.py:3823} INFO - Setting next_dagrun for latest_only_with_trigger to 2025-11-16 16:00:00+00:00, run_after=2025-11-16 20:00:00+00:00
[2025-11-16T20:20:49.343+0000] {processor.py:183} INFO - Processing /home/airflow/.local/lib/python3.8/site-packages/airflow/example_dags/example_latest_only_with_trigger.py took 0.283 seconds
[2025-11-16T20:21:26.330+0000] {processor.py:161} INFO - Started process (PID=272) to work on /home/airflow/.local/lib/python3.8/site-packages/airflow/example_dags/example_latest_only_with_trigger.py
[2025-11-16T20:21:26.331+0000] {processor.py:830} INFO - Processing file /home/airflow/.local/lib/python3.8/site-packages/airflow/example_dags/example_latest_only_with_trigger.py for tasks to queue
[2025-11-16T20:21:26.333+0000] {logging_mixin.py:188} INFO - [2025-11-16T20:21:26.332+0000] {dagbag.py:538} INFO - Filling up the DagBag from /home/airflow/.local/lib/python3.8/site-packages/airflow/example_dags/example_latest_only_with_trigger.py
[2025-11-16T20:21:26.345+0000] {processor.py:840} INFO - DAG(s) 'latest_only_with_trigger' retrieved from /home/airflow/.local/lib/python3.8/site-packages/airflow/example_dags/example_latest_only_with_trigger.py
[2025-11-16T20:21:26.378+0000] {logging_mixin.py:188} INFO - [2025-11-16T20:21:26.378+0000] {dag.py:3036} INFO - Sync 1 DAGs
[2025-11-16T20:21:26.403+0000] {logging_mixin.py:188} INFO - [2025-11-16T20:21:26.402+0000] {dag.py:3823} INFO - Setting next_dagrun for latest_only_with_trigger to 2025-11-16 16:00:00+00:00, run_after=2025-11-16 20:00:00+00:00
[2025-11-16T20:21:26.428+0000] {processor.py:183} INFO - Processing /home/airflow/.local/lib/python3.8/site-packages/airflow/example_dags/example_latest_only_with_trigger.py took 0.102 seconds
[2025-11-16T20:21:56.630+0000] {processor.py:161} INFO - Started process (PID=353) to work on /home/airflow/.local/lib/python3.8/site-packages/airflow/example_dags/example_latest_only_with_trigger.py
[2025-11-16T20:21:56.632+0000] {processor.py:830} INFO - Processing file /home/airflow/.local/lib/python3.8/site-packages/airflow/example_dags/example_latest_only_with_trigger.py for tasks to queue
[2025-11-16T20:21:56.634+0000] {logging_mixin.py:188} INFO - [2025-11-16T20:21:56.634+0000] {dagbag.py:538} INFO - Filling up the DagBag from /home/airflow/.local/lib/python3.8/site-packages/airflow/example_dags/example_latest_only_with_trigger.py
[2025-11-16T20:21:56.643+0000] {processor.py:840} INFO - DAG(s) 'latest_only_with_trigger' retrieved from /home/airflow/.local/lib/python3.8/site-packages/airflow/example_dags/example_latest_only_with_trigger.py
[2025-11-16T20:21:56.677+0000] {logging_mixin.py:188} INFO - [2025-11-16T20:21:56.677+0000] {dag.py:3036} INFO - Sync 1 DAGs
[2025-11-16T20:21:56.719+0000] {logging_mixin.py:188} INFO - [2025-11-16T20:21:56.718+0000] {dag.py:3823} INFO - Setting next_dagrun for latest_only_with_trigger to 2025-11-16 16:00:00+00:00, run_after=2025-11-16 20:00:00+00:00
[2025-11-16T20:21:56.745+0000] {processor.py:183} INFO - Processing /home/airflow/.local/lib/python3.8/site-packages/airflow/example_dags/example_latest_only_with_trigger.py took 0.118 seconds
[2025-11-16T20:22:29.213+0000] {processor.py:161} INFO - Started process (PID=442) to work on /home/airflow/.local/lib/python3.8/site-packages/airflow/example_dags/example_latest_only_with_trigger.py
[2025-11-16T20:22:29.219+0000] {processor.py:830} INFO - Processing file /home/airflow/.local/lib/python3.8/site-packages/airflow/example_dags/example_latest_only_with_trigger.py for tasks to queue
[2025-11-16T20:22:29.221+0000] {logging_mixin.py:188} INFO - [2025-11-16T20:22:29.220+0000] {dagbag.py:538} INFO - Filling up the DagBag from /home/airflow/.local/lib/python3.8/site-packages/airflow/example_dags/example_latest_only_with_trigger.py
[2025-11-16T20:22:29.233+0000] {processor.py:840} INFO - DAG(s) 'latest_only_with_trigger' retrieved from /home/airflow/.local/lib/python3.8/site-packages/airflow/example_dags/example_latest_only_with_trigger.py
[2025-11-16T20:22:29.271+0000] {logging_mixin.py:188} INFO - [2025-11-16T20:22:29.270+0000] {dag.py:3036} INFO - Sync 1 DAGs
[2025-11-16T20:22:29.314+0000] {logging_mixin.py:188} INFO - [2025-11-16T20:22:29.314+0000] {dag.py:3823} INFO - Setting next_dagrun for latest_only_with_trigger to 2025-11-16 16:00:00+00:00, run_after=2025-11-16 20:00:00+00:00
[2025-11-16T20:22:29.346+0000] {processor.py:183} INFO - Processing /home/airflow/.local/lib/python3.8/site-packages/airflow/example_dags/example_latest_only_with_trigger.py took 0.142 seconds
[2025-11-16T20:23:00.160+0000] {processor.py:161} INFO - Started process (PID=533) to work on /home/airflow/.local/lib/python3.8/site-packages/airflow/example_dags/example_latest_only_with_trigger.py
[2025-11-16T20:23:00.161+0000] {processor.py:830} INFO - Processing file /home/airflow/.local/lib/python3.8/site-packages/airflow/example_dags/example_latest_only_with_trigger.py for tasks to queue
[2025-11-16T20:23:00.162+0000] {logging_mixin.py:188} INFO - [2025-11-16T20:23:00.162+0000] {dagbag.py:538} INFO - Filling up the DagBag from /home/airflow/.local/lib/python3.8/site-packages/airflow/example_dags/example_latest_only_with_trigger.py
[2025-11-16T20:23:00.168+0000] {processor.py:840} INFO - DAG(s) 'latest_only_with_trigger' retrieved from /home/airflow/.local/lib/python3.8/site-packages/airflow/example_dags/example_latest_only_with_trigger.py
[2025-11-16T20:23:00.190+0000] {logging_mixin.py:188} INFO - [2025-11-16T20:23:00.190+0000] {dag.py:3036} INFO - Sync 1 DAGs
[2025-11-16T20:23:00.210+0000] {logging_mixin.py:188} INFO - [2025-11-16T20:23:00.209+0000] {dag.py:3823} INFO - Setting next_dagrun for latest_only_with_trigger to 2025-11-16 16:00:00+00:00, run_after=2025-11-16 20:00:00+00:00
[2025-11-16T20:23:00.235+0000] {processor.py:183} INFO - Processing /home/airflow/.local/lib/python3.8/site-packages/airflow/example_dags/example_latest_only_with_trigger.py took 0.078 seconds
[2025-11-16T20:23:30.356+0000] {processor.py:161} INFO - Started process (PID=614) to work on /home/airflow/.local/lib/python3.8/site-packages/airflow/example_dags/example_latest_only_with_trigger.py
[2025-11-16T20:23:30.357+0000] {processor.py:830} INFO - Processing file /home/airflow/.local/lib/python3.8/site-packages/airflow/example_dags/example_latest_only_with_trigger.py for tasks to queue
[2025-11-16T20:23:30.358+0000] {logging_mixin.py:188} INFO - [2025-11-16T20:23:30.358+0000] {dagbag.py:538} INFO - Filling up the DagBag from /home/airflow/.local/lib/python3.8/site-packages/airflow/example_dags/example_latest_only_with_trigger.py
[2025-11-16T20:23:30.365+0000] {processor.py:840} INFO - DAG(s) 'latest_only_with_trigger' retrieved from /home/airflow/.local/lib/python3.8/site-packages/airflow/example_dags/example_latest_only_with_trigger.py
[2025-11-16T20:23:30.393+0000] {logging_mixin.py:188} INFO - [2025-11-16T20:23:30.393+0000] {dag.py:3036} INFO - Sync 1 DAGs
[2025-11-16T20:23:30.421+0000] {logging_mixin.py:188} INFO - [2025-11-16T20:23:30.420+0000] {dag.py:3823} INFO - Setting next_dagrun for latest_only_with_trigger to 2025-11-16 16:00:00+00:00, run_after=2025-11-16 20:00:00+00:00
[2025-11-16T20:23:30.446+0000] {processor.py:183} INFO - Processing /home/airflow/.local/lib/python3.8/site-packages/airflow/example_dags/example_latest_only_with_trigger.py took 0.093 seconds
[2025-11-16T20:24:00.693+0000] {processor.py:161} INFO - Started process (PID=695) to work on /home/airflow/.local/lib/python3.8/site-packages/airflow/example_dags/example_latest_only_with_trigger.py
[2025-11-16T20:24:00.694+0000] {processor.py:830} INFO - Processing file /home/airflow/.local/lib/python3.8/site-packages/airflow/example_dags/example_latest_only_with_trigger.py for tasks to queue
[2025-11-16T20:24:00.696+0000] {logging_mixin.py:188} INFO - [2025-11-16T20:24:00.695+0000] {dagbag.py:538} INFO - Filling up the DagBag from /home/airflow/.local/lib/python3.8/site-packages/airflow/example_dags/example_latest_only_with_trigger.py
[2025-11-16T20:24:00.704+0000] {processor.py:840} INFO - DAG(s) 'latest_only_with_trigger' retrieved from /home/airflow/.local/lib/python3.8/site-packages/airflow/example_dags/example_latest_only_with_trigger.py
[2025-11-16T20:24:00.735+0000] {logging_mixin.py:188} INFO - [2025-11-16T20:24:00.735+0000] {dag.py:3036} INFO - Sync 1 DAGs
[2025-11-16T20:24:00.760+0000] {logging_mixin.py:188} INFO - [2025-11-16T20:24:00.760+0000] {dag.py:3823} INFO - Setting next_dagrun for latest_only_with_trigger to 2025-11-16 16:00:00+00:00, run_after=2025-11-16 20:00:00+00:00
[2025-11-16T20:24:00.808+0000] {processor.py:183} INFO - Processing /home/airflow/.local/lib/python3.8/site-packages/airflow/example_dags/example_latest_only_with_trigger.py took 0.119 seconds
[2025-11-16T20:24:30.865+0000] {processor.py:161} INFO - Started process (PID=791) to work on /home/airflow/.local/lib/python3.8/site-packages/airflow/example_dags/example_latest_only_with_trigger.py
[2025-11-16T20:24:30.866+0000] {processor.py:830} INFO - Processing file /home/airflow/.local/lib/python3.8/site-packages/airflow/example_dags/example_latest_only_with_trigger.py for tasks to queue
[2025-11-16T20:24:30.868+0000] {logging_mixin.py:188} INFO - [2025-11-16T20:24:30.867+0000] {dagbag.py:538} INFO - Filling up the DagBag from /home/airflow/.local/lib/python3.8/site-packages/airflow/example_dags/example_latest_only_with_trigger.py
[2025-11-16T20:24:30.874+0000] {processor.py:840} INFO - DAG(s) 'latest_only_with_trigger' retrieved from /home/airflow/.local/lib/python3.8/site-packages/airflow/example_dags/example_latest_only_with_trigger.py
[2025-11-16T20:24:30.899+0000] {logging_mixin.py:188} INFO - [2025-11-16T20:24:30.898+0000] {dag.py:3036} INFO - Sync 1 DAGs
[2025-11-16T20:24:30.923+0000] {logging_mixin.py:188} INFO - [2025-11-16T20:24:30.922+0000] {dag.py:3823} INFO - Setting next_dagrun for latest_only_with_trigger to 2025-11-16 16:00:00+00:00, run_after=2025-11-16 20:00:00+00:00
[2025-11-16T20:24:30.946+0000] {processor.py:183} INFO - Processing /home/airflow/.local/lib/python3.8/site-packages/airflow/example_dags/example_latest_only_with_trigger.py took 0.085 seconds
[2025-11-16T20:25:01.367+0000] {processor.py:161} INFO - Started process (PID=873) to work on /home/airflow/.local/lib/python3.8/site-packages/airflow/example_dags/example_latest_only_with_trigger.py
[2025-11-16T20:25:01.369+0000] {processor.py:830} INFO - Processing file /home/airflow/.local/lib/python3.8/site-packages/airflow/example_dags/example_latest_only_with_trigger.py for tasks to queue
[2025-11-16T20:25:01.370+0000] {logging_mixin.py:188} INFO - [2025-11-16T20:25:01.370+0000] {dagbag.py:538} INFO - Filling up the DagBag from /home/airflow/.local/lib/python3.8/site-packages/airflow/example_dags/example_latest_only_with_trigger.py
[2025-11-16T20:25:01.378+0000] {processor.py:840} INFO - DAG(s) 'latest_only_with_trigger' retrieved from /home/airflow/.local/lib/python3.8/site-packages/airflow/example_dags/example_latest_only_with_trigger.py
[2025-11-16T20:25:01.404+0000] {logging_mixin.py:188} INFO - [2025-11-16T20:25:01.404+0000] {dag.py:3036} INFO - Sync 1 DAGs
[2025-11-16T20:25:01.429+0000] {logging_mixin.py:188} INFO - [2025-11-16T20:25:01.429+0000] {dag.py:3823} INFO - Setting next_dagrun for latest_only_with_trigger to 2025-11-16 16:00:00+00:00, run_after=2025-11-16 20:00:00+00:00
[2025-11-16T20:25:01.449+0000] {processor.py:183} INFO - Processing /home/airflow/.local/lib/python3.8/site-packages/airflow/example_dags/example_latest_only_with_trigger.py took 0.086 seconds
[2025-11-16T20:25:32.311+0000] {processor.py:161} INFO - Started process (PID=969) to work on /home/airflow/.local/lib/python3.8/site-packages/airflow/example_dags/example_latest_only_with_trigger.py
[2025-11-16T20:25:32.312+0000] {processor.py:830} INFO - Processing file /home/airflow/.local/lib/python3.8/site-packages/airflow/example_dags/example_latest_only_with_trigger.py for tasks to queue
[2025-11-16T20:25:32.313+0000] {logging_mixin.py:188} INFO - [2025-11-16T20:25:32.313+0000] {dagbag.py:538} INFO - Filling up the DagBag from /home/airflow/.local/lib/python3.8/site-packages/airflow/example_dags/example_latest_only_with_trigger.py
[2025-11-16T20:25:32.320+0000] {processor.py:840} INFO - DAG(s) 'latest_only_with_trigger' retrieved from /home/airflow/.local/lib/python3.8/site-packages/airflow/example_dags/example_latest_only_with_trigger.py
[2025-11-16T20:25:32.349+0000] {logging_mixin.py:188} INFO - [2025-11-16T20:25:32.349+0000] {dag.py:3036} INFO - Sync 1 DAGs
[2025-11-16T20:25:32.378+0000] {logging_mixin.py:188} INFO - [2025-11-16T20:25:32.378+0000] {dag.py:3823} INFO - Setting next_dagrun for latest_only_with_trigger to 2025-11-16 16:00:00+00:00, run_after=2025-11-16 20:00:00+00:00
[2025-11-16T20:25:32.412+0000] {processor.py:183} INFO - Processing /home/airflow/.local/lib/python3.8/site-packages/airflow/example_dags/example_latest_only_with_trigger.py took 0.104 seconds
[2025-11-16T20:26:03.228+0000] {processor.py:161} INFO - Started process (PID=1050) to work on /home/airflow/.local/lib/python3.8/site-packages/airflow/example_dags/example_latest_only_with_trigger.py
[2025-11-16T20:26:03.230+0000] {processor.py:830} INFO - Processing file /home/airflow/.local/lib/python3.8/site-packages/airflow/example_dags/example_latest_only_with_trigger.py for tasks to queue
[2025-11-16T20:26:03.240+0000] {logging_mixin.py:188} INFO - [2025-11-16T20:26:03.238+0000] {dagbag.py:538} INFO - Filling up the DagBag from /home/airflow/.local/lib/python3.8/site-packages/airflow/example_dags/example_latest_only_with_trigger.py
[2025-11-16T20:26:03.258+0000] {processor.py:840} INFO - DAG(s) 'latest_only_with_trigger' retrieved from /home/airflow/.local/lib/python3.8/site-packages/airflow/example_dags/example_latest_only_with_trigger.py
[2025-11-16T20:26:03.307+0000] {logging_mixin.py:188} INFO - [2025-11-16T20:26:03.307+0000] {dag.py:3036} INFO - Sync 1 DAGs
[2025-11-16T20:26:03.330+0000] {logging_mixin.py:188} INFO - [2025-11-16T20:26:03.330+0000] {dag.py:3823} INFO - Setting next_dagrun for latest_only_with_trigger to 2025-11-16 16:00:00+00:00, run_after=2025-11-16 20:00:00+00:00
[2025-11-16T20:26:03.350+0000] {processor.py:183} INFO - Processing /home/airflow/.local/lib/python3.8/site-packages/airflow/example_dags/example_latest_only_with_trigger.py took 0.125 seconds
[2025-11-16T20:26:33.566+0000] {processor.py:161} INFO - Started process (PID=1146) to work on /home/airflow/.local/lib/python3.8/site-packages/airflow/example_dags/example_latest_only_with_trigger.py
[2025-11-16T20:26:33.566+0000] {processor.py:830} INFO - Processing file /home/airflow/.local/lib/python3.8/site-packages/airflow/example_dags/example_latest_only_with_trigger.py for tasks to queue
[2025-11-16T20:26:33.567+0000] {logging_mixin.py:188} INFO - [2025-11-16T20:26:33.567+0000] {dagbag.py:538} INFO - Filling up the DagBag from /home/airflow/.local/lib/python3.8/site-packages/airflow/example_dags/example_latest_only_with_trigger.py
[2025-11-16T20:26:33.574+0000] {processor.py:840} INFO - DAG(s) 'latest_only_with_trigger' retrieved from /home/airflow/.local/lib/python3.8/site-packages/airflow/example_dags/example_latest_only_with_trigger.py
[2025-11-16T20:26:33.600+0000] {logging_mixin.py:188} INFO - [2025-11-16T20:26:33.600+0000] {dag.py:3036} INFO - Sync 1 DAGs
[2025-11-16T20:26:33.624+0000] {logging_mixin.py:188} INFO - [2025-11-16T20:26:33.624+0000] {dag.py:3823} INFO - Setting next_dagrun for latest_only_with_trigger to 2025-11-16 16:00:00+00:00, run_after=2025-11-16 20:00:00+00:00
[2025-11-16T20:26:33.652+0000] {processor.py:183} INFO - Processing /home/airflow/.local/lib/python3.8/site-packages/airflow/example_dags/example_latest_only_with_trigger.py took 0.089 seconds
[2025-11-16T20:27:04.166+0000] {processor.py:161} INFO - Started process (PID=1226) to work on /home/airflow/.local/lib/python3.8/site-packages/airflow/example_dags/example_latest_only_with_trigger.py
[2025-11-16T20:27:04.167+0000] {processor.py:830} INFO - Processing file /home/airflow/.local/lib/python3.8/site-packages/airflow/example_dags/example_latest_only_with_trigger.py for tasks to queue
[2025-11-16T20:27:04.169+0000] {logging_mixin.py:188} INFO - [2025-11-16T20:27:04.168+0000] {dagbag.py:538} INFO - Filling up the DagBag from /home/airflow/.local/lib/python3.8/site-packages/airflow/example_dags/example_latest_only_with_trigger.py
[2025-11-16T20:27:04.178+0000] {processor.py:840} INFO - DAG(s) 'latest_only_with_trigger' retrieved from /home/airflow/.local/lib/python3.8/site-packages/airflow/example_dags/example_latest_only_with_trigger.py
[2025-11-16T20:27:04.211+0000] {logging_mixin.py:188} INFO - [2025-11-16T20:27:04.210+0000] {dag.py:3036} INFO - Sync 1 DAGs
[2025-11-16T20:27:04.242+0000] {logging_mixin.py:188} INFO - [2025-11-16T20:27:04.240+0000] {dag.py:3823} INFO - Setting next_dagrun for latest_only_with_trigger to 2025-11-16 16:00:00+00:00, run_after=2025-11-16 20:00:00+00:00
[2025-11-16T20:27:04.276+0000] {processor.py:183} INFO - Processing /home/airflow/.local/lib/python3.8/site-packages/airflow/example_dags/example_latest_only_with_trigger.py took 0.116 seconds
[2025-11-16T20:27:34.632+0000] {processor.py:161} INFO - Started process (PID=1308) to work on /home/airflow/.local/lib/python3.8/site-packages/airflow/example_dags/example_latest_only_with_trigger.py
[2025-11-16T20:27:34.635+0000] {processor.py:830} INFO - Processing file /home/airflow/.local/lib/python3.8/site-packages/airflow/example_dags/example_latest_only_with_trigger.py for tasks to queue
[2025-11-16T20:27:34.639+0000] {logging_mixin.py:188} INFO - [2025-11-16T20:27:34.637+0000] {dagbag.py:538} INFO - Filling up the DagBag from /home/airflow/.local/lib/python3.8/site-packages/airflow/example_dags/example_latest_only_with_trigger.py
[2025-11-16T20:27:34.656+0000] {processor.py:840} INFO - DAG(s) 'latest_only_with_trigger' retrieved from /home/airflow/.local/lib/python3.8/site-packages/airflow/example_dags/example_latest_only_with_trigger.py
[2025-11-16T20:27:34.713+0000] {logging_mixin.py:188} INFO - [2025-11-16T20:27:34.713+0000] {dag.py:3036} INFO - Sync 1 DAGs
[2025-11-16T20:27:34.760+0000] {logging_mixin.py:188} INFO - [2025-11-16T20:27:34.760+0000] {dag.py:3823} INFO - Setting next_dagrun for latest_only_with_trigger to 2025-11-16 16:00:00+00:00, run_after=2025-11-16 20:00:00+00:00
[2025-11-16T20:27:34.824+0000] {processor.py:183} INFO - Processing /home/airflow/.local/lib/python3.8/site-packages/airflow/example_dags/example_latest_only_with_trigger.py took 0.199 seconds
[2025-11-16T20:28:04.937+0000] {processor.py:161} INFO - Started process (PID=1404) to work on /home/airflow/.local/lib/python3.8/site-packages/airflow/example_dags/example_latest_only_with_trigger.py
[2025-11-16T20:28:04.938+0000] {processor.py:830} INFO - Processing file /home/airflow/.local/lib/python3.8/site-packages/airflow/example_dags/example_latest_only_with_trigger.py for tasks to queue
[2025-11-16T20:28:04.942+0000] {logging_mixin.py:188} INFO - [2025-11-16T20:28:04.941+0000] {dagbag.py:538} INFO - Filling up the DagBag from /home/airflow/.local/lib/python3.8/site-packages/airflow/example_dags/example_latest_only_with_trigger.py
[2025-11-16T20:28:04.949+0000] {processor.py:840} INFO - DAG(s) 'latest_only_with_trigger' retrieved from /home/airflow/.local/lib/python3.8/site-packages/airflow/example_dags/example_latest_only_with_trigger.py
[2025-11-16T20:28:04.988+0000] {logging_mixin.py:188} INFO - [2025-11-16T20:28:04.988+0000] {dag.py:3036} INFO - Sync 1 DAGs
[2025-11-16T20:28:05.023+0000] {logging_mixin.py:188} INFO - [2025-11-16T20:28:05.023+0000] {dag.py:3823} INFO - Setting next_dagrun for latest_only_with_trigger to 2025-11-16 16:00:00+00:00, run_after=2025-11-16 20:00:00+00:00
[2025-11-16T20:28:05.055+0000] {processor.py:183} INFO - Processing /home/airflow/.local/lib/python3.8/site-packages/airflow/example_dags/example_latest_only_with_trigger.py took 0.122 seconds
[2025-11-16T20:28:35.569+0000] {processor.py:161} INFO - Started process (PID=1485) to work on /home/airflow/.local/lib/python3.8/site-packages/airflow/example_dags/example_latest_only_with_trigger.py
[2025-11-16T20:28:35.571+0000] {processor.py:830} INFO - Processing file /home/airflow/.local/lib/python3.8/site-packages/airflow/example_dags/example_latest_only_with_trigger.py for tasks to queue
[2025-11-16T20:28:35.575+0000] {logging_mixin.py:188} INFO - [2025-11-16T20:28:35.574+0000] {dagbag.py:538} INFO - Filling up the DagBag from /home/airflow/.local/lib/python3.8/site-packages/airflow/example_dags/example_latest_only_with_trigger.py
[2025-11-16T20:28:35.582+0000] {processor.py:840} INFO - DAG(s) 'latest_only_with_trigger' retrieved from /home/airflow/.local/lib/python3.8/site-packages/airflow/example_dags/example_latest_only_with_trigger.py
[2025-11-16T20:28:35.633+0000] {logging_mixin.py:188} INFO - [2025-11-16T20:28:35.633+0000] {dag.py:3036} INFO - Sync 1 DAGs
[2025-11-16T20:28:35.673+0000] {logging_mixin.py:188} INFO - [2025-11-16T20:28:35.672+0000] {dag.py:3823} INFO - Setting next_dagrun for latest_only_with_trigger to 2025-11-16 16:00:00+00:00, run_after=2025-11-16 20:00:00+00:00
[2025-11-16T20:28:35.719+0000] {processor.py:183} INFO - Processing /home/airflow/.local/lib/python3.8/site-packages/airflow/example_dags/example_latest_only_with_trigger.py took 0.155 seconds
[2025-11-16T20:29:05.957+0000] {processor.py:161} INFO - Started process (PID=1581) to work on /home/airflow/.local/lib/python3.8/site-packages/airflow/example_dags/example_latest_only_with_trigger.py
[2025-11-16T20:29:05.958+0000] {processor.py:830} INFO - Processing file /home/airflow/.local/lib/python3.8/site-packages/airflow/example_dags/example_latest_only_with_trigger.py for tasks to queue
[2025-11-16T20:29:05.960+0000] {logging_mixin.py:188} INFO - [2025-11-16T20:29:05.960+0000] {dagbag.py:538} INFO - Filling up the DagBag from /home/airflow/.local/lib/python3.8/site-packages/airflow/example_dags/example_latest_only_with_trigger.py
[2025-11-16T20:29:05.970+0000] {processor.py:840} INFO - DAG(s) 'latest_only_with_trigger' retrieved from /home/airflow/.local/lib/python3.8/site-packages/airflow/example_dags/example_latest_only_with_trigger.py
[2025-11-16T20:29:06.004+0000] {logging_mixin.py:188} INFO - [2025-11-16T20:29:06.004+0000] {dag.py:3036} INFO - Sync 1 DAGs
[2025-11-16T20:29:06.039+0000] {logging_mixin.py:188} INFO - [2025-11-16T20:29:06.039+0000] {dag.py:3823} INFO - Setting next_dagrun for latest_only_with_trigger to 2025-11-16 16:00:00+00:00, run_after=2025-11-16 20:00:00+00:00
[2025-11-16T20:29:06.067+0000] {processor.py:183} INFO - Processing /home/airflow/.local/lib/python3.8/site-packages/airflow/example_dags/example_latest_only_with_trigger.py took 0.116 seconds
[2025-11-16T20:29:36.368+0000] {processor.py:161} INFO - Started process (PID=1662) to work on /home/airflow/.local/lib/python3.8/site-packages/airflow/example_dags/example_latest_only_with_trigger.py
[2025-11-16T20:29:36.370+0000] {processor.py:830} INFO - Processing file /home/airflow/.local/lib/python3.8/site-packages/airflow/example_dags/example_latest_only_with_trigger.py for tasks to queue
[2025-11-16T20:29:36.373+0000] {logging_mixin.py:188} INFO - [2025-11-16T20:29:36.371+0000] {dagbag.py:538} INFO - Filling up the DagBag from /home/airflow/.local/lib/python3.8/site-packages/airflow/example_dags/example_latest_only_with_trigger.py
[2025-11-16T20:29:36.413+0000] {processor.py:840} INFO - DAG(s) 'latest_only_with_trigger' retrieved from /home/airflow/.local/lib/python3.8/site-packages/airflow/example_dags/example_latest_only_with_trigger.py
[2025-11-16T20:29:36.497+0000] {logging_mixin.py:188} INFO - [2025-11-16T20:29:36.495+0000] {dag.py:3036} INFO - Sync 1 DAGs
[2025-11-16T20:29:36.546+0000] {logging_mixin.py:188} INFO - [2025-11-16T20:29:36.546+0000] {dag.py:3823} INFO - Setting next_dagrun for latest_only_with_trigger to 2025-11-16 16:00:00+00:00, run_after=2025-11-16 20:00:00+00:00
[2025-11-16T20:29:36.581+0000] {processor.py:183} INFO - Processing /home/airflow/.local/lib/python3.8/site-packages/airflow/example_dags/example_latest_only_with_trigger.py took 0.222 seconds
[2025-11-16T20:30:07.111+0000] {processor.py:161} INFO - Started process (PID=1736) to work on /home/airflow/.local/lib/python3.8/site-packages/airflow/example_dags/example_latest_only_with_trigger.py
[2025-11-16T20:30:07.113+0000] {processor.py:830} INFO - Processing file /home/airflow/.local/lib/python3.8/site-packages/airflow/example_dags/example_latest_only_with_trigger.py for tasks to queue
[2025-11-16T20:30:07.114+0000] {logging_mixin.py:188} INFO - [2025-11-16T20:30:07.114+0000] {dagbag.py:538} INFO - Filling up the DagBag from /home/airflow/.local/lib/python3.8/site-packages/airflow/example_dags/example_latest_only_with_trigger.py
[2025-11-16T20:30:07.125+0000] {processor.py:840} INFO - DAG(s) 'latest_only_with_trigger' retrieved from /home/airflow/.local/lib/python3.8/site-packages/airflow/example_dags/example_latest_only_with_trigger.py
[2025-11-16T20:30:07.178+0000] {logging_mixin.py:188} INFO - [2025-11-16T20:30:07.178+0000] {dag.py:3036} INFO - Sync 1 DAGs
[2025-11-16T20:30:07.225+0000] {logging_mixin.py:188} INFO - [2025-11-16T20:30:07.225+0000] {dag.py:3823} INFO - Setting next_dagrun for latest_only_with_trigger to 2025-11-16 16:00:00+00:00, run_after=2025-11-16 20:00:00+00:00
[2025-11-16T20:30:07.263+0000] {processor.py:183} INFO - Processing /home/airflow/.local/lib/python3.8/site-packages/airflow/example_dags/example_latest_only_with_trigger.py took 0.156 seconds
[2025-11-16T20:30:39.498+0000] {processor.py:161} INFO - Started process (PID=1817) to work on /home/airflow/.local/lib/python3.8/site-packages/airflow/example_dags/example_latest_only_with_trigger.py
[2025-11-16T20:30:39.499+0000] {processor.py:830} INFO - Processing file /home/airflow/.local/lib/python3.8/site-packages/airflow/example_dags/example_latest_only_with_trigger.py for tasks to queue
[2025-11-16T20:30:39.501+0000] {logging_mixin.py:188} INFO - [2025-11-16T20:30:39.500+0000] {dagbag.py:538} INFO - Filling up the DagBag from /home/airflow/.local/lib/python3.8/site-packages/airflow/example_dags/example_latest_only_with_trigger.py
[2025-11-16T20:30:39.513+0000] {processor.py:840} INFO - DAG(s) 'latest_only_with_trigger' retrieved from /home/airflow/.local/lib/python3.8/site-packages/airflow/example_dags/example_latest_only_with_trigger.py
[2025-11-16T20:30:39.561+0000] {logging_mixin.py:188} INFO - [2025-11-16T20:30:39.558+0000] {dag.py:3036} INFO - Sync 1 DAGs
[2025-11-16T20:30:39.611+0000] {logging_mixin.py:188} INFO - [2025-11-16T20:30:39.610+0000] {dag.py:3823} INFO - Setting next_dagrun for latest_only_with_trigger to 2025-11-16 16:00:00+00:00, run_after=2025-11-16 20:00:00+00:00
[2025-11-16T20:30:39.653+0000] {processor.py:183} INFO - Processing /home/airflow/.local/lib/python3.8/site-packages/airflow/example_dags/example_latest_only_with_trigger.py took 0.163 seconds
[2025-11-16T20:31:09.777+0000] {processor.py:161} INFO - Started process (PID=1892) to work on /home/airflow/.local/lib/python3.8/site-packages/airflow/example_dags/example_latest_only_with_trigger.py
[2025-11-16T20:31:09.779+0000] {processor.py:830} INFO - Processing file /home/airflow/.local/lib/python3.8/site-packages/airflow/example_dags/example_latest_only_with_trigger.py for tasks to queue
[2025-11-16T20:31:09.780+0000] {logging_mixin.py:188} INFO - [2025-11-16T20:31:09.779+0000] {dagbag.py:538} INFO - Filling up the DagBag from /home/airflow/.local/lib/python3.8/site-packages/airflow/example_dags/example_latest_only_with_trigger.py
[2025-11-16T20:31:09.790+0000] {processor.py:840} INFO - DAG(s) 'latest_only_with_trigger' retrieved from /home/airflow/.local/lib/python3.8/site-packages/airflow/example_dags/example_latest_only_with_trigger.py
[2025-11-16T20:31:09.831+0000] {logging_mixin.py:188} INFO - [2025-11-16T20:31:09.830+0000] {dag.py:3036} INFO - Sync 1 DAGs
[2025-11-16T20:31:09.875+0000] {logging_mixin.py:188} INFO - [2025-11-16T20:31:09.875+0000] {dag.py:3823} INFO - Setting next_dagrun for latest_only_with_trigger to 2025-11-16 16:00:00+00:00, run_after=2025-11-16 20:00:00+00:00
[2025-11-16T20:31:09.912+0000] {processor.py:183} INFO - Processing /home/airflow/.local/lib/python3.8/site-packages/airflow/example_dags/example_latest_only_with_trigger.py took 0.139 seconds
[2025-11-16T20:31:41.279+0000] {processor.py:161} INFO - Started process (PID=1982) to work on /home/airflow/.local/lib/python3.8/site-packages/airflow/example_dags/example_latest_only_with_trigger.py
[2025-11-16T20:31:41.280+0000] {processor.py:830} INFO - Processing file /home/airflow/.local/lib/python3.8/site-packages/airflow/example_dags/example_latest_only_with_trigger.py for tasks to queue
[2025-11-16T20:31:41.285+0000] {logging_mixin.py:188} INFO - [2025-11-16T20:31:41.282+0000] {dagbag.py:538} INFO - Filling up the DagBag from /home/airflow/.local/lib/python3.8/site-packages/airflow/example_dags/example_latest_only_with_trigger.py
[2025-11-16T20:31:41.296+0000] {processor.py:840} INFO - DAG(s) 'latest_only_with_trigger' retrieved from /home/airflow/.local/lib/python3.8/site-packages/airflow/example_dags/example_latest_only_with_trigger.py
[2025-11-16T20:31:41.336+0000] {logging_mixin.py:188} INFO - [2025-11-16T20:31:41.336+0000] {dag.py:3036} INFO - Sync 1 DAGs
[2025-11-16T20:31:41.377+0000] {logging_mixin.py:188} INFO - [2025-11-16T20:31:41.377+0000] {dag.py:3823} INFO - Setting next_dagrun for latest_only_with_trigger to 2025-11-16 16:00:00+00:00, run_after=2025-11-16 20:00:00+00:00
[2025-11-16T20:31:41.422+0000] {processor.py:183} INFO - Processing /home/airflow/.local/lib/python3.8/site-packages/airflow/example_dags/example_latest_only_with_trigger.py took 0.148 seconds
[2025-11-16T20:32:11.513+0000] {processor.py:161} INFO - Started process (PID=2069) to work on /home/airflow/.local/lib/python3.8/site-packages/airflow/example_dags/example_latest_only_with_trigger.py
[2025-11-16T20:32:11.514+0000] {processor.py:830} INFO - Processing file /home/airflow/.local/lib/python3.8/site-packages/airflow/example_dags/example_latest_only_with_trigger.py for tasks to queue
[2025-11-16T20:32:11.517+0000] {logging_mixin.py:188} INFO - [2025-11-16T20:32:11.517+0000] {dagbag.py:538} INFO - Filling up the DagBag from /home/airflow/.local/lib/python3.8/site-packages/airflow/example_dags/example_latest_only_with_trigger.py
[2025-11-16T20:32:11.527+0000] {processor.py:840} INFO - DAG(s) 'latest_only_with_trigger' retrieved from /home/airflow/.local/lib/python3.8/site-packages/airflow/example_dags/example_latest_only_with_trigger.py
[2025-11-16T20:32:11.565+0000] {logging_mixin.py:188} INFO - [2025-11-16T20:32:11.564+0000] {dag.py:3036} INFO - Sync 1 DAGs
[2025-11-16T20:32:11.601+0000] {logging_mixin.py:188} INFO - [2025-11-16T20:32:11.601+0000] {dag.py:3823} INFO - Setting next_dagrun for latest_only_with_trigger to 2025-11-16 16:00:00+00:00, run_after=2025-11-16 20:00:00+00:00
[2025-11-16T20:32:11.644+0000] {processor.py:183} INFO - Processing /home/airflow/.local/lib/python3.8/site-packages/airflow/example_dags/example_latest_only_with_trigger.py took 0.134 seconds
[2025-11-16T20:32:49.389+0000] {processor.py:161} INFO - Started process (PID=2136) to work on /home/airflow/.local/lib/python3.8/site-packages/airflow/example_dags/example_latest_only_with_trigger.py
[2025-11-16T20:32:49.390+0000] {processor.py:830} INFO - Processing file /home/airflow/.local/lib/python3.8/site-packages/airflow/example_dags/example_latest_only_with_trigger.py for tasks to queue
[2025-11-16T20:32:49.391+0000] {logging_mixin.py:188} INFO - [2025-11-16T20:32:49.391+0000] {dagbag.py:538} INFO - Filling up the DagBag from /home/airflow/.local/lib/python3.8/site-packages/airflow/example_dags/example_latest_only_with_trigger.py
[2025-11-16T20:32:49.402+0000] {processor.py:840} INFO - DAG(s) 'latest_only_with_trigger' retrieved from /home/airflow/.local/lib/python3.8/site-packages/airflow/example_dags/example_latest_only_with_trigger.py
[2025-11-16T20:32:49.445+0000] {logging_mixin.py:188} INFO - [2025-11-16T20:32:49.444+0000] {dag.py:3036} INFO - Sync 1 DAGs
[2025-11-16T20:32:49.488+0000] {logging_mixin.py:188} INFO - [2025-11-16T20:32:49.487+0000] {dag.py:3823} INFO - Setting next_dagrun for latest_only_with_trigger to 2025-11-16 16:00:00+00:00, run_after=2025-11-16 20:00:00+00:00
[2025-11-16T20:32:49.525+0000] {processor.py:183} INFO - Processing /home/airflow/.local/lib/python3.8/site-packages/airflow/example_dags/example_latest_only_with_trigger.py took 0.142 seconds
[2025-11-16T20:33:19.624+0000] {processor.py:161} INFO - Started process (PID=2219) to work on /home/airflow/.local/lib/python3.8/site-packages/airflow/example_dags/example_latest_only_with_trigger.py
[2025-11-16T20:33:19.625+0000] {processor.py:830} INFO - Processing file /home/airflow/.local/lib/python3.8/site-packages/airflow/example_dags/example_latest_only_with_trigger.py for tasks to queue
[2025-11-16T20:33:19.627+0000] {logging_mixin.py:188} INFO - [2025-11-16T20:33:19.626+0000] {dagbag.py:538} INFO - Filling up the DagBag from /home/airflow/.local/lib/python3.8/site-packages/airflow/example_dags/example_latest_only_with_trigger.py
[2025-11-16T20:33:19.634+0000] {processor.py:840} INFO - DAG(s) 'latest_only_with_trigger' retrieved from /home/airflow/.local/lib/python3.8/site-packages/airflow/example_dags/example_latest_only_with_trigger.py
[2025-11-16T20:33:19.658+0000] {logging_mixin.py:188} INFO - [2025-11-16T20:33:19.657+0000] {dag.py:3036} INFO - Sync 1 DAGs
[2025-11-16T20:33:19.677+0000] {logging_mixin.py:188} INFO - [2025-11-16T20:33:19.677+0000] {dag.py:3823} INFO - Setting next_dagrun for latest_only_with_trigger to 2025-11-16 16:00:00+00:00, run_after=2025-11-16 20:00:00+00:00
[2025-11-16T20:33:19.699+0000] {processor.py:183} INFO - Processing /home/airflow/.local/lib/python3.8/site-packages/airflow/example_dags/example_latest_only_with_trigger.py took 0.078 seconds
[2025-11-16T20:33:50.207+0000] {processor.py:161} INFO - Started process (PID=2315) to work on /home/airflow/.local/lib/python3.8/site-packages/airflow/example_dags/example_latest_only_with_trigger.py
[2025-11-16T20:33:50.208+0000] {processor.py:830} INFO - Processing file /home/airflow/.local/lib/python3.8/site-packages/airflow/example_dags/example_latest_only_with_trigger.py for tasks to queue
[2025-11-16T20:33:50.209+0000] {logging_mixin.py:188} INFO - [2025-11-16T20:33:50.209+0000] {dagbag.py:538} INFO - Filling up the DagBag from /home/airflow/.local/lib/python3.8/site-packages/airflow/example_dags/example_latest_only_with_trigger.py
[2025-11-16T20:33:50.216+0000] {processor.py:840} INFO - DAG(s) 'latest_only_with_trigger' retrieved from /home/airflow/.local/lib/python3.8/site-packages/airflow/example_dags/example_latest_only_with_trigger.py
[2025-11-16T20:33:50.246+0000] {logging_mixin.py:188} INFO - [2025-11-16T20:33:50.245+0000] {dag.py:3036} INFO - Sync 1 DAGs
[2025-11-16T20:33:50.272+0000] {logging_mixin.py:188} INFO - [2025-11-16T20:33:50.272+0000] {dag.py:3823} INFO - Setting next_dagrun for latest_only_with_trigger to 2025-11-16 16:00:00+00:00, run_after=2025-11-16 20:00:00+00:00
[2025-11-16T20:33:50.304+0000] {processor.py:183} INFO - Processing /home/airflow/.local/lib/python3.8/site-packages/airflow/example_dags/example_latest_only_with_trigger.py took 0.101 seconds
[2025-11-16T20:34:21.150+0000] {processor.py:161} INFO - Started process (PID=2397) to work on /home/airflow/.local/lib/python3.8/site-packages/airflow/example_dags/example_latest_only_with_trigger.py
[2025-11-16T20:34:21.151+0000] {processor.py:830} INFO - Processing file /home/airflow/.local/lib/python3.8/site-packages/airflow/example_dags/example_latest_only_with_trigger.py for tasks to queue
[2025-11-16T20:34:21.153+0000] {logging_mixin.py:188} INFO - [2025-11-16T20:34:21.152+0000] {dagbag.py:538} INFO - Filling up the DagBag from /home/airflow/.local/lib/python3.8/site-packages/airflow/example_dags/example_latest_only_with_trigger.py
[2025-11-16T20:34:21.159+0000] {processor.py:840} INFO - DAG(s) 'latest_only_with_trigger' retrieved from /home/airflow/.local/lib/python3.8/site-packages/airflow/example_dags/example_latest_only_with_trigger.py
[2025-11-16T20:34:21.183+0000] {logging_mixin.py:188} INFO - [2025-11-16T20:34:21.183+0000] {dag.py:3036} INFO - Sync 1 DAGs
[2025-11-16T20:34:21.204+0000] {logging_mixin.py:188} INFO - [2025-11-16T20:34:21.203+0000] {dag.py:3823} INFO - Setting next_dagrun for latest_only_with_trigger to 2025-11-16 16:00:00+00:00, run_after=2025-11-16 20:00:00+00:00
[2025-11-16T20:34:21.226+0000] {processor.py:183} INFO - Processing /home/airflow/.local/lib/python3.8/site-packages/airflow/example_dags/example_latest_only_with_trigger.py took 0.079 seconds
[2025-11-16T20:34:51.804+0000] {processor.py:161} INFO - Started process (PID=2486) to work on /home/airflow/.local/lib/python3.8/site-packages/airflow/example_dags/example_latest_only_with_trigger.py
[2025-11-16T20:34:51.806+0000] {processor.py:830} INFO - Processing file /home/airflow/.local/lib/python3.8/site-packages/airflow/example_dags/example_latest_only_with_trigger.py for tasks to queue
[2025-11-16T20:34:51.809+0000] {logging_mixin.py:188} INFO - [2025-11-16T20:34:51.808+0000] {dagbag.py:538} INFO - Filling up the DagBag from /home/airflow/.local/lib/python3.8/site-packages/airflow/example_dags/example_latest_only_with_trigger.py
[2025-11-16T20:34:51.822+0000] {processor.py:840} INFO - DAG(s) 'latest_only_with_trigger' retrieved from /home/airflow/.local/lib/python3.8/site-packages/airflow/example_dags/example_latest_only_with_trigger.py
[2025-11-16T20:34:51.854+0000] {logging_mixin.py:188} INFO - [2025-11-16T20:34:51.853+0000] {dag.py:3036} INFO - Sync 1 DAGs
[2025-11-16T20:34:51.883+0000] {logging_mixin.py:188} INFO - [2025-11-16T20:34:51.883+0000] {dag.py:3823} INFO - Setting next_dagrun for latest_only_with_trigger to 2025-11-16 16:00:00+00:00, run_after=2025-11-16 20:00:00+00:00
[2025-11-16T20:34:51.906+0000] {processor.py:183} INFO - Processing /home/airflow/.local/lib/python3.8/site-packages/airflow/example_dags/example_latest_only_with_trigger.py took 0.107 seconds
[2025-11-16T20:35:23.139+0000] {processor.py:161} INFO - Started process (PID=2574) to work on /home/airflow/.local/lib/python3.8/site-packages/airflow/example_dags/example_latest_only_with_trigger.py
[2025-11-16T20:35:23.140+0000] {processor.py:830} INFO - Processing file /home/airflow/.local/lib/python3.8/site-packages/airflow/example_dags/example_latest_only_with_trigger.py for tasks to queue
[2025-11-16T20:35:23.141+0000] {logging_mixin.py:188} INFO - [2025-11-16T20:35:23.140+0000] {dagbag.py:538} INFO - Filling up the DagBag from /home/airflow/.local/lib/python3.8/site-packages/airflow/example_dags/example_latest_only_with_trigger.py
[2025-11-16T20:35:23.148+0000] {processor.py:840} INFO - DAG(s) 'latest_only_with_trigger' retrieved from /home/airflow/.local/lib/python3.8/site-packages/airflow/example_dags/example_latest_only_with_trigger.py
[2025-11-16T20:35:23.178+0000] {logging_mixin.py:188} INFO - [2025-11-16T20:35:23.178+0000] {dag.py:3036} INFO - Sync 1 DAGs
[2025-11-16T20:35:23.203+0000] {logging_mixin.py:188} INFO - [2025-11-16T20:35:23.202+0000] {dag.py:3823} INFO - Setting next_dagrun for latest_only_with_trigger to 2025-11-16 16:00:00+00:00, run_after=2025-11-16 20:00:00+00:00
[2025-11-16T20:35:23.223+0000] {processor.py:183} INFO - Processing /home/airflow/.local/lib/python3.8/site-packages/airflow/example_dags/example_latest_only_with_trigger.py took 0.088 seconds
[2025-11-16T20:35:54.014+0000] {processor.py:161} INFO - Started process (PID=2655) to work on /home/airflow/.local/lib/python3.8/site-packages/airflow/example_dags/example_latest_only_with_trigger.py
[2025-11-16T20:35:54.015+0000] {processor.py:830} INFO - Processing file /home/airflow/.local/lib/python3.8/site-packages/airflow/example_dags/example_latest_only_with_trigger.py for tasks to queue
[2025-11-16T20:35:54.017+0000] {logging_mixin.py:188} INFO - [2025-11-16T20:35:54.016+0000] {dagbag.py:538} INFO - Filling up the DagBag from /home/airflow/.local/lib/python3.8/site-packages/airflow/example_dags/example_latest_only_with_trigger.py
[2025-11-16T20:35:54.024+0000] {processor.py:840} INFO - DAG(s) 'latest_only_with_trigger' retrieved from /home/airflow/.local/lib/python3.8/site-packages/airflow/example_dags/example_latest_only_with_trigger.py
[2025-11-16T20:35:54.051+0000] {logging_mixin.py:188} INFO - [2025-11-16T20:35:54.051+0000] {dag.py:3036} INFO - Sync 1 DAGs
[2025-11-16T20:35:54.075+0000] {logging_mixin.py:188} INFO - [2025-11-16T20:35:54.075+0000] {dag.py:3823} INFO - Setting next_dagrun for latest_only_with_trigger to 2025-11-16 16:00:00+00:00, run_after=2025-11-16 20:00:00+00:00
[2025-11-16T20:35:54.103+0000] {processor.py:183} INFO - Processing /home/airflow/.local/lib/python3.8/site-packages/airflow/example_dags/example_latest_only_with_trigger.py took 0.092 seconds
[2025-11-16T20:36:24.972+0000] {processor.py:161} INFO - Started process (PID=2742) to work on /home/airflow/.local/lib/python3.8/site-packages/airflow/example_dags/example_latest_only_with_trigger.py
[2025-11-16T20:36:24.973+0000] {processor.py:830} INFO - Processing file /home/airflow/.local/lib/python3.8/site-packages/airflow/example_dags/example_latest_only_with_trigger.py for tasks to queue
[2025-11-16T20:36:24.975+0000] {logging_mixin.py:188} INFO - [2025-11-16T20:36:24.974+0000] {dagbag.py:538} INFO - Filling up the DagBag from /home/airflow/.local/lib/python3.8/site-packages/airflow/example_dags/example_latest_only_with_trigger.py
[2025-11-16T20:36:24.984+0000] {processor.py:840} INFO - DAG(s) 'latest_only_with_trigger' retrieved from /home/airflow/.local/lib/python3.8/site-packages/airflow/example_dags/example_latest_only_with_trigger.py
[2025-11-16T20:36:25.016+0000] {logging_mixin.py:188} INFO - [2025-11-16T20:36:25.016+0000] {dag.py:3036} INFO - Sync 1 DAGs
[2025-11-16T20:36:25.047+0000] {logging_mixin.py:188} INFO - [2025-11-16T20:36:25.046+0000] {dag.py:3823} INFO - Setting next_dagrun for latest_only_with_trigger to 2025-11-16 16:00:00+00:00, run_after=2025-11-16 20:00:00+00:00
[2025-11-16T20:36:25.075+0000] {processor.py:183} INFO - Processing /home/airflow/.local/lib/python3.8/site-packages/airflow/example_dags/example_latest_only_with_trigger.py took 0.107 seconds
[2025-11-16T20:36:56.872+0000] {processor.py:161} INFO - Started process (PID=2828) to work on /home/airflow/.local/lib/python3.8/site-packages/airflow/example_dags/example_latest_only_with_trigger.py
[2025-11-16T20:36:56.873+0000] {processor.py:830} INFO - Processing file /home/airflow/.local/lib/python3.8/site-packages/airflow/example_dags/example_latest_only_with_trigger.py for tasks to queue
[2025-11-16T20:36:56.874+0000] {logging_mixin.py:188} INFO - [2025-11-16T20:36:56.874+0000] {dagbag.py:538} INFO - Filling up the DagBag from /home/airflow/.local/lib/python3.8/site-packages/airflow/example_dags/example_latest_only_with_trigger.py
[2025-11-16T20:36:56.886+0000] {processor.py:840} INFO - DAG(s) 'latest_only_with_trigger' retrieved from /home/airflow/.local/lib/python3.8/site-packages/airflow/example_dags/example_latest_only_with_trigger.py
[2025-11-16T20:36:56.931+0000] {logging_mixin.py:188} INFO - [2025-11-16T20:36:56.930+0000] {dag.py:3036} INFO - Sync 1 DAGs
[2025-11-16T20:36:56.966+0000] {logging_mixin.py:188} INFO - [2025-11-16T20:36:56.965+0000] {dag.py:3823} INFO - Setting next_dagrun for latest_only_with_trigger to 2025-11-16 16:00:00+00:00, run_after=2025-11-16 20:00:00+00:00
[2025-11-16T20:36:57.000+0000] {processor.py:183} INFO - Processing /home/airflow/.local/lib/python3.8/site-packages/airflow/example_dags/example_latest_only_with_trigger.py took 0.134 seconds
[2025-11-16T20:37:34.054+0000] {processor.py:161} INFO - Started process (PID=2899) to work on /home/airflow/.local/lib/python3.8/site-packages/airflow/example_dags/example_latest_only_with_trigger.py
[2025-11-16T20:37:34.057+0000] {processor.py:830} INFO - Processing file /home/airflow/.local/lib/python3.8/site-packages/airflow/example_dags/example_latest_only_with_trigger.py for tasks to queue
[2025-11-16T20:37:34.059+0000] {logging_mixin.py:188} INFO - [2025-11-16T20:37:34.059+0000] {dagbag.py:538} INFO - Filling up the DagBag from /home/airflow/.local/lib/python3.8/site-packages/airflow/example_dags/example_latest_only_with_trigger.py
[2025-11-16T20:37:34.068+0000] {processor.py:840} INFO - DAG(s) 'latest_only_with_trigger' retrieved from /home/airflow/.local/lib/python3.8/site-packages/airflow/example_dags/example_latest_only_with_trigger.py
[2025-11-16T20:37:34.104+0000] {logging_mixin.py:188} INFO - [2025-11-16T20:37:34.104+0000] {dag.py:3036} INFO - Sync 1 DAGs
[2025-11-16T20:37:34.136+0000] {logging_mixin.py:188} INFO - [2025-11-16T20:37:34.136+0000] {dag.py:3823} INFO - Setting next_dagrun for latest_only_with_trigger to 2025-11-16 16:00:00+00:00, run_after=2025-11-16 20:00:00+00:00
[2025-11-16T20:37:34.169+0000] {processor.py:183} INFO - Processing /home/airflow/.local/lib/python3.8/site-packages/airflow/example_dags/example_latest_only_with_trigger.py took 0.118 seconds
[2025-11-16T20:38:04.898+0000] {processor.py:161} INFO - Started process (PID=2980) to work on /home/airflow/.local/lib/python3.8/site-packages/airflow/example_dags/example_latest_only_with_trigger.py
[2025-11-16T20:38:04.899+0000] {processor.py:830} INFO - Processing file /home/airflow/.local/lib/python3.8/site-packages/airflow/example_dags/example_latest_only_with_trigger.py for tasks to queue
[2025-11-16T20:38:04.900+0000] {logging_mixin.py:188} INFO - [2025-11-16T20:38:04.900+0000] {dagbag.py:538} INFO - Filling up the DagBag from /home/airflow/.local/lib/python3.8/site-packages/airflow/example_dags/example_latest_only_with_trigger.py
[2025-11-16T20:38:04.911+0000] {processor.py:840} INFO - DAG(s) 'latest_only_with_trigger' retrieved from /home/airflow/.local/lib/python3.8/site-packages/airflow/example_dags/example_latest_only_with_trigger.py
[2025-11-16T20:38:04.953+0000] {logging_mixin.py:188} INFO - [2025-11-16T20:38:04.953+0000] {dag.py:3036} INFO - Sync 1 DAGs
[2025-11-16T20:38:04.995+0000] {logging_mixin.py:188} INFO - [2025-11-16T20:38:04.990+0000] {dag.py:3823} INFO - Setting next_dagrun for latest_only_with_trigger to 2025-11-16 16:00:00+00:00, run_after=2025-11-16 20:00:00+00:00
[2025-11-16T20:38:05.026+0000] {processor.py:183} INFO - Processing /home/airflow/.local/lib/python3.8/site-packages/airflow/example_dags/example_latest_only_with_trigger.py took 0.131 seconds
[2025-11-16T20:38:35.093+0000] {processor.py:161} INFO - Started process (PID=3061) to work on /home/airflow/.local/lib/python3.8/site-packages/airflow/example_dags/example_latest_only_with_trigger.py
[2025-11-16T20:38:35.095+0000] {processor.py:830} INFO - Processing file /home/airflow/.local/lib/python3.8/site-packages/airflow/example_dags/example_latest_only_with_trigger.py for tasks to queue
[2025-11-16T20:38:35.096+0000] {logging_mixin.py:188} INFO - [2025-11-16T20:38:35.096+0000] {dagbag.py:538} INFO - Filling up the DagBag from /home/airflow/.local/lib/python3.8/site-packages/airflow/example_dags/example_latest_only_with_trigger.py
[2025-11-16T20:38:35.109+0000] {processor.py:840} INFO - DAG(s) 'latest_only_with_trigger' retrieved from /home/airflow/.local/lib/python3.8/site-packages/airflow/example_dags/example_latest_only_with_trigger.py
[2025-11-16T20:38:35.150+0000] {logging_mixin.py:188} INFO - [2025-11-16T20:38:35.149+0000] {dag.py:3036} INFO - Sync 1 DAGs
[2025-11-16T20:38:35.176+0000] {logging_mixin.py:188} INFO - [2025-11-16T20:38:35.176+0000] {dag.py:3823} INFO - Setting next_dagrun for latest_only_with_trigger to 2025-11-16 16:00:00+00:00, run_after=2025-11-16 20:00:00+00:00
[2025-11-16T20:38:35.206+0000] {processor.py:183} INFO - Processing /home/airflow/.local/lib/python3.8/site-packages/airflow/example_dags/example_latest_only_with_trigger.py took 0.120 seconds
[2025-11-16T20:39:23.649+0000] {processor.py:161} INFO - Started process (PID=3152) to work on /home/airflow/.local/lib/python3.8/site-packages/airflow/example_dags/example_latest_only_with_trigger.py
[2025-11-16T20:39:23.650+0000] {processor.py:830} INFO - Processing file /home/airflow/.local/lib/python3.8/site-packages/airflow/example_dags/example_latest_only_with_trigger.py for tasks to queue
[2025-11-16T20:39:23.652+0000] {logging_mixin.py:188} INFO - [2025-11-16T20:39:23.651+0000] {dagbag.py:538} INFO - Filling up the DagBag from /home/airflow/.local/lib/python3.8/site-packages/airflow/example_dags/example_latest_only_with_trigger.py
[2025-11-16T20:39:23.667+0000] {processor.py:840} INFO - DAG(s) 'latest_only_with_trigger' retrieved from /home/airflow/.local/lib/python3.8/site-packages/airflow/example_dags/example_latest_only_with_trigger.py
[2025-11-16T20:39:23.715+0000] {logging_mixin.py:188} INFO - [2025-11-16T20:39:23.714+0000] {dag.py:3036} INFO - Sync 1 DAGs
[2025-11-16T20:39:23.758+0000] {logging_mixin.py:188} INFO - [2025-11-16T20:39:23.758+0000] {dag.py:3823} INFO - Setting next_dagrun for latest_only_with_trigger to 2025-11-16 16:00:00+00:00, run_after=2025-11-16 20:00:00+00:00
[2025-11-16T20:39:23.795+0000] {processor.py:183} INFO - Processing /home/airflow/.local/lib/python3.8/site-packages/airflow/example_dags/example_latest_only_with_trigger.py took 0.150 seconds
[2025-11-16T20:39:54.582+0000] {processor.py:161} INFO - Started process (PID=3244) to work on /home/airflow/.local/lib/python3.8/site-packages/airflow/example_dags/example_latest_only_with_trigger.py
[2025-11-16T20:39:54.583+0000] {processor.py:830} INFO - Processing file /home/airflow/.local/lib/python3.8/site-packages/airflow/example_dags/example_latest_only_with_trigger.py for tasks to queue
[2025-11-16T20:39:54.584+0000] {logging_mixin.py:188} INFO - [2025-11-16T20:39:54.584+0000] {dagbag.py:538} INFO - Filling up the DagBag from /home/airflow/.local/lib/python3.8/site-packages/airflow/example_dags/example_latest_only_with_trigger.py
[2025-11-16T20:39:54.593+0000] {processor.py:840} INFO - DAG(s) 'latest_only_with_trigger' retrieved from /home/airflow/.local/lib/python3.8/site-packages/airflow/example_dags/example_latest_only_with_trigger.py
[2025-11-16T20:39:54.629+0000] {logging_mixin.py:188} INFO - [2025-11-16T20:39:54.629+0000] {dag.py:3036} INFO - Sync 1 DAGs
[2025-11-16T20:39:54.670+0000] {logging_mixin.py:188} INFO - [2025-11-16T20:39:54.670+0000] {dag.py:3823} INFO - Setting next_dagrun for latest_only_with_trigger to 2025-11-16 16:00:00+00:00, run_after=2025-11-16 20:00:00+00:00
[2025-11-16T20:39:54.703+0000] {processor.py:183} INFO - Processing /home/airflow/.local/lib/python3.8/site-packages/airflow/example_dags/example_latest_only_with_trigger.py took 0.125 seconds
[2025-11-16T20:42:27.939+0000] {processor.py:161} INFO - Started process (PID=162) to work on /home/airflow/.local/lib/python3.8/site-packages/airflow/example_dags/example_latest_only_with_trigger.py
[2025-11-16T20:42:27.940+0000] {processor.py:830} INFO - Processing file /home/airflow/.local/lib/python3.8/site-packages/airflow/example_dags/example_latest_only_with_trigger.py for tasks to queue
[2025-11-16T20:42:27.942+0000] {logging_mixin.py:188} INFO - [2025-11-16T20:42:27.941+0000] {dagbag.py:538} INFO - Filling up the DagBag from /home/airflow/.local/lib/python3.8/site-packages/airflow/example_dags/example_latest_only_with_trigger.py
[2025-11-16T20:42:27.964+0000] {processor.py:840} INFO - DAG(s) 'latest_only_with_trigger' retrieved from /home/airflow/.local/lib/python3.8/site-packages/airflow/example_dags/example_latest_only_with_trigger.py
[2025-11-16T20:42:28.125+0000] {logging_mixin.py:188} INFO - [2025-11-16T20:42:28.125+0000] {dag.py:3036} INFO - Sync 1 DAGs
[2025-11-16T20:42:28.151+0000] {logging_mixin.py:188} INFO - [2025-11-16T20:42:28.150+0000] {dag.py:3823} INFO - Setting next_dagrun for latest_only_with_trigger to 2025-11-16 16:00:00+00:00, run_after=2025-11-16 20:00:00+00:00
[2025-11-16T20:42:28.178+0000] {processor.py:183} INFO - Processing /home/airflow/.local/lib/python3.8/site-packages/airflow/example_dags/example_latest_only_with_trigger.py took 0.243 seconds
[2025-11-16T20:43:05.080+0000] {processor.py:161} INFO - Started process (PID=236) to work on /home/airflow/.local/lib/python3.8/site-packages/airflow/example_dags/example_latest_only_with_trigger.py
[2025-11-16T20:43:05.081+0000] {processor.py:830} INFO - Processing file /home/airflow/.local/lib/python3.8/site-packages/airflow/example_dags/example_latest_only_with_trigger.py for tasks to queue
[2025-11-16T20:43:05.082+0000] {logging_mixin.py:188} INFO - [2025-11-16T20:43:05.082+0000] {dagbag.py:538} INFO - Filling up the DagBag from /home/airflow/.local/lib/python3.8/site-packages/airflow/example_dags/example_latest_only_with_trigger.py
[2025-11-16T20:43:05.090+0000] {processor.py:840} INFO - DAG(s) 'latest_only_with_trigger' retrieved from /home/airflow/.local/lib/python3.8/site-packages/airflow/example_dags/example_latest_only_with_trigger.py
[2025-11-16T20:43:05.124+0000] {logging_mixin.py:188} INFO - [2025-11-16T20:43:05.124+0000] {dag.py:3036} INFO - Sync 1 DAGs
[2025-11-16T20:43:05.156+0000] {logging_mixin.py:188} INFO - [2025-11-16T20:43:05.156+0000] {dag.py:3823} INFO - Setting next_dagrun for latest_only_with_trigger to 2025-11-16 16:00:00+00:00, run_after=2025-11-16 20:00:00+00:00
[2025-11-16T20:43:05.187+0000] {processor.py:183} INFO - Processing /home/airflow/.local/lib/python3.8/site-packages/airflow/example_dags/example_latest_only_with_trigger.py took 0.111 seconds
[2025-11-16T20:43:35.867+0000] {processor.py:161} INFO - Started process (PID=317) to work on /home/airflow/.local/lib/python3.8/site-packages/airflow/example_dags/example_latest_only_with_trigger.py
[2025-11-16T20:43:35.868+0000] {processor.py:830} INFO - Processing file /home/airflow/.local/lib/python3.8/site-packages/airflow/example_dags/example_latest_only_with_trigger.py for tasks to queue
[2025-11-16T20:43:35.869+0000] {logging_mixin.py:188} INFO - [2025-11-16T20:43:35.869+0000] {dagbag.py:538} INFO - Filling up the DagBag from /home/airflow/.local/lib/python3.8/site-packages/airflow/example_dags/example_latest_only_with_trigger.py
[2025-11-16T20:43:35.877+0000] {processor.py:840} INFO - DAG(s) 'latest_only_with_trigger' retrieved from /home/airflow/.local/lib/python3.8/site-packages/airflow/example_dags/example_latest_only_with_trigger.py
[2025-11-16T20:43:35.909+0000] {logging_mixin.py:188} INFO - [2025-11-16T20:43:35.909+0000] {dag.py:3036} INFO - Sync 1 DAGs
[2025-11-16T20:43:35.944+0000] {logging_mixin.py:188} INFO - [2025-11-16T20:43:35.944+0000] {dag.py:3823} INFO - Setting next_dagrun for latest_only_with_trigger to 2025-11-16 16:00:00+00:00, run_after=2025-11-16 20:00:00+00:00
[2025-11-16T20:43:35.979+0000] {processor.py:183} INFO - Processing /home/airflow/.local/lib/python3.8/site-packages/airflow/example_dags/example_latest_only_with_trigger.py took 0.116 seconds
[2025-11-16T20:44:06.081+0000] {processor.py:161} INFO - Started process (PID=405) to work on /home/airflow/.local/lib/python3.8/site-packages/airflow/example_dags/example_latest_only_with_trigger.py
[2025-11-16T20:44:06.082+0000] {processor.py:830} INFO - Processing file /home/airflow/.local/lib/python3.8/site-packages/airflow/example_dags/example_latest_only_with_trigger.py for tasks to queue
[2025-11-16T20:44:06.083+0000] {logging_mixin.py:188} INFO - [2025-11-16T20:44:06.083+0000] {dagbag.py:538} INFO - Filling up the DagBag from /home/airflow/.local/lib/python3.8/site-packages/airflow/example_dags/example_latest_only_with_trigger.py
[2025-11-16T20:44:06.089+0000] {processor.py:840} INFO - DAG(s) 'latest_only_with_trigger' retrieved from /home/airflow/.local/lib/python3.8/site-packages/airflow/example_dags/example_latest_only_with_trigger.py
[2025-11-16T20:44:06.114+0000] {logging_mixin.py:188} INFO - [2025-11-16T20:44:06.113+0000] {dag.py:3036} INFO - Sync 1 DAGs
[2025-11-16T20:44:06.135+0000] {logging_mixin.py:188} INFO - [2025-11-16T20:44:06.134+0000] {dag.py:3823} INFO - Setting next_dagrun for latest_only_with_trigger to 2025-11-16 16:00:00+00:00, run_after=2025-11-16 20:00:00+00:00
[2025-11-16T20:44:06.157+0000] {processor.py:183} INFO - Processing /home/airflow/.local/lib/python3.8/site-packages/airflow/example_dags/example_latest_only_with_trigger.py took 0.079 seconds
[2025-11-16T20:44:37.091+0000] {processor.py:161} INFO - Started process (PID=486) to work on /home/airflow/.local/lib/python3.8/site-packages/airflow/example_dags/example_latest_only_with_trigger.py
[2025-11-16T20:44:37.092+0000] {processor.py:830} INFO - Processing file /home/airflow/.local/lib/python3.8/site-packages/airflow/example_dags/example_latest_only_with_trigger.py for tasks to queue
[2025-11-16T20:44:37.094+0000] {logging_mixin.py:188} INFO - [2025-11-16T20:44:37.093+0000] {dagbag.py:538} INFO - Filling up the DagBag from /home/airflow/.local/lib/python3.8/site-packages/airflow/example_dags/example_latest_only_with_trigger.py
[2025-11-16T20:44:37.100+0000] {processor.py:840} INFO - DAG(s) 'latest_only_with_trigger' retrieved from /home/airflow/.local/lib/python3.8/site-packages/airflow/example_dags/example_latest_only_with_trigger.py
[2025-11-16T20:44:37.127+0000] {logging_mixin.py:188} INFO - [2025-11-16T20:44:37.127+0000] {dag.py:3036} INFO - Sync 1 DAGs
[2025-11-16T20:44:37.150+0000] {logging_mixin.py:188} INFO - [2025-11-16T20:44:37.150+0000] {dag.py:3823} INFO - Setting next_dagrun for latest_only_with_trigger to 2025-11-16 16:00:00+00:00, run_after=2025-11-16 20:00:00+00:00
[2025-11-16T20:44:37.172+0000] {processor.py:183} INFO - Processing /home/airflow/.local/lib/python3.8/site-packages/airflow/example_dags/example_latest_only_with_trigger.py took 0.084 seconds
[2025-11-16T20:45:07.787+0000] {processor.py:161} INFO - Started process (PID=583) to work on /home/airflow/.local/lib/python3.8/site-packages/airflow/example_dags/example_latest_only_with_trigger.py
[2025-11-16T20:45:07.788+0000] {processor.py:830} INFO - Processing file /home/airflow/.local/lib/python3.8/site-packages/airflow/example_dags/example_latest_only_with_trigger.py for tasks to queue
[2025-11-16T20:45:07.790+0000] {logging_mixin.py:188} INFO - [2025-11-16T20:45:07.789+0000] {dagbag.py:538} INFO - Filling up the DagBag from /home/airflow/.local/lib/python3.8/site-packages/airflow/example_dags/example_latest_only_with_trigger.py
[2025-11-16T20:45:07.799+0000] {processor.py:840} INFO - DAG(s) 'latest_only_with_trigger' retrieved from /home/airflow/.local/lib/python3.8/site-packages/airflow/example_dags/example_latest_only_with_trigger.py
[2025-11-16T20:45:07.833+0000] {logging_mixin.py:188} INFO - [2025-11-16T20:45:07.833+0000] {dag.py:3036} INFO - Sync 1 DAGs
[2025-11-16T20:45:07.872+0000] {logging_mixin.py:188} INFO - [2025-11-16T20:45:07.872+0000] {dag.py:3823} INFO - Setting next_dagrun for latest_only_with_trigger to 2025-11-16 16:00:00+00:00, run_after=2025-11-16 20:00:00+00:00
[2025-11-16T20:45:07.903+0000] {processor.py:183} INFO - Processing /home/airflow/.local/lib/python3.8/site-packages/airflow/example_dags/example_latest_only_with_trigger.py took 0.121 seconds
[2025-11-16T20:45:38.094+0000] {processor.py:161} INFO - Started process (PID=665) to work on /home/airflow/.local/lib/python3.8/site-packages/airflow/example_dags/example_latest_only_with_trigger.py
[2025-11-16T20:45:38.095+0000] {processor.py:830} INFO - Processing file /home/airflow/.local/lib/python3.8/site-packages/airflow/example_dags/example_latest_only_with_trigger.py for tasks to queue
[2025-11-16T20:45:38.096+0000] {logging_mixin.py:188} INFO - [2025-11-16T20:45:38.096+0000] {dagbag.py:538} INFO - Filling up the DagBag from /home/airflow/.local/lib/python3.8/site-packages/airflow/example_dags/example_latest_only_with_trigger.py
[2025-11-16T20:45:38.106+0000] {processor.py:840} INFO - DAG(s) 'latest_only_with_trigger' retrieved from /home/airflow/.local/lib/python3.8/site-packages/airflow/example_dags/example_latest_only_with_trigger.py
[2025-11-16T20:45:38.138+0000] {logging_mixin.py:188} INFO - [2025-11-16T20:45:38.137+0000] {dag.py:3036} INFO - Sync 1 DAGs
[2025-11-16T20:45:38.166+0000] {logging_mixin.py:188} INFO - [2025-11-16T20:45:38.166+0000] {dag.py:3823} INFO - Setting next_dagrun for latest_only_with_trigger to 2025-11-16 16:00:00+00:00, run_after=2025-11-16 20:00:00+00:00
[2025-11-16T20:45:38.191+0000] {processor.py:183} INFO - Processing /home/airflow/.local/lib/python3.8/site-packages/airflow/example_dags/example_latest_only_with_trigger.py took 0.101 seconds
[2025-11-16T20:46:08.550+0000] {processor.py:161} INFO - Started process (PID=746) to work on /home/airflow/.local/lib/python3.8/site-packages/airflow/example_dags/example_latest_only_with_trigger.py
[2025-11-16T20:46:08.551+0000] {processor.py:830} INFO - Processing file /home/airflow/.local/lib/python3.8/site-packages/airflow/example_dags/example_latest_only_with_trigger.py for tasks to queue
[2025-11-16T20:46:08.553+0000] {logging_mixin.py:188} INFO - [2025-11-16T20:46:08.552+0000] {dagbag.py:538} INFO - Filling up the DagBag from /home/airflow/.local/lib/python3.8/site-packages/airflow/example_dags/example_latest_only_with_trigger.py
[2025-11-16T20:46:08.559+0000] {processor.py:840} INFO - DAG(s) 'latest_only_with_trigger' retrieved from /home/airflow/.local/lib/python3.8/site-packages/airflow/example_dags/example_latest_only_with_trigger.py
[2025-11-16T20:46:08.588+0000] {logging_mixin.py:188} INFO - [2025-11-16T20:46:08.588+0000] {dag.py:3036} INFO - Sync 1 DAGs
[2025-11-16T20:46:08.613+0000] {logging_mixin.py:188} INFO - [2025-11-16T20:46:08.613+0000] {dag.py:3823} INFO - Setting next_dagrun for latest_only_with_trigger to 2025-11-16 16:00:00+00:00, run_after=2025-11-16 20:00:00+00:00
[2025-11-16T20:46:08.639+0000] {processor.py:183} INFO - Processing /home/airflow/.local/lib/python3.8/site-packages/airflow/example_dags/example_latest_only_with_trigger.py took 0.092 seconds
[2025-11-16T20:46:39.135+0000] {processor.py:161} INFO - Started process (PID=842) to work on /home/airflow/.local/lib/python3.8/site-packages/airflow/example_dags/example_latest_only_with_trigger.py
[2025-11-16T20:46:39.136+0000] {processor.py:830} INFO - Processing file /home/airflow/.local/lib/python3.8/site-packages/airflow/example_dags/example_latest_only_with_trigger.py for tasks to queue
[2025-11-16T20:46:39.137+0000] {logging_mixin.py:188} INFO - [2025-11-16T20:46:39.137+0000] {dagbag.py:538} INFO - Filling up the DagBag from /home/airflow/.local/lib/python3.8/site-packages/airflow/example_dags/example_latest_only_with_trigger.py
[2025-11-16T20:46:39.143+0000] {processor.py:840} INFO - DAG(s) 'latest_only_with_trigger' retrieved from /home/airflow/.local/lib/python3.8/site-packages/airflow/example_dags/example_latest_only_with_trigger.py
[2025-11-16T20:46:39.168+0000] {logging_mixin.py:188} INFO - [2025-11-16T20:46:39.168+0000] {dag.py:3036} INFO - Sync 1 DAGs
[2025-11-16T20:46:39.191+0000] {logging_mixin.py:188} INFO - [2025-11-16T20:46:39.191+0000] {dag.py:3823} INFO - Setting next_dagrun for latest_only_with_trigger to 2025-11-16 16:00:00+00:00, run_after=2025-11-16 20:00:00+00:00
[2025-11-16T20:46:39.214+0000] {processor.py:183} INFO - Processing /home/airflow/.local/lib/python3.8/site-packages/airflow/example_dags/example_latest_only_with_trigger.py took 0.081 seconds
[2025-11-16T20:47:09.490+0000] {processor.py:161} INFO - Started process (PID=923) to work on /home/airflow/.local/lib/python3.8/site-packages/airflow/example_dags/example_latest_only_with_trigger.py
[2025-11-16T20:47:09.491+0000] {processor.py:830} INFO - Processing file /home/airflow/.local/lib/python3.8/site-packages/airflow/example_dags/example_latest_only_with_trigger.py for tasks to queue
[2025-11-16T20:47:09.492+0000] {logging_mixin.py:188} INFO - [2025-11-16T20:47:09.492+0000] {dagbag.py:538} INFO - Filling up the DagBag from /home/airflow/.local/lib/python3.8/site-packages/airflow/example_dags/example_latest_only_with_trigger.py
[2025-11-16T20:47:09.498+0000] {processor.py:840} INFO - DAG(s) 'latest_only_with_trigger' retrieved from /home/airflow/.local/lib/python3.8/site-packages/airflow/example_dags/example_latest_only_with_trigger.py
[2025-11-16T20:47:09.522+0000] {logging_mixin.py:188} INFO - [2025-11-16T20:47:09.522+0000] {dag.py:3036} INFO - Sync 1 DAGs
[2025-11-16T20:47:09.546+0000] {logging_mixin.py:188} INFO - [2025-11-16T20:47:09.546+0000] {dag.py:3823} INFO - Setting next_dagrun for latest_only_with_trigger to 2025-11-16 16:00:00+00:00, run_after=2025-11-16 20:00:00+00:00
[2025-11-16T20:47:09.571+0000] {processor.py:183} INFO - Processing /home/airflow/.local/lib/python3.8/site-packages/airflow/example_dags/example_latest_only_with_trigger.py took 0.084 seconds
[2025-11-16T20:47:40.404+0000] {processor.py:161} INFO - Started process (PID=1019) to work on /home/airflow/.local/lib/python3.8/site-packages/airflow/example_dags/example_latest_only_with_trigger.py
[2025-11-16T20:47:40.405+0000] {processor.py:830} INFO - Processing file /home/airflow/.local/lib/python3.8/site-packages/airflow/example_dags/example_latest_only_with_trigger.py for tasks to queue
[2025-11-16T20:47:40.407+0000] {logging_mixin.py:188} INFO - [2025-11-16T20:47:40.406+0000] {dagbag.py:538} INFO - Filling up the DagBag from /home/airflow/.local/lib/python3.8/site-packages/airflow/example_dags/example_latest_only_with_trigger.py
[2025-11-16T20:47:40.415+0000] {processor.py:840} INFO - DAG(s) 'latest_only_with_trigger' retrieved from /home/airflow/.local/lib/python3.8/site-packages/airflow/example_dags/example_latest_only_with_trigger.py
[2025-11-16T20:47:40.444+0000] {logging_mixin.py:188} INFO - [2025-11-16T20:47:40.443+0000] {dag.py:3036} INFO - Sync 1 DAGs
[2025-11-16T20:47:40.469+0000] {logging_mixin.py:188} INFO - [2025-11-16T20:47:40.469+0000] {dag.py:3823} INFO - Setting next_dagrun for latest_only_with_trigger to 2025-11-16 16:00:00+00:00, run_after=2025-11-16 20:00:00+00:00
[2025-11-16T20:47:40.497+0000] {processor.py:183} INFO - Processing /home/airflow/.local/lib/python3.8/site-packages/airflow/example_dags/example_latest_only_with_trigger.py took 0.096 seconds
[2025-11-16T20:48:10.758+0000] {processor.py:161} INFO - Started process (PID=1099) to work on /home/airflow/.local/lib/python3.8/site-packages/airflow/example_dags/example_latest_only_with_trigger.py
[2025-11-16T20:48:10.759+0000] {processor.py:830} INFO - Processing file /home/airflow/.local/lib/python3.8/site-packages/airflow/example_dags/example_latest_only_with_trigger.py for tasks to queue
[2025-11-16T20:48:10.760+0000] {logging_mixin.py:188} INFO - [2025-11-16T20:48:10.760+0000] {dagbag.py:538} INFO - Filling up the DagBag from /home/airflow/.local/lib/python3.8/site-packages/airflow/example_dags/example_latest_only_with_trigger.py
[2025-11-16T20:48:10.766+0000] {processor.py:840} INFO - DAG(s) 'latest_only_with_trigger' retrieved from /home/airflow/.local/lib/python3.8/site-packages/airflow/example_dags/example_latest_only_with_trigger.py
[2025-11-16T20:48:10.792+0000] {logging_mixin.py:188} INFO - [2025-11-16T20:48:10.791+0000] {dag.py:3036} INFO - Sync 1 DAGs
[2025-11-16T20:48:10.815+0000] {logging_mixin.py:188} INFO - [2025-11-16T20:48:10.815+0000] {dag.py:3823} INFO - Setting next_dagrun for latest_only_with_trigger to 2025-11-16 16:00:00+00:00, run_after=2025-11-16 20:00:00+00:00
[2025-11-16T20:48:10.838+0000] {processor.py:183} INFO - Processing /home/airflow/.local/lib/python3.8/site-packages/airflow/example_dags/example_latest_only_with_trigger.py took 0.083 seconds
[2025-11-16T20:48:42.104+0000] {processor.py:161} INFO - Started process (PID=1180) to work on /home/airflow/.local/lib/python3.8/site-packages/airflow/example_dags/example_latest_only_with_trigger.py
[2025-11-16T20:48:42.107+0000] {processor.py:830} INFO - Processing file /home/airflow/.local/lib/python3.8/site-packages/airflow/example_dags/example_latest_only_with_trigger.py for tasks to queue
[2025-11-16T20:48:42.110+0000] {logging_mixin.py:188} INFO - [2025-11-16T20:48:42.109+0000] {dagbag.py:538} INFO - Filling up the DagBag from /home/airflow/.local/lib/python3.8/site-packages/airflow/example_dags/example_latest_only_with_trigger.py
[2025-11-16T20:48:42.119+0000] {processor.py:840} INFO - DAG(s) 'latest_only_with_trigger' retrieved from /home/airflow/.local/lib/python3.8/site-packages/airflow/example_dags/example_latest_only_with_trigger.py
[2025-11-16T20:48:42.160+0000] {logging_mixin.py:188} INFO - [2025-11-16T20:48:42.159+0000] {dag.py:3036} INFO - Sync 1 DAGs
[2025-11-16T20:48:42.203+0000] {logging_mixin.py:188} INFO - [2025-11-16T20:48:42.202+0000] {dag.py:3823} INFO - Setting next_dagrun for latest_only_with_trigger to 2025-11-16 16:00:00+00:00, run_after=2025-11-16 20:00:00+00:00
[2025-11-16T20:48:42.240+0000] {processor.py:183} INFO - Processing /home/airflow/.local/lib/python3.8/site-packages/airflow/example_dags/example_latest_only_with_trigger.py took 0.138 seconds
[2025-11-16T20:49:19.178+0000] {processor.py:161} INFO - Started process (PID=1261) to work on /home/airflow/.local/lib/python3.8/site-packages/airflow/example_dags/example_latest_only_with_trigger.py
[2025-11-16T20:49:19.180+0000] {processor.py:830} INFO - Processing file /home/airflow/.local/lib/python3.8/site-packages/airflow/example_dags/example_latest_only_with_trigger.py for tasks to queue
[2025-11-16T20:49:19.185+0000] {logging_mixin.py:188} INFO - [2025-11-16T20:49:19.182+0000] {dagbag.py:538} INFO - Filling up the DagBag from /home/airflow/.local/lib/python3.8/site-packages/airflow/example_dags/example_latest_only_with_trigger.py
[2025-11-16T20:49:19.199+0000] {processor.py:840} INFO - DAG(s) 'latest_only_with_trigger' retrieved from /home/airflow/.local/lib/python3.8/site-packages/airflow/example_dags/example_latest_only_with_trigger.py
[2025-11-16T20:49:19.266+0000] {logging_mixin.py:188} INFO - [2025-11-16T20:49:19.265+0000] {dag.py:3036} INFO - Sync 1 DAGs
[2025-11-16T20:49:19.337+0000] {logging_mixin.py:188} INFO - [2025-11-16T20:49:19.336+0000] {dag.py:3823} INFO - Setting next_dagrun for latest_only_with_trigger to 2025-11-16 16:00:00+00:00, run_after=2025-11-16 20:00:00+00:00
[2025-11-16T20:49:19.391+0000] {processor.py:183} INFO - Processing /home/airflow/.local/lib/python3.8/site-packages/airflow/example_dags/example_latest_only_with_trigger.py took 0.220 seconds
[2025-11-16T20:50:07.071+0000] {processor.py:161} INFO - Started process (PID=1340) to work on /home/airflow/.local/lib/python3.8/site-packages/airflow/example_dags/example_latest_only_with_trigger.py
[2025-11-16T20:50:07.074+0000] {processor.py:830} INFO - Processing file /home/airflow/.local/lib/python3.8/site-packages/airflow/example_dags/example_latest_only_with_trigger.py for tasks to queue
[2025-11-16T20:50:07.075+0000] {logging_mixin.py:188} INFO - [2025-11-16T20:50:07.075+0000] {dagbag.py:538} INFO - Filling up the DagBag from /home/airflow/.local/lib/python3.8/site-packages/airflow/example_dags/example_latest_only_with_trigger.py
[2025-11-16T20:50:07.086+0000] {processor.py:840} INFO - DAG(s) 'latest_only_with_trigger' retrieved from /home/airflow/.local/lib/python3.8/site-packages/airflow/example_dags/example_latest_only_with_trigger.py
[2025-11-16T20:50:07.129+0000] {logging_mixin.py:188} INFO - [2025-11-16T20:50:07.128+0000] {dag.py:3036} INFO - Sync 1 DAGs
[2025-11-16T20:50:07.166+0000] {logging_mixin.py:188} INFO - [2025-11-16T20:50:07.165+0000] {dag.py:3823} INFO - Setting next_dagrun for latest_only_with_trigger to 2025-11-16 16:00:00+00:00, run_after=2025-11-16 20:00:00+00:00
[2025-11-16T20:50:07.199+0000] {processor.py:183} INFO - Processing /home/airflow/.local/lib/python3.8/site-packages/airflow/example_dags/example_latest_only_with_trigger.py took 0.134 seconds
[2025-11-16T23:16:22.170+0000] {processor.py:161} INFO - Started process (PID=1437) to work on /home/airflow/.local/lib/python3.8/site-packages/airflow/example_dags/example_latest_only_with_trigger.py
[2025-11-16T23:16:22.172+0000] {processor.py:830} INFO - Processing file /home/airflow/.local/lib/python3.8/site-packages/airflow/example_dags/example_latest_only_with_trigger.py for tasks to queue
[2025-11-16T23:16:22.178+0000] {logging_mixin.py:188} INFO - [2025-11-16T23:16:22.174+0000] {dagbag.py:538} INFO - Filling up the DagBag from /home/airflow/.local/lib/python3.8/site-packages/airflow/example_dags/example_latest_only_with_trigger.py
[2025-11-16T23:16:22.199+0000] {processor.py:840} INFO - DAG(s) 'latest_only_with_trigger' retrieved from /home/airflow/.local/lib/python3.8/site-packages/airflow/example_dags/example_latest_only_with_trigger.py
[2025-11-16T23:16:22.260+0000] {logging_mixin.py:188} INFO - [2025-11-16T23:16:22.259+0000] {dag.py:3036} INFO - Sync 1 DAGs
[2025-11-16T23:16:22.345+0000] {logging_mixin.py:188} INFO - [2025-11-16T23:16:22.344+0000] {dag.py:3823} INFO - Setting next_dagrun for latest_only_with_trigger to 2025-11-16 16:00:00+00:00, run_after=2025-11-16 20:00:00+00:00
[2025-11-16T23:16:22.436+0000] {processor.py:183} INFO - Processing /home/airflow/.local/lib/python3.8/site-packages/airflow/example_dags/example_latest_only_with_trigger.py took 0.275 seconds
[2025-11-16T23:16:53.329+0000] {processor.py:161} INFO - Started process (PID=1512) to work on /home/airflow/.local/lib/python3.8/site-packages/airflow/example_dags/example_latest_only_with_trigger.py
[2025-11-16T23:16:53.330+0000] {processor.py:830} INFO - Processing file /home/airflow/.local/lib/python3.8/site-packages/airflow/example_dags/example_latest_only_with_trigger.py for tasks to queue
[2025-11-16T23:16:53.333+0000] {logging_mixin.py:188} INFO - [2025-11-16T23:16:53.332+0000] {dagbag.py:538} INFO - Filling up the DagBag from /home/airflow/.local/lib/python3.8/site-packages/airflow/example_dags/example_latest_only_with_trigger.py
[2025-11-16T23:16:53.345+0000] {processor.py:840} INFO - DAG(s) 'latest_only_with_trigger' retrieved from /home/airflow/.local/lib/python3.8/site-packages/airflow/example_dags/example_latest_only_with_trigger.py
[2025-11-16T23:16:53.379+0000] {logging_mixin.py:188} INFO - [2025-11-16T23:16:53.379+0000] {dag.py:3036} INFO - Sync 1 DAGs
[2025-11-16T23:16:53.414+0000] {logging_mixin.py:188} INFO - [2025-11-16T23:16:53.413+0000] {dag.py:3823} INFO - Setting next_dagrun for latest_only_with_trigger to 2025-11-16 16:00:00+00:00, run_after=2025-11-16 20:00:00+00:00
[2025-11-16T23:16:53.468+0000] {processor.py:183} INFO - Processing /home/airflow/.local/lib/python3.8/site-packages/airflow/example_dags/example_latest_only_with_trigger.py took 0.143 seconds
[2025-11-16T23:17:24.933+0000] {processor.py:161} INFO - Started process (PID=1593) to work on /home/airflow/.local/lib/python3.8/site-packages/airflow/example_dags/example_latest_only_with_trigger.py
[2025-11-16T23:17:24.935+0000] {processor.py:830} INFO - Processing file /home/airflow/.local/lib/python3.8/site-packages/airflow/example_dags/example_latest_only_with_trigger.py for tasks to queue
[2025-11-16T23:17:24.936+0000] {logging_mixin.py:188} INFO - [2025-11-16T23:17:24.936+0000] {dagbag.py:538} INFO - Filling up the DagBag from /home/airflow/.local/lib/python3.8/site-packages/airflow/example_dags/example_latest_only_with_trigger.py
[2025-11-16T23:17:24.947+0000] {processor.py:840} INFO - DAG(s) 'latest_only_with_trigger' retrieved from /home/airflow/.local/lib/python3.8/site-packages/airflow/example_dags/example_latest_only_with_trigger.py
[2025-11-16T23:17:24.988+0000] {logging_mixin.py:188} INFO - [2025-11-16T23:17:24.988+0000] {dag.py:3036} INFO - Sync 1 DAGs
[2025-11-16T23:17:25.032+0000] {logging_mixin.py:188} INFO - [2025-11-16T23:17:25.032+0000] {dag.py:3823} INFO - Setting next_dagrun for latest_only_with_trigger to 2025-11-16 16:00:00+00:00, run_after=2025-11-16 20:00:00+00:00
[2025-11-16T23:17:25.088+0000] {processor.py:183} INFO - Processing /home/airflow/.local/lib/python3.8/site-packages/airflow/example_dags/example_latest_only_with_trigger.py took 0.164 seconds
[2025-11-16T23:17:59.143+0000] {processor.py:161} INFO - Started process (PID=1659) to work on /home/airflow/.local/lib/python3.8/site-packages/airflow/example_dags/example_latest_only_with_trigger.py
[2025-11-16T23:17:59.144+0000] {processor.py:830} INFO - Processing file /home/airflow/.local/lib/python3.8/site-packages/airflow/example_dags/example_latest_only_with_trigger.py for tasks to queue
[2025-11-16T23:17:59.146+0000] {logging_mixin.py:188} INFO - [2025-11-16T23:17:59.145+0000] {dagbag.py:538} INFO - Filling up the DagBag from /home/airflow/.local/lib/python3.8/site-packages/airflow/example_dags/example_latest_only_with_trigger.py
[2025-11-16T23:17:59.157+0000] {processor.py:840} INFO - DAG(s) 'latest_only_with_trigger' retrieved from /home/airflow/.local/lib/python3.8/site-packages/airflow/example_dags/example_latest_only_with_trigger.py
[2025-11-16T23:17:59.198+0000] {logging_mixin.py:188} INFO - [2025-11-16T23:17:59.196+0000] {dag.py:3036} INFO - Sync 1 DAGs
[2025-11-16T23:17:59.244+0000] {logging_mixin.py:188} INFO - [2025-11-16T23:17:59.243+0000] {dag.py:3823} INFO - Setting next_dagrun for latest_only_with_trigger to 2025-11-16 16:00:00+00:00, run_after=2025-11-16 20:00:00+00:00
[2025-11-16T23:17:59.277+0000] {processor.py:183} INFO - Processing /home/airflow/.local/lib/python3.8/site-packages/airflow/example_dags/example_latest_only_with_trigger.py took 0.140 seconds
[2025-11-16T23:18:34.657+0000] {processor.py:161} INFO - Started process (PID=1755) to work on /home/airflow/.local/lib/python3.8/site-packages/airflow/example_dags/example_latest_only_with_trigger.py
[2025-11-16T23:18:34.665+0000] {processor.py:830} INFO - Processing file /home/airflow/.local/lib/python3.8/site-packages/airflow/example_dags/example_latest_only_with_trigger.py for tasks to queue
[2025-11-16T23:18:34.666+0000] {logging_mixin.py:188} INFO - [2025-11-16T23:18:34.666+0000] {dagbag.py:538} INFO - Filling up the DagBag from /home/airflow/.local/lib/python3.8/site-packages/airflow/example_dags/example_latest_only_with_trigger.py
[2025-11-16T23:18:34.688+0000] {processor.py:840} INFO - DAG(s) 'latest_only_with_trigger' retrieved from /home/airflow/.local/lib/python3.8/site-packages/airflow/example_dags/example_latest_only_with_trigger.py
[2025-11-16T23:18:34.751+0000] {logging_mixin.py:188} INFO - [2025-11-16T23:18:34.750+0000] {dag.py:3036} INFO - Sync 1 DAGs
[2025-11-16T23:18:34.802+0000] {logging_mixin.py:188} INFO - [2025-11-16T23:18:34.802+0000] {dag.py:3823} INFO - Setting next_dagrun for latest_only_with_trigger to 2025-11-16 16:00:00+00:00, run_after=2025-11-16 20:00:00+00:00
[2025-11-16T23:18:34.849+0000] {processor.py:183} INFO - Processing /home/airflow/.local/lib/python3.8/site-packages/airflow/example_dags/example_latest_only_with_trigger.py took 0.203 seconds
[2025-11-16T23:19:04.958+0000] {processor.py:161} INFO - Started process (PID=1821) to work on /home/airflow/.local/lib/python3.8/site-packages/airflow/example_dags/example_latest_only_with_trigger.py
[2025-11-16T23:19:04.959+0000] {processor.py:830} INFO - Processing file /home/airflow/.local/lib/python3.8/site-packages/airflow/example_dags/example_latest_only_with_trigger.py for tasks to queue
[2025-11-16T23:19:04.961+0000] {logging_mixin.py:188} INFO - [2025-11-16T23:19:04.960+0000] {dagbag.py:538} INFO - Filling up the DagBag from /home/airflow/.local/lib/python3.8/site-packages/airflow/example_dags/example_latest_only_with_trigger.py
[2025-11-16T23:19:04.971+0000] {processor.py:840} INFO - DAG(s) 'latest_only_with_trigger' retrieved from /home/airflow/.local/lib/python3.8/site-packages/airflow/example_dags/example_latest_only_with_trigger.py
[2025-11-16T23:19:05.010+0000] {logging_mixin.py:188} INFO - [2025-11-16T23:19:05.010+0000] {dag.py:3036} INFO - Sync 1 DAGs
[2025-11-16T23:19:05.043+0000] {logging_mixin.py:188} INFO - [2025-11-16T23:19:05.042+0000] {dag.py:3823} INFO - Setting next_dagrun for latest_only_with_trigger to 2025-11-16 16:00:00+00:00, run_after=2025-11-16 20:00:00+00:00
[2025-11-16T23:19:05.076+0000] {processor.py:183} INFO - Processing /home/airflow/.local/lib/python3.8/site-packages/airflow/example_dags/example_latest_only_with_trigger.py took 0.122 seconds
