[2025-11-16T20:20:29.338+0000] {processor.py:161} INFO - Started process (PID=150) to work on /home/airflow/.local/lib/python3.8/site-packages/airflow/example_dags/example_sensors.py
[2025-11-16T20:20:29.340+0000] {processor.py:830} INFO - Processing file /home/airflow/.local/lib/python3.8/site-packages/airflow/example_dags/example_sensors.py for tasks to queue
[2025-11-16T20:20:29.342+0000] {logging_mixin.py:188} INFO - [2025-11-16T20:20:29.342+0000] {dagbag.py:538} INFO - Filling up the DagBag from /home/airflow/.local/lib/python3.8/site-packages/airflow/example_dags/example_sensors.py
[2025-11-16T20:20:29.387+0000] {processor.py:840} INFO - DAG(s) 'example_sensors' retrieved from /home/airflow/.local/lib/python3.8/site-packages/airflow/example_dags/example_sensors.py
[2025-11-16T20:20:29.873+0000] {logging_mixin.py:188} INFO - [2025-11-16T20:20:29.871+0000] {override.py:1769} INFO - Created Permission View: can edit on DAG:example_sensors
[2025-11-16T20:20:29.901+0000] {logging_mixin.py:188} INFO - [2025-11-16T20:20:29.901+0000] {override.py:1769} INFO - Created Permission View: can read on DAG:example_sensors
[2025-11-16T20:20:29.916+0000] {logging_mixin.py:188} INFO - [2025-11-16T20:20:29.915+0000] {override.py:1769} INFO - Created Permission View: can delete on DAG:example_sensors
[2025-11-16T20:20:29.917+0000] {logging_mixin.py:188} INFO - [2025-11-16T20:20:29.917+0000] {dag.py:3036} INFO - Sync 1 DAGs
[2025-11-16T20:20:29.971+0000] {logging_mixin.py:188} INFO - [2025-11-16T20:20:29.971+0000] {dag.py:3058} INFO - Creating ORM DAG for example_sensors
[2025-11-16T20:20:29.974+0000] {logging_mixin.py:188} INFO - [2025-11-16T20:20:29.974+0000] {dag.py:3823} INFO - Setting next_dagrun for example_sensors to None, run_after=None
[2025-11-16T20:20:30.043+0000] {processor.py:183} INFO - Processing /home/airflow/.local/lib/python3.8/site-packages/airflow/example_dags/example_sensors.py took 0.731 seconds
[2025-11-16T20:21:00.751+0000] {processor.py:161} INFO - Started process (PID=231) to work on /home/airflow/.local/lib/python3.8/site-packages/airflow/example_dags/example_sensors.py
[2025-11-16T20:21:00.752+0000] {processor.py:830} INFO - Processing file /home/airflow/.local/lib/python3.8/site-packages/airflow/example_dags/example_sensors.py for tasks to queue
[2025-11-16T20:21:00.754+0000] {logging_mixin.py:188} INFO - [2025-11-16T20:21:00.754+0000] {dagbag.py:538} INFO - Filling up the DagBag from /home/airflow/.local/lib/python3.8/site-packages/airflow/example_dags/example_sensors.py
[2025-11-16T20:21:00.777+0000] {processor.py:840} INFO - DAG(s) 'example_sensors' retrieved from /home/airflow/.local/lib/python3.8/site-packages/airflow/example_dags/example_sensors.py
[2025-11-16T20:21:00.815+0000] {logging_mixin.py:188} INFO - [2025-11-16T20:21:00.814+0000] {dag.py:3036} INFO - Sync 1 DAGs
[2025-11-16T20:21:00.832+0000] {logging_mixin.py:188} INFO - [2025-11-16T20:21:00.832+0000] {dag.py:3823} INFO - Setting next_dagrun for example_sensors to None, run_after=None
[2025-11-16T20:21:01.014+0000] {processor.py:183} INFO - Processing /home/airflow/.local/lib/python3.8/site-packages/airflow/example_dags/example_sensors.py took 0.268 seconds
[2025-11-16T20:21:31.862+0000] {processor.py:161} INFO - Started process (PID=297) to work on /home/airflow/.local/lib/python3.8/site-packages/airflow/example_dags/example_sensors.py
[2025-11-16T20:21:31.863+0000] {processor.py:830} INFO - Processing file /home/airflow/.local/lib/python3.8/site-packages/airflow/example_dags/example_sensors.py for tasks to queue
[2025-11-16T20:21:31.863+0000] {logging_mixin.py:188} INFO - [2025-11-16T20:21:31.863+0000] {dagbag.py:538} INFO - Filling up the DagBag from /home/airflow/.local/lib/python3.8/site-packages/airflow/example_dags/example_sensors.py
[2025-11-16T20:21:31.873+0000] {processor.py:840} INFO - DAG(s) 'example_sensors' retrieved from /home/airflow/.local/lib/python3.8/site-packages/airflow/example_dags/example_sensors.py
[2025-11-16T20:21:31.901+0000] {logging_mixin.py:188} INFO - [2025-11-16T20:21:31.901+0000] {dag.py:3036} INFO - Sync 1 DAGs
[2025-11-16T20:21:31.916+0000] {logging_mixin.py:188} INFO - [2025-11-16T20:21:31.916+0000] {dag.py:3823} INFO - Setting next_dagrun for example_sensors to None, run_after=None
[2025-11-16T20:21:31.940+0000] {processor.py:183} INFO - Processing /home/airflow/.local/lib/python3.8/site-packages/airflow/example_dags/example_sensors.py took 0.082 seconds
[2025-11-16T20:22:02.212+0000] {processor.py:161} INFO - Started process (PID=393) to work on /home/airflow/.local/lib/python3.8/site-packages/airflow/example_dags/example_sensors.py
[2025-11-16T20:22:02.213+0000] {processor.py:830} INFO - Processing file /home/airflow/.local/lib/python3.8/site-packages/airflow/example_dags/example_sensors.py for tasks to queue
[2025-11-16T20:22:02.214+0000] {logging_mixin.py:188} INFO - [2025-11-16T20:22:02.214+0000] {dagbag.py:538} INFO - Filling up the DagBag from /home/airflow/.local/lib/python3.8/site-packages/airflow/example_dags/example_sensors.py
[2025-11-16T20:22:02.223+0000] {processor.py:840} INFO - DAG(s) 'example_sensors' retrieved from /home/airflow/.local/lib/python3.8/site-packages/airflow/example_dags/example_sensors.py
[2025-11-16T20:22:02.257+0000] {logging_mixin.py:188} INFO - [2025-11-16T20:22:02.257+0000] {dag.py:3036} INFO - Sync 1 DAGs
[2025-11-16T20:22:02.270+0000] {logging_mixin.py:188} INFO - [2025-11-16T20:22:02.270+0000] {dag.py:3823} INFO - Setting next_dagrun for example_sensors to None, run_after=None
[2025-11-16T20:22:02.297+0000] {processor.py:183} INFO - Processing /home/airflow/.local/lib/python3.8/site-packages/airflow/example_dags/example_sensors.py took 0.088 seconds
[2025-11-16T20:22:32.628+0000] {processor.py:161} INFO - Started process (PID=474) to work on /home/airflow/.local/lib/python3.8/site-packages/airflow/example_dags/example_sensors.py
[2025-11-16T20:22:32.635+0000] {processor.py:830} INFO - Processing file /home/airflow/.local/lib/python3.8/site-packages/airflow/example_dags/example_sensors.py for tasks to queue
[2025-11-16T20:22:32.638+0000] {logging_mixin.py:188} INFO - [2025-11-16T20:22:32.637+0000] {dagbag.py:538} INFO - Filling up the DagBag from /home/airflow/.local/lib/python3.8/site-packages/airflow/example_dags/example_sensors.py
[2025-11-16T20:22:32.651+0000] {processor.py:840} INFO - DAG(s) 'example_sensors' retrieved from /home/airflow/.local/lib/python3.8/site-packages/airflow/example_dags/example_sensors.py
[2025-11-16T20:22:32.690+0000] {logging_mixin.py:188} INFO - [2025-11-16T20:22:32.690+0000] {dag.py:3036} INFO - Sync 1 DAGs
[2025-11-16T20:22:32.707+0000] {logging_mixin.py:188} INFO - [2025-11-16T20:22:32.707+0000] {dag.py:3823} INFO - Setting next_dagrun for example_sensors to None, run_after=None
[2025-11-16T20:22:32.738+0000] {processor.py:183} INFO - Processing /home/airflow/.local/lib/python3.8/site-packages/airflow/example_dags/example_sensors.py took 0.208 seconds
[2025-11-16T20:23:03.672+0000] {processor.py:161} INFO - Started process (PID=553) to work on /home/airflow/.local/lib/python3.8/site-packages/airflow/example_dags/example_sensors.py
[2025-11-16T20:23:03.673+0000] {processor.py:830} INFO - Processing file /home/airflow/.local/lib/python3.8/site-packages/airflow/example_dags/example_sensors.py for tasks to queue
[2025-11-16T20:23:03.674+0000] {logging_mixin.py:188} INFO - [2025-11-16T20:23:03.674+0000] {dagbag.py:538} INFO - Filling up the DagBag from /home/airflow/.local/lib/python3.8/site-packages/airflow/example_dags/example_sensors.py
[2025-11-16T20:23:03.686+0000] {processor.py:840} INFO - DAG(s) 'example_sensors' retrieved from /home/airflow/.local/lib/python3.8/site-packages/airflow/example_dags/example_sensors.py
[2025-11-16T20:23:03.717+0000] {logging_mixin.py:188} INFO - [2025-11-16T20:23:03.717+0000] {dag.py:3036} INFO - Sync 1 DAGs
[2025-11-16T20:23:03.738+0000] {logging_mixin.py:188} INFO - [2025-11-16T20:23:03.738+0000] {dag.py:3823} INFO - Setting next_dagrun for example_sensors to None, run_after=None
[2025-11-16T20:23:03.771+0000] {processor.py:183} INFO - Processing /home/airflow/.local/lib/python3.8/site-packages/airflow/example_dags/example_sensors.py took 0.102 seconds
[2025-11-16T20:23:33.922+0000] {processor.py:161} INFO - Started process (PID=634) to work on /home/airflow/.local/lib/python3.8/site-packages/airflow/example_dags/example_sensors.py
[2025-11-16T20:23:33.924+0000] {processor.py:830} INFO - Processing file /home/airflow/.local/lib/python3.8/site-packages/airflow/example_dags/example_sensors.py for tasks to queue
[2025-11-16T20:23:33.925+0000] {logging_mixin.py:188} INFO - [2025-11-16T20:23:33.925+0000] {dagbag.py:538} INFO - Filling up the DagBag from /home/airflow/.local/lib/python3.8/site-packages/airflow/example_dags/example_sensors.py
[2025-11-16T20:23:33.939+0000] {processor.py:840} INFO - DAG(s) 'example_sensors' retrieved from /home/airflow/.local/lib/python3.8/site-packages/airflow/example_dags/example_sensors.py
[2025-11-16T20:23:33.977+0000] {logging_mixin.py:188} INFO - [2025-11-16T20:23:33.975+0000] {dag.py:3036} INFO - Sync 1 DAGs
[2025-11-16T20:23:33.993+0000] {logging_mixin.py:188} INFO - [2025-11-16T20:23:33.993+0000] {dag.py:3823} INFO - Setting next_dagrun for example_sensors to None, run_after=None
[2025-11-16T20:23:34.036+0000] {processor.py:183} INFO - Processing /home/airflow/.local/lib/python3.8/site-packages/airflow/example_dags/example_sensors.py took 0.119 seconds
[2025-11-16T20:24:04.116+0000] {processor.py:161} INFO - Started process (PID=729) to work on /home/airflow/.local/lib/python3.8/site-packages/airflow/example_dags/example_sensors.py
[2025-11-16T20:24:04.117+0000] {processor.py:830} INFO - Processing file /home/airflow/.local/lib/python3.8/site-packages/airflow/example_dags/example_sensors.py for tasks to queue
[2025-11-16T20:24:04.119+0000] {logging_mixin.py:188} INFO - [2025-11-16T20:24:04.118+0000] {dagbag.py:538} INFO - Filling up the DagBag from /home/airflow/.local/lib/python3.8/site-packages/airflow/example_dags/example_sensors.py
[2025-11-16T20:24:04.135+0000] {processor.py:840} INFO - DAG(s) 'example_sensors' retrieved from /home/airflow/.local/lib/python3.8/site-packages/airflow/example_dags/example_sensors.py
[2025-11-16T20:24:04.170+0000] {logging_mixin.py:188} INFO - [2025-11-16T20:24:04.169+0000] {dag.py:3036} INFO - Sync 1 DAGs
[2025-11-16T20:24:04.191+0000] {logging_mixin.py:188} INFO - [2025-11-16T20:24:04.190+0000] {dag.py:3823} INFO - Setting next_dagrun for example_sensors to None, run_after=None
[2025-11-16T20:24:04.224+0000] {processor.py:183} INFO - Processing /home/airflow/.local/lib/python3.8/site-packages/airflow/example_dags/example_sensors.py took 0.112 seconds
[2025-11-16T20:24:34.399+0000] {processor.py:161} INFO - Started process (PID=809) to work on /home/airflow/.local/lib/python3.8/site-packages/airflow/example_dags/example_sensors.py
[2025-11-16T20:24:34.404+0000] {processor.py:830} INFO - Processing file /home/airflow/.local/lib/python3.8/site-packages/airflow/example_dags/example_sensors.py for tasks to queue
[2025-11-16T20:24:34.406+0000] {logging_mixin.py:188} INFO - [2025-11-16T20:24:34.405+0000] {dagbag.py:538} INFO - Filling up the DagBag from /home/airflow/.local/lib/python3.8/site-packages/airflow/example_dags/example_sensors.py
[2025-11-16T20:24:34.421+0000] {processor.py:840} INFO - DAG(s) 'example_sensors' retrieved from /home/airflow/.local/lib/python3.8/site-packages/airflow/example_dags/example_sensors.py
[2025-11-16T20:24:34.473+0000] {logging_mixin.py:188} INFO - [2025-11-16T20:24:34.473+0000] {dag.py:3036} INFO - Sync 1 DAGs
[2025-11-16T20:24:34.496+0000] {logging_mixin.py:188} INFO - [2025-11-16T20:24:34.496+0000] {dag.py:3823} INFO - Setting next_dagrun for example_sensors to None, run_after=None
[2025-11-16T20:24:34.534+0000] {processor.py:183} INFO - Processing /home/airflow/.local/lib/python3.8/site-packages/airflow/example_dags/example_sensors.py took 0.139 seconds
[2025-11-16T20:25:04.781+0000] {processor.py:161} INFO - Started process (PID=897) to work on /home/airflow/.local/lib/python3.8/site-packages/airflow/example_dags/example_sensors.py
[2025-11-16T20:25:04.782+0000] {processor.py:830} INFO - Processing file /home/airflow/.local/lib/python3.8/site-packages/airflow/example_dags/example_sensors.py for tasks to queue
[2025-11-16T20:25:04.786+0000] {logging_mixin.py:188} INFO - [2025-11-16T20:25:04.783+0000] {dagbag.py:538} INFO - Filling up the DagBag from /home/airflow/.local/lib/python3.8/site-packages/airflow/example_dags/example_sensors.py
[2025-11-16T20:25:04.810+0000] {processor.py:840} INFO - DAG(s) 'example_sensors' retrieved from /home/airflow/.local/lib/python3.8/site-packages/airflow/example_dags/example_sensors.py
[2025-11-16T20:25:04.867+0000] {logging_mixin.py:188} INFO - [2025-11-16T20:25:04.867+0000] {dag.py:3036} INFO - Sync 1 DAGs
[2025-11-16T20:25:04.891+0000] {logging_mixin.py:188} INFO - [2025-11-16T20:25:04.891+0000] {dag.py:3823} INFO - Setting next_dagrun for example_sensors to None, run_after=None
[2025-11-16T20:25:04.932+0000] {processor.py:183} INFO - Processing /home/airflow/.local/lib/python3.8/site-packages/airflow/example_dags/example_sensors.py took 0.155 seconds
[2025-11-16T20:25:35.639+0000] {processor.py:161} INFO - Started process (PID=985) to work on /home/airflow/.local/lib/python3.8/site-packages/airflow/example_dags/example_sensors.py
[2025-11-16T20:25:35.640+0000] {processor.py:830} INFO - Processing file /home/airflow/.local/lib/python3.8/site-packages/airflow/example_dags/example_sensors.py for tasks to queue
[2025-11-16T20:25:35.644+0000] {logging_mixin.py:188} INFO - [2025-11-16T20:25:35.643+0000] {dagbag.py:538} INFO - Filling up the DagBag from /home/airflow/.local/lib/python3.8/site-packages/airflow/example_dags/example_sensors.py
[2025-11-16T20:25:35.659+0000] {processor.py:840} INFO - DAG(s) 'example_sensors' retrieved from /home/airflow/.local/lib/python3.8/site-packages/airflow/example_dags/example_sensors.py
[2025-11-16T20:25:35.701+0000] {logging_mixin.py:188} INFO - [2025-11-16T20:25:35.701+0000] {dag.py:3036} INFO - Sync 1 DAGs
[2025-11-16T20:25:35.716+0000] {logging_mixin.py:188} INFO - [2025-11-16T20:25:35.716+0000] {dag.py:3823} INFO - Setting next_dagrun for example_sensors to None, run_after=None
[2025-11-16T20:25:35.755+0000] {processor.py:183} INFO - Processing /home/airflow/.local/lib/python3.8/site-packages/airflow/example_dags/example_sensors.py took 0.119 seconds
[2025-11-16T20:26:05.804+0000] {processor.py:161} INFO - Started process (PID=1067) to work on /home/airflow/.local/lib/python3.8/site-packages/airflow/example_dags/example_sensors.py
[2025-11-16T20:26:05.805+0000] {processor.py:830} INFO - Processing file /home/airflow/.local/lib/python3.8/site-packages/airflow/example_dags/example_sensors.py for tasks to queue
[2025-11-16T20:26:05.807+0000] {logging_mixin.py:188} INFO - [2025-11-16T20:26:05.806+0000] {dagbag.py:538} INFO - Filling up the DagBag from /home/airflow/.local/lib/python3.8/site-packages/airflow/example_dags/example_sensors.py
[2025-11-16T20:26:05.818+0000] {processor.py:840} INFO - DAG(s) 'example_sensors' retrieved from /home/airflow/.local/lib/python3.8/site-packages/airflow/example_dags/example_sensors.py
[2025-11-16T20:26:05.849+0000] {logging_mixin.py:188} INFO - [2025-11-16T20:26:05.849+0000] {dag.py:3036} INFO - Sync 1 DAGs
[2025-11-16T20:26:05.861+0000] {logging_mixin.py:188} INFO - [2025-11-16T20:26:05.861+0000] {dag.py:3823} INFO - Setting next_dagrun for example_sensors to None, run_after=None
[2025-11-16T20:26:05.884+0000] {processor.py:183} INFO - Processing /home/airflow/.local/lib/python3.8/site-packages/airflow/example_dags/example_sensors.py took 0.084 seconds
[2025-11-16T20:26:36.098+0000] {processor.py:161} INFO - Started process (PID=1163) to work on /home/airflow/.local/lib/python3.8/site-packages/airflow/example_dags/example_sensors.py
[2025-11-16T20:26:36.099+0000] {processor.py:830} INFO - Processing file /home/airflow/.local/lib/python3.8/site-packages/airflow/example_dags/example_sensors.py for tasks to queue
[2025-11-16T20:26:36.101+0000] {logging_mixin.py:188} INFO - [2025-11-16T20:26:36.100+0000] {dagbag.py:538} INFO - Filling up the DagBag from /home/airflow/.local/lib/python3.8/site-packages/airflow/example_dags/example_sensors.py
[2025-11-16T20:26:36.110+0000] {processor.py:840} INFO - DAG(s) 'example_sensors' retrieved from /home/airflow/.local/lib/python3.8/site-packages/airflow/example_dags/example_sensors.py
[2025-11-16T20:26:36.138+0000] {logging_mixin.py:188} INFO - [2025-11-16T20:26:36.138+0000] {dag.py:3036} INFO - Sync 1 DAGs
[2025-11-16T20:26:36.150+0000] {logging_mixin.py:188} INFO - [2025-11-16T20:26:36.150+0000] {dag.py:3823} INFO - Setting next_dagrun for example_sensors to None, run_after=None
[2025-11-16T20:26:36.175+0000] {processor.py:183} INFO - Processing /home/airflow/.local/lib/python3.8/site-packages/airflow/example_dags/example_sensors.py took 0.079 seconds
[2025-11-16T20:27:06.557+0000] {processor.py:161} INFO - Started process (PID=1243) to work on /home/airflow/.local/lib/python3.8/site-packages/airflow/example_dags/example_sensors.py
[2025-11-16T20:27:06.558+0000] {processor.py:830} INFO - Processing file /home/airflow/.local/lib/python3.8/site-packages/airflow/example_dags/example_sensors.py for tasks to queue
[2025-11-16T20:27:06.559+0000] {logging_mixin.py:188} INFO - [2025-11-16T20:27:06.559+0000] {dagbag.py:538} INFO - Filling up the DagBag from /home/airflow/.local/lib/python3.8/site-packages/airflow/example_dags/example_sensors.py
[2025-11-16T20:27:06.573+0000] {processor.py:840} INFO - DAG(s) 'example_sensors' retrieved from /home/airflow/.local/lib/python3.8/site-packages/airflow/example_dags/example_sensors.py
[2025-11-16T20:27:06.623+0000] {logging_mixin.py:188} INFO - [2025-11-16T20:27:06.623+0000] {dag.py:3036} INFO - Sync 1 DAGs
[2025-11-16T20:27:06.641+0000] {logging_mixin.py:188} INFO - [2025-11-16T20:27:06.641+0000] {dag.py:3823} INFO - Setting next_dagrun for example_sensors to None, run_after=None
[2025-11-16T20:27:06.670+0000] {processor.py:183} INFO - Processing /home/airflow/.local/lib/python3.8/site-packages/airflow/example_dags/example_sensors.py took 0.116 seconds
[2025-11-16T20:27:36.826+0000] {processor.py:161} INFO - Started process (PID=1340) to work on /home/airflow/.local/lib/python3.8/site-packages/airflow/example_dags/example_sensors.py
[2025-11-16T20:27:36.827+0000] {processor.py:830} INFO - Processing file /home/airflow/.local/lib/python3.8/site-packages/airflow/example_dags/example_sensors.py for tasks to queue
[2025-11-16T20:27:36.828+0000] {logging_mixin.py:188} INFO - [2025-11-16T20:27:36.827+0000] {dagbag.py:538} INFO - Filling up the DagBag from /home/airflow/.local/lib/python3.8/site-packages/airflow/example_dags/example_sensors.py
[2025-11-16T20:27:36.838+0000] {processor.py:840} INFO - DAG(s) 'example_sensors' retrieved from /home/airflow/.local/lib/python3.8/site-packages/airflow/example_dags/example_sensors.py
[2025-11-16T20:27:36.871+0000] {logging_mixin.py:188} INFO - [2025-11-16T20:27:36.871+0000] {dag.py:3036} INFO - Sync 1 DAGs
[2025-11-16T20:27:36.896+0000] {logging_mixin.py:188} INFO - [2025-11-16T20:27:36.896+0000] {dag.py:3823} INFO - Setting next_dagrun for example_sensors to None, run_after=None
[2025-11-16T20:27:36.921+0000] {processor.py:183} INFO - Processing /home/airflow/.local/lib/python3.8/site-packages/airflow/example_dags/example_sensors.py took 0.098 seconds
[2025-11-16T20:28:07.189+0000] {processor.py:161} INFO - Started process (PID=1420) to work on /home/airflow/.local/lib/python3.8/site-packages/airflow/example_dags/example_sensors.py
[2025-11-16T20:28:07.190+0000] {processor.py:830} INFO - Processing file /home/airflow/.local/lib/python3.8/site-packages/airflow/example_dags/example_sensors.py for tasks to queue
[2025-11-16T20:28:07.191+0000] {logging_mixin.py:188} INFO - [2025-11-16T20:28:07.190+0000] {dagbag.py:538} INFO - Filling up the DagBag from /home/airflow/.local/lib/python3.8/site-packages/airflow/example_dags/example_sensors.py
[2025-11-16T20:28:07.201+0000] {processor.py:840} INFO - DAG(s) 'example_sensors' retrieved from /home/airflow/.local/lib/python3.8/site-packages/airflow/example_dags/example_sensors.py
[2025-11-16T20:28:07.232+0000] {logging_mixin.py:188} INFO - [2025-11-16T20:28:07.231+0000] {dag.py:3036} INFO - Sync 1 DAGs
[2025-11-16T20:28:07.245+0000] {logging_mixin.py:188} INFO - [2025-11-16T20:28:07.245+0000] {dag.py:3823} INFO - Setting next_dagrun for example_sensors to None, run_after=None
[2025-11-16T20:28:07.268+0000] {processor.py:183} INFO - Processing /home/airflow/.local/lib/python3.8/site-packages/airflow/example_dags/example_sensors.py took 0.083 seconds
[2025-11-16T20:28:37.509+0000] {processor.py:161} INFO - Started process (PID=1508) to work on /home/airflow/.local/lib/python3.8/site-packages/airflow/example_dags/example_sensors.py
[2025-11-16T20:28:37.510+0000] {processor.py:830} INFO - Processing file /home/airflow/.local/lib/python3.8/site-packages/airflow/example_dags/example_sensors.py for tasks to queue
[2025-11-16T20:28:37.511+0000] {logging_mixin.py:188} INFO - [2025-11-16T20:28:37.511+0000] {dagbag.py:538} INFO - Filling up the DagBag from /home/airflow/.local/lib/python3.8/site-packages/airflow/example_dags/example_sensors.py
[2025-11-16T20:28:37.522+0000] {processor.py:840} INFO - DAG(s) 'example_sensors' retrieved from /home/airflow/.local/lib/python3.8/site-packages/airflow/example_dags/example_sensors.py
[2025-11-16T20:28:37.551+0000] {logging_mixin.py:188} INFO - [2025-11-16T20:28:37.551+0000] {dag.py:3036} INFO - Sync 1 DAGs
[2025-11-16T20:28:37.564+0000] {logging_mixin.py:188} INFO - [2025-11-16T20:28:37.563+0000] {dag.py:3823} INFO - Setting next_dagrun for example_sensors to None, run_after=None
[2025-11-16T20:28:37.588+0000] {processor.py:183} INFO - Processing /home/airflow/.local/lib/python3.8/site-packages/airflow/example_dags/example_sensors.py took 0.083 seconds
[2025-11-16T20:29:08.881+0000] {processor.py:161} INFO - Started process (PID=1594) to work on /home/airflow/.local/lib/python3.8/site-packages/airflow/example_dags/example_sensors.py
[2025-11-16T20:29:08.886+0000] {processor.py:830} INFO - Processing file /home/airflow/.local/lib/python3.8/site-packages/airflow/example_dags/example_sensors.py for tasks to queue
[2025-11-16T20:29:08.888+0000] {logging_mixin.py:188} INFO - [2025-11-16T20:29:08.887+0000] {dagbag.py:538} INFO - Filling up the DagBag from /home/airflow/.local/lib/python3.8/site-packages/airflow/example_dags/example_sensors.py
[2025-11-16T20:29:08.919+0000] {processor.py:840} INFO - DAG(s) 'example_sensors' retrieved from /home/airflow/.local/lib/python3.8/site-packages/airflow/example_dags/example_sensors.py
[2025-11-16T20:29:08.968+0000] {logging_mixin.py:188} INFO - [2025-11-16T20:29:08.968+0000] {dag.py:3036} INFO - Sync 1 DAGs
[2025-11-16T20:29:08.988+0000] {logging_mixin.py:188} INFO - [2025-11-16T20:29:08.987+0000] {dag.py:3823} INFO - Setting next_dagrun for example_sensors to None, run_after=None
[2025-11-16T20:29:09.020+0000] {processor.py:183} INFO - Processing /home/airflow/.local/lib/python3.8/site-packages/airflow/example_dags/example_sensors.py took 0.145 seconds
[2025-11-16T20:29:41.907+0000] {processor.py:161} INFO - Started process (PID=1674) to work on /home/airflow/.local/lib/python3.8/site-packages/airflow/example_dags/example_sensors.py
[2025-11-16T20:29:41.909+0000] {processor.py:830} INFO - Processing file /home/airflow/.local/lib/python3.8/site-packages/airflow/example_dags/example_sensors.py for tasks to queue
[2025-11-16T20:29:41.911+0000] {logging_mixin.py:188} INFO - [2025-11-16T20:29:41.910+0000] {dagbag.py:538} INFO - Filling up the DagBag from /home/airflow/.local/lib/python3.8/site-packages/airflow/example_dags/example_sensors.py
[2025-11-16T20:29:41.964+0000] {processor.py:840} INFO - DAG(s) 'example_sensors' retrieved from /home/airflow/.local/lib/python3.8/site-packages/airflow/example_dags/example_sensors.py
[2025-11-16T20:29:42.065+0000] {logging_mixin.py:188} INFO - [2025-11-16T20:29:42.065+0000] {dag.py:3036} INFO - Sync 1 DAGs
[2025-11-16T20:29:42.088+0000] {logging_mixin.py:188} INFO - [2025-11-16T20:29:42.088+0000] {dag.py:3823} INFO - Setting next_dagrun for example_sensors to None, run_after=None
[2025-11-16T20:29:42.133+0000] {processor.py:183} INFO - Processing /home/airflow/.local/lib/python3.8/site-packages/airflow/example_dags/example_sensors.py took 0.233 seconds
[2025-11-16T20:30:12.193+0000] {processor.py:161} INFO - Started process (PID=1755) to work on /home/airflow/.local/lib/python3.8/site-packages/airflow/example_dags/example_sensors.py
[2025-11-16T20:30:12.197+0000] {processor.py:830} INFO - Processing file /home/airflow/.local/lib/python3.8/site-packages/airflow/example_dags/example_sensors.py for tasks to queue
[2025-11-16T20:30:12.198+0000] {logging_mixin.py:188} INFO - [2025-11-16T20:30:12.198+0000] {dagbag.py:538} INFO - Filling up the DagBag from /home/airflow/.local/lib/python3.8/site-packages/airflow/example_dags/example_sensors.py
[2025-11-16T20:30:12.211+0000] {processor.py:840} INFO - DAG(s) 'example_sensors' retrieved from /home/airflow/.local/lib/python3.8/site-packages/airflow/example_dags/example_sensors.py
[2025-11-16T20:30:12.253+0000] {logging_mixin.py:188} INFO - [2025-11-16T20:30:12.253+0000] {dag.py:3036} INFO - Sync 1 DAGs
[2025-11-16T20:30:12.267+0000] {logging_mixin.py:188} INFO - [2025-11-16T20:30:12.267+0000] {dag.py:3823} INFO - Setting next_dagrun for example_sensors to None, run_after=None
[2025-11-16T20:30:12.299+0000] {processor.py:183} INFO - Processing /home/airflow/.local/lib/python3.8/site-packages/airflow/example_dags/example_sensors.py took 0.109 seconds
[2025-11-16T20:30:46.749+0000] {processor.py:161} INFO - Started process (PID=1838) to work on /home/airflow/.local/lib/python3.8/site-packages/airflow/example_dags/example_sensors.py
[2025-11-16T20:30:46.752+0000] {processor.py:830} INFO - Processing file /home/airflow/.local/lib/python3.8/site-packages/airflow/example_dags/example_sensors.py for tasks to queue
[2025-11-16T20:30:46.753+0000] {logging_mixin.py:188} INFO - [2025-11-16T20:30:46.753+0000] {dagbag.py:538} INFO - Filling up the DagBag from /home/airflow/.local/lib/python3.8/site-packages/airflow/example_dags/example_sensors.py
[2025-11-16T20:30:46.872+0000] {processor.py:840} INFO - DAG(s) 'example_sensors' retrieved from /home/airflow/.local/lib/python3.8/site-packages/airflow/example_dags/example_sensors.py
[2025-11-16T20:30:46.909+0000] {logging_mixin.py:188} INFO - [2025-11-16T20:30:46.909+0000] {dag.py:3036} INFO - Sync 1 DAGs
[2025-11-16T20:30:46.923+0000] {logging_mixin.py:188} INFO - [2025-11-16T20:30:46.923+0000] {dag.py:3823} INFO - Setting next_dagrun for example_sensors to None, run_after=None
[2025-11-16T20:30:47.224+0000] {processor.py:183} INFO - Processing /home/airflow/.local/lib/python3.8/site-packages/airflow/example_dags/example_sensors.py took 0.479 seconds
[2025-11-16T20:31:18.110+0000] {processor.py:161} INFO - Started process (PID=1919) to work on /home/airflow/.local/lib/python3.8/site-packages/airflow/example_dags/example_sensors.py
[2025-11-16T20:31:18.118+0000] {processor.py:830} INFO - Processing file /home/airflow/.local/lib/python3.8/site-packages/airflow/example_dags/example_sensors.py for tasks to queue
[2025-11-16T20:31:18.120+0000] {logging_mixin.py:188} INFO - [2025-11-16T20:31:18.119+0000] {dagbag.py:538} INFO - Filling up the DagBag from /home/airflow/.local/lib/python3.8/site-packages/airflow/example_dags/example_sensors.py
[2025-11-16T20:31:18.134+0000] {processor.py:840} INFO - DAG(s) 'example_sensors' retrieved from /home/airflow/.local/lib/python3.8/site-packages/airflow/example_dags/example_sensors.py
[2025-11-16T20:31:18.171+0000] {logging_mixin.py:188} INFO - [2025-11-16T20:31:18.170+0000] {dag.py:3036} INFO - Sync 1 DAGs
[2025-11-16T20:31:18.189+0000] {logging_mixin.py:188} INFO - [2025-11-16T20:31:18.189+0000] {dag.py:3823} INFO - Setting next_dagrun for example_sensors to None, run_after=None
[2025-11-16T20:31:18.222+0000] {processor.py:183} INFO - Processing /home/airflow/.local/lib/python3.8/site-packages/airflow/example_dags/example_sensors.py took 0.117 seconds
[2025-11-16T20:31:48.944+0000] {processor.py:161} INFO - Started process (PID=2003) to work on /home/airflow/.local/lib/python3.8/site-packages/airflow/example_dags/example_sensors.py
[2025-11-16T20:31:48.946+0000] {processor.py:830} INFO - Processing file /home/airflow/.local/lib/python3.8/site-packages/airflow/example_dags/example_sensors.py for tasks to queue
[2025-11-16T20:31:48.947+0000] {logging_mixin.py:188} INFO - [2025-11-16T20:31:48.947+0000] {dagbag.py:538} INFO - Filling up the DagBag from /home/airflow/.local/lib/python3.8/site-packages/airflow/example_dags/example_sensors.py
[2025-11-16T20:31:48.960+0000] {processor.py:840} INFO - DAG(s) 'example_sensors' retrieved from /home/airflow/.local/lib/python3.8/site-packages/airflow/example_dags/example_sensors.py
[2025-11-16T20:31:49.003+0000] {logging_mixin.py:188} INFO - [2025-11-16T20:31:49.003+0000] {dag.py:3036} INFO - Sync 1 DAGs
[2025-11-16T20:31:49.020+0000] {logging_mixin.py:188} INFO - [2025-11-16T20:31:49.020+0000] {dag.py:3823} INFO - Setting next_dagrun for example_sensors to None, run_after=None
[2025-11-16T20:31:49.054+0000] {processor.py:183} INFO - Processing /home/airflow/.local/lib/python3.8/site-packages/airflow/example_dags/example_sensors.py took 0.113 seconds
[2025-11-16T20:32:19.345+0000] {processor.py:161} INFO - Started process (PID=2084) to work on /home/airflow/.local/lib/python3.8/site-packages/airflow/example_dags/example_sensors.py
[2025-11-16T20:32:19.346+0000] {processor.py:830} INFO - Processing file /home/airflow/.local/lib/python3.8/site-packages/airflow/example_dags/example_sensors.py for tasks to queue
[2025-11-16T20:32:19.347+0000] {logging_mixin.py:188} INFO - [2025-11-16T20:32:19.347+0000] {dagbag.py:538} INFO - Filling up the DagBag from /home/airflow/.local/lib/python3.8/site-packages/airflow/example_dags/example_sensors.py
[2025-11-16T20:32:19.362+0000] {processor.py:840} INFO - DAG(s) 'example_sensors' retrieved from /home/airflow/.local/lib/python3.8/site-packages/airflow/example_dags/example_sensors.py
[2025-11-16T20:32:19.409+0000] {logging_mixin.py:188} INFO - [2025-11-16T20:32:19.409+0000] {dag.py:3036} INFO - Sync 1 DAGs
[2025-11-16T20:32:19.425+0000] {logging_mixin.py:188} INFO - [2025-11-16T20:32:19.425+0000] {dag.py:3823} INFO - Setting next_dagrun for example_sensors to None, run_after=None
[2025-11-16T20:32:19.456+0000] {processor.py:183} INFO - Processing /home/airflow/.local/lib/python3.8/site-packages/airflow/example_dags/example_sensors.py took 0.115 seconds
[2025-11-16T20:32:51.511+0000] {processor.py:161} INFO - Started process (PID=2150) to work on /home/airflow/.local/lib/python3.8/site-packages/airflow/example_dags/example_sensors.py
[2025-11-16T20:32:51.511+0000] {processor.py:830} INFO - Processing file /home/airflow/.local/lib/python3.8/site-packages/airflow/example_dags/example_sensors.py for tasks to queue
[2025-11-16T20:32:51.513+0000] {logging_mixin.py:188} INFO - [2025-11-16T20:32:51.512+0000] {dagbag.py:538} INFO - Filling up the DagBag from /home/airflow/.local/lib/python3.8/site-packages/airflow/example_dags/example_sensors.py
[2025-11-16T20:32:51.527+0000] {processor.py:840} INFO - DAG(s) 'example_sensors' retrieved from /home/airflow/.local/lib/python3.8/site-packages/airflow/example_dags/example_sensors.py
[2025-11-16T20:32:51.568+0000] {logging_mixin.py:188} INFO - [2025-11-16T20:32:51.568+0000] {dag.py:3036} INFO - Sync 1 DAGs
[2025-11-16T20:32:51.590+0000] {logging_mixin.py:188} INFO - [2025-11-16T20:32:51.590+0000] {dag.py:3823} INFO - Setting next_dagrun for example_sensors to None, run_after=None
[2025-11-16T20:32:51.622+0000] {processor.py:183} INFO - Processing /home/airflow/.local/lib/python3.8/site-packages/airflow/example_dags/example_sensors.py took 0.117 seconds
[2025-11-16T20:33:21.895+0000] {processor.py:161} INFO - Started process (PID=2231) to work on /home/airflow/.local/lib/python3.8/site-packages/airflow/example_dags/example_sensors.py
[2025-11-16T20:33:21.896+0000] {processor.py:830} INFO - Processing file /home/airflow/.local/lib/python3.8/site-packages/airflow/example_dags/example_sensors.py for tasks to queue
[2025-11-16T20:33:21.898+0000] {logging_mixin.py:188} INFO - [2025-11-16T20:33:21.898+0000] {dagbag.py:538} INFO - Filling up the DagBag from /home/airflow/.local/lib/python3.8/site-packages/airflow/example_dags/example_sensors.py
[2025-11-16T20:33:21.915+0000] {processor.py:840} INFO - DAG(s) 'example_sensors' retrieved from /home/airflow/.local/lib/python3.8/site-packages/airflow/example_dags/example_sensors.py
[2025-11-16T20:33:21.956+0000] {logging_mixin.py:188} INFO - [2025-11-16T20:33:21.956+0000] {dag.py:3036} INFO - Sync 1 DAGs
[2025-11-16T20:33:21.970+0000] {logging_mixin.py:188} INFO - [2025-11-16T20:33:21.970+0000] {dag.py:3823} INFO - Setting next_dagrun for example_sensors to None, run_after=None
[2025-11-16T20:33:22.121+0000] {processor.py:183} INFO - Processing /home/airflow/.local/lib/python3.8/site-packages/airflow/example_dags/example_sensors.py took 0.231 seconds
[2025-11-16T20:33:52.272+0000] {processor.py:161} INFO - Started process (PID=2327) to work on /home/airflow/.local/lib/python3.8/site-packages/airflow/example_dags/example_sensors.py
[2025-11-16T20:33:52.273+0000] {processor.py:830} INFO - Processing file /home/airflow/.local/lib/python3.8/site-packages/airflow/example_dags/example_sensors.py for tasks to queue
[2025-11-16T20:33:52.274+0000] {logging_mixin.py:188} INFO - [2025-11-16T20:33:52.274+0000] {dagbag.py:538} INFO - Filling up the DagBag from /home/airflow/.local/lib/python3.8/site-packages/airflow/example_dags/example_sensors.py
[2025-11-16T20:33:52.287+0000] {processor.py:840} INFO - DAG(s) 'example_sensors' retrieved from /home/airflow/.local/lib/python3.8/site-packages/airflow/example_dags/example_sensors.py
[2025-11-16T20:33:52.325+0000] {logging_mixin.py:188} INFO - [2025-11-16T20:33:52.324+0000] {dag.py:3036} INFO - Sync 1 DAGs
[2025-11-16T20:33:52.339+0000] {logging_mixin.py:188} INFO - [2025-11-16T20:33:52.338+0000] {dag.py:3823} INFO - Setting next_dagrun for example_sensors to None, run_after=None
[2025-11-16T20:33:52.366+0000] {processor.py:183} INFO - Processing /home/airflow/.local/lib/python3.8/site-packages/airflow/example_dags/example_sensors.py took 0.098 seconds
[2025-11-16T20:34:22.653+0000] {processor.py:161} INFO - Started process (PID=2407) to work on /home/airflow/.local/lib/python3.8/site-packages/airflow/example_dags/example_sensors.py
[2025-11-16T20:34:22.654+0000] {processor.py:830} INFO - Processing file /home/airflow/.local/lib/python3.8/site-packages/airflow/example_dags/example_sensors.py for tasks to queue
[2025-11-16T20:34:22.655+0000] {logging_mixin.py:188} INFO - [2025-11-16T20:34:22.655+0000] {dagbag.py:538} INFO - Filling up the DagBag from /home/airflow/.local/lib/python3.8/site-packages/airflow/example_dags/example_sensors.py
[2025-11-16T20:34:22.664+0000] {processor.py:840} INFO - DAG(s) 'example_sensors' retrieved from /home/airflow/.local/lib/python3.8/site-packages/airflow/example_dags/example_sensors.py
[2025-11-16T20:34:22.692+0000] {logging_mixin.py:188} INFO - [2025-11-16T20:34:22.692+0000] {dag.py:3036} INFO - Sync 1 DAGs
[2025-11-16T20:34:22.705+0000] {logging_mixin.py:188} INFO - [2025-11-16T20:34:22.704+0000] {dag.py:3823} INFO - Setting next_dagrun for example_sensors to None, run_after=None
[2025-11-16T20:34:22.727+0000] {processor.py:183} INFO - Processing /home/airflow/.local/lib/python3.8/site-packages/airflow/example_dags/example_sensors.py took 0.077 seconds
[2025-11-16T20:34:53.497+0000] {processor.py:161} INFO - Started process (PID=2503) to work on /home/airflow/.local/lib/python3.8/site-packages/airflow/example_dags/example_sensors.py
[2025-11-16T20:34:53.498+0000] {processor.py:830} INFO - Processing file /home/airflow/.local/lib/python3.8/site-packages/airflow/example_dags/example_sensors.py for tasks to queue
[2025-11-16T20:34:53.500+0000] {logging_mixin.py:188} INFO - [2025-11-16T20:34:53.499+0000] {dagbag.py:538} INFO - Filling up the DagBag from /home/airflow/.local/lib/python3.8/site-packages/airflow/example_dags/example_sensors.py
[2025-11-16T20:34:53.512+0000] {processor.py:840} INFO - DAG(s) 'example_sensors' retrieved from /home/airflow/.local/lib/python3.8/site-packages/airflow/example_dags/example_sensors.py
[2025-11-16T20:34:53.547+0000] {logging_mixin.py:188} INFO - [2025-11-16T20:34:53.547+0000] {dag.py:3036} INFO - Sync 1 DAGs
[2025-11-16T20:34:53.565+0000] {logging_mixin.py:188} INFO - [2025-11-16T20:34:53.564+0000] {dag.py:3823} INFO - Setting next_dagrun for example_sensors to None, run_after=None
[2025-11-16T20:34:53.595+0000] {processor.py:183} INFO - Processing /home/airflow/.local/lib/python3.8/site-packages/airflow/example_dags/example_sensors.py took 0.102 seconds
[2025-11-16T20:35:23.877+0000] {processor.py:161} INFO - Started process (PID=2584) to work on /home/airflow/.local/lib/python3.8/site-packages/airflow/example_dags/example_sensors.py
[2025-11-16T20:35:23.878+0000] {processor.py:830} INFO - Processing file /home/airflow/.local/lib/python3.8/site-packages/airflow/example_dags/example_sensors.py for tasks to queue
[2025-11-16T20:35:23.882+0000] {logging_mixin.py:188} INFO - [2025-11-16T20:35:23.881+0000] {dagbag.py:538} INFO - Filling up the DagBag from /home/airflow/.local/lib/python3.8/site-packages/airflow/example_dags/example_sensors.py
[2025-11-16T20:35:23.895+0000] {processor.py:840} INFO - DAG(s) 'example_sensors' retrieved from /home/airflow/.local/lib/python3.8/site-packages/airflow/example_dags/example_sensors.py
[2025-11-16T20:35:23.929+0000] {logging_mixin.py:188} INFO - [2025-11-16T20:35:23.928+0000] {dag.py:3036} INFO - Sync 1 DAGs
[2025-11-16T20:35:23.942+0000] {logging_mixin.py:188} INFO - [2025-11-16T20:35:23.942+0000] {dag.py:3823} INFO - Setting next_dagrun for example_sensors to None, run_after=None
[2025-11-16T20:35:23.974+0000] {processor.py:183} INFO - Processing /home/airflow/.local/lib/python3.8/site-packages/airflow/example_dags/example_sensors.py took 0.101 seconds
[2025-11-16T20:35:54.367+0000] {processor.py:161} INFO - Started process (PID=2660) to work on /home/airflow/.local/lib/python3.8/site-packages/airflow/example_dags/example_sensors.py
[2025-11-16T20:35:54.369+0000] {processor.py:830} INFO - Processing file /home/airflow/.local/lib/python3.8/site-packages/airflow/example_dags/example_sensors.py for tasks to queue
[2025-11-16T20:35:54.373+0000] {logging_mixin.py:188} INFO - [2025-11-16T20:35:54.372+0000] {dagbag.py:538} INFO - Filling up the DagBag from /home/airflow/.local/lib/python3.8/site-packages/airflow/example_dags/example_sensors.py
[2025-11-16T20:35:54.388+0000] {processor.py:840} INFO - DAG(s) 'example_sensors' retrieved from /home/airflow/.local/lib/python3.8/site-packages/airflow/example_dags/example_sensors.py
[2025-11-16T20:35:54.430+0000] {logging_mixin.py:188} INFO - [2025-11-16T20:35:54.430+0000] {dag.py:3036} INFO - Sync 1 DAGs
[2025-11-16T20:35:54.447+0000] {logging_mixin.py:188} INFO - [2025-11-16T20:35:54.446+0000] {dag.py:3823} INFO - Setting next_dagrun for example_sensors to None, run_after=None
[2025-11-16T20:35:54.479+0000] {processor.py:183} INFO - Processing /home/airflow/.local/lib/python3.8/site-packages/airflow/example_dags/example_sensors.py took 0.115 seconds
[2025-11-16T20:36:24.734+0000] {processor.py:161} INFO - Started process (PID=2739) to work on /home/airflow/.local/lib/python3.8/site-packages/airflow/example_dags/example_sensors.py
[2025-11-16T20:36:24.737+0000] {processor.py:830} INFO - Processing file /home/airflow/.local/lib/python3.8/site-packages/airflow/example_dags/example_sensors.py for tasks to queue
[2025-11-16T20:36:24.739+0000] {logging_mixin.py:188} INFO - [2025-11-16T20:36:24.739+0000] {dagbag.py:538} INFO - Filling up the DagBag from /home/airflow/.local/lib/python3.8/site-packages/airflow/example_dags/example_sensors.py
[2025-11-16T20:36:24.752+0000] {processor.py:840} INFO - DAG(s) 'example_sensors' retrieved from /home/airflow/.local/lib/python3.8/site-packages/airflow/example_dags/example_sensors.py
[2025-11-16T20:36:24.788+0000] {logging_mixin.py:188} INFO - [2025-11-16T20:36:24.788+0000] {dag.py:3036} INFO - Sync 1 DAGs
[2025-11-16T20:36:24.808+0000] {logging_mixin.py:188} INFO - [2025-11-16T20:36:24.807+0000] {dag.py:3823} INFO - Setting next_dagrun for example_sensors to None, run_after=None
[2025-11-16T20:36:24.841+0000] {processor.py:183} INFO - Processing /home/airflow/.local/lib/python3.8/site-packages/airflow/example_dags/example_sensors.py took 0.110 seconds
[2025-11-16T20:36:56.174+0000] {processor.py:161} INFO - Started process (PID=2821) to work on /home/airflow/.local/lib/python3.8/site-packages/airflow/example_dags/example_sensors.py
[2025-11-16T20:36:56.175+0000] {processor.py:830} INFO - Processing file /home/airflow/.local/lib/python3.8/site-packages/airflow/example_dags/example_sensors.py for tasks to queue
[2025-11-16T20:36:56.176+0000] {logging_mixin.py:188} INFO - [2025-11-16T20:36:56.176+0000] {dagbag.py:538} INFO - Filling up the DagBag from /home/airflow/.local/lib/python3.8/site-packages/airflow/example_dags/example_sensors.py
[2025-11-16T20:36:56.189+0000] {processor.py:840} INFO - DAG(s) 'example_sensors' retrieved from /home/airflow/.local/lib/python3.8/site-packages/airflow/example_dags/example_sensors.py
[2025-11-16T20:36:56.233+0000] {logging_mixin.py:188} INFO - [2025-11-16T20:36:56.232+0000] {dag.py:3036} INFO - Sync 1 DAGs
[2025-11-16T20:36:56.253+0000] {logging_mixin.py:188} INFO - [2025-11-16T20:36:56.252+0000] {dag.py:3823} INFO - Setting next_dagrun for example_sensors to None, run_after=None
[2025-11-16T20:36:56.286+0000] {processor.py:183} INFO - Processing /home/airflow/.local/lib/python3.8/site-packages/airflow/example_dags/example_sensors.py took 0.119 seconds
[2025-11-16T20:37:28.737+0000] {processor.py:161} INFO - Started process (PID=2879) to work on /home/airflow/.local/lib/python3.8/site-packages/airflow/example_dags/example_sensors.py
[2025-11-16T20:37:28.739+0000] {processor.py:830} INFO - Processing file /home/airflow/.local/lib/python3.8/site-packages/airflow/example_dags/example_sensors.py for tasks to queue
[2025-11-16T20:37:28.740+0000] {logging_mixin.py:188} INFO - [2025-11-16T20:37:28.739+0000] {dagbag.py:538} INFO - Filling up the DagBag from /home/airflow/.local/lib/python3.8/site-packages/airflow/example_dags/example_sensors.py
[2025-11-16T20:37:28.870+0000] {processor.py:840} INFO - DAG(s) 'example_sensors' retrieved from /home/airflow/.local/lib/python3.8/site-packages/airflow/example_dags/example_sensors.py
[2025-11-16T20:37:28.904+0000] {logging_mixin.py:188} INFO - [2025-11-16T20:37:28.904+0000] {dag.py:3036} INFO - Sync 1 DAGs
[2025-11-16T20:37:28.918+0000] {logging_mixin.py:188} INFO - [2025-11-16T20:37:28.917+0000] {dag.py:3823} INFO - Setting next_dagrun for example_sensors to None, run_after=None
[2025-11-16T20:37:29.238+0000] {processor.py:183} INFO - Processing /home/airflow/.local/lib/python3.8/site-packages/airflow/example_dags/example_sensors.py took 0.506 seconds
[2025-11-16T20:37:59.597+0000] {processor.py:161} INFO - Started process (PID=2959) to work on /home/airflow/.local/lib/python3.8/site-packages/airflow/example_dags/example_sensors.py
[2025-11-16T20:37:59.598+0000] {processor.py:830} INFO - Processing file /home/airflow/.local/lib/python3.8/site-packages/airflow/example_dags/example_sensors.py for tasks to queue
[2025-11-16T20:37:59.600+0000] {logging_mixin.py:188} INFO - [2025-11-16T20:37:59.599+0000] {dagbag.py:538} INFO - Filling up the DagBag from /home/airflow/.local/lib/python3.8/site-packages/airflow/example_dags/example_sensors.py
[2025-11-16T20:37:59.620+0000] {processor.py:840} INFO - DAG(s) 'example_sensors' retrieved from /home/airflow/.local/lib/python3.8/site-packages/airflow/example_dags/example_sensors.py
[2025-11-16T20:37:59.671+0000] {logging_mixin.py:188} INFO - [2025-11-16T20:37:59.670+0000] {dag.py:3036} INFO - Sync 1 DAGs
[2025-11-16T20:37:59.688+0000] {logging_mixin.py:188} INFO - [2025-11-16T20:37:59.688+0000] {dag.py:3823} INFO - Setting next_dagrun for example_sensors to None, run_after=None
[2025-11-16T20:37:59.723+0000] {processor.py:183} INFO - Processing /home/airflow/.local/lib/python3.8/site-packages/airflow/example_dags/example_sensors.py took 0.129 seconds
[2025-11-16T20:38:30.249+0000] {processor.py:161} INFO - Started process (PID=3042) to work on /home/airflow/.local/lib/python3.8/site-packages/airflow/example_dags/example_sensors.py
[2025-11-16T20:38:30.250+0000] {processor.py:830} INFO - Processing file /home/airflow/.local/lib/python3.8/site-packages/airflow/example_dags/example_sensors.py for tasks to queue
[2025-11-16T20:38:30.252+0000] {logging_mixin.py:188} INFO - [2025-11-16T20:38:30.251+0000] {dagbag.py:538} INFO - Filling up the DagBag from /home/airflow/.local/lib/python3.8/site-packages/airflow/example_dags/example_sensors.py
[2025-11-16T20:38:30.263+0000] {processor.py:840} INFO - DAG(s) 'example_sensors' retrieved from /home/airflow/.local/lib/python3.8/site-packages/airflow/example_dags/example_sensors.py
[2025-11-16T20:38:30.296+0000] {logging_mixin.py:188} INFO - [2025-11-16T20:38:30.296+0000] {dag.py:3036} INFO - Sync 1 DAGs
[2025-11-16T20:38:30.316+0000] {logging_mixin.py:188} INFO - [2025-11-16T20:38:30.314+0000] {dag.py:3823} INFO - Setting next_dagrun for example_sensors to None, run_after=None
[2025-11-16T20:38:30.343+0000] {processor.py:183} INFO - Processing /home/airflow/.local/lib/python3.8/site-packages/airflow/example_dags/example_sensors.py took 0.098 seconds
[2025-11-16T20:39:00.646+0000] {processor.py:161} INFO - Started process (PID=3123) to work on /home/airflow/.local/lib/python3.8/site-packages/airflow/example_dags/example_sensors.py
[2025-11-16T20:39:00.650+0000] {processor.py:830} INFO - Processing file /home/airflow/.local/lib/python3.8/site-packages/airflow/example_dags/example_sensors.py for tasks to queue
[2025-11-16T20:39:00.652+0000] {logging_mixin.py:188} INFO - [2025-11-16T20:39:00.651+0000] {dagbag.py:538} INFO - Filling up the DagBag from /home/airflow/.local/lib/python3.8/site-packages/airflow/example_dags/example_sensors.py
[2025-11-16T20:39:00.676+0000] {processor.py:840} INFO - DAG(s) 'example_sensors' retrieved from /home/airflow/.local/lib/python3.8/site-packages/airflow/example_dags/example_sensors.py
[2025-11-16T20:39:00.728+0000] {logging_mixin.py:188} INFO - [2025-11-16T20:39:00.727+0000] {dag.py:3036} INFO - Sync 1 DAGs
[2025-11-16T20:39:00.750+0000] {logging_mixin.py:188} INFO - [2025-11-16T20:39:00.750+0000] {dag.py:3823} INFO - Setting next_dagrun for example_sensors to None, run_after=None
[2025-11-16T20:39:00.794+0000] {processor.py:183} INFO - Processing /home/airflow/.local/lib/python3.8/site-packages/airflow/example_dags/example_sensors.py took 0.154 seconds
[2025-11-16T20:39:31.719+0000] {processor.py:161} INFO - Started process (PID=3193) to work on /home/airflow/.local/lib/python3.8/site-packages/airflow/example_dags/example_sensors.py
[2025-11-16T20:39:31.721+0000] {processor.py:830} INFO - Processing file /home/airflow/.local/lib/python3.8/site-packages/airflow/example_dags/example_sensors.py for tasks to queue
[2025-11-16T20:39:31.724+0000] {logging_mixin.py:188} INFO - [2025-11-16T20:39:31.724+0000] {dagbag.py:538} INFO - Filling up the DagBag from /home/airflow/.local/lib/python3.8/site-packages/airflow/example_dags/example_sensors.py
[2025-11-16T20:39:31.740+0000] {processor.py:840} INFO - DAG(s) 'example_sensors' retrieved from /home/airflow/.local/lib/python3.8/site-packages/airflow/example_dags/example_sensors.py
[2025-11-16T20:39:31.785+0000] {logging_mixin.py:188} INFO - [2025-11-16T20:39:31.785+0000] {dag.py:3036} INFO - Sync 1 DAGs
[2025-11-16T20:39:31.806+0000] {logging_mixin.py:188} INFO - [2025-11-16T20:39:31.805+0000] {dag.py:3823} INFO - Setting next_dagrun for example_sensors to None, run_after=None
[2025-11-16T20:39:31.858+0000] {processor.py:183} INFO - Processing /home/airflow/.local/lib/python3.8/site-packages/airflow/example_dags/example_sensors.py took 0.141 seconds
[2025-11-16T20:40:02.058+0000] {processor.py:161} INFO - Started process (PID=3276) to work on /home/airflow/.local/lib/python3.8/site-packages/airflow/example_dags/example_sensors.py
[2025-11-16T20:40:02.059+0000] {processor.py:830} INFO - Processing file /home/airflow/.local/lib/python3.8/site-packages/airflow/example_dags/example_sensors.py for tasks to queue
[2025-11-16T20:40:02.065+0000] {logging_mixin.py:188} INFO - [2025-11-16T20:40:02.061+0000] {dagbag.py:538} INFO - Filling up the DagBag from /home/airflow/.local/lib/python3.8/site-packages/airflow/example_dags/example_sensors.py
[2025-11-16T20:40:02.094+0000] {processor.py:840} INFO - DAG(s) 'example_sensors' retrieved from /home/airflow/.local/lib/python3.8/site-packages/airflow/example_dags/example_sensors.py
[2025-11-16T20:40:02.155+0000] {logging_mixin.py:188} INFO - [2025-11-16T20:40:02.154+0000] {dag.py:3036} INFO - Sync 1 DAGs
[2025-11-16T20:40:02.187+0000] {logging_mixin.py:188} INFO - [2025-11-16T20:40:02.186+0000] {dag.py:3823} INFO - Setting next_dagrun for example_sensors to None, run_after=None
[2025-11-16T20:40:02.308+0000] {processor.py:183} INFO - Processing /home/airflow/.local/lib/python3.8/site-packages/airflow/example_dags/example_sensors.py took 0.254 seconds
[2025-11-16T20:42:21.505+0000] {processor.py:161} INFO - Started process (PID=121) to work on /home/airflow/.local/lib/python3.8/site-packages/airflow/example_dags/example_sensors.py
[2025-11-16T20:42:21.506+0000] {processor.py:830} INFO - Processing file /home/airflow/.local/lib/python3.8/site-packages/airflow/example_dags/example_sensors.py for tasks to queue
[2025-11-16T20:42:21.508+0000] {logging_mixin.py:188} INFO - [2025-11-16T20:42:21.507+0000] {dagbag.py:538} INFO - Filling up the DagBag from /home/airflow/.local/lib/python3.8/site-packages/airflow/example_dags/example_sensors.py
[2025-11-16T20:42:21.528+0000] {processor.py:840} INFO - DAG(s) 'example_sensors' retrieved from /home/airflow/.local/lib/python3.8/site-packages/airflow/example_dags/example_sensors.py
[2025-11-16T20:42:21.776+0000] {logging_mixin.py:188} INFO - [2025-11-16T20:42:21.776+0000] {dag.py:3036} INFO - Sync 1 DAGs
[2025-11-16T20:42:21.790+0000] {logging_mixin.py:188} INFO - [2025-11-16T20:42:21.790+0000] {dag.py:3823} INFO - Setting next_dagrun for example_sensors to None, run_after=None
[2025-11-16T20:42:21.813+0000] {processor.py:183} INFO - Processing /home/airflow/.local/lib/python3.8/site-packages/airflow/example_dags/example_sensors.py took 0.312 seconds
[2025-11-16T20:42:52.208+0000] {processor.py:161} INFO - Started process (PID=202) to work on /home/airflow/.local/lib/python3.8/site-packages/airflow/example_dags/example_sensors.py
[2025-11-16T20:42:52.209+0000] {processor.py:830} INFO - Processing file /home/airflow/.local/lib/python3.8/site-packages/airflow/example_dags/example_sensors.py for tasks to queue
[2025-11-16T20:42:52.210+0000] {logging_mixin.py:188} INFO - [2025-11-16T20:42:52.210+0000] {dagbag.py:538} INFO - Filling up the DagBag from /home/airflow/.local/lib/python3.8/site-packages/airflow/example_dags/example_sensors.py
[2025-11-16T20:42:52.221+0000] {processor.py:840} INFO - DAG(s) 'example_sensors' retrieved from /home/airflow/.local/lib/python3.8/site-packages/airflow/example_dags/example_sensors.py
[2025-11-16T20:42:52.258+0000] {logging_mixin.py:188} INFO - [2025-11-16T20:42:52.258+0000] {dag.py:3036} INFO - Sync 1 DAGs
[2025-11-16T20:42:52.271+0000] {logging_mixin.py:188} INFO - [2025-11-16T20:42:52.270+0000] {dag.py:3823} INFO - Setting next_dagrun for example_sensors to None, run_after=None
[2025-11-16T20:42:52.422+0000] {processor.py:183} INFO - Processing /home/airflow/.local/lib/python3.8/site-packages/airflow/example_dags/example_sensors.py took 0.218 seconds
[2025-11-16T20:43:25.925+0000] {processor.py:161} INFO - Started process (PID=283) to work on /home/airflow/.local/lib/python3.8/site-packages/airflow/example_dags/example_sensors.py
[2025-11-16T20:43:25.926+0000] {processor.py:830} INFO - Processing file /home/airflow/.local/lib/python3.8/site-packages/airflow/example_dags/example_sensors.py for tasks to queue
[2025-11-16T20:43:25.928+0000] {logging_mixin.py:188} INFO - [2025-11-16T20:43:25.927+0000] {dagbag.py:538} INFO - Filling up the DagBag from /home/airflow/.local/lib/python3.8/site-packages/airflow/example_dags/example_sensors.py
[2025-11-16T20:43:25.937+0000] {processor.py:840} INFO - DAG(s) 'example_sensors' retrieved from /home/airflow/.local/lib/python3.8/site-packages/airflow/example_dags/example_sensors.py
[2025-11-16T20:43:25.966+0000] {logging_mixin.py:188} INFO - [2025-11-16T20:43:25.965+0000] {dag.py:3036} INFO - Sync 1 DAGs
[2025-11-16T20:43:25.979+0000] {logging_mixin.py:188} INFO - [2025-11-16T20:43:25.978+0000] {dag.py:3823} INFO - Setting next_dagrun for example_sensors to None, run_after=None
[2025-11-16T20:43:26.002+0000] {processor.py:183} INFO - Processing /home/airflow/.local/lib/python3.8/site-packages/airflow/example_dags/example_sensors.py took 0.080 seconds
[2025-11-16T20:43:57.000+0000] {processor.py:161} INFO - Started process (PID=364) to work on /home/airflow/.local/lib/python3.8/site-packages/airflow/example_dags/example_sensors.py
[2025-11-16T20:43:57.001+0000] {processor.py:830} INFO - Processing file /home/airflow/.local/lib/python3.8/site-packages/airflow/example_dags/example_sensors.py for tasks to queue
[2025-11-16T20:43:57.002+0000] {logging_mixin.py:188} INFO - [2025-11-16T20:43:57.001+0000] {dagbag.py:538} INFO - Filling up the DagBag from /home/airflow/.local/lib/python3.8/site-packages/airflow/example_dags/example_sensors.py
[2025-11-16T20:43:57.012+0000] {processor.py:840} INFO - DAG(s) 'example_sensors' retrieved from /home/airflow/.local/lib/python3.8/site-packages/airflow/example_dags/example_sensors.py
[2025-11-16T20:43:57.042+0000] {logging_mixin.py:188} INFO - [2025-11-16T20:43:57.041+0000] {dag.py:3036} INFO - Sync 1 DAGs
[2025-11-16T20:43:57.054+0000] {logging_mixin.py:188} INFO - [2025-11-16T20:43:57.054+0000] {dag.py:3823} INFO - Setting next_dagrun for example_sensors to None, run_after=None
[2025-11-16T20:43:57.076+0000] {processor.py:183} INFO - Processing /home/airflow/.local/lib/python3.8/site-packages/airflow/example_dags/example_sensors.py took 0.080 seconds
[2025-11-16T20:44:30.250+0000] {processor.py:161} INFO - Started process (PID=460) to work on /home/airflow/.local/lib/python3.8/site-packages/airflow/example_dags/example_sensors.py
[2025-11-16T20:44:30.251+0000] {processor.py:830} INFO - Processing file /home/airflow/.local/lib/python3.8/site-packages/airflow/example_dags/example_sensors.py for tasks to queue
[2025-11-16T20:44:30.253+0000] {logging_mixin.py:188} INFO - [2025-11-16T20:44:30.252+0000] {dagbag.py:538} INFO - Filling up the DagBag from /home/airflow/.local/lib/python3.8/site-packages/airflow/example_dags/example_sensors.py
[2025-11-16T20:44:30.264+0000] {processor.py:840} INFO - DAG(s) 'example_sensors' retrieved from /home/airflow/.local/lib/python3.8/site-packages/airflow/example_dags/example_sensors.py
[2025-11-16T20:44:30.298+0000] {logging_mixin.py:188} INFO - [2025-11-16T20:44:30.297+0000] {dag.py:3036} INFO - Sync 1 DAGs
[2025-11-16T20:44:30.315+0000] {logging_mixin.py:188} INFO - [2025-11-16T20:44:30.314+0000] {dag.py:3823} INFO - Setting next_dagrun for example_sensors to None, run_after=None
[2025-11-16T20:44:30.338+0000] {processor.py:183} INFO - Processing /home/airflow/.local/lib/python3.8/site-packages/airflow/example_dags/example_sensors.py took 0.094 seconds
[2025-11-16T20:45:00.658+0000] {processor.py:161} INFO - Started process (PID=542) to work on /home/airflow/.local/lib/python3.8/site-packages/airflow/example_dags/example_sensors.py
[2025-11-16T20:45:00.659+0000] {processor.py:830} INFO - Processing file /home/airflow/.local/lib/python3.8/site-packages/airflow/example_dags/example_sensors.py for tasks to queue
[2025-11-16T20:45:00.660+0000] {logging_mixin.py:188} INFO - [2025-11-16T20:45:00.659+0000] {dagbag.py:538} INFO - Filling up the DagBag from /home/airflow/.local/lib/python3.8/site-packages/airflow/example_dags/example_sensors.py
[2025-11-16T20:45:00.669+0000] {processor.py:840} INFO - DAG(s) 'example_sensors' retrieved from /home/airflow/.local/lib/python3.8/site-packages/airflow/example_dags/example_sensors.py
[2025-11-16T20:45:00.698+0000] {logging_mixin.py:188} INFO - [2025-11-16T20:45:00.698+0000] {dag.py:3036} INFO - Sync 1 DAGs
[2025-11-16T20:45:00.711+0000] {logging_mixin.py:188} INFO - [2025-11-16T20:45:00.711+0000] {dag.py:3823} INFO - Setting next_dagrun for example_sensors to None, run_after=None
[2025-11-16T20:45:00.738+0000] {processor.py:183} INFO - Processing /home/airflow/.local/lib/python3.8/site-packages/airflow/example_dags/example_sensors.py took 0.084 seconds
[2025-11-16T20:45:31.174+0000] {processor.py:161} INFO - Started process (PID=629) to work on /home/airflow/.local/lib/python3.8/site-packages/airflow/example_dags/example_sensors.py
[2025-11-16T20:45:31.175+0000] {processor.py:830} INFO - Processing file /home/airflow/.local/lib/python3.8/site-packages/airflow/example_dags/example_sensors.py for tasks to queue
[2025-11-16T20:45:31.176+0000] {logging_mixin.py:188} INFO - [2025-11-16T20:45:31.175+0000] {dagbag.py:538} INFO - Filling up the DagBag from /home/airflow/.local/lib/python3.8/site-packages/airflow/example_dags/example_sensors.py
[2025-11-16T20:45:31.185+0000] {processor.py:840} INFO - DAG(s) 'example_sensors' retrieved from /home/airflow/.local/lib/python3.8/site-packages/airflow/example_dags/example_sensors.py
[2025-11-16T20:45:31.217+0000] {logging_mixin.py:188} INFO - [2025-11-16T20:45:31.217+0000] {dag.py:3036} INFO - Sync 1 DAGs
[2025-11-16T20:45:31.233+0000] {logging_mixin.py:188} INFO - [2025-11-16T20:45:31.233+0000] {dag.py:3823} INFO - Setting next_dagrun for example_sensors to None, run_after=None
[2025-11-16T20:45:31.257+0000] {processor.py:183} INFO - Processing /home/airflow/.local/lib/python3.8/site-packages/airflow/example_dags/example_sensors.py took 0.087 seconds
[2025-11-16T20:46:01.619+0000] {processor.py:161} INFO - Started process (PID=718) to work on /home/airflow/.local/lib/python3.8/site-packages/airflow/example_dags/example_sensors.py
[2025-11-16T20:46:01.620+0000] {processor.py:830} INFO - Processing file /home/airflow/.local/lib/python3.8/site-packages/airflow/example_dags/example_sensors.py for tasks to queue
[2025-11-16T20:46:01.622+0000] {logging_mixin.py:188} INFO - [2025-11-16T20:46:01.621+0000] {dagbag.py:538} INFO - Filling up the DagBag from /home/airflow/.local/lib/python3.8/site-packages/airflow/example_dags/example_sensors.py
[2025-11-16T20:46:01.631+0000] {processor.py:840} INFO - DAG(s) 'example_sensors' retrieved from /home/airflow/.local/lib/python3.8/site-packages/airflow/example_dags/example_sensors.py
[2025-11-16T20:46:01.662+0000] {logging_mixin.py:188} INFO - [2025-11-16T20:46:01.661+0000] {dag.py:3036} INFO - Sync 1 DAGs
[2025-11-16T20:46:01.678+0000] {logging_mixin.py:188} INFO - [2025-11-16T20:46:01.677+0000] {dag.py:3823} INFO - Setting next_dagrun for example_sensors to None, run_after=None
[2025-11-16T20:46:01.706+0000] {processor.py:183} INFO - Processing /home/airflow/.local/lib/python3.8/site-packages/airflow/example_dags/example_sensors.py took 0.089 seconds
[2025-11-16T20:46:32.011+0000] {processor.py:161} INFO - Started process (PID=799) to work on /home/airflow/.local/lib/python3.8/site-packages/airflow/example_dags/example_sensors.py
[2025-11-16T20:46:32.012+0000] {processor.py:830} INFO - Processing file /home/airflow/.local/lib/python3.8/site-packages/airflow/example_dags/example_sensors.py for tasks to queue
[2025-11-16T20:46:32.013+0000] {logging_mixin.py:188} INFO - [2025-11-16T20:46:32.012+0000] {dagbag.py:538} INFO - Filling up the DagBag from /home/airflow/.local/lib/python3.8/site-packages/airflow/example_dags/example_sensors.py
[2025-11-16T20:46:32.024+0000] {processor.py:840} INFO - DAG(s) 'example_sensors' retrieved from /home/airflow/.local/lib/python3.8/site-packages/airflow/example_dags/example_sensors.py
[2025-11-16T20:46:32.049+0000] {logging_mixin.py:188} INFO - [2025-11-16T20:46:32.049+0000] {dag.py:3036} INFO - Sync 1 DAGs
[2025-11-16T20:46:32.061+0000] {logging_mixin.py:188} INFO - [2025-11-16T20:46:32.060+0000] {dag.py:3823} INFO - Setting next_dagrun for example_sensors to None, run_after=None
[2025-11-16T20:46:32.081+0000] {processor.py:183} INFO - Processing /home/airflow/.local/lib/python3.8/site-packages/airflow/example_dags/example_sensors.py took 0.073 seconds
[2025-11-16T20:47:02.485+0000] {processor.py:161} INFO - Started process (PID=895) to work on /home/airflow/.local/lib/python3.8/site-packages/airflow/example_dags/example_sensors.py
[2025-11-16T20:47:02.486+0000] {processor.py:830} INFO - Processing file /home/airflow/.local/lib/python3.8/site-packages/airflow/example_dags/example_sensors.py for tasks to queue
[2025-11-16T20:47:02.487+0000] {logging_mixin.py:188} INFO - [2025-11-16T20:47:02.487+0000] {dagbag.py:538} INFO - Filling up the DagBag from /home/airflow/.local/lib/python3.8/site-packages/airflow/example_dags/example_sensors.py
[2025-11-16T20:47:02.496+0000] {processor.py:840} INFO - DAG(s) 'example_sensors' retrieved from /home/airflow/.local/lib/python3.8/site-packages/airflow/example_dags/example_sensors.py
[2025-11-16T20:47:02.523+0000] {logging_mixin.py:188} INFO - [2025-11-16T20:47:02.523+0000] {dag.py:3036} INFO - Sync 1 DAGs
[2025-11-16T20:47:02.535+0000] {logging_mixin.py:188} INFO - [2025-11-16T20:47:02.535+0000] {dag.py:3823} INFO - Setting next_dagrun for example_sensors to None, run_after=None
[2025-11-16T20:47:02.556+0000] {processor.py:183} INFO - Processing /home/airflow/.local/lib/python3.8/site-packages/airflow/example_dags/example_sensors.py took 0.074 seconds
[2025-11-16T20:47:32.776+0000] {processor.py:161} INFO - Started process (PID=976) to work on /home/airflow/.local/lib/python3.8/site-packages/airflow/example_dags/example_sensors.py
[2025-11-16T20:47:32.777+0000] {processor.py:830} INFO - Processing file /home/airflow/.local/lib/python3.8/site-packages/airflow/example_dags/example_sensors.py for tasks to queue
[2025-11-16T20:47:32.778+0000] {logging_mixin.py:188} INFO - [2025-11-16T20:47:32.777+0000] {dagbag.py:538} INFO - Filling up the DagBag from /home/airflow/.local/lib/python3.8/site-packages/airflow/example_dags/example_sensors.py
[2025-11-16T20:47:32.787+0000] {processor.py:840} INFO - DAG(s) 'example_sensors' retrieved from /home/airflow/.local/lib/python3.8/site-packages/airflow/example_dags/example_sensors.py
[2025-11-16T20:47:32.813+0000] {logging_mixin.py:188} INFO - [2025-11-16T20:47:32.813+0000] {dag.py:3036} INFO - Sync 1 DAGs
[2025-11-16T20:47:32.824+0000] {logging_mixin.py:188} INFO - [2025-11-16T20:47:32.824+0000] {dag.py:3823} INFO - Setting next_dagrun for example_sensors to None, run_after=None
[2025-11-16T20:47:32.847+0000] {processor.py:183} INFO - Processing /home/airflow/.local/lib/python3.8/site-packages/airflow/example_dags/example_sensors.py took 0.074 seconds
[2025-11-16T20:48:03.236+0000] {processor.py:161} INFO - Started process (PID=1063) to work on /home/airflow/.local/lib/python3.8/site-packages/airflow/example_dags/example_sensors.py
[2025-11-16T20:48:03.238+0000] {processor.py:830} INFO - Processing file /home/airflow/.local/lib/python3.8/site-packages/airflow/example_dags/example_sensors.py for tasks to queue
[2025-11-16T20:48:03.242+0000] {logging_mixin.py:188} INFO - [2025-11-16T20:48:03.241+0000] {dagbag.py:538} INFO - Filling up the DagBag from /home/airflow/.local/lib/python3.8/site-packages/airflow/example_dags/example_sensors.py
[2025-11-16T20:48:03.261+0000] {processor.py:840} INFO - DAG(s) 'example_sensors' retrieved from /home/airflow/.local/lib/python3.8/site-packages/airflow/example_dags/example_sensors.py
[2025-11-16T20:48:03.313+0000] {logging_mixin.py:188} INFO - [2025-11-16T20:48:03.313+0000] {dag.py:3036} INFO - Sync 1 DAGs
[2025-11-16T20:48:03.337+0000] {logging_mixin.py:188} INFO - [2025-11-16T20:48:03.336+0000] {dag.py:3823} INFO - Setting next_dagrun for example_sensors to None, run_after=None
[2025-11-16T20:48:03.390+0000] {processor.py:183} INFO - Processing /home/airflow/.local/lib/python3.8/site-packages/airflow/example_dags/example_sensors.py took 0.159 seconds
[2025-11-16T20:48:33.497+0000] {processor.py:161} INFO - Started process (PID=1152) to work on /home/airflow/.local/lib/python3.8/site-packages/airflow/example_dags/example_sensors.py
[2025-11-16T20:48:33.498+0000] {processor.py:830} INFO - Processing file /home/airflow/.local/lib/python3.8/site-packages/airflow/example_dags/example_sensors.py for tasks to queue
[2025-11-16T20:48:33.499+0000] {logging_mixin.py:188} INFO - [2025-11-16T20:48:33.499+0000] {dagbag.py:538} INFO - Filling up the DagBag from /home/airflow/.local/lib/python3.8/site-packages/airflow/example_dags/example_sensors.py
[2025-11-16T20:48:33.514+0000] {processor.py:840} INFO - DAG(s) 'example_sensors' retrieved from /home/airflow/.local/lib/python3.8/site-packages/airflow/example_dags/example_sensors.py
[2025-11-16T20:48:33.550+0000] {logging_mixin.py:188} INFO - [2025-11-16T20:48:33.549+0000] {dag.py:3036} INFO - Sync 1 DAGs
[2025-11-16T20:48:33.564+0000] {logging_mixin.py:188} INFO - [2025-11-16T20:48:33.564+0000] {dag.py:3823} INFO - Setting next_dagrun for example_sensors to None, run_after=None
[2025-11-16T20:48:33.599+0000] {processor.py:183} INFO - Processing /home/airflow/.local/lib/python3.8/site-packages/airflow/example_dags/example_sensors.py took 0.106 seconds
[2025-11-16T20:49:10.791+0000] {processor.py:161} INFO - Started process (PID=1225) to work on /home/airflow/.local/lib/python3.8/site-packages/airflow/example_dags/example_sensors.py
[2025-11-16T20:49:10.797+0000] {processor.py:830} INFO - Processing file /home/airflow/.local/lib/python3.8/site-packages/airflow/example_dags/example_sensors.py for tasks to queue
[2025-11-16T20:49:10.802+0000] {logging_mixin.py:188} INFO - [2025-11-16T20:49:10.800+0000] {dagbag.py:538} INFO - Filling up the DagBag from /home/airflow/.local/lib/python3.8/site-packages/airflow/example_dags/example_sensors.py
[2025-11-16T20:49:11.198+0000] {processor.py:840} INFO - DAG(s) 'example_sensors' retrieved from /home/airflow/.local/lib/python3.8/site-packages/airflow/example_dags/example_sensors.py
[2025-11-16T20:49:11.600+0000] {logging_mixin.py:188} INFO - [2025-11-16T20:49:11.600+0000] {dag.py:3036} INFO - Sync 1 DAGs
[2025-11-16T20:49:12.369+0000] {logging_mixin.py:188} INFO - [2025-11-16T20:49:12.369+0000] {dag.py:3823} INFO - Setting next_dagrun for example_sensors to None, run_after=None
[2025-11-16T20:49:13.146+0000] {processor.py:183} INFO - Processing /home/airflow/.local/lib/python3.8/site-packages/airflow/example_dags/example_sensors.py took 2.369 seconds
[2025-11-16T20:49:43.486+0000] {processor.py:161} INFO - Started process (PID=1299) to work on /home/airflow/.local/lib/python3.8/site-packages/airflow/example_dags/example_sensors.py
[2025-11-16T20:49:43.487+0000] {processor.py:830} INFO - Processing file /home/airflow/.local/lib/python3.8/site-packages/airflow/example_dags/example_sensors.py for tasks to queue
[2025-11-16T20:49:43.488+0000] {logging_mixin.py:188} INFO - [2025-11-16T20:49:43.488+0000] {dagbag.py:538} INFO - Filling up the DagBag from /home/airflow/.local/lib/python3.8/site-packages/airflow/example_dags/example_sensors.py
[2025-11-16T20:49:43.502+0000] {processor.py:840} INFO - DAG(s) 'example_sensors' retrieved from /home/airflow/.local/lib/python3.8/site-packages/airflow/example_dags/example_sensors.py
[2025-11-16T20:49:43.545+0000] {logging_mixin.py:188} INFO - [2025-11-16T20:49:43.545+0000] {dag.py:3036} INFO - Sync 1 DAGs
[2025-11-16T20:49:43.569+0000] {logging_mixin.py:188} INFO - [2025-11-16T20:49:43.569+0000] {dag.py:3823} INFO - Setting next_dagrun for example_sensors to None, run_after=None
[2025-11-16T20:49:43.603+0000] {processor.py:183} INFO - Processing /home/airflow/.local/lib/python3.8/site-packages/airflow/example_dags/example_sensors.py took 0.124 seconds
[2025-11-16T20:50:13.915+0000] {processor.py:161} INFO - Started process (PID=1366) to work on /home/airflow/.local/lib/python3.8/site-packages/airflow/example_dags/example_sensors.py
[2025-11-16T20:50:13.917+0000] {processor.py:830} INFO - Processing file /home/airflow/.local/lib/python3.8/site-packages/airflow/example_dags/example_sensors.py for tasks to queue
[2025-11-16T20:50:13.918+0000] {logging_mixin.py:188} INFO - [2025-11-16T20:50:13.918+0000] {dagbag.py:538} INFO - Filling up the DagBag from /home/airflow/.local/lib/python3.8/site-packages/airflow/example_dags/example_sensors.py
[2025-11-16T20:50:13.931+0000] {processor.py:840} INFO - DAG(s) 'example_sensors' retrieved from /home/airflow/.local/lib/python3.8/site-packages/airflow/example_dags/example_sensors.py
[2025-11-16T20:50:13.968+0000] {logging_mixin.py:188} INFO - [2025-11-16T20:50:13.968+0000] {dag.py:3036} INFO - Sync 1 DAGs
[2025-11-16T20:50:13.986+0000] {logging_mixin.py:188} INFO - [2025-11-16T20:50:13.985+0000] {dag.py:3823} INFO - Setting next_dagrun for example_sensors to None, run_after=None
[2025-11-16T20:50:14.016+0000] {processor.py:183} INFO - Processing /home/airflow/.local/lib/python3.8/site-packages/airflow/example_dags/example_sensors.py took 0.106 seconds
[2025-11-16T23:16:12.860+0000] {processor.py:161} INFO - Started process (PID=1396) to work on /home/airflow/.local/lib/python3.8/site-packages/airflow/example_dags/example_sensors.py
[2025-11-16T23:16:12.863+0000] {processor.py:830} INFO - Processing file /home/airflow/.local/lib/python3.8/site-packages/airflow/example_dags/example_sensors.py for tasks to queue
[2025-11-16T23:16:12.866+0000] {logging_mixin.py:188} INFO - [2025-11-16T23:16:12.865+0000] {dagbag.py:538} INFO - Filling up the DagBag from /home/airflow/.local/lib/python3.8/site-packages/airflow/example_dags/example_sensors.py
[2025-11-16T23:16:12.905+0000] {processor.py:840} INFO - DAG(s) 'example_sensors' retrieved from /home/airflow/.local/lib/python3.8/site-packages/airflow/example_dags/example_sensors.py
[2025-11-16T23:16:13.136+0000] {logging_mixin.py:188} INFO - [2025-11-16T23:16:13.135+0000] {dag.py:3036} INFO - Sync 1 DAGs
[2025-11-16T23:16:13.243+0000] {logging_mixin.py:188} INFO - [2025-11-16T23:16:13.233+0000] {dag.py:3823} INFO - Setting next_dagrun for example_sensors to None, run_after=None
[2025-11-16T23:16:13.510+0000] {processor.py:183} INFO - Processing /home/airflow/.local/lib/python3.8/site-packages/airflow/example_dags/example_sensors.py took 0.664 seconds
[2025-11-16T23:16:47.892+0000] {processor.py:161} INFO - Started process (PID=1479) to work on /home/airflow/.local/lib/python3.8/site-packages/airflow/example_dags/example_sensors.py
[2025-11-16T23:16:47.896+0000] {processor.py:830} INFO - Processing file /home/airflow/.local/lib/python3.8/site-packages/airflow/example_dags/example_sensors.py for tasks to queue
[2025-11-16T23:16:47.898+0000] {logging_mixin.py:188} INFO - [2025-11-16T23:16:47.898+0000] {dagbag.py:538} INFO - Filling up the DagBag from /home/airflow/.local/lib/python3.8/site-packages/airflow/example_dags/example_sensors.py
[2025-11-16T23:16:47.919+0000] {processor.py:840} INFO - DAG(s) 'example_sensors' retrieved from /home/airflow/.local/lib/python3.8/site-packages/airflow/example_dags/example_sensors.py
[2025-11-16T23:16:47.969+0000] {logging_mixin.py:188} INFO - [2025-11-16T23:16:47.969+0000] {dag.py:3036} INFO - Sync 1 DAGs
[2025-11-16T23:16:47.996+0000] {logging_mixin.py:188} INFO - [2025-11-16T23:16:47.996+0000] {dag.py:3823} INFO - Setting next_dagrun for example_sensors to None, run_after=None
[2025-11-16T23:16:48.036+0000] {processor.py:183} INFO - Processing /home/airflow/.local/lib/python3.8/site-packages/airflow/example_dags/example_sensors.py took 0.149 seconds
[2025-11-16T23:17:19.872+0000] {processor.py:161} INFO - Started process (PID=1567) to work on /home/airflow/.local/lib/python3.8/site-packages/airflow/example_dags/example_sensors.py
[2025-11-16T23:17:19.874+0000] {processor.py:830} INFO - Processing file /home/airflow/.local/lib/python3.8/site-packages/airflow/example_dags/example_sensors.py for tasks to queue
[2025-11-16T23:17:19.875+0000] {logging_mixin.py:188} INFO - [2025-11-16T23:17:19.874+0000] {dagbag.py:538} INFO - Filling up the DagBag from /home/airflow/.local/lib/python3.8/site-packages/airflow/example_dags/example_sensors.py
[2025-11-16T23:17:19.905+0000] {processor.py:840} INFO - DAG(s) 'example_sensors' retrieved from /home/airflow/.local/lib/python3.8/site-packages/airflow/example_dags/example_sensors.py
[2025-11-16T23:17:19.985+0000] {logging_mixin.py:188} INFO - [2025-11-16T23:17:19.985+0000] {dag.py:3036} INFO - Sync 1 DAGs
[2025-11-16T23:17:20.021+0000] {logging_mixin.py:188} INFO - [2025-11-16T23:17:20.020+0000] {dag.py:3823} INFO - Setting next_dagrun for example_sensors to None, run_after=None
[2025-11-16T23:17:20.086+0000] {processor.py:183} INFO - Processing /home/airflow/.local/lib/python3.8/site-packages/airflow/example_dags/example_sensors.py took 0.222 seconds
[2025-11-16T23:17:55.499+0000] {processor.py:161} INFO - Started process (PID=1626) to work on /home/airflow/.local/lib/python3.8/site-packages/airflow/example_dags/example_sensors.py
[2025-11-16T23:17:55.500+0000] {processor.py:830} INFO - Processing file /home/airflow/.local/lib/python3.8/site-packages/airflow/example_dags/example_sensors.py for tasks to queue
[2025-11-16T23:17:55.501+0000] {logging_mixin.py:188} INFO - [2025-11-16T23:17:55.501+0000] {dagbag.py:538} INFO - Filling up the DagBag from /home/airflow/.local/lib/python3.8/site-packages/airflow/example_dags/example_sensors.py
[2025-11-16T23:17:55.519+0000] {processor.py:840} INFO - DAG(s) 'example_sensors' retrieved from /home/airflow/.local/lib/python3.8/site-packages/airflow/example_dags/example_sensors.py
[2025-11-16T23:17:55.565+0000] {logging_mixin.py:188} INFO - [2025-11-16T23:17:55.564+0000] {dag.py:3036} INFO - Sync 1 DAGs
[2025-11-16T23:17:55.582+0000] {logging_mixin.py:188} INFO - [2025-11-16T23:17:55.582+0000] {dag.py:3823} INFO - Setting next_dagrun for example_sensors to None, run_after=None
[2025-11-16T23:17:55.645+0000] {processor.py:183} INFO - Processing /home/airflow/.local/lib/python3.8/site-packages/airflow/example_dags/example_sensors.py took 0.152 seconds
[2025-11-16T23:18:27.340+0000] {processor.py:161} INFO - Started process (PID=1715) to work on /home/airflow/.local/lib/python3.8/site-packages/airflow/example_dags/example_sensors.py
[2025-11-16T23:18:27.341+0000] {processor.py:830} INFO - Processing file /home/airflow/.local/lib/python3.8/site-packages/airflow/example_dags/example_sensors.py for tasks to queue
[2025-11-16T23:18:27.343+0000] {logging_mixin.py:188} INFO - [2025-11-16T23:18:27.342+0000] {dagbag.py:538} INFO - Filling up the DagBag from /home/airflow/.local/lib/python3.8/site-packages/airflow/example_dags/example_sensors.py
[2025-11-16T23:18:27.355+0000] {processor.py:840} INFO - DAG(s) 'example_sensors' retrieved from /home/airflow/.local/lib/python3.8/site-packages/airflow/example_dags/example_sensors.py
[2025-11-16T23:18:27.394+0000] {logging_mixin.py:188} INFO - [2025-11-16T23:18:27.392+0000] {dag.py:3036} INFO - Sync 1 DAGs
[2025-11-16T23:18:27.409+0000] {logging_mixin.py:188} INFO - [2025-11-16T23:18:27.409+0000] {dag.py:3823} INFO - Setting next_dagrun for example_sensors to None, run_after=None
[2025-11-16T23:18:27.755+0000] {processor.py:183} INFO - Processing /home/airflow/.local/lib/python3.8/site-packages/airflow/example_dags/example_sensors.py took 0.422 seconds
[2025-11-16T23:18:58.569+0000] {processor.py:161} INFO - Started process (PID=1788) to work on /home/airflow/.local/lib/python3.8/site-packages/airflow/example_dags/example_sensors.py
[2025-11-16T23:18:58.573+0000] {processor.py:830} INFO - Processing file /home/airflow/.local/lib/python3.8/site-packages/airflow/example_dags/example_sensors.py for tasks to queue
[2025-11-16T23:18:58.575+0000] {logging_mixin.py:188} INFO - [2025-11-16T23:18:58.574+0000] {dagbag.py:538} INFO - Filling up the DagBag from /home/airflow/.local/lib/python3.8/site-packages/airflow/example_dags/example_sensors.py
[2025-11-16T23:18:58.591+0000] {processor.py:840} INFO - DAG(s) 'example_sensors' retrieved from /home/airflow/.local/lib/python3.8/site-packages/airflow/example_dags/example_sensors.py
[2025-11-16T23:18:58.641+0000] {logging_mixin.py:188} INFO - [2025-11-16T23:18:58.641+0000] {dag.py:3036} INFO - Sync 1 DAGs
[2025-11-16T23:18:58.662+0000] {logging_mixin.py:188} INFO - [2025-11-16T23:18:58.662+0000] {dag.py:3823} INFO - Setting next_dagrun for example_sensors to None, run_after=None
[2025-11-16T23:18:58.699+0000] {processor.py:183} INFO - Processing /home/airflow/.local/lib/python3.8/site-packages/airflow/example_dags/example_sensors.py took 0.134 seconds
