[2025-11-16T20:20:31.093+0000] {processor.py:161} INFO - Started process (PID=155) to work on /home/airflow/.local/lib/python3.8/site-packages/airflow/example_dags/example_setup_teardown.py
[2025-11-16T20:20:31.094+0000] {processor.py:830} INFO - Processing file /home/airflow/.local/lib/python3.8/site-packages/airflow/example_dags/example_setup_teardown.py for tasks to queue
[2025-11-16T20:20:31.095+0000] {logging_mixin.py:188} INFO - [2025-11-16T20:20:31.095+0000] {dagbag.py:538} INFO - Filling up the DagBag from /home/airflow/.local/lib/python3.8/site-packages/airflow/example_dags/example_setup_teardown.py
[2025-11-16T20:20:31.107+0000] {processor.py:840} INFO - DAG(s) 'example_setup_teardown' retrieved from /home/airflow/.local/lib/python3.8/site-packages/airflow/example_dags/example_setup_teardown.py
[2025-11-16T20:20:31.300+0000] {logging_mixin.py:188} INFO - [2025-11-16T20:20:31.299+0000] {override.py:1769} INFO - Created Permission View: can edit on DAG:example_setup_teardown
[2025-11-16T20:20:31.313+0000] {logging_mixin.py:188} INFO - [2025-11-16T20:20:31.313+0000] {override.py:1769} INFO - Created Permission View: can read on DAG:example_setup_teardown
[2025-11-16T20:20:31.328+0000] {logging_mixin.py:188} INFO - [2025-11-16T20:20:31.327+0000] {override.py:1769} INFO - Created Permission View: can delete on DAG:example_setup_teardown
[2025-11-16T20:20:31.328+0000] {logging_mixin.py:188} INFO - [2025-11-16T20:20:31.328+0000] {dag.py:3036} INFO - Sync 1 DAGs
[2025-11-16T20:20:31.345+0000] {logging_mixin.py:188} INFO - [2025-11-16T20:20:31.345+0000] {dag.py:3058} INFO - Creating ORM DAG for example_setup_teardown
[2025-11-16T20:20:31.360+0000] {logging_mixin.py:188} INFO - [2025-11-16T20:20:31.360+0000] {dag.py:3823} INFO - Setting next_dagrun for example_setup_teardown to 2025-11-15 00:00:00+00:00, run_after=2025-11-16 00:00:00+00:00
[2025-11-16T20:20:31.386+0000] {processor.py:183} INFO - Processing /home/airflow/.local/lib/python3.8/site-packages/airflow/example_dags/example_setup_teardown.py took 0.297 seconds
[2025-11-16T20:21:02.452+0000] {processor.py:161} INFO - Started process (PID=236) to work on /home/airflow/.local/lib/python3.8/site-packages/airflow/example_dags/example_setup_teardown.py
[2025-11-16T20:21:02.453+0000] {processor.py:830} INFO - Processing file /home/airflow/.local/lib/python3.8/site-packages/airflow/example_dags/example_setup_teardown.py for tasks to queue
[2025-11-16T20:21:02.455+0000] {logging_mixin.py:188} INFO - [2025-11-16T20:21:02.454+0000] {dagbag.py:538} INFO - Filling up the DagBag from /home/airflow/.local/lib/python3.8/site-packages/airflow/example_dags/example_setup_teardown.py
[2025-11-16T20:21:02.479+0000] {processor.py:840} INFO - DAG(s) 'example_setup_teardown' retrieved from /home/airflow/.local/lib/python3.8/site-packages/airflow/example_dags/example_setup_teardown.py
[2025-11-16T20:21:02.540+0000] {logging_mixin.py:188} INFO - [2025-11-16T20:21:02.539+0000] {dag.py:3036} INFO - Sync 1 DAGs
[2025-11-16T20:21:02.750+0000] {logging_mixin.py:188} INFO - [2025-11-16T20:21:02.750+0000] {dag.py:3823} INFO - Setting next_dagrun for example_setup_teardown to 2025-11-15 00:00:00+00:00, run_after=2025-11-16 00:00:00+00:00
[2025-11-16T20:21:02.770+0000] {processor.py:183} INFO - Processing /home/airflow/.local/lib/python3.8/site-packages/airflow/example_dags/example_setup_teardown.py took 0.322 seconds
[2025-11-16T20:21:33.101+0000] {processor.py:161} INFO - Started process (PID=309) to work on /home/airflow/.local/lib/python3.8/site-packages/airflow/example_dags/example_setup_teardown.py
[2025-11-16T20:21:33.101+0000] {processor.py:830} INFO - Processing file /home/airflow/.local/lib/python3.8/site-packages/airflow/example_dags/example_setup_teardown.py for tasks to queue
[2025-11-16T20:21:33.103+0000] {logging_mixin.py:188} INFO - [2025-11-16T20:21:33.102+0000] {dagbag.py:538} INFO - Filling up the DagBag from /home/airflow/.local/lib/python3.8/site-packages/airflow/example_dags/example_setup_teardown.py
[2025-11-16T20:21:33.110+0000] {processor.py:840} INFO - DAG(s) 'example_setup_teardown' retrieved from /home/airflow/.local/lib/python3.8/site-packages/airflow/example_dags/example_setup_teardown.py
[2025-11-16T20:21:33.143+0000] {logging_mixin.py:188} INFO - [2025-11-16T20:21:33.143+0000] {dag.py:3036} INFO - Sync 1 DAGs
[2025-11-16T20:21:33.173+0000] {logging_mixin.py:188} INFO - [2025-11-16T20:21:33.173+0000] {dag.py:3823} INFO - Setting next_dagrun for example_setup_teardown to 2025-11-15 00:00:00+00:00, run_after=2025-11-16 00:00:00+00:00
[2025-11-16T20:21:33.199+0000] {processor.py:183} INFO - Processing /home/airflow/.local/lib/python3.8/site-packages/airflow/example_dags/example_setup_teardown.py took 0.102 seconds
[2025-11-16T20:22:03.470+0000] {processor.py:161} INFO - Started process (PID=398) to work on /home/airflow/.local/lib/python3.8/site-packages/airflow/example_dags/example_setup_teardown.py
[2025-11-16T20:22:03.471+0000] {processor.py:830} INFO - Processing file /home/airflow/.local/lib/python3.8/site-packages/airflow/example_dags/example_setup_teardown.py for tasks to queue
[2025-11-16T20:22:03.472+0000] {logging_mixin.py:188} INFO - [2025-11-16T20:22:03.472+0000] {dagbag.py:538} INFO - Filling up the DagBag from /home/airflow/.local/lib/python3.8/site-packages/airflow/example_dags/example_setup_teardown.py
[2025-11-16T20:22:03.479+0000] {processor.py:840} INFO - DAG(s) 'example_setup_teardown' retrieved from /home/airflow/.local/lib/python3.8/site-packages/airflow/example_dags/example_setup_teardown.py
[2025-11-16T20:22:03.504+0000] {logging_mixin.py:188} INFO - [2025-11-16T20:22:03.503+0000] {dag.py:3036} INFO - Sync 1 DAGs
[2025-11-16T20:22:03.524+0000] {logging_mixin.py:188} INFO - [2025-11-16T20:22:03.524+0000] {dag.py:3823} INFO - Setting next_dagrun for example_setup_teardown to 2025-11-15 00:00:00+00:00, run_after=2025-11-16 00:00:00+00:00
[2025-11-16T20:22:03.548+0000] {processor.py:183} INFO - Processing /home/airflow/.local/lib/python3.8/site-packages/airflow/example_dags/example_setup_teardown.py took 0.081 seconds
[2025-11-16T20:22:34.056+0000] {processor.py:161} INFO - Started process (PID=479) to work on /home/airflow/.local/lib/python3.8/site-packages/airflow/example_dags/example_setup_teardown.py
[2025-11-16T20:22:34.057+0000] {processor.py:830} INFO - Processing file /home/airflow/.local/lib/python3.8/site-packages/airflow/example_dags/example_setup_teardown.py for tasks to queue
[2025-11-16T20:22:34.059+0000] {logging_mixin.py:188} INFO - [2025-11-16T20:22:34.059+0000] {dagbag.py:538} INFO - Filling up the DagBag from /home/airflow/.local/lib/python3.8/site-packages/airflow/example_dags/example_setup_teardown.py
[2025-11-16T20:22:34.070+0000] {processor.py:840} INFO - DAG(s) 'example_setup_teardown' retrieved from /home/airflow/.local/lib/python3.8/site-packages/airflow/example_dags/example_setup_teardown.py
[2025-11-16T20:22:34.109+0000] {logging_mixin.py:188} INFO - [2025-11-16T20:22:34.109+0000] {dag.py:3036} INFO - Sync 1 DAGs
[2025-11-16T20:22:34.142+0000] {logging_mixin.py:188} INFO - [2025-11-16T20:22:34.142+0000] {dag.py:3823} INFO - Setting next_dagrun for example_setup_teardown to 2025-11-15 00:00:00+00:00, run_after=2025-11-16 00:00:00+00:00
[2025-11-16T20:22:34.170+0000] {processor.py:183} INFO - Processing /home/airflow/.local/lib/python3.8/site-packages/airflow/example_dags/example_setup_teardown.py took 0.123 seconds
[2025-11-16T20:23:05.374+0000] {processor.py:161} INFO - Started process (PID=560) to work on /home/airflow/.local/lib/python3.8/site-packages/airflow/example_dags/example_setup_teardown.py
[2025-11-16T20:23:05.375+0000] {processor.py:830} INFO - Processing file /home/airflow/.local/lib/python3.8/site-packages/airflow/example_dags/example_setup_teardown.py for tasks to queue
[2025-11-16T20:23:05.378+0000] {logging_mixin.py:188} INFO - [2025-11-16T20:23:05.377+0000] {dagbag.py:538} INFO - Filling up the DagBag from /home/airflow/.local/lib/python3.8/site-packages/airflow/example_dags/example_setup_teardown.py
[2025-11-16T20:23:05.387+0000] {processor.py:840} INFO - DAG(s) 'example_setup_teardown' retrieved from /home/airflow/.local/lib/python3.8/site-packages/airflow/example_dags/example_setup_teardown.py
[2025-11-16T20:23:05.420+0000] {logging_mixin.py:188} INFO - [2025-11-16T20:23:05.420+0000] {dag.py:3036} INFO - Sync 1 DAGs
[2025-11-16T20:23:05.450+0000] {logging_mixin.py:188} INFO - [2025-11-16T20:23:05.450+0000] {dag.py:3823} INFO - Setting next_dagrun for example_setup_teardown to 2025-11-15 00:00:00+00:00, run_after=2025-11-16 00:00:00+00:00
[2025-11-16T20:23:05.486+0000] {processor.py:183} INFO - Processing /home/airflow/.local/lib/python3.8/site-packages/airflow/example_dags/example_setup_teardown.py took 0.117 seconds
[2025-11-16T20:23:35.650+0000] {processor.py:161} INFO - Started process (PID=639) to work on /home/airflow/.local/lib/python3.8/site-packages/airflow/example_dags/example_setup_teardown.py
[2025-11-16T20:23:35.651+0000] {processor.py:830} INFO - Processing file /home/airflow/.local/lib/python3.8/site-packages/airflow/example_dags/example_setup_teardown.py for tasks to queue
[2025-11-16T20:23:35.653+0000] {logging_mixin.py:188} INFO - [2025-11-16T20:23:35.652+0000] {dagbag.py:538} INFO - Filling up the DagBag from /home/airflow/.local/lib/python3.8/site-packages/airflow/example_dags/example_setup_teardown.py
[2025-11-16T20:23:35.662+0000] {processor.py:840} INFO - DAG(s) 'example_setup_teardown' retrieved from /home/airflow/.local/lib/python3.8/site-packages/airflow/example_dags/example_setup_teardown.py
[2025-11-16T20:23:35.687+0000] {logging_mixin.py:188} INFO - [2025-11-16T20:23:35.687+0000] {dag.py:3036} INFO - Sync 1 DAGs
[2025-11-16T20:23:35.713+0000] {logging_mixin.py:188} INFO - [2025-11-16T20:23:35.713+0000] {dag.py:3823} INFO - Setting next_dagrun for example_setup_teardown to 2025-11-15 00:00:00+00:00, run_after=2025-11-16 00:00:00+00:00
[2025-11-16T20:23:35.737+0000] {processor.py:183} INFO - Processing /home/airflow/.local/lib/python3.8/site-packages/airflow/example_dags/example_setup_teardown.py took 0.090 seconds
[2025-11-16T20:24:06.604+0000] {processor.py:161} INFO - Started process (PID=735) to work on /home/airflow/.local/lib/python3.8/site-packages/airflow/example_dags/example_setup_teardown.py
[2025-11-16T20:24:06.606+0000] {processor.py:830} INFO - Processing file /home/airflow/.local/lib/python3.8/site-packages/airflow/example_dags/example_setup_teardown.py for tasks to queue
[2025-11-16T20:24:06.607+0000] {logging_mixin.py:188} INFO - [2025-11-16T20:24:06.606+0000] {dagbag.py:538} INFO - Filling up the DagBag from /home/airflow/.local/lib/python3.8/site-packages/airflow/example_dags/example_setup_teardown.py
[2025-11-16T20:24:06.614+0000] {processor.py:840} INFO - DAG(s) 'example_setup_teardown' retrieved from /home/airflow/.local/lib/python3.8/site-packages/airflow/example_dags/example_setup_teardown.py
[2025-11-16T20:24:06.640+0000] {logging_mixin.py:188} INFO - [2025-11-16T20:24:06.639+0000] {dag.py:3036} INFO - Sync 1 DAGs
[2025-11-16T20:24:06.677+0000] {logging_mixin.py:188} INFO - [2025-11-16T20:24:06.677+0000] {dag.py:3823} INFO - Setting next_dagrun for example_setup_teardown to 2025-11-15 00:00:00+00:00, run_after=2025-11-16 00:00:00+00:00
[2025-11-16T20:24:06.705+0000] {processor.py:183} INFO - Processing /home/airflow/.local/lib/python3.8/site-packages/airflow/example_dags/example_setup_teardown.py took 0.103 seconds
[2025-11-16T20:24:36.913+0000] {processor.py:161} INFO - Started process (PID=816) to work on /home/airflow/.local/lib/python3.8/site-packages/airflow/example_dags/example_setup_teardown.py
[2025-11-16T20:24:36.914+0000] {processor.py:830} INFO - Processing file /home/airflow/.local/lib/python3.8/site-packages/airflow/example_dags/example_setup_teardown.py for tasks to queue
[2025-11-16T20:24:36.916+0000] {logging_mixin.py:188} INFO - [2025-11-16T20:24:36.915+0000] {dagbag.py:538} INFO - Filling up the DagBag from /home/airflow/.local/lib/python3.8/site-packages/airflow/example_dags/example_setup_teardown.py
[2025-11-16T20:24:36.923+0000] {processor.py:840} INFO - DAG(s) 'example_setup_teardown' retrieved from /home/airflow/.local/lib/python3.8/site-packages/airflow/example_dags/example_setup_teardown.py
[2025-11-16T20:24:36.948+0000] {logging_mixin.py:188} INFO - [2025-11-16T20:24:36.948+0000] {dag.py:3036} INFO - Sync 1 DAGs
[2025-11-16T20:24:36.971+0000] {logging_mixin.py:188} INFO - [2025-11-16T20:24:36.971+0000] {dag.py:3823} INFO - Setting next_dagrun for example_setup_teardown to 2025-11-15 00:00:00+00:00, run_after=2025-11-16 00:00:00+00:00
[2025-11-16T20:24:36.994+0000] {processor.py:183} INFO - Processing /home/airflow/.local/lib/python3.8/site-packages/airflow/example_dags/example_setup_teardown.py took 0.084 seconds
[2025-11-16T20:25:07.124+0000] {processor.py:161} INFO - Started process (PID=912) to work on /home/airflow/.local/lib/python3.8/site-packages/airflow/example_dags/example_setup_teardown.py
[2025-11-16T20:25:07.125+0000] {processor.py:830} INFO - Processing file /home/airflow/.local/lib/python3.8/site-packages/airflow/example_dags/example_setup_teardown.py for tasks to queue
[2025-11-16T20:25:07.127+0000] {logging_mixin.py:188} INFO - [2025-11-16T20:25:07.126+0000] {dagbag.py:538} INFO - Filling up the DagBag from /home/airflow/.local/lib/python3.8/site-packages/airflow/example_dags/example_setup_teardown.py
[2025-11-16T20:25:07.134+0000] {processor.py:840} INFO - DAG(s) 'example_setup_teardown' retrieved from /home/airflow/.local/lib/python3.8/site-packages/airflow/example_dags/example_setup_teardown.py
[2025-11-16T20:25:07.161+0000] {logging_mixin.py:188} INFO - [2025-11-16T20:25:07.161+0000] {dag.py:3036} INFO - Sync 1 DAGs
[2025-11-16T20:25:07.186+0000] {logging_mixin.py:188} INFO - [2025-11-16T20:25:07.186+0000] {dag.py:3823} INFO - Setting next_dagrun for example_setup_teardown to 2025-11-15 00:00:00+00:00, run_after=2025-11-16 00:00:00+00:00
[2025-11-16T20:25:07.217+0000] {processor.py:183} INFO - Processing /home/airflow/.local/lib/python3.8/site-packages/airflow/example_dags/example_setup_teardown.py took 0.096 seconds
[2025-11-16T20:25:37.367+0000] {processor.py:161} INFO - Started process (PID=993) to work on /home/airflow/.local/lib/python3.8/site-packages/airflow/example_dags/example_setup_teardown.py
[2025-11-16T20:25:37.368+0000] {processor.py:830} INFO - Processing file /home/airflow/.local/lib/python3.8/site-packages/airflow/example_dags/example_setup_teardown.py for tasks to queue
[2025-11-16T20:25:37.372+0000] {logging_mixin.py:188} INFO - [2025-11-16T20:25:37.372+0000] {dagbag.py:538} INFO - Filling up the DagBag from /home/airflow/.local/lib/python3.8/site-packages/airflow/example_dags/example_setup_teardown.py
[2025-11-16T20:25:37.380+0000] {processor.py:840} INFO - DAG(s) 'example_setup_teardown' retrieved from /home/airflow/.local/lib/python3.8/site-packages/airflow/example_dags/example_setup_teardown.py
[2025-11-16T20:25:37.407+0000] {logging_mixin.py:188} INFO - [2025-11-16T20:25:37.407+0000] {dag.py:3036} INFO - Sync 1 DAGs
[2025-11-16T20:25:37.433+0000] {logging_mixin.py:188} INFO - [2025-11-16T20:25:37.433+0000] {dag.py:3823} INFO - Setting next_dagrun for example_setup_teardown to 2025-11-15 00:00:00+00:00, run_after=2025-11-16 00:00:00+00:00
[2025-11-16T20:25:37.456+0000] {processor.py:183} INFO - Processing /home/airflow/.local/lib/python3.8/site-packages/airflow/example_dags/example_setup_teardown.py took 0.093 seconds
[2025-11-16T20:26:08.049+0000] {processor.py:161} INFO - Started process (PID=1080) to work on /home/airflow/.local/lib/python3.8/site-packages/airflow/example_dags/example_setup_teardown.py
[2025-11-16T20:26:08.050+0000] {processor.py:830} INFO - Processing file /home/airflow/.local/lib/python3.8/site-packages/airflow/example_dags/example_setup_teardown.py for tasks to queue
[2025-11-16T20:26:08.051+0000] {logging_mixin.py:188} INFO - [2025-11-16T20:26:08.051+0000] {dagbag.py:538} INFO - Filling up the DagBag from /home/airflow/.local/lib/python3.8/site-packages/airflow/example_dags/example_setup_teardown.py
[2025-11-16T20:26:08.059+0000] {processor.py:840} INFO - DAG(s) 'example_setup_teardown' retrieved from /home/airflow/.local/lib/python3.8/site-packages/airflow/example_dags/example_setup_teardown.py
[2025-11-16T20:26:08.086+0000] {logging_mixin.py:188} INFO - [2025-11-16T20:26:08.086+0000] {dag.py:3036} INFO - Sync 1 DAGs
[2025-11-16T20:26:08.110+0000] {logging_mixin.py:188} INFO - [2025-11-16T20:26:08.110+0000] {dag.py:3823} INFO - Setting next_dagrun for example_setup_teardown to 2025-11-15 00:00:00+00:00, run_after=2025-11-16 00:00:00+00:00
[2025-11-16T20:26:08.134+0000] {processor.py:183} INFO - Processing /home/airflow/.local/lib/python3.8/site-packages/airflow/example_dags/example_setup_teardown.py took 0.088 seconds
[2025-11-16T20:26:38.342+0000] {processor.py:161} INFO - Started process (PID=1168) to work on /home/airflow/.local/lib/python3.8/site-packages/airflow/example_dags/example_setup_teardown.py
[2025-11-16T20:26:38.343+0000] {processor.py:830} INFO - Processing file /home/airflow/.local/lib/python3.8/site-packages/airflow/example_dags/example_setup_teardown.py for tasks to queue
[2025-11-16T20:26:38.344+0000] {logging_mixin.py:188} INFO - [2025-11-16T20:26:38.344+0000] {dagbag.py:538} INFO - Filling up the DagBag from /home/airflow/.local/lib/python3.8/site-packages/airflow/example_dags/example_setup_teardown.py
[2025-11-16T20:26:38.351+0000] {processor.py:840} INFO - DAG(s) 'example_setup_teardown' retrieved from /home/airflow/.local/lib/python3.8/site-packages/airflow/example_dags/example_setup_teardown.py
[2025-11-16T20:26:38.381+0000] {logging_mixin.py:188} INFO - [2025-11-16T20:26:38.381+0000] {dag.py:3036} INFO - Sync 1 DAGs
[2025-11-16T20:26:38.406+0000] {logging_mixin.py:188} INFO - [2025-11-16T20:26:38.405+0000] {dag.py:3823} INFO - Setting next_dagrun for example_setup_teardown to 2025-11-15 00:00:00+00:00, run_after=2025-11-16 00:00:00+00:00
[2025-11-16T20:26:38.430+0000] {processor.py:183} INFO - Processing /home/airflow/.local/lib/python3.8/site-packages/airflow/example_dags/example_setup_teardown.py took 0.092 seconds
[2025-11-16T20:27:08.844+0000] {processor.py:161} INFO - Started process (PID=1249) to work on /home/airflow/.local/lib/python3.8/site-packages/airflow/example_dags/example_setup_teardown.py
[2025-11-16T20:27:08.845+0000] {processor.py:830} INFO - Processing file /home/airflow/.local/lib/python3.8/site-packages/airflow/example_dags/example_setup_teardown.py for tasks to queue
[2025-11-16T20:27:08.846+0000] {logging_mixin.py:188} INFO - [2025-11-16T20:27:08.846+0000] {dagbag.py:538} INFO - Filling up the DagBag from /home/airflow/.local/lib/python3.8/site-packages/airflow/example_dags/example_setup_teardown.py
[2025-11-16T20:27:08.853+0000] {processor.py:840} INFO - DAG(s) 'example_setup_teardown' retrieved from /home/airflow/.local/lib/python3.8/site-packages/airflow/example_dags/example_setup_teardown.py
[2025-11-16T20:27:08.877+0000] {logging_mixin.py:188} INFO - [2025-11-16T20:27:08.877+0000] {dag.py:3036} INFO - Sync 1 DAGs
[2025-11-16T20:27:08.898+0000] {logging_mixin.py:188} INFO - [2025-11-16T20:27:08.898+0000] {dag.py:3823} INFO - Setting next_dagrun for example_setup_teardown to 2025-11-15 00:00:00+00:00, run_after=2025-11-16 00:00:00+00:00
[2025-11-16T20:27:08.923+0000] {processor.py:183} INFO - Processing /home/airflow/.local/lib/python3.8/site-packages/airflow/example_dags/example_setup_teardown.py took 0.081 seconds
[2025-11-16T20:27:39.140+0000] {processor.py:161} INFO - Started process (PID=1346) to work on /home/airflow/.local/lib/python3.8/site-packages/airflow/example_dags/example_setup_teardown.py
[2025-11-16T20:27:39.141+0000] {processor.py:830} INFO - Processing file /home/airflow/.local/lib/python3.8/site-packages/airflow/example_dags/example_setup_teardown.py for tasks to queue
[2025-11-16T20:27:39.142+0000] {logging_mixin.py:188} INFO - [2025-11-16T20:27:39.141+0000] {dagbag.py:538} INFO - Filling up the DagBag from /home/airflow/.local/lib/python3.8/site-packages/airflow/example_dags/example_setup_teardown.py
[2025-11-16T20:27:39.148+0000] {processor.py:840} INFO - DAG(s) 'example_setup_teardown' retrieved from /home/airflow/.local/lib/python3.8/site-packages/airflow/example_dags/example_setup_teardown.py
[2025-11-16T20:27:39.172+0000] {logging_mixin.py:188} INFO - [2025-11-16T20:27:39.172+0000] {dag.py:3036} INFO - Sync 1 DAGs
[2025-11-16T20:27:39.193+0000] {logging_mixin.py:188} INFO - [2025-11-16T20:27:39.193+0000] {dag.py:3823} INFO - Setting next_dagrun for example_setup_teardown to 2025-11-15 00:00:00+00:00, run_after=2025-11-16 00:00:00+00:00
[2025-11-16T20:27:39.216+0000] {processor.py:183} INFO - Processing /home/airflow/.local/lib/python3.8/site-packages/airflow/example_dags/example_setup_teardown.py took 0.079 seconds
[2025-11-16T20:28:09.467+0000] {processor.py:161} INFO - Started process (PID=1427) to work on /home/airflow/.local/lib/python3.8/site-packages/airflow/example_dags/example_setup_teardown.py
[2025-11-16T20:28:09.468+0000] {processor.py:830} INFO - Processing file /home/airflow/.local/lib/python3.8/site-packages/airflow/example_dags/example_setup_teardown.py for tasks to queue
[2025-11-16T20:28:09.470+0000] {logging_mixin.py:188} INFO - [2025-11-16T20:28:09.469+0000] {dagbag.py:538} INFO - Filling up the DagBag from /home/airflow/.local/lib/python3.8/site-packages/airflow/example_dags/example_setup_teardown.py
[2025-11-16T20:28:09.481+0000] {processor.py:840} INFO - DAG(s) 'example_setup_teardown' retrieved from /home/airflow/.local/lib/python3.8/site-packages/airflow/example_dags/example_setup_teardown.py
[2025-11-16T20:28:09.514+0000] {logging_mixin.py:188} INFO - [2025-11-16T20:28:09.514+0000] {dag.py:3036} INFO - Sync 1 DAGs
[2025-11-16T20:28:09.581+0000] {logging_mixin.py:188} INFO - [2025-11-16T20:28:09.581+0000] {dag.py:3823} INFO - Setting next_dagrun for example_setup_teardown to 2025-11-15 00:00:00+00:00, run_after=2025-11-16 00:00:00+00:00
[2025-11-16T20:28:09.648+0000] {processor.py:183} INFO - Processing /home/airflow/.local/lib/python3.8/site-packages/airflow/example_dags/example_setup_teardown.py took 0.186 seconds
[2025-11-16T20:28:39.815+0000] {processor.py:161} INFO - Started process (PID=1523) to work on /home/airflow/.local/lib/python3.8/site-packages/airflow/example_dags/example_setup_teardown.py
[2025-11-16T20:28:39.817+0000] {processor.py:830} INFO - Processing file /home/airflow/.local/lib/python3.8/site-packages/airflow/example_dags/example_setup_teardown.py for tasks to queue
[2025-11-16T20:28:39.820+0000] {logging_mixin.py:188} INFO - [2025-11-16T20:28:39.820+0000] {dagbag.py:538} INFO - Filling up the DagBag from /home/airflow/.local/lib/python3.8/site-packages/airflow/example_dags/example_setup_teardown.py
[2025-11-16T20:28:39.829+0000] {processor.py:840} INFO - DAG(s) 'example_setup_teardown' retrieved from /home/airflow/.local/lib/python3.8/site-packages/airflow/example_dags/example_setup_teardown.py
[2025-11-16T20:28:39.865+0000] {logging_mixin.py:188} INFO - [2025-11-16T20:28:39.865+0000] {dag.py:3036} INFO - Sync 1 DAGs
[2025-11-16T20:28:39.904+0000] {logging_mixin.py:188} INFO - [2025-11-16T20:28:39.903+0000] {dag.py:3823} INFO - Setting next_dagrun for example_setup_teardown to 2025-11-15 00:00:00+00:00, run_after=2025-11-16 00:00:00+00:00
[2025-11-16T20:28:39.948+0000] {processor.py:183} INFO - Processing /home/airflow/.local/lib/python3.8/site-packages/airflow/example_dags/example_setup_teardown.py took 0.135 seconds
[2025-11-16T20:29:10.699+0000] {processor.py:161} INFO - Started process (PID=1604) to work on /home/airflow/.local/lib/python3.8/site-packages/airflow/example_dags/example_setup_teardown.py
[2025-11-16T20:29:10.700+0000] {processor.py:830} INFO - Processing file /home/airflow/.local/lib/python3.8/site-packages/airflow/example_dags/example_setup_teardown.py for tasks to queue
[2025-11-16T20:29:10.700+0000] {logging_mixin.py:188} INFO - [2025-11-16T20:29:10.700+0000] {dagbag.py:538} INFO - Filling up the DagBag from /home/airflow/.local/lib/python3.8/site-packages/airflow/example_dags/example_setup_teardown.py
[2025-11-16T20:29:10.708+0000] {processor.py:840} INFO - DAG(s) 'example_setup_teardown' retrieved from /home/airflow/.local/lib/python3.8/site-packages/airflow/example_dags/example_setup_teardown.py
[2025-11-16T20:29:10.740+0000] {logging_mixin.py:188} INFO - [2025-11-16T20:29:10.739+0000] {dag.py:3036} INFO - Sync 1 DAGs
[2025-11-16T20:29:10.767+0000] {logging_mixin.py:188} INFO - [2025-11-16T20:29:10.766+0000] {dag.py:3823} INFO - Setting next_dagrun for example_setup_teardown to 2025-11-15 00:00:00+00:00, run_after=2025-11-16 00:00:00+00:00
[2025-11-16T20:29:10.790+0000] {processor.py:183} INFO - Processing /home/airflow/.local/lib/python3.8/site-packages/airflow/example_dags/example_setup_teardown.py took 0.094 seconds
[2025-11-16T20:29:42.613+0000] {processor.py:161} INFO - Started process (PID=1679) to work on /home/airflow/.local/lib/python3.8/site-packages/airflow/example_dags/example_setup_teardown.py
[2025-11-16T20:29:42.614+0000] {processor.py:830} INFO - Processing file /home/airflow/.local/lib/python3.8/site-packages/airflow/example_dags/example_setup_teardown.py for tasks to queue
[2025-11-16T20:29:42.616+0000] {logging_mixin.py:188} INFO - [2025-11-16T20:29:42.615+0000] {dagbag.py:538} INFO - Filling up the DagBag from /home/airflow/.local/lib/python3.8/site-packages/airflow/example_dags/example_setup_teardown.py
[2025-11-16T20:29:43.036+0000] {processor.py:840} INFO - DAG(s) 'example_setup_teardown' retrieved from /home/airflow/.local/lib/python3.8/site-packages/airflow/example_dags/example_setup_teardown.py
[2025-11-16T20:29:43.159+0000] {logging_mixin.py:188} INFO - [2025-11-16T20:29:43.158+0000] {dag.py:3036} INFO - Sync 1 DAGs
[2025-11-16T20:29:43.217+0000] {logging_mixin.py:188} INFO - [2025-11-16T20:29:43.215+0000] {dag.py:3823} INFO - Setting next_dagrun for example_setup_teardown to 2025-11-15 00:00:00+00:00, run_after=2025-11-16 00:00:00+00:00
[2025-11-16T20:29:44.190+0000] {processor.py:183} INFO - Processing /home/airflow/.local/lib/python3.8/site-packages/airflow/example_dags/example_setup_teardown.py took 1.581 seconds
[2025-11-16T20:30:14.809+0000] {processor.py:161} INFO - Started process (PID=1760) to work on /home/airflow/.local/lib/python3.8/site-packages/airflow/example_dags/example_setup_teardown.py
[2025-11-16T20:30:14.810+0000] {processor.py:830} INFO - Processing file /home/airflow/.local/lib/python3.8/site-packages/airflow/example_dags/example_setup_teardown.py for tasks to queue
[2025-11-16T20:30:14.811+0000] {logging_mixin.py:188} INFO - [2025-11-16T20:30:14.811+0000] {dagbag.py:538} INFO - Filling up the DagBag from /home/airflow/.local/lib/python3.8/site-packages/airflow/example_dags/example_setup_teardown.py
[2025-11-16T20:30:14.824+0000] {processor.py:840} INFO - DAG(s) 'example_setup_teardown' retrieved from /home/airflow/.local/lib/python3.8/site-packages/airflow/example_dags/example_setup_teardown.py
[2025-11-16T20:30:14.866+0000] {logging_mixin.py:188} INFO - [2025-11-16T20:30:14.866+0000] {dag.py:3036} INFO - Sync 1 DAGs
[2025-11-16T20:30:14.903+0000] {logging_mixin.py:188} INFO - [2025-11-16T20:30:14.902+0000] {dag.py:3823} INFO - Setting next_dagrun for example_setup_teardown to 2025-11-15 00:00:00+00:00, run_after=2025-11-16 00:00:00+00:00
[2025-11-16T20:30:14.943+0000] {processor.py:183} INFO - Processing /home/airflow/.local/lib/python3.8/site-packages/airflow/example_dags/example_setup_teardown.py took 0.140 seconds
[2025-11-16T20:30:50.166+0000] {processor.py:161} INFO - Started process (PID=1843) to work on /home/airflow/.local/lib/python3.8/site-packages/airflow/example_dags/example_setup_teardown.py
[2025-11-16T20:30:50.168+0000] {processor.py:830} INFO - Processing file /home/airflow/.local/lib/python3.8/site-packages/airflow/example_dags/example_setup_teardown.py for tasks to queue
[2025-11-16T20:30:50.169+0000] {logging_mixin.py:188} INFO - [2025-11-16T20:30:50.169+0000] {dagbag.py:538} INFO - Filling up the DagBag from /home/airflow/.local/lib/python3.8/site-packages/airflow/example_dags/example_setup_teardown.py
[2025-11-16T20:30:50.303+0000] {processor.py:840} INFO - DAG(s) 'example_setup_teardown' retrieved from /home/airflow/.local/lib/python3.8/site-packages/airflow/example_dags/example_setup_teardown.py
[2025-11-16T20:30:50.342+0000] {logging_mixin.py:188} INFO - [2025-11-16T20:30:50.342+0000] {dag.py:3036} INFO - Sync 1 DAGs
[2025-11-16T20:30:50.368+0000] {logging_mixin.py:188} INFO - [2025-11-16T20:30:50.368+0000] {dag.py:3823} INFO - Setting next_dagrun for example_setup_teardown to 2025-11-15 00:00:00+00:00, run_after=2025-11-16 00:00:00+00:00
[2025-11-16T20:30:50.809+0000] {processor.py:183} INFO - Processing /home/airflow/.local/lib/python3.8/site-packages/airflow/example_dags/example_setup_teardown.py took 0.648 seconds
[2025-11-16T20:31:21.451+0000] {processor.py:161} INFO - Started process (PID=1924) to work on /home/airflow/.local/lib/python3.8/site-packages/airflow/example_dags/example_setup_teardown.py
[2025-11-16T20:31:21.452+0000] {processor.py:830} INFO - Processing file /home/airflow/.local/lib/python3.8/site-packages/airflow/example_dags/example_setup_teardown.py for tasks to queue
[2025-11-16T20:31:21.454+0000] {logging_mixin.py:188} INFO - [2025-11-16T20:31:21.453+0000] {dagbag.py:538} INFO - Filling up the DagBag from /home/airflow/.local/lib/python3.8/site-packages/airflow/example_dags/example_setup_teardown.py
[2025-11-16T20:31:21.463+0000] {processor.py:840} INFO - DAG(s) 'example_setup_teardown' retrieved from /home/airflow/.local/lib/python3.8/site-packages/airflow/example_dags/example_setup_teardown.py
[2025-11-16T20:31:21.493+0000] {logging_mixin.py:188} INFO - [2025-11-16T20:31:21.492+0000] {dag.py:3036} INFO - Sync 1 DAGs
[2025-11-16T20:31:21.521+0000] {logging_mixin.py:188} INFO - [2025-11-16T20:31:21.521+0000] {dag.py:3823} INFO - Setting next_dagrun for example_setup_teardown to 2025-11-15 00:00:00+00:00, run_after=2025-11-16 00:00:00+00:00
[2025-11-16T20:31:21.552+0000] {processor.py:183} INFO - Processing /home/airflow/.local/lib/python3.8/site-packages/airflow/example_dags/example_setup_teardown.py took 0.106 seconds
[2025-11-16T20:31:52.290+0000] {processor.py:161} INFO - Started process (PID=2008) to work on /home/airflow/.local/lib/python3.8/site-packages/airflow/example_dags/example_setup_teardown.py
[2025-11-16T20:31:52.291+0000] {processor.py:830} INFO - Processing file /home/airflow/.local/lib/python3.8/site-packages/airflow/example_dags/example_setup_teardown.py for tasks to queue
[2025-11-16T20:31:52.292+0000] {logging_mixin.py:188} INFO - [2025-11-16T20:31:52.292+0000] {dagbag.py:538} INFO - Filling up the DagBag from /home/airflow/.local/lib/python3.8/site-packages/airflow/example_dags/example_setup_teardown.py
[2025-11-16T20:31:52.303+0000] {processor.py:840} INFO - DAG(s) 'example_setup_teardown' retrieved from /home/airflow/.local/lib/python3.8/site-packages/airflow/example_dags/example_setup_teardown.py
[2025-11-16T20:31:52.335+0000] {logging_mixin.py:188} INFO - [2025-11-16T20:31:52.335+0000] {dag.py:3036} INFO - Sync 1 DAGs
[2025-11-16T20:31:52.366+0000] {logging_mixin.py:188} INFO - [2025-11-16T20:31:52.365+0000] {dag.py:3823} INFO - Setting next_dagrun for example_setup_teardown to 2025-11-15 00:00:00+00:00, run_after=2025-11-16 00:00:00+00:00
[2025-11-16T20:31:52.398+0000] {processor.py:183} INFO - Processing /home/airflow/.local/lib/python3.8/site-packages/airflow/example_dags/example_setup_teardown.py took 0.111 seconds
[2025-11-16T20:32:22.581+0000] {processor.py:161} INFO - Started process (PID=2096) to work on /home/airflow/.local/lib/python3.8/site-packages/airflow/example_dags/example_setup_teardown.py
[2025-11-16T20:32:22.585+0000] {processor.py:830} INFO - Processing file /home/airflow/.local/lib/python3.8/site-packages/airflow/example_dags/example_setup_teardown.py for tasks to queue
[2025-11-16T20:32:22.586+0000] {logging_mixin.py:188} INFO - [2025-11-16T20:32:22.586+0000] {dagbag.py:538} INFO - Filling up the DagBag from /home/airflow/.local/lib/python3.8/site-packages/airflow/example_dags/example_setup_teardown.py
[2025-11-16T20:32:22.600+0000] {processor.py:840} INFO - DAG(s) 'example_setup_teardown' retrieved from /home/airflow/.local/lib/python3.8/site-packages/airflow/example_dags/example_setup_teardown.py
[2025-11-16T20:32:22.651+0000] {logging_mixin.py:188} INFO - [2025-11-16T20:32:22.649+0000] {dag.py:3036} INFO - Sync 1 DAGs
[2025-11-16T20:32:22.705+0000] {logging_mixin.py:188} INFO - [2025-11-16T20:32:22.704+0000] {dag.py:3823} INFO - Setting next_dagrun for example_setup_teardown to 2025-11-15 00:00:00+00:00, run_after=2025-11-16 00:00:00+00:00
[2025-11-16T20:32:22.747+0000] {processor.py:183} INFO - Processing /home/airflow/.local/lib/python3.8/site-packages/airflow/example_dags/example_setup_teardown.py took 0.170 seconds
[2025-11-16T20:32:52.967+0000] {processor.py:161} INFO - Started process (PID=2155) to work on /home/airflow/.local/lib/python3.8/site-packages/airflow/example_dags/example_setup_teardown.py
[2025-11-16T20:32:52.968+0000] {processor.py:830} INFO - Processing file /home/airflow/.local/lib/python3.8/site-packages/airflow/example_dags/example_setup_teardown.py for tasks to queue
[2025-11-16T20:32:52.970+0000] {logging_mixin.py:188} INFO - [2025-11-16T20:32:52.969+0000] {dagbag.py:538} INFO - Filling up the DagBag from /home/airflow/.local/lib/python3.8/site-packages/airflow/example_dags/example_setup_teardown.py
[2025-11-16T20:32:52.981+0000] {processor.py:840} INFO - DAG(s) 'example_setup_teardown' retrieved from /home/airflow/.local/lib/python3.8/site-packages/airflow/example_dags/example_setup_teardown.py
[2025-11-16T20:32:53.015+0000] {logging_mixin.py:188} INFO - [2025-11-16T20:32:53.015+0000] {dag.py:3036} INFO - Sync 1 DAGs
[2025-11-16T20:32:53.046+0000] {logging_mixin.py:188} INFO - [2025-11-16T20:32:53.046+0000] {dag.py:3823} INFO - Setting next_dagrun for example_setup_teardown to 2025-11-15 00:00:00+00:00, run_after=2025-11-16 00:00:00+00:00
[2025-11-16T20:32:53.079+0000] {processor.py:183} INFO - Processing /home/airflow/.local/lib/python3.8/site-packages/airflow/example_dags/example_setup_teardown.py took 0.118 seconds
[2025-11-16T20:33:23.512+0000] {processor.py:161} INFO - Started process (PID=2244) to work on /home/airflow/.local/lib/python3.8/site-packages/airflow/example_dags/example_setup_teardown.py
[2025-11-16T20:33:23.513+0000] {processor.py:830} INFO - Processing file /home/airflow/.local/lib/python3.8/site-packages/airflow/example_dags/example_setup_teardown.py for tasks to queue
[2025-11-16T20:33:23.515+0000] {logging_mixin.py:188} INFO - [2025-11-16T20:33:23.514+0000] {dagbag.py:538} INFO - Filling up the DagBag from /home/airflow/.local/lib/python3.8/site-packages/airflow/example_dags/example_setup_teardown.py
[2025-11-16T20:33:23.529+0000] {processor.py:840} INFO - DAG(s) 'example_setup_teardown' retrieved from /home/airflow/.local/lib/python3.8/site-packages/airflow/example_dags/example_setup_teardown.py
[2025-11-16T20:33:23.569+0000] {logging_mixin.py:188} INFO - [2025-11-16T20:33:23.569+0000] {dag.py:3036} INFO - Sync 1 DAGs
[2025-11-16T20:33:23.599+0000] {logging_mixin.py:188} INFO - [2025-11-16T20:33:23.599+0000] {dag.py:3823} INFO - Setting next_dagrun for example_setup_teardown to 2025-11-15 00:00:00+00:00, run_after=2025-11-16 00:00:00+00:00
[2025-11-16T20:33:23.626+0000] {processor.py:183} INFO - Processing /home/airflow/.local/lib/python3.8/site-packages/airflow/example_dags/example_setup_teardown.py took 0.117 seconds
[2025-11-16T20:33:53.736+0000] {processor.py:161} INFO - Started process (PID=2332) to work on /home/airflow/.local/lib/python3.8/site-packages/airflow/example_dags/example_setup_teardown.py
[2025-11-16T20:33:53.737+0000] {processor.py:830} INFO - Processing file /home/airflow/.local/lib/python3.8/site-packages/airflow/example_dags/example_setup_teardown.py for tasks to queue
[2025-11-16T20:33:53.738+0000] {logging_mixin.py:188} INFO - [2025-11-16T20:33:53.738+0000] {dagbag.py:538} INFO - Filling up the DagBag from /home/airflow/.local/lib/python3.8/site-packages/airflow/example_dags/example_setup_teardown.py
[2025-11-16T20:33:53.745+0000] {processor.py:840} INFO - DAG(s) 'example_setup_teardown' retrieved from /home/airflow/.local/lib/python3.8/site-packages/airflow/example_dags/example_setup_teardown.py
[2025-11-16T20:33:53.769+0000] {logging_mixin.py:188} INFO - [2025-11-16T20:33:53.769+0000] {dag.py:3036} INFO - Sync 1 DAGs
[2025-11-16T20:33:53.907+0000] {logging_mixin.py:188} INFO - [2025-11-16T20:33:53.907+0000] {dag.py:3823} INFO - Setting next_dagrun for example_setup_teardown to 2025-11-15 00:00:00+00:00, run_after=2025-11-16 00:00:00+00:00
[2025-11-16T20:33:53.929+0000] {processor.py:183} INFO - Processing /home/airflow/.local/lib/python3.8/site-packages/airflow/example_dags/example_setup_teardown.py took 0.196 seconds
[2025-11-16T20:34:24.247+0000] {processor.py:161} INFO - Started process (PID=2414) to work on /home/airflow/.local/lib/python3.8/site-packages/airflow/example_dags/example_setup_teardown.py
[2025-11-16T20:34:24.248+0000] {processor.py:830} INFO - Processing file /home/airflow/.local/lib/python3.8/site-packages/airflow/example_dags/example_setup_teardown.py for tasks to queue
[2025-11-16T20:34:24.250+0000] {logging_mixin.py:188} INFO - [2025-11-16T20:34:24.249+0000] {dagbag.py:538} INFO - Filling up the DagBag from /home/airflow/.local/lib/python3.8/site-packages/airflow/example_dags/example_setup_teardown.py
[2025-11-16T20:34:24.256+0000] {processor.py:840} INFO - DAG(s) 'example_setup_teardown' retrieved from /home/airflow/.local/lib/python3.8/site-packages/airflow/example_dags/example_setup_teardown.py
[2025-11-16T20:34:24.280+0000] {logging_mixin.py:188} INFO - [2025-11-16T20:34:24.280+0000] {dag.py:3036} INFO - Sync 1 DAGs
[2025-11-16T20:34:24.304+0000] {logging_mixin.py:188} INFO - [2025-11-16T20:34:24.304+0000] {dag.py:3823} INFO - Setting next_dagrun for example_setup_teardown to 2025-11-15 00:00:00+00:00, run_after=2025-11-16 00:00:00+00:00
[2025-11-16T20:34:24.328+0000] {processor.py:183} INFO - Processing /home/airflow/.local/lib/python3.8/site-packages/airflow/example_dags/example_setup_teardown.py took 0.084 seconds
[2025-11-16T20:34:55.206+0000] {processor.py:161} INFO - Started process (PID=2510) to work on /home/airflow/.local/lib/python3.8/site-packages/airflow/example_dags/example_setup_teardown.py
[2025-11-16T20:34:55.207+0000] {processor.py:830} INFO - Processing file /home/airflow/.local/lib/python3.8/site-packages/airflow/example_dags/example_setup_teardown.py for tasks to queue
[2025-11-16T20:34:55.208+0000] {logging_mixin.py:188} INFO - [2025-11-16T20:34:55.208+0000] {dagbag.py:538} INFO - Filling up the DagBag from /home/airflow/.local/lib/python3.8/site-packages/airflow/example_dags/example_setup_teardown.py
[2025-11-16T20:34:55.220+0000] {processor.py:840} INFO - DAG(s) 'example_setup_teardown' retrieved from /home/airflow/.local/lib/python3.8/site-packages/airflow/example_dags/example_setup_teardown.py
[2025-11-16T20:34:55.258+0000] {logging_mixin.py:188} INFO - [2025-11-16T20:34:55.258+0000] {dag.py:3036} INFO - Sync 1 DAGs
[2025-11-16T20:34:55.296+0000] {logging_mixin.py:188} INFO - [2025-11-16T20:34:55.295+0000] {dag.py:3823} INFO - Setting next_dagrun for example_setup_teardown to 2025-11-15 00:00:00+00:00, run_after=2025-11-16 00:00:00+00:00
[2025-11-16T20:34:55.325+0000] {processor.py:183} INFO - Processing /home/airflow/.local/lib/python3.8/site-packages/airflow/example_dags/example_setup_teardown.py took 0.122 seconds
[2025-11-16T20:35:25.553+0000] {processor.py:161} INFO - Started process (PID=2591) to work on /home/airflow/.local/lib/python3.8/site-packages/airflow/example_dags/example_setup_teardown.py
[2025-11-16T20:35:25.554+0000] {processor.py:830} INFO - Processing file /home/airflow/.local/lib/python3.8/site-packages/airflow/example_dags/example_setup_teardown.py for tasks to queue
[2025-11-16T20:35:25.556+0000] {logging_mixin.py:188} INFO - [2025-11-16T20:35:25.555+0000] {dagbag.py:538} INFO - Filling up the DagBag from /home/airflow/.local/lib/python3.8/site-packages/airflow/example_dags/example_setup_teardown.py
[2025-11-16T20:35:25.567+0000] {processor.py:840} INFO - DAG(s) 'example_setup_teardown' retrieved from /home/airflow/.local/lib/python3.8/site-packages/airflow/example_dags/example_setup_teardown.py
[2025-11-16T20:35:25.616+0000] {logging_mixin.py:188} INFO - [2025-11-16T20:35:25.614+0000] {dag.py:3036} INFO - Sync 1 DAGs
[2025-11-16T20:35:25.651+0000] {logging_mixin.py:188} INFO - [2025-11-16T20:35:25.651+0000] {dag.py:3823} INFO - Setting next_dagrun for example_setup_teardown to 2025-11-15 00:00:00+00:00, run_after=2025-11-16 00:00:00+00:00
[2025-11-16T20:35:25.688+0000] {processor.py:183} INFO - Processing /home/airflow/.local/lib/python3.8/site-packages/airflow/example_dags/example_setup_teardown.py took 0.142 seconds
[2025-11-16T20:35:56.016+0000] {processor.py:161} INFO - Started process (PID=2672) to work on /home/airflow/.local/lib/python3.8/site-packages/airflow/example_dags/example_setup_teardown.py
[2025-11-16T20:35:56.017+0000] {processor.py:830} INFO - Processing file /home/airflow/.local/lib/python3.8/site-packages/airflow/example_dags/example_setup_teardown.py for tasks to queue
[2025-11-16T20:35:56.019+0000] {logging_mixin.py:188} INFO - [2025-11-16T20:35:56.019+0000] {dagbag.py:538} INFO - Filling up the DagBag from /home/airflow/.local/lib/python3.8/site-packages/airflow/example_dags/example_setup_teardown.py
[2025-11-16T20:35:56.039+0000] {processor.py:840} INFO - DAG(s) 'example_setup_teardown' retrieved from /home/airflow/.local/lib/python3.8/site-packages/airflow/example_dags/example_setup_teardown.py
[2025-11-16T20:35:56.127+0000] {logging_mixin.py:188} INFO - [2025-11-16T20:35:56.127+0000] {dag.py:3036} INFO - Sync 1 DAGs
[2025-11-16T20:35:56.210+0000] {logging_mixin.py:188} INFO - [2025-11-16T20:35:56.210+0000] {dag.py:3823} INFO - Setting next_dagrun for example_setup_teardown to 2025-11-15 00:00:00+00:00, run_after=2025-11-16 00:00:00+00:00
[2025-11-16T20:35:56.277+0000] {processor.py:183} INFO - Processing /home/airflow/.local/lib/python3.8/site-packages/airflow/example_dags/example_setup_teardown.py took 0.274 seconds
[2025-11-16T20:36:26.779+0000] {processor.py:161} INFO - Started process (PID=2755) to work on /home/airflow/.local/lib/python3.8/site-packages/airflow/example_dags/example_setup_teardown.py
[2025-11-16T20:36:26.783+0000] {processor.py:830} INFO - Processing file /home/airflow/.local/lib/python3.8/site-packages/airflow/example_dags/example_setup_teardown.py for tasks to queue
[2025-11-16T20:36:26.784+0000] {logging_mixin.py:188} INFO - [2025-11-16T20:36:26.783+0000] {dagbag.py:538} INFO - Filling up the DagBag from /home/airflow/.local/lib/python3.8/site-packages/airflow/example_dags/example_setup_teardown.py
[2025-11-16T20:36:26.794+0000] {processor.py:840} INFO - DAG(s) 'example_setup_teardown' retrieved from /home/airflow/.local/lib/python3.8/site-packages/airflow/example_dags/example_setup_teardown.py
[2025-11-16T20:36:26.823+0000] {logging_mixin.py:188} INFO - [2025-11-16T20:36:26.822+0000] {dag.py:3036} INFO - Sync 1 DAGs
[2025-11-16T20:36:26.851+0000] {logging_mixin.py:188} INFO - [2025-11-16T20:36:26.851+0000] {dag.py:3823} INFO - Setting next_dagrun for example_setup_teardown to 2025-11-15 00:00:00+00:00, run_after=2025-11-16 00:00:00+00:00
[2025-11-16T20:36:26.884+0000] {processor.py:183} INFO - Processing /home/airflow/.local/lib/python3.8/site-packages/airflow/example_dags/example_setup_teardown.py took 0.108 seconds
[2025-11-16T20:36:57.564+0000] {processor.py:161} INFO - Started process (PID=2835) to work on /home/airflow/.local/lib/python3.8/site-packages/airflow/example_dags/example_setup_teardown.py
[2025-11-16T20:36:57.565+0000] {processor.py:830} INFO - Processing file /home/airflow/.local/lib/python3.8/site-packages/airflow/example_dags/example_setup_teardown.py for tasks to queue
[2025-11-16T20:36:57.566+0000] {logging_mixin.py:188} INFO - [2025-11-16T20:36:57.566+0000] {dagbag.py:538} INFO - Filling up the DagBag from /home/airflow/.local/lib/python3.8/site-packages/airflow/example_dags/example_setup_teardown.py
[2025-11-16T20:36:57.584+0000] {processor.py:840} INFO - DAG(s) 'example_setup_teardown' retrieved from /home/airflow/.local/lib/python3.8/site-packages/airflow/example_dags/example_setup_teardown.py
[2025-11-16T20:36:57.630+0000] {logging_mixin.py:188} INFO - [2025-11-16T20:36:57.630+0000] {dag.py:3036} INFO - Sync 1 DAGs
[2025-11-16T20:36:57.675+0000] {logging_mixin.py:188} INFO - [2025-11-16T20:36:57.674+0000] {dag.py:3823} INFO - Setting next_dagrun for example_setup_teardown to 2025-11-15 00:00:00+00:00, run_after=2025-11-16 00:00:00+00:00
[2025-11-16T20:36:57.726+0000] {processor.py:183} INFO - Processing /home/airflow/.local/lib/python3.8/site-packages/airflow/example_dags/example_setup_teardown.py took 0.168 seconds
[2025-11-16T20:37:33.627+0000] {processor.py:161} INFO - Started process (PID=2894) to work on /home/airflow/.local/lib/python3.8/site-packages/airflow/example_dags/example_setup_teardown.py
[2025-11-16T20:37:33.628+0000] {processor.py:830} INFO - Processing file /home/airflow/.local/lib/python3.8/site-packages/airflow/example_dags/example_setup_teardown.py for tasks to queue
[2025-11-16T20:37:33.630+0000] {logging_mixin.py:188} INFO - [2025-11-16T20:37:33.629+0000] {dagbag.py:538} INFO - Filling up the DagBag from /home/airflow/.local/lib/python3.8/site-packages/airflow/example_dags/example_setup_teardown.py
[2025-11-16T20:37:33.642+0000] {processor.py:840} INFO - DAG(s) 'example_setup_teardown' retrieved from /home/airflow/.local/lib/python3.8/site-packages/airflow/example_dags/example_setup_teardown.py
[2025-11-16T20:37:33.676+0000] {logging_mixin.py:188} INFO - [2025-11-16T20:37:33.676+0000] {dag.py:3036} INFO - Sync 1 DAGs
[2025-11-16T20:37:33.718+0000] {logging_mixin.py:188} INFO - [2025-11-16T20:37:33.718+0000] {dag.py:3823} INFO - Setting next_dagrun for example_setup_teardown to 2025-11-15 00:00:00+00:00, run_after=2025-11-16 00:00:00+00:00
[2025-11-16T20:37:33.754+0000] {processor.py:183} INFO - Processing /home/airflow/.local/lib/python3.8/site-packages/airflow/example_dags/example_setup_teardown.py took 0.134 seconds
[2025-11-16T20:38:04.245+0000] {processor.py:161} INFO - Started process (PID=2975) to work on /home/airflow/.local/lib/python3.8/site-packages/airflow/example_dags/example_setup_teardown.py
[2025-11-16T20:38:04.247+0000] {processor.py:830} INFO - Processing file /home/airflow/.local/lib/python3.8/site-packages/airflow/example_dags/example_setup_teardown.py for tasks to queue
[2025-11-16T20:38:04.251+0000] {logging_mixin.py:188} INFO - [2025-11-16T20:38:04.250+0000] {dagbag.py:538} INFO - Filling up the DagBag from /home/airflow/.local/lib/python3.8/site-packages/airflow/example_dags/example_setup_teardown.py
[2025-11-16T20:38:04.263+0000] {processor.py:840} INFO - DAG(s) 'example_setup_teardown' retrieved from /home/airflow/.local/lib/python3.8/site-packages/airflow/example_dags/example_setup_teardown.py
[2025-11-16T20:38:04.299+0000] {logging_mixin.py:188} INFO - [2025-11-16T20:38:04.299+0000] {dag.py:3036} INFO - Sync 1 DAGs
[2025-11-16T20:38:04.336+0000] {logging_mixin.py:188} INFO - [2025-11-16T20:38:04.335+0000] {dag.py:3823} INFO - Setting next_dagrun for example_setup_teardown to 2025-11-15 00:00:00+00:00, run_after=2025-11-16 00:00:00+00:00
[2025-11-16T20:38:04.373+0000] {processor.py:183} INFO - Processing /home/airflow/.local/lib/python3.8/site-packages/airflow/example_dags/example_setup_teardown.py took 0.133 seconds
[2025-11-16T20:38:34.436+0000] {processor.py:161} INFO - Started process (PID=3056) to work on /home/airflow/.local/lib/python3.8/site-packages/airflow/example_dags/example_setup_teardown.py
[2025-11-16T20:38:34.437+0000] {processor.py:830} INFO - Processing file /home/airflow/.local/lib/python3.8/site-packages/airflow/example_dags/example_setup_teardown.py for tasks to queue
[2025-11-16T20:38:34.438+0000] {logging_mixin.py:188} INFO - [2025-11-16T20:38:34.438+0000] {dagbag.py:538} INFO - Filling up the DagBag from /home/airflow/.local/lib/python3.8/site-packages/airflow/example_dags/example_setup_teardown.py
[2025-11-16T20:38:34.449+0000] {processor.py:840} INFO - DAG(s) 'example_setup_teardown' retrieved from /home/airflow/.local/lib/python3.8/site-packages/airflow/example_dags/example_setup_teardown.py
[2025-11-16T20:38:34.485+0000] {logging_mixin.py:188} INFO - [2025-11-16T20:38:34.485+0000] {dag.py:3036} INFO - Sync 1 DAGs
[2025-11-16T20:38:34.520+0000] {logging_mixin.py:188} INFO - [2025-11-16T20:38:34.520+0000] {dag.py:3823} INFO - Setting next_dagrun for example_setup_teardown to 2025-11-15 00:00:00+00:00, run_after=2025-11-16 00:00:00+00:00
[2025-11-16T20:38:34.552+0000] {processor.py:183} INFO - Processing /home/airflow/.local/lib/python3.8/site-packages/airflow/example_dags/example_setup_teardown.py took 0.122 seconds
[2025-11-16T20:39:22.585+0000] {processor.py:161} INFO - Started process (PID=3144) to work on /home/airflow/.local/lib/python3.8/site-packages/airflow/example_dags/example_setup_teardown.py
[2025-11-16T20:39:22.588+0000] {processor.py:830} INFO - Processing file /home/airflow/.local/lib/python3.8/site-packages/airflow/example_dags/example_setup_teardown.py for tasks to queue
[2025-11-16T20:39:22.590+0000] {logging_mixin.py:188} INFO - [2025-11-16T20:39:22.589+0000] {dagbag.py:538} INFO - Filling up the DagBag from /home/airflow/.local/lib/python3.8/site-packages/airflow/example_dags/example_setup_teardown.py
[2025-11-16T20:39:22.604+0000] {processor.py:840} INFO - DAG(s) 'example_setup_teardown' retrieved from /home/airflow/.local/lib/python3.8/site-packages/airflow/example_dags/example_setup_teardown.py
[2025-11-16T20:39:22.646+0000] {logging_mixin.py:188} INFO - [2025-11-16T20:39:22.646+0000] {dag.py:3036} INFO - Sync 1 DAGs
[2025-11-16T20:39:22.685+0000] {logging_mixin.py:188} INFO - [2025-11-16T20:39:22.684+0000] {dag.py:3823} INFO - Setting next_dagrun for example_setup_teardown to 2025-11-15 00:00:00+00:00, run_after=2025-11-16 00:00:00+00:00
[2025-11-16T20:39:22.728+0000] {processor.py:183} INFO - Processing /home/airflow/.local/lib/python3.8/site-packages/airflow/example_dags/example_setup_teardown.py took 0.147 seconds
[2025-11-16T20:39:53.061+0000] {processor.py:161} INFO - Started process (PID=3228) to work on /home/airflow/.local/lib/python3.8/site-packages/airflow/example_dags/example_setup_teardown.py
[2025-11-16T20:39:53.069+0000] {processor.py:830} INFO - Processing file /home/airflow/.local/lib/python3.8/site-packages/airflow/example_dags/example_setup_teardown.py for tasks to queue
[2025-11-16T20:39:53.071+0000] {logging_mixin.py:188} INFO - [2025-11-16T20:39:53.070+0000] {dagbag.py:538} INFO - Filling up the DagBag from /home/airflow/.local/lib/python3.8/site-packages/airflow/example_dags/example_setup_teardown.py
[2025-11-16T20:39:53.095+0000] {processor.py:840} INFO - DAG(s) 'example_setup_teardown' retrieved from /home/airflow/.local/lib/python3.8/site-packages/airflow/example_dags/example_setup_teardown.py
[2025-11-16T20:39:53.191+0000] {logging_mixin.py:188} INFO - [2025-11-16T20:39:53.191+0000] {dag.py:3036} INFO - Sync 1 DAGs
[2025-11-16T20:39:53.260+0000] {logging_mixin.py:188} INFO - [2025-11-16T20:39:53.260+0000] {dag.py:3823} INFO - Setting next_dagrun for example_setup_teardown to 2025-11-15 00:00:00+00:00, run_after=2025-11-16 00:00:00+00:00
[2025-11-16T20:39:53.306+0000] {processor.py:183} INFO - Processing /home/airflow/.local/lib/python3.8/site-packages/airflow/example_dags/example_setup_teardown.py took 0.255 seconds
[2025-11-16T20:42:22.448+0000] {processor.py:161} INFO - Started process (PID=133) to work on /home/airflow/.local/lib/python3.8/site-packages/airflow/example_dags/example_setup_teardown.py
[2025-11-16T20:42:22.450+0000] {processor.py:830} INFO - Processing file /home/airflow/.local/lib/python3.8/site-packages/airflow/example_dags/example_setup_teardown.py for tasks to queue
[2025-11-16T20:42:22.451+0000] {logging_mixin.py:188} INFO - [2025-11-16T20:42:22.451+0000] {dagbag.py:538} INFO - Filling up the DagBag from /home/airflow/.local/lib/python3.8/site-packages/airflow/example_dags/example_setup_teardown.py
[2025-11-16T20:42:22.516+0000] {processor.py:840} INFO - DAG(s) 'example_setup_teardown' retrieved from /home/airflow/.local/lib/python3.8/site-packages/airflow/example_dags/example_setup_teardown.py
[2025-11-16T20:42:22.724+0000] {logging_mixin.py:188} INFO - [2025-11-16T20:42:22.724+0000] {dag.py:3036} INFO - Sync 1 DAGs
[2025-11-16T20:42:22.766+0000] {logging_mixin.py:188} INFO - [2025-11-16T20:42:22.765+0000] {dag.py:3823} INFO - Setting next_dagrun for example_setup_teardown to 2025-11-15 00:00:00+00:00, run_after=2025-11-16 00:00:00+00:00
[2025-11-16T20:42:22.832+0000] {processor.py:183} INFO - Processing /home/airflow/.local/lib/python3.8/site-packages/airflow/example_dags/example_setup_teardown.py took 0.388 seconds
[2025-11-16T20:42:53.021+0000] {processor.py:161} INFO - Started process (PID=207) to work on /home/airflow/.local/lib/python3.8/site-packages/airflow/example_dags/example_setup_teardown.py
[2025-11-16T20:42:53.022+0000] {processor.py:830} INFO - Processing file /home/airflow/.local/lib/python3.8/site-packages/airflow/example_dags/example_setup_teardown.py for tasks to queue
[2025-11-16T20:42:53.024+0000] {logging_mixin.py:188} INFO - [2025-11-16T20:42:53.023+0000] {dagbag.py:538} INFO - Filling up the DagBag from /home/airflow/.local/lib/python3.8/site-packages/airflow/example_dags/example_setup_teardown.py
[2025-11-16T20:42:53.032+0000] {processor.py:840} INFO - DAG(s) 'example_setup_teardown' retrieved from /home/airflow/.local/lib/python3.8/site-packages/airflow/example_dags/example_setup_teardown.py
[2025-11-16T20:42:53.056+0000] {logging_mixin.py:188} INFO - [2025-11-16T20:42:53.056+0000] {dag.py:3036} INFO - Sync 1 DAGs
[2025-11-16T20:42:53.225+0000] {logging_mixin.py:188} INFO - [2025-11-16T20:42:53.224+0000] {dag.py:3823} INFO - Setting next_dagrun for example_setup_teardown to 2025-11-15 00:00:00+00:00, run_after=2025-11-16 00:00:00+00:00
[2025-11-16T20:42:53.248+0000] {processor.py:183} INFO - Processing /home/airflow/.local/lib/python3.8/site-packages/airflow/example_dags/example_setup_teardown.py took 0.233 seconds
[2025-11-16T20:43:26.202+0000] {processor.py:161} INFO - Started process (PID=288) to work on /home/airflow/.local/lib/python3.8/site-packages/airflow/example_dags/example_setup_teardown.py
[2025-11-16T20:43:26.203+0000] {processor.py:830} INFO - Processing file /home/airflow/.local/lib/python3.8/site-packages/airflow/example_dags/example_setup_teardown.py for tasks to queue
[2025-11-16T20:43:26.204+0000] {logging_mixin.py:188} INFO - [2025-11-16T20:43:26.204+0000] {dagbag.py:538} INFO - Filling up the DagBag from /home/airflow/.local/lib/python3.8/site-packages/airflow/example_dags/example_setup_teardown.py
[2025-11-16T20:43:26.211+0000] {processor.py:840} INFO - DAG(s) 'example_setup_teardown' retrieved from /home/airflow/.local/lib/python3.8/site-packages/airflow/example_dags/example_setup_teardown.py
[2025-11-16T20:43:26.239+0000] {logging_mixin.py:188} INFO - [2025-11-16T20:43:26.239+0000] {dag.py:3036} INFO - Sync 1 DAGs
[2025-11-16T20:43:26.265+0000] {logging_mixin.py:188} INFO - [2025-11-16T20:43:26.265+0000] {dag.py:3823} INFO - Setting next_dagrun for example_setup_teardown to 2025-11-15 00:00:00+00:00, run_after=2025-11-16 00:00:00+00:00
[2025-11-16T20:43:26.287+0000] {processor.py:183} INFO - Processing /home/airflow/.local/lib/python3.8/site-packages/airflow/example_dags/example_setup_teardown.py took 0.088 seconds
[2025-11-16T20:43:57.258+0000] {processor.py:161} INFO - Started process (PID=369) to work on /home/airflow/.local/lib/python3.8/site-packages/airflow/example_dags/example_setup_teardown.py
[2025-11-16T20:43:57.259+0000] {processor.py:830} INFO - Processing file /home/airflow/.local/lib/python3.8/site-packages/airflow/example_dags/example_setup_teardown.py for tasks to queue
[2025-11-16T20:43:57.261+0000] {logging_mixin.py:188} INFO - [2025-11-16T20:43:57.260+0000] {dagbag.py:538} INFO - Filling up the DagBag from /home/airflow/.local/lib/python3.8/site-packages/airflow/example_dags/example_setup_teardown.py
[2025-11-16T20:43:57.268+0000] {processor.py:840} INFO - DAG(s) 'example_setup_teardown' retrieved from /home/airflow/.local/lib/python3.8/site-packages/airflow/example_dags/example_setup_teardown.py
[2025-11-16T20:43:57.294+0000] {logging_mixin.py:188} INFO - [2025-11-16T20:43:57.294+0000] {dag.py:3036} INFO - Sync 1 DAGs
[2025-11-16T20:43:57.316+0000] {logging_mixin.py:188} INFO - [2025-11-16T20:43:57.316+0000] {dag.py:3823} INFO - Setting next_dagrun for example_setup_teardown to 2025-11-15 00:00:00+00:00, run_after=2025-11-16 00:00:00+00:00
[2025-11-16T20:43:57.339+0000] {processor.py:183} INFO - Processing /home/airflow/.local/lib/python3.8/site-packages/airflow/example_dags/example_setup_teardown.py took 0.084 seconds
[2025-11-16T20:44:30.563+0000] {processor.py:161} INFO - Started process (PID=465) to work on /home/airflow/.local/lib/python3.8/site-packages/airflow/example_dags/example_setup_teardown.py
[2025-11-16T20:44:30.565+0000] {processor.py:830} INFO - Processing file /home/airflow/.local/lib/python3.8/site-packages/airflow/example_dags/example_setup_teardown.py for tasks to queue
[2025-11-16T20:44:30.566+0000] {logging_mixin.py:188} INFO - [2025-11-16T20:44:30.565+0000] {dagbag.py:538} INFO - Filling up the DagBag from /home/airflow/.local/lib/python3.8/site-packages/airflow/example_dags/example_setup_teardown.py
[2025-11-16T20:44:30.574+0000] {processor.py:840} INFO - DAG(s) 'example_setup_teardown' retrieved from /home/airflow/.local/lib/python3.8/site-packages/airflow/example_dags/example_setup_teardown.py
[2025-11-16T20:44:30.608+0000] {logging_mixin.py:188} INFO - [2025-11-16T20:44:30.607+0000] {dag.py:3036} INFO - Sync 1 DAGs
[2025-11-16T20:44:30.642+0000] {logging_mixin.py:188} INFO - [2025-11-16T20:44:30.642+0000] {dag.py:3823} INFO - Setting next_dagrun for example_setup_teardown to 2025-11-15 00:00:00+00:00, run_after=2025-11-16 00:00:00+00:00
[2025-11-16T20:44:30.664+0000] {processor.py:183} INFO - Processing /home/airflow/.local/lib/python3.8/site-packages/airflow/example_dags/example_setup_teardown.py took 0.104 seconds
[2025-11-16T20:45:01.330+0000] {processor.py:161} INFO - Started process (PID=547) to work on /home/airflow/.local/lib/python3.8/site-packages/airflow/example_dags/example_setup_teardown.py
[2025-11-16T20:45:01.331+0000] {processor.py:830} INFO - Processing file /home/airflow/.local/lib/python3.8/site-packages/airflow/example_dags/example_setup_teardown.py for tasks to queue
[2025-11-16T20:45:01.333+0000] {logging_mixin.py:188} INFO - [2025-11-16T20:45:01.332+0000] {dagbag.py:538} INFO - Filling up the DagBag from /home/airflow/.local/lib/python3.8/site-packages/airflow/example_dags/example_setup_teardown.py
[2025-11-16T20:45:01.342+0000] {processor.py:840} INFO - DAG(s) 'example_setup_teardown' retrieved from /home/airflow/.local/lib/python3.8/site-packages/airflow/example_dags/example_setup_teardown.py
[2025-11-16T20:45:01.371+0000] {logging_mixin.py:188} INFO - [2025-11-16T20:45:01.371+0000] {dag.py:3036} INFO - Sync 1 DAGs
[2025-11-16T20:45:01.394+0000] {logging_mixin.py:188} INFO - [2025-11-16T20:45:01.393+0000] {dag.py:3823} INFO - Setting next_dagrun for example_setup_teardown to 2025-11-15 00:00:00+00:00, run_after=2025-11-16 00:00:00+00:00
[2025-11-16T20:45:01.417+0000] {processor.py:183} INFO - Processing /home/airflow/.local/lib/python3.8/site-packages/airflow/example_dags/example_setup_teardown.py took 0.090 seconds
[2025-11-16T20:45:32.439+0000] {processor.py:161} INFO - Started process (PID=637) to work on /home/airflow/.local/lib/python3.8/site-packages/airflow/example_dags/example_setup_teardown.py
[2025-11-16T20:45:32.441+0000] {processor.py:830} INFO - Processing file /home/airflow/.local/lib/python3.8/site-packages/airflow/example_dags/example_setup_teardown.py for tasks to queue
[2025-11-16T20:45:32.442+0000] {logging_mixin.py:188} INFO - [2025-11-16T20:45:32.442+0000] {dagbag.py:538} INFO - Filling up the DagBag from /home/airflow/.local/lib/python3.8/site-packages/airflow/example_dags/example_setup_teardown.py
[2025-11-16T20:45:32.452+0000] {processor.py:840} INFO - DAG(s) 'example_setup_teardown' retrieved from /home/airflow/.local/lib/python3.8/site-packages/airflow/example_dags/example_setup_teardown.py
[2025-11-16T20:45:32.482+0000] {logging_mixin.py:188} INFO - [2025-11-16T20:45:32.482+0000] {dag.py:3036} INFO - Sync 1 DAGs
[2025-11-16T20:45:32.509+0000] {logging_mixin.py:188} INFO - [2025-11-16T20:45:32.509+0000] {dag.py:3823} INFO - Setting next_dagrun for example_setup_teardown to 2025-11-15 00:00:00+00:00, run_after=2025-11-16 00:00:00+00:00
[2025-11-16T20:45:32.534+0000] {processor.py:183} INFO - Processing /home/airflow/.local/lib/python3.8/site-packages/airflow/example_dags/example_setup_teardown.py took 0.098 seconds
[2025-11-16T20:46:03.035+0000] {processor.py:161} INFO - Started process (PID=725) to work on /home/airflow/.local/lib/python3.8/site-packages/airflow/example_dags/example_setup_teardown.py
[2025-11-16T20:46:03.037+0000] {processor.py:830} INFO - Processing file /home/airflow/.local/lib/python3.8/site-packages/airflow/example_dags/example_setup_teardown.py for tasks to queue
[2025-11-16T20:46:03.038+0000] {logging_mixin.py:188} INFO - [2025-11-16T20:46:03.037+0000] {dagbag.py:538} INFO - Filling up the DagBag from /home/airflow/.local/lib/python3.8/site-packages/airflow/example_dags/example_setup_teardown.py
[2025-11-16T20:46:03.045+0000] {processor.py:840} INFO - DAG(s) 'example_setup_teardown' retrieved from /home/airflow/.local/lib/python3.8/site-packages/airflow/example_dags/example_setup_teardown.py
[2025-11-16T20:46:03.073+0000] {logging_mixin.py:188} INFO - [2025-11-16T20:46:03.073+0000] {dag.py:3036} INFO - Sync 1 DAGs
[2025-11-16T20:46:03.093+0000] {logging_mixin.py:188} INFO - [2025-11-16T20:46:03.093+0000] {dag.py:3823} INFO - Setting next_dagrun for example_setup_teardown to 2025-11-15 00:00:00+00:00, run_after=2025-11-16 00:00:00+00:00
[2025-11-16T20:46:03.118+0000] {processor.py:183} INFO - Processing /home/airflow/.local/lib/python3.8/site-packages/airflow/example_dags/example_setup_teardown.py took 0.086 seconds
[2025-11-16T20:46:33.244+0000] {processor.py:161} INFO - Started process (PID=804) to work on /home/airflow/.local/lib/python3.8/site-packages/airflow/example_dags/example_setup_teardown.py
[2025-11-16T20:46:33.246+0000] {processor.py:830} INFO - Processing file /home/airflow/.local/lib/python3.8/site-packages/airflow/example_dags/example_setup_teardown.py for tasks to queue
[2025-11-16T20:46:33.247+0000] {logging_mixin.py:188} INFO - [2025-11-16T20:46:33.247+0000] {dagbag.py:538} INFO - Filling up the DagBag from /home/airflow/.local/lib/python3.8/site-packages/airflow/example_dags/example_setup_teardown.py
[2025-11-16T20:46:33.255+0000] {processor.py:840} INFO - DAG(s) 'example_setup_teardown' retrieved from /home/airflow/.local/lib/python3.8/site-packages/airflow/example_dags/example_setup_teardown.py
[2025-11-16T20:46:33.280+0000] {logging_mixin.py:188} INFO - [2025-11-16T20:46:33.280+0000] {dag.py:3036} INFO - Sync 1 DAGs
[2025-11-16T20:46:33.301+0000] {logging_mixin.py:188} INFO - [2025-11-16T20:46:33.301+0000] {dag.py:3823} INFO - Setting next_dagrun for example_setup_teardown to 2025-11-15 00:00:00+00:00, run_after=2025-11-16 00:00:00+00:00
[2025-11-16T20:46:33.323+0000] {processor.py:183} INFO - Processing /home/airflow/.local/lib/python3.8/site-packages/airflow/example_dags/example_setup_teardown.py took 0.084 seconds
[2025-11-16T20:47:03.722+0000] {processor.py:161} INFO - Started process (PID=900) to work on /home/airflow/.local/lib/python3.8/site-packages/airflow/example_dags/example_setup_teardown.py
[2025-11-16T20:47:03.723+0000] {processor.py:830} INFO - Processing file /home/airflow/.local/lib/python3.8/site-packages/airflow/example_dags/example_setup_teardown.py for tasks to queue
[2025-11-16T20:47:03.724+0000] {logging_mixin.py:188} INFO - [2025-11-16T20:47:03.724+0000] {dagbag.py:538} INFO - Filling up the DagBag from /home/airflow/.local/lib/python3.8/site-packages/airflow/example_dags/example_setup_teardown.py
[2025-11-16T20:47:03.732+0000] {processor.py:840} INFO - DAG(s) 'example_setup_teardown' retrieved from /home/airflow/.local/lib/python3.8/site-packages/airflow/example_dags/example_setup_teardown.py
[2025-11-16T20:47:03.760+0000] {logging_mixin.py:188} INFO - [2025-11-16T20:47:03.759+0000] {dag.py:3036} INFO - Sync 1 DAGs
[2025-11-16T20:47:03.781+0000] {logging_mixin.py:188} INFO - [2025-11-16T20:47:03.781+0000] {dag.py:3823} INFO - Setting next_dagrun for example_setup_teardown to 2025-11-15 00:00:00+00:00, run_after=2025-11-16 00:00:00+00:00
[2025-11-16T20:47:03.803+0000] {processor.py:183} INFO - Processing /home/airflow/.local/lib/python3.8/site-packages/airflow/example_dags/example_setup_teardown.py took 0.084 seconds
[2025-11-16T20:47:34.012+0000] {processor.py:161} INFO - Started process (PID=981) to work on /home/airflow/.local/lib/python3.8/site-packages/airflow/example_dags/example_setup_teardown.py
[2025-11-16T20:47:34.014+0000] {processor.py:830} INFO - Processing file /home/airflow/.local/lib/python3.8/site-packages/airflow/example_dags/example_setup_teardown.py for tasks to queue
[2025-11-16T20:47:34.015+0000] {logging_mixin.py:188} INFO - [2025-11-16T20:47:34.015+0000] {dagbag.py:538} INFO - Filling up the DagBag from /home/airflow/.local/lib/python3.8/site-packages/airflow/example_dags/example_setup_teardown.py
[2025-11-16T20:47:34.022+0000] {processor.py:840} INFO - DAG(s) 'example_setup_teardown' retrieved from /home/airflow/.local/lib/python3.8/site-packages/airflow/example_dags/example_setup_teardown.py
[2025-11-16T20:47:34.047+0000] {logging_mixin.py:188} INFO - [2025-11-16T20:47:34.047+0000] {dag.py:3036} INFO - Sync 1 DAGs
[2025-11-16T20:47:34.070+0000] {logging_mixin.py:188} INFO - [2025-11-16T20:47:34.070+0000] {dag.py:3823} INFO - Setting next_dagrun for example_setup_teardown to 2025-11-15 00:00:00+00:00, run_after=2025-11-16 00:00:00+00:00
[2025-11-16T20:47:34.091+0000] {processor.py:183} INFO - Processing /home/airflow/.local/lib/python3.8/site-packages/airflow/example_dags/example_setup_teardown.py took 0.082 seconds
[2025-11-16T20:48:04.706+0000] {processor.py:161} INFO - Started process (PID=1069) to work on /home/airflow/.local/lib/python3.8/site-packages/airflow/example_dags/example_setup_teardown.py
[2025-11-16T20:48:04.707+0000] {processor.py:830} INFO - Processing file /home/airflow/.local/lib/python3.8/site-packages/airflow/example_dags/example_setup_teardown.py for tasks to queue
[2025-11-16T20:48:04.710+0000] {logging_mixin.py:188} INFO - [2025-11-16T20:48:04.710+0000] {dagbag.py:538} INFO - Filling up the DagBag from /home/airflow/.local/lib/python3.8/site-packages/airflow/example_dags/example_setup_teardown.py
[2025-11-16T20:48:04.721+0000] {processor.py:840} INFO - DAG(s) 'example_setup_teardown' retrieved from /home/airflow/.local/lib/python3.8/site-packages/airflow/example_dags/example_setup_teardown.py
[2025-11-16T20:48:04.761+0000] {logging_mixin.py:188} INFO - [2025-11-16T20:48:04.761+0000] {dag.py:3036} INFO - Sync 1 DAGs
[2025-11-16T20:48:04.805+0000] {logging_mixin.py:188} INFO - [2025-11-16T20:48:04.805+0000] {dag.py:3823} INFO - Setting next_dagrun for example_setup_teardown to 2025-11-15 00:00:00+00:00, run_after=2025-11-16 00:00:00+00:00
[2025-11-16T20:48:04.840+0000] {processor.py:183} INFO - Processing /home/airflow/.local/lib/python3.8/site-packages/airflow/example_dags/example_setup_teardown.py took 0.138 seconds
[2025-11-16T20:48:35.741+0000] {processor.py:161} INFO - Started process (PID=1157) to work on /home/airflow/.local/lib/python3.8/site-packages/airflow/example_dags/example_setup_teardown.py
[2025-11-16T20:48:35.742+0000] {processor.py:830} INFO - Processing file /home/airflow/.local/lib/python3.8/site-packages/airflow/example_dags/example_setup_teardown.py for tasks to queue
[2025-11-16T20:48:35.743+0000] {logging_mixin.py:188} INFO - [2025-11-16T20:48:35.743+0000] {dagbag.py:538} INFO - Filling up the DagBag from /home/airflow/.local/lib/python3.8/site-packages/airflow/example_dags/example_setup_teardown.py
[2025-11-16T20:48:35.750+0000] {processor.py:840} INFO - DAG(s) 'example_setup_teardown' retrieved from /home/airflow/.local/lib/python3.8/site-packages/airflow/example_dags/example_setup_teardown.py
[2025-11-16T20:48:35.773+0000] {logging_mixin.py:188} INFO - [2025-11-16T20:48:35.773+0000] {dag.py:3036} INFO - Sync 1 DAGs
[2025-11-16T20:48:35.793+0000] {logging_mixin.py:188} INFO - [2025-11-16T20:48:35.793+0000] {dag.py:3823} INFO - Setting next_dagrun for example_setup_teardown to 2025-11-15 00:00:00+00:00, run_after=2025-11-16 00:00:00+00:00
[2025-11-16T20:48:36.015+0000] {processor.py:183} INFO - Processing /home/airflow/.local/lib/python3.8/site-packages/airflow/example_dags/example_setup_teardown.py took 0.277 seconds
[2025-11-16T20:49:14.963+0000] {processor.py:161} INFO - Started process (PID=1233) to work on /home/airflow/.local/lib/python3.8/site-packages/airflow/example_dags/example_setup_teardown.py
[2025-11-16T20:49:14.964+0000] {processor.py:830} INFO - Processing file /home/airflow/.local/lib/python3.8/site-packages/airflow/example_dags/example_setup_teardown.py for tasks to queue
[2025-11-16T20:49:14.966+0000] {logging_mixin.py:188} INFO - [2025-11-16T20:49:14.966+0000] {dagbag.py:538} INFO - Filling up the DagBag from /home/airflow/.local/lib/python3.8/site-packages/airflow/example_dags/example_setup_teardown.py
[2025-11-16T20:49:14.983+0000] {processor.py:840} INFO - DAG(s) 'example_setup_teardown' retrieved from /home/airflow/.local/lib/python3.8/site-packages/airflow/example_dags/example_setup_teardown.py
[2025-11-16T20:49:15.041+0000] {logging_mixin.py:188} INFO - [2025-11-16T20:49:15.040+0000] {dag.py:3036} INFO - Sync 1 DAGs
[2025-11-16T20:49:15.097+0000] {logging_mixin.py:188} INFO - [2025-11-16T20:49:15.096+0000] {dag.py:3823} INFO - Setting next_dagrun for example_setup_teardown to 2025-11-15 00:00:00+00:00, run_after=2025-11-16 00:00:00+00:00
[2025-11-16T20:49:15.141+0000] {processor.py:183} INFO - Processing /home/airflow/.local/lib/python3.8/site-packages/airflow/example_dags/example_setup_teardown.py took 0.186 seconds
[2025-11-16T20:49:45.296+0000] {processor.py:161} INFO - Started process (PID=1304) to work on /home/airflow/.local/lib/python3.8/site-packages/airflow/example_dags/example_setup_teardown.py
[2025-11-16T20:49:45.299+0000] {processor.py:830} INFO - Processing file /home/airflow/.local/lib/python3.8/site-packages/airflow/example_dags/example_setup_teardown.py for tasks to queue
[2025-11-16T20:49:45.301+0000] {logging_mixin.py:188} INFO - [2025-11-16T20:49:45.301+0000] {dagbag.py:538} INFO - Filling up the DagBag from /home/airflow/.local/lib/python3.8/site-packages/airflow/example_dags/example_setup_teardown.py
[2025-11-16T20:49:45.335+0000] {processor.py:840} INFO - DAG(s) 'example_setup_teardown' retrieved from /home/airflow/.local/lib/python3.8/site-packages/airflow/example_dags/example_setup_teardown.py
[2025-11-16T20:49:45.408+0000] {logging_mixin.py:188} INFO - [2025-11-16T20:49:45.406+0000] {dag.py:3036} INFO - Sync 1 DAGs
[2025-11-16T20:49:45.469+0000] {logging_mixin.py:188} INFO - [2025-11-16T20:49:45.468+0000] {dag.py:3823} INFO - Setting next_dagrun for example_setup_teardown to 2025-11-15 00:00:00+00:00, run_after=2025-11-16 00:00:00+00:00
[2025-11-16T20:49:45.505+0000] {processor.py:183} INFO - Processing /home/airflow/.local/lib/python3.8/site-packages/airflow/example_dags/example_setup_teardown.py took 0.216 seconds
[2025-11-16T20:50:16.386+0000] {processor.py:161} INFO - Started process (PID=1371) to work on /home/airflow/.local/lib/python3.8/site-packages/airflow/example_dags/example_setup_teardown.py
[2025-11-16T20:50:16.387+0000] {processor.py:830} INFO - Processing file /home/airflow/.local/lib/python3.8/site-packages/airflow/example_dags/example_setup_teardown.py for tasks to queue
[2025-11-16T20:50:16.388+0000] {logging_mixin.py:188} INFO - [2025-11-16T20:50:16.388+0000] {dagbag.py:538} INFO - Filling up the DagBag from /home/airflow/.local/lib/python3.8/site-packages/airflow/example_dags/example_setup_teardown.py
[2025-11-16T20:50:16.396+0000] {processor.py:840} INFO - DAG(s) 'example_setup_teardown' retrieved from /home/airflow/.local/lib/python3.8/site-packages/airflow/example_dags/example_setup_teardown.py
[2025-11-16T20:50:16.423+0000] {logging_mixin.py:188} INFO - [2025-11-16T20:50:16.422+0000] {dag.py:3036} INFO - Sync 1 DAGs
[2025-11-16T20:50:16.445+0000] {logging_mixin.py:188} INFO - [2025-11-16T20:50:16.445+0000] {dag.py:3823} INFO - Setting next_dagrun for example_setup_teardown to 2025-11-15 00:00:00+00:00, run_after=2025-11-16 00:00:00+00:00
[2025-11-16T20:50:16.472+0000] {processor.py:183} INFO - Processing /home/airflow/.local/lib/python3.8/site-packages/airflow/example_dags/example_setup_teardown.py took 0.089 seconds
[2025-11-16T23:16:14.837+0000] {processor.py:161} INFO - Started process (PID=1408) to work on /home/airflow/.local/lib/python3.8/site-packages/airflow/example_dags/example_setup_teardown.py
[2025-11-16T23:16:14.849+0000] {processor.py:830} INFO - Processing file /home/airflow/.local/lib/python3.8/site-packages/airflow/example_dags/example_setup_teardown.py for tasks to queue
[2025-11-16T23:16:14.860+0000] {logging_mixin.py:188} INFO - [2025-11-16T23:16:14.856+0000] {dagbag.py:538} INFO - Filling up the DagBag from /home/airflow/.local/lib/python3.8/site-packages/airflow/example_dags/example_setup_teardown.py
[2025-11-16T23:16:15.049+0000] {processor.py:840} INFO - DAG(s) 'example_setup_teardown' retrieved from /home/airflow/.local/lib/python3.8/site-packages/airflow/example_dags/example_setup_teardown.py
[2025-11-16T23:16:15.372+0000] {logging_mixin.py:188} INFO - [2025-11-16T23:16:15.371+0000] {dag.py:3036} INFO - Sync 1 DAGs
[2025-11-16T23:16:15.523+0000] {logging_mixin.py:188} INFO - [2025-11-16T23:16:15.522+0000] {dag.py:3823} INFO - Setting next_dagrun for example_setup_teardown to 2025-11-15 00:00:00+00:00, run_after=2025-11-16 00:00:00+00:00
[2025-11-16T23:16:15.600+0000] {processor.py:183} INFO - Processing /home/airflow/.local/lib/python3.8/site-packages/airflow/example_dags/example_setup_teardown.py took 0.823 seconds
[2025-11-16T23:16:48.432+0000] {processor.py:161} INFO - Started process (PID=1491) to work on /home/airflow/.local/lib/python3.8/site-packages/airflow/example_dags/example_setup_teardown.py
[2025-11-16T23:16:48.434+0000] {processor.py:830} INFO - Processing file /home/airflow/.local/lib/python3.8/site-packages/airflow/example_dags/example_setup_teardown.py for tasks to queue
[2025-11-16T23:16:48.436+0000] {logging_mixin.py:188} INFO - [2025-11-16T23:16:48.435+0000] {dagbag.py:538} INFO - Filling up the DagBag from /home/airflow/.local/lib/python3.8/site-packages/airflow/example_dags/example_setup_teardown.py
[2025-11-16T23:16:48.452+0000] {processor.py:840} INFO - DAG(s) 'example_setup_teardown' retrieved from /home/airflow/.local/lib/python3.8/site-packages/airflow/example_dags/example_setup_teardown.py
[2025-11-16T23:16:48.499+0000] {logging_mixin.py:188} INFO - [2025-11-16T23:16:48.499+0000] {dag.py:3036} INFO - Sync 1 DAGs
[2025-11-16T23:16:48.546+0000] {logging_mixin.py:188} INFO - [2025-11-16T23:16:48.546+0000] {dag.py:3823} INFO - Setting next_dagrun for example_setup_teardown to 2025-11-15 00:00:00+00:00, run_after=2025-11-16 00:00:00+00:00
[2025-11-16T23:16:48.588+0000] {processor.py:183} INFO - Processing /home/airflow/.local/lib/python3.8/site-packages/airflow/example_dags/example_setup_teardown.py took 0.163 seconds
[2025-11-16T23:17:21.653+0000] {processor.py:161} INFO - Started process (PID=1572) to work on /home/airflow/.local/lib/python3.8/site-packages/airflow/example_dags/example_setup_teardown.py
[2025-11-16T23:17:21.655+0000] {processor.py:830} INFO - Processing file /home/airflow/.local/lib/python3.8/site-packages/airflow/example_dags/example_setup_teardown.py for tasks to queue
[2025-11-16T23:17:21.657+0000] {logging_mixin.py:188} INFO - [2025-11-16T23:17:21.656+0000] {dagbag.py:538} INFO - Filling up the DagBag from /home/airflow/.local/lib/python3.8/site-packages/airflow/example_dags/example_setup_teardown.py
[2025-11-16T23:17:21.685+0000] {processor.py:840} INFO - DAG(s) 'example_setup_teardown' retrieved from /home/airflow/.local/lib/python3.8/site-packages/airflow/example_dags/example_setup_teardown.py
[2025-11-16T23:17:21.755+0000] {logging_mixin.py:188} INFO - [2025-11-16T23:17:21.755+0000] {dag.py:3036} INFO - Sync 1 DAGs
[2025-11-16T23:17:21.848+0000] {logging_mixin.py:188} INFO - [2025-11-16T23:17:21.846+0000] {dag.py:3823} INFO - Setting next_dagrun for example_setup_teardown to 2025-11-15 00:00:00+00:00, run_after=2025-11-16 00:00:00+00:00
[2025-11-16T23:17:21.979+0000] {processor.py:183} INFO - Processing /home/airflow/.local/lib/python3.8/site-packages/airflow/example_dags/example_setup_teardown.py took 0.335 seconds
[2025-11-16T23:17:56.157+0000] {processor.py:161} INFO - Started process (PID=1631) to work on /home/airflow/.local/lib/python3.8/site-packages/airflow/example_dags/example_setup_teardown.py
[2025-11-16T23:17:56.158+0000] {processor.py:830} INFO - Processing file /home/airflow/.local/lib/python3.8/site-packages/airflow/example_dags/example_setup_teardown.py for tasks to queue
[2025-11-16T23:17:56.160+0000] {logging_mixin.py:188} INFO - [2025-11-16T23:17:56.159+0000] {dagbag.py:538} INFO - Filling up the DagBag from /home/airflow/.local/lib/python3.8/site-packages/airflow/example_dags/example_setup_teardown.py
[2025-11-16T23:17:56.174+0000] {processor.py:840} INFO - DAG(s) 'example_setup_teardown' retrieved from /home/airflow/.local/lib/python3.8/site-packages/airflow/example_dags/example_setup_teardown.py
[2025-11-16T23:17:56.223+0000] {logging_mixin.py:188} INFO - [2025-11-16T23:17:56.222+0000] {dag.py:3036} INFO - Sync 1 DAGs
[2025-11-16T23:17:56.271+0000] {logging_mixin.py:188} INFO - [2025-11-16T23:17:56.270+0000] {dag.py:3823} INFO - Setting next_dagrun for example_setup_teardown to 2025-11-15 00:00:00+00:00, run_after=2025-11-16 00:00:00+00:00
[2025-11-16T23:17:56.325+0000] {processor.py:183} INFO - Processing /home/airflow/.local/lib/python3.8/site-packages/airflow/example_dags/example_setup_teardown.py took 0.174 seconds
[2025-11-16T23:18:28.743+0000] {processor.py:161} INFO - Started process (PID=1720) to work on /home/airflow/.local/lib/python3.8/site-packages/airflow/example_dags/example_setup_teardown.py
[2025-11-16T23:18:28.744+0000] {processor.py:830} INFO - Processing file /home/airflow/.local/lib/python3.8/site-packages/airflow/example_dags/example_setup_teardown.py for tasks to queue
[2025-11-16T23:18:28.745+0000] {logging_mixin.py:188} INFO - [2025-11-16T23:18:28.745+0000] {dagbag.py:538} INFO - Filling up the DagBag from /home/airflow/.local/lib/python3.8/site-packages/airflow/example_dags/example_setup_teardown.py
[2025-11-16T23:18:28.755+0000] {processor.py:840} INFO - DAG(s) 'example_setup_teardown' retrieved from /home/airflow/.local/lib/python3.8/site-packages/airflow/example_dags/example_setup_teardown.py
[2025-11-16T23:18:28.788+0000] {logging_mixin.py:188} INFO - [2025-11-16T23:18:28.788+0000] {dag.py:3036} INFO - Sync 1 DAGs
[2025-11-16T23:18:28.823+0000] {logging_mixin.py:188} INFO - [2025-11-16T23:18:28.822+0000] {dag.py:3823} INFO - Setting next_dagrun for example_setup_teardown to 2025-11-15 00:00:00+00:00, run_after=2025-11-16 00:00:00+00:00
[2025-11-16T23:18:29.153+0000] {processor.py:183} INFO - Processing /home/airflow/.local/lib/python3.8/site-packages/airflow/example_dags/example_setup_teardown.py took 0.412 seconds
[2025-11-16T23:18:59.958+0000] {processor.py:161} INFO - Started process (PID=1800) to work on /home/airflow/.local/lib/python3.8/site-packages/airflow/example_dags/example_setup_teardown.py
[2025-11-16T23:18:59.959+0000] {processor.py:830} INFO - Processing file /home/airflow/.local/lib/python3.8/site-packages/airflow/example_dags/example_setup_teardown.py for tasks to queue
[2025-11-16T23:18:59.963+0000] {logging_mixin.py:188} INFO - [2025-11-16T23:18:59.963+0000] {dagbag.py:538} INFO - Filling up the DagBag from /home/airflow/.local/lib/python3.8/site-packages/airflow/example_dags/example_setup_teardown.py
[2025-11-16T23:18:59.976+0000] {processor.py:840} INFO - DAG(s) 'example_setup_teardown' retrieved from /home/airflow/.local/lib/python3.8/site-packages/airflow/example_dags/example_setup_teardown.py
[2025-11-16T23:19:00.026+0000] {logging_mixin.py:188} INFO - [2025-11-16T23:19:00.025+0000] {dag.py:3036} INFO - Sync 1 DAGs
[2025-11-16T23:19:00.069+0000] {logging_mixin.py:188} INFO - [2025-11-16T23:19:00.069+0000] {dag.py:3823} INFO - Setting next_dagrun for example_setup_teardown to 2025-11-15 00:00:00+00:00, run_after=2025-11-16 00:00:00+00:00
[2025-11-16T23:19:00.108+0000] {processor.py:183} INFO - Processing /home/airflow/.local/lib/python3.8/site-packages/airflow/example_dags/example_setup_teardown.py took 0.154 seconds
