[2025-11-16T20:20:27.796+0000] {processor.py:161} INFO - Started process (PID=146) to work on /home/airflow/.local/lib/python3.8/site-packages/airflow/example_dags/example_short_circuit_operator.py
[2025-11-16T20:20:27.798+0000] {processor.py:830} INFO - Processing file /home/airflow/.local/lib/python3.8/site-packages/airflow/example_dags/example_short_circuit_operator.py for tasks to queue
[2025-11-16T20:20:27.800+0000] {logging_mixin.py:188} INFO - [2025-11-16T20:20:27.799+0000] {dagbag.py:538} INFO - Filling up the DagBag from /home/airflow/.local/lib/python3.8/site-packages/airflow/example_dags/example_short_circuit_operator.py
[2025-11-16T20:20:27.820+0000] {processor.py:840} INFO - DAG(s) 'example_short_circuit_operator' retrieved from /home/airflow/.local/lib/python3.8/site-packages/airflow/example_dags/example_short_circuit_operator.py
[2025-11-16T20:20:28.112+0000] {logging_mixin.py:188} INFO - [2025-11-16T20:20:28.111+0000] {override.py:1769} INFO - Created Permission View: can edit on DAG:example_short_circuit_operator
[2025-11-16T20:20:28.147+0000] {logging_mixin.py:188} INFO - [2025-11-16T20:20:28.146+0000] {override.py:1769} INFO - Created Permission View: can read on DAG:example_short_circuit_operator
[2025-11-16T20:20:28.164+0000] {logging_mixin.py:188} INFO - [2025-11-16T20:20:28.163+0000] {override.py:1769} INFO - Created Permission View: can delete on DAG:example_short_circuit_operator
[2025-11-16T20:20:28.165+0000] {logging_mixin.py:188} INFO - [2025-11-16T20:20:28.165+0000] {dag.py:3036} INFO - Sync 1 DAGs
[2025-11-16T20:20:28.217+0000] {logging_mixin.py:188} INFO - [2025-11-16T20:20:28.216+0000] {dag.py:3058} INFO - Creating ORM DAG for example_short_circuit_operator
[2025-11-16T20:20:28.257+0000] {logging_mixin.py:188} INFO - [2025-11-16T20:20:28.256+0000] {dag.py:3823} INFO - Setting next_dagrun for example_short_circuit_operator to 2025-11-15 00:00:00+00:00, run_after=2025-11-16 00:00:00+00:00
[2025-11-16T20:20:28.310+0000] {processor.py:183} INFO - Processing /home/airflow/.local/lib/python3.8/site-packages/airflow/example_dags/example_short_circuit_operator.py took 0.519 seconds
[2025-11-16T20:20:58.916+0000] {processor.py:161} INFO - Started process (PID=227) to work on /home/airflow/.local/lib/python3.8/site-packages/airflow/example_dags/example_short_circuit_operator.py
[2025-11-16T20:20:59.045+0000] {processor.py:830} INFO - Processing file /home/airflow/.local/lib/python3.8/site-packages/airflow/example_dags/example_short_circuit_operator.py for tasks to queue
[2025-11-16T20:20:59.047+0000] {logging_mixin.py:188} INFO - [2025-11-16T20:20:59.046+0000] {dagbag.py:538} INFO - Filling up the DagBag from /home/airflow/.local/lib/python3.8/site-packages/airflow/example_dags/example_short_circuit_operator.py
[2025-11-16T20:20:59.070+0000] {processor.py:840} INFO - DAG(s) 'example_short_circuit_operator' retrieved from /home/airflow/.local/lib/python3.8/site-packages/airflow/example_dags/example_short_circuit_operator.py
[2025-11-16T20:20:59.111+0000] {logging_mixin.py:188} INFO - [2025-11-16T20:20:59.110+0000] {dag.py:3036} INFO - Sync 1 DAGs
[2025-11-16T20:20:59.144+0000] {logging_mixin.py:188} INFO - [2025-11-16T20:20:59.144+0000] {dag.py:3823} INFO - Setting next_dagrun for example_short_circuit_operator to 2025-11-15 00:00:00+00:00, run_after=2025-11-16 00:00:00+00:00
[2025-11-16T20:20:59.370+0000] {processor.py:183} INFO - Processing /home/airflow/.local/lib/python3.8/site-packages/airflow/example_dags/example_short_circuit_operator.py took 0.458 seconds
[2025-11-16T20:21:29.452+0000] {processor.py:161} INFO - Started process (PID=293) to work on /home/airflow/.local/lib/python3.8/site-packages/airflow/example_dags/example_short_circuit_operator.py
[2025-11-16T20:21:29.453+0000] {processor.py:830} INFO - Processing file /home/airflow/.local/lib/python3.8/site-packages/airflow/example_dags/example_short_circuit_operator.py for tasks to queue
[2025-11-16T20:21:29.454+0000] {logging_mixin.py:188} INFO - [2025-11-16T20:21:29.454+0000] {dagbag.py:538} INFO - Filling up the DagBag from /home/airflow/.local/lib/python3.8/site-packages/airflow/example_dags/example_short_circuit_operator.py
[2025-11-16T20:21:29.463+0000] {processor.py:840} INFO - DAG(s) 'example_short_circuit_operator' retrieved from /home/airflow/.local/lib/python3.8/site-packages/airflow/example_dags/example_short_circuit_operator.py
[2025-11-16T20:21:29.493+0000] {logging_mixin.py:188} INFO - [2025-11-16T20:21:29.493+0000] {dag.py:3036} INFO - Sync 1 DAGs
[2025-11-16T20:21:29.519+0000] {logging_mixin.py:188} INFO - [2025-11-16T20:21:29.519+0000] {dag.py:3823} INFO - Setting next_dagrun for example_short_circuit_operator to 2025-11-15 00:00:00+00:00, run_after=2025-11-16 00:00:00+00:00
[2025-11-16T20:21:29.542+0000] {processor.py:183} INFO - Processing /home/airflow/.local/lib/python3.8/site-packages/airflow/example_dags/example_short_circuit_operator.py took 0.095 seconds
[2025-11-16T20:21:59.994+0000] {processor.py:161} INFO - Started process (PID=387) to work on /home/airflow/.local/lib/python3.8/site-packages/airflow/example_dags/example_short_circuit_operator.py
[2025-11-16T20:21:59.995+0000] {processor.py:830} INFO - Processing file /home/airflow/.local/lib/python3.8/site-packages/airflow/example_dags/example_short_circuit_operator.py for tasks to queue
[2025-11-16T20:21:59.996+0000] {logging_mixin.py:188} INFO - [2025-11-16T20:21:59.996+0000] {dagbag.py:538} INFO - Filling up the DagBag from /home/airflow/.local/lib/python3.8/site-packages/airflow/example_dags/example_short_circuit_operator.py
[2025-11-16T20:22:00.005+0000] {processor.py:840} INFO - DAG(s) 'example_short_circuit_operator' retrieved from /home/airflow/.local/lib/python3.8/site-packages/airflow/example_dags/example_short_circuit_operator.py
[2025-11-16T20:22:00.039+0000] {logging_mixin.py:188} INFO - [2025-11-16T20:22:00.038+0000] {dag.py:3036} INFO - Sync 1 DAGs
[2025-11-16T20:22:00.065+0000] {logging_mixin.py:188} INFO - [2025-11-16T20:22:00.065+0000] {dag.py:3823} INFO - Setting next_dagrun for example_short_circuit_operator to 2025-11-15 00:00:00+00:00, run_after=2025-11-16 00:00:00+00:00
[2025-11-16T20:22:00.092+0000] {processor.py:183} INFO - Processing /home/airflow/.local/lib/python3.8/site-packages/airflow/example_dags/example_short_circuit_operator.py took 0.101 seconds
[2025-11-16T20:22:31.696+0000] {processor.py:161} INFO - Started process (PID=468) to work on /home/airflow/.local/lib/python3.8/site-packages/airflow/example_dags/example_short_circuit_operator.py
[2025-11-16T20:22:31.698+0000] {processor.py:830} INFO - Processing file /home/airflow/.local/lib/python3.8/site-packages/airflow/example_dags/example_short_circuit_operator.py for tasks to queue
[2025-11-16T20:22:31.700+0000] {logging_mixin.py:188} INFO - [2025-11-16T20:22:31.699+0000] {dagbag.py:538} INFO - Filling up the DagBag from /home/airflow/.local/lib/python3.8/site-packages/airflow/example_dags/example_short_circuit_operator.py
[2025-11-16T20:22:31.713+0000] {processor.py:840} INFO - DAG(s) 'example_short_circuit_operator' retrieved from /home/airflow/.local/lib/python3.8/site-packages/airflow/example_dags/example_short_circuit_operator.py
[2025-11-16T20:22:31.754+0000] {logging_mixin.py:188} INFO - [2025-11-16T20:22:31.753+0000] {dag.py:3036} INFO - Sync 1 DAGs
[2025-11-16T20:22:31.804+0000] {logging_mixin.py:188} INFO - [2025-11-16T20:22:31.804+0000] {dag.py:3823} INFO - Setting next_dagrun for example_short_circuit_operator to 2025-11-15 00:00:00+00:00, run_after=2025-11-16 00:00:00+00:00
[2025-11-16T20:22:31.839+0000] {processor.py:183} INFO - Processing /home/airflow/.local/lib/python3.8/site-packages/airflow/example_dags/example_short_circuit_operator.py took 0.148 seconds
[2025-11-16T20:23:02.057+0000] {processor.py:161} INFO - Started process (PID=546) to work on /home/airflow/.local/lib/python3.8/site-packages/airflow/example_dags/example_short_circuit_operator.py
[2025-11-16T20:23:02.058+0000] {processor.py:830} INFO - Processing file /home/airflow/.local/lib/python3.8/site-packages/airflow/example_dags/example_short_circuit_operator.py for tasks to queue
[2025-11-16T20:23:02.060+0000] {logging_mixin.py:188} INFO - [2025-11-16T20:23:02.059+0000] {dagbag.py:538} INFO - Filling up the DagBag from /home/airflow/.local/lib/python3.8/site-packages/airflow/example_dags/example_short_circuit_operator.py
[2025-11-16T20:23:02.068+0000] {processor.py:840} INFO - DAG(s) 'example_short_circuit_operator' retrieved from /home/airflow/.local/lib/python3.8/site-packages/airflow/example_dags/example_short_circuit_operator.py
[2025-11-16T20:23:02.095+0000] {logging_mixin.py:188} INFO - [2025-11-16T20:23:02.095+0000] {dag.py:3036} INFO - Sync 1 DAGs
[2025-11-16T20:23:02.116+0000] {logging_mixin.py:188} INFO - [2025-11-16T20:23:02.115+0000] {dag.py:3823} INFO - Setting next_dagrun for example_short_circuit_operator to 2025-11-15 00:00:00+00:00, run_after=2025-11-16 00:00:00+00:00
[2025-11-16T20:23:02.138+0000] {processor.py:183} INFO - Processing /home/airflow/.local/lib/python3.8/site-packages/airflow/example_dags/example_short_circuit_operator.py took 0.084 seconds
[2025-11-16T20:23:32.267+0000] {processor.py:161} INFO - Started process (PID=627) to work on /home/airflow/.local/lib/python3.8/site-packages/airflow/example_dags/example_short_circuit_operator.py
[2025-11-16T20:23:32.268+0000] {processor.py:830} INFO - Processing file /home/airflow/.local/lib/python3.8/site-packages/airflow/example_dags/example_short_circuit_operator.py for tasks to queue
[2025-11-16T20:23:32.269+0000] {logging_mixin.py:188} INFO - [2025-11-16T20:23:32.269+0000] {dagbag.py:538} INFO - Filling up the DagBag from /home/airflow/.local/lib/python3.8/site-packages/airflow/example_dags/example_short_circuit_operator.py
[2025-11-16T20:23:32.278+0000] {processor.py:840} INFO - DAG(s) 'example_short_circuit_operator' retrieved from /home/airflow/.local/lib/python3.8/site-packages/airflow/example_dags/example_short_circuit_operator.py
[2025-11-16T20:23:32.308+0000] {logging_mixin.py:188} INFO - [2025-11-16T20:23:32.308+0000] {dag.py:3036} INFO - Sync 1 DAGs
[2025-11-16T20:23:32.335+0000] {logging_mixin.py:188} INFO - [2025-11-16T20:23:32.335+0000] {dag.py:3823} INFO - Setting next_dagrun for example_short_circuit_operator to 2025-11-15 00:00:00+00:00, run_after=2025-11-16 00:00:00+00:00
[2025-11-16T20:23:32.361+0000] {processor.py:183} INFO - Processing /home/airflow/.local/lib/python3.8/site-packages/airflow/example_dags/example_short_circuit_operator.py took 0.100 seconds
[2025-11-16T20:24:02.642+0000] {processor.py:161} INFO - Started process (PID=716) to work on /home/airflow/.local/lib/python3.8/site-packages/airflow/example_dags/example_short_circuit_operator.py
[2025-11-16T20:24:02.643+0000] {processor.py:830} INFO - Processing file /home/airflow/.local/lib/python3.8/site-packages/airflow/example_dags/example_short_circuit_operator.py for tasks to queue
[2025-11-16T20:24:02.644+0000] {logging_mixin.py:188} INFO - [2025-11-16T20:24:02.644+0000] {dagbag.py:538} INFO - Filling up the DagBag from /home/airflow/.local/lib/python3.8/site-packages/airflow/example_dags/example_short_circuit_operator.py
[2025-11-16T20:24:02.652+0000] {processor.py:840} INFO - DAG(s) 'example_short_circuit_operator' retrieved from /home/airflow/.local/lib/python3.8/site-packages/airflow/example_dags/example_short_circuit_operator.py
[2025-11-16T20:24:02.679+0000] {logging_mixin.py:188} INFO - [2025-11-16T20:24:02.679+0000] {dag.py:3036} INFO - Sync 1 DAGs
[2025-11-16T20:24:02.702+0000] {logging_mixin.py:188} INFO - [2025-11-16T20:24:02.702+0000] {dag.py:3823} INFO - Setting next_dagrun for example_short_circuit_operator to 2025-11-15 00:00:00+00:00, run_after=2025-11-16 00:00:00+00:00
[2025-11-16T20:24:02.728+0000] {processor.py:183} INFO - Processing /home/airflow/.local/lib/python3.8/site-packages/airflow/example_dags/example_short_circuit_operator.py took 0.089 seconds
[2025-11-16T20:24:33.769+0000] {processor.py:161} INFO - Started process (PID=804) to work on /home/airflow/.local/lib/python3.8/site-packages/airflow/example_dags/example_short_circuit_operator.py
[2025-11-16T20:24:33.772+0000] {processor.py:830} INFO - Processing file /home/airflow/.local/lib/python3.8/site-packages/airflow/example_dags/example_short_circuit_operator.py for tasks to queue
[2025-11-16T20:24:33.774+0000] {logging_mixin.py:188} INFO - [2025-11-16T20:24:33.773+0000] {dagbag.py:538} INFO - Filling up the DagBag from /home/airflow/.local/lib/python3.8/site-packages/airflow/example_dags/example_short_circuit_operator.py
[2025-11-16T20:24:33.785+0000] {processor.py:840} INFO - DAG(s) 'example_short_circuit_operator' retrieved from /home/airflow/.local/lib/python3.8/site-packages/airflow/example_dags/example_short_circuit_operator.py
[2025-11-16T20:24:33.819+0000] {logging_mixin.py:188} INFO - [2025-11-16T20:24:33.819+0000] {dag.py:3036} INFO - Sync 1 DAGs
[2025-11-16T20:24:33.852+0000] {logging_mixin.py:188} INFO - [2025-11-16T20:24:33.852+0000] {dag.py:3823} INFO - Setting next_dagrun for example_short_circuit_operator to 2025-11-15 00:00:00+00:00, run_after=2025-11-16 00:00:00+00:00
[2025-11-16T20:24:33.885+0000] {processor.py:183} INFO - Processing /home/airflow/.local/lib/python3.8/site-packages/airflow/example_dags/example_short_circuit_operator.py took 0.121 seconds
[2025-11-16T20:25:04.311+0000] {processor.py:161} INFO - Started process (PID=885) to work on /home/airflow/.local/lib/python3.8/site-packages/airflow/example_dags/example_short_circuit_operator.py
[2025-11-16T20:25:04.312+0000] {processor.py:830} INFO - Processing file /home/airflow/.local/lib/python3.8/site-packages/airflow/example_dags/example_short_circuit_operator.py for tasks to queue
[2025-11-16T20:25:04.313+0000] {logging_mixin.py:188} INFO - [2025-11-16T20:25:04.313+0000] {dagbag.py:538} INFO - Filling up the DagBag from /home/airflow/.local/lib/python3.8/site-packages/airflow/example_dags/example_short_circuit_operator.py
[2025-11-16T20:25:04.323+0000] {processor.py:840} INFO - DAG(s) 'example_short_circuit_operator' retrieved from /home/airflow/.local/lib/python3.8/site-packages/airflow/example_dags/example_short_circuit_operator.py
[2025-11-16T20:25:04.357+0000] {logging_mixin.py:188} INFO - [2025-11-16T20:25:04.357+0000] {dag.py:3036} INFO - Sync 1 DAGs
[2025-11-16T20:25:04.386+0000] {logging_mixin.py:188} INFO - [2025-11-16T20:25:04.386+0000] {dag.py:3823} INFO - Setting next_dagrun for example_short_circuit_operator to 2025-11-15 00:00:00+00:00, run_after=2025-11-16 00:00:00+00:00
[2025-11-16T20:25:04.423+0000] {processor.py:183} INFO - Processing /home/airflow/.local/lib/python3.8/site-packages/airflow/example_dags/example_short_circuit_operator.py took 0.115 seconds
[2025-11-16T20:25:35.163+0000] {processor.py:161} INFO - Started process (PID=981) to work on /home/airflow/.local/lib/python3.8/site-packages/airflow/example_dags/example_short_circuit_operator.py
[2025-11-16T20:25:35.166+0000] {processor.py:830} INFO - Processing file /home/airflow/.local/lib/python3.8/site-packages/airflow/example_dags/example_short_circuit_operator.py for tasks to queue
[2025-11-16T20:25:35.167+0000] {logging_mixin.py:188} INFO - [2025-11-16T20:25:35.167+0000] {dagbag.py:538} INFO - Filling up the DagBag from /home/airflow/.local/lib/python3.8/site-packages/airflow/example_dags/example_short_circuit_operator.py
[2025-11-16T20:25:35.177+0000] {processor.py:840} INFO - DAG(s) 'example_short_circuit_operator' retrieved from /home/airflow/.local/lib/python3.8/site-packages/airflow/example_dags/example_short_circuit_operator.py
[2025-11-16T20:25:35.215+0000] {logging_mixin.py:188} INFO - [2025-11-16T20:25:35.214+0000] {dag.py:3036} INFO - Sync 1 DAGs
[2025-11-16T20:25:35.243+0000] {logging_mixin.py:188} INFO - [2025-11-16T20:25:35.242+0000] {dag.py:3823} INFO - Setting next_dagrun for example_short_circuit_operator to 2025-11-15 00:00:00+00:00, run_after=2025-11-16 00:00:00+00:00
[2025-11-16T20:25:35.277+0000] {processor.py:183} INFO - Processing /home/airflow/.local/lib/python3.8/site-packages/airflow/example_dags/example_short_circuit_operator.py took 0.118 seconds
[2025-11-16T20:26:05.391+0000] {processor.py:161} INFO - Started process (PID=1062) to work on /home/airflow/.local/lib/python3.8/site-packages/airflow/example_dags/example_short_circuit_operator.py
[2025-11-16T20:26:05.392+0000] {processor.py:830} INFO - Processing file /home/airflow/.local/lib/python3.8/site-packages/airflow/example_dags/example_short_circuit_operator.py for tasks to queue
[2025-11-16T20:26:05.393+0000] {logging_mixin.py:188} INFO - [2025-11-16T20:26:05.392+0000] {dagbag.py:538} INFO - Filling up the DagBag from /home/airflow/.local/lib/python3.8/site-packages/airflow/example_dags/example_short_circuit_operator.py
[2025-11-16T20:26:05.403+0000] {processor.py:840} INFO - DAG(s) 'example_short_circuit_operator' retrieved from /home/airflow/.local/lib/python3.8/site-packages/airflow/example_dags/example_short_circuit_operator.py
[2025-11-16T20:26:05.444+0000] {logging_mixin.py:188} INFO - [2025-11-16T20:26:05.443+0000] {dag.py:3036} INFO - Sync 1 DAGs
[2025-11-16T20:26:05.471+0000] {logging_mixin.py:188} INFO - [2025-11-16T20:26:05.471+0000] {dag.py:3823} INFO - Setting next_dagrun for example_short_circuit_operator to 2025-11-15 00:00:00+00:00, run_after=2025-11-16 00:00:00+00:00
[2025-11-16T20:26:05.506+0000] {processor.py:183} INFO - Processing /home/airflow/.local/lib/python3.8/site-packages/airflow/example_dags/example_short_circuit_operator.py took 0.119 seconds
[2025-11-16T20:26:35.823+0000] {processor.py:161} INFO - Started process (PID=1158) to work on /home/airflow/.local/lib/python3.8/site-packages/airflow/example_dags/example_short_circuit_operator.py
[2025-11-16T20:26:35.824+0000] {processor.py:830} INFO - Processing file /home/airflow/.local/lib/python3.8/site-packages/airflow/example_dags/example_short_circuit_operator.py for tasks to queue
[2025-11-16T20:26:35.825+0000] {logging_mixin.py:188} INFO - [2025-11-16T20:26:35.825+0000] {dagbag.py:538} INFO - Filling up the DagBag from /home/airflow/.local/lib/python3.8/site-packages/airflow/example_dags/example_short_circuit_operator.py
[2025-11-16T20:26:35.833+0000] {processor.py:840} INFO - DAG(s) 'example_short_circuit_operator' retrieved from /home/airflow/.local/lib/python3.8/site-packages/airflow/example_dags/example_short_circuit_operator.py
[2025-11-16T20:26:35.860+0000] {logging_mixin.py:188} INFO - [2025-11-16T20:26:35.859+0000] {dag.py:3036} INFO - Sync 1 DAGs
[2025-11-16T20:26:35.881+0000] {logging_mixin.py:188} INFO - [2025-11-16T20:26:35.881+0000] {dag.py:3823} INFO - Setting next_dagrun for example_short_circuit_operator to 2025-11-15 00:00:00+00:00, run_after=2025-11-16 00:00:00+00:00
[2025-11-16T20:26:35.904+0000] {processor.py:183} INFO - Processing /home/airflow/.local/lib/python3.8/site-packages/airflow/example_dags/example_short_circuit_operator.py took 0.085 seconds
[2025-11-16T20:27:06.039+0000] {processor.py:161} INFO - Started process (PID=1237) to work on /home/airflow/.local/lib/python3.8/site-packages/airflow/example_dags/example_short_circuit_operator.py
[2025-11-16T20:27:06.040+0000] {processor.py:830} INFO - Processing file /home/airflow/.local/lib/python3.8/site-packages/airflow/example_dags/example_short_circuit_operator.py for tasks to queue
[2025-11-16T20:27:06.041+0000] {logging_mixin.py:188} INFO - [2025-11-16T20:27:06.041+0000] {dagbag.py:538} INFO - Filling up the DagBag from /home/airflow/.local/lib/python3.8/site-packages/airflow/example_dags/example_short_circuit_operator.py
[2025-11-16T20:27:06.050+0000] {processor.py:840} INFO - DAG(s) 'example_short_circuit_operator' retrieved from /home/airflow/.local/lib/python3.8/site-packages/airflow/example_dags/example_short_circuit_operator.py
[2025-11-16T20:27:06.078+0000] {logging_mixin.py:188} INFO - [2025-11-16T20:27:06.078+0000] {dag.py:3036} INFO - Sync 1 DAGs
[2025-11-16T20:27:06.104+0000] {logging_mixin.py:188} INFO - [2025-11-16T20:27:06.104+0000] {dag.py:3823} INFO - Setting next_dagrun for example_short_circuit_operator to 2025-11-15 00:00:00+00:00, run_after=2025-11-16 00:00:00+00:00
[2025-11-16T20:27:06.127+0000] {processor.py:183} INFO - Processing /home/airflow/.local/lib/python3.8/site-packages/airflow/example_dags/example_short_circuit_operator.py took 0.091 seconds
[2025-11-16T20:27:36.455+0000] {processor.py:161} INFO - Started process (PID=1333) to work on /home/airflow/.local/lib/python3.8/site-packages/airflow/example_dags/example_short_circuit_operator.py
[2025-11-16T20:27:36.456+0000] {processor.py:830} INFO - Processing file /home/airflow/.local/lib/python3.8/site-packages/airflow/example_dags/example_short_circuit_operator.py for tasks to queue
[2025-11-16T20:27:36.458+0000] {logging_mixin.py:188} INFO - [2025-11-16T20:27:36.458+0000] {dagbag.py:538} INFO - Filling up the DagBag from /home/airflow/.local/lib/python3.8/site-packages/airflow/example_dags/example_short_circuit_operator.py
[2025-11-16T20:27:36.467+0000] {processor.py:840} INFO - DAG(s) 'example_short_circuit_operator' retrieved from /home/airflow/.local/lib/python3.8/site-packages/airflow/example_dags/example_short_circuit_operator.py
[2025-11-16T20:27:36.491+0000] {logging_mixin.py:188} INFO - [2025-11-16T20:27:36.491+0000] {dag.py:3036} INFO - Sync 1 DAGs
[2025-11-16T20:27:36.516+0000] {logging_mixin.py:188} INFO - [2025-11-16T20:27:36.515+0000] {dag.py:3823} INFO - Setting next_dagrun for example_short_circuit_operator to 2025-11-15 00:00:00+00:00, run_after=2025-11-16 00:00:00+00:00
[2025-11-16T20:27:36.538+0000] {processor.py:183} INFO - Processing /home/airflow/.local/lib/python3.8/site-packages/airflow/example_dags/example_short_circuit_operator.py took 0.087 seconds
[2025-11-16T20:28:06.785+0000] {processor.py:161} INFO - Started process (PID=1414) to work on /home/airflow/.local/lib/python3.8/site-packages/airflow/example_dags/example_short_circuit_operator.py
[2025-11-16T20:28:06.786+0000] {processor.py:830} INFO - Processing file /home/airflow/.local/lib/python3.8/site-packages/airflow/example_dags/example_short_circuit_operator.py for tasks to queue
[2025-11-16T20:28:06.788+0000] {logging_mixin.py:188} INFO - [2025-11-16T20:28:06.787+0000] {dagbag.py:538} INFO - Filling up the DagBag from /home/airflow/.local/lib/python3.8/site-packages/airflow/example_dags/example_short_circuit_operator.py
[2025-11-16T20:28:06.803+0000] {processor.py:840} INFO - DAG(s) 'example_short_circuit_operator' retrieved from /home/airflow/.local/lib/python3.8/site-packages/airflow/example_dags/example_short_circuit_operator.py
[2025-11-16T20:28:06.829+0000] {logging_mixin.py:188} INFO - [2025-11-16T20:28:06.829+0000] {dag.py:3036} INFO - Sync 1 DAGs
[2025-11-16T20:28:06.852+0000] {logging_mixin.py:188} INFO - [2025-11-16T20:28:06.852+0000] {dag.py:3823} INFO - Setting next_dagrun for example_short_circuit_operator to 2025-11-15 00:00:00+00:00, run_after=2025-11-16 00:00:00+00:00
[2025-11-16T20:28:06.873+0000] {processor.py:183} INFO - Processing /home/airflow/.local/lib/python3.8/site-packages/airflow/example_dags/example_short_circuit_operator.py took 0.091 seconds
[2025-11-16T20:28:37.148+0000] {processor.py:161} INFO - Started process (PID=1502) to work on /home/airflow/.local/lib/python3.8/site-packages/airflow/example_dags/example_short_circuit_operator.py
[2025-11-16T20:28:37.149+0000] {processor.py:830} INFO - Processing file /home/airflow/.local/lib/python3.8/site-packages/airflow/example_dags/example_short_circuit_operator.py for tasks to queue
[2025-11-16T20:28:37.151+0000] {logging_mixin.py:188} INFO - [2025-11-16T20:28:37.150+0000] {dagbag.py:538} INFO - Filling up the DagBag from /home/airflow/.local/lib/python3.8/site-packages/airflow/example_dags/example_short_circuit_operator.py
[2025-11-16T20:28:37.160+0000] {processor.py:840} INFO - DAG(s) 'example_short_circuit_operator' retrieved from /home/airflow/.local/lib/python3.8/site-packages/airflow/example_dags/example_short_circuit_operator.py
[2025-11-16T20:28:37.188+0000] {logging_mixin.py:188} INFO - [2025-11-16T20:28:37.188+0000] {dag.py:3036} INFO - Sync 1 DAGs
[2025-11-16T20:28:37.210+0000] {logging_mixin.py:188} INFO - [2025-11-16T20:28:37.210+0000] {dag.py:3823} INFO - Setting next_dagrun for example_short_circuit_operator to 2025-11-15 00:00:00+00:00, run_after=2025-11-16 00:00:00+00:00
[2025-11-16T20:28:37.233+0000] {processor.py:183} INFO - Processing /home/airflow/.local/lib/python3.8/site-packages/airflow/example_dags/example_short_circuit_operator.py took 0.088 seconds
[2025-11-16T20:29:08.300+0000] {processor.py:161} INFO - Started process (PID=1590) to work on /home/airflow/.local/lib/python3.8/site-packages/airflow/example_dags/example_short_circuit_operator.py
[2025-11-16T20:29:08.301+0000] {processor.py:830} INFO - Processing file /home/airflow/.local/lib/python3.8/site-packages/airflow/example_dags/example_short_circuit_operator.py for tasks to queue
[2025-11-16T20:29:08.302+0000] {logging_mixin.py:188} INFO - [2025-11-16T20:29:08.302+0000] {dagbag.py:538} INFO - Filling up the DagBag from /home/airflow/.local/lib/python3.8/site-packages/airflow/example_dags/example_short_circuit_operator.py
[2025-11-16T20:29:08.319+0000] {processor.py:840} INFO - DAG(s) 'example_short_circuit_operator' retrieved from /home/airflow/.local/lib/python3.8/site-packages/airflow/example_dags/example_short_circuit_operator.py
[2025-11-16T20:29:08.365+0000] {logging_mixin.py:188} INFO - [2025-11-16T20:29:08.364+0000] {dag.py:3036} INFO - Sync 1 DAGs
[2025-11-16T20:29:08.401+0000] {logging_mixin.py:188} INFO - [2025-11-16T20:29:08.400+0000] {dag.py:3823} INFO - Setting next_dagrun for example_short_circuit_operator to 2025-11-15 00:00:00+00:00, run_after=2025-11-16 00:00:00+00:00
[2025-11-16T20:29:08.449+0000] {processor.py:183} INFO - Processing /home/airflow/.local/lib/python3.8/site-packages/airflow/example_dags/example_short_circuit_operator.py took 0.157 seconds
[2025-11-16T20:29:41.364+0000] {processor.py:161} INFO - Started process (PID=1670) to work on /home/airflow/.local/lib/python3.8/site-packages/airflow/example_dags/example_short_circuit_operator.py
[2025-11-16T20:29:41.365+0000] {processor.py:830} INFO - Processing file /home/airflow/.local/lib/python3.8/site-packages/airflow/example_dags/example_short_circuit_operator.py for tasks to queue
[2025-11-16T20:29:41.366+0000] {logging_mixin.py:188} INFO - [2025-11-16T20:29:41.366+0000] {dagbag.py:538} INFO - Filling up the DagBag from /home/airflow/.local/lib/python3.8/site-packages/airflow/example_dags/example_short_circuit_operator.py
[2025-11-16T20:29:41.378+0000] {processor.py:840} INFO - DAG(s) 'example_short_circuit_operator' retrieved from /home/airflow/.local/lib/python3.8/site-packages/airflow/example_dags/example_short_circuit_operator.py
[2025-11-16T20:29:41.433+0000] {logging_mixin.py:188} INFO - [2025-11-16T20:29:41.432+0000] {dag.py:3036} INFO - Sync 1 DAGs
[2025-11-16T20:29:41.499+0000] {logging_mixin.py:188} INFO - [2025-11-16T20:29:41.499+0000] {dag.py:3823} INFO - Setting next_dagrun for example_short_circuit_operator to 2025-11-15 00:00:00+00:00, run_after=2025-11-16 00:00:00+00:00
[2025-11-16T20:29:41.543+0000] {processor.py:183} INFO - Processing /home/airflow/.local/lib/python3.8/site-packages/airflow/example_dags/example_short_circuit_operator.py took 0.186 seconds
[2025-11-16T20:30:11.877+0000] {processor.py:161} INFO - Started process (PID=1751) to work on /home/airflow/.local/lib/python3.8/site-packages/airflow/example_dags/example_short_circuit_operator.py
[2025-11-16T20:30:11.878+0000] {processor.py:830} INFO - Processing file /home/airflow/.local/lib/python3.8/site-packages/airflow/example_dags/example_short_circuit_operator.py for tasks to queue
[2025-11-16T20:30:11.880+0000] {logging_mixin.py:188} INFO - [2025-11-16T20:30:11.879+0000] {dagbag.py:538} INFO - Filling up the DagBag from /home/airflow/.local/lib/python3.8/site-packages/airflow/example_dags/example_short_circuit_operator.py
[2025-11-16T20:30:11.895+0000] {processor.py:840} INFO - DAG(s) 'example_short_circuit_operator' retrieved from /home/airflow/.local/lib/python3.8/site-packages/airflow/example_dags/example_short_circuit_operator.py
[2025-11-16T20:30:11.932+0000] {logging_mixin.py:188} INFO - [2025-11-16T20:30:11.932+0000] {dag.py:3036} INFO - Sync 1 DAGs
[2025-11-16T20:30:11.958+0000] {logging_mixin.py:188} INFO - [2025-11-16T20:30:11.957+0000] {dag.py:3823} INFO - Setting next_dagrun for example_short_circuit_operator to 2025-11-15 00:00:00+00:00, run_after=2025-11-16 00:00:00+00:00
[2025-11-16T20:30:11.987+0000] {processor.py:183} INFO - Processing /home/airflow/.local/lib/python3.8/site-packages/airflow/example_dags/example_short_circuit_operator.py took 0.116 seconds
[2025-11-16T20:30:43.279+0000] {processor.py:161} INFO - Started process (PID=1834) to work on /home/airflow/.local/lib/python3.8/site-packages/airflow/example_dags/example_short_circuit_operator.py
[2025-11-16T20:30:43.280+0000] {processor.py:830} INFO - Processing file /home/airflow/.local/lib/python3.8/site-packages/airflow/example_dags/example_short_circuit_operator.py for tasks to queue
[2025-11-16T20:30:43.284+0000] {logging_mixin.py:188} INFO - [2025-11-16T20:30:43.281+0000] {dagbag.py:538} INFO - Filling up the DagBag from /home/airflow/.local/lib/python3.8/site-packages/airflow/example_dags/example_short_circuit_operator.py
[2025-11-16T20:30:43.301+0000] {processor.py:840} INFO - DAG(s) 'example_short_circuit_operator' retrieved from /home/airflow/.local/lib/python3.8/site-packages/airflow/example_dags/example_short_circuit_operator.py
[2025-11-16T20:30:43.354+0000] {logging_mixin.py:188} INFO - [2025-11-16T20:30:43.353+0000] {dag.py:3036} INFO - Sync 1 DAGs
[2025-11-16T20:30:43.405+0000] {logging_mixin.py:188} INFO - [2025-11-16T20:30:43.404+0000] {dag.py:3823} INFO - Setting next_dagrun for example_short_circuit_operator to 2025-11-15 00:00:00+00:00, run_after=2025-11-16 00:00:00+00:00
[2025-11-16T20:30:43.652+0000] {processor.py:183} INFO - Processing /home/airflow/.local/lib/python3.8/site-packages/airflow/example_dags/example_short_circuit_operator.py took 0.378 seconds
[2025-11-16T20:31:13.742+0000] {processor.py:161} INFO - Started process (PID=1915) to work on /home/airflow/.local/lib/python3.8/site-packages/airflow/example_dags/example_short_circuit_operator.py
[2025-11-16T20:31:13.743+0000] {processor.py:830} INFO - Processing file /home/airflow/.local/lib/python3.8/site-packages/airflow/example_dags/example_short_circuit_operator.py for tasks to queue
[2025-11-16T20:31:13.744+0000] {logging_mixin.py:188} INFO - [2025-11-16T20:31:13.744+0000] {dagbag.py:538} INFO - Filling up the DagBag from /home/airflow/.local/lib/python3.8/site-packages/airflow/example_dags/example_short_circuit_operator.py
[2025-11-16T20:31:13.757+0000] {processor.py:840} INFO - DAG(s) 'example_short_circuit_operator' retrieved from /home/airflow/.local/lib/python3.8/site-packages/airflow/example_dags/example_short_circuit_operator.py
[2025-11-16T20:31:13.802+0000] {logging_mixin.py:188} INFO - [2025-11-16T20:31:13.802+0000] {dag.py:3036} INFO - Sync 1 DAGs
[2025-11-16T20:31:13.834+0000] {logging_mixin.py:188} INFO - [2025-11-16T20:31:13.834+0000] {dag.py:3823} INFO - Setting next_dagrun for example_short_circuit_operator to 2025-11-15 00:00:00+00:00, run_after=2025-11-16 00:00:00+00:00
[2025-11-16T20:31:13.875+0000] {processor.py:183} INFO - Processing /home/airflow/.local/lib/python3.8/site-packages/airflow/example_dags/example_short_circuit_operator.py took 0.140 seconds
[2025-11-16T20:31:44.703+0000] {processor.py:161} INFO - Started process (PID=1999) to work on /home/airflow/.local/lib/python3.8/site-packages/airflow/example_dags/example_short_circuit_operator.py
[2025-11-16T20:31:44.707+0000] {processor.py:830} INFO - Processing file /home/airflow/.local/lib/python3.8/site-packages/airflow/example_dags/example_short_circuit_operator.py for tasks to queue
[2025-11-16T20:31:44.709+0000] {logging_mixin.py:188} INFO - [2025-11-16T20:31:44.708+0000] {dagbag.py:538} INFO - Filling up the DagBag from /home/airflow/.local/lib/python3.8/site-packages/airflow/example_dags/example_short_circuit_operator.py
[2025-11-16T20:31:44.722+0000] {processor.py:840} INFO - DAG(s) 'example_short_circuit_operator' retrieved from /home/airflow/.local/lib/python3.8/site-packages/airflow/example_dags/example_short_circuit_operator.py
[2025-11-16T20:31:44.757+0000] {logging_mixin.py:188} INFO - [2025-11-16T20:31:44.757+0000] {dag.py:3036} INFO - Sync 1 DAGs
[2025-11-16T20:31:44.791+0000] {logging_mixin.py:188} INFO - [2025-11-16T20:31:44.791+0000] {dag.py:3823} INFO - Setting next_dagrun for example_short_circuit_operator to 2025-11-15 00:00:00+00:00, run_after=2025-11-16 00:00:00+00:00
[2025-11-16T20:31:44.823+0000] {processor.py:183} INFO - Processing /home/airflow/.local/lib/python3.8/site-packages/airflow/example_dags/example_short_circuit_operator.py took 0.123 seconds
[2025-11-16T20:32:14.943+0000] {processor.py:161} INFO - Started process (PID=2080) to work on /home/airflow/.local/lib/python3.8/site-packages/airflow/example_dags/example_short_circuit_operator.py
[2025-11-16T20:32:14.944+0000] {processor.py:830} INFO - Processing file /home/airflow/.local/lib/python3.8/site-packages/airflow/example_dags/example_short_circuit_operator.py for tasks to queue
[2025-11-16T20:32:14.945+0000] {logging_mixin.py:188} INFO - [2025-11-16T20:32:14.945+0000] {dagbag.py:538} INFO - Filling up the DagBag from /home/airflow/.local/lib/python3.8/site-packages/airflow/example_dags/example_short_circuit_operator.py
[2025-11-16T20:32:14.956+0000] {processor.py:840} INFO - DAG(s) 'example_short_circuit_operator' retrieved from /home/airflow/.local/lib/python3.8/site-packages/airflow/example_dags/example_short_circuit_operator.py
[2025-11-16T20:32:14.990+0000] {logging_mixin.py:188} INFO - [2025-11-16T20:32:14.990+0000] {dag.py:3036} INFO - Sync 1 DAGs
[2025-11-16T20:32:15.029+0000] {logging_mixin.py:188} INFO - [2025-11-16T20:32:15.029+0000] {dag.py:3823} INFO - Setting next_dagrun for example_short_circuit_operator to 2025-11-15 00:00:00+00:00, run_after=2025-11-16 00:00:00+00:00
[2025-11-16T20:32:15.067+0000] {processor.py:183} INFO - Processing /home/airflow/.local/lib/python3.8/site-packages/airflow/example_dags/example_short_circuit_operator.py took 0.127 seconds
[2025-11-16T20:32:47.070+0000] {processor.py:161} INFO - Started process (PID=2110) to work on /home/airflow/.local/lib/python3.8/site-packages/airflow/example_dags/example_short_circuit_operator.py
[2025-11-16T20:32:47.071+0000] {processor.py:830} INFO - Processing file /home/airflow/.local/lib/python3.8/site-packages/airflow/example_dags/example_short_circuit_operator.py for tasks to queue
[2025-11-16T20:32:47.073+0000] {logging_mixin.py:188} INFO - [2025-11-16T20:32:47.072+0000] {dagbag.py:538} INFO - Filling up the DagBag from /home/airflow/.local/lib/python3.8/site-packages/airflow/example_dags/example_short_circuit_operator.py
[2025-11-16T20:32:47.090+0000] {processor.py:840} INFO - DAG(s) 'example_short_circuit_operator' retrieved from /home/airflow/.local/lib/python3.8/site-packages/airflow/example_dags/example_short_circuit_operator.py
[2025-11-16T20:32:47.139+0000] {logging_mixin.py:188} INFO - [2025-11-16T20:32:47.139+0000] {dag.py:3036} INFO - Sync 1 DAGs
[2025-11-16T20:32:47.184+0000] {logging_mixin.py:188} INFO - [2025-11-16T20:32:47.184+0000] {dag.py:3823} INFO - Setting next_dagrun for example_short_circuit_operator to 2025-11-15 00:00:00+00:00, run_after=2025-11-16 00:00:00+00:00
[2025-11-16T20:32:47.228+0000] {processor.py:183} INFO - Processing /home/airflow/.local/lib/python3.8/site-packages/airflow/example_dags/example_short_circuit_operator.py took 0.166 seconds
[2025-11-16T20:33:17.825+0000] {processor.py:161} INFO - Started process (PID=2200) to work on /home/airflow/.local/lib/python3.8/site-packages/airflow/example_dags/example_short_circuit_operator.py
[2025-11-16T20:33:17.826+0000] {processor.py:830} INFO - Processing file /home/airflow/.local/lib/python3.8/site-packages/airflow/example_dags/example_short_circuit_operator.py for tasks to queue
[2025-11-16T20:33:17.827+0000] {logging_mixin.py:188} INFO - [2025-11-16T20:33:17.827+0000] {dagbag.py:538} INFO - Filling up the DagBag from /home/airflow/.local/lib/python3.8/site-packages/airflow/example_dags/example_short_circuit_operator.py
[2025-11-16T20:33:17.835+0000] {processor.py:840} INFO - DAG(s) 'example_short_circuit_operator' retrieved from /home/airflow/.local/lib/python3.8/site-packages/airflow/example_dags/example_short_circuit_operator.py
[2025-11-16T20:33:17.861+0000] {logging_mixin.py:188} INFO - [2025-11-16T20:33:17.861+0000] {dag.py:3036} INFO - Sync 1 DAGs
[2025-11-16T20:33:17.884+0000] {logging_mixin.py:188} INFO - [2025-11-16T20:33:17.883+0000] {dag.py:3823} INFO - Setting next_dagrun for example_short_circuit_operator to 2025-11-15 00:00:00+00:00, run_after=2025-11-16 00:00:00+00:00
[2025-11-16T20:33:17.907+0000] {processor.py:183} INFO - Processing /home/airflow/.local/lib/python3.8/site-packages/airflow/example_dags/example_short_circuit_operator.py took 0.085 seconds
[2025-11-16T20:33:48.655+0000] {processor.py:161} INFO - Started process (PID=2289) to work on /home/airflow/.local/lib/python3.8/site-packages/airflow/example_dags/example_short_circuit_operator.py
[2025-11-16T20:33:48.656+0000] {processor.py:830} INFO - Processing file /home/airflow/.local/lib/python3.8/site-packages/airflow/example_dags/example_short_circuit_operator.py for tasks to queue
[2025-11-16T20:33:48.658+0000] {logging_mixin.py:188} INFO - [2025-11-16T20:33:48.657+0000] {dagbag.py:538} INFO - Filling up the DagBag from /home/airflow/.local/lib/python3.8/site-packages/airflow/example_dags/example_short_circuit_operator.py
[2025-11-16T20:33:48.668+0000] {processor.py:840} INFO - DAG(s) 'example_short_circuit_operator' retrieved from /home/airflow/.local/lib/python3.8/site-packages/airflow/example_dags/example_short_circuit_operator.py
[2025-11-16T20:33:48.701+0000] {logging_mixin.py:188} INFO - [2025-11-16T20:33:48.701+0000] {dag.py:3036} INFO - Sync 1 DAGs
[2025-11-16T20:33:48.732+0000] {logging_mixin.py:188} INFO - [2025-11-16T20:33:48.732+0000] {dag.py:3823} INFO - Setting next_dagrun for example_short_circuit_operator to 2025-11-15 00:00:00+00:00, run_after=2025-11-16 00:00:00+00:00
[2025-11-16T20:33:48.758+0000] {processor.py:183} INFO - Processing /home/airflow/.local/lib/python3.8/site-packages/airflow/example_dags/example_short_circuit_operator.py took 0.106 seconds
[2025-11-16T20:34:18.889+0000] {processor.py:161} INFO - Started process (PID=2378) to work on /home/airflow/.local/lib/python3.8/site-packages/airflow/example_dags/example_short_circuit_operator.py
[2025-11-16T20:34:18.890+0000] {processor.py:830} INFO - Processing file /home/airflow/.local/lib/python3.8/site-packages/airflow/example_dags/example_short_circuit_operator.py for tasks to queue
[2025-11-16T20:34:18.891+0000] {logging_mixin.py:188} INFO - [2025-11-16T20:34:18.891+0000] {dagbag.py:538} INFO - Filling up the DagBag from /home/airflow/.local/lib/python3.8/site-packages/airflow/example_dags/example_short_circuit_operator.py
[2025-11-16T20:34:18.899+0000] {processor.py:840} INFO - DAG(s) 'example_short_circuit_operator' retrieved from /home/airflow/.local/lib/python3.8/site-packages/airflow/example_dags/example_short_circuit_operator.py
[2025-11-16T20:34:18.925+0000] {logging_mixin.py:188} INFO - [2025-11-16T20:34:18.925+0000] {dag.py:3036} INFO - Sync 1 DAGs
[2025-11-16T20:34:18.946+0000] {logging_mixin.py:188} INFO - [2025-11-16T20:34:18.945+0000] {dag.py:3823} INFO - Setting next_dagrun for example_short_circuit_operator to 2025-11-15 00:00:00+00:00, run_after=2025-11-16 00:00:00+00:00
[2025-11-16T20:34:18.970+0000] {processor.py:183} INFO - Processing /home/airflow/.local/lib/python3.8/site-packages/airflow/example_dags/example_short_circuit_operator.py took 0.084 seconds
[2025-11-16T20:34:49.320+0000] {processor.py:161} INFO - Started process (PID=2459) to work on /home/airflow/.local/lib/python3.8/site-packages/airflow/example_dags/example_short_circuit_operator.py
[2025-11-16T20:34:49.321+0000] {processor.py:830} INFO - Processing file /home/airflow/.local/lib/python3.8/site-packages/airflow/example_dags/example_short_circuit_operator.py for tasks to queue
[2025-11-16T20:34:49.323+0000] {logging_mixin.py:188} INFO - [2025-11-16T20:34:49.322+0000] {dagbag.py:538} INFO - Filling up the DagBag from /home/airflow/.local/lib/python3.8/site-packages/airflow/example_dags/example_short_circuit_operator.py
[2025-11-16T20:34:49.334+0000] {processor.py:840} INFO - DAG(s) 'example_short_circuit_operator' retrieved from /home/airflow/.local/lib/python3.8/site-packages/airflow/example_dags/example_short_circuit_operator.py
[2025-11-16T20:34:49.368+0000] {logging_mixin.py:188} INFO - [2025-11-16T20:34:49.368+0000] {dag.py:3036} INFO - Sync 1 DAGs
[2025-11-16T20:34:49.400+0000] {logging_mixin.py:188} INFO - [2025-11-16T20:34:49.399+0000] {dag.py:3823} INFO - Setting next_dagrun for example_short_circuit_operator to 2025-11-15 00:00:00+00:00, run_after=2025-11-16 00:00:00+00:00
[2025-11-16T20:34:49.432+0000] {processor.py:183} INFO - Processing /home/airflow/.local/lib/python3.8/site-packages/airflow/example_dags/example_short_circuit_operator.py took 0.115 seconds
[2025-11-16T20:35:20.733+0000] {processor.py:161} INFO - Started process (PID=2555) to work on /home/airflow/.local/lib/python3.8/site-packages/airflow/example_dags/example_short_circuit_operator.py
[2025-11-16T20:35:20.737+0000] {processor.py:830} INFO - Processing file /home/airflow/.local/lib/python3.8/site-packages/airflow/example_dags/example_short_circuit_operator.py for tasks to queue
[2025-11-16T20:35:20.739+0000] {logging_mixin.py:188} INFO - [2025-11-16T20:35:20.739+0000] {dagbag.py:538} INFO - Filling up the DagBag from /home/airflow/.local/lib/python3.8/site-packages/airflow/example_dags/example_short_circuit_operator.py
[2025-11-16T20:35:20.754+0000] {processor.py:840} INFO - DAG(s) 'example_short_circuit_operator' retrieved from /home/airflow/.local/lib/python3.8/site-packages/airflow/example_dags/example_short_circuit_operator.py
[2025-11-16T20:35:20.820+0000] {logging_mixin.py:188} INFO - [2025-11-16T20:35:20.819+0000] {dag.py:3036} INFO - Sync 1 DAGs
[2025-11-16T20:35:20.865+0000] {logging_mixin.py:188} INFO - [2025-11-16T20:35:20.865+0000] {dag.py:3823} INFO - Setting next_dagrun for example_short_circuit_operator to 2025-11-15 00:00:00+00:00, run_after=2025-11-16 00:00:00+00:00
[2025-11-16T20:35:20.910+0000] {processor.py:183} INFO - Processing /home/airflow/.local/lib/python3.8/site-packages/airflow/example_dags/example_short_circuit_operator.py took 0.182 seconds
[2025-11-16T20:35:51.672+0000] {processor.py:161} INFO - Started process (PID=2636) to work on /home/airflow/.local/lib/python3.8/site-packages/airflow/example_dags/example_short_circuit_operator.py
[2025-11-16T20:35:51.673+0000] {processor.py:830} INFO - Processing file /home/airflow/.local/lib/python3.8/site-packages/airflow/example_dags/example_short_circuit_operator.py for tasks to queue
[2025-11-16T20:35:51.674+0000] {logging_mixin.py:188} INFO - [2025-11-16T20:35:51.674+0000] {dagbag.py:538} INFO - Filling up the DagBag from /home/airflow/.local/lib/python3.8/site-packages/airflow/example_dags/example_short_circuit_operator.py
[2025-11-16T20:35:51.687+0000] {processor.py:840} INFO - DAG(s) 'example_short_circuit_operator' retrieved from /home/airflow/.local/lib/python3.8/site-packages/airflow/example_dags/example_short_circuit_operator.py
[2025-11-16T20:35:51.732+0000] {logging_mixin.py:188} INFO - [2025-11-16T20:35:51.732+0000] {dag.py:3036} INFO - Sync 1 DAGs
[2025-11-16T20:35:51.780+0000] {logging_mixin.py:188} INFO - [2025-11-16T20:35:51.779+0000] {dag.py:3823} INFO - Setting next_dagrun for example_short_circuit_operator to 2025-11-15 00:00:00+00:00, run_after=2025-11-16 00:00:00+00:00
[2025-11-16T20:35:51.804+0000] {processor.py:183} INFO - Processing /home/airflow/.local/lib/python3.8/site-packages/airflow/example_dags/example_short_circuit_operator.py took 0.140 seconds
[2025-11-16T20:36:22.774+0000] {processor.py:161} INFO - Started process (PID=2719) to work on /home/airflow/.local/lib/python3.8/site-packages/airflow/example_dags/example_short_circuit_operator.py
[2025-11-16T20:36:22.776+0000] {processor.py:830} INFO - Processing file /home/airflow/.local/lib/python3.8/site-packages/airflow/example_dags/example_short_circuit_operator.py for tasks to queue
[2025-11-16T20:36:22.777+0000] {logging_mixin.py:188} INFO - [2025-11-16T20:36:22.777+0000] {dagbag.py:538} INFO - Filling up the DagBag from /home/airflow/.local/lib/python3.8/site-packages/airflow/example_dags/example_short_circuit_operator.py
[2025-11-16T20:36:22.791+0000] {processor.py:840} INFO - DAG(s) 'example_short_circuit_operator' retrieved from /home/airflow/.local/lib/python3.8/site-packages/airflow/example_dags/example_short_circuit_operator.py
[2025-11-16T20:36:22.833+0000] {logging_mixin.py:188} INFO - [2025-11-16T20:36:22.833+0000] {dag.py:3036} INFO - Sync 1 DAGs
[2025-11-16T20:36:22.867+0000] {logging_mixin.py:188} INFO - [2025-11-16T20:36:22.867+0000] {dag.py:3823} INFO - Setting next_dagrun for example_short_circuit_operator to 2025-11-15 00:00:00+00:00, run_after=2025-11-16 00:00:00+00:00
[2025-11-16T20:36:22.905+0000] {processor.py:183} INFO - Processing /home/airflow/.local/lib/python3.8/site-packages/airflow/example_dags/example_short_circuit_operator.py took 0.134 seconds
[2025-11-16T20:36:53.986+0000] {processor.py:161} INFO - Started process (PID=2801) to work on /home/airflow/.local/lib/python3.8/site-packages/airflow/example_dags/example_short_circuit_operator.py
[2025-11-16T20:36:53.987+0000] {processor.py:830} INFO - Processing file /home/airflow/.local/lib/python3.8/site-packages/airflow/example_dags/example_short_circuit_operator.py for tasks to queue
[2025-11-16T20:36:53.988+0000] {logging_mixin.py:188} INFO - [2025-11-16T20:36:53.988+0000] {dagbag.py:538} INFO - Filling up the DagBag from /home/airflow/.local/lib/python3.8/site-packages/airflow/example_dags/example_short_circuit_operator.py
[2025-11-16T20:36:54.003+0000] {processor.py:840} INFO - DAG(s) 'example_short_circuit_operator' retrieved from /home/airflow/.local/lib/python3.8/site-packages/airflow/example_dags/example_short_circuit_operator.py
[2025-11-16T20:36:54.038+0000] {logging_mixin.py:188} INFO - [2025-11-16T20:36:54.038+0000] {dag.py:3036} INFO - Sync 1 DAGs
[2025-11-16T20:36:54.066+0000] {logging_mixin.py:188} INFO - [2025-11-16T20:36:54.066+0000] {dag.py:3823} INFO - Setting next_dagrun for example_short_circuit_operator to 2025-11-15 00:00:00+00:00, run_after=2025-11-16 00:00:00+00:00
[2025-11-16T20:36:54.097+0000] {processor.py:183} INFO - Processing /home/airflow/.local/lib/python3.8/site-packages/airflow/example_dags/example_short_circuit_operator.py took 0.115 seconds
[2025-11-16T20:37:24.707+0000] {processor.py:161} INFO - Started process (PID=2867) to work on /home/airflow/.local/lib/python3.8/site-packages/airflow/example_dags/example_short_circuit_operator.py
[2025-11-16T20:37:24.708+0000] {processor.py:830} INFO - Processing file /home/airflow/.local/lib/python3.8/site-packages/airflow/example_dags/example_short_circuit_operator.py for tasks to queue
[2025-11-16T20:37:24.711+0000] {logging_mixin.py:188} INFO - [2025-11-16T20:37:24.709+0000] {dagbag.py:538} INFO - Filling up the DagBag from /home/airflow/.local/lib/python3.8/site-packages/airflow/example_dags/example_short_circuit_operator.py
[2025-11-16T20:37:24.730+0000] {processor.py:840} INFO - DAG(s) 'example_short_circuit_operator' retrieved from /home/airflow/.local/lib/python3.8/site-packages/airflow/example_dags/example_short_circuit_operator.py
[2025-11-16T20:37:24.771+0000] {logging_mixin.py:188} INFO - [2025-11-16T20:37:24.771+0000] {dag.py:3036} INFO - Sync 1 DAGs
[2025-11-16T20:37:24.808+0000] {logging_mixin.py:188} INFO - [2025-11-16T20:37:24.808+0000] {dag.py:3823} INFO - Setting next_dagrun for example_short_circuit_operator to 2025-11-15 00:00:00+00:00, run_after=2025-11-16 00:00:00+00:00
[2025-11-16T20:37:24.841+0000] {processor.py:183} INFO - Processing /home/airflow/.local/lib/python3.8/site-packages/airflow/example_dags/example_short_circuit_operator.py took 0.137 seconds
[2025-11-16T20:37:55.843+0000] {processor.py:161} INFO - Started process (PID=2948) to work on /home/airflow/.local/lib/python3.8/site-packages/airflow/example_dags/example_short_circuit_operator.py
[2025-11-16T20:37:55.846+0000] {processor.py:830} INFO - Processing file /home/airflow/.local/lib/python3.8/site-packages/airflow/example_dags/example_short_circuit_operator.py for tasks to queue
[2025-11-16T20:37:55.848+0000] {logging_mixin.py:188} INFO - [2025-11-16T20:37:55.848+0000] {dagbag.py:538} INFO - Filling up the DagBag from /home/airflow/.local/lib/python3.8/site-packages/airflow/example_dags/example_short_circuit_operator.py
[2025-11-16T20:37:55.859+0000] {processor.py:840} INFO - DAG(s) 'example_short_circuit_operator' retrieved from /home/airflow/.local/lib/python3.8/site-packages/airflow/example_dags/example_short_circuit_operator.py
[2025-11-16T20:37:55.895+0000] {logging_mixin.py:188} INFO - [2025-11-16T20:37:55.895+0000] {dag.py:3036} INFO - Sync 1 DAGs
[2025-11-16T20:37:55.932+0000] {logging_mixin.py:188} INFO - [2025-11-16T20:37:55.932+0000] {dag.py:3823} INFO - Setting next_dagrun for example_short_circuit_operator to 2025-11-15 00:00:00+00:00, run_after=2025-11-16 00:00:00+00:00
[2025-11-16T20:37:55.971+0000] {processor.py:183} INFO - Processing /home/airflow/.local/lib/python3.8/site-packages/airflow/example_dags/example_short_circuit_operator.py took 0.130 seconds
[2025-11-16T20:38:26.206+0000] {processor.py:161} INFO - Started process (PID=3031) to work on /home/airflow/.local/lib/python3.8/site-packages/airflow/example_dags/example_short_circuit_operator.py
[2025-11-16T20:38:26.207+0000] {processor.py:830} INFO - Processing file /home/airflow/.local/lib/python3.8/site-packages/airflow/example_dags/example_short_circuit_operator.py for tasks to queue
[2025-11-16T20:38:26.208+0000] {logging_mixin.py:188} INFO - [2025-11-16T20:38:26.208+0000] {dagbag.py:538} INFO - Filling up the DagBag from /home/airflow/.local/lib/python3.8/site-packages/airflow/example_dags/example_short_circuit_operator.py
[2025-11-16T20:38:26.220+0000] {processor.py:840} INFO - DAG(s) 'example_short_circuit_operator' retrieved from /home/airflow/.local/lib/python3.8/site-packages/airflow/example_dags/example_short_circuit_operator.py
[2025-11-16T20:38:26.263+0000] {logging_mixin.py:188} INFO - [2025-11-16T20:38:26.262+0000] {dag.py:3036} INFO - Sync 1 DAGs
[2025-11-16T20:38:26.302+0000] {logging_mixin.py:188} INFO - [2025-11-16T20:38:26.300+0000] {dag.py:3823} INFO - Setting next_dagrun for example_short_circuit_operator to 2025-11-15 00:00:00+00:00, run_after=2025-11-16 00:00:00+00:00
[2025-11-16T20:38:26.340+0000] {processor.py:183} INFO - Processing /home/airflow/.local/lib/python3.8/site-packages/airflow/example_dags/example_short_circuit_operator.py took 0.139 seconds
[2025-11-16T20:38:56.707+0000] {processor.py:161} INFO - Started process (PID=3112) to work on /home/airflow/.local/lib/python3.8/site-packages/airflow/example_dags/example_short_circuit_operator.py
[2025-11-16T20:38:56.708+0000] {processor.py:830} INFO - Processing file /home/airflow/.local/lib/python3.8/site-packages/airflow/example_dags/example_short_circuit_operator.py for tasks to queue
[2025-11-16T20:38:56.709+0000] {logging_mixin.py:188} INFO - [2025-11-16T20:38:56.708+0000] {dagbag.py:538} INFO - Filling up the DagBag from /home/airflow/.local/lib/python3.8/site-packages/airflow/example_dags/example_short_circuit_operator.py
[2025-11-16T20:38:56.720+0000] {processor.py:840} INFO - DAG(s) 'example_short_circuit_operator' retrieved from /home/airflow/.local/lib/python3.8/site-packages/airflow/example_dags/example_short_circuit_operator.py
[2025-11-16T20:38:56.761+0000] {logging_mixin.py:188} INFO - [2025-11-16T20:38:56.760+0000] {dag.py:3036} INFO - Sync 1 DAGs
[2025-11-16T20:38:56.794+0000] {logging_mixin.py:188} INFO - [2025-11-16T20:38:56.793+0000] {dag.py:3823} INFO - Setting next_dagrun for example_short_circuit_operator to 2025-11-15 00:00:00+00:00, run_after=2025-11-16 00:00:00+00:00
[2025-11-16T20:38:56.829+0000] {processor.py:183} INFO - Processing /home/airflow/.local/lib/python3.8/site-packages/airflow/example_dags/example_short_circuit_operator.py took 0.126 seconds
[2025-11-16T20:39:27.734+0000] {processor.py:161} INFO - Started process (PID=3180) to work on /home/airflow/.local/lib/python3.8/site-packages/airflow/example_dags/example_short_circuit_operator.py
[2025-11-16T20:39:27.735+0000] {processor.py:830} INFO - Processing file /home/airflow/.local/lib/python3.8/site-packages/airflow/example_dags/example_short_circuit_operator.py for tasks to queue
[2025-11-16T20:39:27.737+0000] {logging_mixin.py:188} INFO - [2025-11-16T20:39:27.736+0000] {dagbag.py:538} INFO - Filling up the DagBag from /home/airflow/.local/lib/python3.8/site-packages/airflow/example_dags/example_short_circuit_operator.py
[2025-11-16T20:39:27.750+0000] {processor.py:840} INFO - DAG(s) 'example_short_circuit_operator' retrieved from /home/airflow/.local/lib/python3.8/site-packages/airflow/example_dags/example_short_circuit_operator.py
[2025-11-16T20:39:27.783+0000] {logging_mixin.py:188} INFO - [2025-11-16T20:39:27.783+0000] {dag.py:3036} INFO - Sync 1 DAGs
[2025-11-16T20:39:27.815+0000] {logging_mixin.py:188} INFO - [2025-11-16T20:39:27.815+0000] {dag.py:3823} INFO - Setting next_dagrun for example_short_circuit_operator to 2025-11-15 00:00:00+00:00, run_after=2025-11-16 00:00:00+00:00
[2025-11-16T20:39:27.851+0000] {processor.py:183} INFO - Processing /home/airflow/.local/lib/python3.8/site-packages/airflow/example_dags/example_short_circuit_operator.py took 0.122 seconds
[2025-11-16T20:39:58.038+0000] {processor.py:161} INFO - Started process (PID=3265) to work on /home/airflow/.local/lib/python3.8/site-packages/airflow/example_dags/example_short_circuit_operator.py
[2025-11-16T20:39:58.039+0000] {processor.py:830} INFO - Processing file /home/airflow/.local/lib/python3.8/site-packages/airflow/example_dags/example_short_circuit_operator.py for tasks to queue
[2025-11-16T20:39:58.040+0000] {logging_mixin.py:188} INFO - [2025-11-16T20:39:58.040+0000] {dagbag.py:538} INFO - Filling up the DagBag from /home/airflow/.local/lib/python3.8/site-packages/airflow/example_dags/example_short_circuit_operator.py
[2025-11-16T20:39:58.052+0000] {processor.py:840} INFO - DAG(s) 'example_short_circuit_operator' retrieved from /home/airflow/.local/lib/python3.8/site-packages/airflow/example_dags/example_short_circuit_operator.py
[2025-11-16T20:39:58.095+0000] {logging_mixin.py:188} INFO - [2025-11-16T20:39:58.095+0000] {dag.py:3036} INFO - Sync 1 DAGs
[2025-11-16T20:39:58.131+0000] {logging_mixin.py:188} INFO - [2025-11-16T20:39:58.131+0000] {dag.py:3823} INFO - Setting next_dagrun for example_short_circuit_operator to 2025-11-15 00:00:00+00:00, run_after=2025-11-16 00:00:00+00:00
[2025-11-16T20:39:58.170+0000] {processor.py:183} INFO - Processing /home/airflow/.local/lib/python3.8/site-packages/airflow/example_dags/example_short_circuit_operator.py took 0.139 seconds
[2025-11-16T20:42:20.475+0000] {processor.py:161} INFO - Started process (PID=117) to work on /home/airflow/.local/lib/python3.8/site-packages/airflow/example_dags/example_short_circuit_operator.py
[2025-11-16T20:42:20.476+0000] {processor.py:830} INFO - Processing file /home/airflow/.local/lib/python3.8/site-packages/airflow/example_dags/example_short_circuit_operator.py for tasks to queue
[2025-11-16T20:42:20.478+0000] {logging_mixin.py:188} INFO - [2025-11-16T20:42:20.478+0000] {dagbag.py:538} INFO - Filling up the DagBag from /home/airflow/.local/lib/python3.8/site-packages/airflow/example_dags/example_short_circuit_operator.py
[2025-11-16T20:42:20.491+0000] {processor.py:840} INFO - DAG(s) 'example_short_circuit_operator' retrieved from /home/airflow/.local/lib/python3.8/site-packages/airflow/example_dags/example_short_circuit_operator.py
[2025-11-16T20:42:20.708+0000] {logging_mixin.py:188} INFO - [2025-11-16T20:42:20.707+0000] {dag.py:3036} INFO - Sync 1 DAGs
[2025-11-16T20:42:20.766+0000] {logging_mixin.py:188} INFO - [2025-11-16T20:42:20.765+0000] {dag.py:3823} INFO - Setting next_dagrun for example_short_circuit_operator to 2025-11-15 00:00:00+00:00, run_after=2025-11-16 00:00:00+00:00
[2025-11-16T20:42:20.802+0000] {processor.py:183} INFO - Processing /home/airflow/.local/lib/python3.8/site-packages/airflow/example_dags/example_short_circuit_operator.py took 0.330 seconds
[2025-11-16T20:42:51.455+0000] {processor.py:161} INFO - Started process (PID=198) to work on /home/airflow/.local/lib/python3.8/site-packages/airflow/example_dags/example_short_circuit_operator.py
[2025-11-16T20:42:51.456+0000] {processor.py:830} INFO - Processing file /home/airflow/.local/lib/python3.8/site-packages/airflow/example_dags/example_short_circuit_operator.py for tasks to queue
[2025-11-16T20:42:51.458+0000] {logging_mixin.py:188} INFO - [2025-11-16T20:42:51.457+0000] {dagbag.py:538} INFO - Filling up the DagBag from /home/airflow/.local/lib/python3.8/site-packages/airflow/example_dags/example_short_circuit_operator.py
[2025-11-16T20:42:51.471+0000] {processor.py:840} INFO - DAG(s) 'example_short_circuit_operator' retrieved from /home/airflow/.local/lib/python3.8/site-packages/airflow/example_dags/example_short_circuit_operator.py
[2025-11-16T20:42:51.499+0000] {logging_mixin.py:188} INFO - [2025-11-16T20:42:51.499+0000] {dag.py:3036} INFO - Sync 1 DAGs
[2025-11-16T20:42:51.526+0000] {logging_mixin.py:188} INFO - [2025-11-16T20:42:51.526+0000] {dag.py:3823} INFO - Setting next_dagrun for example_short_circuit_operator to 2025-11-15 00:00:00+00:00, run_after=2025-11-16 00:00:00+00:00
[2025-11-16T20:42:51.680+0000] {processor.py:183} INFO - Processing /home/airflow/.local/lib/python3.8/site-packages/airflow/example_dags/example_short_circuit_operator.py took 0.229 seconds
[2025-11-16T20:43:25.559+0000] {processor.py:161} INFO - Started process (PID=279) to work on /home/airflow/.local/lib/python3.8/site-packages/airflow/example_dags/example_short_circuit_operator.py
[2025-11-16T20:43:25.560+0000] {processor.py:830} INFO - Processing file /home/airflow/.local/lib/python3.8/site-packages/airflow/example_dags/example_short_circuit_operator.py for tasks to queue
[2025-11-16T20:43:25.561+0000] {logging_mixin.py:188} INFO - [2025-11-16T20:43:25.560+0000] {dagbag.py:538} INFO - Filling up the DagBag from /home/airflow/.local/lib/python3.8/site-packages/airflow/example_dags/example_short_circuit_operator.py
[2025-11-16T20:43:25.568+0000] {processor.py:840} INFO - DAG(s) 'example_short_circuit_operator' retrieved from /home/airflow/.local/lib/python3.8/site-packages/airflow/example_dags/example_short_circuit_operator.py
[2025-11-16T20:43:25.593+0000] {logging_mixin.py:188} INFO - [2025-11-16T20:43:25.593+0000] {dag.py:3036} INFO - Sync 1 DAGs
[2025-11-16T20:43:25.616+0000] {logging_mixin.py:188} INFO - [2025-11-16T20:43:25.616+0000] {dag.py:3823} INFO - Setting next_dagrun for example_short_circuit_operator to 2025-11-15 00:00:00+00:00, run_after=2025-11-16 00:00:00+00:00
[2025-11-16T20:43:25.641+0000] {processor.py:183} INFO - Processing /home/airflow/.local/lib/python3.8/site-packages/airflow/example_dags/example_short_circuit_operator.py took 0.085 seconds
[2025-11-16T20:43:56.609+0000] {processor.py:161} INFO - Started process (PID=360) to work on /home/airflow/.local/lib/python3.8/site-packages/airflow/example_dags/example_short_circuit_operator.py
[2025-11-16T20:43:56.610+0000] {processor.py:830} INFO - Processing file /home/airflow/.local/lib/python3.8/site-packages/airflow/example_dags/example_short_circuit_operator.py for tasks to queue
[2025-11-16T20:43:56.612+0000] {logging_mixin.py:188} INFO - [2025-11-16T20:43:56.611+0000] {dagbag.py:538} INFO - Filling up the DagBag from /home/airflow/.local/lib/python3.8/site-packages/airflow/example_dags/example_short_circuit_operator.py
[2025-11-16T20:43:56.621+0000] {processor.py:840} INFO - DAG(s) 'example_short_circuit_operator' retrieved from /home/airflow/.local/lib/python3.8/site-packages/airflow/example_dags/example_short_circuit_operator.py
[2025-11-16T20:43:56.647+0000] {logging_mixin.py:188} INFO - [2025-11-16T20:43:56.647+0000] {dag.py:3036} INFO - Sync 1 DAGs
[2025-11-16T20:43:56.671+0000] {logging_mixin.py:188} INFO - [2025-11-16T20:43:56.671+0000] {dag.py:3823} INFO - Setting next_dagrun for example_short_circuit_operator to 2025-11-15 00:00:00+00:00, run_after=2025-11-16 00:00:00+00:00
[2025-11-16T20:43:56.696+0000] {processor.py:183} INFO - Processing /home/airflow/.local/lib/python3.8/site-packages/airflow/example_dags/example_short_circuit_operator.py took 0.089 seconds
[2025-11-16T20:44:27.970+0000] {processor.py:161} INFO - Started process (PID=456) to work on /home/airflow/.local/lib/python3.8/site-packages/airflow/example_dags/example_short_circuit_operator.py
[2025-11-16T20:44:27.974+0000] {processor.py:830} INFO - Processing file /home/airflow/.local/lib/python3.8/site-packages/airflow/example_dags/example_short_circuit_operator.py for tasks to queue
[2025-11-16T20:44:27.986+0000] {logging_mixin.py:188} INFO - [2025-11-16T20:44:27.985+0000] {dagbag.py:538} INFO - Filling up the DagBag from /home/airflow/.local/lib/python3.8/site-packages/airflow/example_dags/example_short_circuit_operator.py
[2025-11-16T20:44:28.002+0000] {processor.py:840} INFO - DAG(s) 'example_short_circuit_operator' retrieved from /home/airflow/.local/lib/python3.8/site-packages/airflow/example_dags/example_short_circuit_operator.py
[2025-11-16T20:44:28.054+0000] {logging_mixin.py:188} INFO - [2025-11-16T20:44:28.053+0000] {dag.py:3036} INFO - Sync 1 DAGs
[2025-11-16T20:44:28.130+0000] {logging_mixin.py:188} INFO - [2025-11-16T20:44:28.129+0000] {dag.py:3823} INFO - Setting next_dagrun for example_short_circuit_operator to 2025-11-15 00:00:00+00:00, run_after=2025-11-16 00:00:00+00:00
[2025-11-16T20:44:28.217+0000] {processor.py:183} INFO - Processing /home/airflow/.local/lib/python3.8/site-packages/airflow/example_dags/example_short_circuit_operator.py took 0.251 seconds
[2025-11-16T20:44:58.272+0000] {processor.py:161} INFO - Started process (PID=536) to work on /home/airflow/.local/lib/python3.8/site-packages/airflow/example_dags/example_short_circuit_operator.py
[2025-11-16T20:44:58.273+0000] {processor.py:830} INFO - Processing file /home/airflow/.local/lib/python3.8/site-packages/airflow/example_dags/example_short_circuit_operator.py for tasks to queue
[2025-11-16T20:44:58.274+0000] {logging_mixin.py:188} INFO - [2025-11-16T20:44:58.273+0000] {dagbag.py:538} INFO - Filling up the DagBag from /home/airflow/.local/lib/python3.8/site-packages/airflow/example_dags/example_short_circuit_operator.py
[2025-11-16T20:44:58.281+0000] {processor.py:840} INFO - DAG(s) 'example_short_circuit_operator' retrieved from /home/airflow/.local/lib/python3.8/site-packages/airflow/example_dags/example_short_circuit_operator.py
[2025-11-16T20:44:58.305+0000] {logging_mixin.py:188} INFO - [2025-11-16T20:44:58.305+0000] {dag.py:3036} INFO - Sync 1 DAGs
[2025-11-16T20:44:58.324+0000] {logging_mixin.py:188} INFO - [2025-11-16T20:44:58.324+0000] {dag.py:3823} INFO - Setting next_dagrun for example_short_circuit_operator to 2025-11-15 00:00:00+00:00, run_after=2025-11-16 00:00:00+00:00
[2025-11-16T20:44:58.346+0000] {processor.py:183} INFO - Processing /home/airflow/.local/lib/python3.8/site-packages/airflow/example_dags/example_short_circuit_operator.py took 0.078 seconds
[2025-11-16T20:45:28.913+0000] {processor.py:161} INFO - Started process (PID=618) to work on /home/airflow/.local/lib/python3.8/site-packages/airflow/example_dags/example_short_circuit_operator.py
[2025-11-16T20:45:28.914+0000] {processor.py:830} INFO - Processing file /home/airflow/.local/lib/python3.8/site-packages/airflow/example_dags/example_short_circuit_operator.py for tasks to queue
[2025-11-16T20:45:28.915+0000] {logging_mixin.py:188} INFO - [2025-11-16T20:45:28.915+0000] {dagbag.py:538} INFO - Filling up the DagBag from /home/airflow/.local/lib/python3.8/site-packages/airflow/example_dags/example_short_circuit_operator.py
[2025-11-16T20:45:28.922+0000] {processor.py:840} INFO - DAG(s) 'example_short_circuit_operator' retrieved from /home/airflow/.local/lib/python3.8/site-packages/airflow/example_dags/example_short_circuit_operator.py
[2025-11-16T20:45:28.950+0000] {logging_mixin.py:188} INFO - [2025-11-16T20:45:28.949+0000] {dag.py:3036} INFO - Sync 1 DAGs
[2025-11-16T20:45:28.969+0000] {logging_mixin.py:188} INFO - [2025-11-16T20:45:28.969+0000] {dag.py:3823} INFO - Setting next_dagrun for example_short_circuit_operator to 2025-11-15 00:00:00+00:00, run_after=2025-11-16 00:00:00+00:00
[2025-11-16T20:45:28.992+0000] {processor.py:183} INFO - Processing /home/airflow/.local/lib/python3.8/site-packages/airflow/example_dags/example_short_circuit_operator.py took 0.082 seconds
[2025-11-16T20:45:59.356+0000] {processor.py:161} INFO - Started process (PID=714) to work on /home/airflow/.local/lib/python3.8/site-packages/airflow/example_dags/example_short_circuit_operator.py
[2025-11-16T20:45:59.357+0000] {processor.py:830} INFO - Processing file /home/airflow/.local/lib/python3.8/site-packages/airflow/example_dags/example_short_circuit_operator.py for tasks to queue
[2025-11-16T20:45:59.358+0000] {logging_mixin.py:188} INFO - [2025-11-16T20:45:59.357+0000] {dagbag.py:538} INFO - Filling up the DagBag from /home/airflow/.local/lib/python3.8/site-packages/airflow/example_dags/example_short_circuit_operator.py
[2025-11-16T20:45:59.365+0000] {processor.py:840} INFO - DAG(s) 'example_short_circuit_operator' retrieved from /home/airflow/.local/lib/python3.8/site-packages/airflow/example_dags/example_short_circuit_operator.py
[2025-11-16T20:45:59.391+0000] {logging_mixin.py:188} INFO - [2025-11-16T20:45:59.391+0000] {dag.py:3036} INFO - Sync 1 DAGs
[2025-11-16T20:45:59.412+0000] {logging_mixin.py:188} INFO - [2025-11-16T20:45:59.412+0000] {dag.py:3823} INFO - Setting next_dagrun for example_short_circuit_operator to 2025-11-15 00:00:00+00:00, run_after=2025-11-16 00:00:00+00:00
[2025-11-16T20:45:59.436+0000] {processor.py:183} INFO - Processing /home/airflow/.local/lib/python3.8/site-packages/airflow/example_dags/example_short_circuit_operator.py took 0.083 seconds
[2025-11-16T20:46:29.745+0000] {processor.py:161} INFO - Started process (PID=795) to work on /home/airflow/.local/lib/python3.8/site-packages/airflow/example_dags/example_short_circuit_operator.py
[2025-11-16T20:46:29.745+0000] {processor.py:830} INFO - Processing file /home/airflow/.local/lib/python3.8/site-packages/airflow/example_dags/example_short_circuit_operator.py for tasks to queue
[2025-11-16T20:46:29.747+0000] {logging_mixin.py:188} INFO - [2025-11-16T20:46:29.746+0000] {dagbag.py:538} INFO - Filling up the DagBag from /home/airflow/.local/lib/python3.8/site-packages/airflow/example_dags/example_short_circuit_operator.py
[2025-11-16T20:46:29.756+0000] {processor.py:840} INFO - DAG(s) 'example_short_circuit_operator' retrieved from /home/airflow/.local/lib/python3.8/site-packages/airflow/example_dags/example_short_circuit_operator.py
[2025-11-16T20:46:29.783+0000] {logging_mixin.py:188} INFO - [2025-11-16T20:46:29.783+0000] {dag.py:3036} INFO - Sync 1 DAGs
[2025-11-16T20:46:29.808+0000] {logging_mixin.py:188} INFO - [2025-11-16T20:46:29.808+0000] {dag.py:3823} INFO - Setting next_dagrun for example_short_circuit_operator to 2025-11-15 00:00:00+00:00, run_after=2025-11-16 00:00:00+00:00
[2025-11-16T20:46:29.830+0000] {processor.py:183} INFO - Processing /home/airflow/.local/lib/python3.8/site-packages/airflow/example_dags/example_short_circuit_operator.py took 0.089 seconds
[2025-11-16T20:47:00.184+0000] {processor.py:161} INFO - Started process (PID=884) to work on /home/airflow/.local/lib/python3.8/site-packages/airflow/example_dags/example_short_circuit_operator.py
[2025-11-16T20:47:00.185+0000] {processor.py:830} INFO - Processing file /home/airflow/.local/lib/python3.8/site-packages/airflow/example_dags/example_short_circuit_operator.py for tasks to queue
[2025-11-16T20:47:00.187+0000] {logging_mixin.py:188} INFO - [2025-11-16T20:47:00.186+0000] {dagbag.py:538} INFO - Filling up the DagBag from /home/airflow/.local/lib/python3.8/site-packages/airflow/example_dags/example_short_circuit_operator.py
[2025-11-16T20:47:00.198+0000] {processor.py:840} INFO - DAG(s) 'example_short_circuit_operator' retrieved from /home/airflow/.local/lib/python3.8/site-packages/airflow/example_dags/example_short_circuit_operator.py
[2025-11-16T20:47:00.233+0000] {logging_mixin.py:188} INFO - [2025-11-16T20:47:00.232+0000] {dag.py:3036} INFO - Sync 1 DAGs
[2025-11-16T20:47:00.268+0000] {logging_mixin.py:188} INFO - [2025-11-16T20:47:00.267+0000] {dag.py:3823} INFO - Setting next_dagrun for example_short_circuit_operator to 2025-11-15 00:00:00+00:00, run_after=2025-11-16 00:00:00+00:00
[2025-11-16T20:47:00.295+0000] {processor.py:183} INFO - Processing /home/airflow/.local/lib/python3.8/site-packages/airflow/example_dags/example_short_circuit_operator.py took 0.116 seconds
[2025-11-16T20:47:30.525+0000] {processor.py:161} INFO - Started process (PID=972) to work on /home/airflow/.local/lib/python3.8/site-packages/airflow/example_dags/example_short_circuit_operator.py
[2025-11-16T20:47:30.526+0000] {processor.py:830} INFO - Processing file /home/airflow/.local/lib/python3.8/site-packages/airflow/example_dags/example_short_circuit_operator.py for tasks to queue
[2025-11-16T20:47:30.527+0000] {logging_mixin.py:188} INFO - [2025-11-16T20:47:30.527+0000] {dagbag.py:538} INFO - Filling up the DagBag from /home/airflow/.local/lib/python3.8/site-packages/airflow/example_dags/example_short_circuit_operator.py
[2025-11-16T20:47:30.535+0000] {processor.py:840} INFO - DAG(s) 'example_short_circuit_operator' retrieved from /home/airflow/.local/lib/python3.8/site-packages/airflow/example_dags/example_short_circuit_operator.py
[2025-11-16T20:47:30.561+0000] {logging_mixin.py:188} INFO - [2025-11-16T20:47:30.561+0000] {dag.py:3036} INFO - Sync 1 DAGs
[2025-11-16T20:47:30.582+0000] {logging_mixin.py:188} INFO - [2025-11-16T20:47:30.582+0000] {dag.py:3823} INFO - Setting next_dagrun for example_short_circuit_operator to 2025-11-15 00:00:00+00:00, run_after=2025-11-16 00:00:00+00:00
[2025-11-16T20:47:30.603+0000] {processor.py:183} INFO - Processing /home/airflow/.local/lib/python3.8/site-packages/airflow/example_dags/example_short_circuit_operator.py took 0.081 seconds
[2025-11-16T20:48:00.745+0000] {processor.py:161} INFO - Started process (PID=1053) to work on /home/airflow/.local/lib/python3.8/site-packages/airflow/example_dags/example_short_circuit_operator.py
[2025-11-16T20:48:00.746+0000] {processor.py:830} INFO - Processing file /home/airflow/.local/lib/python3.8/site-packages/airflow/example_dags/example_short_circuit_operator.py for tasks to queue
[2025-11-16T20:48:00.747+0000] {logging_mixin.py:188} INFO - [2025-11-16T20:48:00.747+0000] {dagbag.py:538} INFO - Filling up the DagBag from /home/airflow/.local/lib/python3.8/site-packages/airflow/example_dags/example_short_circuit_operator.py
[2025-11-16T20:48:00.756+0000] {processor.py:840} INFO - DAG(s) 'example_short_circuit_operator' retrieved from /home/airflow/.local/lib/python3.8/site-packages/airflow/example_dags/example_short_circuit_operator.py
[2025-11-16T20:48:00.782+0000] {logging_mixin.py:188} INFO - [2025-11-16T20:48:00.782+0000] {dag.py:3036} INFO - Sync 1 DAGs
[2025-11-16T20:48:00.803+0000] {logging_mixin.py:188} INFO - [2025-11-16T20:48:00.802+0000] {dag.py:3823} INFO - Setting next_dagrun for example_short_circuit_operator to 2025-11-15 00:00:00+00:00, run_after=2025-11-16 00:00:00+00:00
[2025-11-16T20:48:00.825+0000] {processor.py:183} INFO - Processing /home/airflow/.local/lib/python3.8/site-packages/airflow/example_dags/example_short_circuit_operator.py took 0.086 seconds
[2025-11-16T20:48:30.980+0000] {processor.py:161} INFO - Started process (PID=1133) to work on /home/airflow/.local/lib/python3.8/site-packages/airflow/example_dags/example_short_circuit_operator.py
[2025-11-16T20:48:30.981+0000] {processor.py:830} INFO - Processing file /home/airflow/.local/lib/python3.8/site-packages/airflow/example_dags/example_short_circuit_operator.py for tasks to queue
[2025-11-16T20:48:30.983+0000] {logging_mixin.py:188} INFO - [2025-11-16T20:48:30.982+0000] {dagbag.py:538} INFO - Filling up the DagBag from /home/airflow/.local/lib/python3.8/site-packages/airflow/example_dags/example_short_circuit_operator.py
[2025-11-16T20:48:30.998+0000] {processor.py:840} INFO - DAG(s) 'example_short_circuit_operator' retrieved from /home/airflow/.local/lib/python3.8/site-packages/airflow/example_dags/example_short_circuit_operator.py
[2025-11-16T20:48:31.030+0000] {logging_mixin.py:188} INFO - [2025-11-16T20:48:31.030+0000] {dag.py:3036} INFO - Sync 1 DAGs
[2025-11-16T20:48:31.062+0000] {logging_mixin.py:188} INFO - [2025-11-16T20:48:31.062+0000] {dag.py:3823} INFO - Setting next_dagrun for example_short_circuit_operator to 2025-11-15 00:00:00+00:00, run_after=2025-11-16 00:00:00+00:00
[2025-11-16T20:48:31.089+0000] {processor.py:183} INFO - Processing /home/airflow/.local/lib/python3.8/site-packages/airflow/example_dags/example_short_circuit_operator.py took 0.115 seconds
[2025-11-16T20:49:08.388+0000] {processor.py:161} INFO - Started process (PID=1221) to work on /home/airflow/.local/lib/python3.8/site-packages/airflow/example_dags/example_short_circuit_operator.py
[2025-11-16T20:49:08.474+0000] {processor.py:830} INFO - Processing file /home/airflow/.local/lib/python3.8/site-packages/airflow/example_dags/example_short_circuit_operator.py for tasks to queue
[2025-11-16T20:49:08.495+0000] {logging_mixin.py:188} INFO - [2025-11-16T20:49:08.491+0000] {dagbag.py:538} INFO - Filling up the DagBag from /home/airflow/.local/lib/python3.8/site-packages/airflow/example_dags/example_short_circuit_operator.py
[2025-11-16T20:49:08.525+0000] {processor.py:840} INFO - DAG(s) 'example_short_circuit_operator' retrieved from /home/airflow/.local/lib/python3.8/site-packages/airflow/example_dags/example_short_circuit_operator.py
[2025-11-16T20:49:08.605+0000] {logging_mixin.py:188} INFO - [2025-11-16T20:49:08.603+0000] {dag.py:3036} INFO - Sync 1 DAGs
[2025-11-16T20:49:08.669+0000] {logging_mixin.py:188} INFO - [2025-11-16T20:49:08.668+0000] {dag.py:3823} INFO - Setting next_dagrun for example_short_circuit_operator to 2025-11-15 00:00:00+00:00, run_after=2025-11-16 00:00:00+00:00
[2025-11-16T20:49:08.729+0000] {processor.py:183} INFO - Processing /home/airflow/.local/lib/python3.8/site-packages/airflow/example_dags/example_short_circuit_operator.py took 0.345 seconds
[2025-11-16T20:49:39.027+0000] {processor.py:161} INFO - Started process (PID=1295) to work on /home/airflow/.local/lib/python3.8/site-packages/airflow/example_dags/example_short_circuit_operator.py
[2025-11-16T20:49:39.030+0000] {processor.py:830} INFO - Processing file /home/airflow/.local/lib/python3.8/site-packages/airflow/example_dags/example_short_circuit_operator.py for tasks to queue
[2025-11-16T20:49:39.031+0000] {logging_mixin.py:188} INFO - [2025-11-16T20:49:39.031+0000] {dagbag.py:538} INFO - Filling up the DagBag from /home/airflow/.local/lib/python3.8/site-packages/airflow/example_dags/example_short_circuit_operator.py
[2025-11-16T20:49:39.046+0000] {processor.py:840} INFO - DAG(s) 'example_short_circuit_operator' retrieved from /home/airflow/.local/lib/python3.8/site-packages/airflow/example_dags/example_short_circuit_operator.py
[2025-11-16T20:49:39.090+0000] {logging_mixin.py:188} INFO - [2025-11-16T20:49:39.090+0000] {dag.py:3036} INFO - Sync 1 DAGs
[2025-11-16T20:49:39.129+0000] {logging_mixin.py:188} INFO - [2025-11-16T20:49:39.129+0000] {dag.py:3823} INFO - Setting next_dagrun for example_short_circuit_operator to 2025-11-15 00:00:00+00:00, run_after=2025-11-16 00:00:00+00:00
[2025-11-16T20:49:39.166+0000] {processor.py:183} INFO - Processing /home/airflow/.local/lib/python3.8/site-packages/airflow/example_dags/example_short_circuit_operator.py took 0.145 seconds
[2025-11-16T20:50:09.507+0000] {processor.py:161} INFO - Started process (PID=1360) to work on /home/airflow/.local/lib/python3.8/site-packages/airflow/example_dags/example_short_circuit_operator.py
[2025-11-16T20:50:09.509+0000] {processor.py:830} INFO - Processing file /home/airflow/.local/lib/python3.8/site-packages/airflow/example_dags/example_short_circuit_operator.py for tasks to queue
[2025-11-16T20:50:09.510+0000] {logging_mixin.py:188} INFO - [2025-11-16T20:50:09.510+0000] {dagbag.py:538} INFO - Filling up the DagBag from /home/airflow/.local/lib/python3.8/site-packages/airflow/example_dags/example_short_circuit_operator.py
[2025-11-16T20:50:09.527+0000] {processor.py:840} INFO - DAG(s) 'example_short_circuit_operator' retrieved from /home/airflow/.local/lib/python3.8/site-packages/airflow/example_dags/example_short_circuit_operator.py
[2025-11-16T20:50:09.567+0000] {logging_mixin.py:188} INFO - [2025-11-16T20:50:09.567+0000] {dag.py:3036} INFO - Sync 1 DAGs
[2025-11-16T20:50:09.608+0000] {logging_mixin.py:188} INFO - [2025-11-16T20:50:09.608+0000] {dag.py:3823} INFO - Setting next_dagrun for example_short_circuit_operator to 2025-11-15 00:00:00+00:00, run_after=2025-11-16 00:00:00+00:00
[2025-11-16T20:50:09.645+0000] {processor.py:183} INFO - Processing /home/airflow/.local/lib/python3.8/site-packages/airflow/example_dags/example_short_circuit_operator.py took 0.145 seconds
[2025-11-16T23:16:10.870+0000] {processor.py:161} INFO - Started process (PID=1392) to work on /home/airflow/.local/lib/python3.8/site-packages/airflow/example_dags/example_short_circuit_operator.py
[2025-11-16T23:16:10.882+0000] {processor.py:830} INFO - Processing file /home/airflow/.local/lib/python3.8/site-packages/airflow/example_dags/example_short_circuit_operator.py for tasks to queue
[2025-11-16T23:16:10.885+0000] {logging_mixin.py:188} INFO - [2025-11-16T23:16:10.884+0000] {dagbag.py:538} INFO - Filling up the DagBag from /home/airflow/.local/lib/python3.8/site-packages/airflow/example_dags/example_short_circuit_operator.py
[2025-11-16T23:16:10.926+0000] {processor.py:840} INFO - DAG(s) 'example_short_circuit_operator' retrieved from /home/airflow/.local/lib/python3.8/site-packages/airflow/example_dags/example_short_circuit_operator.py
[2025-11-16T23:16:11.346+0000] {logging_mixin.py:188} INFO - [2025-11-16T23:16:11.345+0000] {dag.py:3036} INFO - Sync 1 DAGs
[2025-11-16T23:16:11.486+0000] {logging_mixin.py:188} INFO - [2025-11-16T23:16:11.485+0000] {dag.py:3823} INFO - Setting next_dagrun for example_short_circuit_operator to 2025-11-15 00:00:00+00:00, run_after=2025-11-16 00:00:00+00:00
[2025-11-16T23:16:11.630+0000] {processor.py:183} INFO - Processing /home/airflow/.local/lib/python3.8/site-packages/airflow/example_dags/example_short_circuit_operator.py took 0.769 seconds
[2025-11-16T23:16:47.010+0000] {processor.py:161} INFO - Started process (PID=1475) to work on /home/airflow/.local/lib/python3.8/site-packages/airflow/example_dags/example_short_circuit_operator.py
[2025-11-16T23:16:47.012+0000] {processor.py:830} INFO - Processing file /home/airflow/.local/lib/python3.8/site-packages/airflow/example_dags/example_short_circuit_operator.py for tasks to queue
[2025-11-16T23:16:47.013+0000] {logging_mixin.py:188} INFO - [2025-11-16T23:16:47.013+0000] {dagbag.py:538} INFO - Filling up the DagBag from /home/airflow/.local/lib/python3.8/site-packages/airflow/example_dags/example_short_circuit_operator.py
[2025-11-16T23:16:47.033+0000] {processor.py:840} INFO - DAG(s) 'example_short_circuit_operator' retrieved from /home/airflow/.local/lib/python3.8/site-packages/airflow/example_dags/example_short_circuit_operator.py
[2025-11-16T23:16:47.090+0000] {logging_mixin.py:188} INFO - [2025-11-16T23:16:47.089+0000] {dag.py:3036} INFO - Sync 1 DAGs
[2025-11-16T23:16:47.134+0000] {logging_mixin.py:188} INFO - [2025-11-16T23:16:47.133+0000] {dag.py:3823} INFO - Setting next_dagrun for example_short_circuit_operator to 2025-11-15 00:00:00+00:00, run_after=2025-11-16 00:00:00+00:00
[2025-11-16T23:16:47.173+0000] {processor.py:183} INFO - Processing /home/airflow/.local/lib/python3.8/site-packages/airflow/example_dags/example_short_circuit_operator.py took 0.171 seconds
[2025-11-16T23:17:18.405+0000] {processor.py:161} INFO - Started process (PID=1554) to work on /home/airflow/.local/lib/python3.8/site-packages/airflow/example_dags/example_short_circuit_operator.py
[2025-11-16T23:17:18.474+0000] {processor.py:830} INFO - Processing file /home/airflow/.local/lib/python3.8/site-packages/airflow/example_dags/example_short_circuit_operator.py for tasks to queue
[2025-11-16T23:17:18.475+0000] {logging_mixin.py:188} INFO - [2025-11-16T23:17:18.475+0000] {dagbag.py:538} INFO - Filling up the DagBag from /home/airflow/.local/lib/python3.8/site-packages/airflow/example_dags/example_short_circuit_operator.py
[2025-11-16T23:17:18.488+0000] {processor.py:840} INFO - DAG(s) 'example_short_circuit_operator' retrieved from /home/airflow/.local/lib/python3.8/site-packages/airflow/example_dags/example_short_circuit_operator.py
[2025-11-16T23:17:18.603+0000] {logging_mixin.py:188} INFO - [2025-11-16T23:17:18.603+0000] {dag.py:3036} INFO - Sync 1 DAGs
[2025-11-16T23:17:18.695+0000] {logging_mixin.py:188} INFO - [2025-11-16T23:17:18.695+0000] {dag.py:3823} INFO - Setting next_dagrun for example_short_circuit_operator to 2025-11-15 00:00:00+00:00, run_after=2025-11-16 00:00:00+00:00
[2025-11-16T23:17:18.883+0000] {processor.py:183} INFO - Processing /home/airflow/.local/lib/python3.8/site-packages/airflow/example_dags/example_short_circuit_operator.py took 0.497 seconds
[2025-11-16T23:17:55.076+0000] {processor.py:161} INFO - Started process (PID=1622) to work on /home/airflow/.local/lib/python3.8/site-packages/airflow/example_dags/example_short_circuit_operator.py
[2025-11-16T23:17:55.078+0000] {processor.py:830} INFO - Processing file /home/airflow/.local/lib/python3.8/site-packages/airflow/example_dags/example_short_circuit_operator.py for tasks to queue
[2025-11-16T23:17:55.079+0000] {logging_mixin.py:188} INFO - [2025-11-16T23:17:55.079+0000] {dagbag.py:538} INFO - Filling up the DagBag from /home/airflow/.local/lib/python3.8/site-packages/airflow/example_dags/example_short_circuit_operator.py
[2025-11-16T23:17:55.098+0000] {processor.py:840} INFO - DAG(s) 'example_short_circuit_operator' retrieved from /home/airflow/.local/lib/python3.8/site-packages/airflow/example_dags/example_short_circuit_operator.py
[2025-11-16T23:17:55.142+0000] {logging_mixin.py:188} INFO - [2025-11-16T23:17:55.142+0000] {dag.py:3036} INFO - Sync 1 DAGs
[2025-11-16T23:17:55.186+0000] {logging_mixin.py:188} INFO - [2025-11-16T23:17:55.185+0000] {dag.py:3823} INFO - Setting next_dagrun for example_short_circuit_operator to 2025-11-15 00:00:00+00:00, run_after=2025-11-16 00:00:00+00:00
[2025-11-16T23:17:55.221+0000] {processor.py:183} INFO - Processing /home/airflow/.local/lib/python3.8/site-packages/airflow/example_dags/example_short_circuit_operator.py took 0.151 seconds
[2025-11-16T23:18:26.287+0000] {processor.py:161} INFO - Started process (PID=1711) to work on /home/airflow/.local/lib/python3.8/site-packages/airflow/example_dags/example_short_circuit_operator.py
[2025-11-16T23:18:26.289+0000] {processor.py:830} INFO - Processing file /home/airflow/.local/lib/python3.8/site-packages/airflow/example_dags/example_short_circuit_operator.py for tasks to queue
[2025-11-16T23:18:26.290+0000] {logging_mixin.py:188} INFO - [2025-11-16T23:18:26.290+0000] {dagbag.py:538} INFO - Filling up the DagBag from /home/airflow/.local/lib/python3.8/site-packages/airflow/example_dags/example_short_circuit_operator.py
[2025-11-16T23:18:26.306+0000] {processor.py:840} INFO - DAG(s) 'example_short_circuit_operator' retrieved from /home/airflow/.local/lib/python3.8/site-packages/airflow/example_dags/example_short_circuit_operator.py
[2025-11-16T23:18:26.349+0000] {logging_mixin.py:188} INFO - [2025-11-16T23:18:26.346+0000] {dag.py:3036} INFO - Sync 1 DAGs
[2025-11-16T23:18:26.386+0000] {logging_mixin.py:188} INFO - [2025-11-16T23:18:26.385+0000] {dag.py:3823} INFO - Setting next_dagrun for example_short_circuit_operator to 2025-11-15 00:00:00+00:00, run_after=2025-11-16 00:00:00+00:00
[2025-11-16T23:18:26.424+0000] {processor.py:183} INFO - Processing /home/airflow/.local/lib/python3.8/site-packages/airflow/example_dags/example_short_circuit_operator.py took 0.140 seconds
[2025-11-16T23:18:57.146+0000] {processor.py:161} INFO - Started process (PID=1783) to work on /home/airflow/.local/lib/python3.8/site-packages/airflow/example_dags/example_short_circuit_operator.py
[2025-11-16T23:18:57.147+0000] {processor.py:830} INFO - Processing file /home/airflow/.local/lib/python3.8/site-packages/airflow/example_dags/example_short_circuit_operator.py for tasks to queue
[2025-11-16T23:18:57.153+0000] {logging_mixin.py:188} INFO - [2025-11-16T23:18:57.152+0000] {dagbag.py:538} INFO - Filling up the DagBag from /home/airflow/.local/lib/python3.8/site-packages/airflow/example_dags/example_short_circuit_operator.py
[2025-11-16T23:18:57.170+0000] {processor.py:840} INFO - DAG(s) 'example_short_circuit_operator' retrieved from /home/airflow/.local/lib/python3.8/site-packages/airflow/example_dags/example_short_circuit_operator.py
[2025-11-16T23:18:57.217+0000] {logging_mixin.py:188} INFO - [2025-11-16T23:18:57.216+0000] {dag.py:3036} INFO - Sync 1 DAGs
[2025-11-16T23:18:57.259+0000] {logging_mixin.py:188} INFO - [2025-11-16T23:18:57.258+0000] {dag.py:3823} INFO - Setting next_dagrun for example_short_circuit_operator to 2025-11-15 00:00:00+00:00, run_after=2025-11-16 00:00:00+00:00
[2025-11-16T23:18:57.295+0000] {processor.py:183} INFO - Processing /home/airflow/.local/lib/python3.8/site-packages/airflow/example_dags/example_short_circuit_operator.py took 0.154 seconds
[2025-11-16T23:19:30.919+0000] {processor.py:161} INFO - Started process (PID=1864) to work on /home/airflow/.local/lib/python3.8/site-packages/airflow/example_dags/example_short_circuit_operator.py
[2025-11-16T23:19:30.922+0000] {processor.py:830} INFO - Processing file /home/airflow/.local/lib/python3.8/site-packages/airflow/example_dags/example_short_circuit_operator.py for tasks to queue
[2025-11-16T23:19:30.932+0000] {logging_mixin.py:188} INFO - [2025-11-16T23:19:30.925+0000] {dagbag.py:538} INFO - Filling up the DagBag from /home/airflow/.local/lib/python3.8/site-packages/airflow/example_dags/example_short_circuit_operator.py
[2025-11-16T23:19:31.487+0000] {processor.py:840} INFO - DAG(s) 'example_short_circuit_operator' retrieved from /home/airflow/.local/lib/python3.8/site-packages/airflow/example_dags/example_short_circuit_operator.py
[2025-11-16T23:19:31.697+0000] {logging_mixin.py:188} INFO - [2025-11-16T23:19:31.696+0000] {dag.py:3036} INFO - Sync 1 DAGs
[2025-11-16T23:19:31.829+0000] {logging_mixin.py:188} INFO - [2025-11-16T23:19:31.828+0000] {dag.py:3823} INFO - Setting next_dagrun for example_short_circuit_operator to 2025-11-15 00:00:00+00:00, run_after=2025-11-16 00:00:00+00:00
[2025-11-17T00:58:41.717+0000] {processor.py:183} INFO - Processing /home/airflow/.local/lib/python3.8/site-packages/airflow/example_dags/example_short_circuit_operator.py took 1.853 seconds
