[2025-11-16T20:20:47.580+0000] {processor.py:161} INFO - Started process (PID=179) to work on /home/airflow/.local/lib/python3.8/site-packages/airflow/example_dags/tutorial.py
[2025-11-16T20:20:47.591+0000] {processor.py:830} INFO - Processing file /home/airflow/.local/lib/python3.8/site-packages/airflow/example_dags/tutorial.py for tasks to queue
[2025-11-16T20:20:47.602+0000] {logging_mixin.py:188} INFO - [2025-11-16T20:20:47.598+0000] {dagbag.py:538} INFO - Filling up the DagBag from /home/airflow/.local/lib/python3.8/site-packages/airflow/example_dags/tutorial.py
[2025-11-16T20:20:47.633+0000] {processor.py:840} INFO - DAG(s) 'tutorial' retrieved from /home/airflow/.local/lib/python3.8/site-packages/airflow/example_dags/tutorial.py
[2025-11-16T20:20:47.959+0000] {logging_mixin.py:188} INFO - [2025-11-16T20:20:47.958+0000] {override.py:1769} INFO - Created Permission View: can edit on DAG:tutorial
[2025-11-16T20:20:47.977+0000] {logging_mixin.py:188} INFO - [2025-11-16T20:20:47.977+0000] {override.py:1769} INFO - Created Permission View: can read on DAG:tutorial
[2025-11-16T20:20:47.990+0000] {logging_mixin.py:188} INFO - [2025-11-16T20:20:47.989+0000] {override.py:1769} INFO - Created Permission View: can delete on DAG:tutorial
[2025-11-16T20:20:47.991+0000] {logging_mixin.py:188} INFO - [2025-11-16T20:20:47.990+0000] {dag.py:3036} INFO - Sync 1 DAGs
[2025-11-16T20:20:48.005+0000] {logging_mixin.py:188} INFO - [2025-11-16T20:20:48.005+0000] {dag.py:3058} INFO - Creating ORM DAG for tutorial
[2025-11-16T20:20:48.025+0000] {logging_mixin.py:188} INFO - [2025-11-16T20:20:48.024+0000] {dag.py:3823} INFO - Setting next_dagrun for tutorial to 2025-11-15 00:00:00+00:00, run_after=2025-11-16 00:00:00+00:00
[2025-11-16T20:20:48.057+0000] {processor.py:183} INFO - Processing /home/airflow/.local/lib/python3.8/site-packages/airflow/example_dags/tutorial.py took 0.698 seconds
[2025-11-16T20:21:25.655+0000] {processor.py:161} INFO - Started process (PID=267) to work on /home/airflow/.local/lib/python3.8/site-packages/airflow/example_dags/tutorial.py
[2025-11-16T20:21:25.664+0000] {processor.py:830} INFO - Processing file /home/airflow/.local/lib/python3.8/site-packages/airflow/example_dags/tutorial.py for tasks to queue
[2025-11-16T20:21:25.666+0000] {logging_mixin.py:188} INFO - [2025-11-16T20:21:25.665+0000] {dagbag.py:538} INFO - Filling up the DagBag from /home/airflow/.local/lib/python3.8/site-packages/airflow/example_dags/tutorial.py
[2025-11-16T20:21:25.682+0000] {processor.py:840} INFO - DAG(s) 'tutorial' retrieved from /home/airflow/.local/lib/python3.8/site-packages/airflow/example_dags/tutorial.py
[2025-11-16T20:21:25.758+0000] {logging_mixin.py:188} INFO - [2025-11-16T20:21:25.757+0000] {dag.py:3036} INFO - Sync 1 DAGs
[2025-11-16T20:21:25.816+0000] {logging_mixin.py:188} INFO - [2025-11-16T20:21:25.816+0000] {dag.py:3823} INFO - Setting next_dagrun for tutorial to 2025-11-15 00:00:00+00:00, run_after=2025-11-16 00:00:00+00:00
[2025-11-16T20:21:25.863+0000] {processor.py:183} INFO - Processing /home/airflow/.local/lib/python3.8/site-packages/airflow/example_dags/tutorial.py took 0.217 seconds
[2025-11-16T20:21:56.158+0000] {processor.py:161} INFO - Started process (PID=347) to work on /home/airflow/.local/lib/python3.8/site-packages/airflow/example_dags/tutorial.py
[2025-11-16T20:21:56.160+0000] {processor.py:830} INFO - Processing file /home/airflow/.local/lib/python3.8/site-packages/airflow/example_dags/tutorial.py for tasks to queue
[2025-11-16T20:21:56.161+0000] {logging_mixin.py:188} INFO - [2025-11-16T20:21:56.161+0000] {dagbag.py:538} INFO - Filling up the DagBag from /home/airflow/.local/lib/python3.8/site-packages/airflow/example_dags/tutorial.py
[2025-11-16T20:21:56.168+0000] {processor.py:840} INFO - DAG(s) 'tutorial' retrieved from /home/airflow/.local/lib/python3.8/site-packages/airflow/example_dags/tutorial.py
[2025-11-16T20:21:56.193+0000] {logging_mixin.py:188} INFO - [2025-11-16T20:21:56.193+0000] {dag.py:3036} INFO - Sync 1 DAGs
[2025-11-16T20:21:56.214+0000] {logging_mixin.py:188} INFO - [2025-11-16T20:21:56.214+0000] {dag.py:3823} INFO - Setting next_dagrun for tutorial to 2025-11-15 00:00:00+00:00, run_after=2025-11-16 00:00:00+00:00
[2025-11-16T20:21:56.241+0000] {processor.py:183} INFO - Processing /home/airflow/.local/lib/python3.8/site-packages/airflow/example_dags/tutorial.py took 0.087 seconds
[2025-11-16T20:22:28.307+0000] {processor.py:161} INFO - Started process (PID=437) to work on /home/airflow/.local/lib/python3.8/site-packages/airflow/example_dags/tutorial.py
[2025-11-16T20:22:28.309+0000] {processor.py:830} INFO - Processing file /home/airflow/.local/lib/python3.8/site-packages/airflow/example_dags/tutorial.py for tasks to queue
[2025-11-16T20:22:28.311+0000] {logging_mixin.py:188} INFO - [2025-11-16T20:22:28.311+0000] {dagbag.py:538} INFO - Filling up the DagBag from /home/airflow/.local/lib/python3.8/site-packages/airflow/example_dags/tutorial.py
[2025-11-16T20:22:28.328+0000] {processor.py:840} INFO - DAG(s) 'tutorial' retrieved from /home/airflow/.local/lib/python3.8/site-packages/airflow/example_dags/tutorial.py
[2025-11-16T20:22:28.381+0000] {logging_mixin.py:188} INFO - [2025-11-16T20:22:28.380+0000] {dag.py:3036} INFO - Sync 1 DAGs
[2025-11-16T20:22:28.469+0000] {logging_mixin.py:188} INFO - [2025-11-16T20:22:28.468+0000] {dag.py:3823} INFO - Setting next_dagrun for tutorial to 2025-11-15 00:00:00+00:00, run_after=2025-11-16 00:00:00+00:00
[2025-11-16T20:22:28.524+0000] {processor.py:183} INFO - Processing /home/airflow/.local/lib/python3.8/site-packages/airflow/example_dags/tutorial.py took 0.228 seconds
[2025-11-16T20:22:59.392+0000] {processor.py:161} INFO - Started process (PID=525) to work on /home/airflow/.local/lib/python3.8/site-packages/airflow/example_dags/tutorial.py
[2025-11-16T20:22:59.394+0000] {processor.py:830} INFO - Processing file /home/airflow/.local/lib/python3.8/site-packages/airflow/example_dags/tutorial.py for tasks to queue
[2025-11-16T20:22:59.396+0000] {logging_mixin.py:188} INFO - [2025-11-16T20:22:59.395+0000] {dagbag.py:538} INFO - Filling up the DagBag from /home/airflow/.local/lib/python3.8/site-packages/airflow/example_dags/tutorial.py
[2025-11-16T20:22:59.411+0000] {processor.py:840} INFO - DAG(s) 'tutorial' retrieved from /home/airflow/.local/lib/python3.8/site-packages/airflow/example_dags/tutorial.py
[2025-11-16T20:22:59.449+0000] {logging_mixin.py:188} INFO - [2025-11-16T20:22:59.449+0000] {dag.py:3036} INFO - Sync 1 DAGs
[2025-11-16T20:22:59.485+0000] {logging_mixin.py:188} INFO - [2025-11-16T20:22:59.485+0000] {dag.py:3823} INFO - Setting next_dagrun for tutorial to 2025-11-15 00:00:00+00:00, run_after=2025-11-16 00:00:00+00:00
[2025-11-16T20:22:59.519+0000] {processor.py:183} INFO - Processing /home/airflow/.local/lib/python3.8/site-packages/airflow/example_dags/tutorial.py took 0.135 seconds
[2025-11-16T20:23:29.691+0000] {processor.py:161} INFO - Started process (PID=605) to work on /home/airflow/.local/lib/python3.8/site-packages/airflow/example_dags/tutorial.py
[2025-11-16T20:23:29.692+0000] {processor.py:830} INFO - Processing file /home/airflow/.local/lib/python3.8/site-packages/airflow/example_dags/tutorial.py for tasks to queue
[2025-11-16T20:23:29.693+0000] {logging_mixin.py:188} INFO - [2025-11-16T20:23:29.693+0000] {dagbag.py:538} INFO - Filling up the DagBag from /home/airflow/.local/lib/python3.8/site-packages/airflow/example_dags/tutorial.py
[2025-11-16T20:23:29.699+0000] {processor.py:840} INFO - DAG(s) 'tutorial' retrieved from /home/airflow/.local/lib/python3.8/site-packages/airflow/example_dags/tutorial.py
[2025-11-16T20:23:29.722+0000] {logging_mixin.py:188} INFO - [2025-11-16T20:23:29.722+0000] {dag.py:3036} INFO - Sync 1 DAGs
[2025-11-16T20:23:29.743+0000] {logging_mixin.py:188} INFO - [2025-11-16T20:23:29.743+0000] {dag.py:3823} INFO - Setting next_dagrun for tutorial to 2025-11-15 00:00:00+00:00, run_after=2025-11-16 00:00:00+00:00
[2025-11-16T20:23:29.765+0000] {processor.py:183} INFO - Processing /home/airflow/.local/lib/python3.8/site-packages/airflow/example_dags/tutorial.py took 0.076 seconds
[2025-11-16T20:23:59.880+0000] {processor.py:161} INFO - Started process (PID=686) to work on /home/airflow/.local/lib/python3.8/site-packages/airflow/example_dags/tutorial.py
[2025-11-16T20:23:59.882+0000] {processor.py:830} INFO - Processing file /home/airflow/.local/lib/python3.8/site-packages/airflow/example_dags/tutorial.py for tasks to queue
[2025-11-16T20:23:59.883+0000] {logging_mixin.py:188} INFO - [2025-11-16T20:23:59.883+0000] {dagbag.py:538} INFO - Filling up the DagBag from /home/airflow/.local/lib/python3.8/site-packages/airflow/example_dags/tutorial.py
[2025-11-16T20:23:59.890+0000] {processor.py:840} INFO - DAG(s) 'tutorial' retrieved from /home/airflow/.local/lib/python3.8/site-packages/airflow/example_dags/tutorial.py
[2025-11-16T20:23:59.918+0000] {logging_mixin.py:188} INFO - [2025-11-16T20:23:59.918+0000] {dag.py:3036} INFO - Sync 1 DAGs
[2025-11-16T20:23:59.940+0000] {logging_mixin.py:188} INFO - [2025-11-16T20:23:59.940+0000] {dag.py:3823} INFO - Setting next_dagrun for tutorial to 2025-11-15 00:00:00+00:00, run_after=2025-11-16 00:00:00+00:00
[2025-11-16T20:23:59.961+0000] {processor.py:183} INFO - Processing /home/airflow/.local/lib/python3.8/site-packages/airflow/example_dags/tutorial.py took 0.084 seconds
[2025-11-16T20:24:30.100+0000] {processor.py:161} INFO - Started process (PID=782) to work on /home/airflow/.local/lib/python3.8/site-packages/airflow/example_dags/tutorial.py
[2025-11-16T20:24:30.101+0000] {processor.py:830} INFO - Processing file /home/airflow/.local/lib/python3.8/site-packages/airflow/example_dags/tutorial.py for tasks to queue
[2025-11-16T20:24:30.102+0000] {logging_mixin.py:188} INFO - [2025-11-16T20:24:30.102+0000] {dagbag.py:538} INFO - Filling up the DagBag from /home/airflow/.local/lib/python3.8/site-packages/airflow/example_dags/tutorial.py
[2025-11-16T20:24:30.108+0000] {processor.py:840} INFO - DAG(s) 'tutorial' retrieved from /home/airflow/.local/lib/python3.8/site-packages/airflow/example_dags/tutorial.py
[2025-11-16T20:24:30.130+0000] {logging_mixin.py:188} INFO - [2025-11-16T20:24:30.130+0000] {dag.py:3036} INFO - Sync 1 DAGs
[2025-11-16T20:24:30.149+0000] {logging_mixin.py:188} INFO - [2025-11-16T20:24:30.149+0000] {dag.py:3823} INFO - Setting next_dagrun for tutorial to 2025-11-15 00:00:00+00:00, run_after=2025-11-16 00:00:00+00:00
[2025-11-16T20:24:30.170+0000] {processor.py:183} INFO - Processing /home/airflow/.local/lib/python3.8/site-packages/airflow/example_dags/tutorial.py took 0.073 seconds
[2025-11-16T20:25:00.338+0000] {processor.py:161} INFO - Started process (PID=863) to work on /home/airflow/.local/lib/python3.8/site-packages/airflow/example_dags/tutorial.py
[2025-11-16T20:25:00.339+0000] {processor.py:830} INFO - Processing file /home/airflow/.local/lib/python3.8/site-packages/airflow/example_dags/tutorial.py for tasks to queue
[2025-11-16T20:25:00.341+0000] {logging_mixin.py:188} INFO - [2025-11-16T20:25:00.340+0000] {dagbag.py:538} INFO - Filling up the DagBag from /home/airflow/.local/lib/python3.8/site-packages/airflow/example_dags/tutorial.py
[2025-11-16T20:25:00.347+0000] {processor.py:840} INFO - DAG(s) 'tutorial' retrieved from /home/airflow/.local/lib/python3.8/site-packages/airflow/example_dags/tutorial.py
[2025-11-16T20:25:00.375+0000] {logging_mixin.py:188} INFO - [2025-11-16T20:25:00.374+0000] {dag.py:3036} INFO - Sync 1 DAGs
[2025-11-16T20:25:00.397+0000] {logging_mixin.py:188} INFO - [2025-11-16T20:25:00.396+0000] {dag.py:3823} INFO - Setting next_dagrun for tutorial to 2025-11-15 00:00:00+00:00, run_after=2025-11-16 00:00:00+00:00
[2025-11-16T20:25:00.421+0000] {processor.py:183} INFO - Processing /home/airflow/.local/lib/python3.8/site-packages/airflow/example_dags/tutorial.py took 0.086 seconds
[2025-11-16T20:25:30.521+0000] {processor.py:161} INFO - Started process (PID=952) to work on /home/airflow/.local/lib/python3.8/site-packages/airflow/example_dags/tutorial.py
[2025-11-16T20:25:30.522+0000] {processor.py:830} INFO - Processing file /home/airflow/.local/lib/python3.8/site-packages/airflow/example_dags/tutorial.py for tasks to queue
[2025-11-16T20:25:30.523+0000] {logging_mixin.py:188} INFO - [2025-11-16T20:25:30.523+0000] {dagbag.py:538} INFO - Filling up the DagBag from /home/airflow/.local/lib/python3.8/site-packages/airflow/example_dags/tutorial.py
[2025-11-16T20:25:30.529+0000] {processor.py:840} INFO - DAG(s) 'tutorial' retrieved from /home/airflow/.local/lib/python3.8/site-packages/airflow/example_dags/tutorial.py
[2025-11-16T20:25:30.552+0000] {logging_mixin.py:188} INFO - [2025-11-16T20:25:30.552+0000] {dag.py:3036} INFO - Sync 1 DAGs
[2025-11-16T20:25:30.573+0000] {logging_mixin.py:188} INFO - [2025-11-16T20:25:30.572+0000] {dag.py:3823} INFO - Setting next_dagrun for tutorial to 2025-11-15 00:00:00+00:00, run_after=2025-11-16 00:00:00+00:00
[2025-11-16T20:25:30.597+0000] {processor.py:183} INFO - Processing /home/airflow/.local/lib/python3.8/site-packages/airflow/example_dags/tutorial.py took 0.079 seconds
[2025-11-16T20:26:01.505+0000] {processor.py:161} INFO - Started process (PID=1041) to work on /home/airflow/.local/lib/python3.8/site-packages/airflow/example_dags/tutorial.py
[2025-11-16T20:26:01.506+0000] {processor.py:830} INFO - Processing file /home/airflow/.local/lib/python3.8/site-packages/airflow/example_dags/tutorial.py for tasks to queue
[2025-11-16T20:26:01.507+0000] {logging_mixin.py:188} INFO - [2025-11-16T20:26:01.507+0000] {dagbag.py:538} INFO - Filling up the DagBag from /home/airflow/.local/lib/python3.8/site-packages/airflow/example_dags/tutorial.py
[2025-11-16T20:26:01.514+0000] {processor.py:840} INFO - DAG(s) 'tutorial' retrieved from /home/airflow/.local/lib/python3.8/site-packages/airflow/example_dags/tutorial.py
[2025-11-16T20:26:01.545+0000] {logging_mixin.py:188} INFO - [2025-11-16T20:26:01.545+0000] {dag.py:3036} INFO - Sync 1 DAGs
[2025-11-16T20:26:01.574+0000] {logging_mixin.py:188} INFO - [2025-11-16T20:26:01.573+0000] {dag.py:3823} INFO - Setting next_dagrun for tutorial to 2025-11-15 00:00:00+00:00, run_after=2025-11-16 00:00:00+00:00
[2025-11-16T20:26:01.600+0000] {processor.py:183} INFO - Processing /home/airflow/.local/lib/python3.8/site-packages/airflow/example_dags/tutorial.py took 0.098 seconds
[2025-11-16T20:26:31.899+0000] {processor.py:161} INFO - Started process (PID=1129) to work on /home/airflow/.local/lib/python3.8/site-packages/airflow/example_dags/tutorial.py
[2025-11-16T20:26:31.900+0000] {processor.py:830} INFO - Processing file /home/airflow/.local/lib/python3.8/site-packages/airflow/example_dags/tutorial.py for tasks to queue
[2025-11-16T20:26:31.902+0000] {logging_mixin.py:188} INFO - [2025-11-16T20:26:31.901+0000] {dagbag.py:538} INFO - Filling up the DagBag from /home/airflow/.local/lib/python3.8/site-packages/airflow/example_dags/tutorial.py
[2025-11-16T20:26:31.911+0000] {processor.py:840} INFO - DAG(s) 'tutorial' retrieved from /home/airflow/.local/lib/python3.8/site-packages/airflow/example_dags/tutorial.py
[2025-11-16T20:26:31.937+0000] {logging_mixin.py:188} INFO - [2025-11-16T20:26:31.937+0000] {dag.py:3036} INFO - Sync 1 DAGs
[2025-11-16T20:26:31.964+0000] {logging_mixin.py:188} INFO - [2025-11-16T20:26:31.964+0000] {dag.py:3823} INFO - Setting next_dagrun for tutorial to 2025-11-15 00:00:00+00:00, run_after=2025-11-16 00:00:00+00:00
[2025-11-16T20:26:31.987+0000] {processor.py:183} INFO - Processing /home/airflow/.local/lib/python3.8/site-packages/airflow/example_dags/tutorial.py took 0.092 seconds
[2025-11-16T20:27:02.400+0000] {processor.py:161} INFO - Started process (PID=1218) to work on /home/airflow/.local/lib/python3.8/site-packages/airflow/example_dags/tutorial.py
[2025-11-16T20:27:02.401+0000] {processor.py:830} INFO - Processing file /home/airflow/.local/lib/python3.8/site-packages/airflow/example_dags/tutorial.py for tasks to queue
[2025-11-16T20:27:02.402+0000] {logging_mixin.py:188} INFO - [2025-11-16T20:27:02.402+0000] {dagbag.py:538} INFO - Filling up the DagBag from /home/airflow/.local/lib/python3.8/site-packages/airflow/example_dags/tutorial.py
[2025-11-16T20:27:02.409+0000] {processor.py:840} INFO - DAG(s) 'tutorial' retrieved from /home/airflow/.local/lib/python3.8/site-packages/airflow/example_dags/tutorial.py
[2025-11-16T20:27:02.432+0000] {logging_mixin.py:188} INFO - [2025-11-16T20:27:02.432+0000] {dag.py:3036} INFO - Sync 1 DAGs
[2025-11-16T20:27:02.454+0000] {logging_mixin.py:188} INFO - [2025-11-16T20:27:02.453+0000] {dag.py:3823} INFO - Setting next_dagrun for tutorial to 2025-11-15 00:00:00+00:00, run_after=2025-11-16 00:00:00+00:00
[2025-11-16T20:27:02.476+0000] {processor.py:183} INFO - Processing /home/airflow/.local/lib/python3.8/site-packages/airflow/example_dags/tutorial.py took 0.079 seconds
[2025-11-16T20:27:33.035+0000] {processor.py:161} INFO - Started process (PID=1300) to work on /home/airflow/.local/lib/python3.8/site-packages/airflow/example_dags/tutorial.py
[2025-11-16T20:27:33.036+0000] {processor.py:830} INFO - Processing file /home/airflow/.local/lib/python3.8/site-packages/airflow/example_dags/tutorial.py for tasks to queue
[2025-11-16T20:27:33.037+0000] {logging_mixin.py:188} INFO - [2025-11-16T20:27:33.037+0000] {dagbag.py:538} INFO - Filling up the DagBag from /home/airflow/.local/lib/python3.8/site-packages/airflow/example_dags/tutorial.py
[2025-11-16T20:27:33.044+0000] {processor.py:840} INFO - DAG(s) 'tutorial' retrieved from /home/airflow/.local/lib/python3.8/site-packages/airflow/example_dags/tutorial.py
[2025-11-16T20:27:33.067+0000] {logging_mixin.py:188} INFO - [2025-11-16T20:27:33.067+0000] {dag.py:3036} INFO - Sync 1 DAGs
[2025-11-16T20:27:33.088+0000] {logging_mixin.py:188} INFO - [2025-11-16T20:27:33.088+0000] {dag.py:3823} INFO - Setting next_dagrun for tutorial to 2025-11-15 00:00:00+00:00, run_after=2025-11-16 00:00:00+00:00
[2025-11-16T20:27:33.123+0000] {processor.py:183} INFO - Processing /home/airflow/.local/lib/python3.8/site-packages/airflow/example_dags/tutorial.py took 0.091 seconds
[2025-11-16T20:28:03.261+0000] {processor.py:161} INFO - Started process (PID=1396) to work on /home/airflow/.local/lib/python3.8/site-packages/airflow/example_dags/tutorial.py
[2025-11-16T20:28:03.262+0000] {processor.py:830} INFO - Processing file /home/airflow/.local/lib/python3.8/site-packages/airflow/example_dags/tutorial.py for tasks to queue
[2025-11-16T20:28:03.263+0000] {logging_mixin.py:188} INFO - [2025-11-16T20:28:03.263+0000] {dagbag.py:538} INFO - Filling up the DagBag from /home/airflow/.local/lib/python3.8/site-packages/airflow/example_dags/tutorial.py
[2025-11-16T20:28:03.270+0000] {processor.py:840} INFO - DAG(s) 'tutorial' retrieved from /home/airflow/.local/lib/python3.8/site-packages/airflow/example_dags/tutorial.py
[2025-11-16T20:28:03.293+0000] {logging_mixin.py:188} INFO - [2025-11-16T20:28:03.293+0000] {dag.py:3036} INFO - Sync 1 DAGs
[2025-11-16T20:28:03.314+0000] {logging_mixin.py:188} INFO - [2025-11-16T20:28:03.314+0000] {dag.py:3823} INFO - Setting next_dagrun for tutorial to 2025-11-15 00:00:00+00:00, run_after=2025-11-16 00:00:00+00:00
[2025-11-16T20:28:03.337+0000] {processor.py:183} INFO - Processing /home/airflow/.local/lib/python3.8/site-packages/airflow/example_dags/tutorial.py took 0.079 seconds
[2025-11-16T20:28:33.619+0000] {processor.py:161} INFO - Started process (PID=1477) to work on /home/airflow/.local/lib/python3.8/site-packages/airflow/example_dags/tutorial.py
[2025-11-16T20:28:33.620+0000] {processor.py:830} INFO - Processing file /home/airflow/.local/lib/python3.8/site-packages/airflow/example_dags/tutorial.py for tasks to queue
[2025-11-16T20:28:33.621+0000] {logging_mixin.py:188} INFO - [2025-11-16T20:28:33.621+0000] {dagbag.py:538} INFO - Filling up the DagBag from /home/airflow/.local/lib/python3.8/site-packages/airflow/example_dags/tutorial.py
[2025-11-16T20:28:33.628+0000] {processor.py:840} INFO - DAG(s) 'tutorial' retrieved from /home/airflow/.local/lib/python3.8/site-packages/airflow/example_dags/tutorial.py
[2025-11-16T20:28:33.658+0000] {logging_mixin.py:188} INFO - [2025-11-16T20:28:33.658+0000] {dag.py:3036} INFO - Sync 1 DAGs
[2025-11-16T20:28:33.686+0000] {logging_mixin.py:188} INFO - [2025-11-16T20:28:33.686+0000] {dag.py:3823} INFO - Setting next_dagrun for tutorial to 2025-11-15 00:00:00+00:00, run_after=2025-11-16 00:00:00+00:00
[2025-11-16T20:28:33.715+0000] {processor.py:183} INFO - Processing /home/airflow/.local/lib/python3.8/site-packages/airflow/example_dags/tutorial.py took 0.101 seconds
[2025-11-16T20:29:03.946+0000] {processor.py:161} INFO - Started process (PID=1573) to work on /home/airflow/.local/lib/python3.8/site-packages/airflow/example_dags/tutorial.py
[2025-11-16T20:29:03.948+0000] {processor.py:830} INFO - Processing file /home/airflow/.local/lib/python3.8/site-packages/airflow/example_dags/tutorial.py for tasks to queue
[2025-11-16T20:29:03.952+0000] {logging_mixin.py:188} INFO - [2025-11-16T20:29:03.950+0000] {dagbag.py:538} INFO - Filling up the DagBag from /home/airflow/.local/lib/python3.8/site-packages/airflow/example_dags/tutorial.py
[2025-11-16T20:29:03.964+0000] {processor.py:840} INFO - DAG(s) 'tutorial' retrieved from /home/airflow/.local/lib/python3.8/site-packages/airflow/example_dags/tutorial.py
[2025-11-16T20:29:03.998+0000] {logging_mixin.py:188} INFO - [2025-11-16T20:29:03.998+0000] {dag.py:3036} INFO - Sync 1 DAGs
[2025-11-16T20:29:04.032+0000] {logging_mixin.py:188} INFO - [2025-11-16T20:29:04.032+0000] {dag.py:3823} INFO - Setting next_dagrun for tutorial to 2025-11-15 00:00:00+00:00, run_after=2025-11-16 00:00:00+00:00
[2025-11-16T20:29:04.089+0000] {processor.py:183} INFO - Processing /home/airflow/.local/lib/python3.8/site-packages/airflow/example_dags/tutorial.py took 0.145 seconds
[2025-11-16T20:29:34.338+0000] {processor.py:161} INFO - Started process (PID=1654) to work on /home/airflow/.local/lib/python3.8/site-packages/airflow/example_dags/tutorial.py
[2025-11-16T20:29:34.342+0000] {processor.py:830} INFO - Processing file /home/airflow/.local/lib/python3.8/site-packages/airflow/example_dags/tutorial.py for tasks to queue
[2025-11-16T20:29:34.345+0000] {logging_mixin.py:188} INFO - [2025-11-16T20:29:34.344+0000] {dagbag.py:538} INFO - Filling up the DagBag from /home/airflow/.local/lib/python3.8/site-packages/airflow/example_dags/tutorial.py
[2025-11-16T20:29:34.363+0000] {processor.py:840} INFO - DAG(s) 'tutorial' retrieved from /home/airflow/.local/lib/python3.8/site-packages/airflow/example_dags/tutorial.py
[2025-11-16T20:29:34.400+0000] {logging_mixin.py:188} INFO - [2025-11-16T20:29:34.399+0000] {dag.py:3036} INFO - Sync 1 DAGs
[2025-11-16T20:29:34.434+0000] {logging_mixin.py:188} INFO - [2025-11-16T20:29:34.433+0000] {dag.py:3823} INFO - Setting next_dagrun for tutorial to 2025-11-15 00:00:00+00:00, run_after=2025-11-16 00:00:00+00:00
[2025-11-16T20:29:34.467+0000] {processor.py:183} INFO - Processing /home/airflow/.local/lib/python3.8/site-packages/airflow/example_dags/tutorial.py took 0.137 seconds
[2025-11-16T20:30:05.143+0000] {processor.py:161} INFO - Started process (PID=1727) to work on /home/airflow/.local/lib/python3.8/site-packages/airflow/example_dags/tutorial.py
[2025-11-16T20:30:05.145+0000] {processor.py:830} INFO - Processing file /home/airflow/.local/lib/python3.8/site-packages/airflow/example_dags/tutorial.py for tasks to queue
[2025-11-16T20:30:05.146+0000] {logging_mixin.py:188} INFO - [2025-11-16T20:30:05.146+0000] {dagbag.py:538} INFO - Filling up the DagBag from /home/airflow/.local/lib/python3.8/site-packages/airflow/example_dags/tutorial.py
[2025-11-16T20:30:05.246+0000] {processor.py:840} INFO - DAG(s) 'tutorial' retrieved from /home/airflow/.local/lib/python3.8/site-packages/airflow/example_dags/tutorial.py
[2025-11-16T20:30:05.293+0000] {logging_mixin.py:188} INFO - [2025-11-16T20:30:05.292+0000] {dag.py:3036} INFO - Sync 1 DAGs
[2025-11-16T20:30:05.341+0000] {logging_mixin.py:188} INFO - [2025-11-16T20:30:05.341+0000] {dag.py:3823} INFO - Setting next_dagrun for tutorial to 2025-11-15 00:00:00+00:00, run_after=2025-11-16 00:00:00+00:00
[2025-11-16T20:30:05.407+0000] {processor.py:183} INFO - Processing /home/airflow/.local/lib/python3.8/site-packages/airflow/example_dags/tutorial.py took 0.267 seconds
[2025-11-16T20:30:38.964+0000] {processor.py:161} INFO - Started process (PID=1811) to work on /home/airflow/.local/lib/python3.8/site-packages/airflow/example_dags/tutorial.py
[2025-11-16T20:30:38.965+0000] {processor.py:830} INFO - Processing file /home/airflow/.local/lib/python3.8/site-packages/airflow/example_dags/tutorial.py for tasks to queue
[2025-11-16T20:30:38.967+0000] {logging_mixin.py:188} INFO - [2025-11-16T20:30:38.966+0000] {dagbag.py:538} INFO - Filling up the DagBag from /home/airflow/.local/lib/python3.8/site-packages/airflow/example_dags/tutorial.py
[2025-11-16T20:30:38.980+0000] {processor.py:840} INFO - DAG(s) 'tutorial' retrieved from /home/airflow/.local/lib/python3.8/site-packages/airflow/example_dags/tutorial.py
[2025-11-16T20:30:39.022+0000] {logging_mixin.py:188} INFO - [2025-11-16T20:30:39.021+0000] {dag.py:3036} INFO - Sync 1 DAGs
[2025-11-16T20:30:39.064+0000] {logging_mixin.py:188} INFO - [2025-11-16T20:30:39.063+0000] {dag.py:3823} INFO - Setting next_dagrun for tutorial to 2025-11-15 00:00:00+00:00, run_after=2025-11-16 00:00:00+00:00
[2025-11-16T20:30:39.098+0000] {processor.py:183} INFO - Processing /home/airflow/.local/lib/python3.8/site-packages/airflow/example_dags/tutorial.py took 0.141 seconds
[2025-11-16T20:31:09.396+0000] {processor.py:161} INFO - Started process (PID=1887) to work on /home/airflow/.local/lib/python3.8/site-packages/airflow/example_dags/tutorial.py
[2025-11-16T20:31:09.398+0000] {processor.py:830} INFO - Processing file /home/airflow/.local/lib/python3.8/site-packages/airflow/example_dags/tutorial.py for tasks to queue
[2025-11-16T20:31:09.399+0000] {logging_mixin.py:188} INFO - [2025-11-16T20:31:09.399+0000] {dagbag.py:538} INFO - Filling up the DagBag from /home/airflow/.local/lib/python3.8/site-packages/airflow/example_dags/tutorial.py
[2025-11-16T20:31:09.408+0000] {processor.py:840} INFO - DAG(s) 'tutorial' retrieved from /home/airflow/.local/lib/python3.8/site-packages/airflow/example_dags/tutorial.py
[2025-11-16T20:31:09.441+0000] {logging_mixin.py:188} INFO - [2025-11-16T20:31:09.441+0000] {dag.py:3036} INFO - Sync 1 DAGs
[2025-11-16T20:31:09.474+0000] {logging_mixin.py:188} INFO - [2025-11-16T20:31:09.473+0000] {dag.py:3823} INFO - Setting next_dagrun for tutorial to 2025-11-15 00:00:00+00:00, run_after=2025-11-16 00:00:00+00:00
[2025-11-16T20:31:09.502+0000] {processor.py:183} INFO - Processing /home/airflow/.local/lib/python3.8/site-packages/airflow/example_dags/tutorial.py took 0.112 seconds
[2025-11-16T20:31:40.643+0000] {processor.py:161} INFO - Started process (PID=1977) to work on /home/airflow/.local/lib/python3.8/site-packages/airflow/example_dags/tutorial.py
[2025-11-16T20:31:40.645+0000] {processor.py:830} INFO - Processing file /home/airflow/.local/lib/python3.8/site-packages/airflow/example_dags/tutorial.py for tasks to queue
[2025-11-16T20:31:40.647+0000] {logging_mixin.py:188} INFO - [2025-11-16T20:31:40.647+0000] {dagbag.py:538} INFO - Filling up the DagBag from /home/airflow/.local/lib/python3.8/site-packages/airflow/example_dags/tutorial.py
[2025-11-16T20:31:40.664+0000] {processor.py:840} INFO - DAG(s) 'tutorial' retrieved from /home/airflow/.local/lib/python3.8/site-packages/airflow/example_dags/tutorial.py
[2025-11-16T20:31:40.711+0000] {logging_mixin.py:188} INFO - [2025-11-16T20:31:40.710+0000] {dag.py:3036} INFO - Sync 1 DAGs
[2025-11-16T20:31:40.759+0000] {logging_mixin.py:188} INFO - [2025-11-16T20:31:40.758+0000] {dag.py:3823} INFO - Setting next_dagrun for tutorial to 2025-11-15 00:00:00+00:00, run_after=2025-11-16 00:00:00+00:00
[2025-11-16T20:31:40.811+0000] {processor.py:183} INFO - Processing /home/airflow/.local/lib/python3.8/site-packages/airflow/example_dags/tutorial.py took 0.175 seconds
[2025-11-16T20:32:11.171+0000] {processor.py:161} INFO - Started process (PID=2065) to work on /home/airflow/.local/lib/python3.8/site-packages/airflow/example_dags/tutorial.py
[2025-11-16T20:32:11.173+0000] {processor.py:830} INFO - Processing file /home/airflow/.local/lib/python3.8/site-packages/airflow/example_dags/tutorial.py for tasks to queue
[2025-11-16T20:32:11.175+0000] {logging_mixin.py:188} INFO - [2025-11-16T20:32:11.175+0000] {dagbag.py:538} INFO - Filling up the DagBag from /home/airflow/.local/lib/python3.8/site-packages/airflow/example_dags/tutorial.py
[2025-11-16T20:32:11.187+0000] {processor.py:840} INFO - DAG(s) 'tutorial' retrieved from /home/airflow/.local/lib/python3.8/site-packages/airflow/example_dags/tutorial.py
[2025-11-16T20:32:11.229+0000] {logging_mixin.py:188} INFO - [2025-11-16T20:32:11.228+0000] {dag.py:3036} INFO - Sync 1 DAGs
[2025-11-16T20:32:11.257+0000] {logging_mixin.py:188} INFO - [2025-11-16T20:32:11.257+0000] {dag.py:3823} INFO - Setting next_dagrun for tutorial to 2025-11-15 00:00:00+00:00, run_after=2025-11-16 00:00:00+00:00
[2025-11-16T20:32:11.294+0000] {processor.py:183} INFO - Processing /home/airflow/.local/lib/python3.8/site-packages/airflow/example_dags/tutorial.py took 0.128 seconds
[2025-11-16T20:32:48.871+0000] {processor.py:161} INFO - Started process (PID=2131) to work on /home/airflow/.local/lib/python3.8/site-packages/airflow/example_dags/tutorial.py
[2025-11-16T20:32:48.872+0000] {processor.py:830} INFO - Processing file /home/airflow/.local/lib/python3.8/site-packages/airflow/example_dags/tutorial.py for tasks to queue
[2025-11-16T20:32:48.876+0000] {logging_mixin.py:188} INFO - [2025-11-16T20:32:48.873+0000] {dagbag.py:538} INFO - Filling up the DagBag from /home/airflow/.local/lib/python3.8/site-packages/airflow/example_dags/tutorial.py
[2025-11-16T20:32:48.889+0000] {processor.py:840} INFO - DAG(s) 'tutorial' retrieved from /home/airflow/.local/lib/python3.8/site-packages/airflow/example_dags/tutorial.py
[2025-11-16T20:32:48.935+0000] {logging_mixin.py:188} INFO - [2025-11-16T20:32:48.935+0000] {dag.py:3036} INFO - Sync 1 DAGs
[2025-11-16T20:32:48.983+0000] {logging_mixin.py:188} INFO - [2025-11-16T20:32:48.983+0000] {dag.py:3823} INFO - Setting next_dagrun for tutorial to 2025-11-15 00:00:00+00:00, run_after=2025-11-16 00:00:00+00:00
[2025-11-16T20:32:49.023+0000] {processor.py:183} INFO - Processing /home/airflow/.local/lib/python3.8/site-packages/airflow/example_dags/tutorial.py took 0.156 seconds
[2025-11-16T20:33:19.090+0000] {processor.py:161} INFO - Started process (PID=2214) to work on /home/airflow/.local/lib/python3.8/site-packages/airflow/example_dags/tutorial.py
[2025-11-16T20:33:19.090+0000] {processor.py:830} INFO - Processing file /home/airflow/.local/lib/python3.8/site-packages/airflow/example_dags/tutorial.py for tasks to queue
[2025-11-16T20:33:19.092+0000] {logging_mixin.py:188} INFO - [2025-11-16T20:33:19.091+0000] {dagbag.py:538} INFO - Filling up the DagBag from /home/airflow/.local/lib/python3.8/site-packages/airflow/example_dags/tutorial.py
[2025-11-16T20:33:19.099+0000] {processor.py:840} INFO - DAG(s) 'tutorial' retrieved from /home/airflow/.local/lib/python3.8/site-packages/airflow/example_dags/tutorial.py
[2025-11-16T20:33:19.126+0000] {logging_mixin.py:188} INFO - [2025-11-16T20:33:19.125+0000] {dag.py:3036} INFO - Sync 1 DAGs
[2025-11-16T20:33:19.154+0000] {logging_mixin.py:188} INFO - [2025-11-16T20:33:19.154+0000] {dag.py:3823} INFO - Setting next_dagrun for tutorial to 2025-11-15 00:00:00+00:00, run_after=2025-11-16 00:00:00+00:00
[2025-11-16T20:33:19.185+0000] {processor.py:183} INFO - Processing /home/airflow/.local/lib/python3.8/site-packages/airflow/example_dags/tutorial.py took 0.099 seconds
[2025-11-16T20:33:49.927+0000] {processor.py:161} INFO - Started process (PID=2310) to work on /home/airflow/.local/lib/python3.8/site-packages/airflow/example_dags/tutorial.py
[2025-11-16T20:33:49.928+0000] {processor.py:830} INFO - Processing file /home/airflow/.local/lib/python3.8/site-packages/airflow/example_dags/tutorial.py for tasks to queue
[2025-11-16T20:33:49.930+0000] {logging_mixin.py:188} INFO - [2025-11-16T20:33:49.929+0000] {dagbag.py:538} INFO - Filling up the DagBag from /home/airflow/.local/lib/python3.8/site-packages/airflow/example_dags/tutorial.py
[2025-11-16T20:33:49.938+0000] {processor.py:840} INFO - DAG(s) 'tutorial' retrieved from /home/airflow/.local/lib/python3.8/site-packages/airflow/example_dags/tutorial.py
[2025-11-16T20:33:49.961+0000] {logging_mixin.py:188} INFO - [2025-11-16T20:33:49.961+0000] {dag.py:3036} INFO - Sync 1 DAGs
[2025-11-16T20:33:49.984+0000] {logging_mixin.py:188} INFO - [2025-11-16T20:33:49.984+0000] {dag.py:3823} INFO - Setting next_dagrun for tutorial to 2025-11-15 00:00:00+00:00, run_after=2025-11-16 00:00:00+00:00
[2025-11-16T20:33:50.011+0000] {processor.py:183} INFO - Processing /home/airflow/.local/lib/python3.8/site-packages/airflow/example_dags/tutorial.py took 0.087 seconds
[2025-11-16T20:34:20.919+0000] {processor.py:161} INFO - Started process (PID=2392) to work on /home/airflow/.local/lib/python3.8/site-packages/airflow/example_dags/tutorial.py
[2025-11-16T20:34:20.919+0000] {processor.py:830} INFO - Processing file /home/airflow/.local/lib/python3.8/site-packages/airflow/example_dags/tutorial.py for tasks to queue
[2025-11-16T20:34:20.920+0000] {logging_mixin.py:188} INFO - [2025-11-16T20:34:20.920+0000] {dagbag.py:538} INFO - Filling up the DagBag from /home/airflow/.local/lib/python3.8/site-packages/airflow/example_dags/tutorial.py
[2025-11-16T20:34:20.926+0000] {processor.py:840} INFO - DAG(s) 'tutorial' retrieved from /home/airflow/.local/lib/python3.8/site-packages/airflow/example_dags/tutorial.py
[2025-11-16T20:34:20.949+0000] {logging_mixin.py:188} INFO - [2025-11-16T20:34:20.948+0000] {dag.py:3036} INFO - Sync 1 DAGs
[2025-11-16T20:34:20.969+0000] {logging_mixin.py:188} INFO - [2025-11-16T20:34:20.969+0000] {dag.py:3823} INFO - Setting next_dagrun for tutorial to 2025-11-15 00:00:00+00:00, run_after=2025-11-16 00:00:00+00:00
[2025-11-16T20:34:20.991+0000] {processor.py:183} INFO - Processing /home/airflow/.local/lib/python3.8/site-packages/airflow/example_dags/tutorial.py took 0.075 seconds
[2025-11-16T20:34:51.531+0000] {processor.py:161} INFO - Started process (PID=2480) to work on /home/airflow/.local/lib/python3.8/site-packages/airflow/example_dags/tutorial.py
[2025-11-16T20:34:51.532+0000] {processor.py:830} INFO - Processing file /home/airflow/.local/lib/python3.8/site-packages/airflow/example_dags/tutorial.py for tasks to queue
[2025-11-16T20:34:51.534+0000] {logging_mixin.py:188} INFO - [2025-11-16T20:34:51.533+0000] {dagbag.py:538} INFO - Filling up the DagBag from /home/airflow/.local/lib/python3.8/site-packages/airflow/example_dags/tutorial.py
[2025-11-16T20:34:51.541+0000] {processor.py:840} INFO - DAG(s) 'tutorial' retrieved from /home/airflow/.local/lib/python3.8/site-packages/airflow/example_dags/tutorial.py
[2025-11-16T20:34:51.566+0000] {logging_mixin.py:188} INFO - [2025-11-16T20:34:51.566+0000] {dag.py:3036} INFO - Sync 1 DAGs
[2025-11-16T20:34:51.590+0000] {logging_mixin.py:188} INFO - [2025-11-16T20:34:51.590+0000] {dag.py:3823} INFO - Setting next_dagrun for tutorial to 2025-11-15 00:00:00+00:00, run_after=2025-11-16 00:00:00+00:00
[2025-11-16T20:34:51.614+0000] {processor.py:183} INFO - Processing /home/airflow/.local/lib/python3.8/site-packages/airflow/example_dags/tutorial.py took 0.087 seconds
[2025-11-16T20:35:22.824+0000] {processor.py:161} INFO - Started process (PID=2569) to work on /home/airflow/.local/lib/python3.8/site-packages/airflow/example_dags/tutorial.py
[2025-11-16T20:35:22.825+0000] {processor.py:830} INFO - Processing file /home/airflow/.local/lib/python3.8/site-packages/airflow/example_dags/tutorial.py for tasks to queue
[2025-11-16T20:35:22.826+0000] {logging_mixin.py:188} INFO - [2025-11-16T20:35:22.826+0000] {dagbag.py:538} INFO - Filling up the DagBag from /home/airflow/.local/lib/python3.8/site-packages/airflow/example_dags/tutorial.py
[2025-11-16T20:35:22.833+0000] {processor.py:840} INFO - DAG(s) 'tutorial' retrieved from /home/airflow/.local/lib/python3.8/site-packages/airflow/example_dags/tutorial.py
[2025-11-16T20:35:22.855+0000] {logging_mixin.py:188} INFO - [2025-11-16T20:35:22.855+0000] {dag.py:3036} INFO - Sync 1 DAGs
[2025-11-16T20:35:22.879+0000] {logging_mixin.py:188} INFO - [2025-11-16T20:35:22.878+0000] {dag.py:3823} INFO - Setting next_dagrun for tutorial to 2025-11-15 00:00:00+00:00, run_after=2025-11-16 00:00:00+00:00
[2025-11-16T20:35:22.906+0000] {processor.py:183} INFO - Processing /home/airflow/.local/lib/python3.8/site-packages/airflow/example_dags/tutorial.py took 0.085 seconds
[2025-11-16T20:35:53.720+0000] {processor.py:161} INFO - Started process (PID=2650) to work on /home/airflow/.local/lib/python3.8/site-packages/airflow/example_dags/tutorial.py
[2025-11-16T20:35:53.721+0000] {processor.py:830} INFO - Processing file /home/airflow/.local/lib/python3.8/site-packages/airflow/example_dags/tutorial.py for tasks to queue
[2025-11-16T20:35:53.723+0000] {logging_mixin.py:188} INFO - [2025-11-16T20:35:53.722+0000] {dagbag.py:538} INFO - Filling up the DagBag from /home/airflow/.local/lib/python3.8/site-packages/airflow/example_dags/tutorial.py
[2025-11-16T20:35:53.730+0000] {processor.py:840} INFO - DAG(s) 'tutorial' retrieved from /home/airflow/.local/lib/python3.8/site-packages/airflow/example_dags/tutorial.py
[2025-11-16T20:35:53.757+0000] {logging_mixin.py:188} INFO - [2025-11-16T20:35:53.756+0000] {dag.py:3036} INFO - Sync 1 DAGs
[2025-11-16T20:35:53.778+0000] {logging_mixin.py:188} INFO - [2025-11-16T20:35:53.778+0000] {dag.py:3823} INFO - Setting next_dagrun for tutorial to 2025-11-15 00:00:00+00:00, run_after=2025-11-16 00:00:00+00:00
[2025-11-16T20:35:53.802+0000] {processor.py:183} INFO - Processing /home/airflow/.local/lib/python3.8/site-packages/airflow/example_dags/tutorial.py took 0.086 seconds
[2025-11-16T20:36:24.271+0000] {processor.py:161} INFO - Started process (PID=2733) to work on /home/airflow/.local/lib/python3.8/site-packages/airflow/example_dags/tutorial.py
[2025-11-16T20:36:24.273+0000] {processor.py:830} INFO - Processing file /home/airflow/.local/lib/python3.8/site-packages/airflow/example_dags/tutorial.py for tasks to queue
[2025-11-16T20:36:24.274+0000] {logging_mixin.py:188} INFO - [2025-11-16T20:36:24.274+0000] {dagbag.py:538} INFO - Filling up the DagBag from /home/airflow/.local/lib/python3.8/site-packages/airflow/example_dags/tutorial.py
[2025-11-16T20:36:24.283+0000] {processor.py:840} INFO - DAG(s) 'tutorial' retrieved from /home/airflow/.local/lib/python3.8/site-packages/airflow/example_dags/tutorial.py
[2025-11-16T20:36:24.312+0000] {logging_mixin.py:188} INFO - [2025-11-16T20:36:24.312+0000] {dag.py:3036} INFO - Sync 1 DAGs
[2025-11-16T20:36:24.345+0000] {logging_mixin.py:188} INFO - [2025-11-16T20:36:24.345+0000] {dag.py:3823} INFO - Setting next_dagrun for tutorial to 2025-11-15 00:00:00+00:00, run_after=2025-11-16 00:00:00+00:00
[2025-11-16T20:36:24.376+0000] {processor.py:183} INFO - Processing /home/airflow/.local/lib/python3.8/site-packages/airflow/example_dags/tutorial.py took 0.110 seconds
[2025-11-16T20:36:55.646+0000] {processor.py:161} INFO - Started process (PID=2815) to work on /home/airflow/.local/lib/python3.8/site-packages/airflow/example_dags/tutorial.py
[2025-11-16T20:36:55.649+0000] {processor.py:830} INFO - Processing file /home/airflow/.local/lib/python3.8/site-packages/airflow/example_dags/tutorial.py for tasks to queue
[2025-11-16T20:36:55.650+0000] {logging_mixin.py:188} INFO - [2025-11-16T20:36:55.649+0000] {dagbag.py:538} INFO - Filling up the DagBag from /home/airflow/.local/lib/python3.8/site-packages/airflow/example_dags/tutorial.py
[2025-11-16T20:36:55.660+0000] {processor.py:840} INFO - DAG(s) 'tutorial' retrieved from /home/airflow/.local/lib/python3.8/site-packages/airflow/example_dags/tutorial.py
[2025-11-16T20:36:55.696+0000] {logging_mixin.py:188} INFO - [2025-11-16T20:36:55.696+0000] {dag.py:3036} INFO - Sync 1 DAGs
[2025-11-16T20:36:55.732+0000] {logging_mixin.py:188} INFO - [2025-11-16T20:36:55.732+0000] {dag.py:3823} INFO - Setting next_dagrun for tutorial to 2025-11-15 00:00:00+00:00, run_after=2025-11-16 00:00:00+00:00
[2025-11-16T20:36:55.763+0000] {processor.py:183} INFO - Processing /home/airflow/.local/lib/python3.8/site-packages/airflow/example_dags/tutorial.py took 0.121 seconds
[2025-11-16T20:37:32.915+0000] {processor.py:161} INFO - Started process (PID=2888) to work on /home/airflow/.local/lib/python3.8/site-packages/airflow/example_dags/tutorial.py
[2025-11-16T20:37:32.916+0000] {processor.py:830} INFO - Processing file /home/airflow/.local/lib/python3.8/site-packages/airflow/example_dags/tutorial.py for tasks to queue
[2025-11-16T20:37:32.917+0000] {logging_mixin.py:188} INFO - [2025-11-16T20:37:32.917+0000] {dagbag.py:538} INFO - Filling up the DagBag from /home/airflow/.local/lib/python3.8/site-packages/airflow/example_dags/tutorial.py
[2025-11-16T20:37:32.928+0000] {processor.py:840} INFO - DAG(s) 'tutorial' retrieved from /home/airflow/.local/lib/python3.8/site-packages/airflow/example_dags/tutorial.py
[2025-11-16T20:37:32.972+0000] {logging_mixin.py:188} INFO - [2025-11-16T20:37:32.972+0000] {dag.py:3036} INFO - Sync 1 DAGs
[2025-11-16T20:37:33.019+0000] {logging_mixin.py:188} INFO - [2025-11-16T20:37:33.018+0000] {dag.py:3823} INFO - Setting next_dagrun for tutorial to 2025-11-15 00:00:00+00:00, run_after=2025-11-16 00:00:00+00:00
[2025-11-16T20:37:33.052+0000] {processor.py:183} INFO - Processing /home/airflow/.local/lib/python3.8/site-packages/airflow/example_dags/tutorial.py took 0.144 seconds
[2025-11-16T20:38:03.278+0000] {processor.py:161} INFO - Started process (PID=2967) to work on /home/airflow/.local/lib/python3.8/site-packages/airflow/example_dags/tutorial.py
[2025-11-16T20:38:03.280+0000] {processor.py:830} INFO - Processing file /home/airflow/.local/lib/python3.8/site-packages/airflow/example_dags/tutorial.py for tasks to queue
[2025-11-16T20:38:03.283+0000] {logging_mixin.py:188} INFO - [2025-11-16T20:38:03.282+0000] {dagbag.py:538} INFO - Filling up the DagBag from /home/airflow/.local/lib/python3.8/site-packages/airflow/example_dags/tutorial.py
[2025-11-16T20:38:03.292+0000] {processor.py:840} INFO - DAG(s) 'tutorial' retrieved from /home/airflow/.local/lib/python3.8/site-packages/airflow/example_dags/tutorial.py
[2025-11-16T20:38:03.326+0000] {logging_mixin.py:188} INFO - [2025-11-16T20:38:03.325+0000] {dag.py:3036} INFO - Sync 1 DAGs
[2025-11-16T20:38:03.352+0000] {logging_mixin.py:188} INFO - [2025-11-16T20:38:03.352+0000] {dag.py:3823} INFO - Setting next_dagrun for tutorial to 2025-11-15 00:00:00+00:00, run_after=2025-11-16 00:00:00+00:00
[2025-11-16T20:38:03.383+0000] {processor.py:183} INFO - Processing /home/airflow/.local/lib/python3.8/site-packages/airflow/example_dags/tutorial.py took 0.109 seconds
[2025-11-16T20:38:33.929+0000] {processor.py:161} INFO - Started process (PID=3050) to work on /home/airflow/.local/lib/python3.8/site-packages/airflow/example_dags/tutorial.py
[2025-11-16T20:38:33.930+0000] {processor.py:830} INFO - Processing file /home/airflow/.local/lib/python3.8/site-packages/airflow/example_dags/tutorial.py for tasks to queue
[2025-11-16T20:38:33.931+0000] {logging_mixin.py:188} INFO - [2025-11-16T20:38:33.931+0000] {dagbag.py:538} INFO - Filling up the DagBag from /home/airflow/.local/lib/python3.8/site-packages/airflow/example_dags/tutorial.py
[2025-11-16T20:38:33.942+0000] {processor.py:840} INFO - DAG(s) 'tutorial' retrieved from /home/airflow/.local/lib/python3.8/site-packages/airflow/example_dags/tutorial.py
[2025-11-16T20:38:33.984+0000] {logging_mixin.py:188} INFO - [2025-11-16T20:38:33.984+0000] {dag.py:3036} INFO - Sync 1 DAGs
[2025-11-16T20:38:34.017+0000] {logging_mixin.py:188} INFO - [2025-11-16T20:38:34.016+0000] {dag.py:3823} INFO - Setting next_dagrun for tutorial to 2025-11-15 00:00:00+00:00, run_after=2025-11-16 00:00:00+00:00
[2025-11-16T20:38:34.050+0000] {processor.py:183} INFO - Processing /home/airflow/.local/lib/python3.8/site-packages/airflow/example_dags/tutorial.py took 0.125 seconds
[2025-11-16T20:39:22.791+0000] {processor.py:161} INFO - Started process (PID=3147) to work on /home/airflow/.local/lib/python3.8/site-packages/airflow/example_dags/tutorial.py
[2025-11-16T20:39:22.793+0000] {processor.py:830} INFO - Processing file /home/airflow/.local/lib/python3.8/site-packages/airflow/example_dags/tutorial.py for tasks to queue
[2025-11-16T20:39:22.794+0000] {logging_mixin.py:188} INFO - [2025-11-16T20:39:22.793+0000] {dagbag.py:538} INFO - Filling up the DagBag from /home/airflow/.local/lib/python3.8/site-packages/airflow/example_dags/tutorial.py
[2025-11-16T20:39:22.806+0000] {processor.py:840} INFO - DAG(s) 'tutorial' retrieved from /home/airflow/.local/lib/python3.8/site-packages/airflow/example_dags/tutorial.py
[2025-11-16T20:39:22.845+0000] {logging_mixin.py:188} INFO - [2025-11-16T20:39:22.844+0000] {dag.py:3036} INFO - Sync 1 DAGs
[2025-11-16T20:39:22.892+0000] {logging_mixin.py:188} INFO - [2025-11-16T20:39:22.892+0000] {dag.py:3823} INFO - Setting next_dagrun for tutorial to 2025-11-15 00:00:00+00:00, run_after=2025-11-16 00:00:00+00:00
[2025-11-16T20:39:22.948+0000] {processor.py:183} INFO - Processing /home/airflow/.local/lib/python3.8/site-packages/airflow/example_dags/tutorial.py took 0.163 seconds
[2025-11-16T20:39:53.969+0000] {processor.py:161} INFO - Started process (PID=3239) to work on /home/airflow/.local/lib/python3.8/site-packages/airflow/example_dags/tutorial.py
[2025-11-16T20:39:53.971+0000] {processor.py:830} INFO - Processing file /home/airflow/.local/lib/python3.8/site-packages/airflow/example_dags/tutorial.py for tasks to queue
[2025-11-16T20:39:53.973+0000] {logging_mixin.py:188} INFO - [2025-11-16T20:39:53.972+0000] {dagbag.py:538} INFO - Filling up the DagBag from /home/airflow/.local/lib/python3.8/site-packages/airflow/example_dags/tutorial.py
[2025-11-16T20:39:53.990+0000] {processor.py:840} INFO - DAG(s) 'tutorial' retrieved from /home/airflow/.local/lib/python3.8/site-packages/airflow/example_dags/tutorial.py
[2025-11-16T20:39:54.048+0000] {logging_mixin.py:188} INFO - [2025-11-16T20:39:54.048+0000] {dag.py:3036} INFO - Sync 1 DAGs
[2025-11-16T20:39:54.104+0000] {logging_mixin.py:188} INFO - [2025-11-16T20:39:54.103+0000] {dag.py:3823} INFO - Setting next_dagrun for tutorial to 2025-11-15 00:00:00+00:00, run_after=2025-11-16 00:00:00+00:00
[2025-11-16T20:39:54.150+0000] {processor.py:183} INFO - Processing /home/airflow/.local/lib/python3.8/site-packages/airflow/example_dags/tutorial.py took 0.189 seconds
[2025-11-16T20:42:26.929+0000] {processor.py:161} INFO - Started process (PID=157) to work on /home/airflow/.local/lib/python3.8/site-packages/airflow/example_dags/tutorial.py
[2025-11-16T20:42:26.931+0000] {processor.py:830} INFO - Processing file /home/airflow/.local/lib/python3.8/site-packages/airflow/example_dags/tutorial.py for tasks to queue
[2025-11-16T20:42:26.932+0000] {logging_mixin.py:188} INFO - [2025-11-16T20:42:26.932+0000] {dagbag.py:538} INFO - Filling up the DagBag from /home/airflow/.local/lib/python3.8/site-packages/airflow/example_dags/tutorial.py
[2025-11-16T20:42:26.942+0000] {processor.py:840} INFO - DAG(s) 'tutorial' retrieved from /home/airflow/.local/lib/python3.8/site-packages/airflow/example_dags/tutorial.py
[2025-11-16T20:42:27.158+0000] {logging_mixin.py:188} INFO - [2025-11-16T20:42:27.158+0000] {dag.py:3036} INFO - Sync 1 DAGs
[2025-11-16T20:42:27.199+0000] {logging_mixin.py:188} INFO - [2025-11-16T20:42:27.198+0000] {dag.py:3823} INFO - Setting next_dagrun for tutorial to 2025-11-15 00:00:00+00:00, run_after=2025-11-16 00:00:00+00:00
[2025-11-16T20:42:27.234+0000] {processor.py:183} INFO - Processing /home/airflow/.local/lib/python3.8/site-packages/airflow/example_dags/tutorial.py took 0.309 seconds
[2025-11-16T20:43:04.647+0000] {processor.py:161} INFO - Started process (PID=231) to work on /home/airflow/.local/lib/python3.8/site-packages/airflow/example_dags/tutorial.py
[2025-11-16T20:43:04.648+0000] {processor.py:830} INFO - Processing file /home/airflow/.local/lib/python3.8/site-packages/airflow/example_dags/tutorial.py for tasks to queue
[2025-11-16T20:43:04.649+0000] {logging_mixin.py:188} INFO - [2025-11-16T20:43:04.649+0000] {dagbag.py:538} INFO - Filling up the DagBag from /home/airflow/.local/lib/python3.8/site-packages/airflow/example_dags/tutorial.py
[2025-11-16T20:43:04.660+0000] {processor.py:840} INFO - DAG(s) 'tutorial' retrieved from /home/airflow/.local/lib/python3.8/site-packages/airflow/example_dags/tutorial.py
[2025-11-16T20:43:04.700+0000] {logging_mixin.py:188} INFO - [2025-11-16T20:43:04.700+0000] {dag.py:3036} INFO - Sync 1 DAGs
[2025-11-16T20:43:04.731+0000] {logging_mixin.py:188} INFO - [2025-11-16T20:43:04.730+0000] {dag.py:3823} INFO - Setting next_dagrun for tutorial to 2025-11-15 00:00:00+00:00, run_after=2025-11-16 00:00:00+00:00
[2025-11-16T20:43:04.768+0000] {processor.py:183} INFO - Processing /home/airflow/.local/lib/python3.8/site-packages/airflow/example_dags/tutorial.py took 0.126 seconds
[2025-11-16T20:43:35.453+0000] {processor.py:161} INFO - Started process (PID=312) to work on /home/airflow/.local/lib/python3.8/site-packages/airflow/example_dags/tutorial.py
[2025-11-16T20:43:35.454+0000] {processor.py:830} INFO - Processing file /home/airflow/.local/lib/python3.8/site-packages/airflow/example_dags/tutorial.py for tasks to queue
[2025-11-16T20:43:35.455+0000] {logging_mixin.py:188} INFO - [2025-11-16T20:43:35.455+0000] {dagbag.py:538} INFO - Filling up the DagBag from /home/airflow/.local/lib/python3.8/site-packages/airflow/example_dags/tutorial.py
[2025-11-16T20:43:35.464+0000] {processor.py:840} INFO - DAG(s) 'tutorial' retrieved from /home/airflow/.local/lib/python3.8/site-packages/airflow/example_dags/tutorial.py
[2025-11-16T20:43:35.501+0000] {logging_mixin.py:188} INFO - [2025-11-16T20:43:35.500+0000] {dag.py:3036} INFO - Sync 1 DAGs
[2025-11-16T20:43:35.555+0000] {logging_mixin.py:188} INFO - [2025-11-16T20:43:35.554+0000] {dag.py:3823} INFO - Setting next_dagrun for tutorial to 2025-11-15 00:00:00+00:00, run_after=2025-11-16 00:00:00+00:00
[2025-11-16T20:43:35.586+0000] {processor.py:183} INFO - Processing /home/airflow/.local/lib/python3.8/site-packages/airflow/example_dags/tutorial.py took 0.138 seconds
[2025-11-16T20:44:05.847+0000] {processor.py:161} INFO - Started process (PID=400) to work on /home/airflow/.local/lib/python3.8/site-packages/airflow/example_dags/tutorial.py
[2025-11-16T20:44:05.848+0000] {processor.py:830} INFO - Processing file /home/airflow/.local/lib/python3.8/site-packages/airflow/example_dags/tutorial.py for tasks to queue
[2025-11-16T20:44:05.849+0000] {logging_mixin.py:188} INFO - [2025-11-16T20:44:05.849+0000] {dagbag.py:538} INFO - Filling up the DagBag from /home/airflow/.local/lib/python3.8/site-packages/airflow/example_dags/tutorial.py
[2025-11-16T20:44:05.855+0000] {processor.py:840} INFO - DAG(s) 'tutorial' retrieved from /home/airflow/.local/lib/python3.8/site-packages/airflow/example_dags/tutorial.py
[2025-11-16T20:44:05.879+0000] {logging_mixin.py:188} INFO - [2025-11-16T20:44:05.878+0000] {dag.py:3036} INFO - Sync 1 DAGs
[2025-11-16T20:44:05.900+0000] {logging_mixin.py:188} INFO - [2025-11-16T20:44:05.900+0000] {dag.py:3823} INFO - Setting next_dagrun for tutorial to 2025-11-15 00:00:00+00:00, run_after=2025-11-16 00:00:00+00:00
[2025-11-16T20:44:05.921+0000] {processor.py:183} INFO - Processing /home/airflow/.local/lib/python3.8/site-packages/airflow/example_dags/tutorial.py took 0.077 seconds
[2025-11-16T20:44:36.753+0000] {processor.py:161} INFO - Started process (PID=481) to work on /home/airflow/.local/lib/python3.8/site-packages/airflow/example_dags/tutorial.py
[2025-11-16T20:44:36.756+0000] {processor.py:830} INFO - Processing file /home/airflow/.local/lib/python3.8/site-packages/airflow/example_dags/tutorial.py for tasks to queue
[2025-11-16T20:44:36.758+0000] {logging_mixin.py:188} INFO - [2025-11-16T20:44:36.757+0000] {dagbag.py:538} INFO - Filling up the DagBag from /home/airflow/.local/lib/python3.8/site-packages/airflow/example_dags/tutorial.py
[2025-11-16T20:44:36.765+0000] {processor.py:840} INFO - DAG(s) 'tutorial' retrieved from /home/airflow/.local/lib/python3.8/site-packages/airflow/example_dags/tutorial.py
[2025-11-16T20:44:36.795+0000] {logging_mixin.py:188} INFO - [2025-11-16T20:44:36.795+0000] {dag.py:3036} INFO - Sync 1 DAGs
[2025-11-16T20:44:36.825+0000] {logging_mixin.py:188} INFO - [2025-11-16T20:44:36.824+0000] {dag.py:3823} INFO - Setting next_dagrun for tutorial to 2025-11-15 00:00:00+00:00, run_after=2025-11-16 00:00:00+00:00
[2025-11-16T20:44:36.856+0000] {processor.py:183} INFO - Processing /home/airflow/.local/lib/python3.8/site-packages/airflow/example_dags/tutorial.py took 0.107 seconds
[2025-11-16T20:45:07.401+0000] {processor.py:161} INFO - Started process (PID=578) to work on /home/airflow/.local/lib/python3.8/site-packages/airflow/example_dags/tutorial.py
[2025-11-16T20:45:07.402+0000] {processor.py:830} INFO - Processing file /home/airflow/.local/lib/python3.8/site-packages/airflow/example_dags/tutorial.py for tasks to queue
[2025-11-16T20:45:07.403+0000] {logging_mixin.py:188} INFO - [2025-11-16T20:45:07.402+0000] {dagbag.py:538} INFO - Filling up the DagBag from /home/airflow/.local/lib/python3.8/site-packages/airflow/example_dags/tutorial.py
[2025-11-16T20:45:07.412+0000] {processor.py:840} INFO - DAG(s) 'tutorial' retrieved from /home/airflow/.local/lib/python3.8/site-packages/airflow/example_dags/tutorial.py
[2025-11-16T20:45:07.436+0000] {logging_mixin.py:188} INFO - [2025-11-16T20:45:07.435+0000] {dag.py:3036} INFO - Sync 1 DAGs
[2025-11-16T20:45:07.465+0000] {logging_mixin.py:188} INFO - [2025-11-16T20:45:07.464+0000] {dag.py:3823} INFO - Setting next_dagrun for tutorial to 2025-11-15 00:00:00+00:00, run_after=2025-11-16 00:00:00+00:00
[2025-11-16T20:45:07.486+0000] {processor.py:183} INFO - Processing /home/airflow/.local/lib/python3.8/site-packages/airflow/example_dags/tutorial.py took 0.088 seconds
[2025-11-16T20:45:37.584+0000] {processor.py:161} INFO - Started process (PID=660) to work on /home/airflow/.local/lib/python3.8/site-packages/airflow/example_dags/tutorial.py
[2025-11-16T20:45:37.585+0000] {processor.py:830} INFO - Processing file /home/airflow/.local/lib/python3.8/site-packages/airflow/example_dags/tutorial.py for tasks to queue
[2025-11-16T20:45:37.586+0000] {logging_mixin.py:188} INFO - [2025-11-16T20:45:37.586+0000] {dagbag.py:538} INFO - Filling up the DagBag from /home/airflow/.local/lib/python3.8/site-packages/airflow/example_dags/tutorial.py
[2025-11-16T20:45:37.594+0000] {processor.py:840} INFO - DAG(s) 'tutorial' retrieved from /home/airflow/.local/lib/python3.8/site-packages/airflow/example_dags/tutorial.py
[2025-11-16T20:45:37.625+0000] {logging_mixin.py:188} INFO - [2025-11-16T20:45:37.624+0000] {dag.py:3036} INFO - Sync 1 DAGs
[2025-11-16T20:45:37.657+0000] {logging_mixin.py:188} INFO - [2025-11-16T20:45:37.656+0000] {dag.py:3823} INFO - Setting next_dagrun for tutorial to 2025-11-15 00:00:00+00:00, run_after=2025-11-16 00:00:00+00:00
[2025-11-16T20:45:37.701+0000] {processor.py:183} INFO - Processing /home/airflow/.local/lib/python3.8/site-packages/airflow/example_dags/tutorial.py took 0.120 seconds
[2025-11-16T20:46:08.271+0000] {processor.py:161} INFO - Started process (PID=741) to work on /home/airflow/.local/lib/python3.8/site-packages/airflow/example_dags/tutorial.py
[2025-11-16T20:46:08.272+0000] {processor.py:830} INFO - Processing file /home/airflow/.local/lib/python3.8/site-packages/airflow/example_dags/tutorial.py for tasks to queue
[2025-11-16T20:46:08.273+0000] {logging_mixin.py:188} INFO - [2025-11-16T20:46:08.273+0000] {dagbag.py:538} INFO - Filling up the DagBag from /home/airflow/.local/lib/python3.8/site-packages/airflow/example_dags/tutorial.py
[2025-11-16T20:46:08.281+0000] {processor.py:840} INFO - DAG(s) 'tutorial' retrieved from /home/airflow/.local/lib/python3.8/site-packages/airflow/example_dags/tutorial.py
[2025-11-16T20:46:08.309+0000] {logging_mixin.py:188} INFO - [2025-11-16T20:46:08.309+0000] {dag.py:3036} INFO - Sync 1 DAGs
[2025-11-16T20:46:08.339+0000] {logging_mixin.py:188} INFO - [2025-11-16T20:46:08.338+0000] {dag.py:3823} INFO - Setting next_dagrun for tutorial to 2025-11-15 00:00:00+00:00, run_after=2025-11-16 00:00:00+00:00
[2025-11-16T20:46:08.363+0000] {processor.py:183} INFO - Processing /home/airflow/.local/lib/python3.8/site-packages/airflow/example_dags/tutorial.py took 0.095 seconds
[2025-11-16T20:46:38.852+0000] {processor.py:161} INFO - Started process (PID=837) to work on /home/airflow/.local/lib/python3.8/site-packages/airflow/example_dags/tutorial.py
[2025-11-16T20:46:38.853+0000] {processor.py:830} INFO - Processing file /home/airflow/.local/lib/python3.8/site-packages/airflow/example_dags/tutorial.py for tasks to queue
[2025-11-16T20:46:38.855+0000] {logging_mixin.py:188} INFO - [2025-11-16T20:46:38.854+0000] {dagbag.py:538} INFO - Filling up the DagBag from /home/airflow/.local/lib/python3.8/site-packages/airflow/example_dags/tutorial.py
[2025-11-16T20:46:38.863+0000] {processor.py:840} INFO - DAG(s) 'tutorial' retrieved from /home/airflow/.local/lib/python3.8/site-packages/airflow/example_dags/tutorial.py
[2025-11-16T20:46:38.889+0000] {logging_mixin.py:188} INFO - [2025-11-16T20:46:38.889+0000] {dag.py:3036} INFO - Sync 1 DAGs
[2025-11-16T20:46:38.915+0000] {logging_mixin.py:188} INFO - [2025-11-16T20:46:38.915+0000] {dag.py:3823} INFO - Setting next_dagrun for tutorial to 2025-11-15 00:00:00+00:00, run_after=2025-11-16 00:00:00+00:00
[2025-11-16T20:46:38.939+0000] {processor.py:183} INFO - Processing /home/airflow/.local/lib/python3.8/site-packages/airflow/example_dags/tutorial.py took 0.090 seconds
[2025-11-16T20:47:09.215+0000] {processor.py:161} INFO - Started process (PID=918) to work on /home/airflow/.local/lib/python3.8/site-packages/airflow/example_dags/tutorial.py
[2025-11-16T20:47:09.216+0000] {processor.py:830} INFO - Processing file /home/airflow/.local/lib/python3.8/site-packages/airflow/example_dags/tutorial.py for tasks to queue
[2025-11-16T20:47:09.218+0000] {logging_mixin.py:188} INFO - [2025-11-16T20:47:09.218+0000] {dagbag.py:538} INFO - Filling up the DagBag from /home/airflow/.local/lib/python3.8/site-packages/airflow/example_dags/tutorial.py
[2025-11-16T20:47:09.226+0000] {processor.py:840} INFO - DAG(s) 'tutorial' retrieved from /home/airflow/.local/lib/python3.8/site-packages/airflow/example_dags/tutorial.py
[2025-11-16T20:47:09.258+0000] {logging_mixin.py:188} INFO - [2025-11-16T20:47:09.258+0000] {dag.py:3036} INFO - Sync 1 DAGs
[2025-11-16T20:47:09.279+0000] {logging_mixin.py:188} INFO - [2025-11-16T20:47:09.279+0000] {dag.py:3823} INFO - Setting next_dagrun for tutorial to 2025-11-15 00:00:00+00:00, run_after=2025-11-16 00:00:00+00:00
[2025-11-16T20:47:09.302+0000] {processor.py:183} INFO - Processing /home/airflow/.local/lib/python3.8/site-packages/airflow/example_dags/tutorial.py took 0.089 seconds
[2025-11-16T20:47:40.051+0000] {processor.py:161} INFO - Started process (PID=1014) to work on /home/airflow/.local/lib/python3.8/site-packages/airflow/example_dags/tutorial.py
[2025-11-16T20:47:40.052+0000] {processor.py:830} INFO - Processing file /home/airflow/.local/lib/python3.8/site-packages/airflow/example_dags/tutorial.py for tasks to queue
[2025-11-16T20:47:40.053+0000] {logging_mixin.py:188} INFO - [2025-11-16T20:47:40.053+0000] {dagbag.py:538} INFO - Filling up the DagBag from /home/airflow/.local/lib/python3.8/site-packages/airflow/example_dags/tutorial.py
[2025-11-16T20:47:40.060+0000] {processor.py:840} INFO - DAG(s) 'tutorial' retrieved from /home/airflow/.local/lib/python3.8/site-packages/airflow/example_dags/tutorial.py
[2025-11-16T20:47:40.086+0000] {logging_mixin.py:188} INFO - [2025-11-16T20:47:40.086+0000] {dag.py:3036} INFO - Sync 1 DAGs
[2025-11-16T20:47:40.115+0000] {logging_mixin.py:188} INFO - [2025-11-16T20:47:40.115+0000] {dag.py:3823} INFO - Setting next_dagrun for tutorial to 2025-11-15 00:00:00+00:00, run_after=2025-11-16 00:00:00+00:00
[2025-11-16T20:47:40.140+0000] {processor.py:183} INFO - Processing /home/airflow/.local/lib/python3.8/site-packages/airflow/example_dags/tutorial.py took 0.092 seconds
[2025-11-16T20:48:10.453+0000] {processor.py:161} INFO - Started process (PID=1094) to work on /home/airflow/.local/lib/python3.8/site-packages/airflow/example_dags/tutorial.py
[2025-11-16T20:48:10.454+0000] {processor.py:830} INFO - Processing file /home/airflow/.local/lib/python3.8/site-packages/airflow/example_dags/tutorial.py for tasks to queue
[2025-11-16T20:48:10.455+0000] {logging_mixin.py:188} INFO - [2025-11-16T20:48:10.455+0000] {dagbag.py:538} INFO - Filling up the DagBag from /home/airflow/.local/lib/python3.8/site-packages/airflow/example_dags/tutorial.py
[2025-11-16T20:48:10.462+0000] {processor.py:840} INFO - DAG(s) 'tutorial' retrieved from /home/airflow/.local/lib/python3.8/site-packages/airflow/example_dags/tutorial.py
[2025-11-16T20:48:10.497+0000] {logging_mixin.py:188} INFO - [2025-11-16T20:48:10.497+0000] {dag.py:3036} INFO - Sync 1 DAGs
[2025-11-16T20:48:10.529+0000] {logging_mixin.py:188} INFO - [2025-11-16T20:48:10.529+0000] {dag.py:3823} INFO - Setting next_dagrun for tutorial to 2025-11-15 00:00:00+00:00, run_after=2025-11-16 00:00:00+00:00
[2025-11-16T20:48:10.556+0000] {processor.py:183} INFO - Processing /home/airflow/.local/lib/python3.8/site-packages/airflow/example_dags/tutorial.py took 0.107 seconds
[2025-11-16T20:48:41.596+0000] {processor.py:161} INFO - Started process (PID=1175) to work on /home/airflow/.local/lib/python3.8/site-packages/airflow/example_dags/tutorial.py
[2025-11-16T20:48:41.598+0000] {processor.py:830} INFO - Processing file /home/airflow/.local/lib/python3.8/site-packages/airflow/example_dags/tutorial.py for tasks to queue
[2025-11-16T20:48:41.600+0000] {logging_mixin.py:188} INFO - [2025-11-16T20:48:41.600+0000] {dagbag.py:538} INFO - Filling up the DagBag from /home/airflow/.local/lib/python3.8/site-packages/airflow/example_dags/tutorial.py
[2025-11-16T20:48:41.611+0000] {processor.py:840} INFO - DAG(s) 'tutorial' retrieved from /home/airflow/.local/lib/python3.8/site-packages/airflow/example_dags/tutorial.py
[2025-11-16T20:48:41.649+0000] {logging_mixin.py:188} INFO - [2025-11-16T20:48:41.648+0000] {dag.py:3036} INFO - Sync 1 DAGs
[2025-11-16T20:48:41.713+0000] {logging_mixin.py:188} INFO - [2025-11-16T20:48:41.712+0000] {dag.py:3823} INFO - Setting next_dagrun for tutorial to 2025-11-15 00:00:00+00:00, run_after=2025-11-16 00:00:00+00:00
[2025-11-16T20:48:41.753+0000] {processor.py:183} INFO - Processing /home/airflow/.local/lib/python3.8/site-packages/airflow/example_dags/tutorial.py took 0.162 seconds
[2025-11-16T20:49:18.400+0000] {processor.py:161} INFO - Started process (PID=1256) to work on /home/airflow/.local/lib/python3.8/site-packages/airflow/example_dags/tutorial.py
[2025-11-16T20:49:18.401+0000] {processor.py:830} INFO - Processing file /home/airflow/.local/lib/python3.8/site-packages/airflow/example_dags/tutorial.py for tasks to queue
[2025-11-16T20:49:18.403+0000] {logging_mixin.py:188} INFO - [2025-11-16T20:49:18.403+0000] {dagbag.py:538} INFO - Filling up the DagBag from /home/airflow/.local/lib/python3.8/site-packages/airflow/example_dags/tutorial.py
[2025-11-16T20:49:18.421+0000] {processor.py:840} INFO - DAG(s) 'tutorial' retrieved from /home/airflow/.local/lib/python3.8/site-packages/airflow/example_dags/tutorial.py
[2025-11-16T20:49:18.476+0000] {logging_mixin.py:188} INFO - [2025-11-16T20:49:18.476+0000] {dag.py:3036} INFO - Sync 1 DAGs
[2025-11-16T20:49:18.533+0000] {logging_mixin.py:188} INFO - [2025-11-16T20:49:18.533+0000] {dag.py:3823} INFO - Setting next_dagrun for tutorial to 2025-11-15 00:00:00+00:00, run_after=2025-11-16 00:00:00+00:00
[2025-11-16T20:49:18.585+0000] {processor.py:183} INFO - Processing /home/airflow/.local/lib/python3.8/site-packages/airflow/example_dags/tutorial.py took 0.190 seconds
[2025-11-16T20:50:05.986+0000] {processor.py:161} INFO - Started process (PID=1329) to work on /home/airflow/.local/lib/python3.8/site-packages/airflow/example_dags/tutorial.py
[2025-11-16T20:50:05.987+0000] {processor.py:830} INFO - Processing file /home/airflow/.local/lib/python3.8/site-packages/airflow/example_dags/tutorial.py for tasks to queue
[2025-11-16T20:50:05.988+0000] {logging_mixin.py:188} INFO - [2025-11-16T20:50:05.988+0000] {dagbag.py:538} INFO - Filling up the DagBag from /home/airflow/.local/lib/python3.8/site-packages/airflow/example_dags/tutorial.py
[2025-11-16T20:50:06.001+0000] {processor.py:840} INFO - DAG(s) 'tutorial' retrieved from /home/airflow/.local/lib/python3.8/site-packages/airflow/example_dags/tutorial.py
[2025-11-16T20:50:06.043+0000] {logging_mixin.py:188} INFO - [2025-11-16T20:50:06.043+0000] {dag.py:3036} INFO - Sync 1 DAGs
[2025-11-16T20:50:06.089+0000] {logging_mixin.py:188} INFO - [2025-11-16T20:50:06.089+0000] {dag.py:3823} INFO - Setting next_dagrun for tutorial to 2025-11-15 00:00:00+00:00, run_after=2025-11-16 00:00:00+00:00
[2025-11-16T20:50:06.130+0000] {processor.py:183} INFO - Processing /home/airflow/.local/lib/python3.8/site-packages/airflow/example_dags/tutorial.py took 0.152 seconds
[2025-11-16T23:16:21.332+0000] {processor.py:161} INFO - Started process (PID=1432) to work on /home/airflow/.local/lib/python3.8/site-packages/airflow/example_dags/tutorial.py
[2025-11-16T23:16:21.334+0000] {processor.py:830} INFO - Processing file /home/airflow/.local/lib/python3.8/site-packages/airflow/example_dags/tutorial.py for tasks to queue
[2025-11-16T23:16:21.335+0000] {logging_mixin.py:188} INFO - [2025-11-16T23:16:21.335+0000] {dagbag.py:538} INFO - Filling up the DagBag from /home/airflow/.local/lib/python3.8/site-packages/airflow/example_dags/tutorial.py
[2025-11-16T23:16:21.354+0000] {processor.py:840} INFO - DAG(s) 'tutorial' retrieved from /home/airflow/.local/lib/python3.8/site-packages/airflow/example_dags/tutorial.py
[2025-11-16T23:16:21.400+0000] {logging_mixin.py:188} INFO - [2025-11-16T23:16:21.399+0000] {dag.py:3036} INFO - Sync 1 DAGs
[2025-11-16T23:16:21.453+0000] {logging_mixin.py:188} INFO - [2025-11-16T23:16:21.451+0000] {dag.py:3823} INFO - Setting next_dagrun for tutorial to 2025-11-15 00:00:00+00:00, run_after=2025-11-16 00:00:00+00:00
[2025-11-16T23:16:21.513+0000] {processor.py:183} INFO - Processing /home/airflow/.local/lib/python3.8/site-packages/airflow/example_dags/tutorial.py took 0.188 seconds
[2025-11-16T23:16:51.724+0000] {processor.py:161} INFO - Started process (PID=1507) to work on /home/airflow/.local/lib/python3.8/site-packages/airflow/example_dags/tutorial.py
[2025-11-16T23:16:51.725+0000] {processor.py:830} INFO - Processing file /home/airflow/.local/lib/python3.8/site-packages/airflow/example_dags/tutorial.py for tasks to queue
[2025-11-16T23:16:51.726+0000] {logging_mixin.py:188} INFO - [2025-11-16T23:16:51.726+0000] {dagbag.py:538} INFO - Filling up the DagBag from /home/airflow/.local/lib/python3.8/site-packages/airflow/example_dags/tutorial.py
[2025-11-16T23:16:51.737+0000] {processor.py:840} INFO - DAG(s) 'tutorial' retrieved from /home/airflow/.local/lib/python3.8/site-packages/airflow/example_dags/tutorial.py
[2025-11-16T23:16:51.774+0000] {logging_mixin.py:188} INFO - [2025-11-16T23:16:51.773+0000] {dag.py:3036} INFO - Sync 1 DAGs
[2025-11-16T23:16:51.816+0000] {logging_mixin.py:188} INFO - [2025-11-16T23:16:51.816+0000] {dag.py:3823} INFO - Setting next_dagrun for tutorial to 2025-11-15 00:00:00+00:00, run_after=2025-11-16 00:00:00+00:00
[2025-11-16T23:16:51.851+0000] {processor.py:183} INFO - Processing /home/airflow/.local/lib/python3.8/site-packages/airflow/example_dags/tutorial.py took 0.130 seconds
[2025-11-16T23:17:24.434+0000] {processor.py:161} INFO - Started process (PID=1588) to work on /home/airflow/.local/lib/python3.8/site-packages/airflow/example_dags/tutorial.py
[2025-11-16T23:17:24.436+0000] {processor.py:830} INFO - Processing file /home/airflow/.local/lib/python3.8/site-packages/airflow/example_dags/tutorial.py for tasks to queue
[2025-11-16T23:17:24.440+0000] {logging_mixin.py:188} INFO - [2025-11-16T23:17:24.437+0000] {dagbag.py:538} INFO - Filling up the DagBag from /home/airflow/.local/lib/python3.8/site-packages/airflow/example_dags/tutorial.py
[2025-11-16T23:17:24.453+0000] {processor.py:840} INFO - DAG(s) 'tutorial' retrieved from /home/airflow/.local/lib/python3.8/site-packages/airflow/example_dags/tutorial.py
[2025-11-16T23:17:24.490+0000] {logging_mixin.py:188} INFO - [2025-11-16T23:17:24.490+0000] {dag.py:3036} INFO - Sync 1 DAGs
[2025-11-16T23:17:24.531+0000] {logging_mixin.py:188} INFO - [2025-11-16T23:17:24.530+0000] {dag.py:3823} INFO - Setting next_dagrun for tutorial to 2025-11-15 00:00:00+00:00, run_after=2025-11-16 00:00:00+00:00
[2025-11-16T23:17:24.574+0000] {processor.py:183} INFO - Processing /home/airflow/.local/lib/python3.8/site-packages/airflow/example_dags/tutorial.py took 0.144 seconds
[2025-11-16T23:17:58.538+0000] {processor.py:161} INFO - Started process (PID=1654) to work on /home/airflow/.local/lib/python3.8/site-packages/airflow/example_dags/tutorial.py
[2025-11-16T23:17:58.542+0000] {processor.py:830} INFO - Processing file /home/airflow/.local/lib/python3.8/site-packages/airflow/example_dags/tutorial.py for tasks to queue
[2025-11-16T23:17:58.544+0000] {logging_mixin.py:188} INFO - [2025-11-16T23:17:58.544+0000] {dagbag.py:538} INFO - Filling up the DagBag from /home/airflow/.local/lib/python3.8/site-packages/airflow/example_dags/tutorial.py
[2025-11-16T23:17:58.558+0000] {processor.py:840} INFO - DAG(s) 'tutorial' retrieved from /home/airflow/.local/lib/python3.8/site-packages/airflow/example_dags/tutorial.py
[2025-11-16T23:17:58.599+0000] {logging_mixin.py:188} INFO - [2025-11-16T23:17:58.597+0000] {dag.py:3036} INFO - Sync 1 DAGs
[2025-11-16T23:17:58.636+0000] {logging_mixin.py:188} INFO - [2025-11-16T23:17:58.636+0000] {dag.py:3823} INFO - Setting next_dagrun for tutorial to 2025-11-15 00:00:00+00:00, run_after=2025-11-16 00:00:00+00:00
[2025-11-16T23:17:58.683+0000] {processor.py:183} INFO - Processing /home/airflow/.local/lib/python3.8/site-packages/airflow/example_dags/tutorial.py took 0.149 seconds
[2025-11-16T23:18:34.080+0000] {processor.py:161} INFO - Started process (PID=1750) to work on /home/airflow/.local/lib/python3.8/site-packages/airflow/example_dags/tutorial.py
[2025-11-16T23:18:34.081+0000] {processor.py:830} INFO - Processing file /home/airflow/.local/lib/python3.8/site-packages/airflow/example_dags/tutorial.py for tasks to queue
[2025-11-16T23:18:34.087+0000] {logging_mixin.py:188} INFO - [2025-11-16T23:18:34.086+0000] {dagbag.py:538} INFO - Filling up the DagBag from /home/airflow/.local/lib/python3.8/site-packages/airflow/example_dags/tutorial.py
[2025-11-16T23:18:34.102+0000] {processor.py:840} INFO - DAG(s) 'tutorial' retrieved from /home/airflow/.local/lib/python3.8/site-packages/airflow/example_dags/tutorial.py
[2025-11-16T23:18:34.145+0000] {logging_mixin.py:188} INFO - [2025-11-16T23:18:34.145+0000] {dag.py:3036} INFO - Sync 1 DAGs
[2025-11-16T23:18:34.190+0000] {logging_mixin.py:188} INFO - [2025-11-16T23:18:34.190+0000] {dag.py:3823} INFO - Setting next_dagrun for tutorial to 2025-11-15 00:00:00+00:00, run_after=2025-11-16 00:00:00+00:00
[2025-11-16T23:18:34.233+0000] {processor.py:183} INFO - Processing /home/airflow/.local/lib/python3.8/site-packages/airflow/example_dags/tutorial.py took 0.160 seconds
[2025-11-16T23:19:04.325+0000] {processor.py:161} INFO - Started process (PID=1816) to work on /home/airflow/.local/lib/python3.8/site-packages/airflow/example_dags/tutorial.py
[2025-11-16T23:19:04.326+0000] {processor.py:830} INFO - Processing file /home/airflow/.local/lib/python3.8/site-packages/airflow/example_dags/tutorial.py for tasks to queue
[2025-11-16T23:19:04.330+0000] {logging_mixin.py:188} INFO - [2025-11-16T23:19:04.328+0000] {dagbag.py:538} INFO - Filling up the DagBag from /home/airflow/.local/lib/python3.8/site-packages/airflow/example_dags/tutorial.py
[2025-11-16T23:19:04.337+0000] {processor.py:840} INFO - DAG(s) 'tutorial' retrieved from /home/airflow/.local/lib/python3.8/site-packages/airflow/example_dags/tutorial.py
[2025-11-16T23:19:04.373+0000] {logging_mixin.py:188} INFO - [2025-11-16T23:19:04.371+0000] {dag.py:3036} INFO - Sync 1 DAGs
[2025-11-16T23:19:04.410+0000] {logging_mixin.py:188} INFO - [2025-11-16T23:19:04.410+0000] {dag.py:3823} INFO - Setting next_dagrun for tutorial to 2025-11-15 00:00:00+00:00, run_after=2025-11-16 00:00:00+00:00
[2025-11-16T23:19:04.444+0000] {processor.py:183} INFO - Processing /home/airflow/.local/lib/python3.8/site-packages/airflow/example_dags/tutorial.py took 0.122 seconds
