[2025-11-16T20:20:49.747+0000] {processor.py:161} INFO - Started process (PID=187) to work on /home/airflow/.local/lib/python3.8/site-packages/airflow/example_dags/tutorial_dag.py
[2025-11-16T20:20:49.749+0000] {processor.py:830} INFO - Processing file /home/airflow/.local/lib/python3.8/site-packages/airflow/example_dags/tutorial_dag.py for tasks to queue
[2025-11-16T20:20:49.750+0000] {logging_mixin.py:188} INFO - [2025-11-16T20:20:49.750+0000] {dagbag.py:538} INFO - Filling up the DagBag from /home/airflow/.local/lib/python3.8/site-packages/airflow/example_dags/tutorial_dag.py
[2025-11-16T20:20:49.760+0000] {processor.py:840} INFO - DAG(s) 'tutorial_dag' retrieved from /home/airflow/.local/lib/python3.8/site-packages/airflow/example_dags/tutorial_dag.py
[2025-11-16T20:20:49.921+0000] {logging_mixin.py:188} INFO - [2025-11-16T20:20:49.920+0000] {override.py:1769} INFO - Created Permission View: can edit on DAG:tutorial_dag
[2025-11-16T20:20:49.939+0000] {logging_mixin.py:188} INFO - [2025-11-16T20:20:49.938+0000] {override.py:1769} INFO - Created Permission View: can read on DAG:tutorial_dag
[2025-11-16T20:20:49.950+0000] {logging_mixin.py:188} INFO - [2025-11-16T20:20:49.950+0000] {override.py:1769} INFO - Created Permission View: can delete on DAG:tutorial_dag
[2025-11-16T20:20:49.951+0000] {logging_mixin.py:188} INFO - [2025-11-16T20:20:49.951+0000] {dag.py:3036} INFO - Sync 1 DAGs
[2025-11-16T20:20:49.969+0000] {logging_mixin.py:188} INFO - [2025-11-16T20:20:49.968+0000] {dag.py:3058} INFO - Creating ORM DAG for tutorial_dag
[2025-11-16T20:20:49.971+0000] {logging_mixin.py:188} INFO - [2025-11-16T20:20:49.971+0000] {dag.py:3823} INFO - Setting next_dagrun for tutorial_dag to None, run_after=None
[2025-11-16T20:20:49.997+0000] {processor.py:183} INFO - Processing /home/airflow/.local/lib/python3.8/site-packages/airflow/example_dags/tutorial_dag.py took 0.255 seconds
[2025-11-16T20:21:26.561+0000] {processor.py:161} INFO - Started process (PID=275) to work on /home/airflow/.local/lib/python3.8/site-packages/airflow/example_dags/tutorial_dag.py
[2025-11-16T20:21:26.562+0000] {processor.py:830} INFO - Processing file /home/airflow/.local/lib/python3.8/site-packages/airflow/example_dags/tutorial_dag.py for tasks to queue
[2025-11-16T20:21:26.564+0000] {logging_mixin.py:188} INFO - [2025-11-16T20:21:26.563+0000] {dagbag.py:538} INFO - Filling up the DagBag from /home/airflow/.local/lib/python3.8/site-packages/airflow/example_dags/tutorial_dag.py
[2025-11-16T20:21:26.571+0000] {processor.py:840} INFO - DAG(s) 'tutorial_dag' retrieved from /home/airflow/.local/lib/python3.8/site-packages/airflow/example_dags/tutorial_dag.py
[2025-11-16T20:21:26.597+0000] {logging_mixin.py:188} INFO - [2025-11-16T20:21:26.596+0000] {dag.py:3036} INFO - Sync 1 DAGs
[2025-11-16T20:21:26.611+0000] {logging_mixin.py:188} INFO - [2025-11-16T20:21:26.611+0000] {dag.py:3823} INFO - Setting next_dagrun for tutorial_dag to None, run_after=None
[2025-11-16T20:21:26.638+0000] {processor.py:183} INFO - Processing /home/airflow/.local/lib/python3.8/site-packages/airflow/example_dags/tutorial_dag.py took 0.081 seconds
[2025-11-16T20:21:56.855+0000] {processor.py:161} INFO - Started process (PID=356) to work on /home/airflow/.local/lib/python3.8/site-packages/airflow/example_dags/tutorial_dag.py
[2025-11-16T20:21:56.857+0000] {processor.py:830} INFO - Processing file /home/airflow/.local/lib/python3.8/site-packages/airflow/example_dags/tutorial_dag.py for tasks to queue
[2025-11-16T20:21:56.858+0000] {logging_mixin.py:188} INFO - [2025-11-16T20:21:56.858+0000] {dagbag.py:538} INFO - Filling up the DagBag from /home/airflow/.local/lib/python3.8/site-packages/airflow/example_dags/tutorial_dag.py
[2025-11-16T20:21:56.865+0000] {processor.py:840} INFO - DAG(s) 'tutorial_dag' retrieved from /home/airflow/.local/lib/python3.8/site-packages/airflow/example_dags/tutorial_dag.py
[2025-11-16T20:21:56.894+0000] {logging_mixin.py:188} INFO - [2025-11-16T20:21:56.894+0000] {dag.py:3036} INFO - Sync 1 DAGs
[2025-11-16T20:21:56.911+0000] {logging_mixin.py:188} INFO - [2025-11-16T20:21:56.910+0000] {dag.py:3823} INFO - Setting next_dagrun for tutorial_dag to None, run_after=None
[2025-11-16T20:21:56.936+0000] {processor.py:183} INFO - Processing /home/airflow/.local/lib/python3.8/site-packages/airflow/example_dags/tutorial_dag.py took 0.084 seconds
[2025-11-16T20:22:30.603+0000] {processor.py:161} INFO - Started process (PID=459) to work on /home/airflow/.local/lib/python3.8/site-packages/airflow/example_dags/tutorial_dag.py
[2025-11-16T20:22:30.604+0000] {processor.py:830} INFO - Processing file /home/airflow/.local/lib/python3.8/site-packages/airflow/example_dags/tutorial_dag.py for tasks to queue
[2025-11-16T20:22:30.606+0000] {logging_mixin.py:188} INFO - [2025-11-16T20:22:30.605+0000] {dagbag.py:538} INFO - Filling up the DagBag from /home/airflow/.local/lib/python3.8/site-packages/airflow/example_dags/tutorial_dag.py
[2025-11-16T20:22:30.614+0000] {processor.py:840} INFO - DAG(s) 'tutorial_dag' retrieved from /home/airflow/.local/lib/python3.8/site-packages/airflow/example_dags/tutorial_dag.py
[2025-11-16T20:22:30.645+0000] {logging_mixin.py:188} INFO - [2025-11-16T20:22:30.645+0000] {dag.py:3036} INFO - Sync 1 DAGs
[2025-11-16T20:22:30.667+0000] {logging_mixin.py:188} INFO - [2025-11-16T20:22:30.666+0000] {dag.py:3823} INFO - Setting next_dagrun for tutorial_dag to None, run_after=None
[2025-11-16T20:22:30.703+0000] {processor.py:183} INFO - Processing /home/airflow/.local/lib/python3.8/site-packages/airflow/example_dags/tutorial_dag.py took 0.105 seconds
[2025-11-16T20:23:00.795+0000] {processor.py:161} INFO - Started process (PID=540) to work on /home/airflow/.local/lib/python3.8/site-packages/airflow/example_dags/tutorial_dag.py
[2025-11-16T20:23:00.801+0000] {processor.py:830} INFO - Processing file /home/airflow/.local/lib/python3.8/site-packages/airflow/example_dags/tutorial_dag.py for tasks to queue
[2025-11-16T20:23:00.803+0000] {logging_mixin.py:188} INFO - [2025-11-16T20:23:00.802+0000] {dagbag.py:538} INFO - Filling up the DagBag from /home/airflow/.local/lib/python3.8/site-packages/airflow/example_dags/tutorial_dag.py
[2025-11-16T20:23:00.809+0000] {processor.py:840} INFO - DAG(s) 'tutorial_dag' retrieved from /home/airflow/.local/lib/python3.8/site-packages/airflow/example_dags/tutorial_dag.py
[2025-11-16T20:23:00.834+0000] {logging_mixin.py:188} INFO - [2025-11-16T20:23:00.833+0000] {dag.py:3036} INFO - Sync 1 DAGs
[2025-11-16T20:23:00.845+0000] {logging_mixin.py:188} INFO - [2025-11-16T20:23:00.845+0000] {dag.py:3823} INFO - Setting next_dagrun for tutorial_dag to None, run_after=None
[2025-11-16T20:23:00.869+0000] {processor.py:183} INFO - Processing /home/airflow/.local/lib/python3.8/site-packages/airflow/example_dags/tutorial_dag.py took 0.078 seconds
[2025-11-16T20:23:31.004+0000] {processor.py:161} INFO - Started process (PID=621) to work on /home/airflow/.local/lib/python3.8/site-packages/airflow/example_dags/tutorial_dag.py
[2025-11-16T20:23:31.005+0000] {processor.py:830} INFO - Processing file /home/airflow/.local/lib/python3.8/site-packages/airflow/example_dags/tutorial_dag.py for tasks to queue
[2025-11-16T20:23:31.006+0000] {logging_mixin.py:188} INFO - [2025-11-16T20:23:31.006+0000] {dagbag.py:538} INFO - Filling up the DagBag from /home/airflow/.local/lib/python3.8/site-packages/airflow/example_dags/tutorial_dag.py
[2025-11-16T20:23:31.012+0000] {processor.py:840} INFO - DAG(s) 'tutorial_dag' retrieved from /home/airflow/.local/lib/python3.8/site-packages/airflow/example_dags/tutorial_dag.py
[2025-11-16T20:23:31.039+0000] {logging_mixin.py:188} INFO - [2025-11-16T20:23:31.039+0000] {dag.py:3036} INFO - Sync 1 DAGs
[2025-11-16T20:23:31.052+0000] {logging_mixin.py:188} INFO - [2025-11-16T20:23:31.051+0000] {dag.py:3823} INFO - Setting next_dagrun for tutorial_dag to None, run_after=None
[2025-11-16T20:23:31.085+0000] {processor.py:183} INFO - Processing /home/airflow/.local/lib/python3.8/site-packages/airflow/example_dags/tutorial_dag.py took 0.084 seconds
[2025-11-16T20:24:01.314+0000] {processor.py:161} INFO - Started process (PID=702) to work on /home/airflow/.local/lib/python3.8/site-packages/airflow/example_dags/tutorial_dag.py
[2025-11-16T20:24:01.315+0000] {processor.py:830} INFO - Processing file /home/airflow/.local/lib/python3.8/site-packages/airflow/example_dags/tutorial_dag.py for tasks to queue
[2025-11-16T20:24:01.316+0000] {logging_mixin.py:188} INFO - [2025-11-16T20:24:01.316+0000] {dagbag.py:538} INFO - Filling up the DagBag from /home/airflow/.local/lib/python3.8/site-packages/airflow/example_dags/tutorial_dag.py
[2025-11-16T20:24:01.321+0000] {processor.py:840} INFO - DAG(s) 'tutorial_dag' retrieved from /home/airflow/.local/lib/python3.8/site-packages/airflow/example_dags/tutorial_dag.py
[2025-11-16T20:24:01.345+0000] {logging_mixin.py:188} INFO - [2025-11-16T20:24:01.344+0000] {dag.py:3036} INFO - Sync 1 DAGs
[2025-11-16T20:24:01.357+0000] {logging_mixin.py:188} INFO - [2025-11-16T20:24:01.357+0000] {dag.py:3823} INFO - Setting next_dagrun for tutorial_dag to None, run_after=None
[2025-11-16T20:24:01.381+0000] {processor.py:183} INFO - Processing /home/airflow/.local/lib/python3.8/site-packages/airflow/example_dags/tutorial_dag.py took 0.070 seconds
[2025-11-16T20:24:32.354+0000] {processor.py:161} INFO - Started process (PID=798) to work on /home/airflow/.local/lib/python3.8/site-packages/airflow/example_dags/tutorial_dag.py
[2025-11-16T20:24:32.356+0000] {processor.py:830} INFO - Processing file /home/airflow/.local/lib/python3.8/site-packages/airflow/example_dags/tutorial_dag.py for tasks to queue
[2025-11-16T20:24:32.357+0000] {logging_mixin.py:188} INFO - [2025-11-16T20:24:32.356+0000] {dagbag.py:538} INFO - Filling up the DagBag from /home/airflow/.local/lib/python3.8/site-packages/airflow/example_dags/tutorial_dag.py
[2025-11-16T20:24:32.362+0000] {processor.py:840} INFO - DAG(s) 'tutorial_dag' retrieved from /home/airflow/.local/lib/python3.8/site-packages/airflow/example_dags/tutorial_dag.py
[2025-11-16T20:24:32.383+0000] {logging_mixin.py:188} INFO - [2025-11-16T20:24:32.383+0000] {dag.py:3036} INFO - Sync 1 DAGs
[2025-11-16T20:24:32.394+0000] {logging_mixin.py:188} INFO - [2025-11-16T20:24:32.394+0000] {dag.py:3823} INFO - Setting next_dagrun for tutorial_dag to None, run_after=None
[2025-11-16T20:24:32.415+0000] {processor.py:183} INFO - Processing /home/airflow/.local/lib/python3.8/site-packages/airflow/example_dags/tutorial_dag.py took 0.064 seconds
[2025-11-16T20:25:02.821+0000] {processor.py:161} INFO - Started process (PID=879) to work on /home/airflow/.local/lib/python3.8/site-packages/airflow/example_dags/tutorial_dag.py
[2025-11-16T20:25:02.822+0000] {processor.py:830} INFO - Processing file /home/airflow/.local/lib/python3.8/site-packages/airflow/example_dags/tutorial_dag.py for tasks to queue
[2025-11-16T20:25:02.824+0000] {logging_mixin.py:188} INFO - [2025-11-16T20:25:02.823+0000] {dagbag.py:538} INFO - Filling up the DagBag from /home/airflow/.local/lib/python3.8/site-packages/airflow/example_dags/tutorial_dag.py
[2025-11-16T20:25:02.829+0000] {processor.py:840} INFO - DAG(s) 'tutorial_dag' retrieved from /home/airflow/.local/lib/python3.8/site-packages/airflow/example_dags/tutorial_dag.py
[2025-11-16T20:25:02.857+0000] {logging_mixin.py:188} INFO - [2025-11-16T20:25:02.857+0000] {dag.py:3036} INFO - Sync 1 DAGs
[2025-11-16T20:25:02.874+0000] {logging_mixin.py:188} INFO - [2025-11-16T20:25:02.873+0000] {dag.py:3823} INFO - Setting next_dagrun for tutorial_dag to None, run_after=None
[2025-11-16T20:25:02.901+0000] {processor.py:183} INFO - Processing /home/airflow/.local/lib/python3.8/site-packages/airflow/example_dags/tutorial_dag.py took 0.082 seconds
[2025-11-16T20:25:33.834+0000] {processor.py:161} INFO - Started process (PID=975) to work on /home/airflow/.local/lib/python3.8/site-packages/airflow/example_dags/tutorial_dag.py
[2025-11-16T20:25:33.835+0000] {processor.py:830} INFO - Processing file /home/airflow/.local/lib/python3.8/site-packages/airflow/example_dags/tutorial_dag.py for tasks to queue
[2025-11-16T20:25:33.836+0000] {logging_mixin.py:188} INFO - [2025-11-16T20:25:33.836+0000] {dagbag.py:538} INFO - Filling up the DagBag from /home/airflow/.local/lib/python3.8/site-packages/airflow/example_dags/tutorial_dag.py
[2025-11-16T20:25:33.843+0000] {processor.py:840} INFO - DAG(s) 'tutorial_dag' retrieved from /home/airflow/.local/lib/python3.8/site-packages/airflow/example_dags/tutorial_dag.py
[2025-11-16T20:25:33.873+0000] {logging_mixin.py:188} INFO - [2025-11-16T20:25:33.872+0000] {dag.py:3036} INFO - Sync 1 DAGs
[2025-11-16T20:25:33.890+0000] {logging_mixin.py:188} INFO - [2025-11-16T20:25:33.890+0000] {dag.py:3823} INFO - Setting next_dagrun for tutorial_dag to None, run_after=None
[2025-11-16T20:25:33.917+0000] {processor.py:183} INFO - Processing /home/airflow/.local/lib/python3.8/site-packages/airflow/example_dags/tutorial_dag.py took 0.088 seconds
[2025-11-16T20:26:05.044+0000] {processor.py:161} INFO - Started process (PID=1056) to work on /home/airflow/.local/lib/python3.8/site-packages/airflow/example_dags/tutorial_dag.py
[2025-11-16T20:26:05.045+0000] {processor.py:830} INFO - Processing file /home/airflow/.local/lib/python3.8/site-packages/airflow/example_dags/tutorial_dag.py for tasks to queue
[2025-11-16T20:26:05.048+0000] {logging_mixin.py:188} INFO - [2025-11-16T20:26:05.047+0000] {dagbag.py:538} INFO - Filling up the DagBag from /home/airflow/.local/lib/python3.8/site-packages/airflow/example_dags/tutorial_dag.py
[2025-11-16T20:26:05.057+0000] {processor.py:840} INFO - DAG(s) 'tutorial_dag' retrieved from /home/airflow/.local/lib/python3.8/site-packages/airflow/example_dags/tutorial_dag.py
[2025-11-16T20:26:05.093+0000] {logging_mixin.py:188} INFO - [2025-11-16T20:26:05.093+0000] {dag.py:3036} INFO - Sync 1 DAGs
[2025-11-16T20:26:05.114+0000] {logging_mixin.py:188} INFO - [2025-11-16T20:26:05.113+0000] {dag.py:3823} INFO - Setting next_dagrun for tutorial_dag to None, run_after=None
[2025-11-16T20:26:05.149+0000] {processor.py:183} INFO - Processing /home/airflow/.local/lib/python3.8/site-packages/airflow/example_dags/tutorial_dag.py took 0.114 seconds
[2025-11-16T20:26:35.605+0000] {processor.py:161} INFO - Started process (PID=1154) to work on /home/airflow/.local/lib/python3.8/site-packages/airflow/example_dags/tutorial_dag.py
[2025-11-16T20:26:35.607+0000] {processor.py:830} INFO - Processing file /home/airflow/.local/lib/python3.8/site-packages/airflow/example_dags/tutorial_dag.py for tasks to queue
[2025-11-16T20:26:35.609+0000] {logging_mixin.py:188} INFO - [2025-11-16T20:26:35.609+0000] {dagbag.py:538} INFO - Filling up the DagBag from /home/airflow/.local/lib/python3.8/site-packages/airflow/example_dags/tutorial_dag.py
[2025-11-16T20:26:35.614+0000] {processor.py:840} INFO - DAG(s) 'tutorial_dag' retrieved from /home/airflow/.local/lib/python3.8/site-packages/airflow/example_dags/tutorial_dag.py
[2025-11-16T20:26:35.654+0000] {logging_mixin.py:188} INFO - [2025-11-16T20:26:35.654+0000] {dag.py:3036} INFO - Sync 1 DAGs
[2025-11-16T20:26:35.669+0000] {logging_mixin.py:188} INFO - [2025-11-16T20:26:35.669+0000] {dag.py:3823} INFO - Setting next_dagrun for tutorial_dag to None, run_after=None
[2025-11-16T20:26:35.700+0000] {processor.py:183} INFO - Processing /home/airflow/.local/lib/python3.8/site-packages/airflow/example_dags/tutorial_dag.py took 0.098 seconds
[2025-11-16T20:27:05.922+0000] {processor.py:161} INFO - Started process (PID=1235) to work on /home/airflow/.local/lib/python3.8/site-packages/airflow/example_dags/tutorial_dag.py
[2025-11-16T20:27:05.923+0000] {processor.py:830} INFO - Processing file /home/airflow/.local/lib/python3.8/site-packages/airflow/example_dags/tutorial_dag.py for tasks to queue
[2025-11-16T20:27:05.924+0000] {logging_mixin.py:188} INFO - [2025-11-16T20:27:05.924+0000] {dagbag.py:538} INFO - Filling up the DagBag from /home/airflow/.local/lib/python3.8/site-packages/airflow/example_dags/tutorial_dag.py
[2025-11-16T20:27:05.930+0000] {processor.py:840} INFO - DAG(s) 'tutorial_dag' retrieved from /home/airflow/.local/lib/python3.8/site-packages/airflow/example_dags/tutorial_dag.py
[2025-11-16T20:27:05.955+0000] {logging_mixin.py:188} INFO - [2025-11-16T20:27:05.955+0000] {dag.py:3036} INFO - Sync 1 DAGs
[2025-11-16T20:27:05.968+0000] {logging_mixin.py:188} INFO - [2025-11-16T20:27:05.968+0000] {dag.py:3823} INFO - Setting next_dagrun for tutorial_dag to None, run_after=None
[2025-11-16T20:27:05.991+0000] {processor.py:183} INFO - Processing /home/airflow/.local/lib/python3.8/site-packages/airflow/example_dags/tutorial_dag.py took 0.072 seconds
[2025-11-16T20:27:36.549+0000] {processor.py:161} INFO - Started process (PID=1334) to work on /home/airflow/.local/lib/python3.8/site-packages/airflow/example_dags/tutorial_dag.py
[2025-11-16T20:27:36.550+0000] {processor.py:830} INFO - Processing file /home/airflow/.local/lib/python3.8/site-packages/airflow/example_dags/tutorial_dag.py for tasks to queue
[2025-11-16T20:27:36.551+0000] {logging_mixin.py:188} INFO - [2025-11-16T20:27:36.551+0000] {dagbag.py:538} INFO - Filling up the DagBag from /home/airflow/.local/lib/python3.8/site-packages/airflow/example_dags/tutorial_dag.py
[2025-11-16T20:27:36.557+0000] {processor.py:840} INFO - DAG(s) 'tutorial_dag' retrieved from /home/airflow/.local/lib/python3.8/site-packages/airflow/example_dags/tutorial_dag.py
[2025-11-16T20:27:36.584+0000] {logging_mixin.py:188} INFO - [2025-11-16T20:27:36.583+0000] {dag.py:3036} INFO - Sync 1 DAGs
[2025-11-16T20:27:36.596+0000] {logging_mixin.py:188} INFO - [2025-11-16T20:27:36.596+0000] {dag.py:3823} INFO - Setting next_dagrun for tutorial_dag to None, run_after=None
[2025-11-16T20:27:36.621+0000] {processor.py:183} INFO - Processing /home/airflow/.local/lib/python3.8/site-packages/airflow/example_dags/tutorial_dag.py took 0.075 seconds
[2025-11-16T20:28:06.818+0000] {processor.py:161} INFO - Started process (PID=1415) to work on /home/airflow/.local/lib/python3.8/site-packages/airflow/example_dags/tutorial_dag.py
[2025-11-16T20:28:06.819+0000] {processor.py:830} INFO - Processing file /home/airflow/.local/lib/python3.8/site-packages/airflow/example_dags/tutorial_dag.py for tasks to queue
[2025-11-16T20:28:06.820+0000] {logging_mixin.py:188} INFO - [2025-11-16T20:28:06.820+0000] {dagbag.py:538} INFO - Filling up the DagBag from /home/airflow/.local/lib/python3.8/site-packages/airflow/example_dags/tutorial_dag.py
[2025-11-16T20:28:06.825+0000] {processor.py:840} INFO - DAG(s) 'tutorial_dag' retrieved from /home/airflow/.local/lib/python3.8/site-packages/airflow/example_dags/tutorial_dag.py
[2025-11-16T20:28:06.849+0000] {logging_mixin.py:188} INFO - [2025-11-16T20:28:06.849+0000] {dag.py:3036} INFO - Sync 1 DAGs
[2025-11-16T20:28:06.861+0000] {logging_mixin.py:188} INFO - [2025-11-16T20:28:06.860+0000] {dag.py:3823} INFO - Setting next_dagrun for tutorial_dag to None, run_after=None
[2025-11-16T20:28:06.881+0000] {processor.py:183} INFO - Processing /home/airflow/.local/lib/python3.8/site-packages/airflow/example_dags/tutorial_dag.py took 0.067 seconds
[2025-11-16T20:28:37.262+0000] {processor.py:161} INFO - Started process (PID=1504) to work on /home/airflow/.local/lib/python3.8/site-packages/airflow/example_dags/tutorial_dag.py
[2025-11-16T20:28:37.263+0000] {processor.py:830} INFO - Processing file /home/airflow/.local/lib/python3.8/site-packages/airflow/example_dags/tutorial_dag.py for tasks to queue
[2025-11-16T20:28:37.264+0000] {logging_mixin.py:188} INFO - [2025-11-16T20:28:37.263+0000] {dagbag.py:538} INFO - Filling up the DagBag from /home/airflow/.local/lib/python3.8/site-packages/airflow/example_dags/tutorial_dag.py
[2025-11-16T20:28:37.269+0000] {processor.py:840} INFO - DAG(s) 'tutorial_dag' retrieved from /home/airflow/.local/lib/python3.8/site-packages/airflow/example_dags/tutorial_dag.py
[2025-11-16T20:28:37.294+0000] {logging_mixin.py:188} INFO - [2025-11-16T20:28:37.294+0000] {dag.py:3036} INFO - Sync 1 DAGs
[2025-11-16T20:28:37.309+0000] {logging_mixin.py:188} INFO - [2025-11-16T20:28:37.309+0000] {dag.py:3823} INFO - Setting next_dagrun for tutorial_dag to None, run_after=None
[2025-11-16T20:28:37.335+0000] {processor.py:183} INFO - Processing /home/airflow/.local/lib/python3.8/site-packages/airflow/example_dags/tutorial_dag.py took 0.076 seconds
[2025-11-16T20:29:09.194+0000] {processor.py:161} INFO - Started process (PID=1597) to work on /home/airflow/.local/lib/python3.8/site-packages/airflow/example_dags/tutorial_dag.py
[2025-11-16T20:29:09.196+0000] {processor.py:830} INFO - Processing file /home/airflow/.local/lib/python3.8/site-packages/airflow/example_dags/tutorial_dag.py for tasks to queue
[2025-11-16T20:29:09.197+0000] {logging_mixin.py:188} INFO - [2025-11-16T20:29:09.197+0000] {dagbag.py:538} INFO - Filling up the DagBag from /home/airflow/.local/lib/python3.8/site-packages/airflow/example_dags/tutorial_dag.py
[2025-11-16T20:29:09.202+0000] {processor.py:840} INFO - DAG(s) 'tutorial_dag' retrieved from /home/airflow/.local/lib/python3.8/site-packages/airflow/example_dags/tutorial_dag.py
[2025-11-16T20:29:09.233+0000] {logging_mixin.py:188} INFO - [2025-11-16T20:29:09.232+0000] {dag.py:3036} INFO - Sync 1 DAGs
[2025-11-16T20:29:09.248+0000] {logging_mixin.py:188} INFO - [2025-11-16T20:29:09.248+0000] {dag.py:3823} INFO - Setting next_dagrun for tutorial_dag to None, run_after=None
[2025-11-16T20:29:09.282+0000] {processor.py:183} INFO - Processing /home/airflow/.local/lib/python3.8/site-packages/airflow/example_dags/tutorial_dag.py took 0.091 seconds
[2025-11-16T20:29:45.644+0000] {processor.py:161} INFO - Started process (PID=1691) to work on /home/airflow/.local/lib/python3.8/site-packages/airflow/example_dags/tutorial_dag.py
[2025-11-16T20:29:45.648+0000] {processor.py:830} INFO - Processing file /home/airflow/.local/lib/python3.8/site-packages/airflow/example_dags/tutorial_dag.py for tasks to queue
[2025-11-16T20:29:45.655+0000] {logging_mixin.py:188} INFO - [2025-11-16T20:29:45.652+0000] {dagbag.py:538} INFO - Filling up the DagBag from /home/airflow/.local/lib/python3.8/site-packages/airflow/example_dags/tutorial_dag.py
[2025-11-16T20:29:45.716+0000] {processor.py:840} INFO - DAG(s) 'tutorial_dag' retrieved from /home/airflow/.local/lib/python3.8/site-packages/airflow/example_dags/tutorial_dag.py
[2025-11-16T20:29:45.900+0000] {logging_mixin.py:188} INFO - [2025-11-16T20:29:45.900+0000] {dag.py:3036} INFO - Sync 1 DAGs
[2025-11-16T20:29:45.970+0000] {logging_mixin.py:188} INFO - [2025-11-16T20:29:45.969+0000] {dag.py:3823} INFO - Setting next_dagrun for tutorial_dag to None, run_after=None
[2025-11-16T20:29:46.079+0000] {processor.py:183} INFO - Processing /home/airflow/.local/lib/python3.8/site-packages/airflow/example_dags/tutorial_dag.py took 0.485 seconds
[2025-11-16T20:30:16.185+0000] {processor.py:161} INFO - Started process (PID=1764) to work on /home/airflow/.local/lib/python3.8/site-packages/airflow/example_dags/tutorial_dag.py
[2025-11-16T20:30:16.186+0000] {processor.py:830} INFO - Processing file /home/airflow/.local/lib/python3.8/site-packages/airflow/example_dags/tutorial_dag.py for tasks to queue
[2025-11-16T20:30:16.187+0000] {logging_mixin.py:188} INFO - [2025-11-16T20:30:16.187+0000] {dagbag.py:538} INFO - Filling up the DagBag from /home/airflow/.local/lib/python3.8/site-packages/airflow/example_dags/tutorial_dag.py
[2025-11-16T20:30:16.196+0000] {processor.py:840} INFO - DAG(s) 'tutorial_dag' retrieved from /home/airflow/.local/lib/python3.8/site-packages/airflow/example_dags/tutorial_dag.py
[2025-11-16T20:30:16.229+0000] {logging_mixin.py:188} INFO - [2025-11-16T20:30:16.228+0000] {dag.py:3036} INFO - Sync 1 DAGs
[2025-11-16T20:30:16.244+0000] {logging_mixin.py:188} INFO - [2025-11-16T20:30:16.244+0000] {dag.py:3823} INFO - Setting next_dagrun for tutorial_dag to None, run_after=None
[2025-11-16T20:30:16.275+0000] {processor.py:183} INFO - Processing /home/airflow/.local/lib/python3.8/site-packages/airflow/example_dags/tutorial_dag.py took 0.096 seconds
[2025-11-16T20:30:57.088+0000] {processor.py:161} INFO - Started process (PID=1863) to work on /home/airflow/.local/lib/python3.8/site-packages/airflow/example_dags/tutorial_dag.py
[2025-11-16T20:30:57.090+0000] {processor.py:830} INFO - Processing file /home/airflow/.local/lib/python3.8/site-packages/airflow/example_dags/tutorial_dag.py for tasks to queue
[2025-11-16T20:30:57.094+0000] {logging_mixin.py:188} INFO - [2025-11-16T20:30:57.093+0000] {dagbag.py:538} INFO - Filling up the DagBag from /home/airflow/.local/lib/python3.8/site-packages/airflow/example_dags/tutorial_dag.py
[2025-11-16T20:30:57.105+0000] {processor.py:840} INFO - DAG(s) 'tutorial_dag' retrieved from /home/airflow/.local/lib/python3.8/site-packages/airflow/example_dags/tutorial_dag.py
[2025-11-16T20:30:57.148+0000] {logging_mixin.py:188} INFO - [2025-11-16T20:30:57.146+0000] {dag.py:3036} INFO - Sync 1 DAGs
[2025-11-16T20:30:57.177+0000] {logging_mixin.py:188} INFO - [2025-11-16T20:30:57.176+0000] {dag.py:3823} INFO - Setting next_dagrun for tutorial_dag to None, run_after=None
[2025-11-16T20:30:57.222+0000] {processor.py:183} INFO - Processing /home/airflow/.local/lib/python3.8/site-packages/airflow/example_dags/tutorial_dag.py took 0.138 seconds
[2025-11-16T20:31:27.843+0000] {processor.py:161} INFO - Started process (PID=1951) to work on /home/airflow/.local/lib/python3.8/site-packages/airflow/example_dags/tutorial_dag.py
[2025-11-16T20:31:27.844+0000] {processor.py:830} INFO - Processing file /home/airflow/.local/lib/python3.8/site-packages/airflow/example_dags/tutorial_dag.py for tasks to queue
[2025-11-16T20:31:27.846+0000] {logging_mixin.py:188} INFO - [2025-11-16T20:31:27.846+0000] {dagbag.py:538} INFO - Filling up the DagBag from /home/airflow/.local/lib/python3.8/site-packages/airflow/example_dags/tutorial_dag.py
[2025-11-16T20:31:27.856+0000] {processor.py:840} INFO - DAG(s) 'tutorial_dag' retrieved from /home/airflow/.local/lib/python3.8/site-packages/airflow/example_dags/tutorial_dag.py
[2025-11-16T20:31:27.896+0000] {logging_mixin.py:188} INFO - [2025-11-16T20:31:27.896+0000] {dag.py:3036} INFO - Sync 1 DAGs
[2025-11-16T20:31:27.920+0000] {logging_mixin.py:188} INFO - [2025-11-16T20:31:27.919+0000] {dag.py:3823} INFO - Setting next_dagrun for tutorial_dag to None, run_after=None
[2025-11-16T20:31:27.956+0000] {processor.py:183} INFO - Processing /home/airflow/.local/lib/python3.8/site-packages/airflow/example_dags/tutorial_dag.py took 0.116 seconds
[2025-11-16T20:31:58.320+0000] {processor.py:161} INFO - Started process (PID=2033) to work on /home/airflow/.local/lib/python3.8/site-packages/airflow/example_dags/tutorial_dag.py
[2025-11-16T20:31:58.321+0000] {processor.py:830} INFO - Processing file /home/airflow/.local/lib/python3.8/site-packages/airflow/example_dags/tutorial_dag.py for tasks to queue
[2025-11-16T20:31:58.323+0000] {logging_mixin.py:188} INFO - [2025-11-16T20:31:58.322+0000] {dagbag.py:538} INFO - Filling up the DagBag from /home/airflow/.local/lib/python3.8/site-packages/airflow/example_dags/tutorial_dag.py
[2025-11-16T20:31:58.333+0000] {processor.py:840} INFO - DAG(s) 'tutorial_dag' retrieved from /home/airflow/.local/lib/python3.8/site-packages/airflow/example_dags/tutorial_dag.py
[2025-11-16T20:31:58.378+0000] {logging_mixin.py:188} INFO - [2025-11-16T20:31:58.377+0000] {dag.py:3036} INFO - Sync 1 DAGs
[2025-11-16T20:31:58.399+0000] {logging_mixin.py:188} INFO - [2025-11-16T20:31:58.399+0000] {dag.py:3823} INFO - Setting next_dagrun for tutorial_dag to None, run_after=None
[2025-11-16T20:31:58.444+0000] {processor.py:183} INFO - Processing /home/airflow/.local/lib/python3.8/site-packages/airflow/example_dags/tutorial_dag.py took 0.130 seconds
[2025-11-16T20:32:49.696+0000] {processor.py:161} INFO - Started process (PID=2139) to work on /home/airflow/.local/lib/python3.8/site-packages/airflow/example_dags/tutorial_dag.py
[2025-11-16T20:32:49.699+0000] {processor.py:830} INFO - Processing file /home/airflow/.local/lib/python3.8/site-packages/airflow/example_dags/tutorial_dag.py for tasks to queue
[2025-11-16T20:32:49.701+0000] {logging_mixin.py:188} INFO - [2025-11-16T20:32:49.700+0000] {dagbag.py:538} INFO - Filling up the DagBag from /home/airflow/.local/lib/python3.8/site-packages/airflow/example_dags/tutorial_dag.py
[2025-11-16T20:32:49.710+0000] {processor.py:840} INFO - DAG(s) 'tutorial_dag' retrieved from /home/airflow/.local/lib/python3.8/site-packages/airflow/example_dags/tutorial_dag.py
[2025-11-16T20:32:49.748+0000] {logging_mixin.py:188} INFO - [2025-11-16T20:32:49.748+0000] {dag.py:3036} INFO - Sync 1 DAGs
[2025-11-16T20:32:49.777+0000] {logging_mixin.py:188} INFO - [2025-11-16T20:32:49.776+0000] {dag.py:3823} INFO - Setting next_dagrun for tutorial_dag to None, run_after=None
[2025-11-16T20:32:49.824+0000] {processor.py:183} INFO - Processing /home/airflow/.local/lib/python3.8/site-packages/airflow/example_dags/tutorial_dag.py took 0.133 seconds
[2025-11-16T20:33:19.985+0000] {processor.py:161} INFO - Started process (PID=2222) to work on /home/airflow/.local/lib/python3.8/site-packages/airflow/example_dags/tutorial_dag.py
[2025-11-16T20:33:19.986+0000] {processor.py:830} INFO - Processing file /home/airflow/.local/lib/python3.8/site-packages/airflow/example_dags/tutorial_dag.py for tasks to queue
[2025-11-16T20:33:19.987+0000] {logging_mixin.py:188} INFO - [2025-11-16T20:33:19.986+0000] {dagbag.py:538} INFO - Filling up the DagBag from /home/airflow/.local/lib/python3.8/site-packages/airflow/example_dags/tutorial_dag.py
[2025-11-16T20:33:19.992+0000] {processor.py:840} INFO - DAG(s) 'tutorial_dag' retrieved from /home/airflow/.local/lib/python3.8/site-packages/airflow/example_dags/tutorial_dag.py
[2025-11-16T20:33:20.016+0000] {logging_mixin.py:188} INFO - [2025-11-16T20:33:20.016+0000] {dag.py:3036} INFO - Sync 1 DAGs
[2025-11-16T20:33:20.033+0000] {logging_mixin.py:188} INFO - [2025-11-16T20:33:20.032+0000] {dag.py:3823} INFO - Setting next_dagrun for tutorial_dag to None, run_after=None
[2025-11-16T20:33:20.054+0000] {processor.py:183} INFO - Processing /home/airflow/.local/lib/python3.8/site-packages/airflow/example_dags/tutorial_dag.py took 0.072 seconds
[2025-11-16T20:33:50.523+0000] {processor.py:161} INFO - Started process (PID=2319) to work on /home/airflow/.local/lib/python3.8/site-packages/airflow/example_dags/tutorial_dag.py
[2025-11-16T20:33:50.524+0000] {processor.py:830} INFO - Processing file /home/airflow/.local/lib/python3.8/site-packages/airflow/example_dags/tutorial_dag.py for tasks to queue
[2025-11-16T20:33:50.526+0000] {logging_mixin.py:188} INFO - [2025-11-16T20:33:50.525+0000] {dagbag.py:538} INFO - Filling up the DagBag from /home/airflow/.local/lib/python3.8/site-packages/airflow/example_dags/tutorial_dag.py
[2025-11-16T20:33:50.533+0000] {processor.py:840} INFO - DAG(s) 'tutorial_dag' retrieved from /home/airflow/.local/lib/python3.8/site-packages/airflow/example_dags/tutorial_dag.py
[2025-11-16T20:33:50.565+0000] {logging_mixin.py:188} INFO - [2025-11-16T20:33:50.564+0000] {dag.py:3036} INFO - Sync 1 DAGs
[2025-11-16T20:33:50.580+0000] {logging_mixin.py:188} INFO - [2025-11-16T20:33:50.580+0000] {dag.py:3823} INFO - Setting next_dagrun for tutorial_dag to None, run_after=None
[2025-11-16T20:33:50.606+0000] {processor.py:183} INFO - Processing /home/airflow/.local/lib/python3.8/site-packages/airflow/example_dags/tutorial_dag.py took 0.086 seconds
[2025-11-16T20:34:21.373+0000] {processor.py:161} INFO - Started process (PID=2400) to work on /home/airflow/.local/lib/python3.8/site-packages/airflow/example_dags/tutorial_dag.py
[2025-11-16T20:34:21.374+0000] {processor.py:830} INFO - Processing file /home/airflow/.local/lib/python3.8/site-packages/airflow/example_dags/tutorial_dag.py for tasks to queue
[2025-11-16T20:34:21.376+0000] {logging_mixin.py:188} INFO - [2025-11-16T20:34:21.375+0000] {dagbag.py:538} INFO - Filling up the DagBag from /home/airflow/.local/lib/python3.8/site-packages/airflow/example_dags/tutorial_dag.py
[2025-11-16T20:34:21.381+0000] {processor.py:840} INFO - DAG(s) 'tutorial_dag' retrieved from /home/airflow/.local/lib/python3.8/site-packages/airflow/example_dags/tutorial_dag.py
[2025-11-16T20:34:21.407+0000] {logging_mixin.py:188} INFO - [2025-11-16T20:34:21.406+0000] {dag.py:3036} INFO - Sync 1 DAGs
[2025-11-16T20:34:21.418+0000] {logging_mixin.py:188} INFO - [2025-11-16T20:34:21.418+0000] {dag.py:3823} INFO - Setting next_dagrun for tutorial_dag to None, run_after=None
[2025-11-16T20:34:21.442+0000] {processor.py:183} INFO - Processing /home/airflow/.local/lib/python3.8/site-packages/airflow/example_dags/tutorial_dag.py took 0.071 seconds
[2025-11-16T20:34:52.056+0000] {processor.py:161} INFO - Started process (PID=2489) to work on /home/airflow/.local/lib/python3.8/site-packages/airflow/example_dags/tutorial_dag.py
[2025-11-16T20:34:52.057+0000] {processor.py:830} INFO - Processing file /home/airflow/.local/lib/python3.8/site-packages/airflow/example_dags/tutorial_dag.py for tasks to queue
[2025-11-16T20:34:52.058+0000] {logging_mixin.py:188} INFO - [2025-11-16T20:34:52.058+0000] {dagbag.py:538} INFO - Filling up the DagBag from /home/airflow/.local/lib/python3.8/site-packages/airflow/example_dags/tutorial_dag.py
[2025-11-16T20:34:52.064+0000] {processor.py:840} INFO - DAG(s) 'tutorial_dag' retrieved from /home/airflow/.local/lib/python3.8/site-packages/airflow/example_dags/tutorial_dag.py
[2025-11-16T20:34:52.100+0000] {logging_mixin.py:188} INFO - [2025-11-16T20:34:52.100+0000] {dag.py:3036} INFO - Sync 1 DAGs
[2025-11-16T20:34:52.122+0000] {logging_mixin.py:188} INFO - [2025-11-16T20:34:52.122+0000] {dag.py:3823} INFO - Setting next_dagrun for tutorial_dag to None, run_after=None
[2025-11-16T20:34:52.151+0000] {processor.py:183} INFO - Processing /home/airflow/.local/lib/python3.8/site-packages/airflow/example_dags/tutorial_dag.py took 0.099 seconds
[2025-11-16T20:35:23.304+0000] {processor.py:161} INFO - Started process (PID=2577) to work on /home/airflow/.local/lib/python3.8/site-packages/airflow/example_dags/tutorial_dag.py
[2025-11-16T20:35:23.305+0000] {processor.py:830} INFO - Processing file /home/airflow/.local/lib/python3.8/site-packages/airflow/example_dags/tutorial_dag.py for tasks to queue
[2025-11-16T20:35:23.306+0000] {logging_mixin.py:188} INFO - [2025-11-16T20:35:23.306+0000] {dagbag.py:538} INFO - Filling up the DagBag from /home/airflow/.local/lib/python3.8/site-packages/airflow/example_dags/tutorial_dag.py
[2025-11-16T20:35:23.312+0000] {processor.py:840} INFO - DAG(s) 'tutorial_dag' retrieved from /home/airflow/.local/lib/python3.8/site-packages/airflow/example_dags/tutorial_dag.py
[2025-11-16T20:35:23.335+0000] {logging_mixin.py:188} INFO - [2025-11-16T20:35:23.335+0000] {dag.py:3036} INFO - Sync 1 DAGs
[2025-11-16T20:35:23.347+0000] {logging_mixin.py:188} INFO - [2025-11-16T20:35:23.347+0000] {dag.py:3823} INFO - Setting next_dagrun for tutorial_dag to None, run_after=None
[2025-11-16T20:35:23.372+0000] {processor.py:183} INFO - Processing /home/airflow/.local/lib/python3.8/site-packages/airflow/example_dags/tutorial_dag.py took 0.071 seconds
[2025-11-16T20:35:54.519+0000] {processor.py:161} INFO - Started process (PID=2662) to work on /home/airflow/.local/lib/python3.8/site-packages/airflow/example_dags/tutorial_dag.py
[2025-11-16T20:35:54.520+0000] {processor.py:830} INFO - Processing file /home/airflow/.local/lib/python3.8/site-packages/airflow/example_dags/tutorial_dag.py for tasks to queue
[2025-11-16T20:35:54.522+0000] {logging_mixin.py:188} INFO - [2025-11-16T20:35:54.521+0000] {dagbag.py:538} INFO - Filling up the DagBag from /home/airflow/.local/lib/python3.8/site-packages/airflow/example_dags/tutorial_dag.py
[2025-11-16T20:35:54.527+0000] {processor.py:840} INFO - DAG(s) 'tutorial_dag' retrieved from /home/airflow/.local/lib/python3.8/site-packages/airflow/example_dags/tutorial_dag.py
[2025-11-16T20:35:54.553+0000] {logging_mixin.py:188} INFO - [2025-11-16T20:35:54.553+0000] {dag.py:3036} INFO - Sync 1 DAGs
[2025-11-16T20:35:54.567+0000] {logging_mixin.py:188} INFO - [2025-11-16T20:35:54.566+0000] {dag.py:3823} INFO - Setting next_dagrun for tutorial_dag to None, run_after=None
[2025-11-16T20:35:54.589+0000] {processor.py:183} INFO - Processing /home/airflow/.local/lib/python3.8/site-packages/airflow/example_dags/tutorial_dag.py took 0.072 seconds
[2025-11-16T20:36:25.512+0000] {processor.py:161} INFO - Started process (PID=2749) to work on /home/airflow/.local/lib/python3.8/site-packages/airflow/example_dags/tutorial_dag.py
[2025-11-16T20:36:25.514+0000] {processor.py:830} INFO - Processing file /home/airflow/.local/lib/python3.8/site-packages/airflow/example_dags/tutorial_dag.py for tasks to queue
[2025-11-16T20:36:25.516+0000] {logging_mixin.py:188} INFO - [2025-11-16T20:36:25.516+0000] {dagbag.py:538} INFO - Filling up the DagBag from /home/airflow/.local/lib/python3.8/site-packages/airflow/example_dags/tutorial_dag.py
[2025-11-16T20:36:25.522+0000] {processor.py:840} INFO - DAG(s) 'tutorial_dag' retrieved from /home/airflow/.local/lib/python3.8/site-packages/airflow/example_dags/tutorial_dag.py
[2025-11-16T20:36:25.555+0000] {logging_mixin.py:188} INFO - [2025-11-16T20:36:25.554+0000] {dag.py:3036} INFO - Sync 1 DAGs
[2025-11-16T20:36:25.574+0000] {logging_mixin.py:188} INFO - [2025-11-16T20:36:25.574+0000] {dag.py:3823} INFO - Setting next_dagrun for tutorial_dag to None, run_after=None
[2025-11-16T20:36:25.608+0000] {processor.py:183} INFO - Processing /home/airflow/.local/lib/python3.8/site-packages/airflow/example_dags/tutorial_dag.py took 0.099 seconds
[2025-11-16T20:36:57.228+0000] {processor.py:161} INFO - Started process (PID=2831) to work on /home/airflow/.local/lib/python3.8/site-packages/airflow/example_dags/tutorial_dag.py
[2025-11-16T20:36:57.229+0000] {processor.py:830} INFO - Processing file /home/airflow/.local/lib/python3.8/site-packages/airflow/example_dags/tutorial_dag.py for tasks to queue
[2025-11-16T20:36:57.233+0000] {logging_mixin.py:188} INFO - [2025-11-16T20:36:57.233+0000] {dagbag.py:538} INFO - Filling up the DagBag from /home/airflow/.local/lib/python3.8/site-packages/airflow/example_dags/tutorial_dag.py
[2025-11-16T20:36:57.248+0000] {processor.py:840} INFO - DAG(s) 'tutorial_dag' retrieved from /home/airflow/.local/lib/python3.8/site-packages/airflow/example_dags/tutorial_dag.py
[2025-11-16T20:36:57.296+0000] {logging_mixin.py:188} INFO - [2025-11-16T20:36:57.295+0000] {dag.py:3036} INFO - Sync 1 DAGs
[2025-11-16T20:36:57.321+0000] {logging_mixin.py:188} INFO - [2025-11-16T20:36:57.320+0000] {dag.py:3823} INFO - Setting next_dagrun for tutorial_dag to None, run_after=None
[2025-11-16T20:36:57.361+0000] {processor.py:183} INFO - Processing /home/airflow/.local/lib/python3.8/site-packages/airflow/example_dags/tutorial_dag.py took 0.140 seconds
[2025-11-16T20:37:34.320+0000] {processor.py:161} INFO - Started process (PID=2902) to work on /home/airflow/.local/lib/python3.8/site-packages/airflow/example_dags/tutorial_dag.py
[2025-11-16T20:37:34.321+0000] {processor.py:830} INFO - Processing file /home/airflow/.local/lib/python3.8/site-packages/airflow/example_dags/tutorial_dag.py for tasks to queue
[2025-11-16T20:37:34.325+0000] {logging_mixin.py:188} INFO - [2025-11-16T20:37:34.324+0000] {dagbag.py:538} INFO - Filling up the DagBag from /home/airflow/.local/lib/python3.8/site-packages/airflow/example_dags/tutorial_dag.py
[2025-11-16T20:37:34.331+0000] {processor.py:840} INFO - DAG(s) 'tutorial_dag' retrieved from /home/airflow/.local/lib/python3.8/site-packages/airflow/example_dags/tutorial_dag.py
[2025-11-16T20:37:34.365+0000] {logging_mixin.py:188} INFO - [2025-11-16T20:37:34.364+0000] {dag.py:3036} INFO - Sync 1 DAGs
[2025-11-16T20:37:34.384+0000] {logging_mixin.py:188} INFO - [2025-11-16T20:37:34.384+0000] {dag.py:3823} INFO - Setting next_dagrun for tutorial_dag to None, run_after=None
[2025-11-16T20:37:34.430+0000] {processor.py:183} INFO - Processing /home/airflow/.local/lib/python3.8/site-packages/airflow/example_dags/tutorial_dag.py took 0.113 seconds
[2025-11-16T20:38:05.179+0000] {processor.py:161} INFO - Started process (PID=2983) to work on /home/airflow/.local/lib/python3.8/site-packages/airflow/example_dags/tutorial_dag.py
[2025-11-16T20:38:05.183+0000] {processor.py:830} INFO - Processing file /home/airflow/.local/lib/python3.8/site-packages/airflow/example_dags/tutorial_dag.py for tasks to queue
[2025-11-16T20:38:05.186+0000] {logging_mixin.py:188} INFO - [2025-11-16T20:38:05.185+0000] {dagbag.py:538} INFO - Filling up the DagBag from /home/airflow/.local/lib/python3.8/site-packages/airflow/example_dags/tutorial_dag.py
[2025-11-16T20:38:05.196+0000] {processor.py:840} INFO - DAG(s) 'tutorial_dag' retrieved from /home/airflow/.local/lib/python3.8/site-packages/airflow/example_dags/tutorial_dag.py
[2025-11-16T20:38:05.241+0000] {logging_mixin.py:188} INFO - [2025-11-16T20:38:05.240+0000] {dag.py:3036} INFO - Sync 1 DAGs
[2025-11-16T20:38:05.263+0000] {logging_mixin.py:188} INFO - [2025-11-16T20:38:05.263+0000] {dag.py:3823} INFO - Setting next_dagrun for tutorial_dag to None, run_after=None
[2025-11-16T20:38:05.311+0000] {processor.py:183} INFO - Processing /home/airflow/.local/lib/python3.8/site-packages/airflow/example_dags/tutorial_dag.py took 0.136 seconds
[2025-11-16T20:38:35.617+0000] {processor.py:161} INFO - Started process (PID=3064) to work on /home/airflow/.local/lib/python3.8/site-packages/airflow/example_dags/tutorial_dag.py
[2025-11-16T20:38:35.619+0000] {processor.py:830} INFO - Processing file /home/airflow/.local/lib/python3.8/site-packages/airflow/example_dags/tutorial_dag.py for tasks to queue
[2025-11-16T20:38:35.620+0000] {logging_mixin.py:188} INFO - [2025-11-16T20:38:35.620+0000] {dagbag.py:538} INFO - Filling up the DagBag from /home/airflow/.local/lib/python3.8/site-packages/airflow/example_dags/tutorial_dag.py
[2025-11-16T20:38:35.633+0000] {processor.py:840} INFO - DAG(s) 'tutorial_dag' retrieved from /home/airflow/.local/lib/python3.8/site-packages/airflow/example_dags/tutorial_dag.py
[2025-11-16T20:38:35.672+0000] {logging_mixin.py:188} INFO - [2025-11-16T20:38:35.672+0000] {dag.py:3036} INFO - Sync 1 DAGs
[2025-11-16T20:38:35.688+0000] {logging_mixin.py:188} INFO - [2025-11-16T20:38:35.687+0000] {dag.py:3823} INFO - Setting next_dagrun for tutorial_dag to None, run_after=None
[2025-11-16T20:38:35.726+0000] {processor.py:183} INFO - Processing /home/airflow/.local/lib/python3.8/site-packages/airflow/example_dags/tutorial_dag.py took 0.116 seconds
[2025-11-16T20:39:23.862+0000] {processor.py:161} INFO - Started process (PID=3155) to work on /home/airflow/.local/lib/python3.8/site-packages/airflow/example_dags/tutorial_dag.py
[2025-11-16T20:39:23.863+0000] {processor.py:830} INFO - Processing file /home/airflow/.local/lib/python3.8/site-packages/airflow/example_dags/tutorial_dag.py for tasks to queue
[2025-11-16T20:39:23.868+0000] {logging_mixin.py:188} INFO - [2025-11-16T20:39:23.867+0000] {dagbag.py:538} INFO - Filling up the DagBag from /home/airflow/.local/lib/python3.8/site-packages/airflow/example_dags/tutorial_dag.py
[2025-11-16T20:39:23.878+0000] {processor.py:840} INFO - DAG(s) 'tutorial_dag' retrieved from /home/airflow/.local/lib/python3.8/site-packages/airflow/example_dags/tutorial_dag.py
[2025-11-16T20:39:23.918+0000] {logging_mixin.py:188} INFO - [2025-11-16T20:39:23.918+0000] {dag.py:3036} INFO - Sync 1 DAGs
[2025-11-16T20:39:23.943+0000] {logging_mixin.py:188} INFO - [2025-11-16T20:39:23.941+0000] {dag.py:3823} INFO - Setting next_dagrun for tutorial_dag to None, run_after=None
[2025-11-16T20:39:23.984+0000] {processor.py:183} INFO - Processing /home/airflow/.local/lib/python3.8/site-packages/airflow/example_dags/tutorial_dag.py took 0.126 seconds
[2025-11-16T20:39:55.138+0000] {processor.py:161} INFO - Started process (PID=3249) to work on /home/airflow/.local/lib/python3.8/site-packages/airflow/example_dags/tutorial_dag.py
[2025-11-16T20:39:55.139+0000] {processor.py:830} INFO - Processing file /home/airflow/.local/lib/python3.8/site-packages/airflow/example_dags/tutorial_dag.py for tasks to queue
[2025-11-16T20:39:55.141+0000] {logging_mixin.py:188} INFO - [2025-11-16T20:39:55.140+0000] {dagbag.py:538} INFO - Filling up the DagBag from /home/airflow/.local/lib/python3.8/site-packages/airflow/example_dags/tutorial_dag.py
[2025-11-16T20:39:55.153+0000] {processor.py:840} INFO - DAG(s) 'tutorial_dag' retrieved from /home/airflow/.local/lib/python3.8/site-packages/airflow/example_dags/tutorial_dag.py
[2025-11-16T20:39:55.211+0000] {logging_mixin.py:188} INFO - [2025-11-16T20:39:55.210+0000] {dag.py:3036} INFO - Sync 1 DAGs
[2025-11-16T20:39:55.255+0000] {logging_mixin.py:188} INFO - [2025-11-16T20:39:55.255+0000] {dag.py:3823} INFO - Setting next_dagrun for tutorial_dag to None, run_after=None
[2025-11-16T20:39:55.391+0000] {processor.py:183} INFO - Processing /home/airflow/.local/lib/python3.8/site-packages/airflow/example_dags/tutorial_dag.py took 0.260 seconds
[2025-11-16T20:42:28.445+0000] {processor.py:161} INFO - Started process (PID=165) to work on /home/airflow/.local/lib/python3.8/site-packages/airflow/example_dags/tutorial_dag.py
[2025-11-16T20:42:28.446+0000] {processor.py:830} INFO - Processing file /home/airflow/.local/lib/python3.8/site-packages/airflow/example_dags/tutorial_dag.py for tasks to queue
[2025-11-16T20:42:28.447+0000] {logging_mixin.py:188} INFO - [2025-11-16T20:42:28.447+0000] {dagbag.py:538} INFO - Filling up the DagBag from /home/airflow/.local/lib/python3.8/site-packages/airflow/example_dags/tutorial_dag.py
[2025-11-16T20:42:28.456+0000] {processor.py:840} INFO - DAG(s) 'tutorial_dag' retrieved from /home/airflow/.local/lib/python3.8/site-packages/airflow/example_dags/tutorial_dag.py
[2025-11-16T20:42:28.590+0000] {logging_mixin.py:188} INFO - [2025-11-16T20:42:28.589+0000] {dag.py:3036} INFO - Sync 1 DAGs
[2025-11-16T20:42:28.603+0000] {logging_mixin.py:188} INFO - [2025-11-16T20:42:28.603+0000] {dag.py:3823} INFO - Setting next_dagrun for tutorial_dag to None, run_after=None
[2025-11-16T20:42:28.630+0000] {processor.py:183} INFO - Processing /home/airflow/.local/lib/python3.8/site-packages/airflow/example_dags/tutorial_dag.py took 0.190 seconds
[2025-11-16T20:43:05.385+0000] {processor.py:161} INFO - Started process (PID=239) to work on /home/airflow/.local/lib/python3.8/site-packages/airflow/example_dags/tutorial_dag.py
[2025-11-16T20:43:05.386+0000] {processor.py:830} INFO - Processing file /home/airflow/.local/lib/python3.8/site-packages/airflow/example_dags/tutorial_dag.py for tasks to queue
[2025-11-16T20:43:05.388+0000] {logging_mixin.py:188} INFO - [2025-11-16T20:43:05.387+0000] {dagbag.py:538} INFO - Filling up the DagBag from /home/airflow/.local/lib/python3.8/site-packages/airflow/example_dags/tutorial_dag.py
[2025-11-16T20:43:05.395+0000] {processor.py:840} INFO - DAG(s) 'tutorial_dag' retrieved from /home/airflow/.local/lib/python3.8/site-packages/airflow/example_dags/tutorial_dag.py
[2025-11-16T20:43:05.428+0000] {logging_mixin.py:188} INFO - [2025-11-16T20:43:05.428+0000] {dag.py:3036} INFO - Sync 1 DAGs
[2025-11-16T20:43:05.462+0000] {logging_mixin.py:188} INFO - [2025-11-16T20:43:05.462+0000] {dag.py:3823} INFO - Setting next_dagrun for tutorial_dag to None, run_after=None
[2025-11-16T20:43:05.518+0000] {processor.py:183} INFO - Processing /home/airflow/.local/lib/python3.8/site-packages/airflow/example_dags/tutorial_dag.py took 0.144 seconds
[2025-11-16T20:43:36.091+0000] {processor.py:161} INFO - Started process (PID=320) to work on /home/airflow/.local/lib/python3.8/site-packages/airflow/example_dags/tutorial_dag.py
[2025-11-16T20:43:36.092+0000] {processor.py:830} INFO - Processing file /home/airflow/.local/lib/python3.8/site-packages/airflow/example_dags/tutorial_dag.py for tasks to queue
[2025-11-16T20:43:36.093+0000] {logging_mixin.py:188} INFO - [2025-11-16T20:43:36.092+0000] {dagbag.py:538} INFO - Filling up the DagBag from /home/airflow/.local/lib/python3.8/site-packages/airflow/example_dags/tutorial_dag.py
[2025-11-16T20:43:36.099+0000] {processor.py:840} INFO - DAG(s) 'tutorial_dag' retrieved from /home/airflow/.local/lib/python3.8/site-packages/airflow/example_dags/tutorial_dag.py
[2025-11-16T20:43:36.133+0000] {logging_mixin.py:188} INFO - [2025-11-16T20:43:36.133+0000] {dag.py:3036} INFO - Sync 1 DAGs
[2025-11-16T20:43:36.148+0000] {logging_mixin.py:188} INFO - [2025-11-16T20:43:36.148+0000] {dag.py:3823} INFO - Setting next_dagrun for tutorial_dag to None, run_after=None
[2025-11-16T20:43:36.177+0000] {processor.py:183} INFO - Processing /home/airflow/.local/lib/python3.8/site-packages/airflow/example_dags/tutorial_dag.py took 0.090 seconds
[2025-11-16T20:44:06.305+0000] {processor.py:161} INFO - Started process (PID=408) to work on /home/airflow/.local/lib/python3.8/site-packages/airflow/example_dags/tutorial_dag.py
[2025-11-16T20:44:06.306+0000] {processor.py:830} INFO - Processing file /home/airflow/.local/lib/python3.8/site-packages/airflow/example_dags/tutorial_dag.py for tasks to queue
[2025-11-16T20:44:06.307+0000] {logging_mixin.py:188} INFO - [2025-11-16T20:44:06.307+0000] {dagbag.py:538} INFO - Filling up the DagBag from /home/airflow/.local/lib/python3.8/site-packages/airflow/example_dags/tutorial_dag.py
[2025-11-16T20:44:06.312+0000] {processor.py:840} INFO - DAG(s) 'tutorial_dag' retrieved from /home/airflow/.local/lib/python3.8/site-packages/airflow/example_dags/tutorial_dag.py
[2025-11-16T20:44:06.337+0000] {logging_mixin.py:188} INFO - [2025-11-16T20:44:06.337+0000] {dag.py:3036} INFO - Sync 1 DAGs
[2025-11-16T20:44:06.348+0000] {logging_mixin.py:188} INFO - [2025-11-16T20:44:06.348+0000] {dag.py:3823} INFO - Setting next_dagrun for tutorial_dag to None, run_after=None
[2025-11-16T20:44:06.370+0000] {processor.py:183} INFO - Processing /home/airflow/.local/lib/python3.8/site-packages/airflow/example_dags/tutorial_dag.py took 0.067 seconds
[2025-11-16T20:44:37.268+0000] {processor.py:161} INFO - Started process (PID=489) to work on /home/airflow/.local/lib/python3.8/site-packages/airflow/example_dags/tutorial_dag.py
[2025-11-16T20:44:37.269+0000] {processor.py:830} INFO - Processing file /home/airflow/.local/lib/python3.8/site-packages/airflow/example_dags/tutorial_dag.py for tasks to queue
[2025-11-16T20:44:37.270+0000] {logging_mixin.py:188} INFO - [2025-11-16T20:44:37.270+0000] {dagbag.py:538} INFO - Filling up the DagBag from /home/airflow/.local/lib/python3.8/site-packages/airflow/example_dags/tutorial_dag.py
[2025-11-16T20:44:37.278+0000] {processor.py:840} INFO - DAG(s) 'tutorial_dag' retrieved from /home/airflow/.local/lib/python3.8/site-packages/airflow/example_dags/tutorial_dag.py
[2025-11-16T20:44:37.307+0000] {logging_mixin.py:188} INFO - [2025-11-16T20:44:37.307+0000] {dag.py:3036} INFO - Sync 1 DAGs
[2025-11-16T20:44:37.321+0000] {logging_mixin.py:188} INFO - [2025-11-16T20:44:37.321+0000] {dag.py:3823} INFO - Setting next_dagrun for tutorial_dag to None, run_after=None
[2025-11-16T20:44:37.347+0000] {processor.py:183} INFO - Processing /home/airflow/.local/lib/python3.8/site-packages/airflow/example_dags/tutorial_dag.py took 0.082 seconds
[2025-11-16T20:45:07.983+0000] {processor.py:161} INFO - Started process (PID=586) to work on /home/airflow/.local/lib/python3.8/site-packages/airflow/example_dags/tutorial_dag.py
[2025-11-16T20:45:07.984+0000] {processor.py:830} INFO - Processing file /home/airflow/.local/lib/python3.8/site-packages/airflow/example_dags/tutorial_dag.py for tasks to queue
[2025-11-16T20:45:07.985+0000] {logging_mixin.py:188} INFO - [2025-11-16T20:45:07.984+0000] {dagbag.py:538} INFO - Filling up the DagBag from /home/airflow/.local/lib/python3.8/site-packages/airflow/example_dags/tutorial_dag.py
[2025-11-16T20:45:07.991+0000] {processor.py:840} INFO - DAG(s) 'tutorial_dag' retrieved from /home/airflow/.local/lib/python3.8/site-packages/airflow/example_dags/tutorial_dag.py
[2025-11-16T20:45:08.016+0000] {logging_mixin.py:188} INFO - [2025-11-16T20:45:08.016+0000] {dag.py:3036} INFO - Sync 1 DAGs
[2025-11-16T20:45:08.030+0000] {logging_mixin.py:188} INFO - [2025-11-16T20:45:08.030+0000] {dag.py:3823} INFO - Setting next_dagrun for tutorial_dag to None, run_after=None
[2025-11-16T20:45:08.056+0000] {processor.py:183} INFO - Processing /home/airflow/.local/lib/python3.8/site-packages/airflow/example_dags/tutorial_dag.py took 0.078 seconds
[2025-11-16T20:45:38.370+0000] {processor.py:161} INFO - Started process (PID=668) to work on /home/airflow/.local/lib/python3.8/site-packages/airflow/example_dags/tutorial_dag.py
[2025-11-16T20:45:38.371+0000] {processor.py:830} INFO - Processing file /home/airflow/.local/lib/python3.8/site-packages/airflow/example_dags/tutorial_dag.py for tasks to queue
[2025-11-16T20:45:38.373+0000] {logging_mixin.py:188} INFO - [2025-11-16T20:45:38.372+0000] {dagbag.py:538} INFO - Filling up the DagBag from /home/airflow/.local/lib/python3.8/site-packages/airflow/example_dags/tutorial_dag.py
[2025-11-16T20:45:38.381+0000] {processor.py:840} INFO - DAG(s) 'tutorial_dag' retrieved from /home/airflow/.local/lib/python3.8/site-packages/airflow/example_dags/tutorial_dag.py
[2025-11-16T20:45:38.417+0000] {logging_mixin.py:188} INFO - [2025-11-16T20:45:38.417+0000] {dag.py:3036} INFO - Sync 1 DAGs
[2025-11-16T20:45:38.434+0000] {logging_mixin.py:188} INFO - [2025-11-16T20:45:38.434+0000] {dag.py:3823} INFO - Setting next_dagrun for tutorial_dag to None, run_after=None
[2025-11-16T20:45:38.458+0000] {processor.py:183} INFO - Processing /home/airflow/.local/lib/python3.8/site-packages/airflow/example_dags/tutorial_dag.py took 0.092 seconds
[2025-11-16T20:46:08.774+0000] {processor.py:161} INFO - Started process (PID=756) to work on /home/airflow/.local/lib/python3.8/site-packages/airflow/example_dags/tutorial_dag.py
[2025-11-16T20:46:08.775+0000] {processor.py:830} INFO - Processing file /home/airflow/.local/lib/python3.8/site-packages/airflow/example_dags/tutorial_dag.py for tasks to queue
[2025-11-16T20:46:08.777+0000] {logging_mixin.py:188} INFO - [2025-11-16T20:46:08.776+0000] {dagbag.py:538} INFO - Filling up the DagBag from /home/airflow/.local/lib/python3.8/site-packages/airflow/example_dags/tutorial_dag.py
[2025-11-16T20:46:08.786+0000] {processor.py:840} INFO - DAG(s) 'tutorial_dag' retrieved from /home/airflow/.local/lib/python3.8/site-packages/airflow/example_dags/tutorial_dag.py
[2025-11-16T20:46:08.816+0000] {logging_mixin.py:188} INFO - [2025-11-16T20:46:08.816+0000] {dag.py:3036} INFO - Sync 1 DAGs
[2025-11-16T20:46:08.832+0000] {logging_mixin.py:188} INFO - [2025-11-16T20:46:08.832+0000] {dag.py:3823} INFO - Setting next_dagrun for tutorial_dag to None, run_after=None
[2025-11-16T20:46:08.862+0000] {processor.py:183} INFO - Processing /home/airflow/.local/lib/python3.8/site-packages/airflow/example_dags/tutorial_dag.py took 0.093 seconds
[2025-11-16T20:46:39.308+0000] {processor.py:161} INFO - Started process (PID=845) to work on /home/airflow/.local/lib/python3.8/site-packages/airflow/example_dags/tutorial_dag.py
[2025-11-16T20:46:39.309+0000] {processor.py:830} INFO - Processing file /home/airflow/.local/lib/python3.8/site-packages/airflow/example_dags/tutorial_dag.py for tasks to queue
[2025-11-16T20:46:39.310+0000] {logging_mixin.py:188} INFO - [2025-11-16T20:46:39.310+0000] {dagbag.py:538} INFO - Filling up the DagBag from /home/airflow/.local/lib/python3.8/site-packages/airflow/example_dags/tutorial_dag.py
[2025-11-16T20:46:39.316+0000] {processor.py:840} INFO - DAG(s) 'tutorial_dag' retrieved from /home/airflow/.local/lib/python3.8/site-packages/airflow/example_dags/tutorial_dag.py
[2025-11-16T20:46:39.343+0000] {logging_mixin.py:188} INFO - [2025-11-16T20:46:39.343+0000] {dag.py:3036} INFO - Sync 1 DAGs
[2025-11-16T20:46:39.356+0000] {logging_mixin.py:188} INFO - [2025-11-16T20:46:39.355+0000] {dag.py:3823} INFO - Setting next_dagrun for tutorial_dag to None, run_after=None
[2025-11-16T20:46:39.381+0000] {processor.py:183} INFO - Processing /home/airflow/.local/lib/python3.8/site-packages/airflow/example_dags/tutorial_dag.py took 0.076 seconds
[2025-11-16T20:47:09.682+0000] {processor.py:161} INFO - Started process (PID=926) to work on /home/airflow/.local/lib/python3.8/site-packages/airflow/example_dags/tutorial_dag.py
[2025-11-16T20:47:09.683+0000] {processor.py:830} INFO - Processing file /home/airflow/.local/lib/python3.8/site-packages/airflow/example_dags/tutorial_dag.py for tasks to queue
[2025-11-16T20:47:09.685+0000] {logging_mixin.py:188} INFO - [2025-11-16T20:47:09.684+0000] {dagbag.py:538} INFO - Filling up the DagBag from /home/airflow/.local/lib/python3.8/site-packages/airflow/example_dags/tutorial_dag.py
[2025-11-16T20:47:09.691+0000] {processor.py:840} INFO - DAG(s) 'tutorial_dag' retrieved from /home/airflow/.local/lib/python3.8/site-packages/airflow/example_dags/tutorial_dag.py
[2025-11-16T20:47:09.717+0000] {logging_mixin.py:188} INFO - [2025-11-16T20:47:09.716+0000] {dag.py:3036} INFO - Sync 1 DAGs
[2025-11-16T20:47:09.731+0000] {logging_mixin.py:188} INFO - [2025-11-16T20:47:09.730+0000] {dag.py:3823} INFO - Setting next_dagrun for tutorial_dag to None, run_after=None
[2025-11-16T20:47:09.757+0000] {processor.py:183} INFO - Processing /home/airflow/.local/lib/python3.8/site-packages/airflow/example_dags/tutorial_dag.py took 0.078 seconds
[2025-11-16T20:47:40.589+0000] {processor.py:161} INFO - Started process (PID=1022) to work on /home/airflow/.local/lib/python3.8/site-packages/airflow/example_dags/tutorial_dag.py
[2025-11-16T20:47:40.590+0000] {processor.py:830} INFO - Processing file /home/airflow/.local/lib/python3.8/site-packages/airflow/example_dags/tutorial_dag.py for tasks to queue
[2025-11-16T20:47:40.591+0000] {logging_mixin.py:188} INFO - [2025-11-16T20:47:40.591+0000] {dagbag.py:538} INFO - Filling up the DagBag from /home/airflow/.local/lib/python3.8/site-packages/airflow/example_dags/tutorial_dag.py
[2025-11-16T20:47:40.597+0000] {processor.py:840} INFO - DAG(s) 'tutorial_dag' retrieved from /home/airflow/.local/lib/python3.8/site-packages/airflow/example_dags/tutorial_dag.py
[2025-11-16T20:47:40.622+0000] {logging_mixin.py:188} INFO - [2025-11-16T20:47:40.622+0000] {dag.py:3036} INFO - Sync 1 DAGs
[2025-11-16T20:47:40.636+0000] {logging_mixin.py:188} INFO - [2025-11-16T20:47:40.635+0000] {dag.py:3823} INFO - Setting next_dagrun for tutorial_dag to None, run_after=None
[2025-11-16T20:47:40.661+0000] {processor.py:183} INFO - Processing /home/airflow/.local/lib/python3.8/site-packages/airflow/example_dags/tutorial_dag.py took 0.075 seconds
[2025-11-16T20:48:10.981+0000] {processor.py:161} INFO - Started process (PID=1102) to work on /home/airflow/.local/lib/python3.8/site-packages/airflow/example_dags/tutorial_dag.py
[2025-11-16T20:48:10.982+0000] {processor.py:830} INFO - Processing file /home/airflow/.local/lib/python3.8/site-packages/airflow/example_dags/tutorial_dag.py for tasks to queue
[2025-11-16T20:48:10.983+0000] {logging_mixin.py:188} INFO - [2025-11-16T20:48:10.983+0000] {dagbag.py:538} INFO - Filling up the DagBag from /home/airflow/.local/lib/python3.8/site-packages/airflow/example_dags/tutorial_dag.py
[2025-11-16T20:48:10.994+0000] {processor.py:840} INFO - DAG(s) 'tutorial_dag' retrieved from /home/airflow/.local/lib/python3.8/site-packages/airflow/example_dags/tutorial_dag.py
[2025-11-16T20:48:11.020+0000] {logging_mixin.py:188} INFO - [2025-11-16T20:48:11.020+0000] {dag.py:3036} INFO - Sync 1 DAGs
[2025-11-16T20:48:11.033+0000] {logging_mixin.py:188} INFO - [2025-11-16T20:48:11.033+0000] {dag.py:3823} INFO - Setting next_dagrun for tutorial_dag to None, run_after=None
[2025-11-16T20:48:11.057+0000] {processor.py:183} INFO - Processing /home/airflow/.local/lib/python3.8/site-packages/airflow/example_dags/tutorial_dag.py took 0.079 seconds
[2025-11-16T20:48:42.375+0000] {processor.py:161} INFO - Started process (PID=1183) to work on /home/airflow/.local/lib/python3.8/site-packages/airflow/example_dags/tutorial_dag.py
[2025-11-16T20:48:42.377+0000] {processor.py:830} INFO - Processing file /home/airflow/.local/lib/python3.8/site-packages/airflow/example_dags/tutorial_dag.py for tasks to queue
[2025-11-16T20:48:42.378+0000] {logging_mixin.py:188} INFO - [2025-11-16T20:48:42.378+0000] {dagbag.py:538} INFO - Filling up the DagBag from /home/airflow/.local/lib/python3.8/site-packages/airflow/example_dags/tutorial_dag.py
[2025-11-16T20:48:42.387+0000] {processor.py:840} INFO - DAG(s) 'tutorial_dag' retrieved from /home/airflow/.local/lib/python3.8/site-packages/airflow/example_dags/tutorial_dag.py
[2025-11-16T20:48:42.421+0000] {logging_mixin.py:188} INFO - [2025-11-16T20:48:42.421+0000] {dag.py:3036} INFO - Sync 1 DAGs
[2025-11-16T20:48:42.437+0000] {logging_mixin.py:188} INFO - [2025-11-16T20:48:42.437+0000] {dag.py:3823} INFO - Setting next_dagrun for tutorial_dag to None, run_after=None
[2025-11-16T20:48:42.469+0000] {processor.py:183} INFO - Processing /home/airflow/.local/lib/python3.8/site-packages/airflow/example_dags/tutorial_dag.py took 0.099 seconds
[2025-11-16T20:49:19.689+0000] {processor.py:161} INFO - Started process (PID=1264) to work on /home/airflow/.local/lib/python3.8/site-packages/airflow/example_dags/tutorial_dag.py
[2025-11-16T20:49:19.766+0000] {processor.py:830} INFO - Processing file /home/airflow/.local/lib/python3.8/site-packages/airflow/example_dags/tutorial_dag.py for tasks to queue
[2025-11-16T20:49:19.768+0000] {logging_mixin.py:188} INFO - [2025-11-16T20:49:19.768+0000] {dagbag.py:538} INFO - Filling up the DagBag from /home/airflow/.local/lib/python3.8/site-packages/airflow/example_dags/tutorial_dag.py
[2025-11-16T20:49:19.823+0000] {processor.py:840} INFO - DAG(s) 'tutorial_dag' retrieved from /home/airflow/.local/lib/python3.8/site-packages/airflow/example_dags/tutorial_dag.py
[2025-11-16T20:49:19.870+0000] {logging_mixin.py:188} INFO - [2025-11-16T20:49:19.869+0000] {dag.py:3036} INFO - Sync 1 DAGs
[2025-11-16T20:49:19.892+0000] {logging_mixin.py:188} INFO - [2025-11-16T20:49:19.891+0000] {dag.py:3823} INFO - Setting next_dagrun for tutorial_dag to None, run_after=None
[2025-11-16T20:49:20.022+0000] {processor.py:183} INFO - Processing /home/airflow/.local/lib/python3.8/site-packages/airflow/example_dags/tutorial_dag.py took 0.341 seconds
[2025-11-16T20:50:07.443+0000] {processor.py:161} INFO - Started process (PID=1343) to work on /home/airflow/.local/lib/python3.8/site-packages/airflow/example_dags/tutorial_dag.py
[2025-11-16T20:50:07.444+0000] {processor.py:830} INFO - Processing file /home/airflow/.local/lib/python3.8/site-packages/airflow/example_dags/tutorial_dag.py for tasks to queue
[2025-11-16T20:50:07.445+0000] {logging_mixin.py:188} INFO - [2025-11-16T20:50:07.444+0000] {dagbag.py:538} INFO - Filling up the DagBag from /home/airflow/.local/lib/python3.8/site-packages/airflow/example_dags/tutorial_dag.py
[2025-11-16T20:50:07.455+0000] {processor.py:840} INFO - DAG(s) 'tutorial_dag' retrieved from /home/airflow/.local/lib/python3.8/site-packages/airflow/example_dags/tutorial_dag.py
[2025-11-16T20:50:07.497+0000] {logging_mixin.py:188} INFO - [2025-11-16T20:50:07.496+0000] {dag.py:3036} INFO - Sync 1 DAGs
[2025-11-16T20:50:07.521+0000] {logging_mixin.py:188} INFO - [2025-11-16T20:50:07.520+0000] {dag.py:3823} INFO - Setting next_dagrun for tutorial_dag to None, run_after=None
[2025-11-16T20:50:07.629+0000] {processor.py:183} INFO - Processing /home/airflow/.local/lib/python3.8/site-packages/airflow/example_dags/tutorial_dag.py took 0.191 seconds
[2025-11-16T23:16:22.660+0000] {processor.py:161} INFO - Started process (PID=1440) to work on /home/airflow/.local/lib/python3.8/site-packages/airflow/example_dags/tutorial_dag.py
[2025-11-16T23:16:22.665+0000] {processor.py:830} INFO - Processing file /home/airflow/.local/lib/python3.8/site-packages/airflow/example_dags/tutorial_dag.py for tasks to queue
[2025-11-16T23:16:22.667+0000] {logging_mixin.py:188} INFO - [2025-11-16T23:16:22.666+0000] {dagbag.py:538} INFO - Filling up the DagBag from /home/airflow/.local/lib/python3.8/site-packages/airflow/example_dags/tutorial_dag.py
[2025-11-16T23:16:22.677+0000] {processor.py:840} INFO - DAG(s) 'tutorial_dag' retrieved from /home/airflow/.local/lib/python3.8/site-packages/airflow/example_dags/tutorial_dag.py
[2025-11-16T23:16:22.726+0000] {logging_mixin.py:188} INFO - [2025-11-16T23:16:22.726+0000] {dag.py:3036} INFO - Sync 1 DAGs
[2025-11-16T23:16:22.756+0000] {logging_mixin.py:188} INFO - [2025-11-16T23:16:22.755+0000] {dag.py:3823} INFO - Setting next_dagrun for tutorial_dag to None, run_after=None
[2025-11-16T23:16:22.802+0000] {processor.py:183} INFO - Processing /home/airflow/.local/lib/python3.8/site-packages/airflow/example_dags/tutorial_dag.py took 0.147 seconds
[2025-11-16T23:16:53.758+0000] {processor.py:161} INFO - Started process (PID=1515) to work on /home/airflow/.local/lib/python3.8/site-packages/airflow/example_dags/tutorial_dag.py
[2025-11-16T23:16:53.759+0000] {processor.py:830} INFO - Processing file /home/airflow/.local/lib/python3.8/site-packages/airflow/example_dags/tutorial_dag.py for tasks to queue
[2025-11-16T23:16:53.760+0000] {logging_mixin.py:188} INFO - [2025-11-16T23:16:53.760+0000] {dagbag.py:538} INFO - Filling up the DagBag from /home/airflow/.local/lib/python3.8/site-packages/airflow/example_dags/tutorial_dag.py
[2025-11-16T23:16:53.769+0000] {processor.py:840} INFO - DAG(s) 'tutorial_dag' retrieved from /home/airflow/.local/lib/python3.8/site-packages/airflow/example_dags/tutorial_dag.py
[2025-11-16T23:16:53.802+0000] {logging_mixin.py:188} INFO - [2025-11-16T23:16:53.801+0000] {dag.py:3036} INFO - Sync 1 DAGs
[2025-11-16T23:16:53.823+0000] {logging_mixin.py:188} INFO - [2025-11-16T23:16:53.823+0000] {dag.py:3823} INFO - Setting next_dagrun for tutorial_dag to None, run_after=None
[2025-11-16T23:16:53.861+0000] {processor.py:183} INFO - Processing /home/airflow/.local/lib/python3.8/site-packages/airflow/example_dags/tutorial_dag.py took 0.109 seconds
[2025-11-16T23:17:25.352+0000] {processor.py:161} INFO - Started process (PID=1596) to work on /home/airflow/.local/lib/python3.8/site-packages/airflow/example_dags/tutorial_dag.py
[2025-11-16T23:17:25.363+0000] {processor.py:830} INFO - Processing file /home/airflow/.local/lib/python3.8/site-packages/airflow/example_dags/tutorial_dag.py for tasks to queue
[2025-11-16T23:17:25.365+0000] {logging_mixin.py:188} INFO - [2025-11-16T23:17:25.365+0000] {dagbag.py:538} INFO - Filling up the DagBag from /home/airflow/.local/lib/python3.8/site-packages/airflow/example_dags/tutorial_dag.py
[2025-11-16T23:17:25.377+0000] {processor.py:840} INFO - DAG(s) 'tutorial_dag' retrieved from /home/airflow/.local/lib/python3.8/site-packages/airflow/example_dags/tutorial_dag.py
[2025-11-16T23:17:25.434+0000] {logging_mixin.py:188} INFO - [2025-11-16T23:17:25.433+0000] {dag.py:3036} INFO - Sync 1 DAGs
[2025-11-16T23:17:25.465+0000] {logging_mixin.py:188} INFO - [2025-11-16T23:17:25.465+0000] {dag.py:3823} INFO - Setting next_dagrun for tutorial_dag to None, run_after=None
[2025-11-16T23:17:25.510+0000] {processor.py:183} INFO - Processing /home/airflow/.local/lib/python3.8/site-packages/airflow/example_dags/tutorial_dag.py took 0.166 seconds
[2025-11-16T23:17:59.534+0000] {processor.py:161} INFO - Started process (PID=1662) to work on /home/airflow/.local/lib/python3.8/site-packages/airflow/example_dags/tutorial_dag.py
[2025-11-16T23:17:59.535+0000] {processor.py:830} INFO - Processing file /home/airflow/.local/lib/python3.8/site-packages/airflow/example_dags/tutorial_dag.py for tasks to queue
[2025-11-16T23:17:59.536+0000] {logging_mixin.py:188} INFO - [2025-11-16T23:17:59.536+0000] {dagbag.py:538} INFO - Filling up the DagBag from /home/airflow/.local/lib/python3.8/site-packages/airflow/example_dags/tutorial_dag.py
[2025-11-16T23:17:59.546+0000] {processor.py:840} INFO - DAG(s) 'tutorial_dag' retrieved from /home/airflow/.local/lib/python3.8/site-packages/airflow/example_dags/tutorial_dag.py
[2025-11-16T23:17:59.590+0000] {logging_mixin.py:188} INFO - [2025-11-16T23:17:59.590+0000] {dag.py:3036} INFO - Sync 1 DAGs
[2025-11-16T23:17:59.613+0000] {logging_mixin.py:188} INFO - [2025-11-16T23:17:59.613+0000] {dag.py:3823} INFO - Setting next_dagrun for tutorial_dag to None, run_after=None
[2025-11-16T23:17:59.650+0000] {processor.py:183} INFO - Processing /home/airflow/.local/lib/python3.8/site-packages/airflow/example_dags/tutorial_dag.py took 0.123 seconds
[2025-11-16T23:18:35.005+0000] {processor.py:161} INFO - Started process (PID=1758) to work on /home/airflow/.local/lib/python3.8/site-packages/airflow/example_dags/tutorial_dag.py
[2025-11-16T23:18:35.008+0000] {processor.py:830} INFO - Processing file /home/airflow/.local/lib/python3.8/site-packages/airflow/example_dags/tutorial_dag.py for tasks to queue
[2025-11-16T23:18:35.010+0000] {logging_mixin.py:188} INFO - [2025-11-16T23:18:35.010+0000] {dagbag.py:538} INFO - Filling up the DagBag from /home/airflow/.local/lib/python3.8/site-packages/airflow/example_dags/tutorial_dag.py
[2025-11-16T23:18:35.021+0000] {processor.py:840} INFO - DAG(s) 'tutorial_dag' retrieved from /home/airflow/.local/lib/python3.8/site-packages/airflow/example_dags/tutorial_dag.py
[2025-11-16T23:18:35.078+0000] {logging_mixin.py:188} INFO - [2025-11-16T23:18:35.077+0000] {dag.py:3036} INFO - Sync 1 DAGs
[2025-11-16T23:18:35.112+0000] {logging_mixin.py:188} INFO - [2025-11-16T23:18:35.112+0000] {dag.py:3823} INFO - Setting next_dagrun for tutorial_dag to None, run_after=None
[2025-11-16T23:18:35.162+0000] {processor.py:183} INFO - Processing /home/airflow/.local/lib/python3.8/site-packages/airflow/example_dags/tutorial_dag.py took 0.162 seconds
[2025-11-16T23:19:06.149+0000] {processor.py:161} INFO - Started process (PID=1824) to work on /home/airflow/.local/lib/python3.8/site-packages/airflow/example_dags/tutorial_dag.py
[2025-11-16T23:19:06.150+0000] {processor.py:830} INFO - Processing file /home/airflow/.local/lib/python3.8/site-packages/airflow/example_dags/tutorial_dag.py for tasks to queue
[2025-11-16T23:19:06.152+0000] {logging_mixin.py:188} INFO - [2025-11-16T23:19:06.151+0000] {dagbag.py:538} INFO - Filling up the DagBag from /home/airflow/.local/lib/python3.8/site-packages/airflow/example_dags/tutorial_dag.py
[2025-11-16T23:19:06.160+0000] {processor.py:840} INFO - DAG(s) 'tutorial_dag' retrieved from /home/airflow/.local/lib/python3.8/site-packages/airflow/example_dags/tutorial_dag.py
[2025-11-16T23:19:06.200+0000] {logging_mixin.py:188} INFO - [2025-11-16T23:19:06.200+0000] {dag.py:3036} INFO - Sync 1 DAGs
[2025-11-16T23:19:06.221+0000] {logging_mixin.py:188} INFO - [2025-11-16T23:19:06.221+0000] {dag.py:3823} INFO - Setting next_dagrun for tutorial_dag to None, run_after=None
[2025-11-16T23:19:06.253+0000] {processor.py:183} INFO - Processing /home/airflow/.local/lib/python3.8/site-packages/airflow/example_dags/tutorial_dag.py took 0.108 seconds
