[2025-11-16T20:20:19.250+0000] {processor.py:161} INFO - Started process (PID=125) to work on /opt/airflow/dags/dataset_analysis_dag.py
[2025-11-16T20:20:19.257+0000] {processor.py:830} INFO - Processing file /opt/airflow/dags/dataset_analysis_dag.py for tasks to queue
[2025-11-16T20:20:19.260+0000] {logging_mixin.py:188} INFO - [2025-11-16T20:20:19.259+0000] {dagbag.py:538} INFO - Filling up the DagBag from /opt/airflow/dags/dataset_analysis_dag.py
[2025-11-16T20:20:26.389+0000] {logging_mixin.py:188} INFO - [2025-11-16T20:20:26.388+0000] {font_manager.py:1547} INFO - generated new fontManager
[2025-11-16T20:20:26.943+0000] {processor.py:840} INFO - DAG(s) 'dataset_analysis_dag' retrieved from /opt/airflow/dags/dataset_analysis_dag.py
[2025-11-16T20:20:27.168+0000] {logging_mixin.py:188} INFO - [2025-11-16T20:20:27.167+0000] {override.py:1769} INFO - Created Permission View: can edit on DAG:dataset_analysis_dag
[2025-11-16T20:20:27.189+0000] {logging_mixin.py:188} INFO - [2025-11-16T20:20:27.189+0000] {override.py:1769} INFO - Created Permission View: can read on DAG:dataset_analysis_dag
[2025-11-16T20:20:27.204+0000] {logging_mixin.py:188} INFO - [2025-11-16T20:20:27.203+0000] {override.py:1769} INFO - Created Permission View: can delete on DAG:dataset_analysis_dag
[2025-11-16T20:20:27.205+0000] {logging_mixin.py:188} INFO - [2025-11-16T20:20:27.205+0000] {dag.py:3036} INFO - Sync 1 DAGs
[2025-11-16T20:20:27.231+0000] {logging_mixin.py:188} INFO - [2025-11-16T20:20:27.230+0000] {dag.py:3058} INFO - Creating ORM DAG for dataset_analysis_dag
[2025-11-16T20:20:27.232+0000] {logging_mixin.py:188} INFO - [2025-11-16T20:20:27.232+0000] {dag.py:3823} INFO - Setting next_dagrun for dataset_analysis_dag to None, run_after=None
[2025-11-16T20:20:27.276+0000] {processor.py:183} INFO - Processing /opt/airflow/dags/dataset_analysis_dag.py took 8.091 seconds
[2025-11-16T20:20:57.448+0000] {processor.py:161} INFO - Started process (PID=222) to work on /opt/airflow/dags/dataset_analysis_dag.py
[2025-11-16T20:20:57.449+0000] {processor.py:830} INFO - Processing file /opt/airflow/dags/dataset_analysis_dag.py for tasks to queue
[2025-11-16T20:20:57.451+0000] {logging_mixin.py:188} INFO - [2025-11-16T20:20:57.450+0000] {dagbag.py:538} INFO - Filling up the DagBag from /opt/airflow/dags/dataset_analysis_dag.py
[2025-11-16T20:20:58.650+0000] {processor.py:840} INFO - DAG(s) 'dataset_analysis_dag' retrieved from /opt/airflow/dags/dataset_analysis_dag.py
[2025-11-16T20:20:58.680+0000] {logging_mixin.py:188} INFO - [2025-11-16T20:20:58.679+0000] {dag.py:3036} INFO - Sync 1 DAGs
[2025-11-16T20:20:58.696+0000] {logging_mixin.py:188} INFO - [2025-11-16T20:20:58.695+0000] {dag.py:3823} INFO - Setting next_dagrun for dataset_analysis_dag to None, run_after=None
[2025-11-16T20:20:58.722+0000] {processor.py:183} INFO - Processing /opt/airflow/dags/dataset_analysis_dag.py took 1.279 seconds
[2025-11-16T20:21:28.985+0000] {processor.py:161} INFO - Started process (PID=288) to work on /opt/airflow/dags/dataset_analysis_dag.py
[2025-11-16T20:21:28.985+0000] {processor.py:830} INFO - Processing file /opt/airflow/dags/dataset_analysis_dag.py for tasks to queue
[2025-11-16T20:21:28.986+0000] {logging_mixin.py:188} INFO - [2025-11-16T20:21:28.986+0000] {dagbag.py:538} INFO - Filling up the DagBag from /opt/airflow/dags/dataset_analysis_dag.py
[2025-11-16T20:21:29.735+0000] {processor.py:840} INFO - DAG(s) 'dataset_analysis_dag' retrieved from /opt/airflow/dags/dataset_analysis_dag.py
[2025-11-16T20:21:29.758+0000] {logging_mixin.py:188} INFO - [2025-11-16T20:21:29.758+0000] {dag.py:3036} INFO - Sync 1 DAGs
[2025-11-16T20:21:29.771+0000] {logging_mixin.py:188} INFO - [2025-11-16T20:21:29.771+0000] {dag.py:3823} INFO - Setting next_dagrun for dataset_analysis_dag to None, run_after=None
[2025-11-16T20:21:29.795+0000] {processor.py:183} INFO - Processing /opt/airflow/dags/dataset_analysis_dag.py took 0.814 seconds
[2025-11-16T20:22:00.156+0000] {processor.py:161} INFO - Started process (PID=388) to work on /opt/airflow/dags/dataset_analysis_dag.py
[2025-11-16T20:22:00.158+0000] {processor.py:830} INFO - Processing file /opt/airflow/dags/dataset_analysis_dag.py for tasks to queue
[2025-11-16T20:22:00.160+0000] {logging_mixin.py:188} INFO - [2025-11-16T20:22:00.159+0000] {dagbag.py:538} INFO - Filling up the DagBag from /opt/airflow/dags/dataset_analysis_dag.py
[2025-11-16T20:22:01.059+0000] {processor.py:840} INFO - DAG(s) 'dataset_analysis_dag' retrieved from /opt/airflow/dags/dataset_analysis_dag.py
[2025-11-16T20:22:01.094+0000] {logging_mixin.py:188} INFO - [2025-11-16T20:22:01.093+0000] {dag.py:3036} INFO - Sync 1 DAGs
[2025-11-16T20:22:01.111+0000] {logging_mixin.py:188} INFO - [2025-11-16T20:22:01.111+0000] {dag.py:3823} INFO - Setting next_dagrun for dataset_analysis_dag to None, run_after=None
[2025-11-16T20:22:01.141+0000] {processor.py:183} INFO - Processing /opt/airflow/dags/dataset_analysis_dag.py took 0.990 seconds
[2025-11-16T20:22:32.068+0000] {processor.py:161} INFO - Started process (PID=471) to work on /opt/airflow/dags/dataset_analysis_dag.py
[2025-11-16T20:22:32.070+0000] {processor.py:830} INFO - Processing file /opt/airflow/dags/dataset_analysis_dag.py for tasks to queue
[2025-11-16T20:22:32.071+0000] {logging_mixin.py:188} INFO - [2025-11-16T20:22:32.070+0000] {dagbag.py:538} INFO - Filling up the DagBag from /opt/airflow/dags/dataset_analysis_dag.py
[2025-11-16T20:22:33.721+0000] {processor.py:840} INFO - DAG(s) 'dataset_analysis_dag' retrieved from /opt/airflow/dags/dataset_analysis_dag.py
[2025-11-16T20:22:33.753+0000] {logging_mixin.py:188} INFO - [2025-11-16T20:22:33.752+0000] {dag.py:3036} INFO - Sync 1 DAGs
[2025-11-16T20:22:33.766+0000] {logging_mixin.py:188} INFO - [2025-11-16T20:22:33.765+0000] {dag.py:3823} INFO - Setting next_dagrun for dataset_analysis_dag to None, run_after=None
[2025-11-16T20:22:33.796+0000] {processor.py:183} INFO - Processing /opt/airflow/dags/dataset_analysis_dag.py took 1.731 seconds
[2025-11-16T20:23:04.829+0000] {processor.py:161} INFO - Started process (PID=555) to work on /opt/airflow/dags/dataset_analysis_dag.py
[2025-11-16T20:23:04.833+0000] {processor.py:830} INFO - Processing file /opt/airflow/dags/dataset_analysis_dag.py for tasks to queue
[2025-11-16T20:23:04.836+0000] {logging_mixin.py:188} INFO - [2025-11-16T20:23:04.836+0000] {dagbag.py:538} INFO - Filling up the DagBag from /opt/airflow/dags/dataset_analysis_dag.py
[2025-11-16T20:23:05.926+0000] {processor.py:840} INFO - DAG(s) 'dataset_analysis_dag' retrieved from /opt/airflow/dags/dataset_analysis_dag.py
[2025-11-16T20:23:05.968+0000] {logging_mixin.py:188} INFO - [2025-11-16T20:23:05.968+0000] {dag.py:3036} INFO - Sync 1 DAGs
[2025-11-16T20:23:05.980+0000] {logging_mixin.py:188} INFO - [2025-11-16T20:23:05.980+0000] {dag.py:3823} INFO - Setting next_dagrun for dataset_analysis_dag to None, run_after=None
[2025-11-16T20:23:06.005+0000] {processor.py:183} INFO - Processing /opt/airflow/dags/dataset_analysis_dag.py took 1.181 seconds
[2025-11-16T20:23:36.932+0000] {processor.py:161} INFO - Started process (PID=649) to work on /opt/airflow/dags/dataset_analysis_dag.py
[2025-11-16T20:23:36.933+0000] {processor.py:830} INFO - Processing file /opt/airflow/dags/dataset_analysis_dag.py for tasks to queue
[2025-11-16T20:23:36.934+0000] {logging_mixin.py:188} INFO - [2025-11-16T20:23:36.934+0000] {dagbag.py:538} INFO - Filling up the DagBag from /opt/airflow/dags/dataset_analysis_dag.py
[2025-11-16T20:23:37.683+0000] {processor.py:840} INFO - DAG(s) 'dataset_analysis_dag' retrieved from /opt/airflow/dags/dataset_analysis_dag.py
[2025-11-16T20:23:37.706+0000] {logging_mixin.py:188} INFO - [2025-11-16T20:23:37.706+0000] {dag.py:3036} INFO - Sync 1 DAGs
[2025-11-16T20:23:37.718+0000] {logging_mixin.py:188} INFO - [2025-11-16T20:23:37.717+0000] {dag.py:3823} INFO - Setting next_dagrun for dataset_analysis_dag to None, run_after=None
[2025-11-16T20:23:37.743+0000] {processor.py:183} INFO - Processing /opt/airflow/dags/dataset_analysis_dag.py took 0.814 seconds
[2025-11-16T20:24:07.878+0000] {processor.py:161} INFO - Started process (PID=738) to work on /opt/airflow/dags/dataset_analysis_dag.py
[2025-11-16T20:24:07.879+0000] {processor.py:830} INFO - Processing file /opt/airflow/dags/dataset_analysis_dag.py for tasks to queue
[2025-11-16T20:24:07.880+0000] {logging_mixin.py:188} INFO - [2025-11-16T20:24:07.880+0000] {dagbag.py:538} INFO - Filling up the DagBag from /opt/airflow/dags/dataset_analysis_dag.py
[2025-11-16T20:24:08.890+0000] {processor.py:840} INFO - DAG(s) 'dataset_analysis_dag' retrieved from /opt/airflow/dags/dataset_analysis_dag.py
[2025-11-16T20:24:08.923+0000] {logging_mixin.py:188} INFO - [2025-11-16T20:24:08.922+0000] {dag.py:3036} INFO - Sync 1 DAGs
[2025-11-16T20:24:08.938+0000] {logging_mixin.py:188} INFO - [2025-11-16T20:24:08.937+0000] {dag.py:3823} INFO - Setting next_dagrun for dataset_analysis_dag to None, run_after=None
[2025-11-16T20:24:08.981+0000] {processor.py:183} INFO - Processing /opt/airflow/dags/dataset_analysis_dag.py took 1.108 seconds
[2025-11-16T20:24:39.199+0000] {processor.py:161} INFO - Started process (PID=820) to work on /opt/airflow/dags/dataset_analysis_dag.py
[2025-11-16T20:24:39.201+0000] {processor.py:830} INFO - Processing file /opt/airflow/dags/dataset_analysis_dag.py for tasks to queue
[2025-11-16T20:24:39.202+0000] {logging_mixin.py:188} INFO - [2025-11-16T20:24:39.201+0000] {dagbag.py:538} INFO - Filling up the DagBag from /opt/airflow/dags/dataset_analysis_dag.py
[2025-11-16T20:24:39.890+0000] {processor.py:840} INFO - DAG(s) 'dataset_analysis_dag' retrieved from /opt/airflow/dags/dataset_analysis_dag.py
[2025-11-16T20:24:39.919+0000] {logging_mixin.py:188} INFO - [2025-11-16T20:24:39.919+0000] {dag.py:3036} INFO - Sync 1 DAGs
[2025-11-16T20:24:39.932+0000] {logging_mixin.py:188} INFO - [2025-11-16T20:24:39.932+0000] {dag.py:3823} INFO - Setting next_dagrun for dataset_analysis_dag to None, run_after=None
[2025-11-16T20:24:39.963+0000] {processor.py:183} INFO - Processing /opt/airflow/dags/dataset_analysis_dag.py took 0.766 seconds
[2025-11-16T20:25:10.556+0000] {processor.py:161} INFO - Started process (PID=917) to work on /opt/airflow/dags/dataset_analysis_dag.py
[2025-11-16T20:25:10.557+0000] {processor.py:830} INFO - Processing file /opt/airflow/dags/dataset_analysis_dag.py for tasks to queue
[2025-11-16T20:25:10.558+0000] {logging_mixin.py:188} INFO - [2025-11-16T20:25:10.557+0000] {dagbag.py:538} INFO - Filling up the DagBag from /opt/airflow/dags/dataset_analysis_dag.py
[2025-11-16T20:25:11.337+0000] {processor.py:840} INFO - DAG(s) 'dataset_analysis_dag' retrieved from /opt/airflow/dags/dataset_analysis_dag.py
[2025-11-16T20:25:11.366+0000] {logging_mixin.py:188} INFO - [2025-11-16T20:25:11.366+0000] {dag.py:3036} INFO - Sync 1 DAGs
[2025-11-16T20:25:11.380+0000] {logging_mixin.py:188} INFO - [2025-11-16T20:25:11.379+0000] {dag.py:3823} INFO - Setting next_dagrun for dataset_analysis_dag to None, run_after=None
[2025-11-16T20:25:11.409+0000] {processor.py:183} INFO - Processing /opt/airflow/dags/dataset_analysis_dag.py took 0.858 seconds
[2025-11-16T20:25:41.866+0000] {processor.py:161} INFO - Started process (PID=999) to work on /opt/airflow/dags/dataset_analysis_dag.py
[2025-11-16T20:25:41.867+0000] {processor.py:830} INFO - Processing file /opt/airflow/dags/dataset_analysis_dag.py for tasks to queue
[2025-11-16T20:25:41.868+0000] {logging_mixin.py:188} INFO - [2025-11-16T20:25:41.867+0000] {dagbag.py:538} INFO - Filling up the DagBag from /opt/airflow/dags/dataset_analysis_dag.py
[2025-11-16T20:25:42.666+0000] {processor.py:840} INFO - DAG(s) 'dataset_analysis_dag' retrieved from /opt/airflow/dags/dataset_analysis_dag.py
[2025-11-16T20:25:42.697+0000] {logging_mixin.py:188} INFO - [2025-11-16T20:25:42.695+0000] {dag.py:3036} INFO - Sync 1 DAGs
[2025-11-16T20:25:42.712+0000] {logging_mixin.py:188} INFO - [2025-11-16T20:25:42.712+0000] {dag.py:3823} INFO - Setting next_dagrun for dataset_analysis_dag to None, run_after=None
[2025-11-16T20:25:42.739+0000] {processor.py:183} INFO - Processing /opt/airflow/dags/dataset_analysis_dag.py took 0.876 seconds
[2025-11-16T20:26:13.529+0000] {processor.py:161} INFO - Started process (PID=1095) to work on /opt/airflow/dags/dataset_analysis_dag.py
[2025-11-16T20:26:13.530+0000] {processor.py:830} INFO - Processing file /opt/airflow/dags/dataset_analysis_dag.py for tasks to queue
[2025-11-16T20:26:13.531+0000] {logging_mixin.py:188} INFO - [2025-11-16T20:26:13.531+0000] {dagbag.py:538} INFO - Filling up the DagBag from /opt/airflow/dags/dataset_analysis_dag.py
[2025-11-16T20:26:14.204+0000] {processor.py:840} INFO - DAG(s) 'dataset_analysis_dag' retrieved from /opt/airflow/dags/dataset_analysis_dag.py
[2025-11-16T20:26:14.226+0000] {logging_mixin.py:188} INFO - [2025-11-16T20:26:14.226+0000] {dag.py:3036} INFO - Sync 1 DAGs
[2025-11-16T20:26:14.238+0000] {logging_mixin.py:188} INFO - [2025-11-16T20:26:14.238+0000] {dag.py:3823} INFO - Setting next_dagrun for dataset_analysis_dag to None, run_after=None
[2025-11-16T20:26:14.261+0000] {processor.py:183} INFO - Processing /opt/airflow/dags/dataset_analysis_dag.py took 0.736 seconds
[2025-11-16T20:26:45.094+0000] {processor.py:161} INFO - Started process (PID=1185) to work on /opt/airflow/dags/dataset_analysis_dag.py
[2025-11-16T20:26:45.095+0000] {processor.py:830} INFO - Processing file /opt/airflow/dags/dataset_analysis_dag.py for tasks to queue
[2025-11-16T20:26:45.096+0000] {logging_mixin.py:188} INFO - [2025-11-16T20:26:45.096+0000] {dagbag.py:538} INFO - Filling up the DagBag from /opt/airflow/dags/dataset_analysis_dag.py
[2025-11-16T20:26:45.764+0000] {processor.py:840} INFO - DAG(s) 'dataset_analysis_dag' retrieved from /opt/airflow/dags/dataset_analysis_dag.py
[2025-11-16T20:26:45.801+0000] {logging_mixin.py:188} INFO - [2025-11-16T20:26:45.800+0000] {dag.py:3036} INFO - Sync 1 DAGs
[2025-11-16T20:26:45.827+0000] {logging_mixin.py:188} INFO - [2025-11-16T20:26:45.827+0000] {dag.py:3823} INFO - Setting next_dagrun for dataset_analysis_dag to None, run_after=None
[2025-11-16T20:26:45.865+0000] {processor.py:183} INFO - Processing /opt/airflow/dags/dataset_analysis_dag.py took 0.775 seconds
[2025-11-16T20:27:16.488+0000] {processor.py:161} INFO - Started process (PID=1274) to work on /opt/airflow/dags/dataset_analysis_dag.py
[2025-11-16T20:27:16.490+0000] {processor.py:830} INFO - Processing file /opt/airflow/dags/dataset_analysis_dag.py for tasks to queue
[2025-11-16T20:27:16.492+0000] {logging_mixin.py:188} INFO - [2025-11-16T20:27:16.491+0000] {dagbag.py:538} INFO - Filling up the DagBag from /opt/airflow/dags/dataset_analysis_dag.py
[2025-11-16T20:27:17.544+0000] {processor.py:840} INFO - DAG(s) 'dataset_analysis_dag' retrieved from /opt/airflow/dags/dataset_analysis_dag.py
[2025-11-16T20:27:17.604+0000] {logging_mixin.py:188} INFO - [2025-11-16T20:27:17.603+0000] {dag.py:3036} INFO - Sync 1 DAGs
[2025-11-16T20:27:17.869+0000] {logging_mixin.py:188} INFO - [2025-11-16T20:27:17.868+0000] {dag.py:3823} INFO - Setting next_dagrun for dataset_analysis_dag to None, run_after=None
[2025-11-16T20:27:18.721+0000] {processor.py:183} INFO - Processing /opt/airflow/dags/dataset_analysis_dag.py took 2.246 seconds
[2025-11-16T20:27:48.800+0000] {processor.py:161} INFO - Started process (PID=1373) to work on /opt/airflow/dags/dataset_analysis_dag.py
[2025-11-16T20:27:48.804+0000] {processor.py:830} INFO - Processing file /opt/airflow/dags/dataset_analysis_dag.py for tasks to queue
[2025-11-16T20:27:48.806+0000] {logging_mixin.py:188} INFO - [2025-11-16T20:27:48.806+0000] {dagbag.py:538} INFO - Filling up the DagBag from /opt/airflow/dags/dataset_analysis_dag.py
[2025-11-16T20:27:49.383+0000] {processor.py:840} INFO - DAG(s) 'dataset_analysis_dag' retrieved from /opt/airflow/dags/dataset_analysis_dag.py
[2025-11-16T20:27:49.410+0000] {logging_mixin.py:188} INFO - [2025-11-16T20:27:49.409+0000] {dag.py:3036} INFO - Sync 1 DAGs
[2025-11-16T20:27:49.605+0000] {logging_mixin.py:188} INFO - [2025-11-16T20:27:49.605+0000] {dag.py:3823} INFO - Setting next_dagrun for dataset_analysis_dag to None, run_after=None
[2025-11-16T20:27:49.632+0000] {processor.py:183} INFO - Processing /opt/airflow/dags/dataset_analysis_dag.py took 0.837 seconds
[2025-11-16T20:28:20.421+0000] {processor.py:161} INFO - Started process (PID=1454) to work on /opt/airflow/dags/dataset_analysis_dag.py
[2025-11-16T20:28:20.422+0000] {processor.py:830} INFO - Processing file /opt/airflow/dags/dataset_analysis_dag.py for tasks to queue
[2025-11-16T20:28:20.423+0000] {logging_mixin.py:188} INFO - [2025-11-16T20:28:20.423+0000] {dagbag.py:538} INFO - Filling up the DagBag from /opt/airflow/dags/dataset_analysis_dag.py
[2025-11-16T20:28:21.265+0000] {processor.py:840} INFO - DAG(s) 'dataset_analysis_dag' retrieved from /opt/airflow/dags/dataset_analysis_dag.py
[2025-11-16T20:28:21.287+0000] {logging_mixin.py:188} INFO - [2025-11-16T20:28:21.287+0000] {dag.py:3036} INFO - Sync 1 DAGs
[2025-11-16T20:28:21.299+0000] {logging_mixin.py:188} INFO - [2025-11-16T20:28:21.299+0000] {dag.py:3823} INFO - Setting next_dagrun for dataset_analysis_dag to None, run_after=None
[2025-11-16T20:28:21.323+0000] {processor.py:183} INFO - Processing /opt/airflow/dags/dataset_analysis_dag.py took 0.905 seconds
[2025-11-16T20:28:51.545+0000] {processor.py:161} INFO - Started process (PID=1550) to work on /opt/airflow/dags/dataset_analysis_dag.py
[2025-11-16T20:28:51.545+0000] {processor.py:830} INFO - Processing file /opt/airflow/dags/dataset_analysis_dag.py for tasks to queue
[2025-11-16T20:28:51.546+0000] {logging_mixin.py:188} INFO - [2025-11-16T20:28:51.546+0000] {dagbag.py:538} INFO - Filling up the DagBag from /opt/airflow/dags/dataset_analysis_dag.py
[2025-11-16T20:28:52.244+0000] {processor.py:840} INFO - DAG(s) 'dataset_analysis_dag' retrieved from /opt/airflow/dags/dataset_analysis_dag.py
[2025-11-16T20:28:52.268+0000] {logging_mixin.py:188} INFO - [2025-11-16T20:28:52.267+0000] {dag.py:3036} INFO - Sync 1 DAGs
[2025-11-16T20:28:52.279+0000] {logging_mixin.py:188} INFO - [2025-11-16T20:28:52.279+0000] {dag.py:3823} INFO - Setting next_dagrun for dataset_analysis_dag to None, run_after=None
[2025-11-16T20:28:52.309+0000] {processor.py:183} INFO - Processing /opt/airflow/dags/dataset_analysis_dag.py took 0.768 seconds
[2025-11-16T20:29:23.076+0000] {processor.py:161} INFO - Started process (PID=1631) to work on /opt/airflow/dags/dataset_analysis_dag.py
[2025-11-16T20:29:23.077+0000] {processor.py:830} INFO - Processing file /opt/airflow/dags/dataset_analysis_dag.py for tasks to queue
[2025-11-16T20:29:23.078+0000] {logging_mixin.py:188} INFO - [2025-11-16T20:29:23.077+0000] {dagbag.py:538} INFO - Filling up the DagBag from /opt/airflow/dags/dataset_analysis_dag.py
[2025-11-16T20:29:25.732+0000] {processor.py:840} INFO - DAG(s) 'dataset_analysis_dag' retrieved from /opt/airflow/dags/dataset_analysis_dag.py
[2025-11-16T20:29:25.799+0000] {logging_mixin.py:188} INFO - [2025-11-16T20:29:25.798+0000] {dag.py:3036} INFO - Sync 1 DAGs
[2025-11-16T20:29:25.823+0000] {logging_mixin.py:188} INFO - [2025-11-16T20:29:25.823+0000] {dag.py:3823} INFO - Setting next_dagrun for dataset_analysis_dag to None, run_after=None
[2025-11-16T20:29:25.886+0000] {processor.py:183} INFO - Processing /opt/airflow/dags/dataset_analysis_dag.py took 2.817 seconds
[2025-11-16T20:29:50.879+0000] {processor.py:161} INFO - Started process (PID=1705) to work on /opt/airflow/dags/dataset_analysis_dag.py
[2025-11-16T20:29:50.880+0000] {processor.py:830} INFO - Processing file /opt/airflow/dags/dataset_analysis_dag.py for tasks to queue
[2025-11-16T20:29:50.881+0000] {logging_mixin.py:188} INFO - [2025-11-16T20:29:50.881+0000] {dagbag.py:538} INFO - Filling up the DagBag from /opt/airflow/dags/dataset_analysis_dag.py
[2025-11-16T20:29:52.713+0000] {processor.py:840} INFO - DAG(s) 'dataset_analysis_dag' retrieved from /opt/airflow/dags/dataset_analysis_dag.py
[2025-11-16T20:29:52.747+0000] {logging_mixin.py:188} INFO - [2025-11-16T20:29:52.746+0000] {taskinstance.py:2700} ERROR - {'DAG Id': 'dataset_analysis_dag', 'Task Id': 'load_data', 'Run Id': 'manual__2025-11-16T20:29:13.380976+00:00', 'Hostname': 'c93439d3ffc6', 'External Executor Id': '33bb5451-9759-4a17-a0ac-fdf77de2bbe6'}
[2025-11-16T20:29:52.778+0000] {logging_mixin.py:188} INFO - [2025-11-16T20:29:52.777+0000] {taskinstance.py:1138} INFO - Marking task as UP_FOR_RETRY. dag_id=dataset_analysis_dag, task_id=load_data, execution_date=20251116T202913, start_date=20251116T202932, end_date=20251116T202952
[2025-11-16T20:29:52.793+0000] {processor.py:791} INFO - Executed failure callback for <TaskInstance: dataset_analysis_dag.load_data manual__2025-11-16T20:29:13.380976+00:00 [up_for_retry]> in state up_for_retry
[2025-11-16T20:29:52.813+0000] {logging_mixin.py:188} INFO - [2025-11-16T20:29:52.813+0000] {dag.py:3036} INFO - Sync 1 DAGs
[2025-11-16T20:29:52.830+0000] {logging_mixin.py:188} INFO - [2025-11-16T20:29:52.829+0000] {dag.py:3823} INFO - Setting next_dagrun for dataset_analysis_dag to None, run_after=None
[2025-11-16T20:29:52.860+0000] {processor.py:183} INFO - Processing /opt/airflow/dags/dataset_analysis_dag.py took 1.988 seconds
[2025-11-16T20:30:23.037+0000] {processor.py:161} INFO - Started process (PID=1793) to work on /opt/airflow/dags/dataset_analysis_dag.py
[2025-11-16T20:30:23.039+0000] {processor.py:830} INFO - Processing file /opt/airflow/dags/dataset_analysis_dag.py for tasks to queue
[2025-11-16T20:30:23.042+0000] {logging_mixin.py:188} INFO - [2025-11-16T20:30:23.042+0000] {dagbag.py:538} INFO - Filling up the DagBag from /opt/airflow/dags/dataset_analysis_dag.py
[2025-11-16T20:30:23.955+0000] {processor.py:840} INFO - DAG(s) 'dataset_analysis_dag' retrieved from /opt/airflow/dags/dataset_analysis_dag.py
[2025-11-16T20:30:23.985+0000] {logging_mixin.py:188} INFO - [2025-11-16T20:30:23.982+0000] {dag.py:3036} INFO - Sync 1 DAGs
[2025-11-16T20:30:23.999+0000] {logging_mixin.py:188} INFO - [2025-11-16T20:30:23.999+0000] {dag.py:3823} INFO - Setting next_dagrun for dataset_analysis_dag to None, run_after=None
[2025-11-16T20:30:24.030+0000] {processor.py:183} INFO - Processing /opt/airflow/dags/dataset_analysis_dag.py took 0.995 seconds
[2025-11-16T20:30:41.719+0000] {processor.py:161} INFO - Started process (PID=1826) to work on /opt/airflow/dags/dataset_analysis_dag.py
[2025-11-16T20:30:41.720+0000] {processor.py:830} INFO - Processing file /opt/airflow/dags/dataset_analysis_dag.py for tasks to queue
[2025-11-16T20:30:41.722+0000] {logging_mixin.py:188} INFO - [2025-11-16T20:30:41.721+0000] {dagbag.py:538} INFO - Filling up the DagBag from /opt/airflow/dags/dataset_analysis_dag.py
[2025-11-16T20:30:51.422+0000] {processor.py:840} INFO - DAG(s) 'dataset_analysis_dag' retrieved from /opt/airflow/dags/dataset_analysis_dag.py
[2025-11-16T20:30:51.448+0000] {logging_mixin.py:188} INFO - [2025-11-16T20:30:51.447+0000] {taskinstance.py:2700} ERROR - {'DAG Id': 'dataset_analysis_dag', 'Task Id': 'load_data', 'Run Id': 'manual__2025-11-16T20:29:13.380976+00:00', 'Hostname': 'c93439d3ffc6', 'External Executor Id': '2baaeb3e-7710-4258-b704-d776e2eb5048'}
[2025-11-16T20:30:52.189+0000] {logging_mixin.py:188} INFO - [2025-11-16T20:30:52.189+0000] {taskinstance.py:1138} INFO - Marking task as UP_FOR_RETRY. dag_id=dataset_analysis_dag, task_id=load_data, execution_date=20251116T202913, start_date=20251116T203025, end_date=20251116T203051
[2025-11-16T20:30:52.211+0000] {processor.py:791} INFO - Executed failure callback for <TaskInstance: dataset_analysis_dag.load_data manual__2025-11-16T20:29:13.380976+00:00 [up_for_retry]> in state up_for_retry
[2025-11-16T20:30:52.554+0000] {logging_mixin.py:188} INFO - [2025-11-16T20:30:52.553+0000] {dag.py:3036} INFO - Sync 1 DAGs
[2025-11-16T20:30:52.565+0000] {logging_mixin.py:188} INFO - [2025-11-16T20:30:52.565+0000] {dag.py:3823} INFO - Setting next_dagrun for dataset_analysis_dag to None, run_after=None
[2025-11-16T20:30:52.808+0000] {processor.py:183} INFO - Processing /opt/airflow/dags/dataset_analysis_dag.py took 11.095 seconds
[2025-11-16T20:30:52.877+0000] {processor.py:161} INFO - Started process (PID=1847) to work on /opt/airflow/dags/dataset_analysis_dag.py
[2025-11-16T20:30:52.878+0000] {processor.py:830} INFO - Processing file /opt/airflow/dags/dataset_analysis_dag.py for tasks to queue
[2025-11-16T20:30:52.880+0000] {logging_mixin.py:188} INFO - [2025-11-16T20:30:52.879+0000] {dagbag.py:538} INFO - Filling up the DagBag from /opt/airflow/dags/dataset_analysis_dag.py
[2025-11-16T20:30:53.766+0000] {processor.py:840} INFO - DAG(s) 'dataset_analysis_dag' retrieved from /opt/airflow/dags/dataset_analysis_dag.py
[2025-11-16T20:30:53.798+0000] {logging_mixin.py:188} INFO - [2025-11-16T20:30:53.798+0000] {taskinstance.py:2700} ERROR - {'DAG Id': 'dataset_analysis_dag', 'Task Id': 'load_data', 'Run Id': 'manual__2025-11-16T20:29:13.380976+00:00', 'Hostname': 'c93439d3ffc6', 'External Executor Id': '2baaeb3e-7710-4258-b704-d776e2eb5048'}
[2025-11-16T20:30:53.818+0000] {logging_mixin.py:188} INFO - [2025-11-16T20:30:53.816+0000] {taskinstance.py:1138} INFO - Marking task as UP_FOR_RETRY. dag_id=dataset_analysis_dag, task_id=load_data, execution_date=20251116T202913, start_date=20251116T203025, end_date=20251116T203053
[2025-11-16T20:30:53.833+0000] {processor.py:791} INFO - Executed failure callback for <TaskInstance: dataset_analysis_dag.load_data manual__2025-11-16T20:29:13.380976+00:00 [up_for_retry]> in state up_for_retry
[2025-11-16T20:30:54.354+0000] {logging_mixin.py:188} INFO - [2025-11-16T20:30:54.354+0000] {dag.py:3036} INFO - Sync 1 DAGs
[2025-11-16T20:30:54.392+0000] {logging_mixin.py:188} INFO - [2025-11-16T20:30:54.390+0000] {dag.py:3823} INFO - Setting next_dagrun for dataset_analysis_dag to None, run_after=None
[2025-11-16T20:30:55.008+0000] {processor.py:183} INFO - Processing /opt/airflow/dags/dataset_analysis_dag.py took 2.137 seconds
[2025-11-16T20:31:25.657+0000] {processor.py:161} INFO - Started process (PID=1935) to work on /opt/airflow/dags/dataset_analysis_dag.py
[2025-11-16T20:31:25.659+0000] {processor.py:830} INFO - Processing file /opt/airflow/dags/dataset_analysis_dag.py for tasks to queue
[2025-11-16T20:31:25.662+0000] {logging_mixin.py:188} INFO - [2025-11-16T20:31:25.662+0000] {dagbag.py:538} INFO - Filling up the DagBag from /opt/airflow/dags/dataset_analysis_dag.py
[2025-11-16T20:31:27.023+0000] {processor.py:840} INFO - DAG(s) 'dataset_analysis_dag' retrieved from /opt/airflow/dags/dataset_analysis_dag.py
[2025-11-16T20:31:27.067+0000] {logging_mixin.py:188} INFO - [2025-11-16T20:31:27.066+0000] {dag.py:3036} INFO - Sync 1 DAGs
[2025-11-16T20:31:27.089+0000] {logging_mixin.py:188} INFO - [2025-11-16T20:31:27.089+0000] {dag.py:3823} INFO - Setting next_dagrun for dataset_analysis_dag to None, run_after=None
[2025-11-16T20:31:27.130+0000] {processor.py:183} INFO - Processing /opt/airflow/dags/dataset_analysis_dag.py took 1.477 seconds
[2025-11-16T20:31:42.842+0000] {processor.py:161} INFO - Started process (PID=1993) to work on /opt/airflow/dags/dataset_analysis_dag.py
[2025-11-16T20:31:42.843+0000] {processor.py:830} INFO - Processing file /opt/airflow/dags/dataset_analysis_dag.py for tasks to queue
[2025-11-16T20:31:42.844+0000] {logging_mixin.py:188} INFO - [2025-11-16T20:31:42.844+0000] {dagbag.py:538} INFO - Filling up the DagBag from /opt/airflow/dags/dataset_analysis_dag.py
[2025-11-16T20:31:44.490+0000] {processor.py:840} INFO - DAG(s) 'dataset_analysis_dag' retrieved from /opt/airflow/dags/dataset_analysis_dag.py
[2025-11-16T20:31:44.534+0000] {logging_mixin.py:188} INFO - [2025-11-16T20:31:44.533+0000] {taskinstance.py:2700} ERROR - {'DAG Id': 'dataset_analysis_dag', 'Task Id': 'load_data', 'Run Id': 'manual__2025-11-16T20:29:13.380976+00:00', 'Hostname': 'c93439d3ffc6', 'External Executor Id': '3b263e30-8676-45ff-9915-970dffcb86a5'}
[2025-11-16T20:31:44.557+0000] {logging_mixin.py:188} INFO - [2025-11-16T20:31:44.557+0000] {taskinstance.py:1138} INFO - Marking task as UP_FOR_RETRY. dag_id=dataset_analysis_dag, task_id=load_data, execution_date=20251116T202913, start_date=20251116T203127, end_date=20251116T203144
[2025-11-16T20:31:44.574+0000] {processor.py:791} INFO - Executed failure callback for <TaskInstance: dataset_analysis_dag.load_data manual__2025-11-16T20:29:13.380976+00:00 [up_for_retry]> in state up_for_retry
[2025-11-16T20:31:44.599+0000] {logging_mixin.py:188} INFO - [2025-11-16T20:31:44.598+0000] {dag.py:3036} INFO - Sync 1 DAGs
[2025-11-16T20:31:44.612+0000] {logging_mixin.py:188} INFO - [2025-11-16T20:31:44.612+0000] {dag.py:3823} INFO - Setting next_dagrun for dataset_analysis_dag to None, run_after=None
[2025-11-16T20:31:44.644+0000] {processor.py:183} INFO - Processing /opt/airflow/dags/dataset_analysis_dag.py took 1.809 seconds
[2025-11-16T20:32:14.769+0000] {processor.py:161} INFO - Started process (PID=2077) to work on /opt/airflow/dags/dataset_analysis_dag.py
[2025-11-16T20:32:14.772+0000] {processor.py:830} INFO - Processing file /opt/airflow/dags/dataset_analysis_dag.py for tasks to queue
[2025-11-16T20:32:14.774+0000] {logging_mixin.py:188} INFO - [2025-11-16T20:32:14.774+0000] {dagbag.py:538} INFO - Filling up the DagBag from /opt/airflow/dags/dataset_analysis_dag.py
[2025-11-16T20:32:15.698+0000] {processor.py:840} INFO - DAG(s) 'dataset_analysis_dag' retrieved from /opt/airflow/dags/dataset_analysis_dag.py
[2025-11-16T20:32:15.725+0000] {logging_mixin.py:188} INFO - [2025-11-16T20:32:15.725+0000] {dag.py:3036} INFO - Sync 1 DAGs
[2025-11-16T20:32:15.741+0000] {logging_mixin.py:188} INFO - [2025-11-16T20:32:15.741+0000] {dag.py:3823} INFO - Setting next_dagrun for dataset_analysis_dag to None, run_after=None
[2025-11-16T20:32:15.770+0000] {processor.py:183} INFO - Processing /opt/airflow/dags/dataset_analysis_dag.py took 1.004 seconds
[2025-11-16T20:32:50.186+0000] {processor.py:161} INFO - Started process (PID=2145) to work on /opt/airflow/dags/dataset_analysis_dag.py
[2025-11-16T20:32:50.188+0000] {processor.py:830} INFO - Processing file /opt/airflow/dags/dataset_analysis_dag.py for tasks to queue
[2025-11-16T20:32:50.190+0000] {logging_mixin.py:188} INFO - [2025-11-16T20:32:50.189+0000] {dagbag.py:538} INFO - Filling up the DagBag from /opt/airflow/dags/dataset_analysis_dag.py
[2025-11-16T20:32:51.460+0000] {processor.py:840} INFO - DAG(s) 'dataset_analysis_dag' retrieved from /opt/airflow/dags/dataset_analysis_dag.py
[2025-11-16T20:32:51.493+0000] {logging_mixin.py:188} INFO - [2025-11-16T20:32:51.493+0000] {dag.py:3036} INFO - Sync 1 DAGs
[2025-11-16T20:32:51.511+0000] {logging_mixin.py:188} INFO - [2025-11-16T20:32:51.510+0000] {dag.py:3823} INFO - Setting next_dagrun for dataset_analysis_dag to None, run_after=None
[2025-11-16T20:32:51.539+0000] {processor.py:183} INFO - Processing /opt/airflow/dags/dataset_analysis_dag.py took 1.358 seconds
[2025-11-16T20:32:55.946+0000] {processor.py:161} INFO - Started process (PID=2165) to work on /opt/airflow/dags/dataset_analysis_dag.py
[2025-11-16T20:32:55.947+0000] {processor.py:830} INFO - Processing file /opt/airflow/dags/dataset_analysis_dag.py for tasks to queue
[2025-11-16T20:32:55.948+0000] {logging_mixin.py:188} INFO - [2025-11-16T20:32:55.947+0000] {dagbag.py:538} INFO - Filling up the DagBag from /opt/airflow/dags/dataset_analysis_dag.py
[2025-11-16T20:32:56.939+0000] {processor.py:840} INFO - DAG(s) 'dataset_analysis_dag' retrieved from /opt/airflow/dags/dataset_analysis_dag.py
[2025-11-16T20:32:56.971+0000] {logging_mixin.py:188} INFO - [2025-11-16T20:32:56.970+0000] {taskinstance.py:2700} ERROR - {'DAG Id': 'dataset_analysis_dag', 'Task Id': 'load_data', 'Run Id': 'manual__2025-11-16T20:29:13.380976+00:00', 'Hostname': 'c93439d3ffc6', 'External Executor Id': '8643ceb2-1a7a-42bf-b0c0-317846cb4c45'}
[2025-11-16T20:32:56.995+0000] {logging_mixin.py:188} INFO - [2025-11-16T20:32:56.994+0000] {taskinstance.py:1138} INFO - Marking task as FAILED. dag_id=dataset_analysis_dag, task_id=load_data, execution_date=20251116T202913, start_date=20251116T203217, end_date=20251116T203256
[2025-11-16T20:32:57.007+0000] {processor.py:791} INFO - Executed failure callback for <TaskInstance: dataset_analysis_dag.load_data manual__2025-11-16T20:29:13.380976+00:00 [failed]> in state failed
[2025-11-16T20:32:57.026+0000] {logging_mixin.py:188} INFO - [2025-11-16T20:32:57.025+0000] {dag.py:3036} INFO - Sync 1 DAGs
[2025-11-16T20:32:57.040+0000] {logging_mixin.py:188} INFO - [2025-11-16T20:32:57.039+0000] {dag.py:3823} INFO - Setting next_dagrun for dataset_analysis_dag to None, run_after=None
[2025-11-16T20:32:57.074+0000] {processor.py:183} INFO - Processing /opt/airflow/dags/dataset_analysis_dag.py took 1.135 seconds
[2025-11-16T20:33:27.723+0000] {processor.py:161} INFO - Started process (PID=2254) to work on /opt/airflow/dags/dataset_analysis_dag.py
[2025-11-16T20:33:27.724+0000] {processor.py:830} INFO - Processing file /opt/airflow/dags/dataset_analysis_dag.py for tasks to queue
[2025-11-16T20:33:27.725+0000] {logging_mixin.py:188} INFO - [2025-11-16T20:33:27.725+0000] {dagbag.py:538} INFO - Filling up the DagBag from /opt/airflow/dags/dataset_analysis_dag.py
[2025-11-16T20:33:28.475+0000] {processor.py:840} INFO - DAG(s) 'dataset_analysis_dag' retrieved from /opt/airflow/dags/dataset_analysis_dag.py
[2025-11-16T20:33:28.499+0000] {logging_mixin.py:188} INFO - [2025-11-16T20:33:28.498+0000] {dag.py:3036} INFO - Sync 1 DAGs
[2025-11-16T20:33:28.510+0000] {logging_mixin.py:188} INFO - [2025-11-16T20:33:28.509+0000] {dag.py:3823} INFO - Setting next_dagrun for dataset_analysis_dag to None, run_after=None
[2025-11-16T20:33:28.532+0000] {processor.py:183} INFO - Processing /opt/airflow/dags/dataset_analysis_dag.py took 0.812 seconds
[2025-11-16T20:33:59.156+0000] {processor.py:161} INFO - Started process (PID=2335) to work on /opt/airflow/dags/dataset_analysis_dag.py
[2025-11-16T20:33:59.157+0000] {processor.py:830} INFO - Processing file /opt/airflow/dags/dataset_analysis_dag.py for tasks to queue
[2025-11-16T20:33:59.159+0000] {logging_mixin.py:188} INFO - [2025-11-16T20:33:59.158+0000] {dagbag.py:538} INFO - Filling up the DagBag from /opt/airflow/dags/dataset_analysis_dag.py
[2025-11-16T20:33:59.637+0000] {processor.py:840} INFO - DAG(s) 'dataset_analysis_dag' retrieved from /opt/airflow/dags/dataset_analysis_dag.py
[2025-11-16T20:33:59.661+0000] {logging_mixin.py:188} INFO - [2025-11-16T20:33:59.661+0000] {dag.py:3036} INFO - Sync 1 DAGs
[2025-11-16T20:33:59.673+0000] {logging_mixin.py:188} INFO - [2025-11-16T20:33:59.673+0000] {dag.py:3823} INFO - Setting next_dagrun for dataset_analysis_dag to None, run_after=None
[2025-11-16T20:33:59.809+0000] {processor.py:183} INFO - Processing /opt/airflow/dags/dataset_analysis_dag.py took 0.655 seconds
[2025-11-16T20:34:30.422+0000] {processor.py:161} INFO - Started process (PID=2432) to work on /opt/airflow/dags/dataset_analysis_dag.py
[2025-11-16T20:34:30.423+0000] {processor.py:830} INFO - Processing file /opt/airflow/dags/dataset_analysis_dag.py for tasks to queue
[2025-11-16T20:34:30.424+0000] {logging_mixin.py:188} INFO - [2025-11-16T20:34:30.424+0000] {dagbag.py:538} INFO - Filling up the DagBag from /opt/airflow/dags/dataset_analysis_dag.py
[2025-11-16T20:34:31.019+0000] {processor.py:840} INFO - DAG(s) 'dataset_analysis_dag' retrieved from /opt/airflow/dags/dataset_analysis_dag.py
[2025-11-16T20:34:31.040+0000] {logging_mixin.py:188} INFO - [2025-11-16T20:34:31.039+0000] {dag.py:3036} INFO - Sync 1 DAGs
[2025-11-16T20:34:31.050+0000] {logging_mixin.py:188} INFO - [2025-11-16T20:34:31.050+0000] {dag.py:3823} INFO - Setting next_dagrun for dataset_analysis_dag to None, run_after=None
[2025-11-16T20:34:31.070+0000] {processor.py:183} INFO - Processing /opt/airflow/dags/dataset_analysis_dag.py took 0.650 seconds
[2025-11-16T20:35:01.436+0000] {processor.py:161} INFO - Started process (PID=2513) to work on /opt/airflow/dags/dataset_analysis_dag.py
[2025-11-16T20:35:01.436+0000] {processor.py:830} INFO - Processing file /opt/airflow/dags/dataset_analysis_dag.py for tasks to queue
[2025-11-16T20:35:01.437+0000] {logging_mixin.py:188} INFO - [2025-11-16T20:35:01.437+0000] {dagbag.py:538} INFO - Filling up the DagBag from /opt/airflow/dags/dataset_analysis_dag.py
[2025-11-16T20:35:02.056+0000] {processor.py:840} INFO - DAG(s) 'dataset_analysis_dag' retrieved from /opt/airflow/dags/dataset_analysis_dag.py
[2025-11-16T20:35:02.078+0000] {logging_mixin.py:188} INFO - [2025-11-16T20:35:02.077+0000] {dag.py:3036} INFO - Sync 1 DAGs
[2025-11-16T20:35:02.087+0000] {logging_mixin.py:188} INFO - [2025-11-16T20:35:02.087+0000] {dag.py:3823} INFO - Setting next_dagrun for dataset_analysis_dag to None, run_after=None
[2025-11-16T20:35:02.108+0000] {processor.py:183} INFO - Processing /opt/airflow/dags/dataset_analysis_dag.py took 0.676 seconds
[2025-11-16T20:35:32.809+0000] {processor.py:161} INFO - Started process (PID=2601) to work on /opt/airflow/dags/dataset_analysis_dag.py
[2025-11-16T20:35:32.810+0000] {processor.py:830} INFO - Processing file /opt/airflow/dags/dataset_analysis_dag.py for tasks to queue
[2025-11-16T20:35:32.812+0000] {logging_mixin.py:188} INFO - [2025-11-16T20:35:32.811+0000] {dagbag.py:538} INFO - Filling up the DagBag from /opt/airflow/dags/dataset_analysis_dag.py
[2025-11-16T20:35:34.111+0000] {processor.py:840} INFO - DAG(s) 'dataset_analysis_dag' retrieved from /opt/airflow/dags/dataset_analysis_dag.py
[2025-11-16T20:35:34.140+0000] {logging_mixin.py:188} INFO - [2025-11-16T20:35:34.139+0000] {dag.py:3036} INFO - Sync 1 DAGs
[2025-11-16T20:35:34.155+0000] {logging_mixin.py:188} INFO - [2025-11-16T20:35:34.155+0000] {dag.py:3823} INFO - Setting next_dagrun for dataset_analysis_dag to None, run_after=None
[2025-11-16T20:35:34.185+0000] {processor.py:183} INFO - Processing /opt/airflow/dags/dataset_analysis_dag.py took 1.382 seconds
[2025-11-16T20:36:04.456+0000] {processor.py:161} INFO - Started process (PID=2690) to work on /opt/airflow/dags/dataset_analysis_dag.py
[2025-11-16T20:36:04.459+0000] {processor.py:830} INFO - Processing file /opt/airflow/dags/dataset_analysis_dag.py for tasks to queue
[2025-11-16T20:36:04.463+0000] {logging_mixin.py:188} INFO - [2025-11-16T20:36:04.463+0000] {dagbag.py:538} INFO - Filling up the DagBag from /opt/airflow/dags/dataset_analysis_dag.py
[2025-11-16T20:36:05.908+0000] {processor.py:840} INFO - DAG(s) 'dataset_analysis_dag' retrieved from /opt/airflow/dags/dataset_analysis_dag.py
[2025-11-16T20:36:06.333+0000] {logging_mixin.py:188} INFO - [2025-11-16T20:36:06.332+0000] {dag.py:3036} INFO - Sync 1 DAGs
[2025-11-16T20:36:06.374+0000] {logging_mixin.py:188} INFO - [2025-11-16T20:36:06.373+0000] {dag.py:3823} INFO - Setting next_dagrun for dataset_analysis_dag to None, run_after=None
[2025-11-16T20:36:06.429+0000] {processor.py:183} INFO - Processing /opt/airflow/dags/dataset_analysis_dag.py took 1.980 seconds
[2025-11-16T20:36:18.043+0000] {processor.py:161} INFO - Started process (PID=2699) to work on /opt/airflow/dags/dataset_analysis_dag.py
[2025-11-16T20:36:18.044+0000] {processor.py:830} INFO - Processing file /opt/airflow/dags/dataset_analysis_dag.py for tasks to queue
[2025-11-16T20:36:18.049+0000] {logging_mixin.py:188} INFO - [2025-11-16T20:36:18.048+0000] {dagbag.py:538} INFO - Filling up the DagBag from /opt/airflow/dags/dataset_analysis_dag.py
[2025-11-16T20:36:19.782+0000] {processor.py:840} INFO - DAG(s) 'dataset_analysis_dag' retrieved from /opt/airflow/dags/dataset_analysis_dag.py
[2025-11-16T20:36:19.819+0000] {logging_mixin.py:188} INFO - [2025-11-16T20:36:19.819+0000] {taskinstance.py:2700} ERROR - {'DAG Id': 'dataset_analysis_dag', 'Task Id': 'load_data', 'Run Id': 'manual__2025-11-16T20:35:55.048043+00:00', 'Hostname': 'c93439d3ffc6', 'External Executor Id': 'ee3a8c66-b627-4814-a15b-d1c16bebfbae'}
[2025-11-16T20:36:19.849+0000] {logging_mixin.py:188} INFO - [2025-11-16T20:36:19.848+0000] {taskinstance.py:1138} INFO - Marking task as UP_FOR_RETRY. dag_id=dataset_analysis_dag, task_id=load_data, execution_date=20251116T203555, start_date=20251116T203559, end_date=20251116T203619
[2025-11-16T20:36:19.864+0000] {processor.py:791} INFO - Executed failure callback for <TaskInstance: dataset_analysis_dag.load_data manual__2025-11-16T20:35:55.048043+00:00 [up_for_retry]> in state up_for_retry
[2025-11-16T20:36:19.888+0000] {logging_mixin.py:188} INFO - [2025-11-16T20:36:19.887+0000] {dag.py:3036} INFO - Sync 1 DAGs
[2025-11-16T20:36:19.907+0000] {logging_mixin.py:188} INFO - [2025-11-16T20:36:19.907+0000] {dag.py:3823} INFO - Setting next_dagrun for dataset_analysis_dag to None, run_after=None
[2025-11-16T20:36:19.943+0000] {processor.py:183} INFO - Processing /opt/airflow/dags/dataset_analysis_dag.py took 1.905 seconds
[2025-11-16T20:36:50.163+0000] {processor.py:161} INFO - Started process (PID=2789) to work on /opt/airflow/dags/dataset_analysis_dag.py
[2025-11-16T20:36:50.164+0000] {processor.py:830} INFO - Processing file /opt/airflow/dags/dataset_analysis_dag.py for tasks to queue
[2025-11-16T20:36:50.166+0000] {logging_mixin.py:188} INFO - [2025-11-16T20:36:50.165+0000] {dagbag.py:538} INFO - Filling up the DagBag from /opt/airflow/dags/dataset_analysis_dag.py
[2025-11-16T20:36:51.225+0000] {processor.py:840} INFO - DAG(s) 'dataset_analysis_dag' retrieved from /opt/airflow/dags/dataset_analysis_dag.py
[2025-11-16T20:36:51.252+0000] {logging_mixin.py:188} INFO - [2025-11-16T20:36:51.251+0000] {dag.py:3036} INFO - Sync 1 DAGs
[2025-11-16T20:36:51.265+0000] {logging_mixin.py:188} INFO - [2025-11-16T20:36:51.264+0000] {dag.py:3823} INFO - Setting next_dagrun for dataset_analysis_dag to None, run_after=None
[2025-11-16T20:36:51.296+0000] {processor.py:183} INFO - Processing /opt/airflow/dags/dataset_analysis_dag.py took 1.141 seconds
[2025-11-16T20:37:21.529+0000] {processor.py:161} INFO - Started process (PID=2850) to work on /opt/airflow/dags/dataset_analysis_dag.py
[2025-11-16T20:37:21.530+0000] {processor.py:830} INFO - Processing file /opt/airflow/dags/dataset_analysis_dag.py for tasks to queue
[2025-11-16T20:37:21.535+0000] {logging_mixin.py:188} INFO - [2025-11-16T20:37:21.531+0000] {dagbag.py:538} INFO - Filling up the DagBag from /opt/airflow/dags/dataset_analysis_dag.py
[2025-11-16T20:37:23.439+0000] {processor.py:840} INFO - DAG(s) 'dataset_analysis_dag' retrieved from /opt/airflow/dags/dataset_analysis_dag.py
[2025-11-16T20:37:23.474+0000] {logging_mixin.py:188} INFO - [2025-11-16T20:37:23.473+0000] {dag.py:3036} INFO - Sync 1 DAGs
[2025-11-16T20:37:23.502+0000] {logging_mixin.py:188} INFO - [2025-11-16T20:37:23.501+0000] {dag.py:3823} INFO - Setting next_dagrun for dataset_analysis_dag to None, run_after=None
[2025-11-16T20:37:23.528+0000] {processor.py:183} INFO - Processing /opt/airflow/dags/dataset_analysis_dag.py took 2.008 seconds
[2025-11-16T20:37:31.720+0000] {processor.py:161} INFO - Started process (PID=2882) to work on /opt/airflow/dags/dataset_analysis_dag.py
[2025-11-16T20:37:31.721+0000] {processor.py:830} INFO - Processing file /opt/airflow/dags/dataset_analysis_dag.py for tasks to queue
[2025-11-16T20:37:31.726+0000] {logging_mixin.py:188} INFO - [2025-11-16T20:37:31.724+0000] {dagbag.py:538} INFO - Filling up the DagBag from /opt/airflow/dags/dataset_analysis_dag.py
[2025-11-16T20:37:33.154+0000] {processor.py:840} INFO - DAG(s) 'dataset_analysis_dag' retrieved from /opt/airflow/dags/dataset_analysis_dag.py
[2025-11-16T20:37:33.204+0000] {logging_mixin.py:188} INFO - [2025-11-16T20:37:33.203+0000] {taskinstance.py:2700} ERROR - {'DAG Id': 'dataset_analysis_dag', 'Task Id': 'load_data', 'Run Id': 'manual__2025-11-16T20:35:55.048043+00:00', 'Hostname': 'c93439d3ffc6', 'External Executor Id': '1741a42d-338b-4297-ab00-7a072334187c'}
[2025-11-16T20:37:33.230+0000] {logging_mixin.py:188} INFO - [2025-11-16T20:37:33.230+0000] {taskinstance.py:1138} INFO - Marking task as UP_FOR_RETRY. dag_id=dataset_analysis_dag, task_id=load_data, execution_date=20251116T203555, start_date=20251116T203652, end_date=20251116T203733
[2025-11-16T20:37:33.242+0000] {processor.py:791} INFO - Executed failure callback for <TaskInstance: dataset_analysis_dag.load_data manual__2025-11-16T20:35:55.048043+00:00 [up_for_retry]> in state up_for_retry
[2025-11-16T20:37:33.260+0000] {logging_mixin.py:188} INFO - [2025-11-16T20:37:33.260+0000] {dag.py:3036} INFO - Sync 1 DAGs
[2025-11-16T20:37:33.272+0000] {logging_mixin.py:188} INFO - [2025-11-16T20:37:33.272+0000] {dag.py:3823} INFO - Setting next_dagrun for dataset_analysis_dag to None, run_after=None
[2025-11-16T20:37:33.305+0000] {processor.py:183} INFO - Processing /opt/airflow/dags/dataset_analysis_dag.py took 1.590 seconds
[2025-11-16T20:38:03.442+0000] {processor.py:161} INFO - Started process (PID=2969) to work on /opt/airflow/dags/dataset_analysis_dag.py
[2025-11-16T20:38:03.443+0000] {processor.py:830} INFO - Processing file /opt/airflow/dags/dataset_analysis_dag.py for tasks to queue
[2025-11-16T20:38:03.444+0000] {logging_mixin.py:188} INFO - [2025-11-16T20:38:03.444+0000] {dagbag.py:538} INFO - Filling up the DagBag from /opt/airflow/dags/dataset_analysis_dag.py
[2025-11-16T20:38:04.548+0000] {processor.py:840} INFO - DAG(s) 'dataset_analysis_dag' retrieved from /opt/airflow/dags/dataset_analysis_dag.py
[2025-11-16T20:38:04.585+0000] {logging_mixin.py:188} INFO - [2025-11-16T20:38:04.584+0000] {dag.py:3036} INFO - Sync 1 DAGs
[2025-11-16T20:38:04.600+0000] {logging_mixin.py:188} INFO - [2025-11-16T20:38:04.600+0000] {dag.py:3823} INFO - Setting next_dagrun for dataset_analysis_dag to None, run_after=None
[2025-11-16T20:38:04.633+0000] {processor.py:183} INFO - Processing /opt/airflow/dags/dataset_analysis_dag.py took 1.195 seconds
[2025-11-16T20:38:21.899+0000] {processor.py:161} INFO - Started process (PID=3011) to work on /opt/airflow/dags/dataset_analysis_dag.py
[2025-11-16T20:38:21.900+0000] {processor.py:830} INFO - Processing file /opt/airflow/dags/dataset_analysis_dag.py for tasks to queue
[2025-11-16T20:38:21.905+0000] {logging_mixin.py:188} INFO - [2025-11-16T20:38:21.902+0000] {dagbag.py:538} INFO - Filling up the DagBag from /opt/airflow/dags/dataset_analysis_dag.py
[2025-11-16T20:38:23.383+0000] {processor.py:840} INFO - DAG(s) 'dataset_analysis_dag' retrieved from /opt/airflow/dags/dataset_analysis_dag.py
[2025-11-16T20:38:23.414+0000] {logging_mixin.py:188} INFO - [2025-11-16T20:38:23.412+0000] {taskinstance.py:2700} ERROR - {'DAG Id': 'dataset_analysis_dag', 'Task Id': 'load_data', 'Run Id': 'manual__2025-11-16T20:35:55.048043+00:00', 'Hostname': 'c93439d3ffc6', 'External Executor Id': 'c84e0003-01d4-44bc-976e-8094db29d438'}
[2025-11-16T20:38:23.436+0000] {logging_mixin.py:188} INFO - [2025-11-16T20:38:23.436+0000] {taskinstance.py:1138} INFO - Marking task as UP_FOR_RETRY. dag_id=dataset_analysis_dag, task_id=load_data, execution_date=20251116T203555, start_date=20251116T203806, end_date=20251116T203823
[2025-11-16T20:38:23.626+0000] {processor.py:791} INFO - Executed failure callback for <TaskInstance: dataset_analysis_dag.load_data manual__2025-11-16T20:35:55.048043+00:00 [up_for_retry]> in state up_for_retry
[2025-11-16T20:38:23.647+0000] {logging_mixin.py:188} INFO - [2025-11-16T20:38:23.646+0000] {dag.py:3036} INFO - Sync 1 DAGs
[2025-11-16T20:38:23.662+0000] {logging_mixin.py:188} INFO - [2025-11-16T20:38:23.662+0000] {dag.py:3823} INFO - Setting next_dagrun for dataset_analysis_dag to None, run_after=None
[2025-11-16T20:38:23.705+0000] {processor.py:183} INFO - Processing /opt/airflow/dags/dataset_analysis_dag.py took 1.812 seconds
[2025-11-16T20:38:54.115+0000] {processor.py:161} INFO - Started process (PID=3103) to work on /opt/airflow/dags/dataset_analysis_dag.py
[2025-11-16T20:38:54.116+0000] {processor.py:830} INFO - Processing file /opt/airflow/dags/dataset_analysis_dag.py for tasks to queue
[2025-11-16T20:38:54.117+0000] {logging_mixin.py:188} INFO - [2025-11-16T20:38:54.117+0000] {dagbag.py:538} INFO - Filling up the DagBag from /opt/airflow/dags/dataset_analysis_dag.py
[2025-11-16T20:38:54.868+0000] {processor.py:840} INFO - DAG(s) 'dataset_analysis_dag' retrieved from /opt/airflow/dags/dataset_analysis_dag.py
[2025-11-16T20:38:54.896+0000] {logging_mixin.py:188} INFO - [2025-11-16T20:38:54.895+0000] {dag.py:3036} INFO - Sync 1 DAGs
[2025-11-16T20:38:55.097+0000] {logging_mixin.py:188} INFO - [2025-11-16T20:38:55.097+0000] {dag.py:3823} INFO - Setting next_dagrun for dataset_analysis_dag to None, run_after=None
[2025-11-16T20:38:55.129+0000] {processor.py:183} INFO - Processing /opt/airflow/dags/dataset_analysis_dag.py took 1.020 seconds
[2025-11-16T20:39:04.286+0000] {processor.py:161} INFO - Started process (PID=3126) to work on /opt/airflow/dags/dataset_analysis_dag.py
[2025-11-16T20:39:04.288+0000] {processor.py:830} INFO - Processing file /opt/airflow/dags/dataset_analysis_dag.py for tasks to queue
[2025-11-16T20:39:04.294+0000] {logging_mixin.py:188} INFO - [2025-11-16T20:39:04.289+0000] {dagbag.py:538} INFO - Filling up the DagBag from /opt/airflow/dags/dataset_analysis_dag.py
[2025-11-16T20:39:22.161+0000] {processor.py:840} INFO - DAG(s) 'dataset_analysis_dag' retrieved from /opt/airflow/dags/dataset_analysis_dag.py
[2025-11-16T20:39:22.200+0000] {logging_mixin.py:188} INFO - [2025-11-16T20:39:22.197+0000] {dag.py:3036} INFO - Sync 1 DAGs
[2025-11-16T20:39:22.217+0000] {logging_mixin.py:188} INFO - [2025-11-16T20:39:22.217+0000] {dag.py:3823} INFO - Setting next_dagrun for dataset_analysis_dag to None, run_after=None
[2025-11-16T20:39:22.293+0000] {processor.py:183} INFO - Processing /opt/airflow/dags/dataset_analysis_dag.py took 18.023 seconds
[2025-11-16T20:39:26.071+0000] {processor.py:161} INFO - Started process (PID=3173) to work on /opt/airflow/dags/dataset_analysis_dag.py
[2025-11-16T20:39:26.072+0000] {processor.py:830} INFO - Processing file /opt/airflow/dags/dataset_analysis_dag.py for tasks to queue
[2025-11-16T20:39:26.074+0000] {logging_mixin.py:188} INFO - [2025-11-16T20:39:26.073+0000] {dagbag.py:538} INFO - Filling up the DagBag from /opt/airflow/dags/dataset_analysis_dag.py
[2025-11-16T20:39:27.350+0000] {processor.py:840} INFO - DAG(s) 'dataset_analysis_dag' retrieved from /opt/airflow/dags/dataset_analysis_dag.py
[2025-11-16T20:39:27.385+0000] {logging_mixin.py:188} INFO - [2025-11-16T20:39:27.384+0000] {dag.py:3036} INFO - Sync 1 DAGs
[2025-11-16T20:39:27.410+0000] {logging_mixin.py:188} INFO - [2025-11-16T20:39:27.410+0000] {dag.py:3823} INFO - Setting next_dagrun for dataset_analysis_dag to None, run_after=None
[2025-11-16T20:39:27.452+0000] {processor.py:183} INFO - Processing /opt/airflow/dags/dataset_analysis_dag.py took 1.387 seconds
[2025-11-16T20:39:30.729+0000] {processor.py:161} INFO - Started process (PID=3191) to work on /opt/airflow/dags/dataset_analysis_dag.py
[2025-11-16T20:39:30.730+0000] {processor.py:830} INFO - Processing file /opt/airflow/dags/dataset_analysis_dag.py for tasks to queue
[2025-11-16T20:39:30.731+0000] {logging_mixin.py:188} INFO - [2025-11-16T20:39:30.730+0000] {dagbag.py:538} INFO - Filling up the DagBag from /opt/airflow/dags/dataset_analysis_dag.py
[2025-11-16T20:39:31.599+0000] {processor.py:840} INFO - DAG(s) 'dataset_analysis_dag' retrieved from /opt/airflow/dags/dataset_analysis_dag.py
[2025-11-16T20:39:31.630+0000] {logging_mixin.py:188} INFO - [2025-11-16T20:39:31.629+0000] {taskinstance.py:2700} ERROR - {'DAG Id': 'dataset_analysis_dag', 'Task Id': 'load_data', 'Run Id': 'manual__2025-11-16T20:35:55.048043+00:00', 'Hostname': 'c93439d3ffc6', 'External Executor Id': '81c90093-bf82-4461-9375-6796202d166d'}
[2025-11-16T20:39:31.653+0000] {logging_mixin.py:188} INFO - [2025-11-16T20:39:31.653+0000] {taskinstance.py:1138} INFO - Marking task as FAILED. dag_id=dataset_analysis_dag, task_id=load_data, execution_date=20251116T203555, start_date=20251116T203856, end_date=20251116T203931
[2025-11-16T20:39:31.664+0000] {processor.py:791} INFO - Executed failure callback for <TaskInstance: dataset_analysis_dag.load_data manual__2025-11-16T20:35:55.048043+00:00 [failed]> in state failed
[2025-11-16T20:39:31.683+0000] {logging_mixin.py:188} INFO - [2025-11-16T20:39:31.682+0000] {dag.py:3036} INFO - Sync 1 DAGs
[2025-11-16T20:39:31.695+0000] {logging_mixin.py:188} INFO - [2025-11-16T20:39:31.695+0000] {dag.py:3823} INFO - Setting next_dagrun for dataset_analysis_dag to None, run_after=None
[2025-11-16T20:39:31.730+0000] {processor.py:183} INFO - Processing /opt/airflow/dags/dataset_analysis_dag.py took 1.005 seconds
[2025-11-16T20:39:31.952+0000] {processor.py:161} INFO - Started process (PID=3194) to work on /opt/airflow/dags/dataset_analysis_dag.py
[2025-11-16T20:39:31.953+0000] {processor.py:830} INFO - Processing file /opt/airflow/dags/dataset_analysis_dag.py for tasks to queue
[2025-11-16T20:39:31.957+0000] {logging_mixin.py:188} INFO - [2025-11-16T20:39:31.957+0000] {dagbag.py:538} INFO - Filling up the DagBag from /opt/airflow/dags/dataset_analysis_dag.py
[2025-11-16T20:39:32.959+0000] {processor.py:840} INFO - DAG(s) 'dataset_analysis_dag' retrieved from /opt/airflow/dags/dataset_analysis_dag.py
[2025-11-16T20:39:32.983+0000] {logging_mixin.py:188} INFO - [2025-11-16T20:39:32.983+0000] {dag.py:3036} INFO - Sync 1 DAGs
[2025-11-16T20:39:32.996+0000] {logging_mixin.py:188} INFO - [2025-11-16T20:39:32.996+0000] {dag.py:3823} INFO - Setting next_dagrun for dataset_analysis_dag to None, run_after=None
[2025-11-16T20:39:33.034+0000] {processor.py:183} INFO - Processing /opt/airflow/dags/dataset_analysis_dag.py took 1.085 seconds
[2025-11-16T20:39:55.895+0000] {processor.py:161} INFO - Started process (PID=3255) to work on /opt/airflow/dags/dataset_analysis_dag.py
[2025-11-16T20:39:55.896+0000] {processor.py:830} INFO - Processing file /opt/airflow/dags/dataset_analysis_dag.py for tasks to queue
[2025-11-16T20:39:55.898+0000] {logging_mixin.py:188} INFO - [2025-11-16T20:39:55.897+0000] {dagbag.py:538} INFO - Filling up the DagBag from /opt/airflow/dags/dataset_analysis_dag.py
[2025-11-16T20:39:56.812+0000] {processor.py:840} INFO - DAG(s) 'dataset_analysis_dag' retrieved from /opt/airflow/dags/dataset_analysis_dag.py
[2025-11-16T20:39:56.832+0000] {logging_mixin.py:188} INFO - [2025-11-16T20:39:56.832+0000] {dag.py:3036} INFO - Sync 1 DAGs
[2025-11-16T20:39:56.842+0000] {logging_mixin.py:188} INFO - [2025-11-16T20:39:56.842+0000] {dag.py:3823} INFO - Setting next_dagrun for dataset_analysis_dag to None, run_after=None
[2025-11-16T20:39:56.873+0000] {processor.py:183} INFO - Processing /opt/airflow/dags/dataset_analysis_dag.py took 0.984 seconds
[2025-11-16T20:42:15.219+0000] {processor.py:161} INFO - Started process (PID=103) to work on /opt/airflow/dags/dataset_analysis_dag.py
[2025-11-16T20:42:15.221+0000] {processor.py:830} INFO - Processing file /opt/airflow/dags/dataset_analysis_dag.py for tasks to queue
[2025-11-16T20:42:15.223+0000] {logging_mixin.py:188} INFO - [2025-11-16T20:42:15.222+0000] {dagbag.py:538} INFO - Filling up the DagBag from /opt/airflow/dags/dataset_analysis_dag.py
[2025-11-16T20:42:18.621+0000] {logging_mixin.py:188} INFO - [2025-11-16T20:42:18.621+0000] {font_manager.py:1547} INFO - generated new fontManager
[2025-11-16T20:42:19.098+0000] {processor.py:840} INFO - DAG(s) 'dataset_analysis_dag' retrieved from /opt/airflow/dags/dataset_analysis_dag.py
[2025-11-16T20:42:19.467+0000] {logging_mixin.py:188} INFO - [2025-11-16T20:42:19.464+0000] {dag.py:3036} INFO - Sync 1 DAGs
[2025-11-16T20:42:19.515+0000] {logging_mixin.py:188} INFO - [2025-11-16T20:42:19.515+0000] {dag.py:3823} INFO - Setting next_dagrun for dataset_analysis_dag to None, run_after=None
[2025-11-16T20:42:19.566+0000] {processor.py:183} INFO - Processing /opt/airflow/dags/dataset_analysis_dag.py took 4.353 seconds
[2025-11-16T20:42:50.113+0000] {processor.py:161} INFO - Started process (PID=189) to work on /opt/airflow/dags/dataset_analysis_dag.py
[2025-11-16T20:42:50.114+0000] {processor.py:830} INFO - Processing file /opt/airflow/dags/dataset_analysis_dag.py for tasks to queue
[2025-11-16T20:42:50.116+0000] {logging_mixin.py:188} INFO - [2025-11-16T20:42:50.115+0000] {dagbag.py:538} INFO - Filling up the DagBag from /opt/airflow/dags/dataset_analysis_dag.py
[2025-11-16T20:42:51.343+0000] {processor.py:840} INFO - DAG(s) 'dataset_analysis_dag' retrieved from /opt/airflow/dags/dataset_analysis_dag.py
[2025-11-16T20:42:51.368+0000] {logging_mixin.py:188} INFO - [2025-11-16T20:42:51.367+0000] {dag.py:3036} INFO - Sync 1 DAGs
[2025-11-16T20:42:51.379+0000] {logging_mixin.py:188} INFO - [2025-11-16T20:42:51.378+0000] {dag.py:3823} INFO - Setting next_dagrun for dataset_analysis_dag to None, run_after=None
[2025-11-16T20:42:51.406+0000] {processor.py:183} INFO - Processing /opt/airflow/dags/dataset_analysis_dag.py took 1.299 seconds
[2025-11-16T20:43:25.172+0000] {processor.py:161} INFO - Started process (PID=274) to work on /opt/airflow/dags/dataset_analysis_dag.py
[2025-11-16T20:43:25.173+0000] {processor.py:830} INFO - Processing file /opt/airflow/dags/dataset_analysis_dag.py for tasks to queue
[2025-11-16T20:43:25.175+0000] {logging_mixin.py:188} INFO - [2025-11-16T20:43:25.174+0000] {dagbag.py:538} INFO - Filling up the DagBag from /opt/airflow/dags/dataset_analysis_dag.py
[2025-11-16T20:43:25.773+0000] {processor.py:840} INFO - DAG(s) 'dataset_analysis_dag' retrieved from /opt/airflow/dags/dataset_analysis_dag.py
[2025-11-16T20:43:25.800+0000] {logging_mixin.py:188} INFO - [2025-11-16T20:43:25.800+0000] {dag.py:3036} INFO - Sync 1 DAGs
[2025-11-16T20:43:25.812+0000] {logging_mixin.py:188} INFO - [2025-11-16T20:43:25.811+0000] {dag.py:3823} INFO - Setting next_dagrun for dataset_analysis_dag to None, run_after=None
[2025-11-16T20:43:25.835+0000] {processor.py:183} INFO - Processing /opt/airflow/dags/dataset_analysis_dag.py took 0.666 seconds
[2025-11-16T20:43:56.074+0000] {processor.py:161} INFO - Started process (PID=354) to work on /opt/airflow/dags/dataset_analysis_dag.py
[2025-11-16T20:43:56.075+0000] {processor.py:830} INFO - Processing file /opt/airflow/dags/dataset_analysis_dag.py for tasks to queue
[2025-11-16T20:43:56.076+0000] {logging_mixin.py:188} INFO - [2025-11-16T20:43:56.076+0000] {dagbag.py:538} INFO - Filling up the DagBag from /opt/airflow/dags/dataset_analysis_dag.py
[2025-11-16T20:43:56.829+0000] {processor.py:840} INFO - DAG(s) 'dataset_analysis_dag' retrieved from /opt/airflow/dags/dataset_analysis_dag.py
[2025-11-16T20:43:56.853+0000] {logging_mixin.py:188} INFO - [2025-11-16T20:43:56.853+0000] {dag.py:3036} INFO - Sync 1 DAGs
[2025-11-16T20:43:56.866+0000] {logging_mixin.py:188} INFO - [2025-11-16T20:43:56.865+0000] {dag.py:3823} INFO - Setting next_dagrun for dataset_analysis_dag to None, run_after=None
[2025-11-16T20:43:56.888+0000] {processor.py:183} INFO - Processing /opt/airflow/dags/dataset_analysis_dag.py took 0.816 seconds
[2025-11-16T20:44:27.626+0000] {processor.py:161} INFO - Started process (PID=453) to work on /opt/airflow/dags/dataset_analysis_dag.py
[2025-11-16T20:44:27.628+0000] {processor.py:830} INFO - Processing file /opt/airflow/dags/dataset_analysis_dag.py for tasks to queue
[2025-11-16T20:44:27.630+0000] {logging_mixin.py:188} INFO - [2025-11-16T20:44:27.629+0000] {dagbag.py:538} INFO - Filling up the DagBag from /opt/airflow/dags/dataset_analysis_dag.py
[2025-11-16T20:44:29.684+0000] {processor.py:840} INFO - DAG(s) 'dataset_analysis_dag' retrieved from /opt/airflow/dags/dataset_analysis_dag.py
[2025-11-16T20:44:30.145+0000] {logging_mixin.py:188} INFO - [2025-11-16T20:44:30.143+0000] {dag.py:3036} INFO - Sync 1 DAGs
[2025-11-16T20:44:30.165+0000] {logging_mixin.py:188} INFO - [2025-11-16T20:44:30.164+0000] {dag.py:3823} INFO - Setting next_dagrun for dataset_analysis_dag to None, run_after=None
[2025-11-16T20:44:30.196+0000] {processor.py:183} INFO - Processing /opt/airflow/dags/dataset_analysis_dag.py took 2.584 seconds
[2025-11-16T20:45:00.412+0000] {processor.py:161} INFO - Started process (PID=538) to work on /opt/airflow/dags/dataset_analysis_dag.py
[2025-11-16T20:45:00.413+0000] {processor.py:830} INFO - Processing file /opt/airflow/dags/dataset_analysis_dag.py for tasks to queue
[2025-11-16T20:45:00.414+0000] {logging_mixin.py:188} INFO - [2025-11-16T20:45:00.414+0000] {dagbag.py:538} INFO - Filling up the DagBag from /opt/airflow/dags/dataset_analysis_dag.py
[2025-11-16T20:45:01.241+0000] {processor.py:840} INFO - DAG(s) 'dataset_analysis_dag' retrieved from /opt/airflow/dags/dataset_analysis_dag.py
[2025-11-16T20:45:01.268+0000] {logging_mixin.py:188} INFO - [2025-11-16T20:45:01.267+0000] {dag.py:3036} INFO - Sync 1 DAGs
[2025-11-16T20:45:01.286+0000] {logging_mixin.py:188} INFO - [2025-11-16T20:45:01.285+0000] {dag.py:3823} INFO - Setting next_dagrun for dataset_analysis_dag to None, run_after=None
[2025-11-16T20:45:01.310+0000] {processor.py:183} INFO - Processing /opt/airflow/dags/dataset_analysis_dag.py took 0.903 seconds
[2025-11-16T20:45:31.447+0000] {processor.py:161} INFO - Started process (PID=633) to work on /opt/airflow/dags/dataset_analysis_dag.py
[2025-11-16T20:45:31.448+0000] {processor.py:830} INFO - Processing file /opt/airflow/dags/dataset_analysis_dag.py for tasks to queue
[2025-11-16T20:45:31.449+0000] {logging_mixin.py:188} INFO - [2025-11-16T20:45:31.449+0000] {dagbag.py:538} INFO - Filling up the DagBag from /opt/airflow/dags/dataset_analysis_dag.py
[2025-11-16T20:45:32.227+0000] {processor.py:840} INFO - DAG(s) 'dataset_analysis_dag' retrieved from /opt/airflow/dags/dataset_analysis_dag.py
[2025-11-16T20:45:32.254+0000] {logging_mixin.py:188} INFO - [2025-11-16T20:45:32.253+0000] {dag.py:3036} INFO - Sync 1 DAGs
[2025-11-16T20:45:32.266+0000] {logging_mixin.py:188} INFO - [2025-11-16T20:45:32.265+0000] {dag.py:3823} INFO - Setting next_dagrun for dataset_analysis_dag to None, run_after=None
[2025-11-16T20:45:32.293+0000] {processor.py:183} INFO - Processing /opt/airflow/dags/dataset_analysis_dag.py took 0.850 seconds
[2025-11-16T20:46:02.782+0000] {processor.py:161} INFO - Started process (PID=721) to work on /opt/airflow/dags/dataset_analysis_dag.py
[2025-11-16T20:46:02.783+0000] {processor.py:830} INFO - Processing file /opt/airflow/dags/dataset_analysis_dag.py for tasks to queue
[2025-11-16T20:46:02.784+0000] {logging_mixin.py:188} INFO - [2025-11-16T20:46:02.783+0000] {dagbag.py:538} INFO - Filling up the DagBag from /opt/airflow/dags/dataset_analysis_dag.py
[2025-11-16T20:46:03.456+0000] {processor.py:840} INFO - DAG(s) 'dataset_analysis_dag' retrieved from /opt/airflow/dags/dataset_analysis_dag.py
[2025-11-16T20:46:03.478+0000] {logging_mixin.py:188} INFO - [2025-11-16T20:46:03.477+0000] {dag.py:3036} INFO - Sync 1 DAGs
[2025-11-16T20:46:03.490+0000] {logging_mixin.py:188} INFO - [2025-11-16T20:46:03.490+0000] {dag.py:3823} INFO - Setting next_dagrun for dataset_analysis_dag to None, run_after=None
[2025-11-16T20:46:03.512+0000] {processor.py:183} INFO - Processing /opt/airflow/dags/dataset_analysis_dag.py took 0.733 seconds
[2025-11-16T20:46:34.406+0000] {processor.py:161} INFO - Started process (PID=815) to work on /opt/airflow/dags/dataset_analysis_dag.py
[2025-11-16T20:46:34.407+0000] {processor.py:830} INFO - Processing file /opt/airflow/dags/dataset_analysis_dag.py for tasks to queue
[2025-11-16T20:46:34.409+0000] {logging_mixin.py:188} INFO - [2025-11-16T20:46:34.408+0000] {dagbag.py:538} INFO - Filling up the DagBag from /opt/airflow/dags/dataset_analysis_dag.py
[2025-11-16T20:46:35.341+0000] {processor.py:840} INFO - DAG(s) 'dataset_analysis_dag' retrieved from /opt/airflow/dags/dataset_analysis_dag.py
[2025-11-16T20:46:35.362+0000] {logging_mixin.py:188} INFO - [2025-11-16T20:46:35.362+0000] {dag.py:3036} INFO - Sync 1 DAGs
[2025-11-16T20:46:35.378+0000] {logging_mixin.py:188} INFO - [2025-11-16T20:46:35.378+0000] {dag.py:3823} INFO - Setting next_dagrun for dataset_analysis_dag to None, run_after=None
[2025-11-16T20:46:35.407+0000] {processor.py:183} INFO - Processing /opt/airflow/dags/dataset_analysis_dag.py took 1.005 seconds
[2025-11-16T20:47:06.112+0000] {processor.py:161} INFO - Started process (PID=907) to work on /opt/airflow/dags/dataset_analysis_dag.py
[2025-11-16T20:47:06.112+0000] {processor.py:830} INFO - Processing file /opt/airflow/dags/dataset_analysis_dag.py for tasks to queue
[2025-11-16T20:47:06.114+0000] {logging_mixin.py:188} INFO - [2025-11-16T20:47:06.113+0000] {dagbag.py:538} INFO - Filling up the DagBag from /opt/airflow/dags/dataset_analysis_dag.py
[2025-11-16T20:47:06.779+0000] {processor.py:840} INFO - DAG(s) 'dataset_analysis_dag' retrieved from /opt/airflow/dags/dataset_analysis_dag.py
[2025-11-16T20:47:06.798+0000] {logging_mixin.py:188} INFO - [2025-11-16T20:47:06.798+0000] {dag.py:3036} INFO - Sync 1 DAGs
[2025-11-16T20:47:06.808+0000] {logging_mixin.py:188} INFO - [2025-11-16T20:47:06.808+0000] {dag.py:3823} INFO - Setting next_dagrun for dataset_analysis_dag to None, run_after=None
[2025-11-16T20:47:06.830+0000] {processor.py:183} INFO - Processing /opt/airflow/dags/dataset_analysis_dag.py took 0.722 seconds
[2025-11-16T20:47:37.638+0000] {processor.py:161} INFO - Started process (PID=999) to work on /opt/airflow/dags/dataset_analysis_dag.py
[2025-11-16T20:47:37.639+0000] {processor.py:830} INFO - Processing file /opt/airflow/dags/dataset_analysis_dag.py for tasks to queue
[2025-11-16T20:47:37.642+0000] {logging_mixin.py:188} INFO - [2025-11-16T20:47:37.641+0000] {dagbag.py:538} INFO - Filling up the DagBag from /opt/airflow/dags/dataset_analysis_dag.py
[2025-11-16T20:47:38.652+0000] {processor.py:840} INFO - DAG(s) 'dataset_analysis_dag' retrieved from /opt/airflow/dags/dataset_analysis_dag.py
[2025-11-16T20:47:38.685+0000] {logging_mixin.py:188} INFO - [2025-11-16T20:47:38.684+0000] {dag.py:3036} INFO - Sync 1 DAGs
[2025-11-16T20:47:38.704+0000] {logging_mixin.py:188} INFO - [2025-11-16T20:47:38.704+0000] {dag.py:3823} INFO - Setting next_dagrun for dataset_analysis_dag to None, run_after=None
[2025-11-16T20:47:38.735+0000] {processor.py:183} INFO - Processing /opt/airflow/dags/dataset_analysis_dag.py took 1.101 seconds
[2025-11-16T20:48:08.918+0000] {processor.py:161} INFO - Started process (PID=1087) to work on /opt/airflow/dags/dataset_analysis_dag.py
[2025-11-16T20:48:08.918+0000] {processor.py:830} INFO - Processing file /opt/airflow/dags/dataset_analysis_dag.py for tasks to queue
[2025-11-16T20:48:08.920+0000] {logging_mixin.py:188} INFO - [2025-11-16T20:48:08.919+0000] {dagbag.py:538} INFO - Filling up the DagBag from /opt/airflow/dags/dataset_analysis_dag.py
[2025-11-16T20:48:09.715+0000] {processor.py:840} INFO - DAG(s) 'dataset_analysis_dag' retrieved from /opt/airflow/dags/dataset_analysis_dag.py
[2025-11-16T20:48:09.736+0000] {logging_mixin.py:188} INFO - [2025-11-16T20:48:09.736+0000] {dag.py:3036} INFO - Sync 1 DAGs
[2025-11-16T20:48:09.747+0000] {logging_mixin.py:188} INFO - [2025-11-16T20:48:09.746+0000] {dag.py:3823} INFO - Setting next_dagrun for dataset_analysis_dag to None, run_after=None
[2025-11-16T20:48:09.768+0000] {processor.py:183} INFO - Processing /opt/airflow/dags/dataset_analysis_dag.py took 0.853 seconds
[2025-11-16T20:48:39.961+0000] {processor.py:161} INFO - Started process (PID=1168) to work on /opt/airflow/dags/dataset_analysis_dag.py
[2025-11-16T20:48:39.962+0000] {processor.py:830} INFO - Processing file /opt/airflow/dags/dataset_analysis_dag.py for tasks to queue
[2025-11-16T20:48:39.963+0000] {logging_mixin.py:188} INFO - [2025-11-16T20:48:39.963+0000] {dagbag.py:538} INFO - Filling up the DagBag from /opt/airflow/dags/dataset_analysis_dag.py
[2025-11-16T20:48:41.555+0000] {processor.py:840} INFO - DAG(s) 'dataset_analysis_dag' retrieved from /opt/airflow/dags/dataset_analysis_dag.py
[2025-11-16T20:48:41.591+0000] {logging_mixin.py:188} INFO - [2025-11-16T20:48:41.590+0000] {dag.py:3036} INFO - Sync 1 DAGs
[2025-11-16T20:48:41.609+0000] {logging_mixin.py:188} INFO - [2025-11-16T20:48:41.608+0000] {dag.py:3823} INFO - Setting next_dagrun for dataset_analysis_dag to None, run_after=None
[2025-11-16T20:48:41.644+0000] {processor.py:183} INFO - Processing /opt/airflow/dags/dataset_analysis_dag.py took 1.687 seconds
[2025-11-16T20:49:13.837+0000] {processor.py:161} INFO - Started process (PID=1230) to work on /opt/airflow/dags/dataset_analysis_dag.py
[2025-11-16T20:49:13.846+0000] {processor.py:830} INFO - Processing file /opt/airflow/dags/dataset_analysis_dag.py for tasks to queue
[2025-11-16T20:49:13.851+0000] {logging_mixin.py:188} INFO - [2025-11-16T20:49:13.849+0000] {dagbag.py:538} INFO - Filling up the DagBag from /opt/airflow/dags/dataset_analysis_dag.py
[2025-11-16T20:49:16.748+0000] {processor.py:840} INFO - DAG(s) 'dataset_analysis_dag' retrieved from /opt/airflow/dags/dataset_analysis_dag.py
[2025-11-16T20:49:16.797+0000] {logging_mixin.py:188} INFO - [2025-11-16T20:49:16.796+0000] {dag.py:3036} INFO - Sync 1 DAGs
[2025-11-16T20:49:16.822+0000] {logging_mixin.py:188} INFO - [2025-11-16T20:49:16.821+0000] {dag.py:3823} INFO - Setting next_dagrun for dataset_analysis_dag to None, run_after=None
[2025-11-16T20:49:16.867+0000] {processor.py:183} INFO - Processing /opt/airflow/dags/dataset_analysis_dag.py took 3.121 seconds
[2025-11-16T20:50:02.606+0000] {processor.py:161} INFO - Started process (PID=1306) to work on /opt/airflow/dags/dataset_analysis_dag.py
[2025-11-16T20:50:02.611+0000] {processor.py:830} INFO - Processing file /opt/airflow/dags/dataset_analysis_dag.py for tasks to queue
[2025-11-16T20:50:02.616+0000] {logging_mixin.py:188} INFO - [2025-11-16T20:50:02.614+0000] {dagbag.py:538} INFO - Filling up the DagBag from /opt/airflow/dags/dataset_analysis_dag.py
[2025-11-16T20:50:04.891+0000] {processor.py:840} INFO - DAG(s) 'dataset_analysis_dag' retrieved from /opt/airflow/dags/dataset_analysis_dag.py
[2025-11-16T20:50:04.942+0000] {logging_mixin.py:188} INFO - [2025-11-16T20:50:04.941+0000] {dag.py:3036} INFO - Sync 1 DAGs
[2025-11-16T20:50:04.963+0000] {logging_mixin.py:188} INFO - [2025-11-16T20:50:04.963+0000] {dag.py:3823} INFO - Setting next_dagrun for dataset_analysis_dag to None, run_after=None
[2025-11-16T20:50:05.006+0000] {processor.py:183} INFO - Processing /opt/airflow/dags/dataset_analysis_dag.py took 2.416 seconds
[2025-11-16T20:50:13.116+0000] {processor.py:161} INFO - Started process (PID=1364) to work on /opt/airflow/dags/dataset_analysis_dag.py
[2025-11-16T20:50:13.117+0000] {processor.py:830} INFO - Processing file /opt/airflow/dags/dataset_analysis_dag.py for tasks to queue
[2025-11-16T20:50:13.118+0000] {logging_mixin.py:188} INFO - [2025-11-16T20:50:13.118+0000] {dagbag.py:538} INFO - Filling up the DagBag from /opt/airflow/dags/dataset_analysis_dag.py
[2025-11-16T20:50:14.039+0000] {processor.py:840} INFO - DAG(s) 'dataset_analysis_dag' retrieved from /opt/airflow/dags/dataset_analysis_dag.py
[2025-11-16T20:50:14.072+0000] {logging_mixin.py:188} INFO - [2025-11-16T20:50:14.069+0000] {taskinstance.py:2700} ERROR - {'DAG Id': 'dataset_analysis_dag', 'Task Id': 'descriptive_stats', 'Run Id': 'manual__2025-11-16T20:48:39.714589+00:00', 'Hostname': 'bf501a25d773', 'External Executor Id': '42719fa3-9998-4802-a796-f42167cdb55c'}
[2025-11-16T20:50:14.097+0000] {logging_mixin.py:188} INFO - [2025-11-16T20:50:14.097+0000] {taskinstance.py:1138} INFO - Marking task as UP_FOR_RETRY. dag_id=dataset_analysis_dag, task_id=descriptive_stats, execution_date=20251116T204839, start_date=20251116T204940, end_date=20251116T205014
[2025-11-16T20:50:14.117+0000] {processor.py:791} INFO - Executed failure callback for <TaskInstance: dataset_analysis_dag.descriptive_stats manual__2025-11-16T20:48:39.714589+00:00 [up_for_retry]> in state up_for_retry
[2025-11-16T20:50:14.135+0000] {logging_mixin.py:188} INFO - [2025-11-16T20:50:14.135+0000] {dag.py:3036} INFO - Sync 1 DAGs
[2025-11-16T20:50:14.150+0000] {logging_mixin.py:188} INFO - [2025-11-16T20:50:14.150+0000] {dag.py:3823} INFO - Setting next_dagrun for dataset_analysis_dag to None, run_after=None
[2025-11-16T20:50:14.183+0000] {processor.py:183} INFO - Processing /opt/airflow/dags/dataset_analysis_dag.py took 1.071 seconds
[2025-11-16T22:59:24.753+0000] {processor.py:161} INFO - Started process (PID=1380) to work on /opt/airflow/dags/dataset_analysis_dag.py
[2025-11-16T22:59:24.960+0000] {processor.py:830} INFO - Processing file /opt/airflow/dags/dataset_analysis_dag.py for tasks to queue
[2025-11-16T22:59:25.133+0000] {logging_mixin.py:188} INFO - [2025-11-16T22:59:25.112+0000] {dagbag.py:538} INFO - Filling up the DagBag from /opt/airflow/dags/dataset_analysis_dag.py
[2025-11-16T23:16:36.565+0000] {processor.py:161} INFO - Started process (PID=1453) to work on /opt/airflow/dags/dataset_analysis_dag.py
[2025-11-16T23:16:36.570+0000] {processor.py:830} INFO - Processing file /opt/airflow/dags/dataset_analysis_dag.py for tasks to queue
[2025-11-16T23:16:36.577+0000] {logging_mixin.py:188} INFO - [2025-11-16T23:16:36.572+0000] {dagbag.py:538} INFO - Filling up the DagBag from /opt/airflow/dags/dataset_analysis_dag.py
[2025-11-16T23:16:44.897+0000] {processor.py:840} INFO - DAG(s) 'dataset_analysis_dag' retrieved from /opt/airflow/dags/dataset_analysis_dag.py
[2025-11-16T23:16:44.941+0000] {logging_mixin.py:188} INFO - [2025-11-16T23:16:44.939+0000] {dag.py:3036} INFO - Sync 1 DAGs
[2025-11-16T23:16:44.964+0000] {logging_mixin.py:188} INFO - [2025-11-16T23:16:44.964+0000] {dag.py:3823} INFO - Setting next_dagrun for dataset_analysis_dag to None, run_after=None
[2025-11-16T23:16:45.008+0000] {processor.py:183} INFO - Processing /opt/airflow/dags/dataset_analysis_dag.py took 8.485 seconds
[2025-11-16T23:16:46.112+0000] {processor.py:161} INFO - Started process (PID=1470) to work on /opt/airflow/dags/dataset_analysis_dag.py
[2025-11-16T23:16:46.112+0000] {processor.py:830} INFO - Processing file /opt/airflow/dags/dataset_analysis_dag.py for tasks to queue
[2025-11-16T23:16:46.114+0000] {logging_mixin.py:188} INFO - [2025-11-16T23:16:46.113+0000] {dagbag.py:538} INFO - Filling up the DagBag from /opt/airflow/dags/dataset_analysis_dag.py
[2025-11-16T23:16:47.325+0000] {processor.py:840} INFO - DAG(s) 'dataset_analysis_dag' retrieved from /opt/airflow/dags/dataset_analysis_dag.py
[2025-11-16T23:16:47.377+0000] {logging_mixin.py:188} INFO - [2025-11-16T23:16:47.376+0000] {taskinstance.py:2700} ERROR - {'DAG Id': 'dataset_analysis_dag', 'Task Id': 'descriptive_stats', 'Run Id': 'manual__2025-11-16T20:48:39.714589+00:00', 'Hostname': 'bf501a25d773', 'External Executor Id': '70e2c67d-7fdd-4a34-b5e5-8cb1549fd47e'}
[2025-11-16T23:16:47.420+0000] {logging_mixin.py:188} INFO - [2025-11-16T23:16:47.419+0000] {taskinstance.py:1138} INFO - Marking task as UP_FOR_RETRY. dag_id=dataset_analysis_dag, task_id=descriptive_stats, execution_date=20251116T204839, start_date=20251116T231623, end_date=20251116T231647
[2025-11-16T23:16:47.722+0000] {processor.py:791} INFO - Executed failure callback for <TaskInstance: dataset_analysis_dag.descriptive_stats manual__2025-11-16T20:48:39.714589+00:00 [up_for_retry]> in state up_for_retry
[2025-11-16T23:16:47.752+0000] {logging_mixin.py:188} INFO - [2025-11-16T23:16:47.748+0000] {dag.py:3036} INFO - Sync 1 DAGs
[2025-11-16T23:16:47.774+0000] {logging_mixin.py:188} INFO - [2025-11-16T23:16:47.774+0000] {dag.py:3823} INFO - Setting next_dagrun for dataset_analysis_dag to None, run_after=None
[2025-11-16T23:16:47.818+0000] {processor.py:183} INFO - Processing /opt/airflow/dags/dataset_analysis_dag.py took 1.710 seconds
[2025-11-16T23:17:19.032+0000] {processor.py:161} INFO - Started process (PID=1556) to work on /opt/airflow/dags/dataset_analysis_dag.py
[2025-11-16T23:17:19.038+0000] {processor.py:830} INFO - Processing file /opt/airflow/dags/dataset_analysis_dag.py for tasks to queue
[2025-11-16T23:17:19.040+0000] {logging_mixin.py:188} INFO - [2025-11-16T23:17:19.040+0000] {dagbag.py:538} INFO - Filling up the DagBag from /opt/airflow/dags/dataset_analysis_dag.py
[2025-11-16T23:17:21.477+0000] {processor.py:840} INFO - DAG(s) 'dataset_analysis_dag' retrieved from /opt/airflow/dags/dataset_analysis_dag.py
[2025-11-16T23:17:21.521+0000] {logging_mixin.py:188} INFO - [2025-11-16T23:17:21.520+0000] {dag.py:3036} INFO - Sync 1 DAGs
[2025-11-16T23:17:21.549+0000] {logging_mixin.py:188} INFO - [2025-11-16T23:17:21.548+0000] {dag.py:3823} INFO - Setting next_dagrun for dataset_analysis_dag to None, run_after=None
[2025-11-16T23:17:21.594+0000] {processor.py:183} INFO - Processing /opt/airflow/dags/dataset_analysis_dag.py took 2.573 seconds
[2025-11-16T23:17:52.356+0000] {processor.py:161} INFO - Started process (PID=1609) to work on /opt/airflow/dags/dataset_analysis_dag.py
[2025-11-16T23:17:52.357+0000] {processor.py:830} INFO - Processing file /opt/airflow/dags/dataset_analysis_dag.py for tasks to queue
[2025-11-16T23:17:52.359+0000] {logging_mixin.py:188} INFO - [2025-11-16T23:17:52.358+0000] {dagbag.py:538} INFO - Filling up the DagBag from /opt/airflow/dags/dataset_analysis_dag.py
[2025-11-16T23:17:54.907+0000] {processor.py:840} INFO - DAG(s) 'dataset_analysis_dag' retrieved from /opt/airflow/dags/dataset_analysis_dag.py
[2025-11-16T23:17:54.946+0000] {logging_mixin.py:188} INFO - [2025-11-16T23:17:54.943+0000] {dag.py:3036} INFO - Sync 1 DAGs
[2025-11-16T23:17:54.967+0000] {logging_mixin.py:188} INFO - [2025-11-16T23:17:54.967+0000] {dag.py:3823} INFO - Setting next_dagrun for dataset_analysis_dag to None, run_after=None
[2025-11-16T23:17:55.011+0000] {processor.py:183} INFO - Processing /opt/airflow/dags/dataset_analysis_dag.py took 2.702 seconds
[2025-11-16T23:18:02.918+0000] {processor.py:161} INFO - Started process (PID=1668) to work on /opt/airflow/dags/dataset_analysis_dag.py
[2025-11-16T23:18:02.922+0000] {processor.py:830} INFO - Processing file /opt/airflow/dags/dataset_analysis_dag.py for tasks to queue
[2025-11-16T23:18:02.924+0000] {logging_mixin.py:188} INFO - [2025-11-16T23:18:02.923+0000] {dagbag.py:538} INFO - Filling up the DagBag from /opt/airflow/dags/dataset_analysis_dag.py
[2025-11-16T23:18:04.160+0000] {processor.py:840} INFO - DAG(s) 'dataset_analysis_dag' retrieved from /opt/airflow/dags/dataset_analysis_dag.py
[2025-11-16T23:18:04.202+0000] {logging_mixin.py:188} INFO - [2025-11-16T23:18:04.202+0000] {taskinstance.py:2700} ERROR - {'DAG Id': 'dataset_analysis_dag', 'Task Id': 'descriptive_stats', 'Run Id': 'manual__2025-11-16T20:48:39.714589+00:00', 'Hostname': 'bf501a25d773', 'External Executor Id': '40cff122-161f-414c-b018-9082097e4b46'}
[2025-11-16T23:18:04.234+0000] {logging_mixin.py:188} INFO - [2025-11-16T23:18:04.234+0000] {taskinstance.py:1138} INFO - Marking task as UP_FOR_RETRY. dag_id=dataset_analysis_dag, task_id=descriptive_stats, execution_date=20251116T204839, start_date=20251116T231726, end_date=20251116T231804
[2025-11-16T23:18:04.252+0000] {processor.py:791} INFO - Executed failure callback for <TaskInstance: dataset_analysis_dag.descriptive_stats manual__2025-11-16T20:48:39.714589+00:00 [up_for_retry]> in state up_for_retry
[2025-11-16T23:18:04.271+0000] {logging_mixin.py:188} INFO - [2025-11-16T23:18:04.271+0000] {dag.py:3036} INFO - Sync 1 DAGs
[2025-11-16T23:18:04.285+0000] {logging_mixin.py:188} INFO - [2025-11-16T23:18:04.284+0000] {dag.py:3823} INFO - Setting next_dagrun for dataset_analysis_dag to None, run_after=None
[2025-11-16T23:18:04.314+0000] {processor.py:183} INFO - Processing /opt/airflow/dags/dataset_analysis_dag.py took 1.401 seconds
[2025-11-16T23:18:35.548+0000] {processor.py:161} INFO - Started process (PID=1764) to work on /opt/airflow/dags/dataset_analysis_dag.py
[2025-11-16T23:18:35.549+0000] {processor.py:830} INFO - Processing file /opt/airflow/dags/dataset_analysis_dag.py for tasks to queue
[2025-11-16T23:18:35.551+0000] {logging_mixin.py:188} INFO - [2025-11-16T23:18:35.550+0000] {dagbag.py:538} INFO - Filling up the DagBag from /opt/airflow/dags/dataset_analysis_dag.py
[2025-11-16T23:18:36.737+0000] {processor.py:840} INFO - DAG(s) 'dataset_analysis_dag' retrieved from /opt/airflow/dags/dataset_analysis_dag.py
[2025-11-16T23:18:36.767+0000] {logging_mixin.py:188} INFO - [2025-11-16T23:18:36.767+0000] {dag.py:3036} INFO - Sync 1 DAGs
[2025-11-16T23:18:36.780+0000] {logging_mixin.py:188} INFO - [2025-11-16T23:18:36.780+0000] {dag.py:3823} INFO - Setting next_dagrun for dataset_analysis_dag to None, run_after=None
[2025-11-16T23:18:36.811+0000] {processor.py:183} INFO - Processing /opt/airflow/dags/dataset_analysis_dag.py took 1.270 seconds
[2025-11-16T23:19:06.313+0000] {processor.py:161} INFO - Started process (PID=1825) to work on /opt/airflow/dags/dataset_analysis_dag.py
[2025-11-16T23:19:06.314+0000] {processor.py:830} INFO - Processing file /opt/airflow/dags/dataset_analysis_dag.py for tasks to queue
[2025-11-16T23:19:06.316+0000] {logging_mixin.py:188} INFO - [2025-11-16T23:19:06.315+0000] {dagbag.py:538} INFO - Filling up the DagBag from /opt/airflow/dags/dataset_analysis_dag.py
[2025-11-16T23:19:07.862+0000] {processor.py:840} INFO - DAG(s) 'dataset_analysis_dag' retrieved from /opt/airflow/dags/dataset_analysis_dag.py
[2025-11-16T23:19:07.892+0000] {logging_mixin.py:188} INFO - [2025-11-16T23:19:07.892+0000] {taskinstance.py:2700} ERROR - {'DAG Id': 'dataset_analysis_dag', 'Task Id': 'descriptive_stats', 'Run Id': 'manual__2025-11-16T20:48:39.714589+00:00', 'Hostname': 'bf501a25d773', 'External Executor Id': 'cd822655-ccb8-431a-85b2-272f879c2baa'}
[2025-11-16T23:19:07.915+0000] {logging_mixin.py:188} INFO - [2025-11-16T23:19:07.915+0000] {taskinstance.py:1138} INFO - Marking task as FAILED. dag_id=dataset_analysis_dag, task_id=descriptive_stats, execution_date=20251116T204839, start_date=20251116T231837, end_date=20251116T231907
[2025-11-16T23:19:07.927+0000] {processor.py:791} INFO - Executed failure callback for <TaskInstance: dataset_analysis_dag.descriptive_stats manual__2025-11-16T20:48:39.714589+00:00 [failed]> in state failed
[2025-11-16T23:19:07.945+0000] {logging_mixin.py:188} INFO - [2025-11-16T23:19:07.944+0000] {dag.py:3036} INFO - Sync 1 DAGs
[2025-11-16T23:19:07.957+0000] {logging_mixin.py:188} INFO - [2025-11-16T23:19:07.957+0000] {dag.py:3823} INFO - Setting next_dagrun for dataset_analysis_dag to None, run_after=None
[2025-11-16T23:19:07.983+0000] {processor.py:183} INFO - Processing /opt/airflow/dags/dataset_analysis_dag.py took 1.673 seconds
